[0.136s] Invoking command in '/home/adela/workspace/ros_ur_driver/build/ur': CMAKE_PREFIX_PATH=/home/adela/workspace/ros_ur_driver/install/ur_calibration:/home/adela/workspace/ros_ur_driver/install/ur_robot_driver:/home/adela/workspace/ros_ur_driver/install/ur_moveit_config:/home/adela/workspace/ros_ur_driver/install/ur_controllers:/home/adela/workspace/ros_ur_driver/install/ur_description:/home/adela/workspace/ros_ur_driver/install/ur_dashboard_msgs:/home/adela/workspace/ros_ur_driver/install/ur:/home/adela/workspace/ros_ur_driver/install/ur_bringup:/opt/ros/humble /usr/bin/cmake /home/adela/workspace/ros_ur_driver/src/Universal_Robots_ROS2_Driver/ur -DCMAKE_BUILD_TYPE=Release -DCMAKE_INSTALL_PREFIX=/home/adela/workspace/ros_ur_driver/install/ur
[0.153s] -- Found ament_cmake: 1.3.5 (/opt/ros/humble/share/ament_cmake/cmake)
[0.351s] -- Found ament_lint_auto: 0.12.8 (/opt/ros/humble/share/ament_lint_auto/cmake)
[0.441s] -- Added test 'lint_cmake' to check CMake code style
[0.442s] -- Added test 'xmllint' to check XML markup files
[0.443s] -- Configuring done
[0.446s] -- Generating done
[0.447s] -- Build files have been written to: /home/adela/workspace/ros_ur_driver/build/ur
[0.452s] Invoked command in '/home/adela/workspace/ros_ur_driver/build/ur' returned '0': CMAKE_PREFIX_PATH=/home/adela/workspace/ros_ur_driver/install/ur_calibration:/home/adela/workspace/ros_ur_driver/install/ur_robot_driver:/home/adela/workspace/ros_ur_driver/install/ur_moveit_config:/home/adela/workspace/ros_ur_driver/install/ur_controllers:/home/adela/workspace/ros_ur_driver/install/ur_description:/home/adela/workspace/ros_ur_driver/install/ur_dashboard_msgs:/home/adela/workspace/ros_ur_driver/install/ur:/home/adela/workspace/ros_ur_driver/install/ur_bringup:/opt/ros/humble /usr/bin/cmake /home/adela/workspace/ros_ur_driver/src/Universal_Robots_ROS2_Driver/ur -DCMAKE_BUILD_TYPE=Release -DCMAKE_INSTALL_PREFIX=/home/adela/workspace/ros_ur_driver/install/ur
[0.452s] Invoking command in '/home/adela/workspace/ros_ur_driver/build/ur': CMAKE_PREFIX_PATH=/home/adela/workspace/ros_ur_driver/install/ur_calibration:/home/adela/workspace/ros_ur_driver/install/ur_robot_driver:/home/adela/workspace/ros_ur_driver/install/ur_moveit_config:/home/adela/workspace/ros_ur_driver/install/ur_controllers:/home/adela/workspace/ros_ur_driver/install/ur_description:/home/adela/workspace/ros_ur_driver/install/ur_dashboard_msgs:/home/adela/workspace/ros_ur_driver/install/ur:/home/adela/workspace/ros_ur_driver/install/ur_bringup:/opt/ros/humble /usr/bin/cmake --build /home/adela/workspace/ros_ur_driver/build/ur -- -j2 -l2
[0.502s] Invoked command in '/home/adela/workspace/ros_ur_driver/build/ur' returned '0': CMAKE_PREFIX_PATH=/home/adela/workspace/ros_ur_driver/install/ur_calibration:/home/adela/workspace/ros_ur_driver/install/ur_robot_driver:/home/adela/workspace/ros_ur_driver/install/ur_moveit_config:/home/adela/workspace/ros_ur_driver/install/ur_controllers:/home/adela/workspace/ros_ur_driver/install/ur_description:/home/adela/workspace/ros_ur_driver/install/ur_dashboard_msgs:/home/adela/workspace/ros_ur_driver/install/ur:/home/adela/workspace/ros_ur_driver/install/ur_bringup:/opt/ros/humble /usr/bin/cmake --build /home/adela/workspace/ros_ur_driver/build/ur -- -j2 -l2
[0.532s] Invoking command in '/home/adela/workspace/ros_ur_driver/build/ur': CMAKE_PREFIX_PATH=/home/adela/workspace/ros_ur_driver/install/ur_calibration:/home/adela/workspace/ros_ur_driver/install/ur_robot_driver:/home/adela/workspace/ros_ur_driver/install/ur_moveit_config:/home/adela/workspace/ros_ur_driver/install/ur_controllers:/home/adela/workspace/ros_ur_driver/install/ur_description:/home/adela/workspace/ros_ur_driver/install/ur_dashboard_msgs:/home/adela/workspace/ros_ur_driver/install/ur:/home/adela/workspace/ros_ur_driver/install/ur_bringup:/opt/ros/humble /usr/bin/cmake --install /home/adela/workspace/ros_ur_driver/build/ur
[0.542s] -- Install configuration: "Release"
[0.544s] -- Up-to-date: /home/adela/workspace/ros_ur_driver/install/ur/share/ament_index/resource_index/package_run_dependencies/ur
[0.544s] -- Up-to-date: /home/adela/workspace/ros_ur_driver/install/ur/share/ament_index/resource_index/parent_prefix_path/ur
[0.544s] -- Up-to-date: /home/adela/workspace/ros_ur_driver/install/ur/share/ur/environment/ament_prefix_path.sh
[0.544s] -- Installing: /home/adela/workspace/ros_ur_driver/install/ur/share/ur/environment/ament_prefix_path.dsv
[0.546s] -- Up-to-date: /home/adela/workspace/ros_ur_driver/install/ur/share/ur/environment/path.sh
[0.546s] -- Installing: /home/adela/workspace/ros_ur_driver/install/ur/share/ur/environment/path.dsv
[0.546s] -- Up-to-date: /home/adela/workspace/ros_ur_driver/install/ur/share/ur/local_setup.bash
[0.547s] -- Up-to-date: /home/adela/workspace/ros_ur_driver/install/ur/share/ur/local_setup.sh
[0.547s] -- Up-to-date: /home/adela/workspace/ros_ur_driver/install/ur/share/ur/local_setup.zsh
[0.547s] -- Installing: /home/adela/workspace/ros_ur_driver/install/ur/share/ur/local_setup.dsv
[0.547s] -- Installing: /home/adela/workspace/ros_ur_driver/install/ur/share/ur/package.dsv
[0.547s] -- Up-to-date: /home/adela/workspace/ros_ur_driver/install/ur/share/ament_index/resource_index/packages/ur
[0.547s] -- Up-to-date: /home/adela/workspace/ros_ur_driver/install/ur/share/ur/cmake/urConfig.cmake
[0.547s] -- Up-to-date: /home/adela/workspace/ros_ur_driver/install/ur/share/ur/cmake/urConfig-version.cmake
[0.547s] -- Up-to-date: /home/adela/workspace/ros_ur_driver/install/ur/share/ur/package.xml
[0.549s] Invoked command in '/home/adela/workspace/ros_ur_driver/build/ur' returned '0': CMAKE_PREFIX_PATH=/home/adela/workspace/ros_ur_driver/install/ur_calibration:/home/adela/workspace/ros_ur_driver/install/ur_robot_driver:/home/adela/workspace/ros_ur_driver/install/ur_moveit_config:/home/adela/workspace/ros_ur_driver/install/ur_controllers:/home/adela/workspace/ros_ur_driver/install/ur_description:/home/adela/workspace/ros_ur_driver/install/ur_dashboard_msgs:/home/adela/workspace/ros_ur_driver/install/ur:/home/adela/workspace/ros_ur_driver/install/ur_bringup:/opt/ros/humble /usr/bin/cmake --install /home/adela/workspace/ros_ur_driver/build/ur
