[0.100s] Invoking command in '/home/adela/workspace/ros_ur_driver/build/ur_moveit_config': CMAKE_PREFIX_PATH=/home/adela/workspace/ros_ur_driver/install/ur_description:/home/adela/workspace/ros_ur_driver/install/ur:/home/adela/workspace/ros_ur_driver/install/ur_calibration:/home/adela/workspace/ros_ur_driver/install/ur_robot_driver:/home/adela/workspace/ros_ur_driver/install/ur_moveit_config:/home/adela/workspace/ros_ur_driver/install/ur_bringup:/home/adela/workspace/ros_ur_driver/install/ur_controllers:/home/adela/workspace/ros_ur_driver/install/ur_dashboard_msgs:/opt/ros/humble /usr/bin/cmake /home/adela/workspace/ros_ur_driver/src/Universal_Robots_ROS2_Driver/ur_moveit_config -DCMAKE_BUILD_TYPE=Release -DCMAKE_INSTALL_PREFIX=/home/adela/workspace/ros_ur_driver/install/ur_moveit_config
[0.140s] -- Found ament_cmake: 1.3.5 (/opt/ros/humble/share/ament_cmake/cmake)
[0.548s] -- Configuring done
[0.549s] -- Generating done
[0.550s] -- Build files have been written to: /home/adela/workspace/ros_ur_driver/build/ur_moveit_config
[0.554s] Invoked command in '/home/adela/workspace/ros_ur_driver/build/ur_moveit_config' returned '0': CMAKE_PREFIX_PATH=/home/adela/workspace/ros_ur_driver/install/ur_description:/home/adela/workspace/ros_ur_driver/install/ur:/home/adela/workspace/ros_ur_driver/install/ur_calibration:/home/adela/workspace/ros_ur_driver/install/ur_robot_driver:/home/adela/workspace/ros_ur_driver/install/ur_moveit_config:/home/adela/workspace/ros_ur_driver/install/ur_bringup:/home/adela/workspace/ros_ur_driver/install/ur_controllers:/home/adela/workspace/ros_ur_driver/install/ur_dashboard_msgs:/opt/ros/humble /usr/bin/cmake /home/adela/workspace/ros_ur_driver/src/Universal_Robots_ROS2_Driver/ur_moveit_config -DCMAKE_BUILD_TYPE=Release -DCMAKE_INSTALL_PREFIX=/home/adela/workspace/ros_ur_driver/install/ur_moveit_config
[0.556s] Invoking command in '/home/adela/workspace/ros_ur_driver/build/ur_moveit_config': CMAKE_PREFIX_PATH=/home/adela/workspace/ros_ur_driver/install/ur_description:/home/adela/workspace/ros_ur_driver/install/ur:/home/adela/workspace/ros_ur_driver/install/ur_calibration:/home/adela/workspace/ros_ur_driver/install/ur_robot_driver:/home/adela/workspace/ros_ur_driver/install/ur_moveit_config:/home/adela/workspace/ros_ur_driver/install/ur_bringup:/home/adela/workspace/ros_ur_driver/install/ur_controllers:/home/adela/workspace/ros_ur_driver/install/ur_dashboard_msgs:/opt/ros/humble /usr/bin/cmake --build /home/adela/workspace/ros_ur_driver/build/ur_moveit_config -- -j2 -l2
[0.649s] Built target ament_cmake_python_copy_ur_moveit_config
[1.105s] running egg_info
[1.107s] writing ur_moveit_config.egg-info/PKG-INFO
[1.108s] writing dependency_links to ur_moveit_config.egg-info/dependency_links.txt
[1.108s] writing top-level names to ur_moveit_config.egg-info/top_level.txt
[1.110s] reading manifest file 'ur_moveit_config.egg-info/SOURCES.txt'
[1.111s] writing manifest file 'ur_moveit_config.egg-info/SOURCES.txt'
[1.161s] Built target ament_cmake_python_build_ur_moveit_config_egg
[1.177s] Invoked command in '/home/adela/workspace/ros_ur_driver/build/ur_moveit_config' returned '0': CMAKE_PREFIX_PATH=/home/adela/workspace/ros_ur_driver/install/ur_description:/home/adela/workspace/ros_ur_driver/install/ur:/home/adela/workspace/ros_ur_driver/install/ur_calibration:/home/adela/workspace/ros_ur_driver/install/ur_robot_driver:/home/adela/workspace/ros_ur_driver/install/ur_moveit_config:/home/adela/workspace/ros_ur_driver/install/ur_bringup:/home/adela/workspace/ros_ur_driver/install/ur_controllers:/home/adela/workspace/ros_ur_driver/install/ur_dashboard_msgs:/opt/ros/humble /usr/bin/cmake --build /home/adela/workspace/ros_ur_driver/build/ur_moveit_config -- -j2 -l2
[1.226s] Invoking command in '/home/adela/workspace/ros_ur_driver/build/ur_moveit_config': CMAKE_PREFIX_PATH=/home/adela/workspace/ros_ur_driver/install/ur_description:/home/adela/workspace/ros_ur_driver/install/ur:/home/adela/workspace/ros_ur_driver/install/ur_calibration:/home/adela/workspace/ros_ur_driver/install/ur_robot_driver:/home/adela/workspace/ros_ur_driver/install/ur_moveit_config:/home/adela/workspace/ros_ur_driver/install/ur_bringup:/home/adela/workspace/ros_ur_driver/install/ur_controllers:/home/adela/workspace/ros_ur_driver/install/ur_dashboard_msgs:/opt/ros/humble /usr/bin/cmake --install /home/adela/workspace/ros_ur_driver/build/ur_moveit_config
[1.243s] -- Install configuration: "Release"
[1.243s] -- Up-to-date: /home/adela/workspace/ros_ur_driver/install/ur_moveit_config/share/ur_moveit_config/config
[1.244s] -- Up-to-date: /home/adela/workspace/ros_ur_driver/install/ur_moveit_config/share/ur_moveit_config/config/kinematics.yaml
[1.245s] -- Up-to-date: /home/adela/workspace/ros_ur_driver/install/ur_moveit_config/share/ur_moveit_config/config/ompl_planning.yaml
[1.246s] -- Up-to-date: /home/adela/workspace/ros_ur_driver/install/ur_moveit_config/share/ur_moveit_config/config/controllers.yaml
[1.246s] -- Up-to-date: /home/adela/workspace/ros_ur_driver/install/ur_moveit_config/share/ur_moveit_config/config/ur_servo.yaml
[1.247s] -- Up-to-date: /home/adela/workspace/ros_ur_driver/install/ur_moveit_config/share/ur_moveit_config/launch
[1.248s] -- Up-to-date: /home/adela/workspace/ros_ur_driver/install/ur_moveit_config/share/ur_moveit_config/launch/ur_moveit.launch.py
[1.248s] -- Up-to-date: /home/adela/workspace/ros_ur_driver/install/ur_moveit_config/share/ur_moveit_config/rviz
[1.250s] -- Up-to-date: /home/adela/workspace/ros_ur_driver/install/ur_moveit_config/share/ur_moveit_config/rviz/view_robot.rviz
[1.251s] -- Up-to-date: /home/adela/workspace/ros_ur_driver/install/ur_moveit_config/share/ur_moveit_config/srdf
[1.253s] -- Up-to-date: /home/adela/workspace/ros_ur_driver/install/ur_moveit_config/share/ur_moveit_config/srdf/ur_macro.srdf.xacro
[1.253s] -- Up-to-date: /home/adela/workspace/ros_ur_driver/install/ur_moveit_config/share/ur_moveit_config/srdf/ur.srdf.xacro
[1.253s] -- Up-to-date: /home/adela/workspace/ros_ur_driver/install/ur_moveit_config/share/ur_moveit_config/environment/pythonpath.sh
[1.253s] -- Installing: /home/adela/workspace/ros_ur_driver/install/ur_moveit_config/share/ur_moveit_config/environment/pythonpath.dsv
[1.256s] -- Up-to-date: /home/adela/workspace/ros_ur_driver/install/ur_moveit_config/local/lib/python3.10/dist-packages/ur_moveit_config-2.2.9-py3.10.egg-info
[1.257s] -- Installing: /home/adela/workspace/ros_ur_driver/install/ur_moveit_config/local/lib/python3.10/dist-packages/ur_moveit_config-2.2.9-py3.10.egg-info/dependency_links.txt
[1.258s] -- Installing: /home/adela/workspace/ros_ur_driver/install/ur_moveit_config/local/lib/python3.10/dist-packages/ur_moveit_config-2.2.9-py3.10.egg-info/PKG-INFO
[1.258s] -- Installing: /home/adela/workspace/ros_ur_driver/install/ur_moveit_config/local/lib/python3.10/dist-packages/ur_moveit_config-2.2.9-py3.10.egg-info/top_level.txt
[1.258s] -- Installing: /home/adela/workspace/ros_ur_driver/install/ur_moveit_config/local/lib/python3.10/dist-packages/ur_moveit_config-2.2.9-py3.10.egg-info/SOURCES.txt
[1.258s] -- Up-to-date: /home/adela/workspace/ros_ur_driver/install/ur_moveit_config/local/lib/python3.10/dist-packages/ur_moveit_config
[1.259s] -- Up-to-date: /home/adela/workspace/ros_ur_driver/install/ur_moveit_config/local/lib/python3.10/dist-packages/ur_moveit_config/__init__.py
[1.259s] -- Up-to-date: /home/adela/workspace/ros_ur_driver/install/ur_moveit_config/local/lib/python3.10/dist-packages/ur_moveit_config/launch_common.py
[1.314s] Listing '/home/adela/workspace/ros_ur_driver/install/ur_moveit_config/local/lib/python3.10/dist-packages/ur_moveit_config'...
[1.323s] -- Up-to-date: /home/adela/workspace/ros_ur_driver/install/ur_moveit_config/local/lib/python3.10/dist-packages/launch_common.py
[1.396s] -- Up-to-date: /home/adela/workspace/ros_ur_driver/install/ur_moveit_config/share/ament_index/resource_index/package_run_dependencies/ur_moveit_config
[1.396s] -- Up-to-date: /home/adela/workspace/ros_ur_driver/install/ur_moveit_config/share/ament_index/resource_index/parent_prefix_path/ur_moveit_config
[1.396s] -- Up-to-date: /home/adela/workspace/ros_ur_driver/install/ur_moveit_config/share/ur_moveit_config/environment/ament_prefix_path.sh
[1.397s] -- Installing: /home/adela/workspace/ros_ur_driver/install/ur_moveit_config/share/ur_moveit_config/environment/ament_prefix_path.dsv
[1.397s] -- Up-to-date: /home/adela/workspace/ros_ur_driver/install/ur_moveit_config/share/ur_moveit_config/environment/path.sh
[1.398s] -- Installing: /home/adela/workspace/ros_ur_driver/install/ur_moveit_config/share/ur_moveit_config/environment/path.dsv
[1.398s] -- Up-to-date: /home/adela/workspace/ros_ur_driver/install/ur_moveit_config/share/ur_moveit_config/local_setup.bash
[1.398s] -- Up-to-date: /home/adela/workspace/ros_ur_driver/install/ur_moveit_config/share/ur_moveit_config/local_setup.sh
[1.398s] -- Up-to-date: /home/adela/workspace/ros_ur_driver/install/ur_moveit_config/share/ur_moveit_config/local_setup.zsh
[1.398s] -- Installing: /home/adela/workspace/ros_ur_driver/install/ur_moveit_config/share/ur_moveit_config/local_setup.dsv
[1.399s] -- Installing: /home/adela/workspace/ros_ur_driver/install/ur_moveit_config/share/ur_moveit_config/package.dsv
[1.399s] -- Up-to-date: /home/adela/workspace/ros_ur_driver/install/ur_moveit_config/share/ament_index/resource_index/packages/ur_moveit_config
[1.399s] -- Up-to-date: /home/adela/workspace/ros_ur_driver/install/ur_moveit_config/share/ur_moveit_config/cmake/ur_moveit_configConfig.cmake
[1.399s] -- Up-to-date: /home/adela/workspace/ros_ur_driver/install/ur_moveit_config/share/ur_moveit_config/cmake/ur_moveit_configConfig-version.cmake
[1.400s] -- Up-to-date: /home/adela/workspace/ros_ur_driver/install/ur_moveit_config/share/ur_moveit_config/package.xml
[1.400s] Invoked command in '/home/adela/workspace/ros_ur_driver/build/ur_moveit_config' returned '0': CMAKE_PREFIX_PATH=/home/adela/workspace/ros_ur_driver/install/ur_description:/home/adela/workspace/ros_ur_driver/install/ur:/home/adela/workspace/ros_ur_driver/install/ur_calibration:/home/adela/workspace/ros_ur_driver/install/ur_robot_driver:/home/adela/workspace/ros_ur_driver/install/ur_moveit_config:/home/adela/workspace/ros_ur_driver/install/ur_bringup:/home/adela/workspace/ros_ur_driver/install/ur_controllers:/home/adela/workspace/ros_ur_driver/install/ur_dashboard_msgs:/opt/ros/humble /usr/bin/cmake --install /home/adela/workspace/ros_ur_driver/build/ur_moveit_config
