[2.136s] Invoking command in '/home/alvaro/workspace/ros_ur_driver/src/Universal_Robots_ROS2_Driver/py_srvcli': PYTHONPATH=/home/alvaro/workspace/ros_ur_driver/build/py_srvcli/prefix_override:/home/alvaro/workspace/ros_ur_driver/install/py_srvcli/lib/python3.8/site-packages:${PYTHONPATH} /usr/bin/python3 setup.py egg_info --egg-base ../../../build/py_srvcli build --build-base /home/alvaro/workspace/ros_ur_driver/build/py_srvcli/build install --record /home/alvaro/workspace/ros_ur_driver/build/py_srvcli/install.log --install-scripts $base/lib/py_srvcli --single-version-externally-managed
[2.450s] running egg_info
[2.451s] creating ../../../build/py_srvcli/py_srvcli.egg-info
[2.451s] writing ../../../build/py_srvcli/py_srvcli.egg-info/PKG-INFO
[2.451s] writing dependency_links to ../../../build/py_srvcli/py_srvcli.egg-info/dependency_links.txt
[2.451s] writing entry points to ../../../build/py_srvcli/py_srvcli.egg-info/entry_points.txt
[2.451s] writing requirements to ../../../build/py_srvcli/py_srvcli.egg-info/requires.txt
[2.452s] writing top-level names to ../../../build/py_srvcli/py_srvcli.egg-info/top_level.txt
[2.453s] writing manifest file '../../../build/py_srvcli/py_srvcli.egg-info/SOURCES.txt'
[2.498s] reading manifest file '../../../build/py_srvcli/py_srvcli.egg-info/SOURCES.txt'
[2.499s] writing manifest file '../../../build/py_srvcli/py_srvcli.egg-info/SOURCES.txt'
[2.499s] running build
[2.499s] running build_py
[2.500s] creating /home/alvaro/workspace/ros_ur_driver/build/py_srvcli/build
[2.500s] creating /home/alvaro/workspace/ros_ur_driver/build/py_srvcli/build/lib
[2.500s] creating /home/alvaro/workspace/ros_ur_driver/build/py_srvcli/build/lib/py_srvcli
[2.500s] copying py_srvcli/prueba_inversa.py -> /home/alvaro/workspace/ros_ur_driver/build/py_srvcli/build/lib/py_srvcli
[2.500s] copying py_srvcli/client_member_function.py -> /home/alvaro/workspace/ros_ur_driver/build/py_srvcli/build/lib/py_srvcli
[2.501s] copying py_srvcli/service_member_function.py -> /home/alvaro/workspace/ros_ur_driver/build/py_srvcli/build/lib/py_srvcli
[2.501s] copying py_srvcli/__init__.py -> /home/alvaro/workspace/ros_ur_driver/build/py_srvcli/build/lib/py_srvcli
[2.501s] running install
[2.501s] running install_lib
[2.503s] creating /home/alvaro/workspace/ros_ur_driver/install/py_srvcli/lib/python3.8/site-packages/py_srvcli
[2.503s] copying /home/alvaro/workspace/ros_ur_driver/build/py_srvcli/build/lib/py_srvcli/prueba_inversa.py -> /home/alvaro/workspace/ros_ur_driver/install/py_srvcli/lib/python3.8/site-packages/py_srvcli
[2.503s] copying /home/alvaro/workspace/ros_ur_driver/build/py_srvcli/build/lib/py_srvcli/client_member_function.py -> /home/alvaro/workspace/ros_ur_driver/install/py_srvcli/lib/python3.8/site-packages/py_srvcli
[2.503s] copying /home/alvaro/workspace/ros_ur_driver/build/py_srvcli/build/lib/py_srvcli/service_member_function.py -> /home/alvaro/workspace/ros_ur_driver/install/py_srvcli/lib/python3.8/site-packages/py_srvcli
[2.504s] copying /home/alvaro/workspace/ros_ur_driver/build/py_srvcli/build/lib/py_srvcli/__init__.py -> /home/alvaro/workspace/ros_ur_driver/install/py_srvcli/lib/python3.8/site-packages/py_srvcli
[2.504s] byte-compiling /home/alvaro/workspace/ros_ur_driver/install/py_srvcli/lib/python3.8/site-packages/py_srvcli/prueba_inversa.py to prueba_inversa.cpython-38.pyc
[2.506s] byte-compiling /home/alvaro/workspace/ros_ur_driver/install/py_srvcli/lib/python3.8/site-packages/py_srvcli/client_member_function.py to client_member_function.cpython-38.pyc
[2.506s] byte-compiling /home/alvaro/workspace/ros_ur_driver/install/py_srvcli/lib/python3.8/site-packages/py_srvcli/service_member_function.py to service_member_function.cpython-38.pyc
[2.507s] byte-compiling /home/alvaro/workspace/ros_ur_driver/install/py_srvcli/lib/python3.8/site-packages/py_srvcli/__init__.py to __init__.cpython-38.pyc
[2.507s] running install_data
[2.508s] creating /home/alvaro/workspace/ros_ur_driver/install/py_srvcli/share/ament_index
[2.509s] creating /home/alvaro/workspace/ros_ur_driver/install/py_srvcli/share/ament_index/resource_index
[2.509s] creating /home/alvaro/workspace/ros_ur_driver/install/py_srvcli/share/ament_index/resource_index/packages
[2.509s] copying resource/py_srvcli -> /home/alvaro/workspace/ros_ur_driver/install/py_srvcli/share/ament_index/resource_index/packages
[2.509s] copying package.xml -> /home/alvaro/workspace/ros_ur_driver/install/py_srvcli/share/py_srvcli
[2.509s] running install_egg_info
[2.512s] Copying ../../../build/py_srvcli/py_srvcli.egg-info to /home/alvaro/workspace/ros_ur_driver/install/py_srvcli/lib/python3.8/site-packages/py_srvcli-0.0.0-py3.8.egg-info
[2.513s] running install_scripts
[2.535s] Installing client script to /home/alvaro/workspace/ros_ur_driver/install/py_srvcli/lib/py_srvcli
[2.535s] Installing prueba script to /home/alvaro/workspace/ros_ur_driver/install/py_srvcli/lib/py_srvcli
[2.535s] Installing service script to /home/alvaro/workspace/ros_ur_driver/install/py_srvcli/lib/py_srvcli
[2.536s] writing list of installed files to '/home/alvaro/workspace/ros_ur_driver/build/py_srvcli/install.log'
[2.571s] Invoked command in '/home/alvaro/workspace/ros_ur_driver/src/Universal_Robots_ROS2_Driver/py_srvcli' returned '0': PYTHONPATH=/home/alvaro/workspace/ros_ur_driver/build/py_srvcli/prefix_override:/home/alvaro/workspace/ros_ur_driver/install/py_srvcli/lib/python3.8/site-packages:${PYTHONPATH} /usr/bin/python3 setup.py egg_info --egg-base ../../../build/py_srvcli build --build-base /home/alvaro/workspace/ros_ur_driver/build/py_srvcli/build install --record /home/alvaro/workspace/ros_ur_driver/build/py_srvcli/install.log --install-scripts $base/lib/py_srvcli --single-version-externally-managed
