[0.105s] Invoking command in '/home/pedro/workspace/ros_ur_driver/build/ur_controllers': CMAKE_PREFIX_PATH=/home/pedro/workspace/ros_ur_driver/install/ur_dashboard_msgs:/home/pedro/workspace/ros_ur_driver/install/ur_moveit_config:/home/pedro/workspace/ros_ur_driver/install/ur_description:/home/pedro/tfg_ws/install/tfg_repository:/home/pedro/aerostack2_ws/install/aerostack2:/home/pedro/aerostack2_ws/install/as2_usb_camera_interface:/home/pedro/aerostack2_ws/install/as2_state_estimator:/home/pedro/aerostack2_ws/install/as2_realsense_interface:/home/pedro/aerostack2_ws/install/as2_platform_tello:/home/pedro/aerostack2_ws/install/as2_platform_ign_gazebo:/home/pedro/aerostack2_ws/install/as2_platform_dji_osdk:/home/pedro/aerostack2_ws/install/as2_platform_crazyflie:/home/pedro/aerostack2_ws/install/as2_motion_controller:/home/pedro/aerostack2_ws/install/as2_behaviors_trajectory_generation:/home/pedro/aerostack2_ws/install/as2_behaviors_motion:/home/pedro/aerostack2_ws/install/as2_motion_reference_handlers:/home/pedro/aerostack2_ws/install/as2_ign_gazebo_assets:/home/pedro/aerostack2_ws/install/as2_behaviors_platform:/home/pedro/aerostack2_ws/install/as2_behaviors_perception:/home/pedro/aerostack2_ws/install/as2_behavior_tree:/home/pedro/aerostack2_ws/install/as2_behavior:/home/pedro/aerostack2_ws/install/as2_alphanumeric_viewer:/home/pedro/aerostack2_ws/install/as2_core:/home/pedro/aerostack2_ws/install/as2_msgs:/home/pedro/aerostack2_ws/install/as2_gazebo_classic_assets:/home/pedro/aerostack2_ws/install/as2_cli:/home/pedro/aerostack2_ws/install/as2_keyboard_teleoperation:/home/pedro/aerostack2_ws/install/as2_python_api:/opt/ros/humble /usr/bin/cmake /home/pedro/workspace/ros_ur_driver/src/Universal_Robots_ROS2_Driver/ur_controllers -DCMAKE_BUILD_TYPE=Release -DCMAKE_INSTALL_PREFIX=/home/pedro/workspace/ros_ur_driver/install/ur_controllers
[0.115s] -- Found ament_cmake: 1.3.5 (/opt/ros/humble/share/ament_cmake/cmake)
[0.251s] -- Found angles: 1.15.0 (/opt/ros/humble/share/angles/cmake)
[0.262s] [31mCMake Error at CMakeLists.txt:10 (find_package):
[0.262s]   By not providing "Findcontroller_interface.cmake" in CMAKE_MODULE_PATH this
[0.262s]   project has asked CMake to find a package configuration file provided by
[0.262s]   "controller_interface", but CMake did not find one.
[0.262s] 
[0.262s]   Could not find a package configuration file provided by
[0.262s]   "controller_interface" with any of the following names:
[0.262s] 
[0.262s]     controller_interfaceConfig.cmake
[0.263s]     controller_interface-config.cmake
[0.263s] 
[0.263s]   Add the installation prefix of "controller_interface" to CMAKE_PREFIX_PATH
[0.263s]   or set "controller_interface_DIR" to a directory containing one of the
[0.263s]   above files.  If "controller_interface" provides a separate development
[0.263s]   package or SDK, be sure it has been installed.
[0.263s] 
[0.263s] [0m
[0.263s] -- Configuring incomplete, errors occurred!
[0.263s] See also "/home/pedro/workspace/ros_ur_driver/build/ur_controllers/CMakeFiles/CMakeOutput.log".
[0.264s] Invoked command in '/home/pedro/workspace/ros_ur_driver/build/ur_controllers' returned '1': CMAKE_PREFIX_PATH=/home/pedro/workspace/ros_ur_driver/install/ur_dashboard_msgs:/home/pedro/workspace/ros_ur_driver/install/ur_moveit_config:/home/pedro/workspace/ros_ur_driver/install/ur_description:/home/pedro/tfg_ws/install/tfg_repository:/home/pedro/aerostack2_ws/install/aerostack2:/home/pedro/aerostack2_ws/install/as2_usb_camera_interface:/home/pedro/aerostack2_ws/install/as2_state_estimator:/home/pedro/aerostack2_ws/install/as2_realsense_interface:/home/pedro/aerostack2_ws/install/as2_platform_tello:/home/pedro/aerostack2_ws/install/as2_platform_ign_gazebo:/home/pedro/aerostack2_ws/install/as2_platform_dji_osdk:/home/pedro/aerostack2_ws/install/as2_platform_crazyflie:/home/pedro/aerostack2_ws/install/as2_motion_controller:/home/pedro/aerostack2_ws/install/as2_behaviors_trajectory_generation:/home/pedro/aerostack2_ws/install/as2_behaviors_motion:/home/pedro/aerostack2_ws/install/as2_motion_reference_handlers:/home/pedro/aerostack2_ws/install/as2_ign_gazebo_assets:/home/pedro/aerostack2_ws/install/as2_behaviors_platform:/home/pedro/aerostack2_ws/install/as2_behaviors_perception:/home/pedro/aerostack2_ws/install/as2_behavior_tree:/home/pedro/aerostack2_ws/install/as2_behavior:/home/pedro/aerostack2_ws/install/as2_alphanumeric_viewer:/home/pedro/aerostack2_ws/install/as2_core:/home/pedro/aerostack2_ws/install/as2_msgs:/home/pedro/aerostack2_ws/install/as2_gazebo_classic_assets:/home/pedro/aerostack2_ws/install/as2_cli:/home/pedro/aerostack2_ws/install/as2_keyboard_teleoperation:/home/pedro/aerostack2_ws/install/as2_python_api:/opt/ros/humble /usr/bin/cmake /home/pedro/workspace/ros_ur_driver/src/Universal_Robots_ROS2_Driver/ur_controllers -DCMAKE_BUILD_TYPE=Release -DCMAKE_INSTALL_PREFIX=/home/pedro/workspace/ros_ur_driver/install/ur_controllers
