[0.126s] Invoking command in '/home/adela/workspace/ros_ur_driver/build/ur_controllers': CMAKE_PREFIX_PATH=/home/adela/workspace/ros_ur_driver/install/ur_dashboard_msgs:/home/adela/workspace/ros_ur_driver/install/ur:/home/adela/workspace/ros_ur_driver/install/ur_calibration:/home/adela/workspace/ros_ur_driver/install/ur_robot_driver:/home/adela/workspace/ros_ur_driver/install/ur_moveit_config:/home/adela/workspace/ros_ur_driver/install/ur_bringup:/home/adela/workspace/ros_ur_driver/install/ur_description:/home/adela/workspace/ros_ur_driver/install/ur_controllers:/opt/ros/humble LD_LIBRARY_PATH=/home/adela/workspace/ros_ur_driver/install/ur_dashboard_msgs/lib:/home/adela/workspace/ros_ur_driver/install/ur_robot_driver/lib:/home/adela/workspace/ros_ur_driver/install/ur_controllers/lib:/opt/ros/humble/opt/rviz_ogre_vendor/lib:/opt/ros/humble/lib/x86_64-linux-gnu:/opt/ros/humble/lib /usr/bin/cmake /home/adela/workspace/ros_ur_driver/src/Universal_Robots_ROS2_Driver/ur_controllers -DCMAKE_BUILD_TYPE=Release -DCMAKE_INSTALL_PREFIX=/home/adela/workspace/ros_ur_driver/install/ur_controllers
[0.145s] -- Found ament_cmake: 1.3.5 (/opt/ros/humble/share/ament_cmake/cmake)
[0.361s] -- Found angles: 1.15.0 (/opt/ros/humble/share/angles/cmake)
[0.363s] -- Found controller_interface: 2.35.0 (/opt/ros/humble/share/controller_interface/cmake)
[0.402s] -- Found rosidl_generator_c: 3.1.5 (/opt/ros/humble/share/rosidl_generator_c/cmake)
[0.405s] -- Found rosidl_adapter: 3.1.5 (/opt/ros/humble/share/rosidl_adapter/cmake)
[0.416s] -- Found rosidl_generator_cpp: 3.1.5 (/opt/ros/humble/share/rosidl_generator_cpp/cmake)
[0.434s] -- Using all available rosidl_typesupport_c: rosidl_typesupport_fastrtps_c;rosidl_typesupport_introspection_c
[0.456s] -- Using all available rosidl_typesupport_cpp: rosidl_typesupport_fastrtps_cpp;rosidl_typesupport_introspection_cpp
[1.411s] -- Found rmw_implementation_cmake: 6.1.1 (/opt/ros/humble/share/rmw_implementation_cmake/cmake)
[1.414s] -- Found rmw_fastrtps_cpp: 6.2.4 (/opt/ros/humble/share/rmw_fastrtps_cpp/cmake)
[1.585s] -- Using RMW implementation 'rmw_fastrtps_cpp' as default
[1.992s] -- Found joint_trajectory_controller: 2.26.0 (/opt/ros/humble/share/joint_trajectory_controller/cmake)
[2.272s] -- Found parameter_traits: 0.3.6 (/opt/ros/humble/share/parameter_traits/cmake)
[2.566s] -- Found std_srvs: 4.2.3 (/opt/ros/humble/share/std_srvs/cmake)
[2.587s] -- Found ur_dashboard_msgs: 2.2.9 (/home/adela/workspace/ros_ur_driver/install/ur_dashboard_msgs/share/ur_dashboard_msgs/cmake)
[2.702s] -- Found ur_msgs: 2.0.0 (/opt/ros/humble/share/ur_msgs/cmake)
[3.152s] -- Configuring done
[3.187s] -- Generating done
[3.190s] -- Build files have been written to: /home/adela/workspace/ros_ur_driver/build/ur_controllers
[3.203s] Invoked command in '/home/adela/workspace/ros_ur_driver/build/ur_controllers' returned '0': CMAKE_PREFIX_PATH=/home/adela/workspace/ros_ur_driver/install/ur_dashboard_msgs:/home/adela/workspace/ros_ur_driver/install/ur:/home/adela/workspace/ros_ur_driver/install/ur_calibration:/home/adela/workspace/ros_ur_driver/install/ur_robot_driver:/home/adela/workspace/ros_ur_driver/install/ur_moveit_config:/home/adela/workspace/ros_ur_driver/install/ur_bringup:/home/adela/workspace/ros_ur_driver/install/ur_description:/home/adela/workspace/ros_ur_driver/install/ur_controllers:/opt/ros/humble LD_LIBRARY_PATH=/home/adela/workspace/ros_ur_driver/install/ur_dashboard_msgs/lib:/home/adela/workspace/ros_ur_driver/install/ur_robot_driver/lib:/home/adela/workspace/ros_ur_driver/install/ur_controllers/lib:/opt/ros/humble/opt/rviz_ogre_vendor/lib:/opt/ros/humble/lib/x86_64-linux-gnu:/opt/ros/humble/lib /usr/bin/cmake /home/adela/workspace/ros_ur_driver/src/Universal_Robots_ROS2_Driver/ur_controllers -DCMAKE_BUILD_TYPE=Release -DCMAKE_INSTALL_PREFIX=/home/adela/workspace/ros_ur_driver/install/ur_controllers
[3.204s] Invoking command in '/home/adela/workspace/ros_ur_driver/build/ur_controllers': CMAKE_PREFIX_PATH=/home/adela/workspace/ros_ur_driver/install/ur_dashboard_msgs:/home/adela/workspace/ros_ur_driver/install/ur:/home/adela/workspace/ros_ur_driver/install/ur_calibration:/home/adela/workspace/ros_ur_driver/install/ur_robot_driver:/home/adela/workspace/ros_ur_driver/install/ur_moveit_config:/home/adela/workspace/ros_ur_driver/install/ur_bringup:/home/adela/workspace/ros_ur_driver/install/ur_description:/home/adela/workspace/ros_ur_driver/install/ur_controllers:/opt/ros/humble LD_LIBRARY_PATH=/home/adela/workspace/ros_ur_driver/install/ur_dashboard_msgs/lib:/home/adela/workspace/ros_ur_driver/install/ur_robot_driver/lib:/home/adela/workspace/ros_ur_driver/install/ur_controllers/lib:/opt/ros/humble/opt/rviz_ogre_vendor/lib:/opt/ros/humble/lib/x86_64-linux-gnu:/opt/ros/humble/lib /usr/bin/cmake --build /home/adela/workspace/ros_ur_driver/build/ur_controllers -- -j2 -l2
[3.270s] [ 28%] Built target speed_scaling_state_broadcaster_parameters
[3.271s] [ 28%] Built target gpio_controller_parameters
[3.297s] [ 42%] Built target scaled_joint_trajectory_controller_parameters
[3.314s] [35m[1mConsolidate compiler generated dependencies of target ur_controllers[0m
[3.362s] [100%] Built target ur_controllers
[3.387s] Invoked command in '/home/adela/workspace/ros_ur_driver/build/ur_controllers' returned '0': CMAKE_PREFIX_PATH=/home/adela/workspace/ros_ur_driver/install/ur_dashboard_msgs:/home/adela/workspace/ros_ur_driver/install/ur:/home/adela/workspace/ros_ur_driver/install/ur_calibration:/home/adela/workspace/ros_ur_driver/install/ur_robot_driver:/home/adela/workspace/ros_ur_driver/install/ur_moveit_config:/home/adela/workspace/ros_ur_driver/install/ur_bringup:/home/adela/workspace/ros_ur_driver/install/ur_description:/home/adela/workspace/ros_ur_driver/install/ur_controllers:/opt/ros/humble LD_LIBRARY_PATH=/home/adela/workspace/ros_ur_driver/install/ur_dashboard_msgs/lib:/home/adela/workspace/ros_ur_driver/install/ur_robot_driver/lib:/home/adela/workspace/ros_ur_driver/install/ur_controllers/lib:/opt/ros/humble/opt/rviz_ogre_vendor/lib:/opt/ros/humble/lib/x86_64-linux-gnu:/opt/ros/humble/lib /usr/bin/cmake --build /home/adela/workspace/ros_ur_driver/build/ur_controllers -- -j2 -l2
[3.429s] Invoking command in '/home/adela/workspace/ros_ur_driver/build/ur_controllers': CMAKE_PREFIX_PATH=/home/adela/workspace/ros_ur_driver/install/ur_dashboard_msgs:/home/adela/workspace/ros_ur_driver/install/ur:/home/adela/workspace/ros_ur_driver/install/ur_calibration:/home/adela/workspace/ros_ur_driver/install/ur_robot_driver:/home/adela/workspace/ros_ur_driver/install/ur_moveit_config:/home/adela/workspace/ros_ur_driver/install/ur_bringup:/home/adela/workspace/ros_ur_driver/install/ur_description:/home/adela/workspace/ros_ur_driver/install/ur_controllers:/opt/ros/humble LD_LIBRARY_PATH=/home/adela/workspace/ros_ur_driver/install/ur_dashboard_msgs/lib:/home/adela/workspace/ros_ur_driver/install/ur_robot_driver/lib:/home/adela/workspace/ros_ur_driver/install/ur_controllers/lib:/opt/ros/humble/opt/rviz_ogre_vendor/lib:/opt/ros/humble/lib/x86_64-linux-gnu:/opt/ros/humble/lib /usr/bin/cmake --install /home/adela/workspace/ros_ur_driver/build/ur_controllers
[3.439s] -- Install configuration: "Release"
[3.439s] -- Up-to-date: /home/adela/workspace/ros_ur_driver/install/ur_controllers/include/gpio_controller_parameters
[3.440s] -- Up-to-date: /home/adela/workspace/ros_ur_driver/install/ur_controllers/include/gpio_controller_parameters/gpio_controller_parameters.hpp
[3.441s] -- Up-to-date: /home/adela/workspace/ros_ur_driver/install/ur_controllers/include/speed_scaling_state_broadcaster_parameters
[3.442s] -- Up-to-date: /home/adela/workspace/ros_ur_driver/install/ur_controllers/include/speed_scaling_state_broadcaster_parameters/speed_scaling_state_broadcaster_parameters.hpp
[3.443s] -- Up-to-date: /home/adela/workspace/ros_ur_driver/install/ur_controllers/include/scaled_joint_trajectory_controller_parameters
[3.443s] -- Up-to-date: /home/adela/workspace/ros_ur_driver/install/ur_controllers/include/scaled_joint_trajectory_controller_parameters/scaled_joint_trajectory_controller_parameters.hpp
[3.447s] -- Up-to-date: /home/adela/workspace/ros_ur_driver/install/ur_controllers/share/ur_controllers/controller_plugins.xml
[3.448s] -- Up-to-date: /home/adela/workspace/ros_ur_driver/install/ur_controllers/lib/libur_controllers.so
[3.448s] -- Up-to-date: /home/adela/workspace/ros_ur_driver/install/ur_controllers/include
[3.451s] -- Up-to-date: /home/adela/workspace/ros_ur_driver/install/ur_controllers/include/ur_controllers
[3.451s] -- Up-to-date: /home/adela/workspace/ros_ur_driver/install/ur_controllers/include/ur_controllers/gpio_controller.hpp
[3.451s] -- Up-to-date: /home/adela/workspace/ros_ur_driver/install/ur_controllers/include/ur_controllers/scaled_joint_trajectory_controller.hpp
[3.451s] -- Up-to-date: /home/adela/workspace/ros_ur_driver/install/ur_controllers/include/ur_controllers/speed_scaling_state_broadcaster.hpp
[3.451s] -- Up-to-date: /home/adela/workspace/ros_ur_driver/install/ur_controllers/share/ur_controllers/controller_plugins.xml
[3.451s] -- Up-to-date: /home/adela/workspace/ros_ur_driver/install/ur_controllers/share/ur_controllers/environment/library_path.sh
[3.452s] -- Installing: /home/adela/workspace/ros_ur_driver/install/ur_controllers/share/ur_controllers/environment/library_path.dsv
[3.452s] -- Up-to-date: /home/adela/workspace/ros_ur_driver/install/ur_controllers/share/ament_index/resource_index/package_run_dependencies/ur_controllers
[3.452s] -- Up-to-date: /home/adela/workspace/ros_ur_driver/install/ur_controllers/share/ament_index/resource_index/parent_prefix_path/ur_controllers
[3.453s] -- Up-to-date: /home/adela/workspace/ros_ur_driver/install/ur_controllers/share/ur_controllers/environment/ament_prefix_path.sh
[3.453s] -- Installing: /home/adela/workspace/ros_ur_driver/install/ur_controllers/share/ur_controllers/environment/ament_prefix_path.dsv
[3.453s] -- Up-to-date: /home/adela/workspace/ros_ur_driver/install/ur_controllers/share/ur_controllers/environment/path.sh
[3.454s] -- Installing: /home/adela/workspace/ros_ur_driver/install/ur_controllers/share/ur_controllers/environment/path.dsv
[3.454s] -- Up-to-date: /home/adela/workspace/ros_ur_driver/install/ur_controllers/share/ur_controllers/local_setup.bash
[3.454s] -- Up-to-date: /home/adela/workspace/ros_ur_driver/install/ur_controllers/share/ur_controllers/local_setup.sh
[3.454s] -- Up-to-date: /home/adela/workspace/ros_ur_driver/install/ur_controllers/share/ur_controllers/local_setup.zsh
[3.455s] -- Installing: /home/adela/workspace/ros_ur_driver/install/ur_controllers/share/ur_controllers/local_setup.dsv
[3.455s] -- Installing: /home/adela/workspace/ros_ur_driver/install/ur_controllers/share/ur_controllers/package.dsv
[3.456s] -- Up-to-date: /home/adela/workspace/ros_ur_driver/install/ur_controllers/share/ament_index/resource_index/packages/ur_controllers
[3.456s] -- Up-to-date: /home/adela/workspace/ros_ur_driver/install/ur_controllers/share/ament_index/resource_index/controller_interface__pluginlib__plugin/ur_controllers
[3.456s] -- Up-to-date: /home/adela/workspace/ros_ur_driver/install/ur_controllers/share/ur_controllers/cmake/ament_cmake_export_dependencies-extras.cmake
[3.456s] -- Up-to-date: /home/adela/workspace/ros_ur_driver/install/ur_controllers/share/ur_controllers/cmake/ament_cmake_export_include_directories-extras.cmake
[3.456s] -- Up-to-date: /home/adela/workspace/ros_ur_driver/install/ur_controllers/share/ur_controllers/cmake/ament_cmake_export_libraries-extras.cmake
[3.457s] -- Up-to-date: /home/adela/workspace/ros_ur_driver/install/ur_controllers/share/ur_controllers/cmake/ur_controllersConfig.cmake
[3.457s] -- Up-to-date: /home/adela/workspace/ros_ur_driver/install/ur_controllers/share/ur_controllers/cmake/ur_controllersConfig-version.cmake
[3.457s] -- Up-to-date: /home/adela/workspace/ros_ur_driver/install/ur_controllers/share/ur_controllers/package.xml
[3.460s] Invoked command in '/home/adela/workspace/ros_ur_driver/build/ur_controllers' returned '0': CMAKE_PREFIX_PATH=/home/adela/workspace/ros_ur_driver/install/ur_dashboard_msgs:/home/adela/workspace/ros_ur_driver/install/ur:/home/adela/workspace/ros_ur_driver/install/ur_calibration:/home/adela/workspace/ros_ur_driver/install/ur_robot_driver:/home/adela/workspace/ros_ur_driver/install/ur_moveit_config:/home/adela/workspace/ros_ur_driver/install/ur_bringup:/home/adela/workspace/ros_ur_driver/install/ur_description:/home/adela/workspace/ros_ur_driver/install/ur_controllers:/opt/ros/humble LD_LIBRARY_PATH=/home/adela/workspace/ros_ur_driver/install/ur_dashboard_msgs/lib:/home/adela/workspace/ros_ur_driver/install/ur_robot_driver/lib:/home/adela/workspace/ros_ur_driver/install/ur_controllers/lib:/opt/ros/humble/opt/rviz_ogre_vendor/lib:/opt/ros/humble/lib/x86_64-linux-gnu:/opt/ros/humble/lib /usr/bin/cmake --install /home/adela/workspace/ros_ur_driver/build/ur_controllers
