[0.849s] Invoking command in '/home/alvaro/workspace/ros_ur_driver/build/ur_description': CMAKE_PREFIX_PATH=${CMAKE_PREFIX_PATH}:/home/alvaro/ros2_ws/install/ros2controlcli:/home/alvaro/ros2_ws/install/ros2_control_test_nodes:/home/alvaro/dev_ws/install/ros2test:/opt/ros/foxy /usr/bin/cmake /home/alvaro/workspace/ros_ur_driver/src/Universal_Robots_ROS2_Driver/ur_description -DCMAKE_BUILD_TYPE=Release -DCMAKE_INSTALL_PREFIX=/home/alvaro/workspace/ros_ur_driver/install/ur_description
[0.873s] -- Found ament_cmake: 0.9.12 (/opt/ros/foxy/share/ament_cmake/cmake)
[0.920s] -- Using PYTHON_EXECUTABLE: /usr/bin/python3
[1.301s] -- Configuring done
[1.304s] -- Generating done
[1.306s] -- Build files have been written to: /home/alvaro/workspace/ros_ur_driver/build/ur_description
[1.309s] Invoked command in '/home/alvaro/workspace/ros_ur_driver/build/ur_description' returned '0': CMAKE_PREFIX_PATH=${CMAKE_PREFIX_PATH}:/home/alvaro/ros2_ws/install/ros2controlcli:/home/alvaro/ros2_ws/install/ros2_control_test_nodes:/home/alvaro/dev_ws/install/ros2test:/opt/ros/foxy /usr/bin/cmake /home/alvaro/workspace/ros_ur_driver/src/Universal_Robots_ROS2_Driver/ur_description -DCMAKE_BUILD_TYPE=Release -DCMAKE_INSTALL_PREFIX=/home/alvaro/workspace/ros_ur_driver/install/ur_description
[1.315s] Invoking command in '/home/alvaro/workspace/ros_ur_driver/build/ur_description': CMAKE_PREFIX_PATH=${CMAKE_PREFIX_PATH}:/home/alvaro/ros2_ws/install/ros2controlcli:/home/alvaro/ros2_ws/install/ros2_control_test_nodes:/home/alvaro/dev_ws/install/ros2test:/opt/ros/foxy /usr/bin/cmake --build /home/alvaro/workspace/ros_ur_driver/build/ur_description -- -j12 -l12
[1.394s] Invoked command in '/home/alvaro/workspace/ros_ur_driver/build/ur_description' returned '0': CMAKE_PREFIX_PATH=${CMAKE_PREFIX_PATH}:/home/alvaro/ros2_ws/install/ros2controlcli:/home/alvaro/ros2_ws/install/ros2_control_test_nodes:/home/alvaro/dev_ws/install/ros2test:/opt/ros/foxy /usr/bin/cmake --build /home/alvaro/workspace/ros_ur_driver/build/ur_description -- -j12 -l12
[1.470s] Invoking command in '/home/alvaro/workspace/ros_ur_driver/build/ur_description': CMAKE_PREFIX_PATH=${CMAKE_PREFIX_PATH}:/home/alvaro/ros2_ws/install/ros2controlcli:/home/alvaro/ros2_ws/install/ros2_control_test_nodes:/home/alvaro/dev_ws/install/ros2test:/opt/ros/foxy /usr/bin/cmake --install /home/alvaro/workspace/ros_ur_driver/build/ur_description
[1.487s] -- Install configuration: "Release"
[1.487s] -- Up-to-date: /home/alvaro/workspace/ros_ur_driver/install/ur_description/share/ur_description/config
[1.488s] -- Up-to-date: /home/alvaro/workspace/ros_ur_driver/install/ur_description/share/ur_description/config/initial_positions.yaml
[1.488s] -- Up-to-date: /home/alvaro/workspace/ros_ur_driver/install/ur_description/share/ur_description/config/ur3
[1.488s] -- Up-to-date: /home/alvaro/workspace/ros_ur_driver/install/ur_description/share/ur_description/config/ur3/joint_limits.yaml
[1.489s] -- Up-to-date: /home/alvaro/workspace/ros_ur_driver/install/ur_description/share/ur_description/config/ur3/visual_parameters.yaml
[1.489s] -- Up-to-date: /home/alvaro/workspace/ros_ur_driver/install/ur_description/share/ur_description/config/ur3/default_kinematics.yaml
[1.489s] -- Up-to-date: /home/alvaro/workspace/ros_ur_driver/install/ur_description/share/ur_description/config/ur3/physical_parameters.yaml
[1.490s] -- Up-to-date: /home/alvaro/workspace/ros_ur_driver/install/ur_description/share/ur_description/config/ur16e
[1.490s] -- Up-to-date: /home/alvaro/workspace/ros_ur_driver/install/ur_description/share/ur_description/config/ur16e/joint_limits.yaml
[1.490s] -- Up-to-date: /home/alvaro/workspace/ros_ur_driver/install/ur_description/share/ur_description/config/ur16e/visual_parameters.yaml
[1.490s] -- Up-to-date: /home/alvaro/workspace/ros_ur_driver/install/ur_description/share/ur_description/config/ur16e/default_kinematics.yaml
[1.490s] -- Up-to-date: /home/alvaro/workspace/ros_ur_driver/install/ur_description/share/ur_description/config/ur16e/physical_parameters.yaml
[1.491s] -- Up-to-date: /home/alvaro/workspace/ros_ur_driver/install/ur_description/share/ur_description/config/ur10
[1.491s] -- Up-to-date: /home/alvaro/workspace/ros_ur_driver/install/ur_description/share/ur_description/config/ur10/joint_limits.yaml
[1.491s] -- Up-to-date: /home/alvaro/workspace/ros_ur_driver/install/ur_description/share/ur_description/config/ur10/visual_parameters.yaml
[1.491s] -- Up-to-date: /home/alvaro/workspace/ros_ur_driver/install/ur_description/share/ur_description/config/ur10/default_kinematics.yaml
[1.491s] -- Up-to-date: /home/alvaro/workspace/ros_ur_driver/install/ur_description/share/ur_description/config/ur10/physical_parameters.yaml
[1.491s] -- Up-to-date: /home/alvaro/workspace/ros_ur_driver/install/ur_description/share/ur_description/config/ur3e
[1.492s] -- Up-to-date: /home/alvaro/workspace/ros_ur_driver/install/ur_description/share/ur_description/config/ur3e/joint_limits.yaml
[1.492s] -- Up-to-date: /home/alvaro/workspace/ros_ur_driver/install/ur_description/share/ur_description/config/ur3e/visual_parameters.yaml
[1.492s] -- Up-to-date: /home/alvaro/workspace/ros_ur_driver/install/ur_description/share/ur_description/config/ur3e/default_kinematics.yaml
[1.492s] -- Up-to-date: /home/alvaro/workspace/ros_ur_driver/install/ur_description/share/ur_description/config/ur3e/physical_parameters.yaml
[1.492s] -- Up-to-date: /home/alvaro/workspace/ros_ur_driver/install/ur_description/share/ur_description/config/ur5e
[1.492s] -- Up-to-date: /home/alvaro/workspace/ros_ur_driver/install/ur_description/share/ur_description/config/ur5e/joint_limits.yaml
[1.492s] -- Up-to-date: /home/alvaro/workspace/ros_ur_driver/install/ur_description/share/ur_description/config/ur5e/visual_parameters.yaml
[1.493s] -- Up-to-date: /home/alvaro/workspace/ros_ur_driver/install/ur_description/share/ur_description/config/ur5e/default_kinematics.yaml
[1.493s] -- Up-to-date: /home/alvaro/workspace/ros_ur_driver/install/ur_description/share/ur_description/config/ur5e/physical_parameters.yaml
[1.493s] -- Up-to-date: /home/alvaro/workspace/ros_ur_driver/install/ur_description/share/ur_description/config/ur10e
[1.493s] -- Up-to-date: /home/alvaro/workspace/ros_ur_driver/install/ur_description/share/ur_description/config/ur10e/joint_limits.yaml
[1.493s] -- Up-to-date: /home/alvaro/workspace/ros_ur_driver/install/ur_description/share/ur_description/config/ur10e/visual_parameters.yaml
[1.494s] -- Up-to-date: /home/alvaro/workspace/ros_ur_driver/install/ur_description/share/ur_description/config/ur10e/default_kinematics.yaml
[1.494s] -- Up-to-date: /home/alvaro/workspace/ros_ur_driver/install/ur_description/share/ur_description/config/ur10e/physical_parameters.yaml
[1.495s] -- Up-to-date: /home/alvaro/workspace/ros_ur_driver/install/ur_description/share/ur_description/config/ur5
[1.496s] -- Up-to-date: /home/alvaro/workspace/ros_ur_driver/install/ur_description/share/ur_description/config/ur5/joint_limits.yaml
[1.496s] -- Up-to-date: /home/alvaro/workspace/ros_ur_driver/install/ur_description/share/ur_description/config/ur5/visual_parameters.yaml
[1.496s] -- Up-to-date: /home/alvaro/workspace/ros_ur_driver/install/ur_description/share/ur_description/config/ur5/default_kinematics.yaml
[1.496s] -- Up-to-date: /home/alvaro/workspace/ros_ur_driver/install/ur_description/share/ur_description/config/ur5/physical_parameters.yaml
[1.496s] -- Up-to-date: /home/alvaro/workspace/ros_ur_driver/install/ur_description/share/ur_description/launch
[1.496s] -- Up-to-date: /home/alvaro/workspace/ros_ur_driver/install/ur_description/share/ur_description/launch/view_ur.launch.py
[1.496s] -- Up-to-date: /home/alvaro/workspace/ros_ur_driver/install/ur_description/share/ur_description/meshes
[1.496s] -- Up-to-date: /home/alvaro/workspace/ros_ur_driver/install/ur_description/share/ur_description/meshes/ur3
[1.496s] -- Up-to-date: /home/alvaro/workspace/ros_ur_driver/install/ur_description/share/ur_description/meshes/ur3/visual
[1.496s] -- Up-to-date: /home/alvaro/workspace/ros_ur_driver/install/ur_description/share/ur_description/meshes/ur3/visual/wrist2.dae
[1.496s] -- Up-to-date: /home/alvaro/workspace/ros_ur_driver/install/ur_description/share/ur_description/meshes/ur3/visual/forearm.dae
[1.497s] -- Up-to-date: /home/alvaro/workspace/ros_ur_driver/install/ur_description/share/ur_description/meshes/ur3/visual/shoulder.dae
[1.497s] -- Up-to-date: /home/alvaro/workspace/ros_ur_driver/install/ur_description/share/ur_description/meshes/ur3/visual/wrist3.dae
[1.497s] -- Up-to-date: /home/alvaro/workspace/ros_ur_driver/install/ur_description/share/ur_description/meshes/ur3/visual/upperarm.dae
[1.497s] -- Up-to-date: /home/alvaro/workspace/ros_ur_driver/install/ur_description/share/ur_description/meshes/ur3/visual/base.dae
[1.497s] -- Up-to-date: /home/alvaro/workspace/ros_ur_driver/install/ur_description/share/ur_description/meshes/ur3/visual/wrist1.dae
[1.497s] -- Up-to-date: /home/alvaro/workspace/ros_ur_driver/install/ur_description/share/ur_description/meshes/ur3/collision
[1.497s] -- Up-to-date: /home/alvaro/workspace/ros_ur_driver/install/ur_description/share/ur_description/meshes/ur3/collision/shoulder.stl
[1.497s] -- Up-to-date: /home/alvaro/workspace/ros_ur_driver/install/ur_description/share/ur_description/meshes/ur3/collision/forearm.stl
[1.497s] -- Up-to-date: /home/alvaro/workspace/ros_ur_driver/install/ur_description/share/ur_description/meshes/ur3/collision/wrist1.stl
[1.497s] -- Up-to-date: /home/alvaro/workspace/ros_ur_driver/install/ur_description/share/ur_description/meshes/ur3/collision/base.stl
[1.497s] -- Up-to-date: /home/alvaro/workspace/ros_ur_driver/install/ur_description/share/ur_description/meshes/ur3/collision/upperarm.stl
[1.497s] -- Up-to-date: /home/alvaro/workspace/ros_ur_driver/install/ur_description/share/ur_description/meshes/ur3/collision/wrist2.stl
[1.498s] -- Up-to-date: /home/alvaro/workspace/ros_ur_driver/install/ur_description/share/ur_description/meshes/ur3/collision/wrist3.stl
[1.498s] -- Up-to-date: /home/alvaro/workspace/ros_ur_driver/install/ur_description/share/ur_description/meshes/ur16e
[1.498s] -- Up-to-date: /home/alvaro/workspace/ros_ur_driver/install/ur_description/share/ur_description/meshes/ur16e/visual
[1.498s] -- Up-to-date: /home/alvaro/workspace/ros_ur_driver/install/ur_description/share/ur_description/meshes/ur16e/visual/forearm.dae
[1.498s] -- Up-to-date: /home/alvaro/workspace/ros_ur_driver/install/ur_description/share/ur_description/meshes/ur16e/visual/upperarm.dae
[1.498s] -- Up-to-date: /home/alvaro/workspace/ros_ur_driver/install/ur_description/share/ur_description/meshes/ur16e/collision
[1.498s] -- Up-to-date: /home/alvaro/workspace/ros_ur_driver/install/ur_description/share/ur_description/meshes/ur16e/collision/forearm.stl
[1.498s] -- Up-to-date: /home/alvaro/workspace/ros_ur_driver/install/ur_description/share/ur_description/meshes/ur16e/collision/upperarm.stl
[1.498s] -- Up-to-date: /home/alvaro/workspace/ros_ur_driver/install/ur_description/share/ur_description/meshes/ur10
[1.499s] -- Up-to-date: /home/alvaro/workspace/ros_ur_driver/install/ur_description/share/ur_description/meshes/ur10/visual
[1.499s] -- Up-to-date: /home/alvaro/workspace/ros_ur_driver/install/ur_description/share/ur_description/meshes/ur10/visual/wrist2.dae
[1.499s] -- Up-to-date: /home/alvaro/workspace/ros_ur_driver/install/ur_description/share/ur_description/meshes/ur10/visual/forearm.dae
[1.499s] -- Up-to-date: /home/alvaro/workspace/ros_ur_driver/install/ur_description/share/ur_description/meshes/ur10/visual/shoulder.dae
[1.499s] -- Up-to-date: /home/alvaro/workspace/ros_ur_driver/install/ur_description/share/ur_description/meshes/ur10/visual/wrist3.dae
[1.499s] -- Up-to-date: /home/alvaro/workspace/ros_ur_driver/install/ur_description/share/ur_description/meshes/ur10/visual/upperarm.dae
[1.499s] -- Up-to-date: /home/alvaro/workspace/ros_ur_driver/install/ur_description/share/ur_description/meshes/ur10/visual/base.dae
[1.499s] -- Up-to-date: /home/alvaro/workspace/ros_ur_driver/install/ur_description/share/ur_description/meshes/ur10/visual/wrist1.dae
[1.499s] -- Up-to-date: /home/alvaro/workspace/ros_ur_driver/install/ur_description/share/ur_description/meshes/ur10/collision
[1.499s] -- Up-to-date: /home/alvaro/workspace/ros_ur_driver/install/ur_description/share/ur_description/meshes/ur10/collision/shoulder.stl
[1.500s] -- Up-to-date: /home/alvaro/workspace/ros_ur_driver/install/ur_description/share/ur_description/meshes/ur10/collision/forearm.stl
[1.500s] -- Up-to-date: /home/alvaro/workspace/ros_ur_driver/install/ur_description/share/ur_description/meshes/ur10/collision/wrist1.stl
[1.500s] -- Up-to-date: /home/alvaro/workspace/ros_ur_driver/install/ur_description/share/ur_description/meshes/ur10/collision/base.stl
[1.500s] -- Up-to-date: /home/alvaro/workspace/ros_ur_driver/install/ur_description/share/ur_description/meshes/ur10/collision/upperarm.stl
[1.500s] -- Up-to-date: /home/alvaro/workspace/ros_ur_driver/install/ur_description/share/ur_description/meshes/ur10/collision/wrist2.stl
[1.500s] -- Up-to-date: /home/alvaro/workspace/ros_ur_driver/install/ur_description/share/ur_description/meshes/ur10/collision/wrist3.stl
[1.500s] -- Up-to-date: /home/alvaro/workspace/ros_ur_driver/install/ur_description/share/ur_description/meshes/ur3e
[1.500s] -- Up-to-date: /home/alvaro/workspace/ros_ur_driver/install/ur_description/share/ur_description/meshes/ur3e/visual
[1.500s] -- Up-to-date: /home/alvaro/workspace/ros_ur_driver/install/ur_description/share/ur_description/meshes/ur3e/visual/wrist2.dae
[1.500s] -- Up-to-date: /home/alvaro/workspace/ros_ur_driver/install/ur_description/share/ur_description/meshes/ur3e/visual/forearm.dae
[1.501s] -- Up-to-date: /home/alvaro/workspace/ros_ur_driver/install/ur_description/share/ur_description/meshes/ur3e/visual/shoulder.dae
[1.501s] -- Up-to-date: /home/alvaro/workspace/ros_ur_driver/install/ur_description/share/ur_description/meshes/ur3e/visual/wrist3.dae
[1.501s] -- Up-to-date: /home/alvaro/workspace/ros_ur_driver/install/ur_description/share/ur_description/meshes/ur3e/visual/upperarm.dae
[1.501s] -- Up-to-date: /home/alvaro/workspace/ros_ur_driver/install/ur_description/share/ur_description/meshes/ur3e/visual/base.dae
[1.501s] -- Up-to-date: /home/alvaro/workspace/ros_ur_driver/install/ur_description/share/ur_description/meshes/ur3e/visual/wrist1.dae
[1.501s] -- Up-to-date: /home/alvaro/workspace/ros_ur_driver/install/ur_description/share/ur_description/meshes/ur3e/collision
[1.501s] -- Up-to-date: /home/alvaro/workspace/ros_ur_driver/install/ur_description/share/ur_description/meshes/ur3e/collision/shoulder.stl
[1.501s] -- Up-to-date: /home/alvaro/workspace/ros_ur_driver/install/ur_description/share/ur_description/meshes/ur3e/collision/forearm.stl
[1.501s] -- Up-to-date: /home/alvaro/workspace/ros_ur_driver/install/ur_description/share/ur_description/meshes/ur3e/collision/wrist1.stl
[1.501s] -- Up-to-date: /home/alvaro/workspace/ros_ur_driver/install/ur_description/share/ur_description/meshes/ur3e/collision/base.stl
[1.502s] -- Up-to-date: /home/alvaro/workspace/ros_ur_driver/install/ur_description/share/ur_description/meshes/ur3e/collision/upperarm.stl
[1.502s] -- Up-to-date: /home/alvaro/workspace/ros_ur_driver/install/ur_description/share/ur_description/meshes/ur3e/collision/wrist2.stl
[1.502s] -- Up-to-date: /home/alvaro/workspace/ros_ur_driver/install/ur_description/share/ur_description/meshes/ur3e/collision/wrist3.stl
[1.502s] -- Up-to-date: /home/alvaro/workspace/ros_ur_driver/install/ur_description/share/ur_description/meshes/ur5e
[1.502s] -- Up-to-date: /home/alvaro/workspace/ros_ur_driver/install/ur_description/share/ur_description/meshes/ur5e/visual
[1.502s] -- Up-to-date: /home/alvaro/workspace/ros_ur_driver/install/ur_description/share/ur_description/meshes/ur5e/visual/wrist2.dae
[1.502s] -- Up-to-date: /home/alvaro/workspace/ros_ur_driver/install/ur_description/share/ur_description/meshes/ur5e/visual/forearm.dae
[1.502s] -- Up-to-date: /home/alvaro/workspace/ros_ur_driver/install/ur_description/share/ur_description/meshes/ur5e/visual/shoulder.dae
[1.502s] -- Up-to-date: /home/alvaro/workspace/ros_ur_driver/install/ur_description/share/ur_description/meshes/ur5e/visual/wrist3.dae
[1.502s] -- Up-to-date: /home/alvaro/workspace/ros_ur_driver/install/ur_description/share/ur_description/meshes/ur5e/visual/upperarm.dae
[1.502s] -- Up-to-date: /home/alvaro/workspace/ros_ur_driver/install/ur_description/share/ur_description/meshes/ur5e/visual/base.dae
[1.503s] -- Up-to-date: /home/alvaro/workspace/ros_ur_driver/install/ur_description/share/ur_description/meshes/ur5e/visual/wrist1.dae
[1.503s] -- Up-to-date: /home/alvaro/workspace/ros_ur_driver/install/ur_description/share/ur_description/meshes/ur5e/collision
[1.503s] -- Up-to-date: /home/alvaro/workspace/ros_ur_driver/install/ur_description/share/ur_description/meshes/ur5e/collision/shoulder.stl
[1.503s] -- Up-to-date: /home/alvaro/workspace/ros_ur_driver/install/ur_description/share/ur_description/meshes/ur5e/collision/forearm.stl
[1.503s] -- Up-to-date: /home/alvaro/workspace/ros_ur_driver/install/ur_description/share/ur_description/meshes/ur5e/collision/wrist1.stl
[1.503s] -- Up-to-date: /home/alvaro/workspace/ros_ur_driver/install/ur_description/share/ur_description/meshes/ur5e/collision/base.stl
[1.503s] -- Up-to-date: /home/alvaro/workspace/ros_ur_driver/install/ur_description/share/ur_description/meshes/ur5e/collision/upperarm.stl
[1.503s] -- Up-to-date: /home/alvaro/workspace/ros_ur_driver/install/ur_description/share/ur_description/meshes/ur5e/collision/wrist2.stl
[1.503s] -- Up-to-date: /home/alvaro/workspace/ros_ur_driver/install/ur_description/share/ur_description/meshes/ur5e/collision/wrist3.stl
[1.504s] -- Up-to-date: /home/alvaro/workspace/ros_ur_driver/install/ur_description/share/ur_description/meshes/ur10e
[1.504s] -- Up-to-date: /home/alvaro/workspace/ros_ur_driver/install/ur_description/share/ur_description/meshes/ur10e/visual
[1.504s] -- Up-to-date: /home/alvaro/workspace/ros_ur_driver/install/ur_description/share/ur_description/meshes/ur10e/visual/wrist2.dae
[1.504s] -- Up-to-date: /home/alvaro/workspace/ros_ur_driver/install/ur_description/share/ur_description/meshes/ur10e/visual/forearm.dae
[1.504s] -- Up-to-date: /home/alvaro/workspace/ros_ur_driver/install/ur_description/share/ur_description/meshes/ur10e/visual/shoulder.dae
[1.504s] -- Up-to-date: /home/alvaro/workspace/ros_ur_driver/install/ur_description/share/ur_description/meshes/ur10e/visual/wrist3.dae
[1.504s] -- Up-to-date: /home/alvaro/workspace/ros_ur_driver/install/ur_description/share/ur_description/meshes/ur10e/visual/upperarm.dae
[1.504s] -- Up-to-date: /home/alvaro/workspace/ros_ur_driver/install/ur_description/share/ur_description/meshes/ur10e/visual/base.dae
[1.504s] -- Up-to-date: /home/alvaro/workspace/ros_ur_driver/install/ur_description/share/ur_description/meshes/ur10e/visual/wrist1.dae
[1.504s] -- Up-to-date: /home/alvaro/workspace/ros_ur_driver/install/ur_description/share/ur_description/meshes/ur10e/collision
[1.504s] -- Up-to-date: /home/alvaro/workspace/ros_ur_driver/install/ur_description/share/ur_description/meshes/ur10e/collision/shoulder.stl
[1.504s] -- Up-to-date: /home/alvaro/workspace/ros_ur_driver/install/ur_description/share/ur_description/meshes/ur10e/collision/forearm.stl
[1.505s] -- Up-to-date: /home/alvaro/workspace/ros_ur_driver/install/ur_description/share/ur_description/meshes/ur10e/collision/wrist1.stl
[1.505s] -- Up-to-date: /home/alvaro/workspace/ros_ur_driver/install/ur_description/share/ur_description/meshes/ur10e/collision/base.stl
[1.505s] -- Up-to-date: /home/alvaro/workspace/ros_ur_driver/install/ur_description/share/ur_description/meshes/ur10e/collision/upperarm.stl
[1.505s] -- Up-to-date: /home/alvaro/workspace/ros_ur_driver/install/ur_description/share/ur_description/meshes/ur10e/collision/wrist2.stl
[1.505s] -- Up-to-date: /home/alvaro/workspace/ros_ur_driver/install/ur_description/share/ur_description/meshes/ur10e/collision/wrist3.stl
[1.505s] -- Up-to-date: /home/alvaro/workspace/ros_ur_driver/install/ur_description/share/ur_description/meshes/ur5
[1.505s] -- Up-to-date: /home/alvaro/workspace/ros_ur_driver/install/ur_description/share/ur_description/meshes/ur5/visual
[1.505s] -- Up-to-date: /home/alvaro/workspace/ros_ur_driver/install/ur_description/share/ur_description/meshes/ur5/visual/wrist2.dae
[1.505s] -- Up-to-date: /home/alvaro/workspace/ros_ur_driver/install/ur_description/share/ur_description/meshes/ur5/visual/forearm.dae
[1.505s] -- Up-to-date: /home/alvaro/workspace/ros_ur_driver/install/ur_description/share/ur_description/meshes/ur5/visual/shoulder.dae
[1.505s] -- Up-to-date: /home/alvaro/workspace/ros_ur_driver/install/ur_description/share/ur_description/meshes/ur5/visual/wrist3.dae
[1.506s] -- Up-to-date: /home/alvaro/workspace/ros_ur_driver/install/ur_description/share/ur_description/meshes/ur5/visual/upperarm.dae
[1.506s] -- Up-to-date: /home/alvaro/workspace/ros_ur_driver/install/ur_description/share/ur_description/meshes/ur5/visual/base.dae
[1.506s] -- Up-to-date: /home/alvaro/workspace/ros_ur_driver/install/ur_description/share/ur_description/meshes/ur5/visual/wrist1.dae
[1.506s] -- Up-to-date: /home/alvaro/workspace/ros_ur_driver/install/ur_description/share/ur_description/meshes/ur5/collision
[1.506s] -- Up-to-date: /home/alvaro/workspace/ros_ur_driver/install/ur_description/share/ur_description/meshes/ur5/collision/shoulder.stl
[1.506s] -- Up-to-date: /home/alvaro/workspace/ros_ur_driver/install/ur_description/share/ur_description/meshes/ur5/collision/forearm.stl
[1.506s] -- Up-to-date: /home/alvaro/workspace/ros_ur_driver/install/ur_description/share/ur_description/meshes/ur5/collision/wrist1.stl
[1.506s] -- Up-to-date: /home/alvaro/workspace/ros_ur_driver/install/ur_description/share/ur_description/meshes/ur5/collision/base.stl
[1.506s] -- Up-to-date: /home/alvaro/workspace/ros_ur_driver/install/ur_description/share/ur_description/meshes/ur5/collision/upperarm.stl
[1.506s] -- Up-to-date: /home/alvaro/workspace/ros_ur_driver/install/ur_description/share/ur_description/meshes/ur5/collision/wrist2.stl
[1.506s] -- Up-to-date: /home/alvaro/workspace/ros_ur_driver/install/ur_description/share/ur_description/meshes/ur5/collision/wrist3.stl
[1.506s] -- Up-to-date: /home/alvaro/workspace/ros_ur_driver/install/ur_description/share/ur_description/rviz
[1.507s] -- Up-to-date: /home/alvaro/workspace/ros_ur_driver/install/ur_description/share/ur_description/rviz/view_robot.rviz
[1.507s] -- Up-to-date: /home/alvaro/workspace/ros_ur_driver/install/ur_description/share/ur_description/urdf
[1.507s] -- Up-to-date: /home/alvaro/workspace/ros_ur_driver/install/ur_description/share/ur_description/urdf/ur.ros2_control.xacro
[1.507s] -- Up-to-date: /home/alvaro/workspace/ros_ur_driver/install/ur_description/share/ur_description/urdf/inc
[1.507s] -- Up-to-date: /home/alvaro/workspace/ros_ur_driver/install/ur_description/share/ur_description/urdf/inc/ur_common.xacro
[1.507s] -- Up-to-date: /home/alvaro/workspace/ros_ur_driver/install/ur_description/share/ur_description/urdf/inc/ur_transmissions.xacro
[1.507s] -- Up-to-date: /home/alvaro/workspace/ros_ur_driver/install/ur_description/share/ur_description/urdf/ur.urdf.xacro
[1.507s] -- Up-to-date: /home/alvaro/workspace/ros_ur_driver/install/ur_description/share/ur_description/urdf/ur_macro.xacro
[1.507s] -- Up-to-date: /home/alvaro/workspace/ros_ur_driver/install/ur_description/share/ur_description/urdf/mirobotUR.urdf
[1.507s] -- Up-to-date: /home/alvaro/workspace/ros_ur_driver/install/ur_description/share/ament_index/resource_index/package_run_dependencies/ur_description
[1.507s] -- Installing: /home/alvaro/workspace/ros_ur_driver/install/ur_description/share/ament_index/resource_index/parent_prefix_path/ur_description
[1.508s] -- Installing: /home/alvaro/workspace/ros_ur_driver/install/ur_description/share/ur_description/environment/ament_prefix_path.sh
[1.508s] -- Installing: /home/alvaro/workspace/ros_ur_driver/install/ur_description/share/ur_description/environment/ament_prefix_path.dsv
[1.508s] -- Installing: /home/alvaro/workspace/ros_ur_driver/install/ur_description/share/ur_description/environment/path.sh
[1.508s] -- Installing: /home/alvaro/workspace/ros_ur_driver/install/ur_description/share/ur_description/environment/path.dsv
[1.508s] -- Up-to-date: /home/alvaro/workspace/ros_ur_driver/install/ur_description/share/ur_description/local_setup.bash
[1.508s] -- Up-to-date: /home/alvaro/workspace/ros_ur_driver/install/ur_description/share/ur_description/local_setup.sh
[1.508s] -- Up-to-date: /home/alvaro/workspace/ros_ur_driver/install/ur_description/share/ur_description/local_setup.zsh
[1.508s] -- Installing: /home/alvaro/workspace/ros_ur_driver/install/ur_description/share/ur_description/local_setup.dsv
[1.508s] -- Installing: /home/alvaro/workspace/ros_ur_driver/install/ur_description/share/ur_description/package.dsv
[1.508s] -- Up-to-date: /home/alvaro/workspace/ros_ur_driver/install/ur_description/share/ament_index/resource_index/packages/ur_description
[1.508s] -- Up-to-date: /home/alvaro/workspace/ros_ur_driver/install/ur_description/share/ur_description/cmake/ur_descriptionConfig.cmake
[1.509s] -- Up-to-date: /home/alvaro/workspace/ros_ur_driver/install/ur_description/share/ur_description/cmake/ur_descriptionConfig-version.cmake
[1.509s] -- Up-to-date: /home/alvaro/workspace/ros_ur_driver/install/ur_description/share/ur_description/package.xml
[1.511s] Invoked command in '/home/alvaro/workspace/ros_ur_driver/build/ur_description' returned '0': CMAKE_PREFIX_PATH=${CMAKE_PREFIX_PATH}:/home/alvaro/ros2_ws/install/ros2controlcli:/home/alvaro/ros2_ws/install/ros2_control_test_nodes:/home/alvaro/dev_ws/install/ros2test:/opt/ros/foxy /usr/bin/cmake --install /home/alvaro/workspace/ros_ur_driver/build/ur_description
