[0.213s] Invoking command in '/home/alvaro/workspace/ros_ur_driver/build/ur_calibration': CMAKE_PREFIX_PATH=/home/alvaro/workspace/ros_ur_driver/install/ur_robot_driver:/home/alvaro/workspace/ros_ur_driver/install/ur_bringup:/home/alvaro/workspace/ros_ur_driver/install/ur_controllers:/home/alvaro/workspace/ros_ur_driver/install/ur_moveit_config:/home/alvaro/workspace/ros_ur_driver/install/ur_description:/home/alvaro/workspace/ros_ur_driver/install/ur_dashboard_msgs:/home/alvaro/workspace/ros_ur_driver/install/ur_calibration:/home/alvaro/workspace/ros_ur_driver/install/ros2_control_demos:/home/alvaro/workspace/ros_ur_driver/install/ros2_control_demo_bringup:/home/alvaro/workspace/ros_ur_driver/install/rrbot_description:/home/alvaro/workspace/ros_ur_driver/install/ros2_control_demo_hardware:/home/alvaro/workspace/ros_ur_driver/install/ros2_control_demo_description:/home/alvaro/workspace/ros_ur_driver/install/diffbot_description:/home/alvaro/dev_ws/install/turtlesim:/home/alvaro/dev_ws/install/ros_testing:/home/alvaro/dev_ws/install/ros2srrc_ur3_moveit2:/home/alvaro/dev_ws/install/ros2srrc_ur3_gazebo:/home/alvaro/dev_ws/install/ros2srrc_ur3_bringup:/home/alvaro/dev_ws/install/ros2srrc_irb120_moveit2:/home/alvaro/dev_ws/install/ros2srrc_irb120_gazebo:/home/alvaro/dev_ws/install/ros2srrc_irb120_bringup:/home/alvaro/dev_ws/install/ros2srrc_execution:/home/alvaro/dev_ws/install/ros2srrc_data:/home/alvaro/dev_ws/install/ros2_linkattacher:/home/alvaro/dev_ws/install/linkattacher_msgs:/home/alvaro/dev_ws/install/abb_rws_client:/home/alvaro/dev_ws/install/abb_ros2:/home/alvaro/dev_ws/install/abb_robot_msgs:/home/alvaro/dev_ws/install/abb_resources:/home/alvaro/dev_ws/install/abb_rapid_sm_addin_msgs:/home/alvaro/dev_ws/install/abb_rapid_msgs:/home/alvaro/dev_ws/install/abb_hardware_interface:/home/alvaro/dev_ws/install/abb_egm_rws_managers:/home/alvaro/dev_ws/install/abb_librws:/home/alvaro/dev_ws/install/abb_libegm:/home/alvaro/dev_ws/install/abb_irb4600_support:/home/alvaro/dev_ws/install/abb_irb1200_5_90_moveit_config:/home/alvaro/dev_ws/install/abb_irb1200_support:/home/alvaro/dev_ws/install/abb_egm_msgs:/home/alvaro/dev_ws/install/abb_bringup:/home/alvaro/workspace/ros_ur_driver/install/ros2_control_test_nodes:/home/alvaro/dev_ws/install/ros2test:/opt/ros/foxy /usr/bin/cmake /home/alvaro/workspace/ros_ur_driver/src/Universal_Robots_ROS2_Driver/ur_calibration -DCMAKE_BUILD_TYPE=Release -DCMAKE_INSTALL_PREFIX=/home/alvaro/workspace/ros_ur_driver/install/ur_calibration
[0.294s] -- The C compiler identification is GNU 9.4.0
[0.375s] -- The CXX compiler identification is GNU 9.4.0
[0.382s] -- Check for working C compiler: /usr/bin/cc
[0.469s] -- Check for working C compiler: /usr/bin/cc -- works
[0.470s] -- Detecting C compiler ABI info
[0.563s] -- Detecting C compiler ABI info - done
[0.577s] -- Detecting C compile features
[0.577s] -- Detecting C compile features - done
[0.579s] -- Check for working CXX compiler: /usr/bin/c++
[0.684s] -- Check for working CXX compiler: /usr/bin/c++ -- works
[0.686s] -- Detecting CXX compiler ABI info
[0.794s] -- Detecting CXX compiler ABI info - done
[0.816s] -- Detecting CXX compile features
[0.816s] -- Detecting CXX compile features - done
[0.820s] -- Found ament_cmake: 0.9.12 (/opt/ros/foxy/share/ament_cmake/cmake)
[0.856s] -- Found PythonInterp: /usr/bin/python3 (found suitable version "3.8.10", minimum required is "3") 
[0.857s] -- Using PYTHON_EXECUTABLE: /usr/bin/python3
[1.087s] -- Found rclcpp: 2.4.3 (/opt/ros/foxy/share/rclcpp/cmake)
[1.152s] -- Using all available rosidl_typesupport_c: rosidl_typesupport_fastrtps_c;rosidl_typesupport_introspection_c
[1.163s] -- Found rosidl_adapter: 1.3.1 (/opt/ros/foxy/share/rosidl_adapter/cmake)
[1.335s] -- Found OpenSSL: /usr/lib/x86_64-linux-gnu/libcrypto.so (found version "1.1.1f")  
[1.376s] -- Found FastRTPS: /opt/ros/foxy/include  
[1.479s] -- Using all available rosidl_typesupport_cpp: rosidl_typesupport_fastrtps_cpp;rosidl_typesupport_introspection_cpp
[1.545s] -- Found rmw_implementation_cmake: 1.0.4 (/opt/ros/foxy/share/rmw_implementation_cmake/cmake)
[1.547s] -- Using RMW implementation 'rmw_fastrtps_cpp' as default
[1.548s] -- Looking for pthread.h
[1.650s] -- Looking for pthread.h - found
[1.650s] -- Performing Test CMAKE_HAVE_LIBC_PTHREAD
[1.758s] -- Performing Test CMAKE_HAVE_LIBC_PTHREAD - Failed
[1.758s] -- Looking for pthread_create in pthreads
[1.851s] -- Looking for pthread_create in pthreads - not found
[1.852s] -- Looking for pthread_create in pthread
[1.956s] -- Looking for pthread_create in pthread - found
[1.959s] -- Found Threads: TRUE  
[2.109s] -- Found ur_robot_driver: 2.0.2 (/home/alvaro/workspace/ros_ur_driver/install/ur_robot_driver/share/ur_robot_driver/cmake)
[3.586s] -- Found ament_cmake_gmock: 0.9.12 (/opt/ros/foxy/share/ament_cmake_gmock/cmake)
[3.589s] -- Found gmock sources under '/opt/ros/foxy/src/gmock_vendor': C++ tests using 'Google Mock' will be built
[3.597s] -- Found ament_cmake_gtest: 0.9.12 (/opt/ros/foxy/share/ament_cmake_gtest/cmake)
[3.597s] -- Found gtest sources under '/opt/ros/foxy/src/gtest_vendor': C++ tests using 'Google Test' will be built
[3.669s] -- Configuring done
[3.738s] -- Generating done
[3.740s] -- Build files have been written to: /home/alvaro/workspace/ros_ur_driver/build/ur_calibration
[3.751s] Invoked command in '/home/alvaro/workspace/ros_ur_driver/build/ur_calibration' returned '0': CMAKE_PREFIX_PATH=/home/alvaro/workspace/ros_ur_driver/install/ur_robot_driver:/home/alvaro/workspace/ros_ur_driver/install/ur_bringup:/home/alvaro/workspace/ros_ur_driver/install/ur_controllers:/home/alvaro/workspace/ros_ur_driver/install/ur_moveit_config:/home/alvaro/workspace/ros_ur_driver/install/ur_description:/home/alvaro/workspace/ros_ur_driver/install/ur_dashboard_msgs:/home/alvaro/workspace/ros_ur_driver/install/ur_calibration:/home/alvaro/workspace/ros_ur_driver/install/ros2_control_demos:/home/alvaro/workspace/ros_ur_driver/install/ros2_control_demo_bringup:/home/alvaro/workspace/ros_ur_driver/install/rrbot_description:/home/alvaro/workspace/ros_ur_driver/install/ros2_control_demo_hardware:/home/alvaro/workspace/ros_ur_driver/install/ros2_control_demo_description:/home/alvaro/workspace/ros_ur_driver/install/diffbot_description:/home/alvaro/dev_ws/install/turtlesim:/home/alvaro/dev_ws/install/ros_testing:/home/alvaro/dev_ws/install/ros2srrc_ur3_moveit2:/home/alvaro/dev_ws/install/ros2srrc_ur3_gazebo:/home/alvaro/dev_ws/install/ros2srrc_ur3_bringup:/home/alvaro/dev_ws/install/ros2srrc_irb120_moveit2:/home/alvaro/dev_ws/install/ros2srrc_irb120_gazebo:/home/alvaro/dev_ws/install/ros2srrc_irb120_bringup:/home/alvaro/dev_ws/install/ros2srrc_execution:/home/alvaro/dev_ws/install/ros2srrc_data:/home/alvaro/dev_ws/install/ros2_linkattacher:/home/alvaro/dev_ws/install/linkattacher_msgs:/home/alvaro/dev_ws/install/abb_rws_client:/home/alvaro/dev_ws/install/abb_ros2:/home/alvaro/dev_ws/install/abb_robot_msgs:/home/alvaro/dev_ws/install/abb_resources:/home/alvaro/dev_ws/install/abb_rapid_sm_addin_msgs:/home/alvaro/dev_ws/install/abb_rapid_msgs:/home/alvaro/dev_ws/install/abb_hardware_interface:/home/alvaro/dev_ws/install/abb_egm_rws_managers:/home/alvaro/dev_ws/install/abb_librws:/home/alvaro/dev_ws/install/abb_libegm:/home/alvaro/dev_ws/install/abb_irb4600_support:/home/alvaro/dev_ws/install/abb_irb1200_5_90_moveit_config:/home/alvaro/dev_ws/install/abb_irb1200_support:/home/alvaro/dev_ws/install/abb_egm_msgs:/home/alvaro/dev_ws/install/abb_bringup:/home/alvaro/workspace/ros_ur_driver/install/ros2_control_test_nodes:/home/alvaro/dev_ws/install/ros2test:/opt/ros/foxy /usr/bin/cmake /home/alvaro/workspace/ros_ur_driver/src/Universal_Robots_ROS2_Driver/ur_calibration -DCMAKE_BUILD_TYPE=Release -DCMAKE_INSTALL_PREFIX=/home/alvaro/workspace/ros_ur_driver/install/ur_calibration
[3.756s] Invoking command in '/home/alvaro/workspace/ros_ur_driver/build/ur_calibration': CMAKE_PREFIX_PATH=/home/alvaro/workspace/ros_ur_driver/install/ur_robot_driver:/home/alvaro/workspace/ros_ur_driver/install/ur_bringup:/home/alvaro/workspace/ros_ur_driver/install/ur_controllers:/home/alvaro/workspace/ros_ur_driver/install/ur_moveit_config:/home/alvaro/workspace/ros_ur_driver/install/ur_description:/home/alvaro/workspace/ros_ur_driver/install/ur_dashboard_msgs:/home/alvaro/workspace/ros_ur_driver/install/ur_calibration:/home/alvaro/workspace/ros_ur_driver/install/ros2_control_demos:/home/alvaro/workspace/ros_ur_driver/install/ros2_control_demo_bringup:/home/alvaro/workspace/ros_ur_driver/install/rrbot_description:/home/alvaro/workspace/ros_ur_driver/install/ros2_control_demo_hardware:/home/alvaro/workspace/ros_ur_driver/install/ros2_control_demo_description:/home/alvaro/workspace/ros_ur_driver/install/diffbot_description:/home/alvaro/dev_ws/install/turtlesim:/home/alvaro/dev_ws/install/ros_testing:/home/alvaro/dev_ws/install/ros2srrc_ur3_moveit2:/home/alvaro/dev_ws/install/ros2srrc_ur3_gazebo:/home/alvaro/dev_ws/install/ros2srrc_ur3_bringup:/home/alvaro/dev_ws/install/ros2srrc_irb120_moveit2:/home/alvaro/dev_ws/install/ros2srrc_irb120_gazebo:/home/alvaro/dev_ws/install/ros2srrc_irb120_bringup:/home/alvaro/dev_ws/install/ros2srrc_execution:/home/alvaro/dev_ws/install/ros2srrc_data:/home/alvaro/dev_ws/install/ros2_linkattacher:/home/alvaro/dev_ws/install/linkattacher_msgs:/home/alvaro/dev_ws/install/abb_rws_client:/home/alvaro/dev_ws/install/abb_ros2:/home/alvaro/dev_ws/install/abb_robot_msgs:/home/alvaro/dev_ws/install/abb_resources:/home/alvaro/dev_ws/install/abb_rapid_sm_addin_msgs:/home/alvaro/dev_ws/install/abb_rapid_msgs:/home/alvaro/dev_ws/install/abb_hardware_interface:/home/alvaro/dev_ws/install/abb_egm_rws_managers:/home/alvaro/dev_ws/install/abb_librws:/home/alvaro/dev_ws/install/abb_libegm:/home/alvaro/dev_ws/install/abb_irb4600_support:/home/alvaro/dev_ws/install/abb_irb1200_5_90_moveit_config:/home/alvaro/dev_ws/install/abb_irb1200_support:/home/alvaro/dev_ws/install/abb_egm_msgs:/home/alvaro/dev_ws/install/abb_bringup:/home/alvaro/workspace/ros_ur_driver/install/ros2_control_test_nodes:/home/alvaro/dev_ws/install/ros2test:/opt/ros/foxy /usr/bin/cmake --build /home/alvaro/workspace/ros_ur_driver/build/ur_calibration -- -j12 -l12
[3.815s] [35m[1mScanning dependencies of target calibration_correction[0m
[3.816s] [35m[1mScanning dependencies of target gmock[0m
[3.817s] [35m[1mScanning dependencies of target gmock_main[0m
[3.840s] [  8%] [32mBuilding CXX object gmock/CMakeFiles/gmock_main.dir/src/gmock_main.cc.o[0m
[3.844s] [ 16%] [32mBuilding CXX object gmock/CMakeFiles/gmock.dir/opt/ros/foxy/src/gtest_vendor/src/gtest-all.cc.o[0m
[3.849s] [ 25%] [32mBuilding CXX object gmock/CMakeFiles/gmock.dir/src/gmock-all.cc.o[0m
[3.943s] [ 50%] [32mBuilding CXX object CMakeFiles/calibration_correction.dir/src/calibration_correction.cpp.o[0m
[3.943s] [ 50%] [32mBuilding CXX object CMakeFiles/calibration_correction.dir/src/calibration.cpp.o[0m
[3.943s] [ 50%] [32mBuilding CXX object CMakeFiles/calibration_correction.dir/src/calibration_consumer.cpp.o[0m
[4.740s] [ 58%] [32m[1mLinking CXX static library libgmock_main.a[0m
[4.783s] [ 58%] Built target gmock_main
[8.865s] [ 66%] [32m[1mLinking CXX executable calibration_correction[0m
[9.063s] [ 66%] Built target calibration_correction
[10.706s] [ 75%] [32m[1mLinking CXX static library libgmock.a[0m
[10.765s] [ 75%] Built target gmock
[10.785s] [35m[1mScanning dependencies of target calibration_test[0m
[10.854s] [ 83%] [32mBuilding CXX object CMakeFiles/calibration_test.dir/src/calibration.cpp.o[0m
[10.856s] [ 91%] [32mBuilding CXX object CMakeFiles/calibration_test.dir/test/calibration_test.cpp.o[0m
[15.073s] [100%] [32m[1mLinking CXX executable calibration_test[0m
[15.331s] [100%] Built target calibration_test
[15.343s] Invoked command in '/home/alvaro/workspace/ros_ur_driver/build/ur_calibration' returned '0': CMAKE_PREFIX_PATH=/home/alvaro/workspace/ros_ur_driver/install/ur_robot_driver:/home/alvaro/workspace/ros_ur_driver/install/ur_bringup:/home/alvaro/workspace/ros_ur_driver/install/ur_controllers:/home/alvaro/workspace/ros_ur_driver/install/ur_moveit_config:/home/alvaro/workspace/ros_ur_driver/install/ur_description:/home/alvaro/workspace/ros_ur_driver/install/ur_dashboard_msgs:/home/alvaro/workspace/ros_ur_driver/install/ur_calibration:/home/alvaro/workspace/ros_ur_driver/install/ros2_control_demos:/home/alvaro/workspace/ros_ur_driver/install/ros2_control_demo_bringup:/home/alvaro/workspace/ros_ur_driver/install/rrbot_description:/home/alvaro/workspace/ros_ur_driver/install/ros2_control_demo_hardware:/home/alvaro/workspace/ros_ur_driver/install/ros2_control_demo_description:/home/alvaro/workspace/ros_ur_driver/install/diffbot_description:/home/alvaro/dev_ws/install/turtlesim:/home/alvaro/dev_ws/install/ros_testing:/home/alvaro/dev_ws/install/ros2srrc_ur3_moveit2:/home/alvaro/dev_ws/install/ros2srrc_ur3_gazebo:/home/alvaro/dev_ws/install/ros2srrc_ur3_bringup:/home/alvaro/dev_ws/install/ros2srrc_irb120_moveit2:/home/alvaro/dev_ws/install/ros2srrc_irb120_gazebo:/home/alvaro/dev_ws/install/ros2srrc_irb120_bringup:/home/alvaro/dev_ws/install/ros2srrc_execution:/home/alvaro/dev_ws/install/ros2srrc_data:/home/alvaro/dev_ws/install/ros2_linkattacher:/home/alvaro/dev_ws/install/linkattacher_msgs:/home/alvaro/dev_ws/install/abb_rws_client:/home/alvaro/dev_ws/install/abb_ros2:/home/alvaro/dev_ws/install/abb_robot_msgs:/home/alvaro/dev_ws/install/abb_resources:/home/alvaro/dev_ws/install/abb_rapid_sm_addin_msgs:/home/alvaro/dev_ws/install/abb_rapid_msgs:/home/alvaro/dev_ws/install/abb_hardware_interface:/home/alvaro/dev_ws/install/abb_egm_rws_managers:/home/alvaro/dev_ws/install/abb_librws:/home/alvaro/dev_ws/install/abb_libegm:/home/alvaro/dev_ws/install/abb_irb4600_support:/home/alvaro/dev_ws/install/abb_irb1200_5_90_moveit_config:/home/alvaro/dev_ws/install/abb_irb1200_support:/home/alvaro/dev_ws/install/abb_egm_msgs:/home/alvaro/dev_ws/install/abb_bringup:/home/alvaro/workspace/ros_ur_driver/install/ros2_control_test_nodes:/home/alvaro/dev_ws/install/ros2test:/opt/ros/foxy /usr/bin/cmake --build /home/alvaro/workspace/ros_ur_driver/build/ur_calibration -- -j12 -l12
[15.403s] Invoking command in '/home/alvaro/workspace/ros_ur_driver/build/ur_calibration': CMAKE_PREFIX_PATH=/home/alvaro/workspace/ros_ur_driver/install/ur_robot_driver:/home/alvaro/workspace/ros_ur_driver/install/ur_bringup:/home/alvaro/workspace/ros_ur_driver/install/ur_controllers:/home/alvaro/workspace/ros_ur_driver/install/ur_moveit_config:/home/alvaro/workspace/ros_ur_driver/install/ur_description:/home/alvaro/workspace/ros_ur_driver/install/ur_dashboard_msgs:/home/alvaro/workspace/ros_ur_driver/install/ur_calibration:/home/alvaro/workspace/ros_ur_driver/install/ros2_control_demos:/home/alvaro/workspace/ros_ur_driver/install/ros2_control_demo_bringup:/home/alvaro/workspace/ros_ur_driver/install/rrbot_description:/home/alvaro/workspace/ros_ur_driver/install/ros2_control_demo_hardware:/home/alvaro/workspace/ros_ur_driver/install/ros2_control_demo_description:/home/alvaro/workspace/ros_ur_driver/install/diffbot_description:/home/alvaro/dev_ws/install/turtlesim:/home/alvaro/dev_ws/install/ros_testing:/home/alvaro/dev_ws/install/ros2srrc_ur3_moveit2:/home/alvaro/dev_ws/install/ros2srrc_ur3_gazebo:/home/alvaro/dev_ws/install/ros2srrc_ur3_bringup:/home/alvaro/dev_ws/install/ros2srrc_irb120_moveit2:/home/alvaro/dev_ws/install/ros2srrc_irb120_gazebo:/home/alvaro/dev_ws/install/ros2srrc_irb120_bringup:/home/alvaro/dev_ws/install/ros2srrc_execution:/home/alvaro/dev_ws/install/ros2srrc_data:/home/alvaro/dev_ws/install/ros2_linkattacher:/home/alvaro/dev_ws/install/linkattacher_msgs:/home/alvaro/dev_ws/install/abb_rws_client:/home/alvaro/dev_ws/install/abb_ros2:/home/alvaro/dev_ws/install/abb_robot_msgs:/home/alvaro/dev_ws/install/abb_resources:/home/alvaro/dev_ws/install/abb_rapid_sm_addin_msgs:/home/alvaro/dev_ws/install/abb_rapid_msgs:/home/alvaro/dev_ws/install/abb_hardware_interface:/home/alvaro/dev_ws/install/abb_egm_rws_managers:/home/alvaro/dev_ws/install/abb_librws:/home/alvaro/dev_ws/install/abb_libegm:/home/alvaro/dev_ws/install/abb_irb4600_support:/home/alvaro/dev_ws/install/abb_irb1200_5_90_moveit_config:/home/alvaro/dev_ws/install/abb_irb1200_support:/home/alvaro/dev_ws/install/abb_egm_msgs:/home/alvaro/dev_ws/install/abb_bringup:/home/alvaro/workspace/ros_ur_driver/install/ros2_control_test_nodes:/home/alvaro/dev_ws/install/ros2test:/opt/ros/foxy /usr/bin/cmake --install /home/alvaro/workspace/ros_ur_driver/build/ur_calibration
[15.418s] -- Install configuration: "Release"
[15.418s] -- Installing: /home/alvaro/workspace/ros_ur_driver/install/ur_calibration/lib/ur_calibration/calibration_correction
[15.419s] -- Set runtime path of "/home/alvaro/workspace/ros_ur_driver/install/ur_calibration/lib/ur_calibration/calibration_correction" to ""
[15.419s] -- Installing: /home/alvaro/workspace/ros_ur_driver/install/ur_calibration/include
[15.419s] -- Installing: /home/alvaro/workspace/ros_ur_driver/install/ur_calibration/include/ur_calibration
[15.419s] -- Installing: /home/alvaro/workspace/ros_ur_driver/install/ur_calibration/include/ur_calibration/calibration_consumer.hpp
[15.419s] -- Installing: /home/alvaro/workspace/ros_ur_driver/install/ur_calibration/include/ur_calibration/calibration.hpp
[15.420s] -- Installing: /home/alvaro/workspace/ros_ur_driver/install/ur_calibration/share/ur_calibration/launch
[15.420s] -- Installing: /home/alvaro/workspace/ros_ur_driver/install/ur_calibration/share/ur_calibration/launch/calibration_correction.launch.py
[15.420s] -- Installing: /home/alvaro/workspace/ros_ur_driver/install/ur_calibration/share/ament_index/resource_index/package_run_dependencies/ur_calibration
[15.420s] -- Installing: /home/alvaro/workspace/ros_ur_driver/install/ur_calibration/share/ament_index/resource_index/parent_prefix_path/ur_calibration
[15.420s] -- Installing: /home/alvaro/workspace/ros_ur_driver/install/ur_calibration/share/ur_calibration/environment/ament_prefix_path.sh
[15.420s] -- Installing: /home/alvaro/workspace/ros_ur_driver/install/ur_calibration/share/ur_calibration/environment/ament_prefix_path.dsv
[15.421s] -- Installing: /home/alvaro/workspace/ros_ur_driver/install/ur_calibration/share/ur_calibration/environment/path.sh
[15.421s] -- Installing: /home/alvaro/workspace/ros_ur_driver/install/ur_calibration/share/ur_calibration/environment/path.dsv
[15.421s] -- Installing: /home/alvaro/workspace/ros_ur_driver/install/ur_calibration/share/ur_calibration/local_setup.bash
[15.421s] -- Installing: /home/alvaro/workspace/ros_ur_driver/install/ur_calibration/share/ur_calibration/local_setup.sh
[15.421s] -- Installing: /home/alvaro/workspace/ros_ur_driver/install/ur_calibration/share/ur_calibration/local_setup.zsh
[15.421s] -- Installing: /home/alvaro/workspace/ros_ur_driver/install/ur_calibration/share/ur_calibration/local_setup.dsv
[15.422s] -- Installing: /home/alvaro/workspace/ros_ur_driver/install/ur_calibration/share/ur_calibration/package.dsv
[15.422s] -- Installing: /home/alvaro/workspace/ros_ur_driver/install/ur_calibration/share/ament_index/resource_index/packages/ur_calibration
[15.422s] -- Installing: /home/alvaro/workspace/ros_ur_driver/install/ur_calibration/share/ur_calibration/cmake/ament_cmake_export_include_directories-extras.cmake
[15.422s] -- Installing: /home/alvaro/workspace/ros_ur_driver/install/ur_calibration/share/ur_calibration/cmake/ament_cmake_export_dependencies-extras.cmake
[15.422s] -- Installing: /home/alvaro/workspace/ros_ur_driver/install/ur_calibration/share/ur_calibration/cmake/ur_calibrationConfig.cmake
[15.422s] -- Installing: /home/alvaro/workspace/ros_ur_driver/install/ur_calibration/share/ur_calibration/cmake/ur_calibrationConfig-version.cmake
[15.423s] -- Installing: /home/alvaro/workspace/ros_ur_driver/install/ur_calibration/share/ur_calibration/package.xml
[15.424s] Invoked command in '/home/alvaro/workspace/ros_ur_driver/build/ur_calibration' returned '0': CMAKE_PREFIX_PATH=/home/alvaro/workspace/ros_ur_driver/install/ur_robot_driver:/home/alvaro/workspace/ros_ur_driver/install/ur_bringup:/home/alvaro/workspace/ros_ur_driver/install/ur_controllers:/home/alvaro/workspace/ros_ur_driver/install/ur_moveit_config:/home/alvaro/workspace/ros_ur_driver/install/ur_description:/home/alvaro/workspace/ros_ur_driver/install/ur_dashboard_msgs:/home/alvaro/workspace/ros_ur_driver/install/ur_calibration:/home/alvaro/workspace/ros_ur_driver/install/ros2_control_demos:/home/alvaro/workspace/ros_ur_driver/install/ros2_control_demo_bringup:/home/alvaro/workspace/ros_ur_driver/install/rrbot_description:/home/alvaro/workspace/ros_ur_driver/install/ros2_control_demo_hardware:/home/alvaro/workspace/ros_ur_driver/install/ros2_control_demo_description:/home/alvaro/workspace/ros_ur_driver/install/diffbot_description:/home/alvaro/dev_ws/install/turtlesim:/home/alvaro/dev_ws/install/ros_testing:/home/alvaro/dev_ws/install/ros2srrc_ur3_moveit2:/home/alvaro/dev_ws/install/ros2srrc_ur3_gazebo:/home/alvaro/dev_ws/install/ros2srrc_ur3_bringup:/home/alvaro/dev_ws/install/ros2srrc_irb120_moveit2:/home/alvaro/dev_ws/install/ros2srrc_irb120_gazebo:/home/alvaro/dev_ws/install/ros2srrc_irb120_bringup:/home/alvaro/dev_ws/install/ros2srrc_execution:/home/alvaro/dev_ws/install/ros2srrc_data:/home/alvaro/dev_ws/install/ros2_linkattacher:/home/alvaro/dev_ws/install/linkattacher_msgs:/home/alvaro/dev_ws/install/abb_rws_client:/home/alvaro/dev_ws/install/abb_ros2:/home/alvaro/dev_ws/install/abb_robot_msgs:/home/alvaro/dev_ws/install/abb_resources:/home/alvaro/dev_ws/install/abb_rapid_sm_addin_msgs:/home/alvaro/dev_ws/install/abb_rapid_msgs:/home/alvaro/dev_ws/install/abb_hardware_interface:/home/alvaro/dev_ws/install/abb_egm_rws_managers:/home/alvaro/dev_ws/install/abb_librws:/home/alvaro/dev_ws/install/abb_libegm:/home/alvaro/dev_ws/install/abb_irb4600_support:/home/alvaro/dev_ws/install/abb_irb1200_5_90_moveit_config:/home/alvaro/dev_ws/install/abb_irb1200_support:/home/alvaro/dev_ws/install/abb_egm_msgs:/home/alvaro/dev_ws/install/abb_bringup:/home/alvaro/workspace/ros_ur_driver/install/ros2_control_test_nodes:/home/alvaro/dev_ws/install/ros2test:/opt/ros/foxy /usr/bin/cmake --install /home/alvaro/workspace/ros_ur_driver/build/ur_calibration
