[1.682s] Invoking command in '/home/alvaro/workspace/ros_ur_driver/build/ur_dashboard_msgs': CMAKE_PREFIX_PATH=${CMAKE_PREFIX_PATH}:/home/alvaro/workspace/ros_ur_driver/install/py_srvcli:/home/alvaro/work_prueba/workspace/ros_ur_driver/install/ur_calibration:/home/alvaro/work_prueba/workspace/ros_ur_driver/install/ur_robot_driver:/home/alvaro/work_prueba/workspace/ros_ur_driver/install/ur_bringup:/home/alvaro/work_prueba/workspace/ros_ur_driver/install/ur_description:/home/alvaro/work_prueba/workspace/ros_ur_driver/install/ur_controllers:/home/alvaro/work_prueba/workspace/ros_ur_driver/install/ur_dashboard_msgs:/home/alvaro/ros2_ws/install/ros2controlcli:/home/alvaro/ros2_ws/install/ros2_control_test_nodes:/home/alvaro/ros2_ws/install/py_srvcli:/home/alvaro/dev_ws/install/ros2test:/opt/ros/foxy /usr/bin/cmake --build /home/alvaro/workspace/ros_ur_driver/build/ur_dashboard_msgs -- -j12 -l12
[1.819s] [  0%] Built target ur_dashboard_msgs__cpp
[1.830s] [ 12%] Built target ur_dashboard_msgs__rosidl_generator_c
[1.869s] [ 24%] Built target ur_dashboard_msgs__rosidl_typesupport_cpp
[1.870s] [ 36%] Built target ur_dashboard_msgs__rosidl_typesupport_introspection_cpp
[1.881s] [ 48%] Built target ur_dashboard_msgs__rosidl_typesupport_c
[1.882s] [ 60%] Built target ur_dashboard_msgs__rosidl_typesupport_introspection_c
[1.888s] [ 72%] Built target ur_dashboard_msgs__rosidl_typesupport_fastrtps_cpp
[1.957s] [ 84%] Built target ur_dashboard_msgs__rosidl_typesupport_fastrtps_c
[2.006s] [ 84%] Built target ur_dashboard_msgs
[2.058s] [ 85%] Built target ur_dashboard_msgs__py
[2.130s] [ 96%] Built target ur_dashboard_msgs__python
[2.186s] [ 98%] Built target ur_dashboard_msgs__rosidl_typesupport_c__pyext
[2.186s] [ 98%] Built target ur_dashboard_msgs__rosidl_typesupport_fastrtps_c__pyext
[2.191s] [100%] Built target ur_dashboard_msgs__rosidl_typesupport_introspection_c__pyext
[2.480s] Invoked command in '/home/alvaro/workspace/ros_ur_driver/build/ur_dashboard_msgs' returned '0': CMAKE_PREFIX_PATH=${CMAKE_PREFIX_PATH}:/home/alvaro/workspace/ros_ur_driver/install/py_srvcli:/home/alvaro/work_prueba/workspace/ros_ur_driver/install/ur_calibration:/home/alvaro/work_prueba/workspace/ros_ur_driver/install/ur_robot_driver:/home/alvaro/work_prueba/workspace/ros_ur_driver/install/ur_bringup:/home/alvaro/work_prueba/workspace/ros_ur_driver/install/ur_description:/home/alvaro/work_prueba/workspace/ros_ur_driver/install/ur_controllers:/home/alvaro/work_prueba/workspace/ros_ur_driver/install/ur_dashboard_msgs:/home/alvaro/ros2_ws/install/ros2controlcli:/home/alvaro/ros2_ws/install/ros2_control_test_nodes:/home/alvaro/ros2_ws/install/py_srvcli:/home/alvaro/dev_ws/install/ros2test:/opt/ros/foxy /usr/bin/cmake --build /home/alvaro/workspace/ros_ur_driver/build/ur_dashboard_msgs -- -j12 -l12
[3.233s] Invoking command in '/home/alvaro/workspace/ros_ur_driver/build/ur_dashboard_msgs': CMAKE_PREFIX_PATH=${CMAKE_PREFIX_PATH}:/home/alvaro/workspace/ros_ur_driver/install/py_srvcli:/home/alvaro/work_prueba/workspace/ros_ur_driver/install/ur_calibration:/home/alvaro/work_prueba/workspace/ros_ur_driver/install/ur_robot_driver:/home/alvaro/work_prueba/workspace/ros_ur_driver/install/ur_bringup:/home/alvaro/work_prueba/workspace/ros_ur_driver/install/ur_description:/home/alvaro/work_prueba/workspace/ros_ur_driver/install/ur_controllers:/home/alvaro/work_prueba/workspace/ros_ur_driver/install/ur_dashboard_msgs:/home/alvaro/ros2_ws/install/ros2controlcli:/home/alvaro/ros2_ws/install/ros2_control_test_nodes:/home/alvaro/ros2_ws/install/py_srvcli:/home/alvaro/dev_ws/install/ros2test:/opt/ros/foxy /usr/bin/cmake --install /home/alvaro/workspace/ros_ur_driver/build/ur_dashboard_msgs
[3.476s] -- Install configuration: "Release"
[3.476s] -- Up-to-date: /home/alvaro/workspace/ros_ur_driver/install/ur_dashboard_msgs/share/ament_index/resource_index/rosidl_interfaces/ur_dashboard_msgs
[3.477s] -- Up-to-date: /home/alvaro/workspace/ros_ur_driver/install/ur_dashboard_msgs/include/ur_dashboard_msgs
[3.477s] -- Up-to-date: /home/alvaro/workspace/ros_ur_driver/install/ur_dashboard_msgs/include/ur_dashboard_msgs/srv
[3.477s] -- Up-to-date: /home/alvaro/workspace/ros_ur_driver/install/ur_dashboard_msgs/include/ur_dashboard_msgs/srv/load.h
[3.477s] -- Up-to-date: /home/alvaro/workspace/ros_ur_driver/install/ur_dashboard_msgs/include/ur_dashboard_msgs/srv/get_loaded_program.h
[3.477s] -- Up-to-date: /home/alvaro/workspace/ros_ur_driver/install/ur_dashboard_msgs/include/ur_dashboard_msgs/srv/get_robot_mode.h
[3.478s] -- Up-to-date: /home/alvaro/workspace/ros_ur_driver/install/ur_dashboard_msgs/include/ur_dashboard_msgs/srv/add_to_log.h
[3.480s] -- Up-to-date: /home/alvaro/workspace/ros_ur_driver/install/ur_dashboard_msgs/include/ur_dashboard_msgs/srv/popup.h
[3.480s] -- Up-to-date: /home/alvaro/workspace/ros_ur_driver/install/ur_dashboard_msgs/include/ur_dashboard_msgs/srv/get_safety_mode.h
[3.481s] -- Up-to-date: /home/alvaro/workspace/ros_ur_driver/install/ur_dashboard_msgs/include/ur_dashboard_msgs/srv/raw_request.h
[3.481s] -- Up-to-date: /home/alvaro/workspace/ros_ur_driver/install/ur_dashboard_msgs/include/ur_dashboard_msgs/srv/get_program_state.h
[3.481s] -- Up-to-date: /home/alvaro/workspace/ros_ur_driver/install/ur_dashboard_msgs/include/ur_dashboard_msgs/srv/detail
[3.482s] -- Up-to-date: /home/alvaro/workspace/ros_ur_driver/install/ur_dashboard_msgs/include/ur_dashboard_msgs/srv/detail/get_robot_mode__functions.h
[3.482s] -- Up-to-date: /home/alvaro/workspace/ros_ur_driver/install/ur_dashboard_msgs/include/ur_dashboard_msgs/srv/detail/is_program_running__type_support.h
[3.482s] -- Up-to-date: /home/alvaro/workspace/ros_ur_driver/install/ur_dashboard_msgs/include/ur_dashboard_msgs/srv/detail/is_program_saved__functions.h
[3.483s] -- Up-to-date: /home/alvaro/workspace/ros_ur_driver/install/ur_dashboard_msgs/include/ur_dashboard_msgs/srv/detail/get_loaded_program__functions.h
[3.483s] -- Up-to-date: /home/alvaro/workspace/ros_ur_driver/install/ur_dashboard_msgs/include/ur_dashboard_msgs/srv/detail/is_program_running__struct.h
[3.483s] -- Up-to-date: /home/alvaro/workspace/ros_ur_driver/install/ur_dashboard_msgs/include/ur_dashboard_msgs/srv/detail/load__functions.h
[3.483s] -- Up-to-date: /home/alvaro/workspace/ros_ur_driver/install/ur_dashboard_msgs/include/ur_dashboard_msgs/srv/detail/popup__struct.h
[3.483s] -- Up-to-date: /home/alvaro/workspace/ros_ur_driver/install/ur_dashboard_msgs/include/ur_dashboard_msgs/srv/detail/popup__functions.h
[3.484s] -- Up-to-date: /home/alvaro/workspace/ros_ur_driver/install/ur_dashboard_msgs/include/ur_dashboard_msgs/srv/detail/load__struct.h
[3.484s] -- Up-to-date: /home/alvaro/workspace/ros_ur_driver/install/ur_dashboard_msgs/include/ur_dashboard_msgs/srv/detail/get_program_state__functions.c
[3.484s] -- Up-to-date: /home/alvaro/workspace/ros_ur_driver/install/ur_dashboard_msgs/include/ur_dashboard_msgs/srv/detail/popup__functions.c
[3.484s] -- Up-to-date: /home/alvaro/workspace/ros_ur_driver/install/ur_dashboard_msgs/include/ur_dashboard_msgs/srv/detail/raw_request__functions.c
[3.484s] -- Up-to-date: /home/alvaro/workspace/ros_ur_driver/install/ur_dashboard_msgs/include/ur_dashboard_msgs/srv/detail/raw_request__type_support.h
[3.484s] -- Up-to-date: /home/alvaro/workspace/ros_ur_driver/install/ur_dashboard_msgs/include/ur_dashboard_msgs/srv/detail/is_program_saved__struct.h
[3.484s] -- Up-to-date: /home/alvaro/workspace/ros_ur_driver/install/ur_dashboard_msgs/include/ur_dashboard_msgs/srv/detail/load__type_support.h
[3.484s] -- Up-to-date: /home/alvaro/workspace/ros_ur_driver/install/ur_dashboard_msgs/include/ur_dashboard_msgs/srv/detail/add_to_log__type_support.h
[3.485s] -- Up-to-date: /home/alvaro/workspace/ros_ur_driver/install/ur_dashboard_msgs/include/ur_dashboard_msgs/srv/detail/get_safety_mode__functions.c
[3.485s] -- Up-to-date: /home/alvaro/workspace/ros_ur_driver/install/ur_dashboard_msgs/include/ur_dashboard_msgs/srv/detail/get_robot_mode__struct.h
[3.485s] -- Up-to-date: /home/alvaro/workspace/ros_ur_driver/install/ur_dashboard_msgs/include/ur_dashboard_msgs/srv/detail/raw_request__functions.h
[3.485s] -- Up-to-date: /home/alvaro/workspace/ros_ur_driver/install/ur_dashboard_msgs/include/ur_dashboard_msgs/srv/detail/raw_request__struct.h
[3.485s] -- Up-to-date: /home/alvaro/workspace/ros_ur_driver/install/ur_dashboard_msgs/include/ur_dashboard_msgs/srv/detail/is_program_running__functions.c
[3.485s] -- Up-to-date: /home/alvaro/workspace/ros_ur_driver/install/ur_dashboard_msgs/include/ur_dashboard_msgs/srv/detail/load__functions.c
[3.485s] -- Up-to-date: /home/alvaro/workspace/ros_ur_driver/install/ur_dashboard_msgs/include/ur_dashboard_msgs/srv/detail/get_safety_mode__struct.h
[3.486s] -- Up-to-date: /home/alvaro/workspace/ros_ur_driver/install/ur_dashboard_msgs/include/ur_dashboard_msgs/srv/detail/get_loaded_program__type_support.h
[3.486s] -- Up-to-date: /home/alvaro/workspace/ros_ur_driver/install/ur_dashboard_msgs/include/ur_dashboard_msgs/srv/detail/popup__type_support.h
[3.486s] -- Up-to-date: /home/alvaro/workspace/ros_ur_driver/install/ur_dashboard_msgs/include/ur_dashboard_msgs/srv/detail/add_to_log__struct.h
[3.486s] -- Up-to-date: /home/alvaro/workspace/ros_ur_driver/install/ur_dashboard_msgs/include/ur_dashboard_msgs/srv/detail/add_to_log__functions.c
[3.486s] -- Up-to-date: /home/alvaro/workspace/ros_ur_driver/install/ur_dashboard_msgs/include/ur_dashboard_msgs/srv/detail/get_program_state__struct.h
[3.486s] -- Up-to-date: /home/alvaro/workspace/ros_ur_driver/install/ur_dashboard_msgs/include/ur_dashboard_msgs/srv/detail/get_loaded_program__functions.c
[3.486s] -- Up-to-date: /home/alvaro/workspace/ros_ur_driver/install/ur_dashboard_msgs/include/ur_dashboard_msgs/srv/detail/is_program_saved__type_support.h
[3.486s] -- Up-to-date: /home/alvaro/workspace/ros_ur_driver/install/ur_dashboard_msgs/include/ur_dashboard_msgs/srv/detail/get_robot_mode__type_support.h
[3.487s] -- Up-to-date: /home/alvaro/workspace/ros_ur_driver/install/ur_dashboard_msgs/include/ur_dashboard_msgs/srv/detail/is_program_saved__functions.c
[3.487s] -- Up-to-date: /home/alvaro/workspace/ros_ur_driver/install/ur_dashboard_msgs/include/ur_dashboard_msgs/srv/detail/get_robot_mode__functions.c
[3.487s] -- Up-to-date: /home/alvaro/workspace/ros_ur_driver/install/ur_dashboard_msgs/include/ur_dashboard_msgs/srv/detail/get_loaded_program__struct.h
[3.487s] -- Up-to-date: /home/alvaro/workspace/ros_ur_driver/install/ur_dashboard_msgs/include/ur_dashboard_msgs/srv/detail/get_program_state__functions.h
[3.487s] -- Up-to-date: /home/alvaro/workspace/ros_ur_driver/install/ur_dashboard_msgs/include/ur_dashboard_msgs/srv/detail/get_safety_mode__type_support.h
[3.487s] -- Up-to-date: /home/alvaro/workspace/ros_ur_driver/install/ur_dashboard_msgs/include/ur_dashboard_msgs/srv/detail/get_safety_mode__functions.h
[3.487s] -- Up-to-date: /home/alvaro/workspace/ros_ur_driver/install/ur_dashboard_msgs/include/ur_dashboard_msgs/srv/detail/get_program_state__type_support.h
[3.487s] -- Up-to-date: /home/alvaro/workspace/ros_ur_driver/install/ur_dashboard_msgs/include/ur_dashboard_msgs/srv/detail/is_program_running__functions.h
[3.488s] -- Up-to-date: /home/alvaro/workspace/ros_ur_driver/install/ur_dashboard_msgs/include/ur_dashboard_msgs/srv/detail/add_to_log__functions.h
[3.488s] -- Up-to-date: /home/alvaro/workspace/ros_ur_driver/install/ur_dashboard_msgs/include/ur_dashboard_msgs/srv/is_program_saved.h
[3.488s] -- Up-to-date: /home/alvaro/workspace/ros_ur_driver/install/ur_dashboard_msgs/include/ur_dashboard_msgs/srv/is_program_running.h
[3.488s] -- Up-to-date: /home/alvaro/workspace/ros_ur_driver/install/ur_dashboard_msgs/include/ur_dashboard_msgs/action
[3.488s] -- Up-to-date: /home/alvaro/workspace/ros_ur_driver/install/ur_dashboard_msgs/include/ur_dashboard_msgs/action/set_mode.h
[3.488s] -- Up-to-date: /home/alvaro/workspace/ros_ur_driver/install/ur_dashboard_msgs/include/ur_dashboard_msgs/action/detail
[3.488s] -- Up-to-date: /home/alvaro/workspace/ros_ur_driver/install/ur_dashboard_msgs/include/ur_dashboard_msgs/action/detail/set_mode__functions.h
[3.488s] -- Up-to-date: /home/alvaro/workspace/ros_ur_driver/install/ur_dashboard_msgs/include/ur_dashboard_msgs/action/detail/set_mode__functions.c
[3.489s] -- Up-to-date: /home/alvaro/workspace/ros_ur_driver/install/ur_dashboard_msgs/include/ur_dashboard_msgs/action/detail/set_mode__type_support.h
[3.489s] -- Up-to-date: /home/alvaro/workspace/ros_ur_driver/install/ur_dashboard_msgs/include/ur_dashboard_msgs/action/detail/set_mode__struct.h
[3.489s] -- Up-to-date: /home/alvaro/workspace/ros_ur_driver/install/ur_dashboard_msgs/include/ur_dashboard_msgs/msg
[3.489s] -- Up-to-date: /home/alvaro/workspace/ros_ur_driver/install/ur_dashboard_msgs/include/ur_dashboard_msgs/msg/safety_mode.h
[3.489s] -- Up-to-date: /home/alvaro/workspace/ros_ur_driver/install/ur_dashboard_msgs/include/ur_dashboard_msgs/msg/rosidl_generator_c__visibility_control.h
[3.489s] -- Up-to-date: /home/alvaro/workspace/ros_ur_driver/install/ur_dashboard_msgs/include/ur_dashboard_msgs/msg/program_state.h
[3.489s] -- Up-to-date: /home/alvaro/workspace/ros_ur_driver/install/ur_dashboard_msgs/include/ur_dashboard_msgs/msg/detail
[3.489s] -- Up-to-date: /home/alvaro/workspace/ros_ur_driver/install/ur_dashboard_msgs/include/ur_dashboard_msgs/msg/detail/safety_mode__type_support.h
[3.490s] -- Up-to-date: /home/alvaro/workspace/ros_ur_driver/install/ur_dashboard_msgs/include/ur_dashboard_msgs/msg/detail/safety_mode__functions.h
[3.490s] -- Up-to-date: /home/alvaro/workspace/ros_ur_driver/install/ur_dashboard_msgs/include/ur_dashboard_msgs/msg/detail/safety_mode__functions.c
[3.490s] -- Up-to-date: /home/alvaro/workspace/ros_ur_driver/install/ur_dashboard_msgs/include/ur_dashboard_msgs/msg/detail/robot_mode__type_support.h
[3.490s] -- Up-to-date: /home/alvaro/workspace/ros_ur_driver/install/ur_dashboard_msgs/include/ur_dashboard_msgs/msg/detail/robot_mode__struct.h
[3.490s] -- Up-to-date: /home/alvaro/workspace/ros_ur_driver/install/ur_dashboard_msgs/include/ur_dashboard_msgs/msg/detail/safety_mode__struct.h
[3.490s] -- Up-to-date: /home/alvaro/workspace/ros_ur_driver/install/ur_dashboard_msgs/include/ur_dashboard_msgs/msg/detail/robot_mode__functions.c
[3.490s] -- Up-to-date: /home/alvaro/workspace/ros_ur_driver/install/ur_dashboard_msgs/include/ur_dashboard_msgs/msg/detail/program_state__struct.h
[3.490s] -- Up-to-date: /home/alvaro/workspace/ros_ur_driver/install/ur_dashboard_msgs/include/ur_dashboard_msgs/msg/detail/program_state__type_support.h
[3.491s] -- Up-to-date: /home/alvaro/workspace/ros_ur_driver/install/ur_dashboard_msgs/include/ur_dashboard_msgs/msg/detail/program_state__functions.h
[3.491s] -- Up-to-date: /home/alvaro/workspace/ros_ur_driver/install/ur_dashboard_msgs/include/ur_dashboard_msgs/msg/detail/program_state__functions.c
[3.491s] -- Up-to-date: /home/alvaro/workspace/ros_ur_driver/install/ur_dashboard_msgs/include/ur_dashboard_msgs/msg/detail/robot_mode__functions.h
[3.491s] -- Up-to-date: /home/alvaro/workspace/ros_ur_driver/install/ur_dashboard_msgs/include/ur_dashboard_msgs/msg/robot_mode.h
[3.491s] -- Up-to-date: /home/alvaro/workspace/ros_ur_driver/install/ur_dashboard_msgs/share/ur_dashboard_msgs/environment/library_path.sh
[3.491s] -- Up-to-date: /home/alvaro/workspace/ros_ur_driver/install/ur_dashboard_msgs/share/ur_dashboard_msgs/environment/library_path.dsv
[3.491s] -- Up-to-date: /home/alvaro/workspace/ros_ur_driver/install/ur_dashboard_msgs/lib/libur_dashboard_msgs__rosidl_generator_c.so
[3.491s] -- Up-to-date: /home/alvaro/workspace/ros_ur_driver/install/ur_dashboard_msgs/include/ur_dashboard_msgs
[3.492s] -- Up-to-date: /home/alvaro/workspace/ros_ur_driver/install/ur_dashboard_msgs/include/ur_dashboard_msgs/srv
[3.492s] -- Up-to-date: /home/alvaro/workspace/ros_ur_driver/install/ur_dashboard_msgs/include/ur_dashboard_msgs/srv/detail
[3.492s] -- Up-to-date: /home/alvaro/workspace/ros_ur_driver/install/ur_dashboard_msgs/include/ur_dashboard_msgs/srv/detail/popup__rosidl_typesupport_fastrtps_c.h
[3.492s] -- Up-to-date: /home/alvaro/workspace/ros_ur_driver/install/ur_dashboard_msgs/include/ur_dashboard_msgs/srv/detail/load__rosidl_typesupport_fastrtps_c.h
[3.492s] -- Up-to-date: /home/alvaro/workspace/ros_ur_driver/install/ur_dashboard_msgs/include/ur_dashboard_msgs/srv/detail/is_program_saved__rosidl_typesupport_fastrtps_c.h
[3.492s] -- Up-to-date: /home/alvaro/workspace/ros_ur_driver/install/ur_dashboard_msgs/include/ur_dashboard_msgs/srv/detail/get_robot_mode__rosidl_typesupport_fastrtps_c.h
[3.492s] -- Up-to-date: /home/alvaro/workspace/ros_ur_driver/install/ur_dashboard_msgs/include/ur_dashboard_msgs/srv/detail/get_program_state__rosidl_typesupport_fastrtps_c.h
[3.492s] -- Up-to-date: /home/alvaro/workspace/ros_ur_driver/install/ur_dashboard_msgs/include/ur_dashboard_msgs/srv/detail/raw_request__rosidl_typesupport_fastrtps_c.h
[3.493s] -- Up-to-date: /home/alvaro/workspace/ros_ur_driver/install/ur_dashboard_msgs/include/ur_dashboard_msgs/srv/detail/is_program_running__rosidl_typesupport_fastrtps_c.h
[3.493s] -- Up-to-date: /home/alvaro/workspace/ros_ur_driver/install/ur_dashboard_msgs/include/ur_dashboard_msgs/srv/detail/get_safety_mode__rosidl_typesupport_fastrtps_c.h
[3.493s] -- Up-to-date: /home/alvaro/workspace/ros_ur_driver/install/ur_dashboard_msgs/include/ur_dashboard_msgs/srv/detail/get_loaded_program__rosidl_typesupport_fastrtps_c.h
[3.493s] -- Up-to-date: /home/alvaro/workspace/ros_ur_driver/install/ur_dashboard_msgs/include/ur_dashboard_msgs/srv/detail/add_to_log__rosidl_typesupport_fastrtps_c.h
[3.493s] -- Up-to-date: /home/alvaro/workspace/ros_ur_driver/install/ur_dashboard_msgs/include/ur_dashboard_msgs/action
[3.493s] -- Up-to-date: /home/alvaro/workspace/ros_ur_driver/install/ur_dashboard_msgs/include/ur_dashboard_msgs/action/detail
[3.493s] -- Up-to-date: /home/alvaro/workspace/ros_ur_driver/install/ur_dashboard_msgs/include/ur_dashboard_msgs/action/detail/set_mode__rosidl_typesupport_fastrtps_c.h
[3.493s] -- Up-to-date: /home/alvaro/workspace/ros_ur_driver/install/ur_dashboard_msgs/include/ur_dashboard_msgs/msg
[3.493s] -- Up-to-date: /home/alvaro/workspace/ros_ur_driver/install/ur_dashboard_msgs/include/ur_dashboard_msgs/msg/rosidl_typesupport_fastrtps_c__visibility_control.h
[3.493s] -- Up-to-date: /home/alvaro/workspace/ros_ur_driver/install/ur_dashboard_msgs/include/ur_dashboard_msgs/msg/detail
[3.493s] -- Up-to-date: /home/alvaro/workspace/ros_ur_driver/install/ur_dashboard_msgs/include/ur_dashboard_msgs/msg/detail/safety_mode__rosidl_typesupport_fastrtps_c.h
[3.493s] -- Up-to-date: /home/alvaro/workspace/ros_ur_driver/install/ur_dashboard_msgs/include/ur_dashboard_msgs/msg/detail/program_state__rosidl_typesupport_fastrtps_c.h
[3.494s] -- Up-to-date: /home/alvaro/workspace/ros_ur_driver/install/ur_dashboard_msgs/include/ur_dashboard_msgs/msg/detail/robot_mode__rosidl_typesupport_fastrtps_c.h
[3.494s] -- Up-to-date: /home/alvaro/workspace/ros_ur_driver/install/ur_dashboard_msgs/lib/libur_dashboard_msgs__rosidl_typesupport_fastrtps_c.so
[3.494s] -- Up-to-date: /home/alvaro/workspace/ros_ur_driver/install/ur_dashboard_msgs/include/ur_dashboard_msgs
[3.494s] -- Up-to-date: /home/alvaro/workspace/ros_ur_driver/install/ur_dashboard_msgs/include/ur_dashboard_msgs/srv
[3.494s] -- Up-to-date: /home/alvaro/workspace/ros_ur_driver/install/ur_dashboard_msgs/include/ur_dashboard_msgs/srv/detail
[3.494s] -- Up-to-date: /home/alvaro/workspace/ros_ur_driver/install/ur_dashboard_msgs/include/ur_dashboard_msgs/srv/detail/load__rosidl_typesupport_fastrtps_cpp.hpp
[3.494s] -- Up-to-date: /home/alvaro/workspace/ros_ur_driver/install/ur_dashboard_msgs/include/ur_dashboard_msgs/srv/detail/add_to_log__rosidl_typesupport_fastrtps_cpp.hpp
[3.494s] -- Up-to-date: /home/alvaro/workspace/ros_ur_driver/install/ur_dashboard_msgs/include/ur_dashboard_msgs/srv/detail/is_program_running__rosidl_typesupport_fastrtps_cpp.hpp
[3.494s] -- Up-to-date: /home/alvaro/workspace/ros_ur_driver/install/ur_dashboard_msgs/include/ur_dashboard_msgs/srv/detail/get_safety_mode__rosidl_typesupport_fastrtps_cpp.hpp
[3.494s] -- Up-to-date: /home/alvaro/workspace/ros_ur_driver/install/ur_dashboard_msgs/include/ur_dashboard_msgs/srv/detail/get_loaded_program__rosidl_typesupport_fastrtps_cpp.hpp
[3.494s] -- Up-to-date: /home/alvaro/workspace/ros_ur_driver/install/ur_dashboard_msgs/include/ur_dashboard_msgs/srv/detail/get_program_state__rosidl_typesupport_fastrtps_cpp.hpp
[3.495s] -- Up-to-date: /home/alvaro/workspace/ros_ur_driver/install/ur_dashboard_msgs/include/ur_dashboard_msgs/srv/detail/dds_fastrtps
[3.495s] -- Up-to-date: /home/alvaro/workspace/ros_ur_driver/install/ur_dashboard_msgs/include/ur_dashboard_msgs/srv/detail/popup__rosidl_typesupport_fastrtps_cpp.hpp
[3.495s] -- Up-to-date: /home/alvaro/workspace/ros_ur_driver/install/ur_dashboard_msgs/include/ur_dashboard_msgs/srv/detail/is_program_saved__rosidl_typesupport_fastrtps_cpp.hpp
[3.495s] -- Up-to-date: /home/alvaro/workspace/ros_ur_driver/install/ur_dashboard_msgs/include/ur_dashboard_msgs/srv/detail/raw_request__rosidl_typesupport_fastrtps_cpp.hpp
[3.495s] -- Up-to-date: /home/alvaro/workspace/ros_ur_driver/install/ur_dashboard_msgs/include/ur_dashboard_msgs/srv/detail/get_robot_mode__rosidl_typesupport_fastrtps_cpp.hpp
[3.495s] -- Up-to-date: /home/alvaro/workspace/ros_ur_driver/install/ur_dashboard_msgs/include/ur_dashboard_msgs/action
[3.495s] -- Up-to-date: /home/alvaro/workspace/ros_ur_driver/install/ur_dashboard_msgs/include/ur_dashboard_msgs/action/detail
[3.495s] -- Up-to-date: /home/alvaro/workspace/ros_ur_driver/install/ur_dashboard_msgs/include/ur_dashboard_msgs/action/detail/dds_fastrtps
[3.495s] -- Up-to-date: /home/alvaro/workspace/ros_ur_driver/install/ur_dashboard_msgs/include/ur_dashboard_msgs/action/detail/set_mode__rosidl_typesupport_fastrtps_cpp.hpp
[3.495s] -- Up-to-date: /home/alvaro/workspace/ros_ur_driver/install/ur_dashboard_msgs/include/ur_dashboard_msgs/msg
[3.495s] -- Up-to-date: /home/alvaro/workspace/ros_ur_driver/install/ur_dashboard_msgs/include/ur_dashboard_msgs/msg/rosidl_typesupport_fastrtps_cpp__visibility_control.h
[3.495s] -- Up-to-date: /home/alvaro/workspace/ros_ur_driver/install/ur_dashboard_msgs/include/ur_dashboard_msgs/msg/detail
[3.496s] -- Up-to-date: /home/alvaro/workspace/ros_ur_driver/install/ur_dashboard_msgs/include/ur_dashboard_msgs/msg/detail/robot_mode__rosidl_typesupport_fastrtps_cpp.hpp
[3.496s] -- Up-to-date: /home/alvaro/workspace/ros_ur_driver/install/ur_dashboard_msgs/include/ur_dashboard_msgs/msg/detail/dds_fastrtps
[3.496s] -- Up-to-date: /home/alvaro/workspace/ros_ur_driver/install/ur_dashboard_msgs/include/ur_dashboard_msgs/msg/detail/safety_mode__rosidl_typesupport_fastrtps_cpp.hpp
[3.496s] -- Up-to-date: /home/alvaro/workspace/ros_ur_driver/install/ur_dashboard_msgs/include/ur_dashboard_msgs/msg/detail/program_state__rosidl_typesupport_fastrtps_cpp.hpp
[3.496s] -- Up-to-date: /home/alvaro/workspace/ros_ur_driver/install/ur_dashboard_msgs/lib/libur_dashboard_msgs__rosidl_typesupport_fastrtps_cpp.so
[3.496s] -- Up-to-date: /home/alvaro/workspace/ros_ur_driver/install/ur_dashboard_msgs/include/ur_dashboard_msgs
[3.496s] -- Up-to-date: /home/alvaro/workspace/ros_ur_driver/install/ur_dashboard_msgs/include/ur_dashboard_msgs/srv
[3.496s] -- Up-to-date: /home/alvaro/workspace/ros_ur_driver/install/ur_dashboard_msgs/include/ur_dashboard_msgs/srv/detail
[3.496s] -- Up-to-date: /home/alvaro/workspace/ros_ur_driver/install/ur_dashboard_msgs/include/ur_dashboard_msgs/srv/detail/raw_request__rosidl_typesupport_introspection_c.h
[3.496s] -- Up-to-date: /home/alvaro/workspace/ros_ur_driver/install/ur_dashboard_msgs/include/ur_dashboard_msgs/srv/detail/load__rosidl_typesupport_introspection_c.h
[3.496s] -- Up-to-date: /home/alvaro/workspace/ros_ur_driver/install/ur_dashboard_msgs/include/ur_dashboard_msgs/srv/detail/is_program_running__rosidl_typesupport_introspection_c.h
[3.496s] -- Up-to-date: /home/alvaro/workspace/ros_ur_driver/install/ur_dashboard_msgs/include/ur_dashboard_msgs/srv/detail/popup__type_support.c
[3.497s] -- Up-to-date: /home/alvaro/workspace/ros_ur_driver/install/ur_dashboard_msgs/include/ur_dashboard_msgs/srv/detail/load__type_support.c
[3.497s] -- Up-to-date: /home/alvaro/workspace/ros_ur_driver/install/ur_dashboard_msgs/include/ur_dashboard_msgs/srv/detail/add_to_log__rosidl_typesupport_introspection_c.h
[3.497s] -- Up-to-date: /home/alvaro/workspace/ros_ur_driver/install/ur_dashboard_msgs/include/ur_dashboard_msgs/srv/detail/get_robot_mode__rosidl_typesupport_introspection_c.h
[3.497s] -- Up-to-date: /home/alvaro/workspace/ros_ur_driver/install/ur_dashboard_msgs/include/ur_dashboard_msgs/srv/detail/get_program_state__rosidl_typesupport_introspection_c.h
[3.497s] -- Up-to-date: /home/alvaro/workspace/ros_ur_driver/install/ur_dashboard_msgs/include/ur_dashboard_msgs/srv/detail/get_loaded_program__rosidl_typesupport_introspection_c.h
[3.497s] -- Up-to-date: /home/alvaro/workspace/ros_ur_driver/install/ur_dashboard_msgs/include/ur_dashboard_msgs/srv/detail/get_safety_mode__type_support.c
[3.497s] -- Up-to-date: /home/alvaro/workspace/ros_ur_driver/install/ur_dashboard_msgs/include/ur_dashboard_msgs/srv/detail/raw_request__type_support.c
[3.497s] -- Up-to-date: /home/alvaro/workspace/ros_ur_driver/install/ur_dashboard_msgs/include/ur_dashboard_msgs/srv/detail/is_program_saved__rosidl_typesupport_introspection_c.h
[3.497s] -- Up-to-date: /home/alvaro/workspace/ros_ur_driver/install/ur_dashboard_msgs/include/ur_dashboard_msgs/srv/detail/get_safety_mode__rosidl_typesupport_introspection_c.h
[3.497s] -- Up-to-date: /home/alvaro/workspace/ros_ur_driver/install/ur_dashboard_msgs/include/ur_dashboard_msgs/srv/detail/get_program_state__type_support.c
[3.497s] -- Up-to-date: /home/alvaro/workspace/ros_ur_driver/install/ur_dashboard_msgs/include/ur_dashboard_msgs/srv/detail/add_to_log__type_support.c
[3.498s] -- Up-to-date: /home/alvaro/workspace/ros_ur_driver/install/ur_dashboard_msgs/include/ur_dashboard_msgs/srv/detail/popup__rosidl_typesupport_introspection_c.h
[3.498s] -- Up-to-date: /home/alvaro/workspace/ros_ur_driver/install/ur_dashboard_msgs/include/ur_dashboard_msgs/srv/detail/is_program_saved__type_support.c
[3.498s] -- Up-to-date: /home/alvaro/workspace/ros_ur_driver/install/ur_dashboard_msgs/include/ur_dashboard_msgs/srv/detail/get_robot_mode__type_support.c
[3.498s] -- Up-to-date: /home/alvaro/workspace/ros_ur_driver/install/ur_dashboard_msgs/include/ur_dashboard_msgs/srv/detail/get_loaded_program__type_support.c
[3.498s] -- Up-to-date: /home/alvaro/workspace/ros_ur_driver/install/ur_dashboard_msgs/include/ur_dashboard_msgs/srv/detail/is_program_running__type_support.c
[3.498s] -- Up-to-date: /home/alvaro/workspace/ros_ur_driver/install/ur_dashboard_msgs/include/ur_dashboard_msgs/action
[3.498s] -- Up-to-date: /home/alvaro/workspace/ros_ur_driver/install/ur_dashboard_msgs/include/ur_dashboard_msgs/action/detail
[3.498s] -- Up-to-date: /home/alvaro/workspace/ros_ur_driver/install/ur_dashboard_msgs/include/ur_dashboard_msgs/action/detail/set_mode__type_support.c
[3.498s] -- Up-to-date: /home/alvaro/workspace/ros_ur_driver/install/ur_dashboard_msgs/include/ur_dashboard_msgs/action/detail/set_mode__rosidl_typesupport_introspection_c.h
[3.498s] -- Up-to-date: /home/alvaro/workspace/ros_ur_driver/install/ur_dashboard_msgs/include/ur_dashboard_msgs/msg
[3.498s] -- Up-to-date: /home/alvaro/workspace/ros_ur_driver/install/ur_dashboard_msgs/include/ur_dashboard_msgs/msg/rosidl_typesupport_introspection_c__visibility_control.h
[3.498s] -- Up-to-date: /home/alvaro/workspace/ros_ur_driver/install/ur_dashboard_msgs/include/ur_dashboard_msgs/msg/detail
[3.499s] -- Up-to-date: /home/alvaro/workspace/ros_ur_driver/install/ur_dashboard_msgs/include/ur_dashboard_msgs/msg/detail/robot_mode__type_support.c
[3.499s] -- Up-to-date: /home/alvaro/workspace/ros_ur_driver/install/ur_dashboard_msgs/include/ur_dashboard_msgs/msg/detail/safety_mode__rosidl_typesupport_introspection_c.h
[3.499s] -- Up-to-date: /home/alvaro/workspace/ros_ur_driver/install/ur_dashboard_msgs/include/ur_dashboard_msgs/msg/detail/program_state__type_support.c
[3.499s] -- Up-to-date: /home/alvaro/workspace/ros_ur_driver/install/ur_dashboard_msgs/include/ur_dashboard_msgs/msg/detail/safety_mode__type_support.c
[3.499s] -- Up-to-date: /home/alvaro/workspace/ros_ur_driver/install/ur_dashboard_msgs/include/ur_dashboard_msgs/msg/detail/program_state__rosidl_typesupport_introspection_c.h
[3.499s] -- Up-to-date: /home/alvaro/workspace/ros_ur_driver/install/ur_dashboard_msgs/include/ur_dashboard_msgs/msg/detail/robot_mode__rosidl_typesupport_introspection_c.h
[3.499s] -- Up-to-date: /home/alvaro/workspace/ros_ur_driver/install/ur_dashboard_msgs/lib/libur_dashboard_msgs__rosidl_typesupport_introspection_c.so
[3.499s] -- Up-to-date: /home/alvaro/workspace/ros_ur_driver/install/ur_dashboard_msgs/lib/libur_dashboard_msgs__rosidl_typesupport_c.so
[3.499s] -- Up-to-date: /home/alvaro/workspace/ros_ur_driver/install/ur_dashboard_msgs/include/ur_dashboard_msgs
[3.499s] -- Up-to-date: /home/alvaro/workspace/ros_ur_driver/install/ur_dashboard_msgs/include/ur_dashboard_msgs/srv
[3.499s] -- Up-to-date: /home/alvaro/workspace/ros_ur_driver/install/ur_dashboard_msgs/include/ur_dashboard_msgs/srv/get_robot_mode.hpp
[3.500s] -- Up-to-date: /home/alvaro/workspace/ros_ur_driver/install/ur_dashboard_msgs/include/ur_dashboard_msgs/srv/get_safety_mode.hpp
[3.500s] -- Up-to-date: /home/alvaro/workspace/ros_ur_driver/install/ur_dashboard_msgs/include/ur_dashboard_msgs/srv/get_program_state.hpp
[3.500s] -- Up-to-date: /home/alvaro/workspace/ros_ur_driver/install/ur_dashboard_msgs/include/ur_dashboard_msgs/srv/raw_request.hpp
[3.500s] -- Up-to-date: /home/alvaro/workspace/ros_ur_driver/install/ur_dashboard_msgs/include/ur_dashboard_msgs/srv/is_program_running.hpp
[3.500s] -- Up-to-date: /home/alvaro/workspace/ros_ur_driver/install/ur_dashboard_msgs/include/ur_dashboard_msgs/srv/popup.hpp
[3.500s] -- Up-to-date: /home/alvaro/workspace/ros_ur_driver/install/ur_dashboard_msgs/include/ur_dashboard_msgs/srv/get_loaded_program.hpp
[3.500s] -- Up-to-date: /home/alvaro/workspace/ros_ur_driver/install/ur_dashboard_msgs/include/ur_dashboard_msgs/srv/load.hpp
[3.500s] -- Up-to-date: /home/alvaro/workspace/ros_ur_driver/install/ur_dashboard_msgs/include/ur_dashboard_msgs/srv/add_to_log.hpp
[3.500s] -- Up-to-date: /home/alvaro/workspace/ros_ur_driver/install/ur_dashboard_msgs/include/ur_dashboard_msgs/srv/is_program_saved.hpp
[3.500s] -- Up-to-date: /home/alvaro/workspace/ros_ur_driver/install/ur_dashboard_msgs/include/ur_dashboard_msgs/srv/detail
[3.501s] -- Up-to-date: /home/alvaro/workspace/ros_ur_driver/install/ur_dashboard_msgs/include/ur_dashboard_msgs/srv/detail/get_robot_mode__type_support.hpp
[3.501s] -- Up-to-date: /home/alvaro/workspace/ros_ur_driver/install/ur_dashboard_msgs/include/ur_dashboard_msgs/srv/detail/get_program_state__traits.hpp
[3.501s] -- Up-to-date: /home/alvaro/workspace/ros_ur_driver/install/ur_dashboard_msgs/include/ur_dashboard_msgs/srv/detail/get_loaded_program__struct.hpp
[3.501s] -- Up-to-date: /home/alvaro/workspace/ros_ur_driver/install/ur_dashboard_msgs/include/ur_dashboard_msgs/srv/detail/raw_request__struct.hpp
[3.501s] -- Up-to-date: /home/alvaro/workspace/ros_ur_driver/install/ur_dashboard_msgs/include/ur_dashboard_msgs/srv/detail/add_to_log__struct.hpp
[3.501s] -- Up-to-date: /home/alvaro/workspace/ros_ur_driver/install/ur_dashboard_msgs/include/ur_dashboard_msgs/srv/detail/is_program_running__type_support.hpp
[3.501s] -- Up-to-date: /home/alvaro/workspace/ros_ur_driver/install/ur_dashboard_msgs/include/ur_dashboard_msgs/srv/detail/is_program_saved__builder.hpp
[3.501s] -- Up-to-date: /home/alvaro/workspace/ros_ur_driver/install/ur_dashboard_msgs/include/ur_dashboard_msgs/srv/detail/get_safety_mode__builder.hpp
[3.501s] -- Up-to-date: /home/alvaro/workspace/ros_ur_driver/install/ur_dashboard_msgs/include/ur_dashboard_msgs/srv/detail/add_to_log__builder.hpp
[3.501s] -- Up-to-date: /home/alvaro/workspace/ros_ur_driver/install/ur_dashboard_msgs/include/ur_dashboard_msgs/srv/detail/get_safety_mode__type_support.hpp
[3.501s] -- Up-to-date: /home/alvaro/workspace/ros_ur_driver/install/ur_dashboard_msgs/include/ur_dashboard_msgs/srv/detail/popup__struct.hpp
[3.502s] -- Up-to-date: /home/alvaro/workspace/ros_ur_driver/install/ur_dashboard_msgs/include/ur_dashboard_msgs/srv/detail/add_to_log__traits.hpp
[3.502s] -- Up-to-date: /home/alvaro/workspace/ros_ur_driver/install/ur_dashboard_msgs/include/ur_dashboard_msgs/srv/detail/is_program_saved__traits.hpp
[3.502s] -- Up-to-date: /home/alvaro/workspace/ros_ur_driver/install/ur_dashboard_msgs/include/ur_dashboard_msgs/srv/detail/load__traits.hpp
[3.502s] -- Up-to-date: /home/alvaro/workspace/ros_ur_driver/install/ur_dashboard_msgs/include/ur_dashboard_msgs/srv/detail/get_safety_mode__struct.hpp
[3.502s] -- Up-to-date: /home/alvaro/workspace/ros_ur_driver/install/ur_dashboard_msgs/include/ur_dashboard_msgs/srv/detail/popup__type_support.hpp
[3.502s] -- Up-to-date: /home/alvaro/workspace/ros_ur_driver/install/ur_dashboard_msgs/include/ur_dashboard_msgs/srv/detail/load__type_support.hpp
[3.502s] -- Up-to-date: /home/alvaro/workspace/ros_ur_driver/install/ur_dashboard_msgs/include/ur_dashboard_msgs/srv/detail/raw_request__traits.hpp
[3.503s] -- Up-to-date: /home/alvaro/workspace/ros_ur_driver/install/ur_dashboard_msgs/include/ur_dashboard_msgs/srv/detail/get_robot_mode__struct.hpp
[3.503s] -- Up-to-date: /home/alvaro/workspace/ros_ur_driver/install/ur_dashboard_msgs/include/ur_dashboard_msgs/srv/detail/get_safety_mode__traits.hpp
[3.503s] -- Up-to-date: /home/alvaro/workspace/ros_ur_driver/install/ur_dashboard_msgs/include/ur_dashboard_msgs/srv/detail/get_loaded_program__builder.hpp
[3.503s] -- Up-to-date: /home/alvaro/workspace/ros_ur_driver/install/ur_dashboard_msgs/include/ur_dashboard_msgs/srv/detail/get_program_state__builder.hpp
[3.503s] -- Up-to-date: /home/alvaro/workspace/ros_ur_driver/install/ur_dashboard_msgs/include/ur_dashboard_msgs/srv/detail/get_program_state__struct.hpp
[3.503s] -- Up-to-date: /home/alvaro/workspace/ros_ur_driver/install/ur_dashboard_msgs/include/ur_dashboard_msgs/srv/detail/get_loaded_program__type_support.hpp
[3.503s] -- Up-to-date: /home/alvaro/workspace/ros_ur_driver/install/ur_dashboard_msgs/include/ur_dashboard_msgs/srv/detail/is_program_running__builder.hpp
[3.503s] -- Up-to-date: /home/alvaro/workspace/ros_ur_driver/install/ur_dashboard_msgs/include/ur_dashboard_msgs/srv/detail/get_robot_mode__builder.hpp
[3.503s] -- Up-to-date: /home/alvaro/workspace/ros_ur_driver/install/ur_dashboard_msgs/include/ur_dashboard_msgs/srv/detail/load__struct.hpp
[3.503s] -- Up-to-date: /home/alvaro/workspace/ros_ur_driver/install/ur_dashboard_msgs/include/ur_dashboard_msgs/srv/detail/is_program_saved__struct.hpp
[3.503s] -- Up-to-date: /home/alvaro/workspace/ros_ur_driver/install/ur_dashboard_msgs/include/ur_dashboard_msgs/srv/detail/raw_request__type_support.hpp
[3.504s] -- Up-to-date: /home/alvaro/workspace/ros_ur_driver/install/ur_dashboard_msgs/include/ur_dashboard_msgs/srv/detail/popup__builder.hpp
[3.504s] -- Up-to-date: /home/alvaro/workspace/ros_ur_driver/install/ur_dashboard_msgs/include/ur_dashboard_msgs/srv/detail/popup__traits.hpp
[3.504s] -- Up-to-date: /home/alvaro/workspace/ros_ur_driver/install/ur_dashboard_msgs/include/ur_dashboard_msgs/srv/detail/is_program_running__traits.hpp
[3.504s] -- Up-to-date: /home/alvaro/workspace/ros_ur_driver/install/ur_dashboard_msgs/include/ur_dashboard_msgs/srv/detail/raw_request__builder.hpp
[3.504s] -- Up-to-date: /home/alvaro/workspace/ros_ur_driver/install/ur_dashboard_msgs/include/ur_dashboard_msgs/srv/detail/add_to_log__type_support.hpp
[3.504s] -- Up-to-date: /home/alvaro/workspace/ros_ur_driver/install/ur_dashboard_msgs/include/ur_dashboard_msgs/srv/detail/load__builder.hpp
[3.504s] -- Up-to-date: /home/alvaro/workspace/ros_ur_driver/install/ur_dashboard_msgs/include/ur_dashboard_msgs/srv/detail/get_program_state__type_support.hpp
[3.504s] -- Up-to-date: /home/alvaro/workspace/ros_ur_driver/install/ur_dashboard_msgs/include/ur_dashboard_msgs/srv/detail/get_loaded_program__traits.hpp
[3.504s] -- Up-to-date: /home/alvaro/workspace/ros_ur_driver/install/ur_dashboard_msgs/include/ur_dashboard_msgs/srv/detail/get_robot_mode__traits.hpp
[3.504s] -- Up-to-date: /home/alvaro/workspace/ros_ur_driver/install/ur_dashboard_msgs/include/ur_dashboard_msgs/srv/detail/is_program_saved__type_support.hpp
[3.504s] -- Up-to-date: /home/alvaro/workspace/ros_ur_driver/install/ur_dashboard_msgs/include/ur_dashboard_msgs/srv/detail/is_program_running__struct.hpp
[3.504s] -- Up-to-date: /home/alvaro/workspace/ros_ur_driver/install/ur_dashboard_msgs/include/ur_dashboard_msgs/action
[3.505s] -- Up-to-date: /home/alvaro/workspace/ros_ur_driver/install/ur_dashboard_msgs/include/ur_dashboard_msgs/action/set_mode.hpp
[3.505s] -- Up-to-date: /home/alvaro/workspace/ros_ur_driver/install/ur_dashboard_msgs/include/ur_dashboard_msgs/action/detail
[3.505s] -- Up-to-date: /home/alvaro/workspace/ros_ur_driver/install/ur_dashboard_msgs/include/ur_dashboard_msgs/action/detail/set_mode__type_support.hpp
[3.505s] -- Up-to-date: /home/alvaro/workspace/ros_ur_driver/install/ur_dashboard_msgs/include/ur_dashboard_msgs/action/detail/set_mode__struct.hpp
[3.505s] -- Up-to-date: /home/alvaro/workspace/ros_ur_driver/install/ur_dashboard_msgs/include/ur_dashboard_msgs/action/detail/set_mode__builder.hpp
[3.505s] -- Up-to-date: /home/alvaro/workspace/ros_ur_driver/install/ur_dashboard_msgs/include/ur_dashboard_msgs/action/detail/set_mode__traits.hpp
[3.505s] -- Up-to-date: /home/alvaro/workspace/ros_ur_driver/install/ur_dashboard_msgs/include/ur_dashboard_msgs/msg
[3.505s] -- Up-to-date: /home/alvaro/workspace/ros_ur_driver/install/ur_dashboard_msgs/include/ur_dashboard_msgs/msg/rosidl_generator_cpp__visibility_control.hpp
[3.505s] -- Up-to-date: /home/alvaro/workspace/ros_ur_driver/install/ur_dashboard_msgs/include/ur_dashboard_msgs/msg/safety_mode.hpp
[3.505s] -- Up-to-date: /home/alvaro/workspace/ros_ur_driver/install/ur_dashboard_msgs/include/ur_dashboard_msgs/msg/program_state.hpp
[3.505s] -- Up-to-date: /home/alvaro/workspace/ros_ur_driver/install/ur_dashboard_msgs/include/ur_dashboard_msgs/msg/robot_mode.hpp
[3.505s] -- Up-to-date: /home/alvaro/workspace/ros_ur_driver/install/ur_dashboard_msgs/include/ur_dashboard_msgs/msg/detail
[3.506s] -- Up-to-date: /home/alvaro/workspace/ros_ur_driver/install/ur_dashboard_msgs/include/ur_dashboard_msgs/msg/detail/safety_mode__type_support.hpp
[3.506s] -- Up-to-date: /home/alvaro/workspace/ros_ur_driver/install/ur_dashboard_msgs/include/ur_dashboard_msgs/msg/detail/robot_mode__struct.hpp
[3.506s] -- Up-to-date: /home/alvaro/workspace/ros_ur_driver/install/ur_dashboard_msgs/include/ur_dashboard_msgs/msg/detail/program_state__struct.hpp
[3.506s] -- Up-to-date: /home/alvaro/workspace/ros_ur_driver/install/ur_dashboard_msgs/include/ur_dashboard_msgs/msg/detail/safety_mode__builder.hpp
[3.506s] -- Up-to-date: /home/alvaro/workspace/ros_ur_driver/install/ur_dashboard_msgs/include/ur_dashboard_msgs/msg/detail/program_state__type_support.hpp
[3.506s] -- Up-to-date: /home/alvaro/workspace/ros_ur_driver/install/ur_dashboard_msgs/include/ur_dashboard_msgs/msg/detail/robot_mode__builder.hpp
[3.506s] -- Up-to-date: /home/alvaro/workspace/ros_ur_driver/install/ur_dashboard_msgs/include/ur_dashboard_msgs/msg/detail/robot_mode__traits.hpp
[3.506s] -- Up-to-date: /home/alvaro/workspace/ros_ur_driver/install/ur_dashboard_msgs/include/ur_dashboard_msgs/msg/detail/safety_mode__struct.hpp
[3.506s] -- Up-to-date: /home/alvaro/workspace/ros_ur_driver/install/ur_dashboard_msgs/include/ur_dashboard_msgs/msg/detail/safety_mode__traits.hpp
[3.506s] -- Up-to-date: /home/alvaro/workspace/ros_ur_driver/install/ur_dashboard_msgs/include/ur_dashboard_msgs/msg/detail/program_state__builder.hpp
[3.506s] -- Up-to-date: /home/alvaro/workspace/ros_ur_driver/install/ur_dashboard_msgs/include/ur_dashboard_msgs/msg/detail/program_state__traits.hpp
[3.506s] -- Up-to-date: /home/alvaro/workspace/ros_ur_driver/install/ur_dashboard_msgs/include/ur_dashboard_msgs/msg/detail/robot_mode__type_support.hpp
[3.507s] -- Up-to-date: /home/alvaro/workspace/ros_ur_driver/install/ur_dashboard_msgs/include/ur_dashboard_msgs
[3.507s] -- Up-to-date: /home/alvaro/workspace/ros_ur_driver/install/ur_dashboard_msgs/include/ur_dashboard_msgs/srv
[3.507s] -- Up-to-date: /home/alvaro/workspace/ros_ur_driver/install/ur_dashboard_msgs/include/ur_dashboard_msgs/srv/detail
[3.507s] -- Up-to-date: /home/alvaro/workspace/ros_ur_driver/install/ur_dashboard_msgs/include/ur_dashboard_msgs/srv/detail/is_program_saved__type_support.cpp
[3.507s] -- Up-to-date: /home/alvaro/workspace/ros_ur_driver/install/ur_dashboard_msgs/include/ur_dashboard_msgs/srv/detail/popup__type_support.cpp
[3.507s] -- Up-to-date: /home/alvaro/workspace/ros_ur_driver/install/ur_dashboard_msgs/include/ur_dashboard_msgs/srv/detail/load__rosidl_typesupport_introspection_cpp.hpp
[3.507s] -- Up-to-date: /home/alvaro/workspace/ros_ur_driver/install/ur_dashboard_msgs/include/ur_dashboard_msgs/srv/detail/popup__rosidl_typesupport_introspection_cpp.hpp
[3.507s] -- Up-to-date: /home/alvaro/workspace/ros_ur_driver/install/ur_dashboard_msgs/include/ur_dashboard_msgs/srv/detail/load__type_support.cpp
[3.507s] -- Up-to-date: /home/alvaro/workspace/ros_ur_driver/install/ur_dashboard_msgs/include/ur_dashboard_msgs/srv/detail/is_program_running__type_support.cpp
[3.507s] -- Up-to-date: /home/alvaro/workspace/ros_ur_driver/install/ur_dashboard_msgs/include/ur_dashboard_msgs/srv/detail/get_safety_mode__rosidl_typesupport_introspection_cpp.hpp
[3.507s] -- Up-to-date: /home/alvaro/workspace/ros_ur_driver/install/ur_dashboard_msgs/include/ur_dashboard_msgs/srv/detail/get_program_state__type_support.cpp
[3.508s] -- Up-to-date: /home/alvaro/workspace/ros_ur_driver/install/ur_dashboard_msgs/include/ur_dashboard_msgs/srv/detail/get_robot_mode__type_support.cpp
[3.508s] -- Up-to-date: /home/alvaro/workspace/ros_ur_driver/install/ur_dashboard_msgs/include/ur_dashboard_msgs/srv/detail/add_to_log__rosidl_typesupport_introspection_cpp.hpp
[3.508s] -- Up-to-date: /home/alvaro/workspace/ros_ur_driver/install/ur_dashboard_msgs/include/ur_dashboard_msgs/srv/detail/get_program_state__rosidl_typesupport_introspection_cpp.hpp
[3.508s] -- Up-to-date: /home/alvaro/workspace/ros_ur_driver/install/ur_dashboard_msgs/include/ur_dashboard_msgs/srv/detail/raw_request__rosidl_typesupport_introspection_cpp.hpp
[3.508s] -- Up-to-date: /home/alvaro/workspace/ros_ur_driver/install/ur_dashboard_msgs/include/ur_dashboard_msgs/srv/detail/add_to_log__type_support.cpp
[3.508s] -- Up-to-date: /home/alvaro/workspace/ros_ur_driver/install/ur_dashboard_msgs/include/ur_dashboard_msgs/srv/detail/get_safety_mode__type_support.cpp
[3.508s] -- Up-to-date: /home/alvaro/workspace/ros_ur_driver/install/ur_dashboard_msgs/include/ur_dashboard_msgs/srv/detail/is_program_running__rosidl_typesupport_introspection_cpp.hpp
[3.508s] -- Up-to-date: /home/alvaro/workspace/ros_ur_driver/install/ur_dashboard_msgs/include/ur_dashboard_msgs/srv/detail/get_robot_mode__rosidl_typesupport_introspection_cpp.hpp
[3.508s] -- Up-to-date: /home/alvaro/workspace/ros_ur_driver/install/ur_dashboard_msgs/include/ur_dashboard_msgs/srv/detail/get_loaded_program__rosidl_typesupport_introspection_cpp.hpp
[3.508s] -- Up-to-date: /home/alvaro/workspace/ros_ur_driver/install/ur_dashboard_msgs/include/ur_dashboard_msgs/srv/detail/get_loaded_program__type_support.cpp
[3.508s] -- Up-to-date: /home/alvaro/workspace/ros_ur_driver/install/ur_dashboard_msgs/include/ur_dashboard_msgs/srv/detail/is_program_saved__rosidl_typesupport_introspection_cpp.hpp
[3.508s] -- Up-to-date: /home/alvaro/workspace/ros_ur_driver/install/ur_dashboard_msgs/include/ur_dashboard_msgs/srv/detail/raw_request__type_support.cpp
[3.509s] -- Up-to-date: /home/alvaro/workspace/ros_ur_driver/install/ur_dashboard_msgs/include/ur_dashboard_msgs/action
[3.509s] -- Up-to-date: /home/alvaro/workspace/ros_ur_driver/install/ur_dashboard_msgs/include/ur_dashboard_msgs/action/detail
[3.509s] -- Up-to-date: /home/alvaro/workspace/ros_ur_driver/install/ur_dashboard_msgs/include/ur_dashboard_msgs/action/detail/set_mode__type_support.cpp
[3.509s] -- Up-to-date: /home/alvaro/workspace/ros_ur_driver/install/ur_dashboard_msgs/include/ur_dashboard_msgs/action/detail/set_mode__rosidl_typesupport_introspection_cpp.hpp
[3.509s] -- Up-to-date: /home/alvaro/workspace/ros_ur_driver/install/ur_dashboard_msgs/include/ur_dashboard_msgs/msg
[3.509s] -- Up-to-date: /home/alvaro/workspace/ros_ur_driver/install/ur_dashboard_msgs/include/ur_dashboard_msgs/msg/detail
[3.509s] -- Up-to-date: /home/alvaro/workspace/ros_ur_driver/install/ur_dashboard_msgs/include/ur_dashboard_msgs/msg/detail/safety_mode__type_support.cpp
[3.509s] -- Up-to-date: /home/alvaro/workspace/ros_ur_driver/install/ur_dashboard_msgs/include/ur_dashboard_msgs/msg/detail/program_state__type_support.cpp
[3.509s] -- Up-to-date: /home/alvaro/workspace/ros_ur_driver/install/ur_dashboard_msgs/include/ur_dashboard_msgs/msg/detail/safety_mode__rosidl_typesupport_introspection_cpp.hpp
[3.509s] -- Up-to-date: /home/alvaro/workspace/ros_ur_driver/install/ur_dashboard_msgs/include/ur_dashboard_msgs/msg/detail/robot_mode__type_support.cpp
[3.509s] -- Up-to-date: /home/alvaro/workspace/ros_ur_driver/install/ur_dashboard_msgs/include/ur_dashboard_msgs/msg/detail/program_state__rosidl_typesupport_introspection_cpp.hpp
[3.509s] -- Up-to-date: /home/alvaro/workspace/ros_ur_driver/install/ur_dashboard_msgs/include/ur_dashboard_msgs/msg/detail/robot_mode__rosidl_typesupport_introspection_cpp.hpp
[3.510s] -- Up-to-date: /home/alvaro/workspace/ros_ur_driver/install/ur_dashboard_msgs/lib/libur_dashboard_msgs__rosidl_typesupport_introspection_cpp.so
[3.510s] -- Up-to-date: /home/alvaro/workspace/ros_ur_driver/install/ur_dashboard_msgs/lib/libur_dashboard_msgs__rosidl_typesupport_cpp.so
[3.510s] -- Up-to-date: /home/alvaro/workspace/ros_ur_driver/install/ur_dashboard_msgs/share/ur_dashboard_msgs/environment/pythonpath.sh
[3.510s] -- Up-to-date: /home/alvaro/workspace/ros_ur_driver/install/ur_dashboard_msgs/share/ur_dashboard_msgs/environment/pythonpath.dsv
[3.510s] -- Up-to-date: /home/alvaro/workspace/ros_ur_driver/install/ur_dashboard_msgs/lib/python3.8/site-packages/ur_dashboard_msgs/__init__.py
[3.550s] -- Up-to-date: /home/alvaro/workspace/ros_ur_driver/install/ur_dashboard_msgs/lib/python3.8/site-packages/ur_dashboard_msgs/msg
[3.550s] -- Up-to-date: /home/alvaro/workspace/ros_ur_driver/install/ur_dashboard_msgs/lib/python3.8/site-packages/ur_dashboard_msgs/msg/_program_state.py
[3.550s] -- Up-to-date: /home/alvaro/workspace/ros_ur_driver/install/ur_dashboard_msgs/lib/python3.8/site-packages/ur_dashboard_msgs/msg/_program_state_s.c
[3.551s] -- Up-to-date: /home/alvaro/workspace/ros_ur_driver/install/ur_dashboard_msgs/lib/python3.8/site-packages/ur_dashboard_msgs/msg/_safety_mode_s.c
[3.551s] -- Up-to-date: /home/alvaro/workspace/ros_ur_driver/install/ur_dashboard_msgs/lib/python3.8/site-packages/ur_dashboard_msgs/msg/_robot_mode.py
[3.551s] -- Up-to-date: /home/alvaro/workspace/ros_ur_driver/install/ur_dashboard_msgs/lib/python3.8/site-packages/ur_dashboard_msgs/msg/_robot_mode_s.c
[3.551s] -- Up-to-date: /home/alvaro/workspace/ros_ur_driver/install/ur_dashboard_msgs/lib/python3.8/site-packages/ur_dashboard_msgs/msg/_safety_mode.py
[3.551s] -- Up-to-date: /home/alvaro/workspace/ros_ur_driver/install/ur_dashboard_msgs/lib/python3.8/site-packages/ur_dashboard_msgs/msg/__init__.py
[3.551s] -- Up-to-date: /home/alvaro/workspace/ros_ur_driver/install/ur_dashboard_msgs/lib/python3.8/site-packages/ur_dashboard_msgs/srv
[3.552s] -- Up-to-date: /home/alvaro/workspace/ros_ur_driver/install/ur_dashboard_msgs/lib/python3.8/site-packages/ur_dashboard_msgs/srv/_popup_s.c
[3.552s] -- Up-to-date: /home/alvaro/workspace/ros_ur_driver/install/ur_dashboard_msgs/lib/python3.8/site-packages/ur_dashboard_msgs/srv/_get_loaded_program_s.c
[3.552s] -- Up-to-date: /home/alvaro/workspace/ros_ur_driver/install/ur_dashboard_msgs/lib/python3.8/site-packages/ur_dashboard_msgs/srv/_is_program_saved_s.c
[3.552s] -- Up-to-date: /home/alvaro/workspace/ros_ur_driver/install/ur_dashboard_msgs/lib/python3.8/site-packages/ur_dashboard_msgs/srv/_get_program_state_s.c
[3.552s] -- Up-to-date: /home/alvaro/workspace/ros_ur_driver/install/ur_dashboard_msgs/lib/python3.8/site-packages/ur_dashboard_msgs/srv/_get_program_state.py
[3.553s] -- Up-to-date: /home/alvaro/workspace/ros_ur_driver/install/ur_dashboard_msgs/lib/python3.8/site-packages/ur_dashboard_msgs/srv/_get_robot_mode_s.c
[3.553s] -- Up-to-date: /home/alvaro/workspace/ros_ur_driver/install/ur_dashboard_msgs/lib/python3.8/site-packages/ur_dashboard_msgs/srv/_is_program_running_s.c
[3.553s] -- Up-to-date: /home/alvaro/workspace/ros_ur_driver/install/ur_dashboard_msgs/lib/python3.8/site-packages/ur_dashboard_msgs/srv/_get_safety_mode_s.c
[3.553s] -- Up-to-date: /home/alvaro/workspace/ros_ur_driver/install/ur_dashboard_msgs/lib/python3.8/site-packages/ur_dashboard_msgs/srv/_load.py
[3.553s] -- Up-to-date: /home/alvaro/workspace/ros_ur_driver/install/ur_dashboard_msgs/lib/python3.8/site-packages/ur_dashboard_msgs/srv/_is_program_saved.py
[3.553s] -- Up-to-date: /home/alvaro/workspace/ros_ur_driver/install/ur_dashboard_msgs/lib/python3.8/site-packages/ur_dashboard_msgs/srv/_get_robot_mode.py
[3.553s] -- Up-to-date: /home/alvaro/workspace/ros_ur_driver/install/ur_dashboard_msgs/lib/python3.8/site-packages/ur_dashboard_msgs/srv/_is_program_running.py
[3.554s] -- Up-to-date: /home/alvaro/workspace/ros_ur_driver/install/ur_dashboard_msgs/lib/python3.8/site-packages/ur_dashboard_msgs/srv/_add_to_log_s.c
[3.554s] -- Up-to-date: /home/alvaro/workspace/ros_ur_driver/install/ur_dashboard_msgs/lib/python3.8/site-packages/ur_dashboard_msgs/srv/_popup.py
[3.554s] -- Up-to-date: /home/alvaro/workspace/ros_ur_driver/install/ur_dashboard_msgs/lib/python3.8/site-packages/ur_dashboard_msgs/srv/_raw_request.py
[3.554s] -- Up-to-date: /home/alvaro/workspace/ros_ur_driver/install/ur_dashboard_msgs/lib/python3.8/site-packages/ur_dashboard_msgs/srv/_load_s.c
[3.554s] -- Up-to-date: /home/alvaro/workspace/ros_ur_driver/install/ur_dashboard_msgs/lib/python3.8/site-packages/ur_dashboard_msgs/srv/_get_loaded_program.py
[3.554s] -- Up-to-date: /home/alvaro/workspace/ros_ur_driver/install/ur_dashboard_msgs/lib/python3.8/site-packages/ur_dashboard_msgs/srv/_raw_request_s.c
[3.555s] -- Up-to-date: /home/alvaro/workspace/ros_ur_driver/install/ur_dashboard_msgs/lib/python3.8/site-packages/ur_dashboard_msgs/srv/_get_safety_mode.py
[3.555s] -- Up-to-date: /home/alvaro/workspace/ros_ur_driver/install/ur_dashboard_msgs/lib/python3.8/site-packages/ur_dashboard_msgs/srv/_add_to_log.py
[3.555s] -- Up-to-date: /home/alvaro/workspace/ros_ur_driver/install/ur_dashboard_msgs/lib/python3.8/site-packages/ur_dashboard_msgs/srv/__init__.py
[3.555s] -- Up-to-date: /home/alvaro/workspace/ros_ur_driver/install/ur_dashboard_msgs/lib/python3.8/site-packages/ur_dashboard_msgs/action
[3.555s] -- Up-to-date: /home/alvaro/workspace/ros_ur_driver/install/ur_dashboard_msgs/lib/python3.8/site-packages/ur_dashboard_msgs/action/_set_mode.py
[3.555s] -- Up-to-date: /home/alvaro/workspace/ros_ur_driver/install/ur_dashboard_msgs/lib/python3.8/site-packages/ur_dashboard_msgs/action/_set_mode_s.c
[3.556s] -- Up-to-date: /home/alvaro/workspace/ros_ur_driver/install/ur_dashboard_msgs/lib/python3.8/site-packages/ur_dashboard_msgs/action/__init__.py
[3.556s] -- Up-to-date: /home/alvaro/workspace/ros_ur_driver/install/ur_dashboard_msgs/lib/python3.8/site-packages/ur_dashboard_msgs/ur_dashboard_msgs_s__rosidl_typesupport_fastrtps_c.cpython-38-x86_64-linux-gnu.so
[3.556s] -- Up-to-date: /home/alvaro/workspace/ros_ur_driver/install/ur_dashboard_msgs/lib/python3.8/site-packages/ur_dashboard_msgs/ur_dashboard_msgs_s__rosidl_typesupport_introspection_c.cpython-38-x86_64-linux-gnu.so
[3.556s] -- Up-to-date: /home/alvaro/workspace/ros_ur_driver/install/ur_dashboard_msgs/lib/python3.8/site-packages/ur_dashboard_msgs/ur_dashboard_msgs_s__rosidl_typesupport_c.cpython-38-x86_64-linux-gnu.so
[3.557s] -- Up-to-date: /home/alvaro/workspace/ros_ur_driver/install/ur_dashboard_msgs/lib/libur_dashboard_msgs__python.so
[3.557s] -- Up-to-date: /home/alvaro/workspace/ros_ur_driver/install/ur_dashboard_msgs/share/ur_dashboard_msgs/msg/ProgramState.idl
[3.557s] -- Up-to-date: /home/alvaro/workspace/ros_ur_driver/install/ur_dashboard_msgs/share/ur_dashboard_msgs/msg/RobotMode.idl
[3.558s] -- Up-to-date: /home/alvaro/workspace/ros_ur_driver/install/ur_dashboard_msgs/share/ur_dashboard_msgs/msg/SafetyMode.idl
[3.558s] -- Up-to-date: /home/alvaro/workspace/ros_ur_driver/install/ur_dashboard_msgs/share/ur_dashboard_msgs/srv/AddToLog.idl
[3.558s] -- Up-to-date: /home/alvaro/workspace/ros_ur_driver/install/ur_dashboard_msgs/share/ur_dashboard_msgs/srv/GetLoadedProgram.idl
[3.558s] -- Up-to-date: /home/alvaro/workspace/ros_ur_driver/install/ur_dashboard_msgs/share/ur_dashboard_msgs/srv/GetProgramState.idl
[3.558s] -- Up-to-date: /home/alvaro/workspace/ros_ur_driver/install/ur_dashboard_msgs/share/ur_dashboard_msgs/srv/GetRobotMode.idl
[3.559s] -- Up-to-date: /home/alvaro/workspace/ros_ur_driver/install/ur_dashboard_msgs/share/ur_dashboard_msgs/srv/GetSafetyMode.idl
[3.559s] -- Up-to-date: /home/alvaro/workspace/ros_ur_driver/install/ur_dashboard_msgs/share/ur_dashboard_msgs/srv/IsProgramRunning.idl
[3.559s] -- Up-to-date: /home/alvaro/workspace/ros_ur_driver/install/ur_dashboard_msgs/share/ur_dashboard_msgs/srv/IsProgramSaved.idl
[3.559s] -- Up-to-date: /home/alvaro/workspace/ros_ur_driver/install/ur_dashboard_msgs/share/ur_dashboard_msgs/srv/Load.idl
[3.559s] -- Up-to-date: /home/alvaro/workspace/ros_ur_driver/install/ur_dashboard_msgs/share/ur_dashboard_msgs/srv/Popup.idl
[3.559s] -- Up-to-date: /home/alvaro/workspace/ros_ur_driver/install/ur_dashboard_msgs/share/ur_dashboard_msgs/srv/RawRequest.idl
[3.559s] -- Up-to-date: /home/alvaro/workspace/ros_ur_driver/install/ur_dashboard_msgs/share/ur_dashboard_msgs/action/SetMode.idl
[3.559s] -- Up-to-date: /home/alvaro/workspace/ros_ur_driver/install/ur_dashboard_msgs/share/ur_dashboard_msgs/msg/ProgramState.msg
[3.560s] -- Up-to-date: /home/alvaro/workspace/ros_ur_driver/install/ur_dashboard_msgs/share/ur_dashboard_msgs/msg/RobotMode.msg
[3.560s] -- Up-to-date: /home/alvaro/workspace/ros_ur_driver/install/ur_dashboard_msgs/share/ur_dashboard_msgs/msg/SafetyMode.msg
[3.560s] -- Up-to-date: /home/alvaro/workspace/ros_ur_driver/install/ur_dashboard_msgs/share/ur_dashboard_msgs/srv/AddToLog.srv
[3.560s] -- Up-to-date: /home/alvaro/workspace/ros_ur_driver/install/ur_dashboard_msgs/share/ur_dashboard_msgs/srv/AddToLog_Request.msg
[3.560s] -- Up-to-date: /home/alvaro/workspace/ros_ur_driver/install/ur_dashboard_msgs/share/ur_dashboard_msgs/srv/AddToLog_Response.msg
[3.560s] -- Up-to-date: /home/alvaro/workspace/ros_ur_driver/install/ur_dashboard_msgs/share/ur_dashboard_msgs/srv/GetLoadedProgram.srv
[3.560s] -- Up-to-date: /home/alvaro/workspace/ros_ur_driver/install/ur_dashboard_msgs/share/ur_dashboard_msgs/srv/GetLoadedProgram_Request.msg
[3.560s] -- Up-to-date: /home/alvaro/workspace/ros_ur_driver/install/ur_dashboard_msgs/share/ur_dashboard_msgs/srv/GetLoadedProgram_Response.msg
[3.560s] -- Up-to-date: /home/alvaro/workspace/ros_ur_driver/install/ur_dashboard_msgs/share/ur_dashboard_msgs/srv/GetProgramState.srv
[3.560s] -- Up-to-date: /home/alvaro/workspace/ros_ur_driver/install/ur_dashboard_msgs/share/ur_dashboard_msgs/srv/GetProgramState_Request.msg
[3.561s] -- Up-to-date: /home/alvaro/workspace/ros_ur_driver/install/ur_dashboard_msgs/share/ur_dashboard_msgs/srv/GetProgramState_Response.msg
[3.561s] -- Up-to-date: /home/alvaro/workspace/ros_ur_driver/install/ur_dashboard_msgs/share/ur_dashboard_msgs/srv/GetRobotMode.srv
[3.561s] -- Up-to-date: /home/alvaro/workspace/ros_ur_driver/install/ur_dashboard_msgs/share/ur_dashboard_msgs/srv/GetRobotMode_Request.msg
[3.561s] -- Up-to-date: /home/alvaro/workspace/ros_ur_driver/install/ur_dashboard_msgs/share/ur_dashboard_msgs/srv/GetRobotMode_Response.msg
[3.561s] -- Up-to-date: /home/alvaro/workspace/ros_ur_driver/install/ur_dashboard_msgs/share/ur_dashboard_msgs/srv/GetSafetyMode.srv
[3.561s] -- Up-to-date: /home/alvaro/workspace/ros_ur_driver/install/ur_dashboard_msgs/share/ur_dashboard_msgs/srv/GetSafetyMode_Request.msg
[3.561s] -- Up-to-date: /home/alvaro/workspace/ros_ur_driver/install/ur_dashboard_msgs/share/ur_dashboard_msgs/srv/GetSafetyMode_Response.msg
[3.561s] -- Up-to-date: /home/alvaro/workspace/ros_ur_driver/install/ur_dashboard_msgs/share/ur_dashboard_msgs/srv/IsProgramRunning.srv
[3.561s] -- Up-to-date: /home/alvaro/workspace/ros_ur_driver/install/ur_dashboard_msgs/share/ur_dashboard_msgs/srv/IsProgramRunning_Request.msg
[3.561s] -- Up-to-date: /home/alvaro/workspace/ros_ur_driver/install/ur_dashboard_msgs/share/ur_dashboard_msgs/srv/IsProgramRunning_Response.msg
[3.562s] -- Up-to-date: /home/alvaro/workspace/ros_ur_driver/install/ur_dashboard_msgs/share/ur_dashboard_msgs/srv/IsProgramSaved.srv
[3.562s] -- Up-to-date: /home/alvaro/workspace/ros_ur_driver/install/ur_dashboard_msgs/share/ur_dashboard_msgs/srv/IsProgramSaved_Request.msg
[3.562s] -- Up-to-date: /home/alvaro/workspace/ros_ur_driver/install/ur_dashboard_msgs/share/ur_dashboard_msgs/srv/IsProgramSaved_Response.msg
[3.562s] -- Up-to-date: /home/alvaro/workspace/ros_ur_driver/install/ur_dashboard_msgs/share/ur_dashboard_msgs/srv/Load.srv
[3.562s] -- Up-to-date: /home/alvaro/workspace/ros_ur_driver/install/ur_dashboard_msgs/share/ur_dashboard_msgs/srv/Load_Request.msg
[3.562s] -- Up-to-date: /home/alvaro/workspace/ros_ur_driver/install/ur_dashboard_msgs/share/ur_dashboard_msgs/srv/Load_Response.msg
[3.562s] -- Up-to-date: /home/alvaro/workspace/ros_ur_driver/install/ur_dashboard_msgs/share/ur_dashboard_msgs/srv/Popup.srv
[3.562s] -- Up-to-date: /home/alvaro/workspace/ros_ur_driver/install/ur_dashboard_msgs/share/ur_dashboard_msgs/srv/Popup_Request.msg
[3.562s] -- Up-to-date: /home/alvaro/workspace/ros_ur_driver/install/ur_dashboard_msgs/share/ur_dashboard_msgs/srv/Popup_Response.msg
[3.563s] -- Up-to-date: /home/alvaro/workspace/ros_ur_driver/install/ur_dashboard_msgs/share/ur_dashboard_msgs/srv/RawRequest.srv
[3.563s] -- Up-to-date: /home/alvaro/workspace/ros_ur_driver/install/ur_dashboard_msgs/share/ur_dashboard_msgs/srv/RawRequest_Request.msg
[3.563s] -- Up-to-date: /home/alvaro/workspace/ros_ur_driver/install/ur_dashboard_msgs/share/ur_dashboard_msgs/srv/RawRequest_Response.msg
[3.563s] -- Up-to-date: /home/alvaro/workspace/ros_ur_driver/install/ur_dashboard_msgs/share/ur_dashboard_msgs/action/SetMode.action
[3.563s] -- Up-to-date: /home/alvaro/workspace/ros_ur_driver/install/ur_dashboard_msgs/share/ament_index/resource_index/package_run_dependencies/ur_dashboard_msgs
[3.563s] -- Up-to-date: /home/alvaro/workspace/ros_ur_driver/install/ur_dashboard_msgs/share/ament_index/resource_index/parent_prefix_path/ur_dashboard_msgs
[3.563s] -- Up-to-date: /home/alvaro/workspace/ros_ur_driver/install/ur_dashboard_msgs/share/ur_dashboard_msgs/environment/ament_prefix_path.sh
[3.563s] -- Up-to-date: /home/alvaro/workspace/ros_ur_driver/install/ur_dashboard_msgs/share/ur_dashboard_msgs/environment/ament_prefix_path.dsv
[3.564s] -- Up-to-date: /home/alvaro/workspace/ros_ur_driver/install/ur_dashboard_msgs/share/ur_dashboard_msgs/environment/path.sh
[3.564s] -- Up-to-date: /home/alvaro/workspace/ros_ur_driver/install/ur_dashboard_msgs/share/ur_dashboard_msgs/environment/path.dsv
[3.564s] -- Up-to-date: /home/alvaro/workspace/ros_ur_driver/install/ur_dashboard_msgs/share/ur_dashboard_msgs/local_setup.bash
[3.564s] -- Up-to-date: /home/alvaro/workspace/ros_ur_driver/install/ur_dashboard_msgs/share/ur_dashboard_msgs/local_setup.sh
[3.564s] -- Up-to-date: /home/alvaro/workspace/ros_ur_driver/install/ur_dashboard_msgs/share/ur_dashboard_msgs/local_setup.zsh
[3.564s] -- Up-to-date: /home/alvaro/workspace/ros_ur_driver/install/ur_dashboard_msgs/share/ur_dashboard_msgs/local_setup.dsv
[3.564s] -- Installing: /home/alvaro/workspace/ros_ur_driver/install/ur_dashboard_msgs/share/ur_dashboard_msgs/package.dsv
[3.564s] -- Up-to-date: /home/alvaro/workspace/ros_ur_driver/install/ur_dashboard_msgs/share/ament_index/resource_index/packages/ur_dashboard_msgs
[3.565s] -- Up-to-date: /home/alvaro/workspace/ros_ur_driver/install/ur_dashboard_msgs/share/ur_dashboard_msgs/cmake/ur_dashboard_msgs__rosidl_generator_cExport.cmake
[3.565s] -- Up-to-date: /home/alvaro/workspace/ros_ur_driver/install/ur_dashboard_msgs/share/ur_dashboard_msgs/cmake/ur_dashboard_msgs__rosidl_generator_cExport-release.cmake
[3.565s] -- Up-to-date: /home/alvaro/workspace/ros_ur_driver/install/ur_dashboard_msgs/share/ur_dashboard_msgs/cmake/ur_dashboard_msgs__rosidl_typesupport_introspection_cExport.cmake
[3.565s] -- Up-to-date: /home/alvaro/workspace/ros_ur_driver/install/ur_dashboard_msgs/share/ur_dashboard_msgs/cmake/ur_dashboard_msgs__rosidl_typesupport_introspection_cExport-release.cmake
[3.566s] -- Up-to-date: /home/alvaro/workspace/ros_ur_driver/install/ur_dashboard_msgs/share/ur_dashboard_msgs/cmake/ur_dashboard_msgs__rosidl_typesupport_cExport.cmake
[3.566s] -- Up-to-date: /home/alvaro/workspace/ros_ur_driver/install/ur_dashboard_msgs/share/ur_dashboard_msgs/cmake/ur_dashboard_msgs__rosidl_typesupport_cExport-release.cmake
[3.566s] -- Up-to-date: /home/alvaro/workspace/ros_ur_driver/install/ur_dashboard_msgs/share/ur_dashboard_msgs/cmake/ur_dashboard_msgs__rosidl_generator_cppExport.cmake
[3.566s] -- Up-to-date: /home/alvaro/workspace/ros_ur_driver/install/ur_dashboard_msgs/share/ur_dashboard_msgs/cmake/ur_dashboard_msgs__rosidl_typesupport_introspection_cppExport.cmake
[3.567s] -- Up-to-date: /home/alvaro/workspace/ros_ur_driver/install/ur_dashboard_msgs/share/ur_dashboard_msgs/cmake/ur_dashboard_msgs__rosidl_typesupport_introspection_cppExport-release.cmake
[3.567s] -- Up-to-date: /home/alvaro/workspace/ros_ur_driver/install/ur_dashboard_msgs/share/ur_dashboard_msgs/cmake/ur_dashboard_msgs__rosidl_typesupport_cppExport.cmake
[3.567s] -- Up-to-date: /home/alvaro/workspace/ros_ur_driver/install/ur_dashboard_msgs/share/ur_dashboard_msgs/cmake/ur_dashboard_msgs__rosidl_typesupport_cppExport-release.cmake
[3.567s] -- Up-to-date: /home/alvaro/workspace/ros_ur_driver/install/ur_dashboard_msgs/share/ur_dashboard_msgs/cmake/rosidl_cmake-extras.cmake
[3.567s] -- Up-to-date: /home/alvaro/workspace/ros_ur_driver/install/ur_dashboard_msgs/share/ur_dashboard_msgs/cmake/ament_cmake_export_dependencies-extras.cmake
[3.568s] -- Up-to-date: /home/alvaro/workspace/ros_ur_driver/install/ur_dashboard_msgs/share/ur_dashboard_msgs/cmake/ament_cmake_export_libraries-extras.cmake
[3.568s] -- Up-to-date: /home/alvaro/workspace/ros_ur_driver/install/ur_dashboard_msgs/share/ur_dashboard_msgs/cmake/ament_cmake_export_targets-extras.cmake
[3.568s] -- Up-to-date: /home/alvaro/workspace/ros_ur_driver/install/ur_dashboard_msgs/share/ur_dashboard_msgs/cmake/ament_cmake_export_include_directories-extras.cmake
[3.568s] -- Up-to-date: /home/alvaro/workspace/ros_ur_driver/install/ur_dashboard_msgs/share/ur_dashboard_msgs/cmake/rosidl_cmake_export_typesupport_libraries-extras.cmake
[3.568s] -- Up-to-date: /home/alvaro/workspace/ros_ur_driver/install/ur_dashboard_msgs/share/ur_dashboard_msgs/cmake/rosidl_cmake_export_typesupport_targets-extras.cmake
[3.568s] -- Up-to-date: /home/alvaro/workspace/ros_ur_driver/install/ur_dashboard_msgs/share/ur_dashboard_msgs/cmake/ur_dashboard_msgsConfig.cmake
[3.568s] -- Up-to-date: /home/alvaro/workspace/ros_ur_driver/install/ur_dashboard_msgs/share/ur_dashboard_msgs/cmake/ur_dashboard_msgsConfig-version.cmake
[3.569s] -- Up-to-date: /home/alvaro/workspace/ros_ur_driver/install/ur_dashboard_msgs/share/ur_dashboard_msgs/package.xml
[3.572s] Invoked command in '/home/alvaro/workspace/ros_ur_driver/build/ur_dashboard_msgs' returned '0': CMAKE_PREFIX_PATH=${CMAKE_PREFIX_PATH}:/home/alvaro/workspace/ros_ur_driver/install/py_srvcli:/home/alvaro/work_prueba/workspace/ros_ur_driver/install/ur_calibration:/home/alvaro/work_prueba/workspace/ros_ur_driver/install/ur_robot_driver:/home/alvaro/work_prueba/workspace/ros_ur_driver/install/ur_bringup:/home/alvaro/work_prueba/workspace/ros_ur_driver/install/ur_description:/home/alvaro/work_prueba/workspace/ros_ur_driver/install/ur_controllers:/home/alvaro/work_prueba/workspace/ros_ur_driver/install/ur_dashboard_msgs:/home/alvaro/ros2_ws/install/ros2controlcli:/home/alvaro/ros2_ws/install/ros2_control_test_nodes:/home/alvaro/ros2_ws/install/py_srvcli:/home/alvaro/dev_ws/install/ros2test:/opt/ros/foxy /usr/bin/cmake --install /home/alvaro/workspace/ros_ur_driver/build/ur_dashboard_msgs
