[0.115s] Invoking command in '/home/adela/workspace/ros_ur_driver/build/ur': CMAKE_PREFIX_PATH=/home/adela/workspace/ros_ur_driver/install/ur_calibration:/home/adela/workspace/ros_ur_driver/install/ur_robot_driver:/home/adela/workspace/ros_ur_driver/install/ur_moveit_config:/home/adela/workspace/ros_ur_driver/install/ur_controllers:/home/adela/workspace/ros_ur_driver/install/ur_description:/home/adela/workspace/ros_ur_driver/install/ur_dashboard_msgs:/home/adela/workspace/ros_ur_driver/install/ur:/home/adela/workspace/ros_ur_driver/install/ur_bringup:/opt/ros/humble /usr/bin/cmake /home/adela/workspace/ros_ur_driver/src/Universal_Robots_ROS2_Driver/ur -DCMAKE_INSTALL_PREFIX=/home/adela/workspace/ros_ur_driver/install/ur
[0.132s] -- Found ament_cmake: 1.3.5 (/opt/ros/humble/share/ament_cmake/cmake)
[0.326s] -- Found ament_lint_auto: 0.12.8 (/opt/ros/humble/share/ament_lint_auto/cmake)
[0.422s] -- Added test 'lint_cmake' to check CMake code style
[0.423s] -- Added test 'xmllint' to check XML markup files
[0.426s] -- Configuring done
[0.435s] -- Generating done
[0.439s] -- Build files have been written to: /home/adela/workspace/ros_ur_driver/build/ur
[0.443s] Invoked command in '/home/adela/workspace/ros_ur_driver/build/ur' returned '0': CMAKE_PREFIX_PATH=/home/adela/workspace/ros_ur_driver/install/ur_calibration:/home/adela/workspace/ros_ur_driver/install/ur_robot_driver:/home/adela/workspace/ros_ur_driver/install/ur_moveit_config:/home/adela/workspace/ros_ur_driver/install/ur_controllers:/home/adela/workspace/ros_ur_driver/install/ur_description:/home/adela/workspace/ros_ur_driver/install/ur_dashboard_msgs:/home/adela/workspace/ros_ur_driver/install/ur:/home/adela/workspace/ros_ur_driver/install/ur_bringup:/opt/ros/humble /usr/bin/cmake /home/adela/workspace/ros_ur_driver/src/Universal_Robots_ROS2_Driver/ur -DCMAKE_INSTALL_PREFIX=/home/adela/workspace/ros_ur_driver/install/ur
[0.444s] Invoking command in '/home/adela/workspace/ros_ur_driver/build/ur': CMAKE_PREFIX_PATH=/home/adela/workspace/ros_ur_driver/install/ur_calibration:/home/adela/workspace/ros_ur_driver/install/ur_robot_driver:/home/adela/workspace/ros_ur_driver/install/ur_moveit_config:/home/adela/workspace/ros_ur_driver/install/ur_controllers:/home/adela/workspace/ros_ur_driver/install/ur_description:/home/adela/workspace/ros_ur_driver/install/ur_dashboard_msgs:/home/adela/workspace/ros_ur_driver/install/ur:/home/adela/workspace/ros_ur_driver/install/ur_bringup:/opt/ros/humble /usr/bin/cmake --build /home/adela/workspace/ros_ur_driver/build/ur -- -j2 -l2
[0.497s] Invoked command in '/home/adela/workspace/ros_ur_driver/build/ur' returned '0': CMAKE_PREFIX_PATH=/home/adela/workspace/ros_ur_driver/install/ur_calibration:/home/adela/workspace/ros_ur_driver/install/ur_robot_driver:/home/adela/workspace/ros_ur_driver/install/ur_moveit_config:/home/adela/workspace/ros_ur_driver/install/ur_controllers:/home/adela/workspace/ros_ur_driver/install/ur_description:/home/adela/workspace/ros_ur_driver/install/ur_dashboard_msgs:/home/adela/workspace/ros_ur_driver/install/ur:/home/adela/workspace/ros_ur_driver/install/ur_bringup:/opt/ros/humble /usr/bin/cmake --build /home/adela/workspace/ros_ur_driver/build/ur -- -j2 -l2
[0.525s] Invoking command in '/home/adela/workspace/ros_ur_driver/build/ur': CMAKE_PREFIX_PATH=/home/adela/workspace/ros_ur_driver/install/ur_calibration:/home/adela/workspace/ros_ur_driver/install/ur_robot_driver:/home/adela/workspace/ros_ur_driver/install/ur_moveit_config:/home/adela/workspace/ros_ur_driver/install/ur_controllers:/home/adela/workspace/ros_ur_driver/install/ur_description:/home/adela/workspace/ros_ur_driver/install/ur_dashboard_msgs:/home/adela/workspace/ros_ur_driver/install/ur:/home/adela/workspace/ros_ur_driver/install/ur_bringup:/opt/ros/humble /usr/bin/cmake --install /home/adela/workspace/ros_ur_driver/build/ur
[0.535s] -- Install configuration: "Release"
[0.536s] -- Up-to-date: /home/adela/workspace/ros_ur_driver/install/ur/share/ament_index/resource_index/package_run_dependencies/ur
[0.536s] -- Up-to-date: /home/adela/workspace/ros_ur_driver/install/ur/share/ament_index/resource_index/parent_prefix_path/ur
[0.536s] -- Up-to-date: /home/adela/workspace/ros_ur_driver/install/ur/share/ur/environment/ament_prefix_path.sh
[0.536s] -- Installing: /home/adela/workspace/ros_ur_driver/install/ur/share/ur/environment/ament_prefix_path.dsv
[0.537s] -- Up-to-date: /home/adela/workspace/ros_ur_driver/install/ur/share/ur/environment/path.sh
[0.537s] -- Installing: /home/adela/workspace/ros_ur_driver/install/ur/share/ur/environment/path.dsv
[0.537s] -- Up-to-date: /home/adela/workspace/ros_ur_driver/install/ur/share/ur/local_setup.bash
[0.538s] -- Up-to-date: /home/adela/workspace/ros_ur_driver/install/ur/share/ur/local_setup.sh
[0.538s] -- Up-to-date: /home/adela/workspace/ros_ur_driver/install/ur/share/ur/local_setup.zsh
[0.538s] -- Installing: /home/adela/workspace/ros_ur_driver/install/ur/share/ur/local_setup.dsv
[0.538s] -- Installing: /home/adela/workspace/ros_ur_driver/install/ur/share/ur/package.dsv
[0.539s] -- Up-to-date: /home/adela/workspace/ros_ur_driver/install/ur/share/ament_index/resource_index/packages/ur
[0.539s] -- Up-to-date: /home/adela/workspace/ros_ur_driver/install/ur/share/ur/cmake/urConfig.cmake
[0.539s] -- Up-to-date: /home/adela/workspace/ros_ur_driver/install/ur/share/ur/cmake/urConfig-version.cmake
[0.539s] -- Up-to-date: /home/adela/workspace/ros_ur_driver/install/ur/share/ur/package.xml
[0.543s] Invoked command in '/home/adela/workspace/ros_ur_driver/build/ur' returned '0': CMAKE_PREFIX_PATH=/home/adela/workspace/ros_ur_driver/install/ur_calibration:/home/adela/workspace/ros_ur_driver/install/ur_robot_driver:/home/adela/workspace/ros_ur_driver/install/ur_moveit_config:/home/adela/workspace/ros_ur_driver/install/ur_controllers:/home/adela/workspace/ros_ur_driver/install/ur_description:/home/adela/workspace/ros_ur_driver/install/ur_dashboard_msgs:/home/adela/workspace/ros_ur_driver/install/ur:/home/adela/workspace/ros_ur_driver/install/ur_bringup:/opt/ros/humble /usr/bin/cmake --install /home/adela/workspace/ros_ur_driver/build/ur
