[1.404s] Invoking command in '/home/alvaro/workspace/ros_ur_driver/build/ur_description': CMAKE_PREFIX_PATH=${CMAKE_PREFIX_PATH}:/home/alvaro/workspace/ros_ur_driver/install/py_srvcli:/home/alvaro/work_prueba/workspace/ros_ur_driver/install/ur_calibration:/home/alvaro/work_prueba/workspace/ros_ur_driver/install/ur_robot_driver:/home/alvaro/work_prueba/workspace/ros_ur_driver/install/ur_bringup:/home/alvaro/work_prueba/workspace/ros_ur_driver/install/ur_description:/home/alvaro/work_prueba/workspace/ros_ur_driver/install/ur_controllers:/home/alvaro/work_prueba/workspace/ros_ur_driver/install/ur_dashboard_msgs:/home/alvaro/ros2_ws/install/ros2controlcli:/home/alvaro/ros2_ws/install/ros2_control_test_nodes:/home/alvaro/ros2_ws/install/py_srvcli:/home/alvaro/dev_ws/install/ros2test:/opt/ros/foxy /usr/bin/cmake --build /home/alvaro/workspace/ros_ur_driver/build/ur_description -- -j12 -l12
[2.251s] Invoked command in '/home/alvaro/workspace/ros_ur_driver/build/ur_description' returned '0': CMAKE_PREFIX_PATH=${CMAKE_PREFIX_PATH}:/home/alvaro/workspace/ros_ur_driver/install/py_srvcli:/home/alvaro/work_prueba/workspace/ros_ur_driver/install/ur_calibration:/home/alvaro/work_prueba/workspace/ros_ur_driver/install/ur_robot_driver:/home/alvaro/work_prueba/workspace/ros_ur_driver/install/ur_bringup:/home/alvaro/work_prueba/workspace/ros_ur_driver/install/ur_description:/home/alvaro/work_prueba/workspace/ros_ur_driver/install/ur_controllers:/home/alvaro/work_prueba/workspace/ros_ur_driver/install/ur_dashboard_msgs:/home/alvaro/ros2_ws/install/ros2controlcli:/home/alvaro/ros2_ws/install/ros2_control_test_nodes:/home/alvaro/ros2_ws/install/py_srvcli:/home/alvaro/dev_ws/install/ros2test:/opt/ros/foxy /usr/bin/cmake --build /home/alvaro/workspace/ros_ur_driver/build/ur_description -- -j12 -l12
[2.331s] Invoking command in '/home/alvaro/workspace/ros_ur_driver/build/ur_description': CMAKE_PREFIX_PATH=${CMAKE_PREFIX_PATH}:/home/alvaro/workspace/ros_ur_driver/install/py_srvcli:/home/alvaro/work_prueba/workspace/ros_ur_driver/install/ur_calibration:/home/alvaro/work_prueba/workspace/ros_ur_driver/install/ur_robot_driver:/home/alvaro/work_prueba/workspace/ros_ur_driver/install/ur_bringup:/home/alvaro/work_prueba/workspace/ros_ur_driver/install/ur_description:/home/alvaro/work_prueba/workspace/ros_ur_driver/install/ur_controllers:/home/alvaro/work_prueba/workspace/ros_ur_driver/install/ur_dashboard_msgs:/home/alvaro/ros2_ws/install/ros2controlcli:/home/alvaro/ros2_ws/install/ros2_control_test_nodes:/home/alvaro/ros2_ws/install/py_srvcli:/home/alvaro/dev_ws/install/ros2test:/opt/ros/foxy /usr/bin/cmake --install /home/alvaro/workspace/ros_ur_driver/build/ur_description
[2.351s] -- Install configuration: "Release"
[2.352s] -- Up-to-date: /home/alvaro/workspace/ros_ur_driver/install/ur_description/share/ur_description/config
[2.352s] -- Up-to-date: /home/alvaro/workspace/ros_ur_driver/install/ur_description/share/ur_description/config/initial_positions.yaml
[2.352s] -- Up-to-date: /home/alvaro/workspace/ros_ur_driver/install/ur_description/share/ur_description/config/ur3
[2.353s] -- Up-to-date: /home/alvaro/workspace/ros_ur_driver/install/ur_description/share/ur_description/config/ur3/joint_limits.yaml
[2.353s] -- Up-to-date: /home/alvaro/workspace/ros_ur_driver/install/ur_description/share/ur_description/config/ur3/visual_parameters.yaml
[2.353s] -- Up-to-date: /home/alvaro/workspace/ros_ur_driver/install/ur_description/share/ur_description/config/ur3/default_kinematics.yaml
[2.354s] -- Up-to-date: /home/alvaro/workspace/ros_ur_driver/install/ur_description/share/ur_description/config/ur3/physical_parameters.yaml
[2.354s] -- Up-to-date: /home/alvaro/workspace/ros_ur_driver/install/ur_description/share/ur_description/config/ur16e
[2.354s] -- Up-to-date: /home/alvaro/workspace/ros_ur_driver/install/ur_description/share/ur_description/config/ur16e/joint_limits.yaml
[2.354s] -- Up-to-date: /home/alvaro/workspace/ros_ur_driver/install/ur_description/share/ur_description/config/ur16e/visual_parameters.yaml
[2.355s] -- Up-to-date: /home/alvaro/workspace/ros_ur_driver/install/ur_description/share/ur_description/config/ur16e/default_kinematics.yaml
[2.355s] -- Up-to-date: /home/alvaro/workspace/ros_ur_driver/install/ur_description/share/ur_description/config/ur16e/physical_parameters.yaml
[2.355s] -- Up-to-date: /home/alvaro/workspace/ros_ur_driver/install/ur_description/share/ur_description/config/ur10
[2.355s] -- Up-to-date: /home/alvaro/workspace/ros_ur_driver/install/ur_description/share/ur_description/config/ur10/joint_limits.yaml
[2.356s] -- Up-to-date: /home/alvaro/workspace/ros_ur_driver/install/ur_description/share/ur_description/config/ur10/visual_parameters.yaml
[2.356s] -- Up-to-date: /home/alvaro/workspace/ros_ur_driver/install/ur_description/share/ur_description/config/ur10/default_kinematics.yaml
[2.356s] -- Up-to-date: /home/alvaro/workspace/ros_ur_driver/install/ur_description/share/ur_description/config/ur10/physical_parameters.yaml
[2.356s] -- Up-to-date: /home/alvaro/workspace/ros_ur_driver/install/ur_description/share/ur_description/config/ur3e
[2.356s] -- Up-to-date: /home/alvaro/workspace/ros_ur_driver/install/ur_description/share/ur_description/config/ur3e/joint_limits.yaml
[2.356s] -- Up-to-date: /home/alvaro/workspace/ros_ur_driver/install/ur_description/share/ur_description/config/ur3e/visual_parameters.yaml
[2.357s] -- Up-to-date: /home/alvaro/workspace/ros_ur_driver/install/ur_description/share/ur_description/config/ur3e/default_kinematics.yaml
[2.357s] -- Up-to-date: /home/alvaro/workspace/ros_ur_driver/install/ur_description/share/ur_description/config/ur3e/physical_parameters.yaml
[2.357s] -- Up-to-date: /home/alvaro/workspace/ros_ur_driver/install/ur_description/share/ur_description/config/ur5e
[2.357s] -- Up-to-date: /home/alvaro/workspace/ros_ur_driver/install/ur_description/share/ur_description/config/ur5e/joint_limits.yaml
[2.357s] -- Up-to-date: /home/alvaro/workspace/ros_ur_driver/install/ur_description/share/ur_description/config/ur5e/visual_parameters.yaml
[2.357s] -- Up-to-date: /home/alvaro/workspace/ros_ur_driver/install/ur_description/share/ur_description/config/ur5e/default_kinematics.yaml
[2.357s] -- Up-to-date: /home/alvaro/workspace/ros_ur_driver/install/ur_description/share/ur_description/config/ur5e/physical_parameters.yaml
[2.357s] -- Up-to-date: /home/alvaro/workspace/ros_ur_driver/install/ur_description/share/ur_description/config/ur10e
[2.358s] -- Up-to-date: /home/alvaro/workspace/ros_ur_driver/install/ur_description/share/ur_description/config/ur10e/joint_limits.yaml
[2.358s] -- Up-to-date: /home/alvaro/workspace/ros_ur_driver/install/ur_description/share/ur_description/config/ur10e/visual_parameters.yaml
[2.358s] -- Up-to-date: /home/alvaro/workspace/ros_ur_driver/install/ur_description/share/ur_description/config/ur10e/default_kinematics.yaml
[2.360s] -- Up-to-date: /home/alvaro/workspace/ros_ur_driver/install/ur_description/share/ur_description/config/ur10e/physical_parameters.yaml
[2.360s] -- Up-to-date: /home/alvaro/workspace/ros_ur_driver/install/ur_description/share/ur_description/config/ur5
[2.361s] -- Up-to-date: /home/alvaro/workspace/ros_ur_driver/install/ur_description/share/ur_description/config/ur5/joint_limits.yaml
[2.361s] -- Up-to-date: /home/alvaro/workspace/ros_ur_driver/install/ur_description/share/ur_description/config/ur5/visual_parameters.yaml
[2.361s] -- Up-to-date: /home/alvaro/workspace/ros_ur_driver/install/ur_description/share/ur_description/config/ur5/default_kinematics.yaml
[2.361s] -- Up-to-date: /home/alvaro/workspace/ros_ur_driver/install/ur_description/share/ur_description/config/ur5/physical_parameters.yaml
[2.362s] -- Up-to-date: /home/alvaro/workspace/ros_ur_driver/install/ur_description/share/ur_description/launch
[2.362s] -- Up-to-date: /home/alvaro/workspace/ros_ur_driver/install/ur_description/share/ur_description/launch/view_ur.launch.py
[2.362s] -- Up-to-date: /home/alvaro/workspace/ros_ur_driver/install/ur_description/share/ur_description/meshes
[2.363s] -- Up-to-date: /home/alvaro/workspace/ros_ur_driver/install/ur_description/share/ur_description/meshes/ur3
[2.363s] -- Up-to-date: /home/alvaro/workspace/ros_ur_driver/install/ur_description/share/ur_description/meshes/ur3/visual
[2.364s] -- Up-to-date: /home/alvaro/workspace/ros_ur_driver/install/ur_description/share/ur_description/meshes/ur3/visual/wrist2.dae
[2.364s] -- Up-to-date: /home/alvaro/workspace/ros_ur_driver/install/ur_description/share/ur_description/meshes/ur3/visual/forearm.dae
[2.365s] -- Up-to-date: /home/alvaro/workspace/ros_ur_driver/install/ur_description/share/ur_description/meshes/ur3/visual/shoulder.dae
[2.365s] -- Up-to-date: /home/alvaro/workspace/ros_ur_driver/install/ur_description/share/ur_description/meshes/ur3/visual/wrist3.dae
[2.365s] -- Up-to-date: /home/alvaro/workspace/ros_ur_driver/install/ur_description/share/ur_description/meshes/ur3/visual/upperarm.dae
[2.365s] -- Up-to-date: /home/alvaro/workspace/ros_ur_driver/install/ur_description/share/ur_description/meshes/ur3/visual/base.dae
[2.365s] -- Up-to-date: /home/alvaro/workspace/ros_ur_driver/install/ur_description/share/ur_description/meshes/ur3/visual/wrist1.dae
[2.366s] -- Up-to-date: /home/alvaro/workspace/ros_ur_driver/install/ur_description/share/ur_description/meshes/ur3/collision
[2.366s] -- Up-to-date: /home/alvaro/workspace/ros_ur_driver/install/ur_description/share/ur_description/meshes/ur3/collision/shoulder.stl
[2.366s] -- Up-to-date: /home/alvaro/workspace/ros_ur_driver/install/ur_description/share/ur_description/meshes/ur3/collision/forearm.stl
[2.366s] -- Up-to-date: /home/alvaro/workspace/ros_ur_driver/install/ur_description/share/ur_description/meshes/ur3/collision/wrist1.stl
[2.367s] -- Up-to-date: /home/alvaro/workspace/ros_ur_driver/install/ur_description/share/ur_description/meshes/ur3/collision/base.stl
[2.367s] -- Up-to-date: /home/alvaro/workspace/ros_ur_driver/install/ur_description/share/ur_description/meshes/ur3/collision/upperarm.stl
[2.367s] -- Up-to-date: /home/alvaro/workspace/ros_ur_driver/install/ur_description/share/ur_description/meshes/ur3/collision/wrist2.stl
[2.367s] -- Up-to-date: /home/alvaro/workspace/ros_ur_driver/install/ur_description/share/ur_description/meshes/ur3/collision/wrist3.stl
[2.367s] -- Up-to-date: /home/alvaro/workspace/ros_ur_driver/install/ur_description/share/ur_description/meshes/ur16e
[2.367s] -- Up-to-date: /home/alvaro/workspace/ros_ur_driver/install/ur_description/share/ur_description/meshes/ur16e/visual
[2.368s] -- Up-to-date: /home/alvaro/workspace/ros_ur_driver/install/ur_description/share/ur_description/meshes/ur16e/visual/forearm.dae
[2.368s] -- Up-to-date: /home/alvaro/workspace/ros_ur_driver/install/ur_description/share/ur_description/meshes/ur16e/visual/upperarm.dae
[2.368s] -- Up-to-date: /home/alvaro/workspace/ros_ur_driver/install/ur_description/share/ur_description/meshes/ur16e/collision
[2.368s] -- Up-to-date: /home/alvaro/workspace/ros_ur_driver/install/ur_description/share/ur_description/meshes/ur16e/collision/forearm.stl
[2.368s] -- Up-to-date: /home/alvaro/workspace/ros_ur_driver/install/ur_description/share/ur_description/meshes/ur16e/collision/upperarm.stl
[2.368s] -- Up-to-date: /home/alvaro/workspace/ros_ur_driver/install/ur_description/share/ur_description/meshes/ur10
[2.369s] -- Up-to-date: /home/alvaro/workspace/ros_ur_driver/install/ur_description/share/ur_description/meshes/ur10/visual
[2.369s] -- Up-to-date: /home/alvaro/workspace/ros_ur_driver/install/ur_description/share/ur_description/meshes/ur10/visual/wrist2.dae
[2.369s] -- Up-to-date: /home/alvaro/workspace/ros_ur_driver/install/ur_description/share/ur_description/meshes/ur10/visual/forearm.dae
[2.370s] -- Up-to-date: /home/alvaro/workspace/ros_ur_driver/install/ur_description/share/ur_description/meshes/ur10/visual/shoulder.dae
[2.371s] -- Up-to-date: /home/alvaro/workspace/ros_ur_driver/install/ur_description/share/ur_description/meshes/ur10/visual/wrist3.dae
[2.372s] -- Up-to-date: /home/alvaro/workspace/ros_ur_driver/install/ur_description/share/ur_description/meshes/ur10/visual/upperarm.dae
[2.373s] -- Up-to-date: /home/alvaro/workspace/ros_ur_driver/install/ur_description/share/ur_description/meshes/ur10/visual/base.dae
[2.373s] -- Up-to-date: /home/alvaro/workspace/ros_ur_driver/install/ur_description/share/ur_description/meshes/ur10/visual/wrist1.dae
[2.374s] -- Up-to-date: /home/alvaro/workspace/ros_ur_driver/install/ur_description/share/ur_description/meshes/ur10/collision
[2.375s] -- Up-to-date: /home/alvaro/workspace/ros_ur_driver/install/ur_description/share/ur_description/meshes/ur10/collision/shoulder.stl
[2.375s] -- Up-to-date: /home/alvaro/workspace/ros_ur_driver/install/ur_description/share/ur_description/meshes/ur10/collision/forearm.stl
[2.376s] -- Up-to-date: /home/alvaro/workspace/ros_ur_driver/install/ur_description/share/ur_description/meshes/ur10/collision/wrist1.stl
[2.376s] -- Up-to-date: /home/alvaro/workspace/ros_ur_driver/install/ur_description/share/ur_description/meshes/ur10/collision/base.stl
[2.377s] -- Up-to-date: /home/alvaro/workspace/ros_ur_driver/install/ur_description/share/ur_description/meshes/ur10/collision/upperarm.stl
[2.377s] -- Up-to-date: /home/alvaro/workspace/ros_ur_driver/install/ur_description/share/ur_description/meshes/ur10/collision/wrist2.stl
[2.378s] -- Up-to-date: /home/alvaro/workspace/ros_ur_driver/install/ur_description/share/ur_description/meshes/ur10/collision/wrist3.stl
[2.378s] -- Up-to-date: /home/alvaro/workspace/ros_ur_driver/install/ur_description/share/ur_description/meshes/ur3e
[2.379s] -- Up-to-date: /home/alvaro/workspace/ros_ur_driver/install/ur_description/share/ur_description/meshes/ur3e/visual
[2.380s] -- Up-to-date: /home/alvaro/workspace/ros_ur_driver/install/ur_description/share/ur_description/meshes/ur3e/visual/wrist2.dae
[2.381s] -- Up-to-date: /home/alvaro/workspace/ros_ur_driver/install/ur_description/share/ur_description/meshes/ur3e/visual/forearm.dae
[2.382s] -- Up-to-date: /home/alvaro/workspace/ros_ur_driver/install/ur_description/share/ur_description/meshes/ur3e/visual/shoulder.dae
[2.382s] -- Up-to-date: /home/alvaro/workspace/ros_ur_driver/install/ur_description/share/ur_description/meshes/ur3e/visual/wrist3.dae
[2.383s] -- Up-to-date: /home/alvaro/workspace/ros_ur_driver/install/ur_description/share/ur_description/meshes/ur3e/visual/upperarm.dae
[2.384s] -- Up-to-date: /home/alvaro/workspace/ros_ur_driver/install/ur_description/share/ur_description/meshes/ur3e/visual/base.dae
[2.384s] -- Up-to-date: /home/alvaro/workspace/ros_ur_driver/install/ur_description/share/ur_description/meshes/ur3e/visual/wrist1.dae
[2.385s] -- Up-to-date: /home/alvaro/workspace/ros_ur_driver/install/ur_description/share/ur_description/meshes/ur3e/collision
[2.385s] -- Up-to-date: /home/alvaro/workspace/ros_ur_driver/install/ur_description/share/ur_description/meshes/ur3e/collision/shoulder.stl
[2.386s] -- Up-to-date: /home/alvaro/workspace/ros_ur_driver/install/ur_description/share/ur_description/meshes/ur3e/collision/forearm.stl
[2.386s] -- Up-to-date: /home/alvaro/workspace/ros_ur_driver/install/ur_description/share/ur_description/meshes/ur3e/collision/wrist1.stl
[2.387s] -- Up-to-date: /home/alvaro/workspace/ros_ur_driver/install/ur_description/share/ur_description/meshes/ur3e/collision/base.stl
[2.387s] -- Up-to-date: /home/alvaro/workspace/ros_ur_driver/install/ur_description/share/ur_description/meshes/ur3e/collision/upperarm.stl
[2.388s] -- Up-to-date: /home/alvaro/workspace/ros_ur_driver/install/ur_description/share/ur_description/meshes/ur3e/collision/wrist2.stl
[2.389s] -- Up-to-date: /home/alvaro/workspace/ros_ur_driver/install/ur_description/share/ur_description/meshes/ur3e/collision/wrist3.stl
[2.389s] -- Up-to-date: /home/alvaro/workspace/ros_ur_driver/install/ur_description/share/ur_description/meshes/ur5e
[2.390s] -- Up-to-date: /home/alvaro/workspace/ros_ur_driver/install/ur_description/share/ur_description/meshes/ur5e/visual
[2.390s] -- Up-to-date: /home/alvaro/workspace/ros_ur_driver/install/ur_description/share/ur_description/meshes/ur5e/visual/wrist2.dae
[2.391s] -- Up-to-date: /home/alvaro/workspace/ros_ur_driver/install/ur_description/share/ur_description/meshes/ur5e/visual/forearm.dae
[2.391s] -- Up-to-date: /home/alvaro/workspace/ros_ur_driver/install/ur_description/share/ur_description/meshes/ur5e/visual/shoulder.dae
[2.392s] -- Up-to-date: /home/alvaro/workspace/ros_ur_driver/install/ur_description/share/ur_description/meshes/ur5e/visual/wrist3.dae
[2.392s] -- Up-to-date: /home/alvaro/workspace/ros_ur_driver/install/ur_description/share/ur_description/meshes/ur5e/visual/upperarm.dae
[2.393s] -- Up-to-date: /home/alvaro/workspace/ros_ur_driver/install/ur_description/share/ur_description/meshes/ur5e/visual/base.dae
[2.394s] -- Up-to-date: /home/alvaro/workspace/ros_ur_driver/install/ur_description/share/ur_description/meshes/ur5e/visual/wrist1.dae
[2.394s] -- Up-to-date: /home/alvaro/workspace/ros_ur_driver/install/ur_description/share/ur_description/meshes/ur5e/collision
[2.395s] -- Up-to-date: /home/alvaro/workspace/ros_ur_driver/install/ur_description/share/ur_description/meshes/ur5e/collision/shoulder.stl
[2.396s] -- Up-to-date: /home/alvaro/workspace/ros_ur_driver/install/ur_description/share/ur_description/meshes/ur5e/collision/forearm.stl
[2.396s] -- Up-to-date: /home/alvaro/workspace/ros_ur_driver/install/ur_description/share/ur_description/meshes/ur5e/collision/wrist1.stl
[2.397s] -- Up-to-date: /home/alvaro/workspace/ros_ur_driver/install/ur_description/share/ur_description/meshes/ur5e/collision/base.stl
[2.397s] -- Up-to-date: /home/alvaro/workspace/ros_ur_driver/install/ur_description/share/ur_description/meshes/ur5e/collision/upperarm.stl
[2.397s] -- Up-to-date: /home/alvaro/workspace/ros_ur_driver/install/ur_description/share/ur_description/meshes/ur5e/collision/wrist2.stl
[2.397s] -- Up-to-date: /home/alvaro/workspace/ros_ur_driver/install/ur_description/share/ur_description/meshes/ur5e/collision/wrist3.stl
[2.397s] -- Up-to-date: /home/alvaro/workspace/ros_ur_driver/install/ur_description/share/ur_description/meshes/ur10e
[2.397s] -- Up-to-date: /home/alvaro/workspace/ros_ur_driver/install/ur_description/share/ur_description/meshes/ur10e/visual
[2.397s] -- Up-to-date: /home/alvaro/workspace/ros_ur_driver/install/ur_description/share/ur_description/meshes/ur10e/visual/wrist2.dae
[2.397s] -- Up-to-date: /home/alvaro/workspace/ros_ur_driver/install/ur_description/share/ur_description/meshes/ur10e/visual/forearm.dae
[2.398s] -- Up-to-date: /home/alvaro/workspace/ros_ur_driver/install/ur_description/share/ur_description/meshes/ur10e/visual/shoulder.dae
[2.398s] -- Up-to-date: /home/alvaro/workspace/ros_ur_driver/install/ur_description/share/ur_description/meshes/ur10e/visual/wrist3.dae
[2.398s] -- Up-to-date: /home/alvaro/workspace/ros_ur_driver/install/ur_description/share/ur_description/meshes/ur10e/visual/upperarm.dae
[2.398s] -- Up-to-date: /home/alvaro/workspace/ros_ur_driver/install/ur_description/share/ur_description/meshes/ur10e/visual/base.dae
[2.398s] -- Up-to-date: /home/alvaro/workspace/ros_ur_driver/install/ur_description/share/ur_description/meshes/ur10e/visual/wrist1.dae
[2.398s] -- Up-to-date: /home/alvaro/workspace/ros_ur_driver/install/ur_description/share/ur_description/meshes/ur10e/collision
[2.399s] -- Up-to-date: /home/alvaro/workspace/ros_ur_driver/install/ur_description/share/ur_description/meshes/ur10e/collision/shoulder.stl
[2.399s] -- Up-to-date: /home/alvaro/workspace/ros_ur_driver/install/ur_description/share/ur_description/meshes/ur10e/collision/forearm.stl
[2.399s] -- Up-to-date: /home/alvaro/workspace/ros_ur_driver/install/ur_description/share/ur_description/meshes/ur10e/collision/wrist1.stl
[2.399s] -- Up-to-date: /home/alvaro/workspace/ros_ur_driver/install/ur_description/share/ur_description/meshes/ur10e/collision/base.stl
[2.399s] -- Up-to-date: /home/alvaro/workspace/ros_ur_driver/install/ur_description/share/ur_description/meshes/ur10e/collision/upperarm.stl
[2.399s] -- Up-to-date: /home/alvaro/workspace/ros_ur_driver/install/ur_description/share/ur_description/meshes/ur10e/collision/wrist2.stl
[2.400s] -- Up-to-date: /home/alvaro/workspace/ros_ur_driver/install/ur_description/share/ur_description/meshes/ur10e/collision/wrist3.stl
[2.400s] -- Up-to-date: /home/alvaro/workspace/ros_ur_driver/install/ur_description/share/ur_description/meshes/ur5
[2.401s] -- Up-to-date: /home/alvaro/workspace/ros_ur_driver/install/ur_description/share/ur_description/meshes/ur5/visual
[2.401s] -- Up-to-date: /home/alvaro/workspace/ros_ur_driver/install/ur_description/share/ur_description/meshes/ur5/visual/wrist2.dae
[2.401s] -- Up-to-date: /home/alvaro/workspace/ros_ur_driver/install/ur_description/share/ur_description/meshes/ur5/visual/forearm.dae
[2.402s] -- Up-to-date: /home/alvaro/workspace/ros_ur_driver/install/ur_description/share/ur_description/meshes/ur5/visual/shoulder.dae
[2.402s] -- Up-to-date: /home/alvaro/workspace/ros_ur_driver/install/ur_description/share/ur_description/meshes/ur5/visual/wrist3.dae
[2.402s] -- Up-to-date: /home/alvaro/workspace/ros_ur_driver/install/ur_description/share/ur_description/meshes/ur5/visual/upperarm.dae
[2.403s] -- Up-to-date: /home/alvaro/workspace/ros_ur_driver/install/ur_description/share/ur_description/meshes/ur5/visual/base.dae
[2.403s] -- Up-to-date: /home/alvaro/workspace/ros_ur_driver/install/ur_description/share/ur_description/meshes/ur5/visual/wrist1.dae
[2.404s] -- Up-to-date: /home/alvaro/workspace/ros_ur_driver/install/ur_description/share/ur_description/meshes/ur5/collision
[2.404s] -- Up-to-date: /home/alvaro/workspace/ros_ur_driver/install/ur_description/share/ur_description/meshes/ur5/collision/shoulder.stl
[2.404s] -- Up-to-date: /home/alvaro/workspace/ros_ur_driver/install/ur_description/share/ur_description/meshes/ur5/collision/forearm.stl
[2.405s] -- Up-to-date: /home/alvaro/workspace/ros_ur_driver/install/ur_description/share/ur_description/meshes/ur5/collision/wrist1.stl
[2.405s] -- Up-to-date: /home/alvaro/workspace/ros_ur_driver/install/ur_description/share/ur_description/meshes/ur5/collision/base.stl
[2.406s] -- Up-to-date: /home/alvaro/workspace/ros_ur_driver/install/ur_description/share/ur_description/meshes/ur5/collision/upperarm.stl
[2.406s] -- Up-to-date: /home/alvaro/workspace/ros_ur_driver/install/ur_description/share/ur_description/meshes/ur5/collision/wrist2.stl
[2.406s] -- Up-to-date: /home/alvaro/workspace/ros_ur_driver/install/ur_description/share/ur_description/meshes/ur5/collision/wrist3.stl
[2.406s] -- Up-to-date: /home/alvaro/workspace/ros_ur_driver/install/ur_description/share/ur_description/rviz
[2.407s] -- Up-to-date: /home/alvaro/workspace/ros_ur_driver/install/ur_description/share/ur_description/rviz/view_robot.rviz
[2.407s] -- Up-to-date: /home/alvaro/workspace/ros_ur_driver/install/ur_description/share/ur_description/urdf
[2.407s] -- Up-to-date: /home/alvaro/workspace/ros_ur_driver/install/ur_description/share/ur_description/urdf/ur.ros2_control.xacro
[2.407s] -- Up-to-date: /home/alvaro/workspace/ros_ur_driver/install/ur_description/share/ur_description/urdf/inc
[2.407s] -- Up-to-date: /home/alvaro/workspace/ros_ur_driver/install/ur_description/share/ur_description/urdf/inc/ur_common.xacro
[2.407s] -- Up-to-date: /home/alvaro/workspace/ros_ur_driver/install/ur_description/share/ur_description/urdf/inc/ur_transmissions.xacro
[2.407s] -- Up-to-date: /home/alvaro/workspace/ros_ur_driver/install/ur_description/share/ur_description/urdf/ur.urdf.xacro
[2.408s] -- Up-to-date: /home/alvaro/workspace/ros_ur_driver/install/ur_description/share/ur_description/urdf/ur_macro.xacro
[2.408s] -- Up-to-date: /home/alvaro/workspace/ros_ur_driver/install/ur_description/share/ur_description/urdf/mirobotUR.urdf
[2.408s] -- Up-to-date: /home/alvaro/workspace/ros_ur_driver/install/ur_description/share/ament_index/resource_index/package_run_dependencies/ur_description
[2.408s] -- Up-to-date: /home/alvaro/workspace/ros_ur_driver/install/ur_description/share/ament_index/resource_index/parent_prefix_path/ur_description
[2.408s] -- Up-to-date: /home/alvaro/workspace/ros_ur_driver/install/ur_description/share/ur_description/environment/ament_prefix_path.sh
[2.408s] -- Up-to-date: /home/alvaro/workspace/ros_ur_driver/install/ur_description/share/ur_description/environment/ament_prefix_path.dsv
[2.408s] -- Up-to-date: /home/alvaro/workspace/ros_ur_driver/install/ur_description/share/ur_description/environment/path.sh
[2.409s] -- Up-to-date: /home/alvaro/workspace/ros_ur_driver/install/ur_description/share/ur_description/environment/path.dsv
[2.409s] -- Up-to-date: /home/alvaro/workspace/ros_ur_driver/install/ur_description/share/ur_description/local_setup.bash
[2.409s] -- Up-to-date: /home/alvaro/workspace/ros_ur_driver/install/ur_description/share/ur_description/local_setup.sh
[2.409s] -- Up-to-date: /home/alvaro/workspace/ros_ur_driver/install/ur_description/share/ur_description/local_setup.zsh
[2.409s] -- Up-to-date: /home/alvaro/workspace/ros_ur_driver/install/ur_description/share/ur_description/local_setup.dsv
[2.409s] -- Installing: /home/alvaro/workspace/ros_ur_driver/install/ur_description/share/ur_description/package.dsv
[2.409s] -- Up-to-date: /home/alvaro/workspace/ros_ur_driver/install/ur_description/share/ament_index/resource_index/packages/ur_description
[2.409s] -- Up-to-date: /home/alvaro/workspace/ros_ur_driver/install/ur_description/share/ur_description/cmake/ur_descriptionConfig.cmake
[2.410s] -- Up-to-date: /home/alvaro/workspace/ros_ur_driver/install/ur_description/share/ur_description/cmake/ur_descriptionConfig-version.cmake
[2.410s] -- Up-to-date: /home/alvaro/workspace/ros_ur_driver/install/ur_description/share/ur_description/package.xml
[2.592s] Invoked command in '/home/alvaro/workspace/ros_ur_driver/build/ur_description' returned '0': CMAKE_PREFIX_PATH=${CMAKE_PREFIX_PATH}:/home/alvaro/workspace/ros_ur_driver/install/py_srvcli:/home/alvaro/work_prueba/workspace/ros_ur_driver/install/ur_calibration:/home/alvaro/work_prueba/workspace/ros_ur_driver/install/ur_robot_driver:/home/alvaro/work_prueba/workspace/ros_ur_driver/install/ur_bringup:/home/alvaro/work_prueba/workspace/ros_ur_driver/install/ur_description:/home/alvaro/work_prueba/workspace/ros_ur_driver/install/ur_controllers:/home/alvaro/work_prueba/workspace/ros_ur_driver/install/ur_dashboard_msgs:/home/alvaro/ros2_ws/install/ros2controlcli:/home/alvaro/ros2_ws/install/ros2_control_test_nodes:/home/alvaro/ros2_ws/install/py_srvcli:/home/alvaro/dev_ws/install/ros2test:/opt/ros/foxy /usr/bin/cmake --install /home/alvaro/workspace/ros_ur_driver/build/ur_description
