[1.224s] Invoking command in '/home/alvaro/workspace/ros_ur_driver/build/ur_dashboard_msgs': CMAKE_PREFIX_PATH=${CMAKE_PREFIX_PATH}:/home/alvaro/ros2_ws/install/ros2controlcli:/home/alvaro/ros2_ws/install/ros2_control_test_nodes:/home/alvaro/dev_ws/install/ros2test:/opt/ros/foxy /usr/bin/cmake /home/alvaro/workspace/ros_ur_driver/src/Universal_Robots_ROS2_Driver/ur_dashboard_msgs -DCMAKE_BUILD_TYPE=Release -DCMAKE_INSTALL_PREFIX=/home/alvaro/workspace/ros_ur_driver/install/ur_dashboard_msgs
[1.250s] -- Found ament_cmake: 0.9.12 (/opt/ros/foxy/share/ament_cmake/cmake)
[1.297s] -- Found PythonInterp: /usr/bin/python3 (found suitable version "3.8.10", minimum required is "3") 
[1.297s] -- Using PYTHON_EXECUTABLE: /usr/bin/python3
[1.579s] -- Found rosidl_default_generators: 1.0.1 (/opt/ros/foxy/share/rosidl_default_generators/cmake)
[1.603s] -- Using all available rosidl_typesupport_c: rosidl_typesupport_fastrtps_c;rosidl_typesupport_introspection_c
[1.608s] -- Found rosidl_adapter: 1.3.1 (/opt/ros/foxy/share/rosidl_adapter/cmake)
[1.868s] -- Using all available rosidl_typesupport_cpp: rosidl_typesupport_fastrtps_cpp;rosidl_typesupport_introspection_cpp
[1.901s] -- Found action_msgs: 1.0.0 (/opt/ros/foxy/share/action_msgs/cmake)
[2.031s] -- Found PythonInterp: /usr/bin/python3 (found version "3.8.10") 
[2.385s] -- Found ament_cmake_ros: 0.9.2 (/opt/ros/foxy/share/ament_cmake_ros/cmake)
[2.675s] -- Using all available rosidl_typesupport_c: rosidl_typesupport_fastrtps_c;rosidl_typesupport_introspection_c
[2.752s] -- Using all available rosidl_typesupport_cpp: rosidl_typesupport_fastrtps_cpp;rosidl_typesupport_introspection_cpp
[2.820s] -- Found PythonInterp: /usr/bin/python3 (found suitable version "3.8.10", minimum required is "3.5") 
[2.821s] -- Found python_cmake_module: 0.8.1 (/opt/ros/foxy/share/python_cmake_module/cmake)
[2.873s] -- Using PYTHON_EXECUTABLE: /usr/bin/python3
[2.874s] -- Using PYTHON_INCLUDE_DIRS: /usr/include/python3.8
[2.874s] -- Using PYTHON_LIBRARIES: /usr/lib/x86_64-linux-gnu/libpython3.8.so
[3.001s] -- Configuring done
[3.112s] -- Generating done
[3.116s] -- Build files have been written to: /home/alvaro/workspace/ros_ur_driver/build/ur_dashboard_msgs
[3.127s] Invoked command in '/home/alvaro/workspace/ros_ur_driver/build/ur_dashboard_msgs' returned '0': CMAKE_PREFIX_PATH=${CMAKE_PREFIX_PATH}:/home/alvaro/ros2_ws/install/ros2controlcli:/home/alvaro/ros2_ws/install/ros2_control_test_nodes:/home/alvaro/dev_ws/install/ros2test:/opt/ros/foxy /usr/bin/cmake /home/alvaro/workspace/ros_ur_driver/src/Universal_Robots_ROS2_Driver/ur_dashboard_msgs -DCMAKE_BUILD_TYPE=Release -DCMAKE_INSTALL_PREFIX=/home/alvaro/workspace/ros_ur_driver/install/ur_dashboard_msgs
[3.131s] Invoking command in '/home/alvaro/workspace/ros_ur_driver/build/ur_dashboard_msgs': CMAKE_PREFIX_PATH=${CMAKE_PREFIX_PATH}:/home/alvaro/ros2_ws/install/ros2controlcli:/home/alvaro/ros2_ws/install/ros2_control_test_nodes:/home/alvaro/dev_ws/install/ros2test:/opt/ros/foxy /usr/bin/cmake --build /home/alvaro/workspace/ros_ur_driver/build/ur_dashboard_msgs -- -j12 -l12
[3.231s] [35m[1mScanning dependencies of target ur_dashboard_msgs__rosidl_generator_c[0m
[3.252s] [  0%] Built target ur_dashboard_msgs__cpp
[3.273s] [  1%] [32mBuilding C object CMakeFiles/ur_dashboard_msgs__rosidl_generator_c.dir/rosidl_generator_c/ur_dashboard_msgs/msg/detail/program_state__functions.c.o[0m
[3.274s] [  2%] [32mBuilding C object CMakeFiles/ur_dashboard_msgs__rosidl_generator_c.dir/rosidl_generator_c/ur_dashboard_msgs/srv/detail/is_program_running__functions.c.o[0m
[3.276s] [  4%] [32mBuilding C object CMakeFiles/ur_dashboard_msgs__rosidl_generator_c.dir/rosidl_generator_c/ur_dashboard_msgs/srv/detail/get_robot_mode__functions.c.o[0m
[3.276s] [  4%] [32mBuilding C object CMakeFiles/ur_dashboard_msgs__rosidl_generator_c.dir/rosidl_generator_c/ur_dashboard_msgs/srv/detail/is_program_saved__functions.c.o[0m
[3.276s] [  4%] [32mBuilding C object CMakeFiles/ur_dashboard_msgs__rosidl_generator_c.dir/rosidl_generator_c/ur_dashboard_msgs/srv/detail/add_to_log__functions.c.o[0m
[3.276s] [  4%] [32mBuilding C object CMakeFiles/ur_dashboard_msgs__rosidl_generator_c.dir/rosidl_generator_c/ur_dashboard_msgs/msg/detail/robot_mode__functions.c.o[0m
[3.276s] [  5%] [32mBuilding C object CMakeFiles/ur_dashboard_msgs__rosidl_generator_c.dir/rosidl_generator_c/ur_dashboard_msgs/msg/detail/safety_mode__functions.c.o[0m
[3.276s] [  6%] [32mBuilding C object CMakeFiles/ur_dashboard_msgs__rosidl_generator_c.dir/rosidl_generator_c/ur_dashboard_msgs/srv/detail/get_program_state__functions.c.o[0m
[3.277s] [  6%] [32mBuilding C object CMakeFiles/ur_dashboard_msgs__rosidl_generator_c.dir/rosidl_generator_c/ur_dashboard_msgs/srv/detail/get_loaded_program__functions.c.o[0m
[3.278s] [  8%] [32mBuilding C object CMakeFiles/ur_dashboard_msgs__rosidl_generator_c.dir/rosidl_generator_c/ur_dashboard_msgs/srv/detail/get_safety_mode__functions.c.o[0m
[3.278s] [  8%] [32mBuilding C object CMakeFiles/ur_dashboard_msgs__rosidl_generator_c.dir/rosidl_generator_c/ur_dashboard_msgs/srv/detail/load__functions.c.o[0m
[3.287s] [35m[1mScanning dependencies of target ur_dashboard_msgs__rosidl_typesupport_introspection_cpp[0m
[3.336s] [  9%] [32mBuilding CXX object CMakeFiles/ur_dashboard_msgs__rosidl_typesupport_introspection_cpp.dir/rosidl_typesupport_introspection_cpp/ur_dashboard_msgs/msg/detail/program_state__type_support.cpp.o[0m
[3.443s] [ 10%] [32mBuilding CXX object CMakeFiles/ur_dashboard_msgs__rosidl_typesupport_introspection_cpp.dir/rosidl_typesupport_introspection_cpp/ur_dashboard_msgs/msg/detail/robot_mode__type_support.cpp.o[0m
[3.449s] [ 11%] [32mBuilding C object CMakeFiles/ur_dashboard_msgs__rosidl_generator_c.dir/rosidl_generator_c/ur_dashboard_msgs/srv/detail/popup__functions.c.o[0m
[3.465s] [ 11%] [32mBuilding C object CMakeFiles/ur_dashboard_msgs__rosidl_generator_c.dir/rosidl_generator_c/ur_dashboard_msgs/srv/detail/raw_request__functions.c.o[0m
[3.529s] [ 12%] [32mBuilding C object CMakeFiles/ur_dashboard_msgs__rosidl_generator_c.dir/rosidl_generator_c/ur_dashboard_msgs/action/detail/set_mode__functions.c.o[0m
[3.538s] [ 13%] [32mBuilding CXX object CMakeFiles/ur_dashboard_msgs__rosidl_typesupport_introspection_cpp.dir/rosidl_typesupport_introspection_cpp/ur_dashboard_msgs/msg/detail/safety_mode__type_support.cpp.o[0m
[3.538s] [ 13%] [32mBuilding CXX object CMakeFiles/ur_dashboard_msgs__rosidl_typesupport_introspection_cpp.dir/rosidl_typesupport_introspection_cpp/ur_dashboard_msgs/srv/detail/add_to_log__type_support.cpp.o[0m
[3.541s] [ 14%] [32mBuilding CXX object CMakeFiles/ur_dashboard_msgs__rosidl_typesupport_introspection_cpp.dir/rosidl_typesupport_introspection_cpp/ur_dashboard_msgs/srv/detail/get_loaded_program__type_support.cpp.o[0m
[3.545s] [35m[1mScanning dependencies of target ur_dashboard_msgs__rosidl_typesupport_cpp[0m
[3.550s] [35m[1mScanning dependencies of target ur_dashboard_msgs__rosidl_typesupport_fastrtps_cpp[0m
[3.555s] [ 15%] [32mBuilding CXX object CMakeFiles/ur_dashboard_msgs__rosidl_typesupport_introspection_cpp.dir/rosidl_typesupport_introspection_cpp/ur_dashboard_msgs/srv/detail/get_program_state__type_support.cpp.o[0m
[3.585s] [ 16%] [32mBuilding CXX object CMakeFiles/ur_dashboard_msgs__rosidl_typesupport_introspection_cpp.dir/rosidl_typesupport_introspection_cpp/ur_dashboard_msgs/srv/detail/get_robot_mode__type_support.cpp.o[0m
[3.586s] [ 17%] [32mBuilding CXX object CMakeFiles/ur_dashboard_msgs__rosidl_typesupport_cpp.dir/rosidl_typesupport_cpp/ur_dashboard_msgs/msg/program_state__type_support.cpp.o[0m
[3.608s] [ 18%] [32mBuilding CXX object CMakeFiles/ur_dashboard_msgs__rosidl_typesupport_fastrtps_cpp.dir/rosidl_typesupport_fastrtps_cpp/ur_dashboard_msgs/msg/detail/dds_fastrtps/program_state__type_support.cpp.o[0m
[3.727s] [ 19%] [32mBuilding CXX object CMakeFiles/ur_dashboard_msgs__rosidl_typesupport_cpp.dir/rosidl_typesupport_cpp/ur_dashboard_msgs/msg/robot_mode__type_support.cpp.o[0m
[3.742s] [ 19%] [32mBuilding CXX object CMakeFiles/ur_dashboard_msgs__rosidl_typesupport_cpp.dir/rosidl_typesupport_cpp/ur_dashboard_msgs/msg/safety_mode__type_support.cpp.o[0m
[3.901s] [ 19%] [32mBuilding CXX object CMakeFiles/ur_dashboard_msgs__rosidl_typesupport_introspection_cpp.dir/rosidl_typesupport_introspection_cpp/ur_dashboard_msgs/srv/detail/get_safety_mode__type_support.cpp.o[0m
[3.986s] [ 20%] [32mBuilding CXX object CMakeFiles/ur_dashboard_msgs__rosidl_typesupport_introspection_cpp.dir/rosidl_typesupport_introspection_cpp/ur_dashboard_msgs/srv/detail/is_program_running__type_support.cpp.o[0m
[4.068s] [ 21%] [32mBuilding CXX object CMakeFiles/ur_dashboard_msgs__rosidl_typesupport_introspection_cpp.dir/rosidl_typesupport_introspection_cpp/ur_dashboard_msgs/srv/detail/is_program_saved__type_support.cpp.o[0m
[4.083s] [ 22%] [32mBuilding CXX object CMakeFiles/ur_dashboard_msgs__rosidl_typesupport_introspection_cpp.dir/rosidl_typesupport_introspection_cpp/ur_dashboard_msgs/srv/detail/load__type_support.cpp.o[0m
[4.098s] [ 23%] [32mBuilding CXX object CMakeFiles/ur_dashboard_msgs__rosidl_typesupport_introspection_cpp.dir/rosidl_typesupport_introspection_cpp/ur_dashboard_msgs/srv/detail/popup__type_support.cpp.o[0m
[4.098s] [ 23%] [32mBuilding CXX object CMakeFiles/ur_dashboard_msgs__rosidl_typesupport_cpp.dir/rosidl_typesupport_cpp/ur_dashboard_msgs/srv/add_to_log__type_support.cpp.o[0m
[4.154s] [ 24%] [32mBuilding CXX object CMakeFiles/ur_dashboard_msgs__rosidl_typesupport_introspection_cpp.dir/rosidl_typesupport_introspection_cpp/ur_dashboard_msgs/srv/detail/raw_request__type_support.cpp.o[0m
[4.157s] [ 25%] [32mBuilding CXX object CMakeFiles/ur_dashboard_msgs__rosidl_typesupport_introspection_cpp.dir/rosidl_typesupport_introspection_cpp/ur_dashboard_msgs/action/detail/set_mode__type_support.cpp.o[0m
[4.224s] [ 26%] [32mBuilding CXX object CMakeFiles/ur_dashboard_msgs__rosidl_typesupport_cpp.dir/rosidl_typesupport_cpp/ur_dashboard_msgs/srv/get_loaded_program__type_support.cpp.o[0m
[4.226s] [ 26%] [32mBuilding CXX object CMakeFiles/ur_dashboard_msgs__rosidl_typesupport_cpp.dir/rosidl_typesupport_cpp/ur_dashboard_msgs/srv/get_program_state__type_support.cpp.o[0m
[4.311s] [ 27%] [32m[1mLinking C shared library libur_dashboard_msgs__rosidl_generator_c.so[0m
[4.411s] [ 28%] Built target ur_dashboard_msgs__rosidl_generator_c
[4.411s] [ 29%] [32mBuilding CXX object CMakeFiles/ur_dashboard_msgs__rosidl_typesupport_fastrtps_cpp.dir/rosidl_typesupport_fastrtps_cpp/ur_dashboard_msgs/msg/detail/dds_fastrtps/robot_mode__type_support.cpp.o[0m
[4.441s] [35m[1mScanning dependencies of target ur_dashboard_msgs__rosidl_typesupport_introspection_c[0m
[4.487s] [35m[1mScanning dependencies of target ur_dashboard_msgs__rosidl_typesupport_c[0m
[4.490s] [ 30%] [32mBuilding C object CMakeFiles/ur_dashboard_msgs__rosidl_typesupport_introspection_c.dir/rosidl_typesupport_introspection_c/ur_dashboard_msgs/msg/detail/program_state__type_support.c.o[0m
[4.521s] [ 30%] [32mBuilding CXX object CMakeFiles/ur_dashboard_msgs__rosidl_typesupport_fastrtps_cpp.dir/rosidl_typesupport_fastrtps_cpp/ur_dashboard_msgs/msg/detail/dds_fastrtps/safety_mode__type_support.cpp.o[0m
[4.523s] [ 30%] [32mBuilding CXX object CMakeFiles/ur_dashboard_msgs__rosidl_typesupport_c.dir/rosidl_typesupport_c/ur_dashboard_msgs/msg/program_state__type_support.cpp.o[0m
[4.563s] [ 31%] [32mBuilding C object CMakeFiles/ur_dashboard_msgs__rosidl_typesupport_introspection_c.dir/rosidl_typesupport_introspection_c/ur_dashboard_msgs/msg/detail/robot_mode__type_support.c.o[0m
[4.576s] [ 31%] [32mBuilding C object CMakeFiles/ur_dashboard_msgs__rosidl_typesupport_introspection_c.dir/rosidl_typesupport_introspection_c/ur_dashboard_msgs/msg/detail/safety_mode__type_support.c.o[0m
[4.586s] [ 32%] [32mBuilding CXX object CMakeFiles/ur_dashboard_msgs__rosidl_typesupport_c.dir/rosidl_typesupport_c/ur_dashboard_msgs/msg/robot_mode__type_support.cpp.o[0m
[4.590s] [ 33%] [32mBuilding CXX object CMakeFiles/ur_dashboard_msgs__rosidl_typesupport_cpp.dir/rosidl_typesupport_cpp/ur_dashboard_msgs/srv/get_robot_mode__type_support.cpp.o[0m
[4.607s] [ 34%] [32mBuilding C object CMakeFiles/ur_dashboard_msgs__rosidl_typesupport_introspection_c.dir/rosidl_typesupport_introspection_c/ur_dashboard_msgs/srv/detail/add_to_log__type_support.c.o[0m
[4.630s] [ 35%] [32mBuilding CXX object CMakeFiles/ur_dashboard_msgs__rosidl_typesupport_cpp.dir/rosidl_typesupport_cpp/ur_dashboard_msgs/srv/get_safety_mode__type_support.cpp.o[0m
[4.634s] [ 36%] [32mBuilding C object CMakeFiles/ur_dashboard_msgs__rosidl_typesupport_introspection_c.dir/rosidl_typesupport_introspection_c/ur_dashboard_msgs/srv/detail/get_loaded_program__type_support.c.o[0m
[4.649s] [ 37%] [32mBuilding CXX object CMakeFiles/ur_dashboard_msgs__rosidl_typesupport_c.dir/rosidl_typesupport_c/ur_dashboard_msgs/srv/add_to_log__type_support.cpp.o[0m
[4.650s] [ 38%] [32mBuilding CXX object CMakeFiles/ur_dashboard_msgs__rosidl_typesupport_c.dir/rosidl_typesupport_c/ur_dashboard_msgs/msg/safety_mode__type_support.cpp.o[0m
[4.685s] [ 39%] [32mBuilding CXX object CMakeFiles/ur_dashboard_msgs__rosidl_typesupport_cpp.dir/rosidl_typesupport_cpp/ur_dashboard_msgs/srv/is_program_running__type_support.cpp.o[0m
[4.690s] [ 40%] [32mBuilding C object CMakeFiles/ur_dashboard_msgs__rosidl_typesupport_introspection_c.dir/rosidl_typesupport_introspection_c/ur_dashboard_msgs/srv/detail/get_program_state__type_support.c.o[0m
[4.715s] [ 41%] [32mBuilding CXX object CMakeFiles/ur_dashboard_msgs__rosidl_typesupport_c.dir/rosidl_typesupport_c/ur_dashboard_msgs/srv/get_program_state__type_support.cpp.o[0m
[4.715s] [ 41%] [32mBuilding CXX object CMakeFiles/ur_dashboard_msgs__rosidl_typesupport_c.dir/rosidl_typesupport_c/ur_dashboard_msgs/srv/get_loaded_program__type_support.cpp.o[0m
[4.717s] [ 41%] [32mBuilding CXX object CMakeFiles/ur_dashboard_msgs__rosidl_typesupport_cpp.dir/rosidl_typesupport_cpp/ur_dashboard_msgs/srv/is_program_saved__type_support.cpp.o[0m
[4.723s] [ 41%] [32mBuilding C object CMakeFiles/ur_dashboard_msgs__rosidl_typesupport_introspection_c.dir/rosidl_typesupport_introspection_c/ur_dashboard_msgs/srv/detail/get_robot_mode__type_support.c.o[0m
[4.737s] [ 42%] [32mBuilding CXX object CMakeFiles/ur_dashboard_msgs__rosidl_typesupport_cpp.dir/rosidl_typesupport_cpp/ur_dashboard_msgs/srv/load__type_support.cpp.o[0m
[4.778s] [ 44%] [32mBuilding C object CMakeFiles/ur_dashboard_msgs__rosidl_typesupport_introspection_c.dir/rosidl_typesupport_introspection_c/ur_dashboard_msgs/srv/detail/get_safety_mode__type_support.c.o[0m
[4.778s] [ 44%] [32mBuilding C object CMakeFiles/ur_dashboard_msgs__rosidl_typesupport_introspection_c.dir/rosidl_typesupport_introspection_c/ur_dashboard_msgs/srv/detail/is_program_running__type_support.c.o[0m
[4.786s] [ 45%] [32mBuilding CXX object CMakeFiles/ur_dashboard_msgs__rosidl_typesupport_c.dir/rosidl_typesupport_c/ur_dashboard_msgs/srv/get_robot_mode__type_support.cpp.o[0m
[4.808s] [ 45%] [32mBuilding C object CMakeFiles/ur_dashboard_msgs__rosidl_typesupport_introspection_c.dir/rosidl_typesupport_introspection_c/ur_dashboard_msgs/srv/detail/is_program_saved__type_support.c.o[0m
[4.818s] [ 46%] [32m[1mLinking CXX shared library libur_dashboard_msgs__rosidl_typesupport_introspection_cpp.so[0m
[4.858s] [ 47%] [32mBuilding CXX object CMakeFiles/ur_dashboard_msgs__rosidl_typesupport_c.dir/rosidl_typesupport_c/ur_dashboard_msgs/srv/get_safety_mode__type_support.cpp.o[0m
[4.866s] [ 48%] [32mBuilding C object CMakeFiles/ur_dashboard_msgs__rosidl_typesupport_introspection_c.dir/rosidl_typesupport_introspection_c/ur_dashboard_msgs/srv/detail/load__type_support.c.o[0m
[4.866s] [ 48%] [32mBuilding CXX object CMakeFiles/ur_dashboard_msgs__rosidl_typesupport_c.dir/rosidl_typesupport_c/ur_dashboard_msgs/srv/is_program_running__type_support.cpp.o[0m
[4.898s] [ 49%] [32mBuilding C object CMakeFiles/ur_dashboard_msgs__rosidl_typesupport_introspection_c.dir/rosidl_typesupport_introspection_c/ur_dashboard_msgs/srv/detail/popup__type_support.c.o[0m
[4.935s] [ 50%] [32mBuilding CXX object CMakeFiles/ur_dashboard_msgs__rosidl_typesupport_c.dir/rosidl_typesupport_c/ur_dashboard_msgs/srv/is_program_saved__type_support.cpp.o[0m
[4.939s] [ 51%] [32mBuilding CXX object CMakeFiles/ur_dashboard_msgs__rosidl_typesupport_c.dir/rosidl_typesupport_c/ur_dashboard_msgs/srv/load__type_support.cpp.o[0m
[4.952s] [ 52%] [32mBuilding C object CMakeFiles/ur_dashboard_msgs__rosidl_typesupport_introspection_c.dir/rosidl_typesupport_introspection_c/ur_dashboard_msgs/srv/detail/raw_request__type_support.c.o[0m
[4.987s] [ 52%] [32mBuilding C object CMakeFiles/ur_dashboard_msgs__rosidl_typesupport_introspection_c.dir/rosidl_typesupport_introspection_c/ur_dashboard_msgs/action/detail/set_mode__type_support.c.o[0m
[5.007s] [ 53%] [32mBuilding CXX object CMakeFiles/ur_dashboard_msgs__rosidl_typesupport_c.dir/rosidl_typesupport_c/ur_dashboard_msgs/srv/popup__type_support.cpp.o[0m
[5.012s] [ 53%] [32mBuilding CXX object CMakeFiles/ur_dashboard_msgs__rosidl_typesupport_c.dir/rosidl_typesupport_c/ur_dashboard_msgs/srv/raw_request__type_support.cpp.o[0m
[5.022s] [ 53%] Built target ur_dashboard_msgs__rosidl_typesupport_introspection_cpp
[5.035s] [ 54%] [32mBuilding CXX object CMakeFiles/ur_dashboard_msgs__rosidl_typesupport_cpp.dir/rosidl_typesupport_cpp/ur_dashboard_msgs/srv/popup__type_support.cpp.o[0m
[5.047s] [ 55%] [32mBuilding CXX object CMakeFiles/ur_dashboard_msgs__rosidl_typesupport_cpp.dir/rosidl_typesupport_cpp/ur_dashboard_msgs/srv/raw_request__type_support.cpp.o[0m
[5.077s] [ 56%] [32mBuilding CXX object CMakeFiles/ur_dashboard_msgs__rosidl_typesupport_c.dir/rosidl_typesupport_c/ur_dashboard_msgs/action/set_mode__type_support.cpp.o[0m
[5.093s] [ 56%] [32mBuilding CXX object CMakeFiles/ur_dashboard_msgs__rosidl_typesupport_cpp.dir/rosidl_typesupport_cpp/ur_dashboard_msgs/action/set_mode__type_support.cpp.o[0m
[5.103s] [ 57%] [32mBuilding CXX object CMakeFiles/ur_dashboard_msgs__rosidl_typesupport_fastrtps_cpp.dir/rosidl_typesupport_fastrtps_cpp/ur_dashboard_msgs/srv/detail/dds_fastrtps/add_to_log__type_support.cpp.o[0m
[5.113s] [ 58%] [32mBuilding CXX object CMakeFiles/ur_dashboard_msgs__rosidl_typesupport_fastrtps_cpp.dir/rosidl_typesupport_fastrtps_cpp/ur_dashboard_msgs/srv/detail/dds_fastrtps/get_loaded_program__type_support.cpp.o[0m
[5.121s] [ 59%] [32m[1mLinking C shared library libur_dashboard_msgs__rosidl_typesupport_introspection_c.so[0m
[5.126s] [ 60%] [32mBuilding CXX object CMakeFiles/ur_dashboard_msgs__rosidl_typesupport_fastrtps_cpp.dir/rosidl_typesupport_fastrtps_cpp/ur_dashboard_msgs/srv/detail/dds_fastrtps/get_program_state__type_support.cpp.o[0m
[5.173s] [ 60%] [32mBuilding CXX object CMakeFiles/ur_dashboard_msgs__rosidl_typesupport_fastrtps_cpp.dir/rosidl_typesupport_fastrtps_cpp/ur_dashboard_msgs/srv/detail/dds_fastrtps/get_robot_mode__type_support.cpp.o[0m
[5.186s] [ 61%] [32m[1mLinking CXX shared library libur_dashboard_msgs__rosidl_typesupport_c.so[0m
[5.192s] [ 63%] [32mBuilding CXX object CMakeFiles/ur_dashboard_msgs__rosidl_typesupport_fastrtps_cpp.dir/rosidl_typesupport_fastrtps_cpp/ur_dashboard_msgs/srv/detail/dds_fastrtps/get_safety_mode__type_support.cpp.o[0m
[5.192s] [ 63%] [32mBuilding CXX object CMakeFiles/ur_dashboard_msgs__rosidl_typesupport_fastrtps_cpp.dir/rosidl_typesupport_fastrtps_cpp/ur_dashboard_msgs/srv/detail/dds_fastrtps/is_program_running__type_support.cpp.o[0m
[5.198s] [ 64%] Built target ur_dashboard_msgs__rosidl_typesupport_introspection_c
[5.220s] [ 65%] [32mBuilding CXX object CMakeFiles/ur_dashboard_msgs__rosidl_typesupport_fastrtps_cpp.dir/rosidl_typesupport_fastrtps_cpp/ur_dashboard_msgs/srv/detail/dds_fastrtps/load__type_support.cpp.o[0m
[5.220s] [ 65%] [32mBuilding CXX object CMakeFiles/ur_dashboard_msgs__rosidl_typesupport_fastrtps_cpp.dir/rosidl_typesupport_fastrtps_cpp/ur_dashboard_msgs/srv/detail/dds_fastrtps/is_program_saved__type_support.cpp.o[0m
[5.273s] [ 66%] Built target ur_dashboard_msgs__rosidl_typesupport_c
[5.295s] [ 67%] [32mBuilding CXX object CMakeFiles/ur_dashboard_msgs__rosidl_typesupport_fastrtps_cpp.dir/rosidl_typesupport_fastrtps_cpp/ur_dashboard_msgs/srv/detail/dds_fastrtps/popup__type_support.cpp.o[0m
[5.537s] [ 68%] [32mBuilding CXX object CMakeFiles/ur_dashboard_msgs__rosidl_typesupport_fastrtps_cpp.dir/rosidl_typesupport_fastrtps_cpp/ur_dashboard_msgs/srv/detail/dds_fastrtps/raw_request__type_support.cpp.o[0m
[5.564s] [ 69%] [32mBuilding CXX object CMakeFiles/ur_dashboard_msgs__rosidl_typesupport_fastrtps_cpp.dir/rosidl_typesupport_fastrtps_cpp/ur_dashboard_msgs/action/detail/dds_fastrtps/set_mode__type_support.cpp.o[0m
[5.694s] [ 70%] [32m[1mLinking CXX shared library libur_dashboard_msgs__rosidl_typesupport_cpp.so[0m
[5.790s] [ 71%] Built target ur_dashboard_msgs__rosidl_typesupport_cpp
[6.251s] [ 71%] [32m[1mLinking CXX shared library libur_dashboard_msgs__rosidl_typesupport_fastrtps_cpp.so[0m
[6.380s] [ 72%] Built target ur_dashboard_msgs__rosidl_typesupport_fastrtps_cpp
[6.408s] [35m[1mScanning dependencies of target ur_dashboard_msgs__rosidl_typesupport_fastrtps_c[0m
[6.454s] [ 72%] [32mBuilding CXX object CMakeFiles/ur_dashboard_msgs__rosidl_typesupport_fastrtps_c.dir/rosidl_typesupport_fastrtps_c/ur_dashboard_msgs/srv/detail/get_program_state__type_support_c.cpp.o[0m
[6.456s] [ 73%] [32mBuilding CXX object CMakeFiles/ur_dashboard_msgs__rosidl_typesupport_fastrtps_c.dir/rosidl_typesupport_fastrtps_c/ur_dashboard_msgs/srv/detail/popup__type_support_c.cpp.o[0m
[6.460s] [ 80%] [32mBuilding CXX object CMakeFiles/ur_dashboard_msgs__rosidl_typesupport_fastrtps_c.dir/rosidl_typesupport_fastrtps_c/ur_dashboard_msgs/srv/detail/add_to_log__type_support_c.cpp.o[0m
[6.460s] [ 80%] [32mBuilding CXX object CMakeFiles/ur_dashboard_msgs__rosidl_typesupport_fastrtps_c.dir/rosidl_typesupport_fastrtps_c/ur_dashboard_msgs/msg/detail/robot_mode__type_support_c.cpp.o[0m
[6.460s] [ 80%] [32mBuilding CXX object CMakeFiles/ur_dashboard_msgs__rosidl_typesupport_fastrtps_c.dir/rosidl_typesupport_fastrtps_c/ur_dashboard_msgs/srv/detail/get_robot_mode__type_support_c.cpp.o[0m
[6.460s] [ 80%] [32mBuilding CXX object CMakeFiles/ur_dashboard_msgs__rosidl_typesupport_fastrtps_c.dir/rosidl_typesupport_fastrtps_c/ur_dashboard_msgs/msg/detail/program_state__type_support_c.cpp.o[0m
[6.461s] [ 80%] [32mBuilding CXX object CMakeFiles/ur_dashboard_msgs__rosidl_typesupport_fastrtps_c.dir/rosidl_typesupport_fastrtps_c/ur_dashboard_msgs/msg/detail/safety_mode__type_support_c.cpp.o[0m
[6.461s] [ 80%] [32mBuilding CXX object CMakeFiles/ur_dashboard_msgs__rosidl_typesupport_fastrtps_c.dir/rosidl_typesupport_fastrtps_c/ur_dashboard_msgs/srv/detail/is_program_saved__type_support_c.cpp.o[0m
[6.461s] [ 80%] [32mBuilding CXX object CMakeFiles/ur_dashboard_msgs__rosidl_typesupport_fastrtps_c.dir/rosidl_typesupport_fastrtps_c/ur_dashboard_msgs/srv/detail/get_loaded_program__type_support_c.cpp.o[0m
[6.461s] [ 80%] [32mBuilding CXX object CMakeFiles/ur_dashboard_msgs__rosidl_typesupport_fastrtps_c.dir/rosidl_typesupport_fastrtps_c/ur_dashboard_msgs/srv/detail/load__type_support_c.cpp.o[0m
[6.462s] [ 80%] [32mBuilding CXX object CMakeFiles/ur_dashboard_msgs__rosidl_typesupport_fastrtps_c.dir/rosidl_typesupport_fastrtps_c/ur_dashboard_msgs/srv/detail/get_safety_mode__type_support_c.cpp.o[0m
[6.462s] [ 81%] [32mBuilding CXX object CMakeFiles/ur_dashboard_msgs__rosidl_typesupport_fastrtps_c.dir/rosidl_typesupport_fastrtps_c/ur_dashboard_msgs/srv/detail/is_program_running__type_support_c.cpp.o[0m
[7.062s] [ 82%] [32mBuilding CXX object CMakeFiles/ur_dashboard_msgs__rosidl_typesupport_fastrtps_c.dir/rosidl_typesupport_fastrtps_c/ur_dashboard_msgs/srv/detail/raw_request__type_support_c.cpp.o[0m
[7.080s] [ 82%] [32mBuilding CXX object CMakeFiles/ur_dashboard_msgs__rosidl_typesupport_fastrtps_c.dir/rosidl_typesupport_fastrtps_c/ur_dashboard_msgs/action/detail/set_mode__type_support_c.cpp.o[0m
[7.556s] [ 83%] [32m[1mLinking CXX shared library libur_dashboard_msgs__rosidl_typesupport_fastrtps_c.so[0m
[7.673s] [ 84%] Built target ur_dashboard_msgs__rosidl_typesupport_fastrtps_c
[7.710s] [ 84%] Built target ur_dashboard_msgs
[7.771s] [ 85%] Built target ur_dashboard_msgs__py
[7.799s] [35m[1mScanning dependencies of target ur_dashboard_msgs__python[0m
[7.849s] [ 86%] [32mBuilding C object CMakeFiles/ur_dashboard_msgs__python.dir/rosidl_generator_py/ur_dashboard_msgs/srv/_popup_s.c.o[0m
[7.849s] [ 86%] [32mBuilding C object CMakeFiles/ur_dashboard_msgs__python.dir/rosidl_generator_py/ur_dashboard_msgs/srv/_is_program_saved_s.c.o[0m
[7.852s] [ 89%] [32mBuilding C object CMakeFiles/ur_dashboard_msgs__python.dir/rosidl_generator_py/ur_dashboard_msgs/srv/_get_safety_mode_s.c.o[0m
[7.852s] [ 89%] [32mBuilding C object CMakeFiles/ur_dashboard_msgs__python.dir/rosidl_generator_py/ur_dashboard_msgs/srv/_get_program_state_s.c.o[0m
[7.853s] [ 89%] [32mBuilding C object CMakeFiles/ur_dashboard_msgs__python.dir/rosidl_generator_py/ur_dashboard_msgs/msg/_robot_mode_s.c.o[0m
[7.853s] [ 89%] [32mBuilding C object CMakeFiles/ur_dashboard_msgs__python.dir/rosidl_generator_py/ur_dashboard_msgs/srv/_get_robot_mode_s.c.o[0m
[7.853s] [ 89%] [32mBuilding C object CMakeFiles/ur_dashboard_msgs__python.dir/rosidl_generator_py/ur_dashboard_msgs/srv/_load_s.c.o[0m
[7.854s] [ 92%] [32mBuilding C object CMakeFiles/ur_dashboard_msgs__python.dir/rosidl_generator_py/ur_dashboard_msgs/srv/_is_program_running_s.c.o[0m
[7.854s] [ 93%] [32mBuilding C object CMakeFiles/ur_dashboard_msgs__python.dir/rosidl_generator_py/ur_dashboard_msgs/srv/_add_to_log_s.c.o[0m
[7.854s] [ 92%] [32mBuilding C object CMakeFiles/ur_dashboard_msgs__python.dir/rosidl_generator_py/ur_dashboard_msgs/msg/_program_state_s.c.o[0m
[7.856s] [ 92%] [32mBuilding C object CMakeFiles/ur_dashboard_msgs__python.dir/rosidl_generator_py/ur_dashboard_msgs/srv/_get_loaded_program_s.c.o[0m
[7.856s] [ 94%] [32mBuilding C object CMakeFiles/ur_dashboard_msgs__python.dir/rosidl_generator_py/ur_dashboard_msgs/msg/_safety_mode_s.c.o[0m
[8.034s] [ 95%] [32mBuilding C object CMakeFiles/ur_dashboard_msgs__python.dir/rosidl_generator_py/ur_dashboard_msgs/srv/_raw_request_s.c.o[0m
[8.044s] [ 95%] [32mBuilding C object CMakeFiles/ur_dashboard_msgs__python.dir/rosidl_generator_py/ur_dashboard_msgs/action/_set_mode_s.c.o[0m
[8.258s] [ 96%] [32m[1mLinking C shared library rosidl_generator_py/ur_dashboard_msgs/libur_dashboard_msgs__python.so[0m
[8.323s] [ 96%] Built target ur_dashboard_msgs__python
[8.343s] [35m[1mScanning dependencies of target ur_dashboard_msgs__rosidl_typesupport_c__pyext[0m
[8.343s] [35m[1mScanning dependencies of target ur_dashboard_msgs__rosidl_typesupport_fastrtps_c__pyext[0m
[8.344s] [35m[1mScanning dependencies of target ur_dashboard_msgs__rosidl_typesupport_introspection_c__pyext[0m
[8.367s] [ 97%] [32mBuilding C object CMakeFiles/ur_dashboard_msgs__rosidl_typesupport_introspection_c__pyext.dir/rosidl_generator_py/ur_dashboard_msgs/_ur_dashboard_msgs_s.ep.rosidl_typesupport_introspection_c.c.o[0m
[8.369s] [ 98%] [32mBuilding C object CMakeFiles/ur_dashboard_msgs__rosidl_typesupport_fastrtps_c__pyext.dir/rosidl_generator_py/ur_dashboard_msgs/_ur_dashboard_msgs_s.ep.rosidl_typesupport_fastrtps_c.c.o[0m
[8.373s] [ 99%] [32mBuilding C object CMakeFiles/ur_dashboard_msgs__rosidl_typesupport_c__pyext.dir/rosidl_generator_py/ur_dashboard_msgs/_ur_dashboard_msgs_s.ep.rosidl_typesupport_c.c.o[0m
[8.788s] [ 99%] [32m[1mLinking C shared library rosidl_generator_py/ur_dashboard_msgs/ur_dashboard_msgs_s__rosidl_typesupport_c.cpython-38-x86_64-linux-gnu.so[0m
[8.795s] [ 99%] [32m[1mLinking CXX shared library rosidl_generator_py/ur_dashboard_msgs/ur_dashboard_msgs_s__rosidl_typesupport_fastrtps_c.cpython-38-x86_64-linux-gnu.so[0m
[8.799s] [100%] [32m[1mLinking C shared library rosidl_generator_py/ur_dashboard_msgs/ur_dashboard_msgs_s__rosidl_typesupport_introspection_c.cpython-38-x86_64-linux-gnu.so[0m
[8.852s] [100%] Built target ur_dashboard_msgs__rosidl_typesupport_c__pyext
[8.869s] [100%] Built target ur_dashboard_msgs__rosidl_typesupport_introspection_c__pyext
[8.882s] [100%] Built target ur_dashboard_msgs__rosidl_typesupport_fastrtps_c__pyext
[8.902s] Invoked command in '/home/alvaro/workspace/ros_ur_driver/build/ur_dashboard_msgs' returned '0': CMAKE_PREFIX_PATH=${CMAKE_PREFIX_PATH}:/home/alvaro/ros2_ws/install/ros2controlcli:/home/alvaro/ros2_ws/install/ros2_control_test_nodes:/home/alvaro/dev_ws/install/ros2test:/opt/ros/foxy /usr/bin/cmake --build /home/alvaro/workspace/ros_ur_driver/build/ur_dashboard_msgs -- -j12 -l12
[9.714s] Invoking command in '/home/alvaro/workspace/ros_ur_driver/build/ur_dashboard_msgs': CMAKE_PREFIX_PATH=${CMAKE_PREFIX_PATH}:/home/alvaro/ros2_ws/install/ros2controlcli:/home/alvaro/ros2_ws/install/ros2_control_test_nodes:/home/alvaro/dev_ws/install/ros2test:/opt/ros/foxy /usr/bin/cmake --install /home/alvaro/workspace/ros_ur_driver/build/ur_dashboard_msgs
[9.728s] -- Install configuration: "Release"
[9.728s] -- Up-to-date: /home/alvaro/workspace/ros_ur_driver/install/ur_dashboard_msgs/share/ament_index/resource_index/rosidl_interfaces/ur_dashboard_msgs
[9.728s] -- Up-to-date: /home/alvaro/workspace/ros_ur_driver/install/ur_dashboard_msgs/include/ur_dashboard_msgs
[9.728s] -- Up-to-date: /home/alvaro/workspace/ros_ur_driver/install/ur_dashboard_msgs/include/ur_dashboard_msgs/srv
[9.729s] -- Up-to-date: /home/alvaro/workspace/ros_ur_driver/install/ur_dashboard_msgs/include/ur_dashboard_msgs/srv/load.h
[9.729s] -- Up-to-date: /home/alvaro/workspace/ros_ur_driver/install/ur_dashboard_msgs/include/ur_dashboard_msgs/srv/get_loaded_program.h
[9.729s] -- Up-to-date: /home/alvaro/workspace/ros_ur_driver/install/ur_dashboard_msgs/include/ur_dashboard_msgs/srv/get_robot_mode.h
[9.729s] -- Up-to-date: /home/alvaro/workspace/ros_ur_driver/install/ur_dashboard_msgs/include/ur_dashboard_msgs/srv/add_to_log.h
[9.729s] -- Up-to-date: /home/alvaro/workspace/ros_ur_driver/install/ur_dashboard_msgs/include/ur_dashboard_msgs/srv/popup.h
[9.730s] -- Up-to-date: /home/alvaro/workspace/ros_ur_driver/install/ur_dashboard_msgs/include/ur_dashboard_msgs/srv/get_safety_mode.h
[9.730s] -- Up-to-date: /home/alvaro/workspace/ros_ur_driver/install/ur_dashboard_msgs/include/ur_dashboard_msgs/srv/raw_request.h
[9.730s] -- Up-to-date: /home/alvaro/workspace/ros_ur_driver/install/ur_dashboard_msgs/include/ur_dashboard_msgs/srv/get_program_state.h
[9.730s] -- Up-to-date: /home/alvaro/workspace/ros_ur_driver/install/ur_dashboard_msgs/include/ur_dashboard_msgs/srv/detail
[9.730s] -- Up-to-date: /home/alvaro/workspace/ros_ur_driver/install/ur_dashboard_msgs/include/ur_dashboard_msgs/srv/detail/get_robot_mode__functions.h
[9.730s] -- Up-to-date: /home/alvaro/workspace/ros_ur_driver/install/ur_dashboard_msgs/include/ur_dashboard_msgs/srv/detail/is_program_running__type_support.h
[9.731s] -- Up-to-date: /home/alvaro/workspace/ros_ur_driver/install/ur_dashboard_msgs/include/ur_dashboard_msgs/srv/detail/is_program_saved__functions.h
[9.731s] -- Up-to-date: /home/alvaro/workspace/ros_ur_driver/install/ur_dashboard_msgs/include/ur_dashboard_msgs/srv/detail/get_loaded_program__functions.h
[9.731s] -- Up-to-date: /home/alvaro/workspace/ros_ur_driver/install/ur_dashboard_msgs/include/ur_dashboard_msgs/srv/detail/is_program_running__struct.h
[9.731s] -- Up-to-date: /home/alvaro/workspace/ros_ur_driver/install/ur_dashboard_msgs/include/ur_dashboard_msgs/srv/detail/load__functions.h
[9.731s] -- Up-to-date: /home/alvaro/workspace/ros_ur_driver/install/ur_dashboard_msgs/include/ur_dashboard_msgs/srv/detail/popup__struct.h
[9.731s] -- Up-to-date: /home/alvaro/workspace/ros_ur_driver/install/ur_dashboard_msgs/include/ur_dashboard_msgs/srv/detail/popup__functions.h
[9.732s] -- Up-to-date: /home/alvaro/workspace/ros_ur_driver/install/ur_dashboard_msgs/include/ur_dashboard_msgs/srv/detail/load__struct.h
[9.732s] -- Up-to-date: /home/alvaro/workspace/ros_ur_driver/install/ur_dashboard_msgs/include/ur_dashboard_msgs/srv/detail/get_program_state__functions.c
[9.732s] -- Up-to-date: /home/alvaro/workspace/ros_ur_driver/install/ur_dashboard_msgs/include/ur_dashboard_msgs/srv/detail/popup__functions.c
[9.732s] -- Up-to-date: /home/alvaro/workspace/ros_ur_driver/install/ur_dashboard_msgs/include/ur_dashboard_msgs/srv/detail/raw_request__functions.c
[9.732s] -- Up-to-date: /home/alvaro/workspace/ros_ur_driver/install/ur_dashboard_msgs/include/ur_dashboard_msgs/srv/detail/raw_request__type_support.h
[9.732s] -- Up-to-date: /home/alvaro/workspace/ros_ur_driver/install/ur_dashboard_msgs/include/ur_dashboard_msgs/srv/detail/is_program_saved__struct.h
[9.733s] -- Up-to-date: /home/alvaro/workspace/ros_ur_driver/install/ur_dashboard_msgs/include/ur_dashboard_msgs/srv/detail/load__type_support.h
[9.733s] -- Up-to-date: /home/alvaro/workspace/ros_ur_driver/install/ur_dashboard_msgs/include/ur_dashboard_msgs/srv/detail/add_to_log__type_support.h
[9.733s] -- Up-to-date: /home/alvaro/workspace/ros_ur_driver/install/ur_dashboard_msgs/include/ur_dashboard_msgs/srv/detail/get_safety_mode__functions.c
[9.733s] -- Up-to-date: /home/alvaro/workspace/ros_ur_driver/install/ur_dashboard_msgs/include/ur_dashboard_msgs/srv/detail/get_robot_mode__struct.h
[9.733s] -- Up-to-date: /home/alvaro/workspace/ros_ur_driver/install/ur_dashboard_msgs/include/ur_dashboard_msgs/srv/detail/raw_request__functions.h
[9.733s] -- Up-to-date: /home/alvaro/workspace/ros_ur_driver/install/ur_dashboard_msgs/include/ur_dashboard_msgs/srv/detail/raw_request__struct.h
[9.733s] -- Up-to-date: /home/alvaro/workspace/ros_ur_driver/install/ur_dashboard_msgs/include/ur_dashboard_msgs/srv/detail/is_program_running__functions.c
[9.734s] -- Up-to-date: /home/alvaro/workspace/ros_ur_driver/install/ur_dashboard_msgs/include/ur_dashboard_msgs/srv/detail/load__functions.c
[9.734s] -- Up-to-date: /home/alvaro/workspace/ros_ur_driver/install/ur_dashboard_msgs/include/ur_dashboard_msgs/srv/detail/get_safety_mode__struct.h
[9.734s] -- Up-to-date: /home/alvaro/workspace/ros_ur_driver/install/ur_dashboard_msgs/include/ur_dashboard_msgs/srv/detail/get_loaded_program__type_support.h
[9.734s] -- Up-to-date: /home/alvaro/workspace/ros_ur_driver/install/ur_dashboard_msgs/include/ur_dashboard_msgs/srv/detail/popup__type_support.h
[9.734s] -- Up-to-date: /home/alvaro/workspace/ros_ur_driver/install/ur_dashboard_msgs/include/ur_dashboard_msgs/srv/detail/add_to_log__struct.h
[9.734s] -- Up-to-date: /home/alvaro/workspace/ros_ur_driver/install/ur_dashboard_msgs/include/ur_dashboard_msgs/srv/detail/add_to_log__functions.c
[9.734s] -- Up-to-date: /home/alvaro/workspace/ros_ur_driver/install/ur_dashboard_msgs/include/ur_dashboard_msgs/srv/detail/get_program_state__struct.h
[9.734s] -- Up-to-date: /home/alvaro/workspace/ros_ur_driver/install/ur_dashboard_msgs/include/ur_dashboard_msgs/srv/detail/get_loaded_program__functions.c
[9.735s] -- Up-to-date: /home/alvaro/workspace/ros_ur_driver/install/ur_dashboard_msgs/include/ur_dashboard_msgs/srv/detail/is_program_saved__type_support.h
[9.735s] -- Up-to-date: /home/alvaro/workspace/ros_ur_driver/install/ur_dashboard_msgs/include/ur_dashboard_msgs/srv/detail/get_robot_mode__type_support.h
[9.735s] -- Up-to-date: /home/alvaro/workspace/ros_ur_driver/install/ur_dashboard_msgs/include/ur_dashboard_msgs/srv/detail/is_program_saved__functions.c
[9.736s] -- Up-to-date: /home/alvaro/workspace/ros_ur_driver/install/ur_dashboard_msgs/include/ur_dashboard_msgs/srv/detail/get_robot_mode__functions.c
[9.736s] -- Up-to-date: /home/alvaro/workspace/ros_ur_driver/install/ur_dashboard_msgs/include/ur_dashboard_msgs/srv/detail/get_loaded_program__struct.h
[9.736s] -- Up-to-date: /home/alvaro/workspace/ros_ur_driver/install/ur_dashboard_msgs/include/ur_dashboard_msgs/srv/detail/get_program_state__functions.h
[9.736s] -- Up-to-date: /home/alvaro/workspace/ros_ur_driver/install/ur_dashboard_msgs/include/ur_dashboard_msgs/srv/detail/get_safety_mode__type_support.h
[9.737s] -- Up-to-date: /home/alvaro/workspace/ros_ur_driver/install/ur_dashboard_msgs/include/ur_dashboard_msgs/srv/detail/get_safety_mode__functions.h
[9.737s] -- Up-to-date: /home/alvaro/workspace/ros_ur_driver/install/ur_dashboard_msgs/include/ur_dashboard_msgs/srv/detail/get_program_state__type_support.h
[9.737s] -- Up-to-date: /home/alvaro/workspace/ros_ur_driver/install/ur_dashboard_msgs/include/ur_dashboard_msgs/srv/detail/is_program_running__functions.h
[9.737s] -- Up-to-date: /home/alvaro/workspace/ros_ur_driver/install/ur_dashboard_msgs/include/ur_dashboard_msgs/srv/detail/add_to_log__functions.h
[9.737s] -- Up-to-date: /home/alvaro/workspace/ros_ur_driver/install/ur_dashboard_msgs/include/ur_dashboard_msgs/srv/is_program_saved.h
[9.737s] -- Up-to-date: /home/alvaro/workspace/ros_ur_driver/install/ur_dashboard_msgs/include/ur_dashboard_msgs/srv/is_program_running.h
[9.737s] -- Up-to-date: /home/alvaro/workspace/ros_ur_driver/install/ur_dashboard_msgs/include/ur_dashboard_msgs/action
[9.738s] -- Up-to-date: /home/alvaro/workspace/ros_ur_driver/install/ur_dashboard_msgs/include/ur_dashboard_msgs/action/set_mode.h
[9.738s] -- Up-to-date: /home/alvaro/workspace/ros_ur_driver/install/ur_dashboard_msgs/include/ur_dashboard_msgs/action/detail
[9.738s] -- Up-to-date: /home/alvaro/workspace/ros_ur_driver/install/ur_dashboard_msgs/include/ur_dashboard_msgs/action/detail/set_mode__functions.h
[9.738s] -- Up-to-date: /home/alvaro/workspace/ros_ur_driver/install/ur_dashboard_msgs/include/ur_dashboard_msgs/action/detail/set_mode__functions.c
[9.738s] -- Up-to-date: /home/alvaro/workspace/ros_ur_driver/install/ur_dashboard_msgs/include/ur_dashboard_msgs/action/detail/set_mode__type_support.h
[9.738s] -- Up-to-date: /home/alvaro/workspace/ros_ur_driver/install/ur_dashboard_msgs/include/ur_dashboard_msgs/action/detail/set_mode__struct.h
[9.739s] -- Up-to-date: /home/alvaro/workspace/ros_ur_driver/install/ur_dashboard_msgs/include/ur_dashboard_msgs/msg
[9.739s] -- Up-to-date: /home/alvaro/workspace/ros_ur_driver/install/ur_dashboard_msgs/include/ur_dashboard_msgs/msg/safety_mode.h
[9.739s] -- Up-to-date: /home/alvaro/workspace/ros_ur_driver/install/ur_dashboard_msgs/include/ur_dashboard_msgs/msg/rosidl_generator_c__visibility_control.h
[9.739s] -- Up-to-date: /home/alvaro/workspace/ros_ur_driver/install/ur_dashboard_msgs/include/ur_dashboard_msgs/msg/program_state.h
[9.739s] -- Up-to-date: /home/alvaro/workspace/ros_ur_driver/install/ur_dashboard_msgs/include/ur_dashboard_msgs/msg/detail
[9.739s] -- Up-to-date: /home/alvaro/workspace/ros_ur_driver/install/ur_dashboard_msgs/include/ur_dashboard_msgs/msg/detail/safety_mode__type_support.h
[9.739s] -- Up-to-date: /home/alvaro/workspace/ros_ur_driver/install/ur_dashboard_msgs/include/ur_dashboard_msgs/msg/detail/safety_mode__functions.h
[9.739s] -- Up-to-date: /home/alvaro/workspace/ros_ur_driver/install/ur_dashboard_msgs/include/ur_dashboard_msgs/msg/detail/safety_mode__functions.c
[9.739s] -- Up-to-date: /home/alvaro/workspace/ros_ur_driver/install/ur_dashboard_msgs/include/ur_dashboard_msgs/msg/detail/robot_mode__type_support.h
[9.739s] -- Up-to-date: /home/alvaro/workspace/ros_ur_driver/install/ur_dashboard_msgs/include/ur_dashboard_msgs/msg/detail/robot_mode__struct.h
[9.740s] -- Up-to-date: /home/alvaro/workspace/ros_ur_driver/install/ur_dashboard_msgs/include/ur_dashboard_msgs/msg/detail/safety_mode__struct.h
[9.740s] -- Up-to-date: /home/alvaro/workspace/ros_ur_driver/install/ur_dashboard_msgs/include/ur_dashboard_msgs/msg/detail/robot_mode__functions.c
[9.740s] -- Up-to-date: /home/alvaro/workspace/ros_ur_driver/install/ur_dashboard_msgs/include/ur_dashboard_msgs/msg/detail/program_state__struct.h
[9.740s] -- Up-to-date: /home/alvaro/workspace/ros_ur_driver/install/ur_dashboard_msgs/include/ur_dashboard_msgs/msg/detail/program_state__type_support.h
[9.740s] -- Up-to-date: /home/alvaro/workspace/ros_ur_driver/install/ur_dashboard_msgs/include/ur_dashboard_msgs/msg/detail/program_state__functions.h
[9.740s] -- Up-to-date: /home/alvaro/workspace/ros_ur_driver/install/ur_dashboard_msgs/include/ur_dashboard_msgs/msg/detail/program_state__functions.c
[9.740s] -- Up-to-date: /home/alvaro/workspace/ros_ur_driver/install/ur_dashboard_msgs/include/ur_dashboard_msgs/msg/detail/robot_mode__functions.h
[9.740s] -- Up-to-date: /home/alvaro/workspace/ros_ur_driver/install/ur_dashboard_msgs/include/ur_dashboard_msgs/msg/robot_mode.h
[9.741s] -- Installing: /home/alvaro/workspace/ros_ur_driver/install/ur_dashboard_msgs/share/ur_dashboard_msgs/environment/library_path.sh
[9.741s] -- Installing: /home/alvaro/workspace/ros_ur_driver/install/ur_dashboard_msgs/share/ur_dashboard_msgs/environment/library_path.dsv
[9.741s] -- Installing: /home/alvaro/workspace/ros_ur_driver/install/ur_dashboard_msgs/lib/libur_dashboard_msgs__rosidl_generator_c.so
[9.741s] -- Set runtime path of "/home/alvaro/workspace/ros_ur_driver/install/ur_dashboard_msgs/lib/libur_dashboard_msgs__rosidl_generator_c.so" to ""
[9.741s] -- Up-to-date: /home/alvaro/workspace/ros_ur_driver/install/ur_dashboard_msgs/include/ur_dashboard_msgs
[9.741s] -- Up-to-date: /home/alvaro/workspace/ros_ur_driver/install/ur_dashboard_msgs/include/ur_dashboard_msgs/srv
[9.742s] -- Up-to-date: /home/alvaro/workspace/ros_ur_driver/install/ur_dashboard_msgs/include/ur_dashboard_msgs/srv/detail
[9.742s] -- Up-to-date: /home/alvaro/workspace/ros_ur_driver/install/ur_dashboard_msgs/include/ur_dashboard_msgs/srv/detail/popup__rosidl_typesupport_fastrtps_c.h
[9.742s] -- Up-to-date: /home/alvaro/workspace/ros_ur_driver/install/ur_dashboard_msgs/include/ur_dashboard_msgs/srv/detail/load__rosidl_typesupport_fastrtps_c.h
[9.742s] -- Up-to-date: /home/alvaro/workspace/ros_ur_driver/install/ur_dashboard_msgs/include/ur_dashboard_msgs/srv/detail/is_program_saved__rosidl_typesupport_fastrtps_c.h
[9.742s] -- Up-to-date: /home/alvaro/workspace/ros_ur_driver/install/ur_dashboard_msgs/include/ur_dashboard_msgs/srv/detail/get_robot_mode__rosidl_typesupport_fastrtps_c.h
[9.742s] -- Up-to-date: /home/alvaro/workspace/ros_ur_driver/install/ur_dashboard_msgs/include/ur_dashboard_msgs/srv/detail/get_program_state__rosidl_typesupport_fastrtps_c.h
[9.743s] -- Up-to-date: /home/alvaro/workspace/ros_ur_driver/install/ur_dashboard_msgs/include/ur_dashboard_msgs/srv/detail/raw_request__rosidl_typesupport_fastrtps_c.h
[9.743s] -- Up-to-date: /home/alvaro/workspace/ros_ur_driver/install/ur_dashboard_msgs/include/ur_dashboard_msgs/srv/detail/is_program_running__rosidl_typesupport_fastrtps_c.h
[9.743s] -- Up-to-date: /home/alvaro/workspace/ros_ur_driver/install/ur_dashboard_msgs/include/ur_dashboard_msgs/srv/detail/get_safety_mode__rosidl_typesupport_fastrtps_c.h
[9.743s] -- Up-to-date: /home/alvaro/workspace/ros_ur_driver/install/ur_dashboard_msgs/include/ur_dashboard_msgs/srv/detail/get_loaded_program__rosidl_typesupport_fastrtps_c.h
[9.743s] -- Up-to-date: /home/alvaro/workspace/ros_ur_driver/install/ur_dashboard_msgs/include/ur_dashboard_msgs/srv/detail/add_to_log__rosidl_typesupport_fastrtps_c.h
[9.743s] -- Up-to-date: /home/alvaro/workspace/ros_ur_driver/install/ur_dashboard_msgs/include/ur_dashboard_msgs/action
[9.743s] -- Up-to-date: /home/alvaro/workspace/ros_ur_driver/install/ur_dashboard_msgs/include/ur_dashboard_msgs/action/detail
[9.744s] -- Up-to-date: /home/alvaro/workspace/ros_ur_driver/install/ur_dashboard_msgs/include/ur_dashboard_msgs/action/detail/set_mode__rosidl_typesupport_fastrtps_c.h
[9.744s] -- Up-to-date: /home/alvaro/workspace/ros_ur_driver/install/ur_dashboard_msgs/include/ur_dashboard_msgs/msg
[9.744s] -- Up-to-date: /home/alvaro/workspace/ros_ur_driver/install/ur_dashboard_msgs/include/ur_dashboard_msgs/msg/rosidl_typesupport_fastrtps_c__visibility_control.h
[9.744s] -- Up-to-date: /home/alvaro/workspace/ros_ur_driver/install/ur_dashboard_msgs/include/ur_dashboard_msgs/msg/detail
[9.744s] -- Up-to-date: /home/alvaro/workspace/ros_ur_driver/install/ur_dashboard_msgs/include/ur_dashboard_msgs/msg/detail/safety_mode__rosidl_typesupport_fastrtps_c.h
[9.744s] -- Up-to-date: /home/alvaro/workspace/ros_ur_driver/install/ur_dashboard_msgs/include/ur_dashboard_msgs/msg/detail/program_state__rosidl_typesupport_fastrtps_c.h
[9.745s] -- Up-to-date: /home/alvaro/workspace/ros_ur_driver/install/ur_dashboard_msgs/include/ur_dashboard_msgs/msg/detail/robot_mode__rosidl_typesupport_fastrtps_c.h
[9.745s] -- Installing: /home/alvaro/workspace/ros_ur_driver/install/ur_dashboard_msgs/lib/libur_dashboard_msgs__rosidl_typesupport_fastrtps_c.so
[9.745s] -- Set runtime path of "/home/alvaro/workspace/ros_ur_driver/install/ur_dashboard_msgs/lib/libur_dashboard_msgs__rosidl_typesupport_fastrtps_c.so" to ""
[9.745s] -- Up-to-date: /home/alvaro/workspace/ros_ur_driver/install/ur_dashboard_msgs/include/ur_dashboard_msgs
[9.745s] -- Up-to-date: /home/alvaro/workspace/ros_ur_driver/install/ur_dashboard_msgs/include/ur_dashboard_msgs/srv
[9.745s] -- Up-to-date: /home/alvaro/workspace/ros_ur_driver/install/ur_dashboard_msgs/include/ur_dashboard_msgs/srv/detail
[9.745s] -- Up-to-date: /home/alvaro/workspace/ros_ur_driver/install/ur_dashboard_msgs/include/ur_dashboard_msgs/srv/detail/load__rosidl_typesupport_fastrtps_cpp.hpp
[9.746s] -- Up-to-date: /home/alvaro/workspace/ros_ur_driver/install/ur_dashboard_msgs/include/ur_dashboard_msgs/srv/detail/add_to_log__rosidl_typesupport_fastrtps_cpp.hpp
[9.746s] -- Up-to-date: /home/alvaro/workspace/ros_ur_driver/install/ur_dashboard_msgs/include/ur_dashboard_msgs/srv/detail/is_program_running__rosidl_typesupport_fastrtps_cpp.hpp
[9.746s] -- Up-to-date: /home/alvaro/workspace/ros_ur_driver/install/ur_dashboard_msgs/include/ur_dashboard_msgs/srv/detail/get_safety_mode__rosidl_typesupport_fastrtps_cpp.hpp
[9.746s] -- Up-to-date: /home/alvaro/workspace/ros_ur_driver/install/ur_dashboard_msgs/include/ur_dashboard_msgs/srv/detail/get_loaded_program__rosidl_typesupport_fastrtps_cpp.hpp
[9.746s] -- Up-to-date: /home/alvaro/workspace/ros_ur_driver/install/ur_dashboard_msgs/include/ur_dashboard_msgs/srv/detail/get_program_state__rosidl_typesupport_fastrtps_cpp.hpp
[9.746s] -- Installing: /home/alvaro/workspace/ros_ur_driver/install/ur_dashboard_msgs/include/ur_dashboard_msgs/srv/detail/dds_fastrtps
[9.747s] -- Up-to-date: /home/alvaro/workspace/ros_ur_driver/install/ur_dashboard_msgs/include/ur_dashboard_msgs/srv/detail/popup__rosidl_typesupport_fastrtps_cpp.hpp
[9.747s] -- Up-to-date: /home/alvaro/workspace/ros_ur_driver/install/ur_dashboard_msgs/include/ur_dashboard_msgs/srv/detail/is_program_saved__rosidl_typesupport_fastrtps_cpp.hpp
[9.747s] -- Up-to-date: /home/alvaro/workspace/ros_ur_driver/install/ur_dashboard_msgs/include/ur_dashboard_msgs/srv/detail/raw_request__rosidl_typesupport_fastrtps_cpp.hpp
[9.747s] -- Up-to-date: /home/alvaro/workspace/ros_ur_driver/install/ur_dashboard_msgs/include/ur_dashboard_msgs/srv/detail/get_robot_mode__rosidl_typesupport_fastrtps_cpp.hpp
[9.747s] -- Up-to-date: /home/alvaro/workspace/ros_ur_driver/install/ur_dashboard_msgs/include/ur_dashboard_msgs/action
[9.747s] -- Up-to-date: /home/alvaro/workspace/ros_ur_driver/install/ur_dashboard_msgs/include/ur_dashboard_msgs/action/detail
[9.747s] -- Installing: /home/alvaro/workspace/ros_ur_driver/install/ur_dashboard_msgs/include/ur_dashboard_msgs/action/detail/dds_fastrtps
[9.748s] -- Up-to-date: /home/alvaro/workspace/ros_ur_driver/install/ur_dashboard_msgs/include/ur_dashboard_msgs/action/detail/set_mode__rosidl_typesupport_fastrtps_cpp.hpp
[9.748s] -- Up-to-date: /home/alvaro/workspace/ros_ur_driver/install/ur_dashboard_msgs/include/ur_dashboard_msgs/msg
[9.748s] -- Up-to-date: /home/alvaro/workspace/ros_ur_driver/install/ur_dashboard_msgs/include/ur_dashboard_msgs/msg/rosidl_typesupport_fastrtps_cpp__visibility_control.h
[9.748s] -- Up-to-date: /home/alvaro/workspace/ros_ur_driver/install/ur_dashboard_msgs/include/ur_dashboard_msgs/msg/detail
[9.748s] -- Up-to-date: /home/alvaro/workspace/ros_ur_driver/install/ur_dashboard_msgs/include/ur_dashboard_msgs/msg/detail/robot_mode__rosidl_typesupport_fastrtps_cpp.hpp
[9.748s] -- Installing: /home/alvaro/workspace/ros_ur_driver/install/ur_dashboard_msgs/include/ur_dashboard_msgs/msg/detail/dds_fastrtps
[9.748s] -- Up-to-date: /home/alvaro/workspace/ros_ur_driver/install/ur_dashboard_msgs/include/ur_dashboard_msgs/msg/detail/safety_mode__rosidl_typesupport_fastrtps_cpp.hpp
[9.748s] -- Up-to-date: /home/alvaro/workspace/ros_ur_driver/install/ur_dashboard_msgs/include/ur_dashboard_msgs/msg/detail/program_state__rosidl_typesupport_fastrtps_cpp.hpp
[9.748s] -- Installing: /home/alvaro/workspace/ros_ur_driver/install/ur_dashboard_msgs/lib/libur_dashboard_msgs__rosidl_typesupport_fastrtps_cpp.so
[9.748s] -- Set runtime path of "/home/alvaro/workspace/ros_ur_driver/install/ur_dashboard_msgs/lib/libur_dashboard_msgs__rosidl_typesupport_fastrtps_cpp.so" to ""
[9.748s] -- Up-to-date: /home/alvaro/workspace/ros_ur_driver/install/ur_dashboard_msgs/include/ur_dashboard_msgs
[9.749s] -- Up-to-date: /home/alvaro/workspace/ros_ur_driver/install/ur_dashboard_msgs/include/ur_dashboard_msgs/srv
[9.749s] -- Up-to-date: /home/alvaro/workspace/ros_ur_driver/install/ur_dashboard_msgs/include/ur_dashboard_msgs/srv/detail
[9.749s] -- Up-to-date: /home/alvaro/workspace/ros_ur_driver/install/ur_dashboard_msgs/include/ur_dashboard_msgs/srv/detail/raw_request__rosidl_typesupport_introspection_c.h
[9.749s] -- Up-to-date: /home/alvaro/workspace/ros_ur_driver/install/ur_dashboard_msgs/include/ur_dashboard_msgs/srv/detail/load__rosidl_typesupport_introspection_c.h
[9.749s] -- Up-to-date: /home/alvaro/workspace/ros_ur_driver/install/ur_dashboard_msgs/include/ur_dashboard_msgs/srv/detail/is_program_running__rosidl_typesupport_introspection_c.h
[9.749s] -- Up-to-date: /home/alvaro/workspace/ros_ur_driver/install/ur_dashboard_msgs/include/ur_dashboard_msgs/srv/detail/popup__type_support.c
[9.749s] -- Up-to-date: /home/alvaro/workspace/ros_ur_driver/install/ur_dashboard_msgs/include/ur_dashboard_msgs/srv/detail/load__type_support.c
[9.749s] -- Up-to-date: /home/alvaro/workspace/ros_ur_driver/install/ur_dashboard_msgs/include/ur_dashboard_msgs/srv/detail/add_to_log__rosidl_typesupport_introspection_c.h
[9.749s] -- Up-to-date: /home/alvaro/workspace/ros_ur_driver/install/ur_dashboard_msgs/include/ur_dashboard_msgs/srv/detail/get_robot_mode__rosidl_typesupport_introspection_c.h
[9.749s] -- Up-to-date: /home/alvaro/workspace/ros_ur_driver/install/ur_dashboard_msgs/include/ur_dashboard_msgs/srv/detail/get_program_state__rosidl_typesupport_introspection_c.h
[9.749s] -- Up-to-date: /home/alvaro/workspace/ros_ur_driver/install/ur_dashboard_msgs/include/ur_dashboard_msgs/srv/detail/get_loaded_program__rosidl_typesupport_introspection_c.h
[9.749s] -- Up-to-date: /home/alvaro/workspace/ros_ur_driver/install/ur_dashboard_msgs/include/ur_dashboard_msgs/srv/detail/get_safety_mode__type_support.c
[9.749s] -- Up-to-date: /home/alvaro/workspace/ros_ur_driver/install/ur_dashboard_msgs/include/ur_dashboard_msgs/srv/detail/raw_request__type_support.c
[9.749s] -- Up-to-date: /home/alvaro/workspace/ros_ur_driver/install/ur_dashboard_msgs/include/ur_dashboard_msgs/srv/detail/is_program_saved__rosidl_typesupport_introspection_c.h
[9.749s] -- Up-to-date: /home/alvaro/workspace/ros_ur_driver/install/ur_dashboard_msgs/include/ur_dashboard_msgs/srv/detail/get_safety_mode__rosidl_typesupport_introspection_c.h
[9.749s] -- Up-to-date: /home/alvaro/workspace/ros_ur_driver/install/ur_dashboard_msgs/include/ur_dashboard_msgs/srv/detail/get_program_state__type_support.c
[9.749s] -- Up-to-date: /home/alvaro/workspace/ros_ur_driver/install/ur_dashboard_msgs/include/ur_dashboard_msgs/srv/detail/add_to_log__type_support.c
[9.749s] -- Up-to-date: /home/alvaro/workspace/ros_ur_driver/install/ur_dashboard_msgs/include/ur_dashboard_msgs/srv/detail/popup__rosidl_typesupport_introspection_c.h
[9.749s] -- Up-to-date: /home/alvaro/workspace/ros_ur_driver/install/ur_dashboard_msgs/include/ur_dashboard_msgs/srv/detail/is_program_saved__type_support.c
[9.749s] -- Up-to-date: /home/alvaro/workspace/ros_ur_driver/install/ur_dashboard_msgs/include/ur_dashboard_msgs/srv/detail/get_robot_mode__type_support.c
[9.750s] -- Up-to-date: /home/alvaro/workspace/ros_ur_driver/install/ur_dashboard_msgs/include/ur_dashboard_msgs/srv/detail/get_loaded_program__type_support.c
[9.750s] -- Up-to-date: /home/alvaro/workspace/ros_ur_driver/install/ur_dashboard_msgs/include/ur_dashboard_msgs/srv/detail/is_program_running__type_support.c
[9.750s] -- Up-to-date: /home/alvaro/workspace/ros_ur_driver/install/ur_dashboard_msgs/include/ur_dashboard_msgs/action
[9.750s] -- Up-to-date: /home/alvaro/workspace/ros_ur_driver/install/ur_dashboard_msgs/include/ur_dashboard_msgs/action/detail
[9.750s] -- Up-to-date: /home/alvaro/workspace/ros_ur_driver/install/ur_dashboard_msgs/include/ur_dashboard_msgs/action/detail/set_mode__type_support.c
[9.750s] -- Up-to-date: /home/alvaro/workspace/ros_ur_driver/install/ur_dashboard_msgs/include/ur_dashboard_msgs/action/detail/set_mode__rosidl_typesupport_introspection_c.h
[9.750s] -- Up-to-date: /home/alvaro/workspace/ros_ur_driver/install/ur_dashboard_msgs/include/ur_dashboard_msgs/msg
[9.750s] -- Up-to-date: /home/alvaro/workspace/ros_ur_driver/install/ur_dashboard_msgs/include/ur_dashboard_msgs/msg/rosidl_typesupport_introspection_c__visibility_control.h
[9.750s] -- Up-to-date: /home/alvaro/workspace/ros_ur_driver/install/ur_dashboard_msgs/include/ur_dashboard_msgs/msg/detail
[9.750s] -- Up-to-date: /home/alvaro/workspace/ros_ur_driver/install/ur_dashboard_msgs/include/ur_dashboard_msgs/msg/detail/robot_mode__type_support.c
[9.750s] -- Up-to-date: /home/alvaro/workspace/ros_ur_driver/install/ur_dashboard_msgs/include/ur_dashboard_msgs/msg/detail/safety_mode__rosidl_typesupport_introspection_c.h
[9.750s] -- Up-to-date: /home/alvaro/workspace/ros_ur_driver/install/ur_dashboard_msgs/include/ur_dashboard_msgs/msg/detail/program_state__type_support.c
[9.750s] -- Up-to-date: /home/alvaro/workspace/ros_ur_driver/install/ur_dashboard_msgs/include/ur_dashboard_msgs/msg/detail/safety_mode__type_support.c
[9.750s] -- Up-to-date: /home/alvaro/workspace/ros_ur_driver/install/ur_dashboard_msgs/include/ur_dashboard_msgs/msg/detail/program_state__rosidl_typesupport_introspection_c.h
[9.750s] -- Up-to-date: /home/alvaro/workspace/ros_ur_driver/install/ur_dashboard_msgs/include/ur_dashboard_msgs/msg/detail/robot_mode__rosidl_typesupport_introspection_c.h
[9.750s] -- Installing: /home/alvaro/workspace/ros_ur_driver/install/ur_dashboard_msgs/lib/libur_dashboard_msgs__rosidl_typesupport_introspection_c.so
[9.750s] -- Set runtime path of "/home/alvaro/workspace/ros_ur_driver/install/ur_dashboard_msgs/lib/libur_dashboard_msgs__rosidl_typesupport_introspection_c.so" to ""
[9.750s] -- Installing: /home/alvaro/workspace/ros_ur_driver/install/ur_dashboard_msgs/lib/libur_dashboard_msgs__rosidl_typesupport_c.so
[9.750s] -- Set runtime path of "/home/alvaro/workspace/ros_ur_driver/install/ur_dashboard_msgs/lib/libur_dashboard_msgs__rosidl_typesupport_c.so" to ""
[9.750s] -- Up-to-date: /home/alvaro/workspace/ros_ur_driver/install/ur_dashboard_msgs/include/ur_dashboard_msgs
[9.750s] -- Up-to-date: /home/alvaro/workspace/ros_ur_driver/install/ur_dashboard_msgs/include/ur_dashboard_msgs/srv
[9.751s] -- Up-to-date: /home/alvaro/workspace/ros_ur_driver/install/ur_dashboard_msgs/include/ur_dashboard_msgs/srv/get_robot_mode.hpp
[9.751s] -- Up-to-date: /home/alvaro/workspace/ros_ur_driver/install/ur_dashboard_msgs/include/ur_dashboard_msgs/srv/get_safety_mode.hpp
[9.751s] -- Up-to-date: /home/alvaro/workspace/ros_ur_driver/install/ur_dashboard_msgs/include/ur_dashboard_msgs/srv/get_program_state.hpp
[9.751s] -- Up-to-date: /home/alvaro/workspace/ros_ur_driver/install/ur_dashboard_msgs/include/ur_dashboard_msgs/srv/raw_request.hpp
[9.751s] -- Up-to-date: /home/alvaro/workspace/ros_ur_driver/install/ur_dashboard_msgs/include/ur_dashboard_msgs/srv/is_program_running.hpp
[9.751s] -- Up-to-date: /home/alvaro/workspace/ros_ur_driver/install/ur_dashboard_msgs/include/ur_dashboard_msgs/srv/popup.hpp
[9.751s] -- Up-to-date: /home/alvaro/workspace/ros_ur_driver/install/ur_dashboard_msgs/include/ur_dashboard_msgs/srv/get_loaded_program.hpp
[9.751s] -- Up-to-date: /home/alvaro/workspace/ros_ur_driver/install/ur_dashboard_msgs/include/ur_dashboard_msgs/srv/load.hpp
[9.751s] -- Up-to-date: /home/alvaro/workspace/ros_ur_driver/install/ur_dashboard_msgs/include/ur_dashboard_msgs/srv/add_to_log.hpp
[9.751s] -- Up-to-date: /home/alvaro/workspace/ros_ur_driver/install/ur_dashboard_msgs/include/ur_dashboard_msgs/srv/is_program_saved.hpp
[9.751s] -- Up-to-date: /home/alvaro/workspace/ros_ur_driver/install/ur_dashboard_msgs/include/ur_dashboard_msgs/srv/detail
[9.751s] -- Up-to-date: /home/alvaro/workspace/ros_ur_driver/install/ur_dashboard_msgs/include/ur_dashboard_msgs/srv/detail/get_robot_mode__type_support.hpp
[9.751s] -- Up-to-date: /home/alvaro/workspace/ros_ur_driver/install/ur_dashboard_msgs/include/ur_dashboard_msgs/srv/detail/get_program_state__traits.hpp
[9.751s] -- Up-to-date: /home/alvaro/workspace/ros_ur_driver/install/ur_dashboard_msgs/include/ur_dashboard_msgs/srv/detail/get_loaded_program__struct.hpp
[9.751s] -- Up-to-date: /home/alvaro/workspace/ros_ur_driver/install/ur_dashboard_msgs/include/ur_dashboard_msgs/srv/detail/raw_request__struct.hpp
[9.751s] -- Up-to-date: /home/alvaro/workspace/ros_ur_driver/install/ur_dashboard_msgs/include/ur_dashboard_msgs/srv/detail/add_to_log__struct.hpp
[9.751s] -- Up-to-date: /home/alvaro/workspace/ros_ur_driver/install/ur_dashboard_msgs/include/ur_dashboard_msgs/srv/detail/is_program_running__type_support.hpp
[9.751s] -- Up-to-date: /home/alvaro/workspace/ros_ur_driver/install/ur_dashboard_msgs/include/ur_dashboard_msgs/srv/detail/is_program_saved__builder.hpp
[9.751s] -- Up-to-date: /home/alvaro/workspace/ros_ur_driver/install/ur_dashboard_msgs/include/ur_dashboard_msgs/srv/detail/get_safety_mode__builder.hpp
[9.751s] -- Up-to-date: /home/alvaro/workspace/ros_ur_driver/install/ur_dashboard_msgs/include/ur_dashboard_msgs/srv/detail/add_to_log__builder.hpp
[9.752s] -- Up-to-date: /home/alvaro/workspace/ros_ur_driver/install/ur_dashboard_msgs/include/ur_dashboard_msgs/srv/detail/get_safety_mode__type_support.hpp
[9.752s] -- Up-to-date: /home/alvaro/workspace/ros_ur_driver/install/ur_dashboard_msgs/include/ur_dashboard_msgs/srv/detail/popup__struct.hpp
[9.752s] -- Up-to-date: /home/alvaro/workspace/ros_ur_driver/install/ur_dashboard_msgs/include/ur_dashboard_msgs/srv/detail/add_to_log__traits.hpp
[9.752s] -- Up-to-date: /home/alvaro/workspace/ros_ur_driver/install/ur_dashboard_msgs/include/ur_dashboard_msgs/srv/detail/is_program_saved__traits.hpp
[9.752s] -- Up-to-date: /home/alvaro/workspace/ros_ur_driver/install/ur_dashboard_msgs/include/ur_dashboard_msgs/srv/detail/load__traits.hpp
[9.752s] -- Up-to-date: /home/alvaro/workspace/ros_ur_driver/install/ur_dashboard_msgs/include/ur_dashboard_msgs/srv/detail/get_safety_mode__struct.hpp
[9.752s] -- Up-to-date: /home/alvaro/workspace/ros_ur_driver/install/ur_dashboard_msgs/include/ur_dashboard_msgs/srv/detail/popup__type_support.hpp
[9.752s] -- Up-to-date: /home/alvaro/workspace/ros_ur_driver/install/ur_dashboard_msgs/include/ur_dashboard_msgs/srv/detail/load__type_support.hpp
[9.752s] -- Up-to-date: /home/alvaro/workspace/ros_ur_driver/install/ur_dashboard_msgs/include/ur_dashboard_msgs/srv/detail/raw_request__traits.hpp
[9.752s] -- Up-to-date: /home/alvaro/workspace/ros_ur_driver/install/ur_dashboard_msgs/include/ur_dashboard_msgs/srv/detail/get_robot_mode__struct.hpp
[9.752s] -- Up-to-date: /home/alvaro/workspace/ros_ur_driver/install/ur_dashboard_msgs/include/ur_dashboard_msgs/srv/detail/get_safety_mode__traits.hpp
[9.752s] -- Up-to-date: /home/alvaro/workspace/ros_ur_driver/install/ur_dashboard_msgs/include/ur_dashboard_msgs/srv/detail/get_loaded_program__builder.hpp
[9.752s] -- Up-to-date: /home/alvaro/workspace/ros_ur_driver/install/ur_dashboard_msgs/include/ur_dashboard_msgs/srv/detail/get_program_state__builder.hpp
[9.752s] -- Up-to-date: /home/alvaro/workspace/ros_ur_driver/install/ur_dashboard_msgs/include/ur_dashboard_msgs/srv/detail/get_program_state__struct.hpp
[9.752s] -- Up-to-date: /home/alvaro/workspace/ros_ur_driver/install/ur_dashboard_msgs/include/ur_dashboard_msgs/srv/detail/get_loaded_program__type_support.hpp
[9.752s] -- Up-to-date: /home/alvaro/workspace/ros_ur_driver/install/ur_dashboard_msgs/include/ur_dashboard_msgs/srv/detail/is_program_running__builder.hpp
[9.752s] -- Up-to-date: /home/alvaro/workspace/ros_ur_driver/install/ur_dashboard_msgs/include/ur_dashboard_msgs/srv/detail/get_robot_mode__builder.hpp
[9.752s] -- Up-to-date: /home/alvaro/workspace/ros_ur_driver/install/ur_dashboard_msgs/include/ur_dashboard_msgs/srv/detail/load__struct.hpp
[9.752s] -- Up-to-date: /home/alvaro/workspace/ros_ur_driver/install/ur_dashboard_msgs/include/ur_dashboard_msgs/srv/detail/is_program_saved__struct.hpp
[9.752s] -- Up-to-date: /home/alvaro/workspace/ros_ur_driver/install/ur_dashboard_msgs/include/ur_dashboard_msgs/srv/detail/raw_request__type_support.hpp
[9.752s] -- Up-to-date: /home/alvaro/workspace/ros_ur_driver/install/ur_dashboard_msgs/include/ur_dashboard_msgs/srv/detail/popup__builder.hpp
[9.753s] -- Up-to-date: /home/alvaro/workspace/ros_ur_driver/install/ur_dashboard_msgs/include/ur_dashboard_msgs/srv/detail/popup__traits.hpp
[9.753s] -- Up-to-date: /home/alvaro/workspace/ros_ur_driver/install/ur_dashboard_msgs/include/ur_dashboard_msgs/srv/detail/is_program_running__traits.hpp
[9.753s] -- Up-to-date: /home/alvaro/workspace/ros_ur_driver/install/ur_dashboard_msgs/include/ur_dashboard_msgs/srv/detail/raw_request__builder.hpp
[9.753s] -- Up-to-date: /home/alvaro/workspace/ros_ur_driver/install/ur_dashboard_msgs/include/ur_dashboard_msgs/srv/detail/add_to_log__type_support.hpp
[9.753s] -- Up-to-date: /home/alvaro/workspace/ros_ur_driver/install/ur_dashboard_msgs/include/ur_dashboard_msgs/srv/detail/load__builder.hpp
[9.753s] -- Up-to-date: /home/alvaro/workspace/ros_ur_driver/install/ur_dashboard_msgs/include/ur_dashboard_msgs/srv/detail/get_program_state__type_support.hpp
[9.753s] -- Up-to-date: /home/alvaro/workspace/ros_ur_driver/install/ur_dashboard_msgs/include/ur_dashboard_msgs/srv/detail/get_loaded_program__traits.hpp
[9.753s] -- Up-to-date: /home/alvaro/workspace/ros_ur_driver/install/ur_dashboard_msgs/include/ur_dashboard_msgs/srv/detail/get_robot_mode__traits.hpp
[9.753s] -- Up-to-date: /home/alvaro/workspace/ros_ur_driver/install/ur_dashboard_msgs/include/ur_dashboard_msgs/srv/detail/is_program_saved__type_support.hpp
[9.753s] -- Up-to-date: /home/alvaro/workspace/ros_ur_driver/install/ur_dashboard_msgs/include/ur_dashboard_msgs/srv/detail/is_program_running__struct.hpp
[9.753s] -- Up-to-date: /home/alvaro/workspace/ros_ur_driver/install/ur_dashboard_msgs/include/ur_dashboard_msgs/action
[9.753s] -- Up-to-date: /home/alvaro/workspace/ros_ur_driver/install/ur_dashboard_msgs/include/ur_dashboard_msgs/action/set_mode.hpp
[9.753s] -- Up-to-date: /home/alvaro/workspace/ros_ur_driver/install/ur_dashboard_msgs/include/ur_dashboard_msgs/action/detail
[9.753s] -- Up-to-date: /home/alvaro/workspace/ros_ur_driver/install/ur_dashboard_msgs/include/ur_dashboard_msgs/action/detail/set_mode__type_support.hpp
[9.753s] -- Up-to-date: /home/alvaro/workspace/ros_ur_driver/install/ur_dashboard_msgs/include/ur_dashboard_msgs/action/detail/set_mode__struct.hpp
[9.753s] -- Up-to-date: /home/alvaro/workspace/ros_ur_driver/install/ur_dashboard_msgs/include/ur_dashboard_msgs/action/detail/set_mode__builder.hpp
[9.753s] -- Up-to-date: /home/alvaro/workspace/ros_ur_driver/install/ur_dashboard_msgs/include/ur_dashboard_msgs/action/detail/set_mode__traits.hpp
[9.753s] -- Up-to-date: /home/alvaro/workspace/ros_ur_driver/install/ur_dashboard_msgs/include/ur_dashboard_msgs/msg
[9.753s] -- Up-to-date: /home/alvaro/workspace/ros_ur_driver/install/ur_dashboard_msgs/include/ur_dashboard_msgs/msg/rosidl_generator_cpp__visibility_control.hpp
[9.753s] -- Up-to-date: /home/alvaro/workspace/ros_ur_driver/install/ur_dashboard_msgs/include/ur_dashboard_msgs/msg/safety_mode.hpp
[9.754s] -- Up-to-date: /home/alvaro/workspace/ros_ur_driver/install/ur_dashboard_msgs/include/ur_dashboard_msgs/msg/program_state.hpp
[9.754s] -- Up-to-date: /home/alvaro/workspace/ros_ur_driver/install/ur_dashboard_msgs/include/ur_dashboard_msgs/msg/robot_mode.hpp
[9.754s] -- Up-to-date: /home/alvaro/workspace/ros_ur_driver/install/ur_dashboard_msgs/include/ur_dashboard_msgs/msg/detail
[9.754s] -- Up-to-date: /home/alvaro/workspace/ros_ur_driver/install/ur_dashboard_msgs/include/ur_dashboard_msgs/msg/detail/safety_mode__type_support.hpp
[9.754s] -- Up-to-date: /home/alvaro/workspace/ros_ur_driver/install/ur_dashboard_msgs/include/ur_dashboard_msgs/msg/detail/robot_mode__struct.hpp
[9.754s] -- Up-to-date: /home/alvaro/workspace/ros_ur_driver/install/ur_dashboard_msgs/include/ur_dashboard_msgs/msg/detail/program_state__struct.hpp
[9.754s] -- Up-to-date: /home/alvaro/workspace/ros_ur_driver/install/ur_dashboard_msgs/include/ur_dashboard_msgs/msg/detail/safety_mode__builder.hpp
[9.754s] -- Up-to-date: /home/alvaro/workspace/ros_ur_driver/install/ur_dashboard_msgs/include/ur_dashboard_msgs/msg/detail/program_state__type_support.hpp
[9.754s] -- Up-to-date: /home/alvaro/workspace/ros_ur_driver/install/ur_dashboard_msgs/include/ur_dashboard_msgs/msg/detail/robot_mode__builder.hpp
[9.754s] -- Up-to-date: /home/alvaro/workspace/ros_ur_driver/install/ur_dashboard_msgs/include/ur_dashboard_msgs/msg/detail/robot_mode__traits.hpp
[9.754s] -- Up-to-date: /home/alvaro/workspace/ros_ur_driver/install/ur_dashboard_msgs/include/ur_dashboard_msgs/msg/detail/safety_mode__struct.hpp
[9.754s] -- Up-to-date: /home/alvaro/workspace/ros_ur_driver/install/ur_dashboard_msgs/include/ur_dashboard_msgs/msg/detail/safety_mode__traits.hpp
[9.754s] -- Up-to-date: /home/alvaro/workspace/ros_ur_driver/install/ur_dashboard_msgs/include/ur_dashboard_msgs/msg/detail/program_state__builder.hpp
[9.754s] -- Up-to-date: /home/alvaro/workspace/ros_ur_driver/install/ur_dashboard_msgs/include/ur_dashboard_msgs/msg/detail/program_state__traits.hpp
[9.754s] -- Up-to-date: /home/alvaro/workspace/ros_ur_driver/install/ur_dashboard_msgs/include/ur_dashboard_msgs/msg/detail/robot_mode__type_support.hpp
[9.754s] -- Up-to-date: /home/alvaro/workspace/ros_ur_driver/install/ur_dashboard_msgs/include/ur_dashboard_msgs
[9.754s] -- Up-to-date: /home/alvaro/workspace/ros_ur_driver/install/ur_dashboard_msgs/include/ur_dashboard_msgs/srv
[9.754s] -- Up-to-date: /home/alvaro/workspace/ros_ur_driver/install/ur_dashboard_msgs/include/ur_dashboard_msgs/srv/detail
[9.755s] -- Up-to-date: /home/alvaro/workspace/ros_ur_driver/install/ur_dashboard_msgs/include/ur_dashboard_msgs/srv/detail/is_program_saved__type_support.cpp
[9.755s] -- Up-to-date: /home/alvaro/workspace/ros_ur_driver/install/ur_dashboard_msgs/include/ur_dashboard_msgs/srv/detail/popup__type_support.cpp
[9.755s] -- Up-to-date: /home/alvaro/workspace/ros_ur_driver/install/ur_dashboard_msgs/include/ur_dashboard_msgs/srv/detail/load__rosidl_typesupport_introspection_cpp.hpp
[9.755s] -- Up-to-date: /home/alvaro/workspace/ros_ur_driver/install/ur_dashboard_msgs/include/ur_dashboard_msgs/srv/detail/popup__rosidl_typesupport_introspection_cpp.hpp
[9.755s] -- Up-to-date: /home/alvaro/workspace/ros_ur_driver/install/ur_dashboard_msgs/include/ur_dashboard_msgs/srv/detail/load__type_support.cpp
[9.755s] -- Up-to-date: /home/alvaro/workspace/ros_ur_driver/install/ur_dashboard_msgs/include/ur_dashboard_msgs/srv/detail/is_program_running__type_support.cpp
[9.755s] -- Up-to-date: /home/alvaro/workspace/ros_ur_driver/install/ur_dashboard_msgs/include/ur_dashboard_msgs/srv/detail/get_safety_mode__rosidl_typesupport_introspection_cpp.hpp
[9.755s] -- Up-to-date: /home/alvaro/workspace/ros_ur_driver/install/ur_dashboard_msgs/include/ur_dashboard_msgs/srv/detail/get_program_state__type_support.cpp
[9.755s] -- Up-to-date: /home/alvaro/workspace/ros_ur_driver/install/ur_dashboard_msgs/include/ur_dashboard_msgs/srv/detail/get_robot_mode__type_support.cpp
[9.755s] -- Up-to-date: /home/alvaro/workspace/ros_ur_driver/install/ur_dashboard_msgs/include/ur_dashboard_msgs/srv/detail/add_to_log__rosidl_typesupport_introspection_cpp.hpp
[9.755s] -- Up-to-date: /home/alvaro/workspace/ros_ur_driver/install/ur_dashboard_msgs/include/ur_dashboard_msgs/srv/detail/get_program_state__rosidl_typesupport_introspection_cpp.hpp
[9.755s] -- Up-to-date: /home/alvaro/workspace/ros_ur_driver/install/ur_dashboard_msgs/include/ur_dashboard_msgs/srv/detail/raw_request__rosidl_typesupport_introspection_cpp.hpp
[9.755s] -- Up-to-date: /home/alvaro/workspace/ros_ur_driver/install/ur_dashboard_msgs/include/ur_dashboard_msgs/srv/detail/add_to_log__type_support.cpp
[9.755s] -- Up-to-date: /home/alvaro/workspace/ros_ur_driver/install/ur_dashboard_msgs/include/ur_dashboard_msgs/srv/detail/get_safety_mode__type_support.cpp
[9.755s] -- Up-to-date: /home/alvaro/workspace/ros_ur_driver/install/ur_dashboard_msgs/include/ur_dashboard_msgs/srv/detail/is_program_running__rosidl_typesupport_introspection_cpp.hpp
[9.755s] -- Up-to-date: /home/alvaro/workspace/ros_ur_driver/install/ur_dashboard_msgs/include/ur_dashboard_msgs/srv/detail/get_robot_mode__rosidl_typesupport_introspection_cpp.hpp
[9.755s] -- Up-to-date: /home/alvaro/workspace/ros_ur_driver/install/ur_dashboard_msgs/include/ur_dashboard_msgs/srv/detail/get_loaded_program__rosidl_typesupport_introspection_cpp.hpp
[9.755s] -- Up-to-date: /home/alvaro/workspace/ros_ur_driver/install/ur_dashboard_msgs/include/ur_dashboard_msgs/srv/detail/get_loaded_program__type_support.cpp
[9.755s] -- Up-to-date: /home/alvaro/workspace/ros_ur_driver/install/ur_dashboard_msgs/include/ur_dashboard_msgs/srv/detail/is_program_saved__rosidl_typesupport_introspection_cpp.hpp
[9.755s] -- Up-to-date: /home/alvaro/workspace/ros_ur_driver/install/ur_dashboard_msgs/include/ur_dashboard_msgs/srv/detail/raw_request__type_support.cpp
[9.755s] -- Up-to-date: /home/alvaro/workspace/ros_ur_driver/install/ur_dashboard_msgs/include/ur_dashboard_msgs/action
[9.756s] -- Up-to-date: /home/alvaro/workspace/ros_ur_driver/install/ur_dashboard_msgs/include/ur_dashboard_msgs/action/detail
[9.756s] -- Up-to-date: /home/alvaro/workspace/ros_ur_driver/install/ur_dashboard_msgs/include/ur_dashboard_msgs/action/detail/set_mode__type_support.cpp
[9.756s] -- Up-to-date: /home/alvaro/workspace/ros_ur_driver/install/ur_dashboard_msgs/include/ur_dashboard_msgs/action/detail/set_mode__rosidl_typesupport_introspection_cpp.hpp
[9.756s] -- Up-to-date: /home/alvaro/workspace/ros_ur_driver/install/ur_dashboard_msgs/include/ur_dashboard_msgs/msg
[9.756s] -- Up-to-date: /home/alvaro/workspace/ros_ur_driver/install/ur_dashboard_msgs/include/ur_dashboard_msgs/msg/detail
[9.756s] -- Up-to-date: /home/alvaro/workspace/ros_ur_driver/install/ur_dashboard_msgs/include/ur_dashboard_msgs/msg/detail/safety_mode__type_support.cpp
[9.756s] -- Up-to-date: /home/alvaro/workspace/ros_ur_driver/install/ur_dashboard_msgs/include/ur_dashboard_msgs/msg/detail/program_state__type_support.cpp
[9.756s] -- Up-to-date: /home/alvaro/workspace/ros_ur_driver/install/ur_dashboard_msgs/include/ur_dashboard_msgs/msg/detail/safety_mode__rosidl_typesupport_introspection_cpp.hpp
[9.756s] -- Up-to-date: /home/alvaro/workspace/ros_ur_driver/install/ur_dashboard_msgs/include/ur_dashboard_msgs/msg/detail/robot_mode__type_support.cpp
[9.756s] -- Up-to-date: /home/alvaro/workspace/ros_ur_driver/install/ur_dashboard_msgs/include/ur_dashboard_msgs/msg/detail/program_state__rosidl_typesupport_introspection_cpp.hpp
[9.756s] -- Up-to-date: /home/alvaro/workspace/ros_ur_driver/install/ur_dashboard_msgs/include/ur_dashboard_msgs/msg/detail/robot_mode__rosidl_typesupport_introspection_cpp.hpp
[9.756s] -- Installing: /home/alvaro/workspace/ros_ur_driver/install/ur_dashboard_msgs/lib/libur_dashboard_msgs__rosidl_typesupport_introspection_cpp.so
[9.756s] -- Set runtime path of "/home/alvaro/workspace/ros_ur_driver/install/ur_dashboard_msgs/lib/libur_dashboard_msgs__rosidl_typesupport_introspection_cpp.so" to ""
[9.756s] -- Installing: /home/alvaro/workspace/ros_ur_driver/install/ur_dashboard_msgs/lib/libur_dashboard_msgs__rosidl_typesupport_cpp.so
[9.756s] -- Set runtime path of "/home/alvaro/workspace/ros_ur_driver/install/ur_dashboard_msgs/lib/libur_dashboard_msgs__rosidl_typesupport_cpp.so" to ""
[9.756s] -- Up-to-date: /home/alvaro/workspace/ros_ur_driver/install/ur_dashboard_msgs/share/ur_dashboard_msgs/environment/pythonpath.sh
[9.756s] -- Installing: /home/alvaro/workspace/ros_ur_driver/install/ur_dashboard_msgs/share/ur_dashboard_msgs/environment/pythonpath.dsv
[9.756s] -- Installing: /home/alvaro/workspace/ros_ur_driver/install/ur_dashboard_msgs/lib/python3.8/site-packages/ur_dashboard_msgs/__init__.py
[9.776s] Compiling '/home/alvaro/workspace/ros_ur_driver/install/ur_dashboard_msgs/lib/python3.8/site-packages/ur_dashboard_msgs/__init__.py'...
[9.780s] -- Up-to-date: /home/alvaro/workspace/ros_ur_driver/install/ur_dashboard_msgs/lib/python3.8/site-packages/ur_dashboard_msgs/msg
[9.780s] -- Up-to-date: /home/alvaro/workspace/ros_ur_driver/install/ur_dashboard_msgs/lib/python3.8/site-packages/ur_dashboard_msgs/msg/_program_state.py
[9.780s] -- Up-to-date: /home/alvaro/workspace/ros_ur_driver/install/ur_dashboard_msgs/lib/python3.8/site-packages/ur_dashboard_msgs/msg/_program_state_s.c
[9.780s] -- Up-to-date: /home/alvaro/workspace/ros_ur_driver/install/ur_dashboard_msgs/lib/python3.8/site-packages/ur_dashboard_msgs/msg/_safety_mode_s.c
[9.780s] -- Up-to-date: /home/alvaro/workspace/ros_ur_driver/install/ur_dashboard_msgs/lib/python3.8/site-packages/ur_dashboard_msgs/msg/_robot_mode.py
[9.780s] -- Up-to-date: /home/alvaro/workspace/ros_ur_driver/install/ur_dashboard_msgs/lib/python3.8/site-packages/ur_dashboard_msgs/msg/_robot_mode_s.c
[9.781s] -- Up-to-date: /home/alvaro/workspace/ros_ur_driver/install/ur_dashboard_msgs/lib/python3.8/site-packages/ur_dashboard_msgs/msg/_safety_mode.py
[9.781s] -- Up-to-date: /home/alvaro/workspace/ros_ur_driver/install/ur_dashboard_msgs/lib/python3.8/site-packages/ur_dashboard_msgs/msg/__init__.py
[9.781s] -- Up-to-date: /home/alvaro/workspace/ros_ur_driver/install/ur_dashboard_msgs/lib/python3.8/site-packages/ur_dashboard_msgs/srv
[9.781s] -- Up-to-date: /home/alvaro/workspace/ros_ur_driver/install/ur_dashboard_msgs/lib/python3.8/site-packages/ur_dashboard_msgs/srv/_popup_s.c
[9.781s] -- Up-to-date: /home/alvaro/workspace/ros_ur_driver/install/ur_dashboard_msgs/lib/python3.8/site-packages/ur_dashboard_msgs/srv/_get_loaded_program_s.c
[9.781s] -- Up-to-date: /home/alvaro/workspace/ros_ur_driver/install/ur_dashboard_msgs/lib/python3.8/site-packages/ur_dashboard_msgs/srv/_is_program_saved_s.c
[9.781s] -- Up-to-date: /home/alvaro/workspace/ros_ur_driver/install/ur_dashboard_msgs/lib/python3.8/site-packages/ur_dashboard_msgs/srv/_get_program_state_s.c
[9.782s] -- Up-to-date: /home/alvaro/workspace/ros_ur_driver/install/ur_dashboard_msgs/lib/python3.8/site-packages/ur_dashboard_msgs/srv/_get_program_state.py
[9.782s] -- Up-to-date: /home/alvaro/workspace/ros_ur_driver/install/ur_dashboard_msgs/lib/python3.8/site-packages/ur_dashboard_msgs/srv/_get_robot_mode_s.c
[9.782s] -- Up-to-date: /home/alvaro/workspace/ros_ur_driver/install/ur_dashboard_msgs/lib/python3.8/site-packages/ur_dashboard_msgs/srv/_is_program_running_s.c
[9.782s] -- Up-to-date: /home/alvaro/workspace/ros_ur_driver/install/ur_dashboard_msgs/lib/python3.8/site-packages/ur_dashboard_msgs/srv/_get_safety_mode_s.c
[9.782s] -- Up-to-date: /home/alvaro/workspace/ros_ur_driver/install/ur_dashboard_msgs/lib/python3.8/site-packages/ur_dashboard_msgs/srv/_load.py
[9.782s] -- Up-to-date: /home/alvaro/workspace/ros_ur_driver/install/ur_dashboard_msgs/lib/python3.8/site-packages/ur_dashboard_msgs/srv/_is_program_saved.py
[9.782s] -- Up-to-date: /home/alvaro/workspace/ros_ur_driver/install/ur_dashboard_msgs/lib/python3.8/site-packages/ur_dashboard_msgs/srv/_get_robot_mode.py
[9.782s] -- Up-to-date: /home/alvaro/workspace/ros_ur_driver/install/ur_dashboard_msgs/lib/python3.8/site-packages/ur_dashboard_msgs/srv/_is_program_running.py
[9.782s] -- Up-to-date: /home/alvaro/workspace/ros_ur_driver/install/ur_dashboard_msgs/lib/python3.8/site-packages/ur_dashboard_msgs/srv/_add_to_log_s.c
[9.783s] -- Up-to-date: /home/alvaro/workspace/ros_ur_driver/install/ur_dashboard_msgs/lib/python3.8/site-packages/ur_dashboard_msgs/srv/_popup.py
[9.783s] -- Up-to-date: /home/alvaro/workspace/ros_ur_driver/install/ur_dashboard_msgs/lib/python3.8/site-packages/ur_dashboard_msgs/srv/_raw_request.py
[9.783s] -- Up-to-date: /home/alvaro/workspace/ros_ur_driver/install/ur_dashboard_msgs/lib/python3.8/site-packages/ur_dashboard_msgs/srv/_load_s.c
[9.783s] -- Up-to-date: /home/alvaro/workspace/ros_ur_driver/install/ur_dashboard_msgs/lib/python3.8/site-packages/ur_dashboard_msgs/srv/_get_loaded_program.py
[9.783s] -- Up-to-date: /home/alvaro/workspace/ros_ur_driver/install/ur_dashboard_msgs/lib/python3.8/site-packages/ur_dashboard_msgs/srv/_raw_request_s.c
[9.783s] -- Up-to-date: /home/alvaro/workspace/ros_ur_driver/install/ur_dashboard_msgs/lib/python3.8/site-packages/ur_dashboard_msgs/srv/_get_safety_mode.py
[9.783s] -- Up-to-date: /home/alvaro/workspace/ros_ur_driver/install/ur_dashboard_msgs/lib/python3.8/site-packages/ur_dashboard_msgs/srv/_add_to_log.py
[9.783s] -- Up-to-date: /home/alvaro/workspace/ros_ur_driver/install/ur_dashboard_msgs/lib/python3.8/site-packages/ur_dashboard_msgs/srv/__init__.py
[9.784s] -- Up-to-date: /home/alvaro/workspace/ros_ur_driver/install/ur_dashboard_msgs/lib/python3.8/site-packages/ur_dashboard_msgs/action
[9.784s] -- Up-to-date: /home/alvaro/workspace/ros_ur_driver/install/ur_dashboard_msgs/lib/python3.8/site-packages/ur_dashboard_msgs/action/_set_mode.py
[9.784s] -- Up-to-date: /home/alvaro/workspace/ros_ur_driver/install/ur_dashboard_msgs/lib/python3.8/site-packages/ur_dashboard_msgs/action/_set_mode_s.c
[9.784s] -- Up-to-date: /home/alvaro/workspace/ros_ur_driver/install/ur_dashboard_msgs/lib/python3.8/site-packages/ur_dashboard_msgs/action/__init__.py
[9.784s] -- Installing: /home/alvaro/workspace/ros_ur_driver/install/ur_dashboard_msgs/lib/python3.8/site-packages/ur_dashboard_msgs/ur_dashboard_msgs_s__rosidl_typesupport_fastrtps_c.cpython-38-x86_64-linux-gnu.so
[9.784s] -- Set runtime path of "/home/alvaro/workspace/ros_ur_driver/install/ur_dashboard_msgs/lib/python3.8/site-packages/ur_dashboard_msgs/ur_dashboard_msgs_s__rosidl_typesupport_fastrtps_c.cpython-38-x86_64-linux-gnu.so" to ""
[9.784s] -- Installing: /home/alvaro/workspace/ros_ur_driver/install/ur_dashboard_msgs/lib/python3.8/site-packages/ur_dashboard_msgs/ur_dashboard_msgs_s__rosidl_typesupport_introspection_c.cpython-38-x86_64-linux-gnu.so
[9.786s] -- Set runtime path of "/home/alvaro/workspace/ros_ur_driver/install/ur_dashboard_msgs/lib/python3.8/site-packages/ur_dashboard_msgs/ur_dashboard_msgs_s__rosidl_typesupport_introspection_c.cpython-38-x86_64-linux-gnu.so" to ""
[9.787s] -- Installing: /home/alvaro/workspace/ros_ur_driver/install/ur_dashboard_msgs/lib/python3.8/site-packages/ur_dashboard_msgs/ur_dashboard_msgs_s__rosidl_typesupport_c.cpython-38-x86_64-linux-gnu.so
[9.789s] -- Set runtime path of "/home/alvaro/workspace/ros_ur_driver/install/ur_dashboard_msgs/lib/python3.8/site-packages/ur_dashboard_msgs/ur_dashboard_msgs_s__rosidl_typesupport_c.cpython-38-x86_64-linux-gnu.so" to ""
[9.789s] -- Installing: /home/alvaro/workspace/ros_ur_driver/install/ur_dashboard_msgs/lib/libur_dashboard_msgs__python.so
[9.789s] -- Set runtime path of "/home/alvaro/workspace/ros_ur_driver/install/ur_dashboard_msgs/lib/libur_dashboard_msgs__python.so" to ""
[9.789s] -- Up-to-date: /home/alvaro/workspace/ros_ur_driver/install/ur_dashboard_msgs/share/ur_dashboard_msgs/msg/ProgramState.idl
[9.790s] -- Up-to-date: /home/alvaro/workspace/ros_ur_driver/install/ur_dashboard_msgs/share/ur_dashboard_msgs/msg/RobotMode.idl
[9.790s] -- Up-to-date: /home/alvaro/workspace/ros_ur_driver/install/ur_dashboard_msgs/share/ur_dashboard_msgs/msg/SafetyMode.idl
[9.790s] -- Up-to-date: /home/alvaro/workspace/ros_ur_driver/install/ur_dashboard_msgs/share/ur_dashboard_msgs/srv/AddToLog.idl
[9.790s] -- Up-to-date: /home/alvaro/workspace/ros_ur_driver/install/ur_dashboard_msgs/share/ur_dashboard_msgs/srv/GetLoadedProgram.idl
[9.790s] -- Up-to-date: /home/alvaro/workspace/ros_ur_driver/install/ur_dashboard_msgs/share/ur_dashboard_msgs/srv/GetProgramState.idl
[9.790s] -- Up-to-date: /home/alvaro/workspace/ros_ur_driver/install/ur_dashboard_msgs/share/ur_dashboard_msgs/srv/GetRobotMode.idl
[9.790s] -- Up-to-date: /home/alvaro/workspace/ros_ur_driver/install/ur_dashboard_msgs/share/ur_dashboard_msgs/srv/GetSafetyMode.idl
[9.790s] -- Up-to-date: /home/alvaro/workspace/ros_ur_driver/install/ur_dashboard_msgs/share/ur_dashboard_msgs/srv/IsProgramRunning.idl
[9.791s] -- Up-to-date: /home/alvaro/workspace/ros_ur_driver/install/ur_dashboard_msgs/share/ur_dashboard_msgs/srv/IsProgramSaved.idl
[9.791s] -- Up-to-date: /home/alvaro/workspace/ros_ur_driver/install/ur_dashboard_msgs/share/ur_dashboard_msgs/srv/Load.idl
[9.791s] -- Up-to-date: /home/alvaro/workspace/ros_ur_driver/install/ur_dashboard_msgs/share/ur_dashboard_msgs/srv/Popup.idl
[9.791s] -- Up-to-date: /home/alvaro/workspace/ros_ur_driver/install/ur_dashboard_msgs/share/ur_dashboard_msgs/srv/RawRequest.idl
[9.791s] -- Up-to-date: /home/alvaro/workspace/ros_ur_driver/install/ur_dashboard_msgs/share/ur_dashboard_msgs/action/SetMode.idl
[9.791s] -- Up-to-date: /home/alvaro/workspace/ros_ur_driver/install/ur_dashboard_msgs/share/ur_dashboard_msgs/msg/ProgramState.msg
[9.791s] -- Up-to-date: /home/alvaro/workspace/ros_ur_driver/install/ur_dashboard_msgs/share/ur_dashboard_msgs/msg/RobotMode.msg
[9.791s] -- Up-to-date: /home/alvaro/workspace/ros_ur_driver/install/ur_dashboard_msgs/share/ur_dashboard_msgs/msg/SafetyMode.msg
[9.791s] -- Up-to-date: /home/alvaro/workspace/ros_ur_driver/install/ur_dashboard_msgs/share/ur_dashboard_msgs/srv/AddToLog.srv
[9.791s] -- Up-to-date: /home/alvaro/workspace/ros_ur_driver/install/ur_dashboard_msgs/share/ur_dashboard_msgs/srv/AddToLog_Request.msg
[9.792s] -- Up-to-date: /home/alvaro/workspace/ros_ur_driver/install/ur_dashboard_msgs/share/ur_dashboard_msgs/srv/AddToLog_Response.msg
[9.792s] -- Up-to-date: /home/alvaro/workspace/ros_ur_driver/install/ur_dashboard_msgs/share/ur_dashboard_msgs/srv/GetLoadedProgram.srv
[9.792s] -- Up-to-date: /home/alvaro/workspace/ros_ur_driver/install/ur_dashboard_msgs/share/ur_dashboard_msgs/srv/GetLoadedProgram_Request.msg
[9.792s] -- Up-to-date: /home/alvaro/workspace/ros_ur_driver/install/ur_dashboard_msgs/share/ur_dashboard_msgs/srv/GetLoadedProgram_Response.msg
[9.792s] -- Up-to-date: /home/alvaro/workspace/ros_ur_driver/install/ur_dashboard_msgs/share/ur_dashboard_msgs/srv/GetProgramState.srv
[9.792s] -- Up-to-date: /home/alvaro/workspace/ros_ur_driver/install/ur_dashboard_msgs/share/ur_dashboard_msgs/srv/GetProgramState_Request.msg
[9.792s] -- Up-to-date: /home/alvaro/workspace/ros_ur_driver/install/ur_dashboard_msgs/share/ur_dashboard_msgs/srv/GetProgramState_Response.msg
[9.792s] -- Up-to-date: /home/alvaro/workspace/ros_ur_driver/install/ur_dashboard_msgs/share/ur_dashboard_msgs/srv/GetRobotMode.srv
[9.792s] -- Up-to-date: /home/alvaro/workspace/ros_ur_driver/install/ur_dashboard_msgs/share/ur_dashboard_msgs/srv/GetRobotMode_Request.msg
[9.792s] -- Up-to-date: /home/alvaro/workspace/ros_ur_driver/install/ur_dashboard_msgs/share/ur_dashboard_msgs/srv/GetRobotMode_Response.msg
[9.792s] -- Up-to-date: /home/alvaro/workspace/ros_ur_driver/install/ur_dashboard_msgs/share/ur_dashboard_msgs/srv/GetSafetyMode.srv
[9.793s] -- Up-to-date: /home/alvaro/workspace/ros_ur_driver/install/ur_dashboard_msgs/share/ur_dashboard_msgs/srv/GetSafetyMode_Request.msg
[9.793s] -- Up-to-date: /home/alvaro/workspace/ros_ur_driver/install/ur_dashboard_msgs/share/ur_dashboard_msgs/srv/GetSafetyMode_Response.msg
[9.793s] -- Up-to-date: /home/alvaro/workspace/ros_ur_driver/install/ur_dashboard_msgs/share/ur_dashboard_msgs/srv/IsProgramRunning.srv
[9.793s] -- Up-to-date: /home/alvaro/workspace/ros_ur_driver/install/ur_dashboard_msgs/share/ur_dashboard_msgs/srv/IsProgramRunning_Request.msg
[9.793s] -- Up-to-date: /home/alvaro/workspace/ros_ur_driver/install/ur_dashboard_msgs/share/ur_dashboard_msgs/srv/IsProgramRunning_Response.msg
[9.793s] -- Up-to-date: /home/alvaro/workspace/ros_ur_driver/install/ur_dashboard_msgs/share/ur_dashboard_msgs/srv/IsProgramSaved.srv
[9.793s] -- Up-to-date: /home/alvaro/workspace/ros_ur_driver/install/ur_dashboard_msgs/share/ur_dashboard_msgs/srv/IsProgramSaved_Request.msg
[9.793s] -- Up-to-date: /home/alvaro/workspace/ros_ur_driver/install/ur_dashboard_msgs/share/ur_dashboard_msgs/srv/IsProgramSaved_Response.msg
[9.793s] -- Up-to-date: /home/alvaro/workspace/ros_ur_driver/install/ur_dashboard_msgs/share/ur_dashboard_msgs/srv/Load.srv
[9.793s] -- Up-to-date: /home/alvaro/workspace/ros_ur_driver/install/ur_dashboard_msgs/share/ur_dashboard_msgs/srv/Load_Request.msg
[9.793s] -- Up-to-date: /home/alvaro/workspace/ros_ur_driver/install/ur_dashboard_msgs/share/ur_dashboard_msgs/srv/Load_Response.msg
[9.793s] -- Up-to-date: /home/alvaro/workspace/ros_ur_driver/install/ur_dashboard_msgs/share/ur_dashboard_msgs/srv/Popup.srv
[9.794s] -- Up-to-date: /home/alvaro/workspace/ros_ur_driver/install/ur_dashboard_msgs/share/ur_dashboard_msgs/srv/Popup_Request.msg
[9.794s] -- Up-to-date: /home/alvaro/workspace/ros_ur_driver/install/ur_dashboard_msgs/share/ur_dashboard_msgs/srv/Popup_Response.msg
[9.794s] -- Up-to-date: /home/alvaro/workspace/ros_ur_driver/install/ur_dashboard_msgs/share/ur_dashboard_msgs/srv/RawRequest.srv
[9.794s] -- Up-to-date: /home/alvaro/workspace/ros_ur_driver/install/ur_dashboard_msgs/share/ur_dashboard_msgs/srv/RawRequest_Request.msg
[9.794s] -- Up-to-date: /home/alvaro/workspace/ros_ur_driver/install/ur_dashboard_msgs/share/ur_dashboard_msgs/srv/RawRequest_Response.msg
[9.794s] -- Up-to-date: /home/alvaro/workspace/ros_ur_driver/install/ur_dashboard_msgs/share/ur_dashboard_msgs/action/SetMode.action
[9.794s] -- Up-to-date: /home/alvaro/workspace/ros_ur_driver/install/ur_dashboard_msgs/share/ament_index/resource_index/package_run_dependencies/ur_dashboard_msgs
[9.794s] -- Installing: /home/alvaro/workspace/ros_ur_driver/install/ur_dashboard_msgs/share/ament_index/resource_index/parent_prefix_path/ur_dashboard_msgs
[9.794s] -- Installing: /home/alvaro/workspace/ros_ur_driver/install/ur_dashboard_msgs/share/ur_dashboard_msgs/environment/ament_prefix_path.sh
[9.794s] -- Installing: /home/alvaro/workspace/ros_ur_driver/install/ur_dashboard_msgs/share/ur_dashboard_msgs/environment/ament_prefix_path.dsv
[9.794s] -- Installing: /home/alvaro/workspace/ros_ur_driver/install/ur_dashboard_msgs/share/ur_dashboard_msgs/environment/path.sh
[9.795s] -- Installing: /home/alvaro/workspace/ros_ur_driver/install/ur_dashboard_msgs/share/ur_dashboard_msgs/environment/path.dsv
[9.795s] -- Up-to-date: /home/alvaro/workspace/ros_ur_driver/install/ur_dashboard_msgs/share/ur_dashboard_msgs/local_setup.bash
[9.795s] -- Up-to-date: /home/alvaro/workspace/ros_ur_driver/install/ur_dashboard_msgs/share/ur_dashboard_msgs/local_setup.sh
[9.795s] -- Up-to-date: /home/alvaro/workspace/ros_ur_driver/install/ur_dashboard_msgs/share/ur_dashboard_msgs/local_setup.zsh
[9.795s] -- Installing: /home/alvaro/workspace/ros_ur_driver/install/ur_dashboard_msgs/share/ur_dashboard_msgs/local_setup.dsv
[9.795s] -- Installing: /home/alvaro/workspace/ros_ur_driver/install/ur_dashboard_msgs/share/ur_dashboard_msgs/package.dsv
[9.795s] -- Up-to-date: /home/alvaro/workspace/ros_ur_driver/install/ur_dashboard_msgs/share/ament_index/resource_index/packages/ur_dashboard_msgs
[9.795s] -- Up-to-date: /home/alvaro/workspace/ros_ur_driver/install/ur_dashboard_msgs/share/ur_dashboard_msgs/cmake/ur_dashboard_msgs__rosidl_generator_cExport.cmake
[9.795s] -- Installing: /home/alvaro/workspace/ros_ur_driver/install/ur_dashboard_msgs/share/ur_dashboard_msgs/cmake/ur_dashboard_msgs__rosidl_generator_cExport-release.cmake
[9.795s] -- Up-to-date: /home/alvaro/workspace/ros_ur_driver/install/ur_dashboard_msgs/share/ur_dashboard_msgs/cmake/ur_dashboard_msgs__rosidl_typesupport_introspection_cExport.cmake
[9.795s] -- Installing: /home/alvaro/workspace/ros_ur_driver/install/ur_dashboard_msgs/share/ur_dashboard_msgs/cmake/ur_dashboard_msgs__rosidl_typesupport_introspection_cExport-release.cmake
[9.796s] -- Up-to-date: /home/alvaro/workspace/ros_ur_driver/install/ur_dashboard_msgs/share/ur_dashboard_msgs/cmake/ur_dashboard_msgs__rosidl_typesupport_cExport.cmake
[9.796s] -- Installing: /home/alvaro/workspace/ros_ur_driver/install/ur_dashboard_msgs/share/ur_dashboard_msgs/cmake/ur_dashboard_msgs__rosidl_typesupport_cExport-release.cmake
[9.796s] -- Up-to-date: /home/alvaro/workspace/ros_ur_driver/install/ur_dashboard_msgs/share/ur_dashboard_msgs/cmake/ur_dashboard_msgs__rosidl_generator_cppExport.cmake
[9.796s] -- Up-to-date: /home/alvaro/workspace/ros_ur_driver/install/ur_dashboard_msgs/share/ur_dashboard_msgs/cmake/ur_dashboard_msgs__rosidl_typesupport_introspection_cppExport.cmake
[9.796s] -- Installing: /home/alvaro/workspace/ros_ur_driver/install/ur_dashboard_msgs/share/ur_dashboard_msgs/cmake/ur_dashboard_msgs__rosidl_typesupport_introspection_cppExport-release.cmake
[9.796s] -- Up-to-date: /home/alvaro/workspace/ros_ur_driver/install/ur_dashboard_msgs/share/ur_dashboard_msgs/cmake/ur_dashboard_msgs__rosidl_typesupport_cppExport.cmake
[9.796s] -- Installing: /home/alvaro/workspace/ros_ur_driver/install/ur_dashboard_msgs/share/ur_dashboard_msgs/cmake/ur_dashboard_msgs__rosidl_typesupport_cppExport-release.cmake
[9.797s] -- Up-to-date: /home/alvaro/workspace/ros_ur_driver/install/ur_dashboard_msgs/share/ur_dashboard_msgs/cmake/rosidl_cmake-extras.cmake
[9.797s] -- Up-to-date: /home/alvaro/workspace/ros_ur_driver/install/ur_dashboard_msgs/share/ur_dashboard_msgs/cmake/ament_cmake_export_dependencies-extras.cmake
[9.797s] -- Up-to-date: /home/alvaro/workspace/ros_ur_driver/install/ur_dashboard_msgs/share/ur_dashboard_msgs/cmake/ament_cmake_export_libraries-extras.cmake
[9.797s] -- Up-to-date: /home/alvaro/workspace/ros_ur_driver/install/ur_dashboard_msgs/share/ur_dashboard_msgs/cmake/ament_cmake_export_targets-extras.cmake
[9.797s] -- Up-to-date: /home/alvaro/workspace/ros_ur_driver/install/ur_dashboard_msgs/share/ur_dashboard_msgs/cmake/ament_cmake_export_include_directories-extras.cmake
[9.797s] -- Up-to-date: /home/alvaro/workspace/ros_ur_driver/install/ur_dashboard_msgs/share/ur_dashboard_msgs/cmake/rosidl_cmake_export_typesupport_libraries-extras.cmake
[9.797s] -- Up-to-date: /home/alvaro/workspace/ros_ur_driver/install/ur_dashboard_msgs/share/ur_dashboard_msgs/cmake/rosidl_cmake_export_typesupport_targets-extras.cmake
[9.797s] -- Up-to-date: /home/alvaro/workspace/ros_ur_driver/install/ur_dashboard_msgs/share/ur_dashboard_msgs/cmake/ur_dashboard_msgsConfig.cmake
[9.798s] -- Up-to-date: /home/alvaro/workspace/ros_ur_driver/install/ur_dashboard_msgs/share/ur_dashboard_msgs/cmake/ur_dashboard_msgsConfig-version.cmake
[9.798s] -- Up-to-date: /home/alvaro/workspace/ros_ur_driver/install/ur_dashboard_msgs/share/ur_dashboard_msgs/package.xml
[9.801s] Invoked command in '/home/alvaro/workspace/ros_ur_driver/build/ur_dashboard_msgs' returned '0': CMAKE_PREFIX_PATH=${CMAKE_PREFIX_PATH}:/home/alvaro/ros2_ws/install/ros2controlcli:/home/alvaro/ros2_ws/install/ros2_control_test_nodes:/home/alvaro/dev_ws/install/ros2test:/opt/ros/foxy /usr/bin/cmake --install /home/alvaro/workspace/ros_ur_driver/build/ur_dashboard_msgs
