[0.125s] Invoking command in '/home/adela/workspace/ros_ur_driver/build/ur_moveit_config': CMAKE_PREFIX_PATH=/home/adela/workspace/ros_ur_driver/install/ur_description:/home/adela/workspace/ros_ur_driver/install/ur:/home/adela/workspace/ros_ur_driver/install/ur_calibration:/home/adela/workspace/ros_ur_driver/install/ur_robot_driver:/home/adela/workspace/ros_ur_driver/install/ur_moveit_config:/home/adela/workspace/ros_ur_driver/install/ur_bringup:/home/adela/workspace/ros_ur_driver/install/ur_controllers:/home/adela/workspace/ros_ur_driver/install/ur_dashboard_msgs:/opt/ros/humble /usr/bin/cmake /home/adela/workspace/ros_ur_driver/src/Universal_Robots_ROS2_Driver/ur_moveit_config -DCMAKE_INSTALL_PREFIX=/home/adela/workspace/ros_ur_driver/install/ur_moveit_config
[0.161s] -- Found ament_cmake: 1.3.5 (/opt/ros/humble/share/ament_cmake/cmake)
[1.007s] -- Configuring done
[1.018s] -- Generating done
[1.029s] -- Build files have been written to: /home/adela/workspace/ros_ur_driver/build/ur_moveit_config
[1.039s] Invoked command in '/home/adela/workspace/ros_ur_driver/build/ur_moveit_config' returned '0': CMAKE_PREFIX_PATH=/home/adela/workspace/ros_ur_driver/install/ur_description:/home/adela/workspace/ros_ur_driver/install/ur:/home/adela/workspace/ros_ur_driver/install/ur_calibration:/home/adela/workspace/ros_ur_driver/install/ur_robot_driver:/home/adela/workspace/ros_ur_driver/install/ur_moveit_config:/home/adela/workspace/ros_ur_driver/install/ur_bringup:/home/adela/workspace/ros_ur_driver/install/ur_controllers:/home/adela/workspace/ros_ur_driver/install/ur_dashboard_msgs:/opt/ros/humble /usr/bin/cmake /home/adela/workspace/ros_ur_driver/src/Universal_Robots_ROS2_Driver/ur_moveit_config -DCMAKE_INSTALL_PREFIX=/home/adela/workspace/ros_ur_driver/install/ur_moveit_config
[1.039s] Invoking command in '/home/adela/workspace/ros_ur_driver/build/ur_moveit_config': CMAKE_PREFIX_PATH=/home/adela/workspace/ros_ur_driver/install/ur_description:/home/adela/workspace/ros_ur_driver/install/ur:/home/adela/workspace/ros_ur_driver/install/ur_calibration:/home/adela/workspace/ros_ur_driver/install/ur_robot_driver:/home/adela/workspace/ros_ur_driver/install/ur_moveit_config:/home/adela/workspace/ros_ur_driver/install/ur_bringup:/home/adela/workspace/ros_ur_driver/install/ur_controllers:/home/adela/workspace/ros_ur_driver/install/ur_dashboard_msgs:/opt/ros/humble /usr/bin/cmake --build /home/adela/workspace/ros_ur_driver/build/ur_moveit_config -- -j2 -l2
[1.163s] Built target ament_cmake_python_copy_ur_moveit_config
[1.764s] running egg_info
[1.768s] writing ur_moveit_config.egg-info/PKG-INFO
[1.770s] writing dependency_links to ur_moveit_config.egg-info/dependency_links.txt
[1.772s] writing top-level names to ur_moveit_config.egg-info/top_level.txt
[1.777s] reading manifest file 'ur_moveit_config.egg-info/SOURCES.txt'
[1.780s] writing manifest file 'ur_moveit_config.egg-info/SOURCES.txt'
[1.829s] Built target ament_cmake_python_build_ur_moveit_config_egg
[1.849s] Invoked command in '/home/adela/workspace/ros_ur_driver/build/ur_moveit_config' returned '0': CMAKE_PREFIX_PATH=/home/adela/workspace/ros_ur_driver/install/ur_description:/home/adela/workspace/ros_ur_driver/install/ur:/home/adela/workspace/ros_ur_driver/install/ur_calibration:/home/adela/workspace/ros_ur_driver/install/ur_robot_driver:/home/adela/workspace/ros_ur_driver/install/ur_moveit_config:/home/adela/workspace/ros_ur_driver/install/ur_bringup:/home/adela/workspace/ros_ur_driver/install/ur_controllers:/home/adela/workspace/ros_ur_driver/install/ur_dashboard_msgs:/opt/ros/humble /usr/bin/cmake --build /home/adela/workspace/ros_ur_driver/build/ur_moveit_config -- -j2 -l2
[1.894s] Invoking command in '/home/adela/workspace/ros_ur_driver/build/ur_moveit_config': CMAKE_PREFIX_PATH=/home/adela/workspace/ros_ur_driver/install/ur_description:/home/adela/workspace/ros_ur_driver/install/ur:/home/adela/workspace/ros_ur_driver/install/ur_calibration:/home/adela/workspace/ros_ur_driver/install/ur_robot_driver:/home/adela/workspace/ros_ur_driver/install/ur_moveit_config:/home/adela/workspace/ros_ur_driver/install/ur_bringup:/home/adela/workspace/ros_ur_driver/install/ur_controllers:/home/adela/workspace/ros_ur_driver/install/ur_dashboard_msgs:/opt/ros/humble /usr/bin/cmake --install /home/adela/workspace/ros_ur_driver/build/ur_moveit_config
[1.907s] -- Install configuration: "Release"
[1.908s] -- Up-to-date: /home/adela/workspace/ros_ur_driver/install/ur_moveit_config/share/ur_moveit_config/config
[1.910s] -- Up-to-date: /home/adela/workspace/ros_ur_driver/install/ur_moveit_config/share/ur_moveit_config/config/kinematics.yaml
[1.911s] -- Up-to-date: /home/adela/workspace/ros_ur_driver/install/ur_moveit_config/share/ur_moveit_config/config/ompl_planning.yaml
[1.912s] -- Up-to-date: /home/adela/workspace/ros_ur_driver/install/ur_moveit_config/share/ur_moveit_config/config/controllers.yaml
[1.913s] -- Up-to-date: /home/adela/workspace/ros_ur_driver/install/ur_moveit_config/share/ur_moveit_config/config/ur_servo.yaml
[1.914s] -- Up-to-date: /home/adela/workspace/ros_ur_driver/install/ur_moveit_config/share/ur_moveit_config/launch
[1.915s] -- Up-to-date: /home/adela/workspace/ros_ur_driver/install/ur_moveit_config/share/ur_moveit_config/launch/ur_moveit.launch.py
[1.917s] -- Up-to-date: /home/adela/workspace/ros_ur_driver/install/ur_moveit_config/share/ur_moveit_config/rviz
[1.918s] -- Up-to-date: /home/adela/workspace/ros_ur_driver/install/ur_moveit_config/share/ur_moveit_config/rviz/view_robot.rviz
[1.919s] -- Up-to-date: /home/adela/workspace/ros_ur_driver/install/ur_moveit_config/share/ur_moveit_config/srdf
[1.919s] -- Up-to-date: /home/adela/workspace/ros_ur_driver/install/ur_moveit_config/share/ur_moveit_config/srdf/ur_macro.srdf.xacro
[1.919s] -- Up-to-date: /home/adela/workspace/ros_ur_driver/install/ur_moveit_config/share/ur_moveit_config/srdf/ur.srdf.xacro
[1.920s] -- Up-to-date: /home/adela/workspace/ros_ur_driver/install/ur_moveit_config/share/ur_moveit_config/environment/pythonpath.sh
[1.921s] -- Installing: /home/adela/workspace/ros_ur_driver/install/ur_moveit_config/share/ur_moveit_config/environment/pythonpath.dsv
[1.921s] -- Up-to-date: /home/adela/workspace/ros_ur_driver/install/ur_moveit_config/local/lib/python3.10/dist-packages/ur_moveit_config-2.2.9-py3.10.egg-info
[1.922s] -- Installing: /home/adela/workspace/ros_ur_driver/install/ur_moveit_config/local/lib/python3.10/dist-packages/ur_moveit_config-2.2.9-py3.10.egg-info/dependency_links.txt
[1.923s] -- Installing: /home/adela/workspace/ros_ur_driver/install/ur_moveit_config/local/lib/python3.10/dist-packages/ur_moveit_config-2.2.9-py3.10.egg-info/PKG-INFO
[1.923s] -- Installing: /home/adela/workspace/ros_ur_driver/install/ur_moveit_config/local/lib/python3.10/dist-packages/ur_moveit_config-2.2.9-py3.10.egg-info/top_level.txt
[1.925s] -- Installing: /home/adela/workspace/ros_ur_driver/install/ur_moveit_config/local/lib/python3.10/dist-packages/ur_moveit_config-2.2.9-py3.10.egg-info/SOURCES.txt
[1.925s] -- Up-to-date: /home/adela/workspace/ros_ur_driver/install/ur_moveit_config/local/lib/python3.10/dist-packages/ur_moveit_config
[1.926s] -- Up-to-date: /home/adela/workspace/ros_ur_driver/install/ur_moveit_config/local/lib/python3.10/dist-packages/ur_moveit_config/__init__.py
[1.926s] -- Up-to-date: /home/adela/workspace/ros_ur_driver/install/ur_moveit_config/local/lib/python3.10/dist-packages/ur_moveit_config/launch_common.py
[2.003s] Listing '/home/adela/workspace/ros_ur_driver/install/ur_moveit_config/local/lib/python3.10/dist-packages/ur_moveit_config'...
[2.054s] -- Up-to-date: /home/adela/workspace/ros_ur_driver/install/ur_moveit_config/local/lib/python3.10/dist-packages/launch_common.py
[2.107s] -- Up-to-date: /home/adela/workspace/ros_ur_driver/install/ur_moveit_config/share/ament_index/resource_index/package_run_dependencies/ur_moveit_config
[2.107s] -- Up-to-date: /home/adela/workspace/ros_ur_driver/install/ur_moveit_config/share/ament_index/resource_index/parent_prefix_path/ur_moveit_config
[2.107s] -- Up-to-date: /home/adela/workspace/ros_ur_driver/install/ur_moveit_config/share/ur_moveit_config/environment/ament_prefix_path.sh
[2.108s] -- Installing: /home/adela/workspace/ros_ur_driver/install/ur_moveit_config/share/ur_moveit_config/environment/ament_prefix_path.dsv
[2.108s] -- Up-to-date: /home/adela/workspace/ros_ur_driver/install/ur_moveit_config/share/ur_moveit_config/environment/path.sh
[2.108s] -- Installing: /home/adela/workspace/ros_ur_driver/install/ur_moveit_config/share/ur_moveit_config/environment/path.dsv
[2.108s] -- Up-to-date: /home/adela/workspace/ros_ur_driver/install/ur_moveit_config/share/ur_moveit_config/local_setup.bash
[2.108s] -- Up-to-date: /home/adela/workspace/ros_ur_driver/install/ur_moveit_config/share/ur_moveit_config/local_setup.sh
[2.109s] -- Up-to-date: /home/adela/workspace/ros_ur_driver/install/ur_moveit_config/share/ur_moveit_config/local_setup.zsh
[2.109s] -- Installing: /home/adela/workspace/ros_ur_driver/install/ur_moveit_config/share/ur_moveit_config/local_setup.dsv
[2.109s] -- Installing: /home/adela/workspace/ros_ur_driver/install/ur_moveit_config/share/ur_moveit_config/package.dsv
[2.109s] -- Up-to-date: /home/adela/workspace/ros_ur_driver/install/ur_moveit_config/share/ament_index/resource_index/packages/ur_moveit_config
[2.109s] -- Up-to-date: /home/adela/workspace/ros_ur_driver/install/ur_moveit_config/share/ur_moveit_config/cmake/ur_moveit_configConfig.cmake
[2.110s] -- Up-to-date: /home/adela/workspace/ros_ur_driver/install/ur_moveit_config/share/ur_moveit_config/cmake/ur_moveit_configConfig-version.cmake
[2.110s] -- Up-to-date: /home/adela/workspace/ros_ur_driver/install/ur_moveit_config/share/ur_moveit_config/package.xml
[2.119s] Invoked command in '/home/adela/workspace/ros_ur_driver/build/ur_moveit_config' returned '0': CMAKE_PREFIX_PATH=/home/adela/workspace/ros_ur_driver/install/ur_description:/home/adela/workspace/ros_ur_driver/install/ur:/home/adela/workspace/ros_ur_driver/install/ur_calibration:/home/adela/workspace/ros_ur_driver/install/ur_robot_driver:/home/adela/workspace/ros_ur_driver/install/ur_moveit_config:/home/adela/workspace/ros_ur_driver/install/ur_bringup:/home/adela/workspace/ros_ur_driver/install/ur_controllers:/home/adela/workspace/ros_ur_driver/install/ur_dashboard_msgs:/opt/ros/humble /usr/bin/cmake --install /home/adela/workspace/ros_ur_driver/build/ur_moveit_config
