Performing C SOURCE FILE Test CMAKE_HAVE_LIBC_PTHREAD failed with the following output:
Change Dir: /home/alvaro/workspace/ros_ur_driver/build/ur_robot_driver/CMakeFiles/CMakeTmp

Run Build Command(s):/usr/bin/make cmTC_cb2db/fast && /usr/bin/make -f CMakeFiles/cmTC_cb2db.dir/build.make CMakeFiles/cmTC_cb2db.dir/build
make[1]: se entra en el directorio '/home/alvaro/workspace/ros_ur_driver/build/ur_robot_driver/CMakeFiles/CMakeTmp'
Building C object CMakeFiles/cmTC_cb2db.dir/src.c.o
/usr/bin/cc   -DCMAKE_HAVE_LIBC_PTHREAD   -o CMakeFiles/cmTC_cb2db.dir/src.c.o   -c /home/alvaro/workspace/ros_ur_driver/build/ur_robot_driver/CMakeFiles/CMakeTmp/src.c
Linking C executable cmTC_cb2db
/usr/bin/cmake -E cmake_link_script CMakeFiles/cmTC_cb2db.dir/link.txt --verbose=1
/usr/bin/cc  -DCMAKE_HAVE_LIBC_PTHREAD    CMakeFiles/cmTC_cb2db.dir/src.c.o  -o cmTC_cb2db 
/usr/bin/ld: CMakeFiles/cmTC_cb2db.dir/src.c.o: en la función `main':
src.c:(.text+0x46): referencia a `pthread_create' sin definir
/usr/bin/ld: src.c:(.text+0x52): referencia a `pthread_detach' sin definir
/usr/bin/ld: src.c:(.text+0x63): referencia a `pthread_join' sin definir
collect2: error: ld returned 1 exit status
make[1]: *** [CMakeFiles/cmTC_cb2db.dir/build.make:87: cmTC_cb2db] Error 1
make[1]: se sale del directorio '/home/alvaro/workspace/ros_ur_driver/build/ur_robot_driver/CMakeFiles/CMakeTmp'
make: *** [Makefile:121: cmTC_cb2db/fast] Error 2


Source file was:
#include <pthread.h>

void* test_func(void* data)
{
  return data;
}

int main(void)
{
  pthread_t thread;
  pthread_create(&thread, NULL, test_func, NULL);
  pthread_detach(thread);
  pthread_join(thread, NULL);
  pthread_atfork(NULL, NULL, NULL);
  pthread_exit(NULL);

  return 0;
}

Determining if the function pthread_create exists in the pthreads failed with the following output:
Change Dir: /home/alvaro/workspace/ros_ur_driver/build/ur_robot_driver/CMakeFiles/CMakeTmp

Run Build Command(s):/usr/bin/make cmTC_7e347/fast && /usr/bin/make -f CMakeFiles/cmTC_7e347.dir/build.make CMakeFiles/cmTC_7e347.dir/build
make[1]: se entra en el directorio '/home/alvaro/workspace/ros_ur_driver/build/ur_robot_driver/CMakeFiles/CMakeTmp'
Building C object CMakeFiles/cmTC_7e347.dir/CheckFunctionExists.c.o
/usr/bin/cc   -DCHECK_FUNCTION_EXISTS=pthread_create   -o CMakeFiles/cmTC_7e347.dir/CheckFunctionExists.c.o   -c /usr/share/cmake-3.16/Modules/CheckFunctionExists.c
Linking C executable cmTC_7e347
/usr/bin/cmake -E cmake_link_script CMakeFiles/cmTC_7e347.dir/link.txt --verbose=1
/usr/bin/cc  -DCHECK_FUNCTION_EXISTS=pthread_create    CMakeFiles/cmTC_7e347.dir/CheckFunctionExists.c.o  -o cmTC_7e347  -lpthreads 
/usr/bin/ld: no se puede encontrar -lpthreads
collect2: error: ld returned 1 exit status
make[1]: *** [CMakeFiles/cmTC_7e347.dir/build.make:87: cmTC_7e347] Error 1
make[1]: se sale del directorio '/home/alvaro/workspace/ros_ur_driver/build/ur_robot_driver/CMakeFiles/CMakeTmp'
make: *** [Makefile:121: cmTC_7e347/fast] Error 2



