[1.185s] Invoking command in '/home/alvaro/workspace/ros_ur_driver/build/ur_description': CMAKE_PREFIX_PATH=${CMAKE_PREFIX_PATH}:/home/alvaro/workspace/ros_ur_driver/install/py_srvcli:/home/alvaro/ros2_ws/install/ros2controlcli:/home/alvaro/ros2_ws/install/ros2_control_test_nodes:/home/alvaro/ros2_ws/install/py_srvcli:/home/alvaro/dev_ws/install/ros2test:/opt/ros/foxy /usr/bin/cmake --build /home/alvaro/workspace/ros_ur_driver/build/ur_description -- -j12 -l12
[1.918s] Invoked command in '/home/alvaro/workspace/ros_ur_driver/build/ur_description' returned '0': CMAKE_PREFIX_PATH=${CMAKE_PREFIX_PATH}:/home/alvaro/workspace/ros_ur_driver/install/py_srvcli:/home/alvaro/ros2_ws/install/ros2controlcli:/home/alvaro/ros2_ws/install/ros2_control_test_nodes:/home/alvaro/ros2_ws/install/py_srvcli:/home/alvaro/dev_ws/install/ros2test:/opt/ros/foxy /usr/bin/cmake --build /home/alvaro/workspace/ros_ur_driver/build/ur_description -- -j12 -l12
[1.991s] Invoking command in '/home/alvaro/workspace/ros_ur_driver/build/ur_description': CMAKE_PREFIX_PATH=${CMAKE_PREFIX_PATH}:/home/alvaro/workspace/ros_ur_driver/install/py_srvcli:/home/alvaro/ros2_ws/install/ros2controlcli:/home/alvaro/ros2_ws/install/ros2_control_test_nodes:/home/alvaro/ros2_ws/install/py_srvcli:/home/alvaro/dev_ws/install/ros2test:/opt/ros/foxy /usr/bin/cmake --install /home/alvaro/workspace/ros_ur_driver/build/ur_description
[2.007s] -- Install configuration: "Release"
[2.008s] -- Up-to-date: /home/alvaro/workspace/ros_ur_driver/install/ur_description/share/ur_description/config
[2.008s] -- Up-to-date: /home/alvaro/workspace/ros_ur_driver/install/ur_description/share/ur_description/config/initial_positions.yaml
[2.009s] -- Up-to-date: /home/alvaro/workspace/ros_ur_driver/install/ur_description/share/ur_description/config/ur3
[2.009s] -- Up-to-date: /home/alvaro/workspace/ros_ur_driver/install/ur_description/share/ur_description/config/ur3/joint_limits.yaml
[2.010s] -- Up-to-date: /home/alvaro/workspace/ros_ur_driver/install/ur_description/share/ur_description/config/ur3/visual_parameters.yaml
[2.010s] -- Up-to-date: /home/alvaro/workspace/ros_ur_driver/install/ur_description/share/ur_description/config/ur3/default_kinematics.yaml
[2.011s] -- Up-to-date: /home/alvaro/workspace/ros_ur_driver/install/ur_description/share/ur_description/config/ur3/physical_parameters.yaml
[2.011s] -- Up-to-date: /home/alvaro/workspace/ros_ur_driver/install/ur_description/share/ur_description/config/ur16e
[2.011s] -- Up-to-date: /home/alvaro/workspace/ros_ur_driver/install/ur_description/share/ur_description/config/ur16e/joint_limits.yaml
[2.012s] -- Up-to-date: /home/alvaro/workspace/ros_ur_driver/install/ur_description/share/ur_description/config/ur16e/visual_parameters.yaml
[2.012s] -- Up-to-date: /home/alvaro/workspace/ros_ur_driver/install/ur_description/share/ur_description/config/ur16e/default_kinematics.yaml
[2.012s] -- Up-to-date: /home/alvaro/workspace/ros_ur_driver/install/ur_description/share/ur_description/config/ur16e/physical_parameters.yaml
[2.012s] -- Up-to-date: /home/alvaro/workspace/ros_ur_driver/install/ur_description/share/ur_description/config/ur10
[2.013s] -- Up-to-date: /home/alvaro/workspace/ros_ur_driver/install/ur_description/share/ur_description/config/ur10/joint_limits.yaml
[2.013s] -- Up-to-date: /home/alvaro/workspace/ros_ur_driver/install/ur_description/share/ur_description/config/ur10/visual_parameters.yaml
[2.013s] -- Up-to-date: /home/alvaro/workspace/ros_ur_driver/install/ur_description/share/ur_description/config/ur10/default_kinematics.yaml
[2.013s] -- Up-to-date: /home/alvaro/workspace/ros_ur_driver/install/ur_description/share/ur_description/config/ur10/physical_parameters.yaml
[2.013s] -- Up-to-date: /home/alvaro/workspace/ros_ur_driver/install/ur_description/share/ur_description/config/ur3e
[2.014s] -- Up-to-date: /home/alvaro/workspace/ros_ur_driver/install/ur_description/share/ur_description/config/ur3e/joint_limits.yaml
[2.015s] -- Up-to-date: /home/alvaro/workspace/ros_ur_driver/install/ur_description/share/ur_description/config/ur3e/visual_parameters.yaml
[2.016s] -- Up-to-date: /home/alvaro/workspace/ros_ur_driver/install/ur_description/share/ur_description/config/ur3e/default_kinematics.yaml
[2.016s] -- Up-to-date: /home/alvaro/workspace/ros_ur_driver/install/ur_description/share/ur_description/config/ur3e/physical_parameters.yaml
[2.017s] -- Up-to-date: /home/alvaro/workspace/ros_ur_driver/install/ur_description/share/ur_description/config/ur5e
[2.017s] -- Up-to-date: /home/alvaro/workspace/ros_ur_driver/install/ur_description/share/ur_description/config/ur5e/joint_limits.yaml
[2.017s] -- Up-to-date: /home/alvaro/workspace/ros_ur_driver/install/ur_description/share/ur_description/config/ur5e/visual_parameters.yaml
[2.017s] -- Up-to-date: /home/alvaro/workspace/ros_ur_driver/install/ur_description/share/ur_description/config/ur5e/default_kinematics.yaml
[2.017s] -- Up-to-date: /home/alvaro/workspace/ros_ur_driver/install/ur_description/share/ur_description/config/ur5e/physical_parameters.yaml
[2.017s] -- Up-to-date: /home/alvaro/workspace/ros_ur_driver/install/ur_description/share/ur_description/config/ur10e
[2.018s] -- Up-to-date: /home/alvaro/workspace/ros_ur_driver/install/ur_description/share/ur_description/config/ur10e/joint_limits.yaml
[2.018s] -- Up-to-date: /home/alvaro/workspace/ros_ur_driver/install/ur_description/share/ur_description/config/ur10e/visual_parameters.yaml
[2.018s] -- Up-to-date: /home/alvaro/workspace/ros_ur_driver/install/ur_description/share/ur_description/config/ur10e/default_kinematics.yaml
[2.018s] -- Up-to-date: /home/alvaro/workspace/ros_ur_driver/install/ur_description/share/ur_description/config/ur10e/physical_parameters.yaml
[2.018s] -- Up-to-date: /home/alvaro/workspace/ros_ur_driver/install/ur_description/share/ur_description/config/ur5
[2.018s] -- Up-to-date: /home/alvaro/workspace/ros_ur_driver/install/ur_description/share/ur_description/config/ur5/joint_limits.yaml
[2.019s] -- Up-to-date: /home/alvaro/workspace/ros_ur_driver/install/ur_description/share/ur_description/config/ur5/visual_parameters.yaml
[2.019s] -- Up-to-date: /home/alvaro/workspace/ros_ur_driver/install/ur_description/share/ur_description/config/ur5/default_kinematics.yaml
[2.019s] -- Up-to-date: /home/alvaro/workspace/ros_ur_driver/install/ur_description/share/ur_description/config/ur5/physical_parameters.yaml
[2.019s] -- Up-to-date: /home/alvaro/workspace/ros_ur_driver/install/ur_description/share/ur_description/launch
[2.019s] -- Up-to-date: /home/alvaro/workspace/ros_ur_driver/install/ur_description/share/ur_description/launch/view_ur.launch.py
[2.019s] -- Up-to-date: /home/alvaro/workspace/ros_ur_driver/install/ur_description/share/ur_description/meshes
[2.019s] -- Up-to-date: /home/alvaro/workspace/ros_ur_driver/install/ur_description/share/ur_description/meshes/ur3
[2.020s] -- Up-to-date: /home/alvaro/workspace/ros_ur_driver/install/ur_description/share/ur_description/meshes/ur3/visual
[2.020s] -- Up-to-date: /home/alvaro/workspace/ros_ur_driver/install/ur_description/share/ur_description/meshes/ur3/visual/wrist2.dae
[2.020s] -- Up-to-date: /home/alvaro/workspace/ros_ur_driver/install/ur_description/share/ur_description/meshes/ur3/visual/forearm.dae
[2.020s] -- Up-to-date: /home/alvaro/workspace/ros_ur_driver/install/ur_description/share/ur_description/meshes/ur3/visual/shoulder.dae
[2.020s] -- Up-to-date: /home/alvaro/workspace/ros_ur_driver/install/ur_description/share/ur_description/meshes/ur3/visual/wrist3.dae
[2.020s] -- Up-to-date: /home/alvaro/workspace/ros_ur_driver/install/ur_description/share/ur_description/meshes/ur3/visual/upperarm.dae
[2.020s] -- Up-to-date: /home/alvaro/workspace/ros_ur_driver/install/ur_description/share/ur_description/meshes/ur3/visual/base.dae
[2.021s] -- Up-to-date: /home/alvaro/workspace/ros_ur_driver/install/ur_description/share/ur_description/meshes/ur3/visual/wrist1.dae
[2.021s] -- Up-to-date: /home/alvaro/workspace/ros_ur_driver/install/ur_description/share/ur_description/meshes/ur3/collision
[2.021s] -- Up-to-date: /home/alvaro/workspace/ros_ur_driver/install/ur_description/share/ur_description/meshes/ur3/collision/shoulder.stl
[2.021s] -- Up-to-date: /home/alvaro/workspace/ros_ur_driver/install/ur_description/share/ur_description/meshes/ur3/collision/forearm.stl
[2.021s] -- Up-to-date: /home/alvaro/workspace/ros_ur_driver/install/ur_description/share/ur_description/meshes/ur3/collision/wrist1.stl
[2.021s] -- Up-to-date: /home/alvaro/workspace/ros_ur_driver/install/ur_description/share/ur_description/meshes/ur3/collision/base.stl
[2.021s] -- Up-to-date: /home/alvaro/workspace/ros_ur_driver/install/ur_description/share/ur_description/meshes/ur3/collision/upperarm.stl
[2.022s] -- Up-to-date: /home/alvaro/workspace/ros_ur_driver/install/ur_description/share/ur_description/meshes/ur3/collision/wrist2.stl
[2.022s] -- Up-to-date: /home/alvaro/workspace/ros_ur_driver/install/ur_description/share/ur_description/meshes/ur3/collision/wrist3.stl
[2.022s] -- Up-to-date: /home/alvaro/workspace/ros_ur_driver/install/ur_description/share/ur_description/meshes/ur16e
[2.022s] -- Up-to-date: /home/alvaro/workspace/ros_ur_driver/install/ur_description/share/ur_description/meshes/ur16e/visual
[2.022s] -- Up-to-date: /home/alvaro/workspace/ros_ur_driver/install/ur_description/share/ur_description/meshes/ur16e/visual/forearm.dae
[2.022s] -- Up-to-date: /home/alvaro/workspace/ros_ur_driver/install/ur_description/share/ur_description/meshes/ur16e/visual/upperarm.dae
[2.022s] -- Up-to-date: /home/alvaro/workspace/ros_ur_driver/install/ur_description/share/ur_description/meshes/ur16e/collision
[2.023s] -- Up-to-date: /home/alvaro/workspace/ros_ur_driver/install/ur_description/share/ur_description/meshes/ur16e/collision/forearm.stl
[2.023s] -- Up-to-date: /home/alvaro/workspace/ros_ur_driver/install/ur_description/share/ur_description/meshes/ur16e/collision/upperarm.stl
[2.023s] -- Up-to-date: /home/alvaro/workspace/ros_ur_driver/install/ur_description/share/ur_description/meshes/ur10
[2.023s] -- Up-to-date: /home/alvaro/workspace/ros_ur_driver/install/ur_description/share/ur_description/meshes/ur10/visual
[2.023s] -- Up-to-date: /home/alvaro/workspace/ros_ur_driver/install/ur_description/share/ur_description/meshes/ur10/visual/wrist2.dae
[2.023s] -- Up-to-date: /home/alvaro/workspace/ros_ur_driver/install/ur_description/share/ur_description/meshes/ur10/visual/forearm.dae
[2.024s] -- Up-to-date: /home/alvaro/workspace/ros_ur_driver/install/ur_description/share/ur_description/meshes/ur10/visual/shoulder.dae
[2.024s] -- Up-to-date: /home/alvaro/workspace/ros_ur_driver/install/ur_description/share/ur_description/meshes/ur10/visual/wrist3.dae
[2.024s] -- Up-to-date: /home/alvaro/workspace/ros_ur_driver/install/ur_description/share/ur_description/meshes/ur10/visual/upperarm.dae
[2.024s] -- Up-to-date: /home/alvaro/workspace/ros_ur_driver/install/ur_description/share/ur_description/meshes/ur10/visual/base.dae
[2.024s] -- Up-to-date: /home/alvaro/workspace/ros_ur_driver/install/ur_description/share/ur_description/meshes/ur10/visual/wrist1.dae
[2.024s] -- Up-to-date: /home/alvaro/workspace/ros_ur_driver/install/ur_description/share/ur_description/meshes/ur10/collision
[2.025s] -- Up-to-date: /home/alvaro/workspace/ros_ur_driver/install/ur_description/share/ur_description/meshes/ur10/collision/shoulder.stl
[2.025s] -- Up-to-date: /home/alvaro/workspace/ros_ur_driver/install/ur_description/share/ur_description/meshes/ur10/collision/forearm.stl
[2.025s] -- Up-to-date: /home/alvaro/workspace/ros_ur_driver/install/ur_description/share/ur_description/meshes/ur10/collision/wrist1.stl
[2.025s] -- Up-to-date: /home/alvaro/workspace/ros_ur_driver/install/ur_description/share/ur_description/meshes/ur10/collision/base.stl
[2.025s] -- Up-to-date: /home/alvaro/workspace/ros_ur_driver/install/ur_description/share/ur_description/meshes/ur10/collision/upperarm.stl
[2.025s] -- Up-to-date: /home/alvaro/workspace/ros_ur_driver/install/ur_description/share/ur_description/meshes/ur10/collision/wrist2.stl
[2.026s] -- Up-to-date: /home/alvaro/workspace/ros_ur_driver/install/ur_description/share/ur_description/meshes/ur10/collision/wrist3.stl
[2.026s] -- Up-to-date: /home/alvaro/workspace/ros_ur_driver/install/ur_description/share/ur_description/meshes/ur3e
[2.028s] -- Up-to-date: /home/alvaro/workspace/ros_ur_driver/install/ur_description/share/ur_description/meshes/ur3e/visual
[2.029s] -- Up-to-date: /home/alvaro/workspace/ros_ur_driver/install/ur_description/share/ur_description/meshes/ur3e/visual/wrist2.dae
[2.029s] -- Up-to-date: /home/alvaro/workspace/ros_ur_driver/install/ur_description/share/ur_description/meshes/ur3e/visual/forearm.dae
[2.029s] -- Up-to-date: /home/alvaro/workspace/ros_ur_driver/install/ur_description/share/ur_description/meshes/ur3e/visual/shoulder.dae
[2.029s] -- Up-to-date: /home/alvaro/workspace/ros_ur_driver/install/ur_description/share/ur_description/meshes/ur3e/visual/wrist3.dae
[2.030s] -- Up-to-date: /home/alvaro/workspace/ros_ur_driver/install/ur_description/share/ur_description/meshes/ur3e/visual/upperarm.dae
[2.031s] -- Up-to-date: /home/alvaro/workspace/ros_ur_driver/install/ur_description/share/ur_description/meshes/ur3e/visual/base.dae
[2.031s] -- Up-to-date: /home/alvaro/workspace/ros_ur_driver/install/ur_description/share/ur_description/meshes/ur3e/visual/wrist1.dae
[2.031s] -- Up-to-date: /home/alvaro/workspace/ros_ur_driver/install/ur_description/share/ur_description/meshes/ur3e/collision
[2.031s] -- Up-to-date: /home/alvaro/workspace/ros_ur_driver/install/ur_description/share/ur_description/meshes/ur3e/collision/shoulder.stl
[2.032s] -- Up-to-date: /home/alvaro/workspace/ros_ur_driver/install/ur_description/share/ur_description/meshes/ur3e/collision/forearm.stl
[2.032s] -- Up-to-date: /home/alvaro/workspace/ros_ur_driver/install/ur_description/share/ur_description/meshes/ur3e/collision/wrist1.stl
[2.032s] -- Up-to-date: /home/alvaro/workspace/ros_ur_driver/install/ur_description/share/ur_description/meshes/ur3e/collision/base.stl
[2.033s] -- Up-to-date: /home/alvaro/workspace/ros_ur_driver/install/ur_description/share/ur_description/meshes/ur3e/collision/upperarm.stl
[2.033s] -- Up-to-date: /home/alvaro/workspace/ros_ur_driver/install/ur_description/share/ur_description/meshes/ur3e/collision/wrist2.stl
[2.034s] -- Up-to-date: /home/alvaro/workspace/ros_ur_driver/install/ur_description/share/ur_description/meshes/ur3e/collision/wrist3.stl
[2.034s] -- Up-to-date: /home/alvaro/workspace/ros_ur_driver/install/ur_description/share/ur_description/meshes/ur5e
[2.034s] -- Up-to-date: /home/alvaro/workspace/ros_ur_driver/install/ur_description/share/ur_description/meshes/ur5e/visual
[2.034s] -- Up-to-date: /home/alvaro/workspace/ros_ur_driver/install/ur_description/share/ur_description/meshes/ur5e/visual/wrist2.dae
[2.034s] -- Up-to-date: /home/alvaro/workspace/ros_ur_driver/install/ur_description/share/ur_description/meshes/ur5e/visual/forearm.dae
[2.034s] -- Up-to-date: /home/alvaro/workspace/ros_ur_driver/install/ur_description/share/ur_description/meshes/ur5e/visual/shoulder.dae
[2.035s] -- Up-to-date: /home/alvaro/workspace/ros_ur_driver/install/ur_description/share/ur_description/meshes/ur5e/visual/wrist3.dae
[2.035s] -- Up-to-date: /home/alvaro/workspace/ros_ur_driver/install/ur_description/share/ur_description/meshes/ur5e/visual/upperarm.dae
[2.035s] -- Up-to-date: /home/alvaro/workspace/ros_ur_driver/install/ur_description/share/ur_description/meshes/ur5e/visual/base.dae
[2.035s] -- Up-to-date: /home/alvaro/workspace/ros_ur_driver/install/ur_description/share/ur_description/meshes/ur5e/visual/wrist1.dae
[2.035s] -- Up-to-date: /home/alvaro/workspace/ros_ur_driver/install/ur_description/share/ur_description/meshes/ur5e/collision
[2.036s] -- Up-to-date: /home/alvaro/workspace/ros_ur_driver/install/ur_description/share/ur_description/meshes/ur5e/collision/shoulder.stl
[2.036s] -- Up-to-date: /home/alvaro/workspace/ros_ur_driver/install/ur_description/share/ur_description/meshes/ur5e/collision/forearm.stl
[2.039s] -- Up-to-date: /home/alvaro/workspace/ros_ur_driver/install/ur_description/share/ur_description/meshes/ur5e/collision/wrist1.stl
[2.040s] -- Up-to-date: /home/alvaro/workspace/ros_ur_driver/install/ur_description/share/ur_description/meshes/ur5e/collision/base.stl
[2.041s] -- Up-to-date: /home/alvaro/workspace/ros_ur_driver/install/ur_description/share/ur_description/meshes/ur5e/collision/upperarm.stl
[2.041s] -- Up-to-date: /home/alvaro/workspace/ros_ur_driver/install/ur_description/share/ur_description/meshes/ur5e/collision/wrist2.stl
[2.042s] -- Up-to-date: /home/alvaro/workspace/ros_ur_driver/install/ur_description/share/ur_description/meshes/ur5e/collision/wrist3.stl
[2.043s] -- Up-to-date: /home/alvaro/workspace/ros_ur_driver/install/ur_description/share/ur_description/meshes/ur10e
[2.044s] -- Up-to-date: /home/alvaro/workspace/ros_ur_driver/install/ur_description/share/ur_description/meshes/ur10e/visual
[2.044s] -- Up-to-date: /home/alvaro/workspace/ros_ur_driver/install/ur_description/share/ur_description/meshes/ur10e/visual/wrist2.dae
[2.045s] -- Up-to-date: /home/alvaro/workspace/ros_ur_driver/install/ur_description/share/ur_description/meshes/ur10e/visual/forearm.dae
[2.045s] -- Up-to-date: /home/alvaro/workspace/ros_ur_driver/install/ur_description/share/ur_description/meshes/ur10e/visual/shoulder.dae
[2.045s] -- Up-to-date: /home/alvaro/workspace/ros_ur_driver/install/ur_description/share/ur_description/meshes/ur10e/visual/wrist3.dae
[2.046s] -- Up-to-date: /home/alvaro/workspace/ros_ur_driver/install/ur_description/share/ur_description/meshes/ur10e/visual/upperarm.dae
[2.046s] -- Up-to-date: /home/alvaro/workspace/ros_ur_driver/install/ur_description/share/ur_description/meshes/ur10e/visual/base.dae
[2.046s] -- Up-to-date: /home/alvaro/workspace/ros_ur_driver/install/ur_description/share/ur_description/meshes/ur10e/visual/wrist1.dae
[2.047s] -- Up-to-date: /home/alvaro/workspace/ros_ur_driver/install/ur_description/share/ur_description/meshes/ur10e/collision
[2.047s] -- Up-to-date: /home/alvaro/workspace/ros_ur_driver/install/ur_description/share/ur_description/meshes/ur10e/collision/shoulder.stl
[2.047s] -- Up-to-date: /home/alvaro/workspace/ros_ur_driver/install/ur_description/share/ur_description/meshes/ur10e/collision/forearm.stl
[2.048s] -- Up-to-date: /home/alvaro/workspace/ros_ur_driver/install/ur_description/share/ur_description/meshes/ur10e/collision/wrist1.stl
[2.049s] -- Up-to-date: /home/alvaro/workspace/ros_ur_driver/install/ur_description/share/ur_description/meshes/ur10e/collision/base.stl
[2.049s] -- Up-to-date: /home/alvaro/workspace/ros_ur_driver/install/ur_description/share/ur_description/meshes/ur10e/collision/upperarm.stl
[2.051s] -- Up-to-date: /home/alvaro/workspace/ros_ur_driver/install/ur_description/share/ur_description/meshes/ur10e/collision/wrist2.stl
[2.051s] -- Up-to-date: /home/alvaro/workspace/ros_ur_driver/install/ur_description/share/ur_description/meshes/ur10e/collision/wrist3.stl
[2.052s] -- Up-to-date: /home/alvaro/workspace/ros_ur_driver/install/ur_description/share/ur_description/meshes/ur5
[2.053s] -- Up-to-date: /home/alvaro/workspace/ros_ur_driver/install/ur_description/share/ur_description/meshes/ur5/visual
[2.054s] -- Up-to-date: /home/alvaro/workspace/ros_ur_driver/install/ur_description/share/ur_description/meshes/ur5/visual/wrist2.dae
[2.054s] -- Up-to-date: /home/alvaro/workspace/ros_ur_driver/install/ur_description/share/ur_description/meshes/ur5/visual/forearm.dae
[2.054s] -- Up-to-date: /home/alvaro/workspace/ros_ur_driver/install/ur_description/share/ur_description/meshes/ur5/visual/shoulder.dae
[2.054s] -- Up-to-date: /home/alvaro/workspace/ros_ur_driver/install/ur_description/share/ur_description/meshes/ur5/visual/wrist3.dae
[2.054s] -- Up-to-date: /home/alvaro/workspace/ros_ur_driver/install/ur_description/share/ur_description/meshes/ur5/visual/upperarm.dae
[2.054s] -- Up-to-date: /home/alvaro/workspace/ros_ur_driver/install/ur_description/share/ur_description/meshes/ur5/visual/base.dae
[2.054s] -- Up-to-date: /home/alvaro/workspace/ros_ur_driver/install/ur_description/share/ur_description/meshes/ur5/visual/wrist1.dae
[2.055s] -- Up-to-date: /home/alvaro/workspace/ros_ur_driver/install/ur_description/share/ur_description/meshes/ur5/collision
[2.055s] -- Up-to-date: /home/alvaro/workspace/ros_ur_driver/install/ur_description/share/ur_description/meshes/ur5/collision/shoulder.stl
[2.055s] -- Up-to-date: /home/alvaro/workspace/ros_ur_driver/install/ur_description/share/ur_description/meshes/ur5/collision/forearm.stl
[2.056s] -- Up-to-date: /home/alvaro/workspace/ros_ur_driver/install/ur_description/share/ur_description/meshes/ur5/collision/wrist1.stl
[2.056s] -- Up-to-date: /home/alvaro/workspace/ros_ur_driver/install/ur_description/share/ur_description/meshes/ur5/collision/base.stl
[2.056s] -- Up-to-date: /home/alvaro/workspace/ros_ur_driver/install/ur_description/share/ur_description/meshes/ur5/collision/upperarm.stl
[2.056s] -- Up-to-date: /home/alvaro/workspace/ros_ur_driver/install/ur_description/share/ur_description/meshes/ur5/collision/wrist2.stl
[2.057s] -- Up-to-date: /home/alvaro/workspace/ros_ur_driver/install/ur_description/share/ur_description/meshes/ur5/collision/wrist3.stl
[2.057s] -- Up-to-date: /home/alvaro/workspace/ros_ur_driver/install/ur_description/share/ur_description/rviz
[2.058s] -- Up-to-date: /home/alvaro/workspace/ros_ur_driver/install/ur_description/share/ur_description/rviz/view_robot.rviz
[2.058s] -- Up-to-date: /home/alvaro/workspace/ros_ur_driver/install/ur_description/share/ur_description/urdf
[2.059s] -- Up-to-date: /home/alvaro/workspace/ros_ur_driver/install/ur_description/share/ur_description/urdf/ur.ros2_control.xacro
[2.060s] -- Up-to-date: /home/alvaro/workspace/ros_ur_driver/install/ur_description/share/ur_description/urdf/inc
[2.060s] -- Up-to-date: /home/alvaro/workspace/ros_ur_driver/install/ur_description/share/ur_description/urdf/inc/ur_common.xacro
[2.061s] -- Up-to-date: /home/alvaro/workspace/ros_ur_driver/install/ur_description/share/ur_description/urdf/inc/ur_transmissions.xacro
[2.061s] -- Up-to-date: /home/alvaro/workspace/ros_ur_driver/install/ur_description/share/ur_description/urdf/ur.urdf.xacro
[2.062s] -- Up-to-date: /home/alvaro/workspace/ros_ur_driver/install/ur_description/share/ur_description/urdf/ur_macro.xacro
[2.064s] -- Up-to-date: /home/alvaro/workspace/ros_ur_driver/install/ur_description/share/ur_description/urdf/mirobotUR.urdf
[2.064s] -- Up-to-date: /home/alvaro/workspace/ros_ur_driver/install/ur_description/share/ament_index/resource_index/package_run_dependencies/ur_description
[2.065s] -- Up-to-date: /home/alvaro/workspace/ros_ur_driver/install/ur_description/share/ament_index/resource_index/parent_prefix_path/ur_description
[2.065s] -- Up-to-date: /home/alvaro/workspace/ros_ur_driver/install/ur_description/share/ur_description/environment/ament_prefix_path.sh
[2.066s] -- Up-to-date: /home/alvaro/workspace/ros_ur_driver/install/ur_description/share/ur_description/environment/ament_prefix_path.dsv
[2.067s] -- Up-to-date: /home/alvaro/workspace/ros_ur_driver/install/ur_description/share/ur_description/environment/path.sh
[2.068s] -- Up-to-date: /home/alvaro/workspace/ros_ur_driver/install/ur_description/share/ur_description/environment/path.dsv
[2.068s] -- Up-to-date: /home/alvaro/workspace/ros_ur_driver/install/ur_description/share/ur_description/local_setup.bash
[2.069s] -- Up-to-date: /home/alvaro/workspace/ros_ur_driver/install/ur_description/share/ur_description/local_setup.sh
[2.070s] -- Up-to-date: /home/alvaro/workspace/ros_ur_driver/install/ur_description/share/ur_description/local_setup.zsh
[2.071s] -- Up-to-date: /home/alvaro/workspace/ros_ur_driver/install/ur_description/share/ur_description/local_setup.dsv
[2.071s] -- Installing: /home/alvaro/workspace/ros_ur_driver/install/ur_description/share/ur_description/package.dsv
[2.071s] -- Up-to-date: /home/alvaro/workspace/ros_ur_driver/install/ur_description/share/ament_index/resource_index/packages/ur_description
[2.072s] -- Up-to-date: /home/alvaro/workspace/ros_ur_driver/install/ur_description/share/ur_description/cmake/ur_descriptionConfig.cmake
[2.072s] -- Up-to-date: /home/alvaro/workspace/ros_ur_driver/install/ur_description/share/ur_description/cmake/ur_descriptionConfig-version.cmake
[2.072s] -- Up-to-date: /home/alvaro/workspace/ros_ur_driver/install/ur_description/share/ur_description/package.xml
[2.080s] Invoked command in '/home/alvaro/workspace/ros_ur_driver/build/ur_description' returned '0': CMAKE_PREFIX_PATH=${CMAKE_PREFIX_PATH}:/home/alvaro/workspace/ros_ur_driver/install/py_srvcli:/home/alvaro/ros2_ws/install/ros2controlcli:/home/alvaro/ros2_ws/install/ros2_control_test_nodes:/home/alvaro/ros2_ws/install/py_srvcli:/home/alvaro/dev_ws/install/ros2test:/opt/ros/foxy /usr/bin/cmake --install /home/alvaro/workspace/ros_ur_driver/build/ur_description
