[0.112s] Invoking command in '/home/adela/workspace/ros_ur_driver/build/ur': CMAKE_PREFIX_PATH=/home/adela/workspace/ros_ur_driver/install/ur_calibration:/home/adela/workspace/ros_ur_driver/install/ur_robot_driver:/home/adela/workspace/ros_ur_driver/install/ur_moveit_config:/home/adela/workspace/ros_ur_driver/install/ur_controllers:/home/adela/workspace/ros_ur_driver/install/ur_description:/home/adela/workspace/ros_ur_driver/install/ur_dashboard_msgs:/home/adela/workspace/ros_ur_driver/install/ur:/home/adela/workspace/ros_ur_driver/install/ur_bringup:/opt/ros/humble /usr/bin/cmake --build /home/adela/workspace/ros_ur_driver/build/ur -- -j2 -l2
[0.167s] Invoked command in '/home/adela/workspace/ros_ur_driver/build/ur' returned '0': CMAKE_PREFIX_PATH=/home/adela/workspace/ros_ur_driver/install/ur_calibration:/home/adela/workspace/ros_ur_driver/install/ur_robot_driver:/home/adela/workspace/ros_ur_driver/install/ur_moveit_config:/home/adela/workspace/ros_ur_driver/install/ur_controllers:/home/adela/workspace/ros_ur_driver/install/ur_description:/home/adela/workspace/ros_ur_driver/install/ur_dashboard_msgs:/home/adela/workspace/ros_ur_driver/install/ur:/home/adela/workspace/ros_ur_driver/install/ur_bringup:/opt/ros/humble /usr/bin/cmake --build /home/adela/workspace/ros_ur_driver/build/ur -- -j2 -l2
[0.195s] Invoking command in '/home/adela/workspace/ros_ur_driver/build/ur': CMAKE_PREFIX_PATH=/home/adela/workspace/ros_ur_driver/install/ur_calibration:/home/adela/workspace/ros_ur_driver/install/ur_robot_driver:/home/adela/workspace/ros_ur_driver/install/ur_moveit_config:/home/adela/workspace/ros_ur_driver/install/ur_controllers:/home/adela/workspace/ros_ur_driver/install/ur_description:/home/adela/workspace/ros_ur_driver/install/ur_dashboard_msgs:/home/adela/workspace/ros_ur_driver/install/ur:/home/adela/workspace/ros_ur_driver/install/ur_bringup:/opt/ros/humble /usr/bin/cmake --install /home/adela/workspace/ros_ur_driver/build/ur
[0.204s] -- Install configuration: ""
[0.204s] -- Up-to-date: /home/adela/workspace/ros_ur_driver/install/ur/share/ament_index/resource_index/package_run_dependencies/ur
[0.205s] -- Up-to-date: /home/adela/workspace/ros_ur_driver/install/ur/share/ament_index/resource_index/parent_prefix_path/ur
[0.205s] -- Up-to-date: /home/adela/workspace/ros_ur_driver/install/ur/share/ur/environment/ament_prefix_path.sh
[0.205s] -- Up-to-date: /home/adela/workspace/ros_ur_driver/install/ur/share/ur/environment/ament_prefix_path.dsv
[0.205s] -- Up-to-date: /home/adela/workspace/ros_ur_driver/install/ur/share/ur/environment/path.sh
[0.205s] -- Up-to-date: /home/adela/workspace/ros_ur_driver/install/ur/share/ur/environment/path.dsv
[0.206s] -- Up-to-date: /home/adela/workspace/ros_ur_driver/install/ur/share/ur/local_setup.bash
[0.206s] -- Up-to-date: /home/adela/workspace/ros_ur_driver/install/ur/share/ur/local_setup.sh
[0.206s] -- Up-to-date: /home/adela/workspace/ros_ur_driver/install/ur/share/ur/local_setup.zsh
[0.206s] -- Up-to-date: /home/adela/workspace/ros_ur_driver/install/ur/share/ur/local_setup.dsv
[0.207s] -- Up-to-date: /home/adela/workspace/ros_ur_driver/install/ur/share/ur/package.dsv
[0.207s] -- Up-to-date: /home/adela/workspace/ros_ur_driver/install/ur/share/ament_index/resource_index/packages/ur
[0.207s] -- Up-to-date: /home/adela/workspace/ros_ur_driver/install/ur/share/ur/cmake/urConfig.cmake
[0.207s] -- Up-to-date: /home/adela/workspace/ros_ur_driver/install/ur/share/ur/cmake/urConfig-version.cmake
[0.208s] -- Up-to-date: /home/adela/workspace/ros_ur_driver/install/ur/share/ur/package.xml
[0.212s] Invoked command in '/home/adela/workspace/ros_ur_driver/build/ur' returned '0': CMAKE_PREFIX_PATH=/home/adela/workspace/ros_ur_driver/install/ur_calibration:/home/adela/workspace/ros_ur_driver/install/ur_robot_driver:/home/adela/workspace/ros_ur_driver/install/ur_moveit_config:/home/adela/workspace/ros_ur_driver/install/ur_controllers:/home/adela/workspace/ros_ur_driver/install/ur_description:/home/adela/workspace/ros_ur_driver/install/ur_dashboard_msgs:/home/adela/workspace/ros_ur_driver/install/ur:/home/adela/workspace/ros_ur_driver/install/ur_bringup:/opt/ros/humble /usr/bin/cmake --install /home/adela/workspace/ros_ur_driver/build/ur
