[0.127s] Invoking command in '/home/adela/workspace/ros_ur_driver/build/ur_calibration': CMAKE_PREFIX_PATH=/home/adela/workspace/ros_ur_driver/install/ur_robot_driver:/home/adela/workspace/ros_ur_driver/install/ur_controllers:/home/adela/workspace/ros_ur_driver/install/ur_description:/home/adela/workspace/ros_ur_driver/install/ur_dashboard_msgs:/home/adela/workspace/ros_ur_driver/install/ur:/home/adela/workspace/ros_ur_driver/install/ur_calibration:/home/adela/workspace/ros_ur_driver/install/ur_moveit_config:/home/adela/workspace/ros_ur_driver/install/ur_bringup:/opt/ros/humble /usr/bin/cmake /home/adela/workspace/ros_ur_driver/src/Universal_Robots_ROS2_Driver/ur_calibration -DCMAKE_BUILD_TYPE=Release -DCMAKE_INSTALL_PREFIX=/home/adela/workspace/ros_ur_driver/install/ur_calibration
[0.144s] -- Found ament_cmake: 1.3.5 (/opt/ros/humble/share/ament_cmake/cmake)
[0.368s] -- Found rclcpp: 16.0.6 (/opt/ros/humble/share/rclcpp/cmake)
[0.416s] -- Found rosidl_generator_c: 3.1.5 (/opt/ros/humble/share/rosidl_generator_c/cmake)
[0.422s] -- Found rosidl_adapter: 3.1.5 (/opt/ros/humble/share/rosidl_adapter/cmake)
[0.430s] -- Found rosidl_generator_cpp: 3.1.5 (/opt/ros/humble/share/rosidl_generator_cpp/cmake)
[0.446s] -- Using all available rosidl_typesupport_c: rosidl_typesupport_fastrtps_c;rosidl_typesupport_introspection_c
[0.472s] -- Using all available rosidl_typesupport_cpp: rosidl_typesupport_fastrtps_cpp;rosidl_typesupport_introspection_cpp
[0.572s] -- Found rmw_implementation_cmake: 6.1.1 (/opt/ros/humble/share/rmw_implementation_cmake/cmake)
[0.575s] -- Found rmw_fastrtps_cpp: 6.2.4 (/opt/ros/humble/share/rmw_fastrtps_cpp/cmake)
[0.777s] -- Using RMW implementation 'rmw_fastrtps_cpp' as default
[1.088s] -- Found ur_robot_driver: 2.2.9 (/home/adela/workspace/ros_ur_driver/install/ur_robot_driver/share/ur_robot_driver/cmake)
[3.737s] -- Found eigen3_cmake_module: 0.1.1 (/opt/ros/humble/share/eigen3_cmake_module/cmake)
[3.739s] -- Ensuring Eigen3 include directory is part of orocos-kdl CMake target
[6.776s] -- Found ament_cmake_gmock: 1.3.5 (/opt/ros/humble/share/ament_cmake_gmock/cmake)
[6.778s] -- Found gmock sources under '/opt/ros/humble/src/gmock_vendor': C++ tests using 'Google Mock' will be built
[6.780s] -- Found ament_cmake_gtest: 1.3.5 (/opt/ros/humble/share/ament_cmake_gtest/cmake)
[6.781s] -- Found gtest sources under '/opt/ros/humble/src/gtest_vendor': C++ tests using 'Google Test' will be built
[6.887s] -- Configuring done
[7.004s] -- Generating done
[7.008s] -- Build files have been written to: /home/adela/workspace/ros_ur_driver/build/ur_calibration
[7.021s] Invoked command in '/home/adela/workspace/ros_ur_driver/build/ur_calibration' returned '0': CMAKE_PREFIX_PATH=/home/adela/workspace/ros_ur_driver/install/ur_robot_driver:/home/adela/workspace/ros_ur_driver/install/ur_controllers:/home/adela/workspace/ros_ur_driver/install/ur_description:/home/adela/workspace/ros_ur_driver/install/ur_dashboard_msgs:/home/adela/workspace/ros_ur_driver/install/ur:/home/adela/workspace/ros_ur_driver/install/ur_calibration:/home/adela/workspace/ros_ur_driver/install/ur_moveit_config:/home/adela/workspace/ros_ur_driver/install/ur_bringup:/opt/ros/humble /usr/bin/cmake /home/adela/workspace/ros_ur_driver/src/Universal_Robots_ROS2_Driver/ur_calibration -DCMAKE_BUILD_TYPE=Release -DCMAKE_INSTALL_PREFIX=/home/adela/workspace/ros_ur_driver/install/ur_calibration
[7.021s] Invoking command in '/home/adela/workspace/ros_ur_driver/build/ur_calibration': CMAKE_PREFIX_PATH=/home/adela/workspace/ros_ur_driver/install/ur_robot_driver:/home/adela/workspace/ros_ur_driver/install/ur_controllers:/home/adela/workspace/ros_ur_driver/install/ur_description:/home/adela/workspace/ros_ur_driver/install/ur_dashboard_msgs:/home/adela/workspace/ros_ur_driver/install/ur:/home/adela/workspace/ros_ur_driver/install/ur_calibration:/home/adela/workspace/ros_ur_driver/install/ur_moveit_config:/home/adela/workspace/ros_ur_driver/install/ur_bringup:/opt/ros/humble /usr/bin/cmake --build /home/adela/workspace/ros_ur_driver/build/ur_calibration -- -j2 -l2
[7.072s] [35m[1mConsolidate compiler generated dependencies of target gmock_main[0m
[7.082s] [35m[1mConsolidate compiler generated dependencies of target calibration[0m
[7.090s] [ 16%] Built target gmock_main
[7.104s] [35m[1mConsolidate compiler generated dependencies of target gmock[0m
[7.123s] [ 41%] Built target gmock
[7.128s] [ 66%] Built target calibration
[7.143s] [35m[1mConsolidate compiler generated dependencies of target calibration_correction[0m
[7.152s] [35m[1mConsolidate compiler generated dependencies of target calibration_test[0m
[7.169s] [ 83%] Built target calibration_correction
[7.187s] [100%] Built target calibration_test
[7.209s] Invoked command in '/home/adela/workspace/ros_ur_driver/build/ur_calibration' returned '0': CMAKE_PREFIX_PATH=/home/adela/workspace/ros_ur_driver/install/ur_robot_driver:/home/adela/workspace/ros_ur_driver/install/ur_controllers:/home/adela/workspace/ros_ur_driver/install/ur_description:/home/adela/workspace/ros_ur_driver/install/ur_dashboard_msgs:/home/adela/workspace/ros_ur_driver/install/ur:/home/adela/workspace/ros_ur_driver/install/ur_calibration:/home/adela/workspace/ros_ur_driver/install/ur_moveit_config:/home/adela/workspace/ros_ur_driver/install/ur_bringup:/opt/ros/humble /usr/bin/cmake --build /home/adela/workspace/ros_ur_driver/build/ur_calibration -- -j2 -l2
[7.253s] Invoking command in '/home/adela/workspace/ros_ur_driver/build/ur_calibration': CMAKE_PREFIX_PATH=/home/adela/workspace/ros_ur_driver/install/ur_robot_driver:/home/adela/workspace/ros_ur_driver/install/ur_controllers:/home/adela/workspace/ros_ur_driver/install/ur_description:/home/adela/workspace/ros_ur_driver/install/ur_dashboard_msgs:/home/adela/workspace/ros_ur_driver/install/ur:/home/adela/workspace/ros_ur_driver/install/ur_calibration:/home/adela/workspace/ros_ur_driver/install/ur_moveit_config:/home/adela/workspace/ros_ur_driver/install/ur_bringup:/opt/ros/humble /usr/bin/cmake --install /home/adela/workspace/ros_ur_driver/build/ur_calibration
[7.265s] -- Install configuration: "Release"
[7.265s] -- Up-to-date: /home/adela/workspace/ros_ur_driver/install/ur_calibration/lib/ur_calibration/calibration_correction
[7.267s] -- Up-to-date: /home/adela/workspace/ros_ur_driver/install/ur_calibration/include
[7.268s] -- Up-to-date: /home/adela/workspace/ros_ur_driver/install/ur_calibration/include/ur_calibration
[7.268s] -- Up-to-date: /home/adela/workspace/ros_ur_driver/install/ur_calibration/include/ur_calibration/calibration_consumer.hpp
[7.269s] -- Up-to-date: /home/adela/workspace/ros_ur_driver/install/ur_calibration/include/ur_calibration/calibration.hpp
[7.270s] -- Up-to-date: /home/adela/workspace/ros_ur_driver/install/ur_calibration/share/ur_calibration/launch
[7.271s] -- Up-to-date: /home/adela/workspace/ros_ur_driver/install/ur_calibration/share/ur_calibration/launch/calibration_correction.launch.py
[7.272s] -- Up-to-date: /home/adela/workspace/ros_ur_driver/install/ur_calibration/share/ament_index/resource_index/package_run_dependencies/ur_calibration
[7.272s] -- Up-to-date: /home/adela/workspace/ros_ur_driver/install/ur_calibration/share/ament_index/resource_index/parent_prefix_path/ur_calibration
[7.273s] -- Up-to-date: /home/adela/workspace/ros_ur_driver/install/ur_calibration/share/ur_calibration/environment/ament_prefix_path.sh
[7.274s] -- Installing: /home/adela/workspace/ros_ur_driver/install/ur_calibration/share/ur_calibration/environment/ament_prefix_path.dsv
[7.275s] -- Up-to-date: /home/adela/workspace/ros_ur_driver/install/ur_calibration/share/ur_calibration/environment/path.sh
[7.276s] -- Installing: /home/adela/workspace/ros_ur_driver/install/ur_calibration/share/ur_calibration/environment/path.dsv
[7.277s] -- Up-to-date: /home/adela/workspace/ros_ur_driver/install/ur_calibration/share/ur_calibration/local_setup.bash
[7.277s] -- Up-to-date: /home/adela/workspace/ros_ur_driver/install/ur_calibration/share/ur_calibration/local_setup.sh
[7.277s] -- Up-to-date: /home/adela/workspace/ros_ur_driver/install/ur_calibration/share/ur_calibration/local_setup.zsh
[7.279s] -- Installing: /home/adela/workspace/ros_ur_driver/install/ur_calibration/share/ur_calibration/local_setup.dsv
[7.280s] -- Installing: /home/adela/workspace/ros_ur_driver/install/ur_calibration/share/ur_calibration/package.dsv
[7.280s] -- Up-to-date: /home/adela/workspace/ros_ur_driver/install/ur_calibration/share/ament_index/resource_index/packages/ur_calibration
[7.280s] -- Up-to-date: /home/adela/workspace/ros_ur_driver/install/ur_calibration/share/ur_calibration/cmake/ament_cmake_export_include_directories-extras.cmake
[7.280s] -- Up-to-date: /home/adela/workspace/ros_ur_driver/install/ur_calibration/share/ur_calibration/cmake/ament_cmake_export_dependencies-extras.cmake
[7.281s] -- Up-to-date: /home/adela/workspace/ros_ur_driver/install/ur_calibration/share/ur_calibration/cmake/ur_calibrationConfig.cmake
[7.281s] -- Up-to-date: /home/adela/workspace/ros_ur_driver/install/ur_calibration/share/ur_calibration/cmake/ur_calibrationConfig-version.cmake
[7.281s] -- Up-to-date: /home/adela/workspace/ros_ur_driver/install/ur_calibration/share/ur_calibration/package.xml
[7.284s] Invoked command in '/home/adela/workspace/ros_ur_driver/build/ur_calibration' returned '0': CMAKE_PREFIX_PATH=/home/adela/workspace/ros_ur_driver/install/ur_robot_driver:/home/adela/workspace/ros_ur_driver/install/ur_controllers:/home/adela/workspace/ros_ur_driver/install/ur_description:/home/adela/workspace/ros_ur_driver/install/ur_dashboard_msgs:/home/adela/workspace/ros_ur_driver/install/ur:/home/adela/workspace/ros_ur_driver/install/ur_calibration:/home/adela/workspace/ros_ur_driver/install/ur_moveit_config:/home/adela/workspace/ros_ur_driver/install/ur_bringup:/opt/ros/humble /usr/bin/cmake --install /home/adela/workspace/ros_ur_driver/build/ur_calibration
