[1.047s] Invoking command in '/home/alvaro/workspace/ros_ur_driver/build/ur_dashboard_msgs': CMAKE_PREFIX_PATH=${CMAKE_PREFIX_PATH}:/home/alvaro/ros2_ws/install/ros2controlcli:/home/alvaro/ros2_ws/install/ros2_control_test_nodes:/home/alvaro/dev_ws/install/ros2test:/opt/ros/foxy /usr/bin/cmake /home/alvaro/workspace/ros_ur_driver/src/Universal_Robots_ROS2_Driver/ur_dashboard_msgs -DCMAKE_INSTALL_PREFIX=/home/alvaro/workspace/ros_ur_driver/install/ur_dashboard_msgs
[1.160s] -- The C compiler identification is GNU 9.4.0
[1.261s] -- The CXX compiler identification is GNU 9.4.0
[1.273s] -- Check for working C compiler: /usr/bin/cc
[1.389s] -- Check for working C compiler: /usr/bin/cc -- works
[1.392s] -- Detecting C compiler ABI info
[1.512s] -- Detecting C compiler ABI info - done
[1.534s] -- Detecting C compile features
[1.534s] -- Detecting C compile features - done
[1.538s] -- Check for working CXX compiler: /usr/bin/c++
[1.669s] -- Check for working CXX compiler: /usr/bin/c++ -- works
[1.671s] -- Detecting CXX compiler ABI info
[1.808s] -- Detecting CXX compiler ABI info - done
[1.827s] -- Detecting CXX compile features
[1.827s] -- Detecting CXX compile features - done
[1.842s] -- Found ament_cmake: 0.9.12 (/opt/ros/foxy/share/ament_cmake/cmake)
[1.911s] -- Found PythonInterp: /usr/bin/python3 (found suitable version "3.8.10", minimum required is "3") 
[1.911s] -- Using PYTHON_EXECUTABLE: /usr/bin/python3
[2.314s] -- Found rosidl_default_generators: 1.0.1 (/opt/ros/foxy/share/rosidl_default_generators/cmake)
[2.346s] -- Using all available rosidl_typesupport_c: rosidl_typesupport_fastrtps_c;rosidl_typesupport_introspection_c
[2.375s] -- Found rosidl_adapter: 1.3.1 (/opt/ros/foxy/share/rosidl_adapter/cmake)
[2.685s] -- Found OpenSSL: /usr/lib/x86_64-linux-gnu/libcrypto.so (found version "1.1.1f")  
[2.744s] -- Found FastRTPS: /opt/ros/foxy/include  
[2.952s] -- Using all available rosidl_typesupport_cpp: rosidl_typesupport_fastrtps_cpp;rosidl_typesupport_introspection_cpp
[3.019s] -- Found action_msgs: 1.0.0 (/opt/ros/foxy/share/action_msgs/cmake)
[3.183s] -- Found PythonInterp: /usr/bin/python3 (found version "3.8.10") 
[3.537s] -- Found ament_cmake_ros: 0.9.2 (/opt/ros/foxy/share/ament_cmake_ros/cmake)
[3.850s] -- Using all available rosidl_typesupport_c: rosidl_typesupport_fastrtps_c;rosidl_typesupport_introspection_c
[3.923s] -- Using all available rosidl_typesupport_cpp: rosidl_typesupport_fastrtps_cpp;rosidl_typesupport_introspection_cpp
[3.988s] -- Found PythonInterp: /usr/bin/python3 (found suitable version "3.8.10", minimum required is "3.5") 
[3.997s] -- Found python_cmake_module: 0.8.1 (/opt/ros/foxy/share/python_cmake_module/cmake)
[4.209s] -- Found PythonLibs: /usr/lib/x86_64-linux-gnu/libpython3.8.so (found suitable version "3.8.10", minimum required is "3.5") 
[4.209s] -- Using PYTHON_EXECUTABLE: /usr/bin/python3
[4.209s] -- Using PYTHON_INCLUDE_DIRS: /usr/include/python3.8
[4.209s] -- Using PYTHON_LIBRARIES: /usr/lib/x86_64-linux-gnu/libpython3.8.so
[4.255s] -- Found PythonExtra: .so  
[4.439s] -- Configuring done
[4.550s] -- Generating done
[4.554s] -- Build files have been written to: /home/alvaro/workspace/ros_ur_driver/build/ur_dashboard_msgs
[4.562s] Invoked command in '/home/alvaro/workspace/ros_ur_driver/build/ur_dashboard_msgs' returned '0': CMAKE_PREFIX_PATH=${CMAKE_PREFIX_PATH}:/home/alvaro/ros2_ws/install/ros2controlcli:/home/alvaro/ros2_ws/install/ros2_control_test_nodes:/home/alvaro/dev_ws/install/ros2test:/opt/ros/foxy /usr/bin/cmake /home/alvaro/workspace/ros_ur_driver/src/Universal_Robots_ROS2_Driver/ur_dashboard_msgs -DCMAKE_INSTALL_PREFIX=/home/alvaro/workspace/ros_ur_driver/install/ur_dashboard_msgs
[4.564s] Invoking command in '/home/alvaro/workspace/ros_ur_driver/build/ur_dashboard_msgs': CMAKE_PREFIX_PATH=${CMAKE_PREFIX_PATH}:/home/alvaro/ros2_ws/install/ros2controlcli:/home/alvaro/ros2_ws/install/ros2_control_test_nodes:/home/alvaro/dev_ws/install/ros2test:/opt/ros/foxy /usr/bin/cmake --build /home/alvaro/workspace/ros_ur_driver/build/ur_dashboard_msgs -- -j12 -l12
[4.665s] [35m[1mScanning dependencies of target ur_dashboard_msgs__cpp[0m
[4.665s] [  1%] [34m[1mGenerating C code for ROS interfaces[0m
[4.688s] [  1%] [34m[1mGenerating C++ code for ROS interfaces[0m
[6.567s] [  1%] Built target ur_dashboard_msgs__cpp
[6.612s] [  2%] [34m[1mGenerating C++ introspection for ROS interfaces[0m
[6.612s] [  2%] [34m[1mGenerating C++ type support for eProsima Fast-RTPS[0m
[6.612s] [  3%] [34m[1mGenerating C++ type support dispatch for ROS interfaces[0m
[6.747s] [35m[1mScanning dependencies of target ur_dashboard_msgs__rosidl_generator_c[0m
[6.786s] [  3%] [32mBuilding C object CMakeFiles/ur_dashboard_msgs__rosidl_generator_c.dir/rosidl_generator_c/ur_dashboard_msgs/msg/detail/robot_mode__functions.c.o[0m
[6.788s] [  5%] [32mBuilding C object CMakeFiles/ur_dashboard_msgs__rosidl_generator_c.dir/rosidl_generator_c/ur_dashboard_msgs/srv/detail/get_robot_mode__functions.c.o[0m
[6.788s] [  5%] [32mBuilding C object CMakeFiles/ur_dashboard_msgs__rosidl_generator_c.dir/rosidl_generator_c/ur_dashboard_msgs/msg/detail/safety_mode__functions.c.o[0m
[6.789s] [  5%] [32mBuilding C object CMakeFiles/ur_dashboard_msgs__rosidl_generator_c.dir/rosidl_generator_c/ur_dashboard_msgs/srv/detail/get_program_state__functions.c.o[0m
[6.789s] [  6%] [32mBuilding C object CMakeFiles/ur_dashboard_msgs__rosidl_generator_c.dir/rosidl_generator_c/ur_dashboard_msgs/msg/detail/program_state__functions.c.o[0m
[6.791s] [  7%] [32mBuilding C object CMakeFiles/ur_dashboard_msgs__rosidl_generator_c.dir/rosidl_generator_c/ur_dashboard_msgs/srv/detail/get_loaded_program__functions.c.o[0m
[6.791s] [  8%] [32mBuilding C object CMakeFiles/ur_dashboard_msgs__rosidl_generator_c.dir/rosidl_generator_c/ur_dashboard_msgs/srv/detail/add_to_log__functions.c.o[0m
[6.795s] [  9%] [32mBuilding C object CMakeFiles/ur_dashboard_msgs__rosidl_generator_c.dir/rosidl_generator_c/ur_dashboard_msgs/srv/detail/get_safety_mode__functions.c.o[0m
[6.810s] [ 10%] [32mBuilding C object CMakeFiles/ur_dashboard_msgs__rosidl_generator_c.dir/rosidl_generator_c/ur_dashboard_msgs/srv/detail/is_program_running__functions.c.o[0m
[6.904s] [ 10%] [32mBuilding C object CMakeFiles/ur_dashboard_msgs__rosidl_generator_c.dir/rosidl_generator_c/ur_dashboard_msgs/srv/detail/is_program_saved__functions.c.o[0m
[6.908s] [ 11%] [32mBuilding C object CMakeFiles/ur_dashboard_msgs__rosidl_generator_c.dir/rosidl_generator_c/ur_dashboard_msgs/srv/detail/load__functions.c.o[0m
[6.913s] [ 12%] [32mBuilding C object CMakeFiles/ur_dashboard_msgs__rosidl_generator_c.dir/rosidl_generator_c/ur_dashboard_msgs/srv/detail/popup__functions.c.o[0m
[6.922s] [ 12%] [32mBuilding C object CMakeFiles/ur_dashboard_msgs__rosidl_generator_c.dir/rosidl_generator_c/ur_dashboard_msgs/srv/detail/raw_request__functions.c.o[0m
[6.929s] [ 13%] [32mBuilding C object CMakeFiles/ur_dashboard_msgs__rosidl_generator_c.dir/rosidl_generator_c/ur_dashboard_msgs/action/detail/set_mode__functions.c.o[0m
[7.149s] [ 14%] [32m[1mLinking C shared library libur_dashboard_msgs__rosidl_generator_c.so[0m
[7.227s] [ 14%] Built target ur_dashboard_msgs__rosidl_generator_c
[7.246s] [ 15%] [34m[1mGenerating C type support dispatch for ROS interfaces[0m
[7.254s] [ 16%] [34m[1mGenerating C introspection for ROS interfaces[0m
[7.782s] [35m[1mScanning dependencies of target ur_dashboard_msgs__rosidl_typesupport_cpp[0m
[7.821s] [ 18%] [32mBuilding CXX object CMakeFiles/ur_dashboard_msgs__rosidl_typesupport_cpp.dir/rosidl_typesupport_cpp/ur_dashboard_msgs/msg/program_state__type_support.cpp.o[0m
[7.822s] [ 19%] [32mBuilding CXX object CMakeFiles/ur_dashboard_msgs__rosidl_typesupport_cpp.dir/rosidl_typesupport_cpp/ur_dashboard_msgs/srv/add_to_log__type_support.cpp.o[0m
[7.822s] [ 20%] [32mBuilding CXX object CMakeFiles/ur_dashboard_msgs__rosidl_typesupport_cpp.dir/rosidl_typesupport_cpp/ur_dashboard_msgs/srv/get_program_state__type_support.cpp.o[0m
[7.822s] [ 20%] [32mBuilding CXX object CMakeFiles/ur_dashboard_msgs__rosidl_typesupport_cpp.dir/rosidl_typesupport_cpp/ur_dashboard_msgs/msg/robot_mode__type_support.cpp.o[0m
[7.824s] [ 18%] [32mBuilding CXX object CMakeFiles/ur_dashboard_msgs__rosidl_typesupport_cpp.dir/rosidl_typesupport_cpp/ur_dashboard_msgs/srv/get_loaded_program__type_support.cpp.o[0m
[7.824s] [ 20%] [32mBuilding CXX object CMakeFiles/ur_dashboard_msgs__rosidl_typesupport_cpp.dir/rosidl_typesupport_cpp/ur_dashboard_msgs/msg/safety_mode__type_support.cpp.o[0m
[7.825s] [ 21%] [32mBuilding CXX object CMakeFiles/ur_dashboard_msgs__rosidl_typesupport_cpp.dir/rosidl_typesupport_cpp/ur_dashboard_msgs/srv/get_robot_mode__type_support.cpp.o[0m
[7.831s] [ 22%] [32mBuilding CXX object CMakeFiles/ur_dashboard_msgs__rosidl_typesupport_cpp.dir/rosidl_typesupport_cpp/ur_dashboard_msgs/srv/get_safety_mode__type_support.cpp.o[0m
[8.260s] [ 23%] [32mBuilding CXX object CMakeFiles/ur_dashboard_msgs__rosidl_typesupport_cpp.dir/rosidl_typesupport_cpp/ur_dashboard_msgs/srv/is_program_running__type_support.cpp.o[0m
[8.271s] [ 23%] [32mBuilding CXX object CMakeFiles/ur_dashboard_msgs__rosidl_typesupport_cpp.dir/rosidl_typesupport_cpp/ur_dashboard_msgs/srv/is_program_saved__type_support.cpp.o[0m
[8.291s] [ 24%] [32mBuilding CXX object CMakeFiles/ur_dashboard_msgs__rosidl_typesupport_cpp.dir/rosidl_typesupport_cpp/ur_dashboard_msgs/srv/load__type_support.cpp.o[0m
[8.302s] [ 25%] [32mBuilding CXX object CMakeFiles/ur_dashboard_msgs__rosidl_typesupport_cpp.dir/rosidl_typesupport_cpp/ur_dashboard_msgs/srv/popup__type_support.cpp.o[0m
[8.309s] [ 26%] [32mBuilding CXX object CMakeFiles/ur_dashboard_msgs__rosidl_typesupport_cpp.dir/rosidl_typesupport_cpp/ur_dashboard_msgs/srv/raw_request__type_support.cpp.o[0m
[8.312s] [ 26%] [32mBuilding CXX object CMakeFiles/ur_dashboard_msgs__rosidl_typesupport_cpp.dir/rosidl_typesupport_cpp/ur_dashboard_msgs/action/set_mode__type_support.cpp.o[0m
[8.423s] [35m[1mScanning dependencies of target ur_dashboard_msgs__rosidl_typesupport_introspection_cpp[0m
[8.473s] [ 27%] [32mBuilding CXX object CMakeFiles/ur_dashboard_msgs__rosidl_typesupport_introspection_cpp.dir/rosidl_typesupport_introspection_cpp/ur_dashboard_msgs/msg/detail/program_state__type_support.cpp.o[0m
[8.492s] [ 28%] [32mBuilding CXX object CMakeFiles/ur_dashboard_msgs__rosidl_typesupport_introspection_cpp.dir/rosidl_typesupport_introspection_cpp/ur_dashboard_msgs/msg/detail/robot_mode__type_support.cpp.o[0m
[8.494s] [35m[1mScanning dependencies of target ur_dashboard_msgs__rosidl_typesupport_c[0m
[8.523s] [ 29%] [32mBuilding CXX object CMakeFiles/ur_dashboard_msgs__rosidl_typesupport_introspection_cpp.dir/rosidl_typesupport_introspection_cpp/ur_dashboard_msgs/msg/detail/safety_mode__type_support.cpp.o[0m
[8.530s] [ 29%] [32mBuilding CXX object CMakeFiles/ur_dashboard_msgs__rosidl_typesupport_c.dir/rosidl_typesupport_c/ur_dashboard_msgs/msg/program_state__type_support.cpp.o[0m
[8.587s] [ 30%] [32mBuilding CXX object CMakeFiles/ur_dashboard_msgs__rosidl_typesupport_c.dir/rosidl_typesupport_c/ur_dashboard_msgs/msg/robot_mode__type_support.cpp.o[0m
[8.684s] [ 31%] [32mBuilding CXX object CMakeFiles/ur_dashboard_msgs__rosidl_typesupport_c.dir/rosidl_typesupport_c/ur_dashboard_msgs/msg/safety_mode__type_support.cpp.o[0m
[8.706s] [ 32%] [32mBuilding CXX object CMakeFiles/ur_dashboard_msgs__rosidl_typesupport_c.dir/rosidl_typesupport_c/ur_dashboard_msgs/srv/add_to_log__type_support.cpp.o[0m
[8.743s] [ 32%] [32mBuilding CXX object CMakeFiles/ur_dashboard_msgs__rosidl_typesupport_c.dir/rosidl_typesupport_c/ur_dashboard_msgs/srv/get_loaded_program__type_support.cpp.o[0m
[8.771s] [ 33%] [32mBuilding CXX object CMakeFiles/ur_dashboard_msgs__rosidl_typesupport_c.dir/rosidl_typesupport_c/ur_dashboard_msgs/srv/get_program_state__type_support.cpp.o[0m
[8.773s] [ 34%] [32mBuilding CXX object CMakeFiles/ur_dashboard_msgs__rosidl_typesupport_c.dir/rosidl_typesupport_c/ur_dashboard_msgs/srv/get_robot_mode__type_support.cpp.o[0m
[8.793s] [ 35%] [32mBuilding CXX object CMakeFiles/ur_dashboard_msgs__rosidl_typesupport_c.dir/rosidl_typesupport_c/ur_dashboard_msgs/srv/get_safety_mode__type_support.cpp.o[0m
[8.803s] [ 35%] [32mBuilding CXX object CMakeFiles/ur_dashboard_msgs__rosidl_typesupport_introspection_cpp.dir/rosidl_typesupport_introspection_cpp/ur_dashboard_msgs/srv/detail/add_to_log__type_support.cpp.o[0m
[8.804s] [ 36%] [32mBuilding CXX object CMakeFiles/ur_dashboard_msgs__rosidl_typesupport_introspection_cpp.dir/rosidl_typesupport_introspection_cpp/ur_dashboard_msgs/srv/detail/get_loaded_program__type_support.cpp.o[0m
[8.813s] [ 37%] [32m[1mLinking CXX shared library libur_dashboard_msgs__rosidl_typesupport_cpp.so[0m
[8.833s] [ 37%] [32mBuilding CXX object CMakeFiles/ur_dashboard_msgs__rosidl_typesupport_c.dir/rosidl_typesupport_c/ur_dashboard_msgs/srv/is_program_running__type_support.cpp.o[0m
[8.835s] [ 38%] [32mBuilding CXX object CMakeFiles/ur_dashboard_msgs__rosidl_typesupport_c.dir/rosidl_typesupport_c/ur_dashboard_msgs/srv/is_program_saved__type_support.cpp.o[0m
[8.837s] [ 39%] [32mBuilding CXX object CMakeFiles/ur_dashboard_msgs__rosidl_typesupport_introspection_cpp.dir/rosidl_typesupport_introspection_cpp/ur_dashboard_msgs/srv/detail/get_program_state__type_support.cpp.o[0m
[8.858s] [35m[1mScanning dependencies of target ur_dashboard_msgs__rosidl_typesupport_fastrtps_cpp[0m
[8.859s] [ 40%] [32mBuilding CXX object CMakeFiles/ur_dashboard_msgs__rosidl_typesupport_c.dir/rosidl_typesupport_c/ur_dashboard_msgs/srv/load__type_support.cpp.o[0m
[8.901s] [ 41%] [32mBuilding CXX object CMakeFiles/ur_dashboard_msgs__rosidl_typesupport_c.dir/rosidl_typesupport_c/ur_dashboard_msgs/srv/popup__type_support.cpp.o[0m
[8.908s] [ 41%] Built target ur_dashboard_msgs__rosidl_typesupport_cpp
[8.920s] [ 41%] [32mBuilding CXX object CMakeFiles/ur_dashboard_msgs__rosidl_typesupport_c.dir/rosidl_typesupport_c/ur_dashboard_msgs/srv/raw_request__type_support.cpp.o[0m
[8.921s] [ 42%] [32mBuilding CXX object CMakeFiles/ur_dashboard_msgs__rosidl_typesupport_fastrtps_cpp.dir/rosidl_typesupport_fastrtps_cpp/ur_dashboard_msgs/msg/detail/dds_fastrtps/program_state__type_support.cpp.o[0m
[8.927s] [ 43%] [32mBuilding CXX object CMakeFiles/ur_dashboard_msgs__rosidl_typesupport_c.dir/rosidl_typesupport_c/ur_dashboard_msgs/action/set_mode__type_support.cpp.o[0m
[8.929s] [ 44%] [32mBuilding CXX object CMakeFiles/ur_dashboard_msgs__rosidl_typesupport_introspection_cpp.dir/rosidl_typesupport_introspection_cpp/ur_dashboard_msgs/srv/detail/get_robot_mode__type_support.cpp.o[0m
[8.942s] [ 45%] [32mBuilding CXX object CMakeFiles/ur_dashboard_msgs__rosidl_typesupport_fastrtps_cpp.dir/rosidl_typesupport_fastrtps_cpp/ur_dashboard_msgs/msg/detail/dds_fastrtps/robot_mode__type_support.cpp.o[0m
[8.957s] [ 45%] [32mBuilding CXX object CMakeFiles/ur_dashboard_msgs__rosidl_typesupport_introspection_cpp.dir/rosidl_typesupport_introspection_cpp/ur_dashboard_msgs/srv/detail/get_safety_mode__type_support.cpp.o[0m
[8.962s] [ 46%] [32mBuilding CXX object CMakeFiles/ur_dashboard_msgs__rosidl_typesupport_introspection_cpp.dir/rosidl_typesupport_introspection_cpp/ur_dashboard_msgs/srv/detail/is_program_running__type_support.cpp.o[0m
[8.965s] [ 46%] [32mBuilding CXX object CMakeFiles/ur_dashboard_msgs__rosidl_typesupport_fastrtps_cpp.dir/rosidl_typesupport_fastrtps_cpp/ur_dashboard_msgs/msg/detail/dds_fastrtps/safety_mode__type_support.cpp.o[0m
[8.980s] [ 47%] [32mBuilding CXX object CMakeFiles/ur_dashboard_msgs__rosidl_typesupport_introspection_cpp.dir/rosidl_typesupport_introspection_cpp/ur_dashboard_msgs/srv/detail/is_program_saved__type_support.cpp.o[0m
[9.019s] [ 48%] [32m[1mLinking CXX shared library libur_dashboard_msgs__rosidl_typesupport_c.so[0m
[9.201s] [ 48%] Built target ur_dashboard_msgs__rosidl_typesupport_c
[9.222s] [ 49%] [32mBuilding CXX object CMakeFiles/ur_dashboard_msgs__rosidl_typesupport_introspection_cpp.dir/rosidl_typesupport_introspection_cpp/ur_dashboard_msgs/srv/detail/load__type_support.cpp.o[0m
[9.289s] [ 49%] [32mBuilding CXX object CMakeFiles/ur_dashboard_msgs__rosidl_typesupport_introspection_cpp.dir/rosidl_typesupport_introspection_cpp/ur_dashboard_msgs/srv/detail/popup__type_support.cpp.o[0m
[9.319s] [ 50%] [32mBuilding CXX object CMakeFiles/ur_dashboard_msgs__rosidl_typesupport_introspection_cpp.dir/rosidl_typesupport_introspection_cpp/ur_dashboard_msgs/srv/detail/raw_request__type_support.cpp.o[0m
[9.321s] [ 51%] [32mBuilding CXX object CMakeFiles/ur_dashboard_msgs__rosidl_typesupport_introspection_cpp.dir/rosidl_typesupport_introspection_cpp/ur_dashboard_msgs/action/detail/set_mode__type_support.cpp.o[0m
[9.428s] [ 52%] [32mBuilding CXX object CMakeFiles/ur_dashboard_msgs__rosidl_typesupport_fastrtps_cpp.dir/rosidl_typesupport_fastrtps_cpp/ur_dashboard_msgs/srv/detail/dds_fastrtps/add_to_log__type_support.cpp.o[0m
[9.437s] [ 53%] [32mBuilding CXX object CMakeFiles/ur_dashboard_msgs__rosidl_typesupport_fastrtps_cpp.dir/rosidl_typesupport_fastrtps_cpp/ur_dashboard_msgs/srv/detail/dds_fastrtps/get_loaded_program__type_support.cpp.o[0m
[9.438s] [35m[1mScanning dependencies of target ur_dashboard_msgs__rosidl_typesupport_introspection_c[0m
[9.501s] [ 54%] [32mBuilding CXX object CMakeFiles/ur_dashboard_msgs__rosidl_typesupport_fastrtps_cpp.dir/rosidl_typesupport_fastrtps_cpp/ur_dashboard_msgs/srv/detail/dds_fastrtps/get_program_state__type_support.cpp.o[0m
[9.514s] [ 55%] [32mBuilding C object CMakeFiles/ur_dashboard_msgs__rosidl_typesupport_introspection_c.dir/rosidl_typesupport_introspection_c/ur_dashboard_msgs/msg/detail/program_state__type_support.c.o[0m
[9.533s] [ 55%] [32mBuilding CXX object CMakeFiles/ur_dashboard_msgs__rosidl_typesupport_fastrtps_cpp.dir/rosidl_typesupport_fastrtps_cpp/ur_dashboard_msgs/srv/detail/dds_fastrtps/get_robot_mode__type_support.cpp.o[0m
[9.618s] [ 56%] [32mBuilding C object CMakeFiles/ur_dashboard_msgs__rosidl_typesupport_introspection_c.dir/rosidl_typesupport_introspection_c/ur_dashboard_msgs/msg/detail/robot_mode__type_support.c.o[0m
[9.624s] [ 57%] [32mBuilding CXX object CMakeFiles/ur_dashboard_msgs__rosidl_typesupport_fastrtps_cpp.dir/rosidl_typesupport_fastrtps_cpp/ur_dashboard_msgs/srv/detail/dds_fastrtps/get_safety_mode__type_support.cpp.o[0m
[9.638s] [ 58%] [32mBuilding C object CMakeFiles/ur_dashboard_msgs__rosidl_typesupport_introspection_c.dir/rosidl_typesupport_introspection_c/ur_dashboard_msgs/msg/detail/safety_mode__type_support.c.o[0m
[9.638s] [ 58%] [32mBuilding CXX object CMakeFiles/ur_dashboard_msgs__rosidl_typesupport_fastrtps_cpp.dir/rosidl_typesupport_fastrtps_cpp/ur_dashboard_msgs/srv/detail/dds_fastrtps/is_program_running__type_support.cpp.o[0m
[9.661s] [ 59%] [32mBuilding CXX object CMakeFiles/ur_dashboard_msgs__rosidl_typesupport_fastrtps_cpp.dir/rosidl_typesupport_fastrtps_cpp/ur_dashboard_msgs/srv/detail/dds_fastrtps/is_program_saved__type_support.cpp.o[0m
[9.677s] [ 60%] [32mBuilding C object CMakeFiles/ur_dashboard_msgs__rosidl_typesupport_introspection_c.dir/rosidl_typesupport_introspection_c/ur_dashboard_msgs/srv/detail/add_to_log__type_support.c.o[0m
[9.695s] [ 61%] [32mBuilding C object CMakeFiles/ur_dashboard_msgs__rosidl_typesupport_introspection_c.dir/rosidl_typesupport_introspection_c/ur_dashboard_msgs/srv/detail/get_loaded_program__type_support.c.o[0m
[9.753s] [ 62%] [32mBuilding C object CMakeFiles/ur_dashboard_msgs__rosidl_typesupport_introspection_c.dir/rosidl_typesupport_introspection_c/ur_dashboard_msgs/srv/detail/get_program_state__type_support.c.o[0m
[9.785s] [ 62%] [32mBuilding C object CMakeFiles/ur_dashboard_msgs__rosidl_typesupport_introspection_c.dir/rosidl_typesupport_introspection_c/ur_dashboard_msgs/srv/detail/get_robot_mode__type_support.c.o[0m
[9.817s] [ 63%] [32mBuilding C object CMakeFiles/ur_dashboard_msgs__rosidl_typesupport_introspection_c.dir/rosidl_typesupport_introspection_c/ur_dashboard_msgs/srv/detail/get_safety_mode__type_support.c.o[0m
[9.827s] [ 64%] [32mBuilding C object CMakeFiles/ur_dashboard_msgs__rosidl_typesupport_introspection_c.dir/rosidl_typesupport_introspection_c/ur_dashboard_msgs/srv/detail/is_program_saved__type_support.c.o[0m
[9.829s] [ 64%] [32mBuilding C object CMakeFiles/ur_dashboard_msgs__rosidl_typesupport_introspection_c.dir/rosidl_typesupport_introspection_c/ur_dashboard_msgs/srv/detail/is_program_running__type_support.c.o[0m
[9.858s] [ 65%] [32mBuilding C object CMakeFiles/ur_dashboard_msgs__rosidl_typesupport_introspection_c.dir/rosidl_typesupport_introspection_c/ur_dashboard_msgs/srv/detail/load__type_support.c.o[0m
[9.885s] [ 66%] [32mBuilding C object CMakeFiles/ur_dashboard_msgs__rosidl_typesupport_introspection_c.dir/rosidl_typesupport_introspection_c/ur_dashboard_msgs/srv/detail/popup__type_support.c.o[0m
[9.896s] [ 67%] [32m[1mLinking CXX shared library libur_dashboard_msgs__rosidl_typesupport_introspection_cpp.so[0m
[9.899s] [ 68%] [32mBuilding C object CMakeFiles/ur_dashboard_msgs__rosidl_typesupport_introspection_c.dir/rosidl_typesupport_introspection_c/ur_dashboard_msgs/srv/detail/raw_request__type_support.c.o[0m
[9.907s] [ 68%] [32mBuilding C object CMakeFiles/ur_dashboard_msgs__rosidl_typesupport_introspection_c.dir/rosidl_typesupport_introspection_c/ur_dashboard_msgs/action/detail/set_mode__type_support.c.o[0m
[9.931s] [ 68%] [32mBuilding CXX object CMakeFiles/ur_dashboard_msgs__rosidl_typesupport_fastrtps_cpp.dir/rosidl_typesupport_fastrtps_cpp/ur_dashboard_msgs/srv/detail/dds_fastrtps/load__type_support.cpp.o[0m
[9.954s] [ 69%] [32mBuilding CXX object CMakeFiles/ur_dashboard_msgs__rosidl_typesupport_fastrtps_cpp.dir/rosidl_typesupport_fastrtps_cpp/ur_dashboard_msgs/srv/detail/dds_fastrtps/popup__type_support.cpp.o[0m
[9.968s] [ 70%] [32mBuilding CXX object CMakeFiles/ur_dashboard_msgs__rosidl_typesupport_fastrtps_cpp.dir/rosidl_typesupport_fastrtps_cpp/ur_dashboard_msgs/srv/detail/dds_fastrtps/raw_request__type_support.cpp.o[0m
[10.000s] [ 71%] [32m[1mLinking C shared library libur_dashboard_msgs__rosidl_typesupport_introspection_c.so[0m
[10.084s] [ 71%] Built target ur_dashboard_msgs__rosidl_typesupport_introspection_c
[10.096s] [ 71%] Built target ur_dashboard_msgs__rosidl_typesupport_introspection_cpp
[10.109s] [ 72%] [32mBuilding CXX object CMakeFiles/ur_dashboard_msgs__rosidl_typesupport_fastrtps_cpp.dir/rosidl_typesupport_fastrtps_cpp/ur_dashboard_msgs/action/detail/dds_fastrtps/set_mode__type_support.cpp.o[0m
[10.589s] [ 72%] [32m[1mLinking CXX shared library libur_dashboard_msgs__rosidl_typesupport_fastrtps_cpp.so[0m
[10.719s] [ 72%] Built target ur_dashboard_msgs__rosidl_typesupport_fastrtps_cpp
[10.745s] [ 73%] [34m[1mGenerating C type support for eProsima Fast-RTPS[0m
[11.757s] [35m[1mScanning dependencies of target ur_dashboard_msgs__rosidl_typesupport_fastrtps_c[0m
[11.818s] [ 73%] [32mBuilding CXX object CMakeFiles/ur_dashboard_msgs__rosidl_typesupport_fastrtps_c.dir/rosidl_typesupport_fastrtps_c/ur_dashboard_msgs/srv/detail/is_program_saved__type_support_c.cpp.o[0m
[11.819s] [ 74%] [32mBuilding CXX object CMakeFiles/ur_dashboard_msgs__rosidl_typesupport_fastrtps_c.dir/rosidl_typesupport_fastrtps_c/ur_dashboard_msgs/srv/detail/get_loaded_program__type_support_c.cpp.o[0m
[11.824s] [ 75%] [32mBuilding CXX object CMakeFiles/ur_dashboard_msgs__rosidl_typesupport_fastrtps_c.dir/rosidl_typesupport_fastrtps_c/ur_dashboard_msgs/msg/detail/safety_mode__type_support_c.cpp.o[0m
[11.825s] [ 76%] [32mBuilding CXX object CMakeFiles/ur_dashboard_msgs__rosidl_typesupport_fastrtps_c.dir/rosidl_typesupport_fastrtps_c/ur_dashboard_msgs/srv/detail/is_program_running__type_support_c.cpp.o[0m
[11.826s] [ 77%] [32mBuilding CXX object CMakeFiles/ur_dashboard_msgs__rosidl_typesupport_fastrtps_c.dir/rosidl_typesupport_fastrtps_c/ur_dashboard_msgs/srv/detail/get_robot_mode__type_support_c.cpp.o[0m
[11.827s] [ 77%] [32mBuilding CXX object CMakeFiles/ur_dashboard_msgs__rosidl_typesupport_fastrtps_c.dir/rosidl_typesupport_fastrtps_c/ur_dashboard_msgs/msg/detail/robot_mode__type_support_c.cpp.o[0m
[11.827s] [ 78%] [32mBuilding CXX object CMakeFiles/ur_dashboard_msgs__rosidl_typesupport_fastrtps_c.dir/rosidl_typesupport_fastrtps_c/ur_dashboard_msgs/msg/detail/program_state__type_support_c.cpp.o[0m
[11.827s] [ 80%] [32mBuilding CXX object CMakeFiles/ur_dashboard_msgs__rosidl_typesupport_fastrtps_c.dir/rosidl_typesupport_fastrtps_c/ur_dashboard_msgs/srv/detail/add_to_log__type_support_c.cpp.o[0m
[11.827s] [ 80%] [32mBuilding CXX object CMakeFiles/ur_dashboard_msgs__rosidl_typesupport_fastrtps_c.dir/rosidl_typesupport_fastrtps_c/ur_dashboard_msgs/srv/detail/get_safety_mode__type_support_c.cpp.o[0m
[11.827s] [ 80%] [32mBuilding CXX object CMakeFiles/ur_dashboard_msgs__rosidl_typesupport_fastrtps_c.dir/rosidl_typesupport_fastrtps_c/ur_dashboard_msgs/srv/detail/get_program_state__type_support_c.cpp.o[0m
[11.831s] [ 81%] [32mBuilding CXX object CMakeFiles/ur_dashboard_msgs__rosidl_typesupport_fastrtps_c.dir/rosidl_typesupport_fastrtps_c/ur_dashboard_msgs/srv/detail/popup__type_support_c.cpp.o[0m
[11.833s] [ 82%] [32mBuilding CXX object CMakeFiles/ur_dashboard_msgs__rosidl_typesupport_fastrtps_c.dir/rosidl_typesupport_fastrtps_c/ur_dashboard_msgs/srv/detail/load__type_support_c.cpp.o[0m
[12.370s] [ 83%] [32mBuilding CXX object CMakeFiles/ur_dashboard_msgs__rosidl_typesupport_fastrtps_c.dir/rosidl_typesupport_fastrtps_c/ur_dashboard_msgs/srv/detail/raw_request__type_support_c.cpp.o[0m
[12.398s] [ 83%] [32mBuilding CXX object CMakeFiles/ur_dashboard_msgs__rosidl_typesupport_fastrtps_c.dir/rosidl_typesupport_fastrtps_c/ur_dashboard_msgs/action/detail/set_mode__type_support_c.cpp.o[0m
[12.762s] [ 84%] [32m[1mLinking CXX shared library libur_dashboard_msgs__rosidl_typesupport_fastrtps_c.so[0m
[12.885s] [ 84%] Built target ur_dashboard_msgs__rosidl_typesupport_fastrtps_c
[12.902s] [35m[1mScanning dependencies of target ur_dashboard_msgs[0m
[12.922s] [ 84%] Built target ur_dashboard_msgs
[12.940s] [35m[1mScanning dependencies of target ur_dashboard_msgs__py[0m
[12.955s] [ 85%] [34m[1mGenerating Python code for ROS interfaces[0m
[15.233s] [ 85%] Built target ur_dashboard_msgs__py
[15.258s] [35m[1mScanning dependencies of target ur_dashboard_msgs__python[0m
[15.326s] [ 85%] [32mBuilding C object CMakeFiles/ur_dashboard_msgs__python.dir/rosidl_generator_py/ur_dashboard_msgs/srv/_get_program_state_s.c.o[0m
[15.329s] [ 85%] [32mBuilding C object CMakeFiles/ur_dashboard_msgs__python.dir/rosidl_generator_py/ur_dashboard_msgs/msg/_robot_mode_s.c.o[0m
[15.331s] [ 88%] [32mBuilding C object CMakeFiles/ur_dashboard_msgs__python.dir/rosidl_generator_py/ur_dashboard_msgs/srv/_is_program_saved_s.c.o[0m
[15.331s] [ 88%] [32mBuilding C object CMakeFiles/ur_dashboard_msgs__python.dir/rosidl_generator_py/ur_dashboard_msgs/msg/_program_state_s.c.o[0m
[15.331s] [ 88%] [32mBuilding C object CMakeFiles/ur_dashboard_msgs__python.dir/rosidl_generator_py/ur_dashboard_msgs/srv/_is_program_running_s.c.o[0m
[15.331s] [ 89%] [32mBuilding C object CMakeFiles/ur_dashboard_msgs__python.dir/rosidl_generator_py/ur_dashboard_msgs/srv/_add_to_log_s.c.o[0m
[15.331s] [ 91%] [32mBuilding C object CMakeFiles/ur_dashboard_msgs__python.dir/rosidl_generator_py/ur_dashboard_msgs/srv/_get_robot_mode_s.c.o[0m
[15.332s] [ 91%] [32mBuilding C object CMakeFiles/ur_dashboard_msgs__python.dir/rosidl_generator_py/ur_dashboard_msgs/msg/_safety_mode_s.c.o[0m
[15.332s] [ 92%] [32mBuilding C object CMakeFiles/ur_dashboard_msgs__python.dir/rosidl_generator_py/ur_dashboard_msgs/srv/_popup_s.c.o[0m
[15.332s] [ 91%] [32mBuilding C object CMakeFiles/ur_dashboard_msgs__python.dir/rosidl_generator_py/ur_dashboard_msgs/srv/_load_s.c.o[0m
[15.333s] [ 93%] [32mBuilding C object CMakeFiles/ur_dashboard_msgs__python.dir/rosidl_generator_py/ur_dashboard_msgs/srv/_get_safety_mode_s.c.o[0m
[15.334s] [ 94%] [32mBuilding C object CMakeFiles/ur_dashboard_msgs__python.dir/rosidl_generator_py/ur_dashboard_msgs/srv/_get_loaded_program_s.c.o[0m
[15.487s] [ 95%] [32mBuilding C object CMakeFiles/ur_dashboard_msgs__python.dir/rosidl_generator_py/ur_dashboard_msgs/srv/_raw_request_s.c.o[0m
[15.497s] [ 95%] [32mBuilding C object CMakeFiles/ur_dashboard_msgs__python.dir/rosidl_generator_py/ur_dashboard_msgs/action/_set_mode_s.c.o[0m
[15.625s] [ 96%] [32m[1mLinking C shared library rosidl_generator_py/ur_dashboard_msgs/libur_dashboard_msgs__python.so[0m
[15.693s] [ 96%] Built target ur_dashboard_msgs__python
[15.712s] [35m[1mScanning dependencies of target ur_dashboard_msgs__rosidl_typesupport_c__pyext[0m
[15.712s] [35m[1mScanning dependencies of target ur_dashboard_msgs__rosidl_typesupport_fastrtps_c__pyext[0m
[15.716s] [35m[1mScanning dependencies of target ur_dashboard_msgs__rosidl_typesupport_introspection_c__pyext[0m
[15.735s] [ 97%] [32mBuilding C object CMakeFiles/ur_dashboard_msgs__rosidl_typesupport_fastrtps_c__pyext.dir/rosidl_generator_py/ur_dashboard_msgs/_ur_dashboard_msgs_s.ep.rosidl_typesupport_fastrtps_c.c.o[0m
[15.741s] [ 98%] [32mBuilding C object CMakeFiles/ur_dashboard_msgs__rosidl_typesupport_c__pyext.dir/rosidl_generator_py/ur_dashboard_msgs/_ur_dashboard_msgs_s.ep.rosidl_typesupport_c.c.o[0m
[15.743s] [ 99%] [32mBuilding C object CMakeFiles/ur_dashboard_msgs__rosidl_typesupport_introspection_c__pyext.dir/rosidl_generator_py/ur_dashboard_msgs/_ur_dashboard_msgs_s.ep.rosidl_typesupport_introspection_c.c.o[0m
[15.911s] [ 99%] [32m[1mLinking C shared library rosidl_generator_py/ur_dashboard_msgs/ur_dashboard_msgs_s__rosidl_typesupport_c.cpython-38-x86_64-linux-gnu.so[0m
[15.913s] [ 99%] [32m[1mLinking CXX shared library rosidl_generator_py/ur_dashboard_msgs/ur_dashboard_msgs_s__rosidl_typesupport_fastrtps_c.cpython-38-x86_64-linux-gnu.so[0m
[15.919s] [100%] [32m[1mLinking C shared library rosidl_generator_py/ur_dashboard_msgs/ur_dashboard_msgs_s__rosidl_typesupport_introspection_c.cpython-38-x86_64-linux-gnu.so[0m
[15.967s] [100%] Built target ur_dashboard_msgs__rosidl_typesupport_c__pyext
[15.982s] [100%] Built target ur_dashboard_msgs__rosidl_typesupport_introspection_c__pyext
[16.001s] [100%] Built target ur_dashboard_msgs__rosidl_typesupport_fastrtps_c__pyext
[16.024s] Invoked command in '/home/alvaro/workspace/ros_ur_driver/build/ur_dashboard_msgs' returned '0': CMAKE_PREFIX_PATH=${CMAKE_PREFIX_PATH}:/home/alvaro/ros2_ws/install/ros2controlcli:/home/alvaro/ros2_ws/install/ros2_control_test_nodes:/home/alvaro/dev_ws/install/ros2test:/opt/ros/foxy /usr/bin/cmake --build /home/alvaro/workspace/ros_ur_driver/build/ur_dashboard_msgs -- -j12 -l12
[16.383s] Invoking command in '/home/alvaro/workspace/ros_ur_driver/build/ur_dashboard_msgs': CMAKE_PREFIX_PATH=${CMAKE_PREFIX_PATH}:/home/alvaro/ros2_ws/install/ros2controlcli:/home/alvaro/ros2_ws/install/ros2_control_test_nodes:/home/alvaro/dev_ws/install/ros2test:/opt/ros/foxy /usr/bin/cmake --install /home/alvaro/workspace/ros_ur_driver/build/ur_dashboard_msgs
[16.399s] -- Install configuration: ""
[16.400s] -- Installing: /home/alvaro/workspace/ros_ur_driver/install/ur_dashboard_msgs/share/ament_index/resource_index/rosidl_interfaces/ur_dashboard_msgs
[16.400s] -- Installing: /home/alvaro/workspace/ros_ur_driver/install/ur_dashboard_msgs/include/ur_dashboard_msgs
[16.400s] -- Installing: /home/alvaro/workspace/ros_ur_driver/install/ur_dashboard_msgs/include/ur_dashboard_msgs/srv
[16.400s] -- Installing: /home/alvaro/workspace/ros_ur_driver/install/ur_dashboard_msgs/include/ur_dashboard_msgs/srv/load.h
[16.401s] -- Installing: /home/alvaro/workspace/ros_ur_driver/install/ur_dashboard_msgs/include/ur_dashboard_msgs/srv/get_loaded_program.h
[16.401s] -- Installing: /home/alvaro/workspace/ros_ur_driver/install/ur_dashboard_msgs/include/ur_dashboard_msgs/srv/get_robot_mode.h
[16.401s] -- Installing: /home/alvaro/workspace/ros_ur_driver/install/ur_dashboard_msgs/include/ur_dashboard_msgs/srv/add_to_log.h
[16.401s] -- Installing: /home/alvaro/workspace/ros_ur_driver/install/ur_dashboard_msgs/include/ur_dashboard_msgs/srv/popup.h
[16.401s] -- Installing: /home/alvaro/workspace/ros_ur_driver/install/ur_dashboard_msgs/include/ur_dashboard_msgs/srv/get_safety_mode.h
[16.402s] -- Installing: /home/alvaro/workspace/ros_ur_driver/install/ur_dashboard_msgs/include/ur_dashboard_msgs/srv/raw_request.h
[16.402s] -- Installing: /home/alvaro/workspace/ros_ur_driver/install/ur_dashboard_msgs/include/ur_dashboard_msgs/srv/get_program_state.h
[16.402s] -- Installing: /home/alvaro/workspace/ros_ur_driver/install/ur_dashboard_msgs/include/ur_dashboard_msgs/srv/detail
[16.402s] -- Installing: /home/alvaro/workspace/ros_ur_driver/install/ur_dashboard_msgs/include/ur_dashboard_msgs/srv/detail/get_robot_mode__functions.h
[16.402s] -- Installing: /home/alvaro/workspace/ros_ur_driver/install/ur_dashboard_msgs/include/ur_dashboard_msgs/srv/detail/is_program_running__type_support.h
[16.403s] -- Installing: /home/alvaro/workspace/ros_ur_driver/install/ur_dashboard_msgs/include/ur_dashboard_msgs/srv/detail/is_program_saved__functions.h
[16.403s] -- Installing: /home/alvaro/workspace/ros_ur_driver/install/ur_dashboard_msgs/include/ur_dashboard_msgs/srv/detail/get_loaded_program__functions.h
[16.403s] -- Installing: /home/alvaro/workspace/ros_ur_driver/install/ur_dashboard_msgs/include/ur_dashboard_msgs/srv/detail/is_program_running__struct.h
[16.403s] -- Installing: /home/alvaro/workspace/ros_ur_driver/install/ur_dashboard_msgs/include/ur_dashboard_msgs/srv/detail/load__functions.h
[16.404s] -- Installing: /home/alvaro/workspace/ros_ur_driver/install/ur_dashboard_msgs/include/ur_dashboard_msgs/srv/detail/popup__struct.h
[16.404s] -- Installing: /home/alvaro/workspace/ros_ur_driver/install/ur_dashboard_msgs/include/ur_dashboard_msgs/srv/detail/popup__functions.h
[16.404s] -- Installing: /home/alvaro/workspace/ros_ur_driver/install/ur_dashboard_msgs/include/ur_dashboard_msgs/srv/detail/load__struct.h
[16.404s] -- Installing: /home/alvaro/workspace/ros_ur_driver/install/ur_dashboard_msgs/include/ur_dashboard_msgs/srv/detail/get_program_state__functions.c
[16.404s] -- Installing: /home/alvaro/workspace/ros_ur_driver/install/ur_dashboard_msgs/include/ur_dashboard_msgs/srv/detail/popup__functions.c
[16.404s] -- Installing: /home/alvaro/workspace/ros_ur_driver/install/ur_dashboard_msgs/include/ur_dashboard_msgs/srv/detail/raw_request__functions.c
[16.404s] -- Installing: /home/alvaro/workspace/ros_ur_driver/install/ur_dashboard_msgs/include/ur_dashboard_msgs/srv/detail/raw_request__type_support.h
[16.405s] -- Installing: /home/alvaro/workspace/ros_ur_driver/install/ur_dashboard_msgs/include/ur_dashboard_msgs/srv/detail/is_program_saved__struct.h
[16.405s] -- Installing: /home/alvaro/workspace/ros_ur_driver/install/ur_dashboard_msgs/include/ur_dashboard_msgs/srv/detail/load__type_support.h
[16.405s] -- Installing: /home/alvaro/workspace/ros_ur_driver/install/ur_dashboard_msgs/include/ur_dashboard_msgs/srv/detail/add_to_log__type_support.h
[16.405s] -- Installing: /home/alvaro/workspace/ros_ur_driver/install/ur_dashboard_msgs/include/ur_dashboard_msgs/srv/detail/get_safety_mode__functions.c
[16.405s] -- Installing: /home/alvaro/workspace/ros_ur_driver/install/ur_dashboard_msgs/include/ur_dashboard_msgs/srv/detail/get_robot_mode__struct.h
[16.405s] -- Installing: /home/alvaro/workspace/ros_ur_driver/install/ur_dashboard_msgs/include/ur_dashboard_msgs/srv/detail/raw_request__functions.h
[16.405s] -- Installing: /home/alvaro/workspace/ros_ur_driver/install/ur_dashboard_msgs/include/ur_dashboard_msgs/srv/detail/raw_request__struct.h
[16.406s] -- Installing: /home/alvaro/workspace/ros_ur_driver/install/ur_dashboard_msgs/include/ur_dashboard_msgs/srv/detail/is_program_running__functions.c
[16.406s] -- Installing: /home/alvaro/workspace/ros_ur_driver/install/ur_dashboard_msgs/include/ur_dashboard_msgs/srv/detail/load__functions.c
[16.406s] -- Installing: /home/alvaro/workspace/ros_ur_driver/install/ur_dashboard_msgs/include/ur_dashboard_msgs/srv/detail/get_safety_mode__struct.h
[16.406s] -- Installing: /home/alvaro/workspace/ros_ur_driver/install/ur_dashboard_msgs/include/ur_dashboard_msgs/srv/detail/get_loaded_program__type_support.h
[16.406s] -- Installing: /home/alvaro/workspace/ros_ur_driver/install/ur_dashboard_msgs/include/ur_dashboard_msgs/srv/detail/popup__type_support.h
[16.406s] -- Installing: /home/alvaro/workspace/ros_ur_driver/install/ur_dashboard_msgs/include/ur_dashboard_msgs/srv/detail/add_to_log__struct.h
[16.407s] -- Installing: /home/alvaro/workspace/ros_ur_driver/install/ur_dashboard_msgs/include/ur_dashboard_msgs/srv/detail/add_to_log__functions.c
[16.407s] -- Installing: /home/alvaro/workspace/ros_ur_driver/install/ur_dashboard_msgs/include/ur_dashboard_msgs/srv/detail/get_program_state__struct.h
[16.407s] -- Installing: /home/alvaro/workspace/ros_ur_driver/install/ur_dashboard_msgs/include/ur_dashboard_msgs/srv/detail/get_loaded_program__functions.c
[16.407s] -- Installing: /home/alvaro/workspace/ros_ur_driver/install/ur_dashboard_msgs/include/ur_dashboard_msgs/srv/detail/is_program_saved__type_support.h
[16.407s] -- Installing: /home/alvaro/workspace/ros_ur_driver/install/ur_dashboard_msgs/include/ur_dashboard_msgs/srv/detail/get_robot_mode__type_support.h
[16.407s] -- Installing: /home/alvaro/workspace/ros_ur_driver/install/ur_dashboard_msgs/include/ur_dashboard_msgs/srv/detail/is_program_saved__functions.c
[16.408s] -- Installing: /home/alvaro/workspace/ros_ur_driver/install/ur_dashboard_msgs/include/ur_dashboard_msgs/srv/detail/get_robot_mode__functions.c
[16.408s] -- Installing: /home/alvaro/workspace/ros_ur_driver/install/ur_dashboard_msgs/include/ur_dashboard_msgs/srv/detail/get_loaded_program__struct.h
[16.408s] -- Installing: /home/alvaro/workspace/ros_ur_driver/install/ur_dashboard_msgs/include/ur_dashboard_msgs/srv/detail/get_program_state__functions.h
[16.408s] -- Installing: /home/alvaro/workspace/ros_ur_driver/install/ur_dashboard_msgs/include/ur_dashboard_msgs/srv/detail/get_safety_mode__type_support.h
[16.408s] -- Installing: /home/alvaro/workspace/ros_ur_driver/install/ur_dashboard_msgs/include/ur_dashboard_msgs/srv/detail/get_safety_mode__functions.h
[16.408s] -- Installing: /home/alvaro/workspace/ros_ur_driver/install/ur_dashboard_msgs/include/ur_dashboard_msgs/srv/detail/get_program_state__type_support.h
[16.409s] -- Installing: /home/alvaro/workspace/ros_ur_driver/install/ur_dashboard_msgs/include/ur_dashboard_msgs/srv/detail/is_program_running__functions.h
[16.409s] -- Installing: /home/alvaro/workspace/ros_ur_driver/install/ur_dashboard_msgs/include/ur_dashboard_msgs/srv/detail/add_to_log__functions.h
[16.409s] -- Installing: /home/alvaro/workspace/ros_ur_driver/install/ur_dashboard_msgs/include/ur_dashboard_msgs/srv/is_program_saved.h
[16.409s] -- Installing: /home/alvaro/workspace/ros_ur_driver/install/ur_dashboard_msgs/include/ur_dashboard_msgs/srv/is_program_running.h
[16.409s] -- Installing: /home/alvaro/workspace/ros_ur_driver/install/ur_dashboard_msgs/include/ur_dashboard_msgs/action
[16.409s] -- Installing: /home/alvaro/workspace/ros_ur_driver/install/ur_dashboard_msgs/include/ur_dashboard_msgs/action/set_mode.h
[16.410s] -- Installing: /home/alvaro/workspace/ros_ur_driver/install/ur_dashboard_msgs/include/ur_dashboard_msgs/action/detail
[16.410s] -- Installing: /home/alvaro/workspace/ros_ur_driver/install/ur_dashboard_msgs/include/ur_dashboard_msgs/action/detail/set_mode__functions.h
[16.410s] -- Installing: /home/alvaro/workspace/ros_ur_driver/install/ur_dashboard_msgs/include/ur_dashboard_msgs/action/detail/set_mode__functions.c
[16.410s] -- Installing: /home/alvaro/workspace/ros_ur_driver/install/ur_dashboard_msgs/include/ur_dashboard_msgs/action/detail/set_mode__type_support.h
[16.411s] -- Installing: /home/alvaro/workspace/ros_ur_driver/install/ur_dashboard_msgs/include/ur_dashboard_msgs/action/detail/set_mode__struct.h
[16.411s] -- Installing: /home/alvaro/workspace/ros_ur_driver/install/ur_dashboard_msgs/include/ur_dashboard_msgs/msg
[16.411s] -- Installing: /home/alvaro/workspace/ros_ur_driver/install/ur_dashboard_msgs/include/ur_dashboard_msgs/msg/safety_mode.h
[16.411s] -- Installing: /home/alvaro/workspace/ros_ur_driver/install/ur_dashboard_msgs/include/ur_dashboard_msgs/msg/rosidl_generator_c__visibility_control.h
[16.411s] -- Installing: /home/alvaro/workspace/ros_ur_driver/install/ur_dashboard_msgs/include/ur_dashboard_msgs/msg/program_state.h
[16.411s] -- Installing: /home/alvaro/workspace/ros_ur_driver/install/ur_dashboard_msgs/include/ur_dashboard_msgs/msg/detail
[16.412s] -- Installing: /home/alvaro/workspace/ros_ur_driver/install/ur_dashboard_msgs/include/ur_dashboard_msgs/msg/detail/safety_mode__type_support.h
[16.412s] -- Installing: /home/alvaro/workspace/ros_ur_driver/install/ur_dashboard_msgs/include/ur_dashboard_msgs/msg/detail/safety_mode__functions.h
[16.412s] -- Installing: /home/alvaro/workspace/ros_ur_driver/install/ur_dashboard_msgs/include/ur_dashboard_msgs/msg/detail/safety_mode__functions.c
[16.412s] -- Installing: /home/alvaro/workspace/ros_ur_driver/install/ur_dashboard_msgs/include/ur_dashboard_msgs/msg/detail/robot_mode__type_support.h
[16.412s] -- Installing: /home/alvaro/workspace/ros_ur_driver/install/ur_dashboard_msgs/include/ur_dashboard_msgs/msg/detail/robot_mode__struct.h
[16.412s] -- Installing: /home/alvaro/workspace/ros_ur_driver/install/ur_dashboard_msgs/include/ur_dashboard_msgs/msg/detail/safety_mode__struct.h
[16.412s] -- Installing: /home/alvaro/workspace/ros_ur_driver/install/ur_dashboard_msgs/include/ur_dashboard_msgs/msg/detail/robot_mode__functions.c
[16.412s] -- Installing: /home/alvaro/workspace/ros_ur_driver/install/ur_dashboard_msgs/include/ur_dashboard_msgs/msg/detail/program_state__struct.h
[16.412s] -- Installing: /home/alvaro/workspace/ros_ur_driver/install/ur_dashboard_msgs/include/ur_dashboard_msgs/msg/detail/program_state__type_support.h
[16.412s] -- Installing: /home/alvaro/workspace/ros_ur_driver/install/ur_dashboard_msgs/include/ur_dashboard_msgs/msg/detail/program_state__functions.h
[16.412s] -- Installing: /home/alvaro/workspace/ros_ur_driver/install/ur_dashboard_msgs/include/ur_dashboard_msgs/msg/detail/program_state__functions.c
[16.412s] -- Installing: /home/alvaro/workspace/ros_ur_driver/install/ur_dashboard_msgs/include/ur_dashboard_msgs/msg/detail/robot_mode__functions.h
[16.412s] -- Installing: /home/alvaro/workspace/ros_ur_driver/install/ur_dashboard_msgs/include/ur_dashboard_msgs/msg/robot_mode.h
[16.412s] -- Installing: /home/alvaro/workspace/ros_ur_driver/install/ur_dashboard_msgs/share/ur_dashboard_msgs/environment/library_path.sh
[16.412s] -- Installing: /home/alvaro/workspace/ros_ur_driver/install/ur_dashboard_msgs/share/ur_dashboard_msgs/environment/library_path.dsv
[16.412s] -- Installing: /home/alvaro/workspace/ros_ur_driver/install/ur_dashboard_msgs/lib/libur_dashboard_msgs__rosidl_generator_c.so
[16.412s] -- Set runtime path of "/home/alvaro/workspace/ros_ur_driver/install/ur_dashboard_msgs/lib/libur_dashboard_msgs__rosidl_generator_c.so" to ""
[16.412s] -- Up-to-date: /home/alvaro/workspace/ros_ur_driver/install/ur_dashboard_msgs/include/ur_dashboard_msgs
[16.412s] -- Up-to-date: /home/alvaro/workspace/ros_ur_driver/install/ur_dashboard_msgs/include/ur_dashboard_msgs/srv
[16.413s] -- Up-to-date: /home/alvaro/workspace/ros_ur_driver/install/ur_dashboard_msgs/include/ur_dashboard_msgs/srv/detail
[16.413s] -- Installing: /home/alvaro/workspace/ros_ur_driver/install/ur_dashboard_msgs/include/ur_dashboard_msgs/srv/detail/popup__rosidl_typesupport_fastrtps_c.h
[16.413s] -- Installing: /home/alvaro/workspace/ros_ur_driver/install/ur_dashboard_msgs/include/ur_dashboard_msgs/srv/detail/load__rosidl_typesupport_fastrtps_c.h
[16.413s] -- Installing: /home/alvaro/workspace/ros_ur_driver/install/ur_dashboard_msgs/include/ur_dashboard_msgs/srv/detail/is_program_saved__rosidl_typesupport_fastrtps_c.h
[16.413s] -- Installing: /home/alvaro/workspace/ros_ur_driver/install/ur_dashboard_msgs/include/ur_dashboard_msgs/srv/detail/get_robot_mode__rosidl_typesupport_fastrtps_c.h
[16.413s] -- Installing: /home/alvaro/workspace/ros_ur_driver/install/ur_dashboard_msgs/include/ur_dashboard_msgs/srv/detail/get_program_state__rosidl_typesupport_fastrtps_c.h
[16.413s] -- Installing: /home/alvaro/workspace/ros_ur_driver/install/ur_dashboard_msgs/include/ur_dashboard_msgs/srv/detail/raw_request__rosidl_typesupport_fastrtps_c.h
[16.413s] -- Installing: /home/alvaro/workspace/ros_ur_driver/install/ur_dashboard_msgs/include/ur_dashboard_msgs/srv/detail/is_program_running__rosidl_typesupport_fastrtps_c.h
[16.413s] -- Installing: /home/alvaro/workspace/ros_ur_driver/install/ur_dashboard_msgs/include/ur_dashboard_msgs/srv/detail/get_safety_mode__rosidl_typesupport_fastrtps_c.h
[16.413s] -- Installing: /home/alvaro/workspace/ros_ur_driver/install/ur_dashboard_msgs/include/ur_dashboard_msgs/srv/detail/get_loaded_program__rosidl_typesupport_fastrtps_c.h
[16.413s] -- Installing: /home/alvaro/workspace/ros_ur_driver/install/ur_dashboard_msgs/include/ur_dashboard_msgs/srv/detail/add_to_log__rosidl_typesupport_fastrtps_c.h
[16.413s] -- Up-to-date: /home/alvaro/workspace/ros_ur_driver/install/ur_dashboard_msgs/include/ur_dashboard_msgs/action
[16.413s] -- Up-to-date: /home/alvaro/workspace/ros_ur_driver/install/ur_dashboard_msgs/include/ur_dashboard_msgs/action/detail
[16.413s] -- Installing: /home/alvaro/workspace/ros_ur_driver/install/ur_dashboard_msgs/include/ur_dashboard_msgs/action/detail/set_mode__rosidl_typesupport_fastrtps_c.h
[16.413s] -- Up-to-date: /home/alvaro/workspace/ros_ur_driver/install/ur_dashboard_msgs/include/ur_dashboard_msgs/msg
[16.413s] -- Installing: /home/alvaro/workspace/ros_ur_driver/install/ur_dashboard_msgs/include/ur_dashboard_msgs/msg/rosidl_typesupport_fastrtps_c__visibility_control.h
[16.413s] -- Up-to-date: /home/alvaro/workspace/ros_ur_driver/install/ur_dashboard_msgs/include/ur_dashboard_msgs/msg/detail
[16.414s] -- Installing: /home/alvaro/workspace/ros_ur_driver/install/ur_dashboard_msgs/include/ur_dashboard_msgs/msg/detail/safety_mode__rosidl_typesupport_fastrtps_c.h
[16.414s] -- Installing: /home/alvaro/workspace/ros_ur_driver/install/ur_dashboard_msgs/include/ur_dashboard_msgs/msg/detail/program_state__rosidl_typesupport_fastrtps_c.h
[16.414s] -- Installing: /home/alvaro/workspace/ros_ur_driver/install/ur_dashboard_msgs/include/ur_dashboard_msgs/msg/detail/robot_mode__rosidl_typesupport_fastrtps_c.h
[16.414s] -- Installing: /home/alvaro/workspace/ros_ur_driver/install/ur_dashboard_msgs/lib/libur_dashboard_msgs__rosidl_typesupport_fastrtps_c.so
[16.414s] -- Set runtime path of "/home/alvaro/workspace/ros_ur_driver/install/ur_dashboard_msgs/lib/libur_dashboard_msgs__rosidl_typesupport_fastrtps_c.so" to ""
[16.414s] -- Up-to-date: /home/alvaro/workspace/ros_ur_driver/install/ur_dashboard_msgs/include/ur_dashboard_msgs
[16.414s] -- Up-to-date: /home/alvaro/workspace/ros_ur_driver/install/ur_dashboard_msgs/include/ur_dashboard_msgs/srv
[16.414s] -- Up-to-date: /home/alvaro/workspace/ros_ur_driver/install/ur_dashboard_msgs/include/ur_dashboard_msgs/srv/detail
[16.414s] -- Installing: /home/alvaro/workspace/ros_ur_driver/install/ur_dashboard_msgs/include/ur_dashboard_msgs/srv/detail/load__rosidl_typesupport_fastrtps_cpp.hpp
[16.414s] -- Installing: /home/alvaro/workspace/ros_ur_driver/install/ur_dashboard_msgs/include/ur_dashboard_msgs/srv/detail/add_to_log__rosidl_typesupport_fastrtps_cpp.hpp
[16.414s] -- Installing: /home/alvaro/workspace/ros_ur_driver/install/ur_dashboard_msgs/include/ur_dashboard_msgs/srv/detail/is_program_running__rosidl_typesupport_fastrtps_cpp.hpp
[16.414s] -- Installing: /home/alvaro/workspace/ros_ur_driver/install/ur_dashboard_msgs/include/ur_dashboard_msgs/srv/detail/get_safety_mode__rosidl_typesupport_fastrtps_cpp.hpp
[16.414s] -- Installing: /home/alvaro/workspace/ros_ur_driver/install/ur_dashboard_msgs/include/ur_dashboard_msgs/srv/detail/get_loaded_program__rosidl_typesupport_fastrtps_cpp.hpp
[16.414s] -- Installing: /home/alvaro/workspace/ros_ur_driver/install/ur_dashboard_msgs/include/ur_dashboard_msgs/srv/detail/get_program_state__rosidl_typesupport_fastrtps_cpp.hpp
[16.414s] -- Installing: /home/alvaro/workspace/ros_ur_driver/install/ur_dashboard_msgs/include/ur_dashboard_msgs/srv/detail/dds_fastrtps
[16.414s] -- Installing: /home/alvaro/workspace/ros_ur_driver/install/ur_dashboard_msgs/include/ur_dashboard_msgs/srv/detail/popup__rosidl_typesupport_fastrtps_cpp.hpp
[16.414s] -- Installing: /home/alvaro/workspace/ros_ur_driver/install/ur_dashboard_msgs/include/ur_dashboard_msgs/srv/detail/is_program_saved__rosidl_typesupport_fastrtps_cpp.hpp
[16.414s] -- Installing: /home/alvaro/workspace/ros_ur_driver/install/ur_dashboard_msgs/include/ur_dashboard_msgs/srv/detail/raw_request__rosidl_typesupport_fastrtps_cpp.hpp
[16.414s] -- Installing: /home/alvaro/workspace/ros_ur_driver/install/ur_dashboard_msgs/include/ur_dashboard_msgs/srv/detail/get_robot_mode__rosidl_typesupport_fastrtps_cpp.hpp
[16.415s] -- Up-to-date: /home/alvaro/workspace/ros_ur_driver/install/ur_dashboard_msgs/include/ur_dashboard_msgs/action
[16.415s] -- Up-to-date: /home/alvaro/workspace/ros_ur_driver/install/ur_dashboard_msgs/include/ur_dashboard_msgs/action/detail
[16.415s] -- Installing: /home/alvaro/workspace/ros_ur_driver/install/ur_dashboard_msgs/include/ur_dashboard_msgs/action/detail/dds_fastrtps
[16.415s] -- Installing: /home/alvaro/workspace/ros_ur_driver/install/ur_dashboard_msgs/include/ur_dashboard_msgs/action/detail/set_mode__rosidl_typesupport_fastrtps_cpp.hpp
[16.415s] -- Up-to-date: /home/alvaro/workspace/ros_ur_driver/install/ur_dashboard_msgs/include/ur_dashboard_msgs/msg
[16.415s] -- Installing: /home/alvaro/workspace/ros_ur_driver/install/ur_dashboard_msgs/include/ur_dashboard_msgs/msg/rosidl_typesupport_fastrtps_cpp__visibility_control.h
[16.415s] -- Up-to-date: /home/alvaro/workspace/ros_ur_driver/install/ur_dashboard_msgs/include/ur_dashboard_msgs/msg/detail
[16.415s] -- Installing: /home/alvaro/workspace/ros_ur_driver/install/ur_dashboard_msgs/include/ur_dashboard_msgs/msg/detail/robot_mode__rosidl_typesupport_fastrtps_cpp.hpp
[16.415s] -- Installing: /home/alvaro/workspace/ros_ur_driver/install/ur_dashboard_msgs/include/ur_dashboard_msgs/msg/detail/dds_fastrtps
[16.415s] -- Installing: /home/alvaro/workspace/ros_ur_driver/install/ur_dashboard_msgs/include/ur_dashboard_msgs/msg/detail/safety_mode__rosidl_typesupport_fastrtps_cpp.hpp
[16.415s] -- Installing: /home/alvaro/workspace/ros_ur_driver/install/ur_dashboard_msgs/include/ur_dashboard_msgs/msg/detail/program_state__rosidl_typesupport_fastrtps_cpp.hpp
[16.415s] -- Installing: /home/alvaro/workspace/ros_ur_driver/install/ur_dashboard_msgs/lib/libur_dashboard_msgs__rosidl_typesupport_fastrtps_cpp.so
[16.415s] -- Set runtime path of "/home/alvaro/workspace/ros_ur_driver/install/ur_dashboard_msgs/lib/libur_dashboard_msgs__rosidl_typesupport_fastrtps_cpp.so" to ""
[16.415s] -- Up-to-date: /home/alvaro/workspace/ros_ur_driver/install/ur_dashboard_msgs/include/ur_dashboard_msgs
[16.415s] -- Up-to-date: /home/alvaro/workspace/ros_ur_driver/install/ur_dashboard_msgs/include/ur_dashboard_msgs/srv
[16.415s] -- Up-to-date: /home/alvaro/workspace/ros_ur_driver/install/ur_dashboard_msgs/include/ur_dashboard_msgs/srv/detail
[16.416s] -- Installing: /home/alvaro/workspace/ros_ur_driver/install/ur_dashboard_msgs/include/ur_dashboard_msgs/srv/detail/raw_request__rosidl_typesupport_introspection_c.h
[16.416s] -- Installing: /home/alvaro/workspace/ros_ur_driver/install/ur_dashboard_msgs/include/ur_dashboard_msgs/srv/detail/load__rosidl_typesupport_introspection_c.h
[16.416s] -- Installing: /home/alvaro/workspace/ros_ur_driver/install/ur_dashboard_msgs/include/ur_dashboard_msgs/srv/detail/is_program_running__rosidl_typesupport_introspection_c.h
[16.416s] -- Installing: /home/alvaro/workspace/ros_ur_driver/install/ur_dashboard_msgs/include/ur_dashboard_msgs/srv/detail/popup__type_support.c
[16.416s] -- Installing: /home/alvaro/workspace/ros_ur_driver/install/ur_dashboard_msgs/include/ur_dashboard_msgs/srv/detail/load__type_support.c
[16.416s] -- Installing: /home/alvaro/workspace/ros_ur_driver/install/ur_dashboard_msgs/include/ur_dashboard_msgs/srv/detail/add_to_log__rosidl_typesupport_introspection_c.h
[16.416s] -- Installing: /home/alvaro/workspace/ros_ur_driver/install/ur_dashboard_msgs/include/ur_dashboard_msgs/srv/detail/get_robot_mode__rosidl_typesupport_introspection_c.h
[16.416s] -- Installing: /home/alvaro/workspace/ros_ur_driver/install/ur_dashboard_msgs/include/ur_dashboard_msgs/srv/detail/get_program_state__rosidl_typesupport_introspection_c.h
[16.416s] -- Installing: /home/alvaro/workspace/ros_ur_driver/install/ur_dashboard_msgs/include/ur_dashboard_msgs/srv/detail/get_loaded_program__rosidl_typesupport_introspection_c.h
[16.416s] -- Installing: /home/alvaro/workspace/ros_ur_driver/install/ur_dashboard_msgs/include/ur_dashboard_msgs/srv/detail/get_safety_mode__type_support.c
[16.416s] -- Installing: /home/alvaro/workspace/ros_ur_driver/install/ur_dashboard_msgs/include/ur_dashboard_msgs/srv/detail/raw_request__type_support.c
[16.416s] -- Installing: /home/alvaro/workspace/ros_ur_driver/install/ur_dashboard_msgs/include/ur_dashboard_msgs/srv/detail/is_program_saved__rosidl_typesupport_introspection_c.h
[16.416s] -- Installing: /home/alvaro/workspace/ros_ur_driver/install/ur_dashboard_msgs/include/ur_dashboard_msgs/srv/detail/get_safety_mode__rosidl_typesupport_introspection_c.h
[16.416s] -- Installing: /home/alvaro/workspace/ros_ur_driver/install/ur_dashboard_msgs/include/ur_dashboard_msgs/srv/detail/get_program_state__type_support.c
[16.416s] -- Installing: /home/alvaro/workspace/ros_ur_driver/install/ur_dashboard_msgs/include/ur_dashboard_msgs/srv/detail/add_to_log__type_support.c
[16.416s] -- Installing: /home/alvaro/workspace/ros_ur_driver/install/ur_dashboard_msgs/include/ur_dashboard_msgs/srv/detail/popup__rosidl_typesupport_introspection_c.h
[16.417s] -- Installing: /home/alvaro/workspace/ros_ur_driver/install/ur_dashboard_msgs/include/ur_dashboard_msgs/srv/detail/is_program_saved__type_support.c
[16.417s] -- Installing: /home/alvaro/workspace/ros_ur_driver/install/ur_dashboard_msgs/include/ur_dashboard_msgs/srv/detail/get_robot_mode__type_support.c
[16.417s] -- Installing: /home/alvaro/workspace/ros_ur_driver/install/ur_dashboard_msgs/include/ur_dashboard_msgs/srv/detail/get_loaded_program__type_support.c
[16.417s] -- Installing: /home/alvaro/workspace/ros_ur_driver/install/ur_dashboard_msgs/include/ur_dashboard_msgs/srv/detail/is_program_running__type_support.c
[16.417s] -- Up-to-date: /home/alvaro/workspace/ros_ur_driver/install/ur_dashboard_msgs/include/ur_dashboard_msgs/action
[16.417s] -- Up-to-date: /home/alvaro/workspace/ros_ur_driver/install/ur_dashboard_msgs/include/ur_dashboard_msgs/action/detail
[16.417s] -- Installing: /home/alvaro/workspace/ros_ur_driver/install/ur_dashboard_msgs/include/ur_dashboard_msgs/action/detail/set_mode__type_support.c
[16.417s] -- Installing: /home/alvaro/workspace/ros_ur_driver/install/ur_dashboard_msgs/include/ur_dashboard_msgs/action/detail/set_mode__rosidl_typesupport_introspection_c.h
[16.417s] -- Up-to-date: /home/alvaro/workspace/ros_ur_driver/install/ur_dashboard_msgs/include/ur_dashboard_msgs/msg
[16.417s] -- Installing: /home/alvaro/workspace/ros_ur_driver/install/ur_dashboard_msgs/include/ur_dashboard_msgs/msg/rosidl_typesupport_introspection_c__visibility_control.h
[16.417s] -- Up-to-date: /home/alvaro/workspace/ros_ur_driver/install/ur_dashboard_msgs/include/ur_dashboard_msgs/msg/detail
[16.417s] -- Installing: /home/alvaro/workspace/ros_ur_driver/install/ur_dashboard_msgs/include/ur_dashboard_msgs/msg/detail/robot_mode__type_support.c
[16.417s] -- Installing: /home/alvaro/workspace/ros_ur_driver/install/ur_dashboard_msgs/include/ur_dashboard_msgs/msg/detail/safety_mode__rosidl_typesupport_introspection_c.h
[16.417s] -- Installing: /home/alvaro/workspace/ros_ur_driver/install/ur_dashboard_msgs/include/ur_dashboard_msgs/msg/detail/program_state__type_support.c
[16.417s] -- Installing: /home/alvaro/workspace/ros_ur_driver/install/ur_dashboard_msgs/include/ur_dashboard_msgs/msg/detail/safety_mode__type_support.c
[16.417s] -- Installing: /home/alvaro/workspace/ros_ur_driver/install/ur_dashboard_msgs/include/ur_dashboard_msgs/msg/detail/program_state__rosidl_typesupport_introspection_c.h
[16.417s] -- Installing: /home/alvaro/workspace/ros_ur_driver/install/ur_dashboard_msgs/include/ur_dashboard_msgs/msg/detail/robot_mode__rosidl_typesupport_introspection_c.h
[16.418s] -- Installing: /home/alvaro/workspace/ros_ur_driver/install/ur_dashboard_msgs/lib/libur_dashboard_msgs__rosidl_typesupport_introspection_c.so
[16.418s] -- Set runtime path of "/home/alvaro/workspace/ros_ur_driver/install/ur_dashboard_msgs/lib/libur_dashboard_msgs__rosidl_typesupport_introspection_c.so" to ""
[16.418s] -- Installing: /home/alvaro/workspace/ros_ur_driver/install/ur_dashboard_msgs/lib/libur_dashboard_msgs__rosidl_typesupport_c.so
[16.418s] -- Set runtime path of "/home/alvaro/workspace/ros_ur_driver/install/ur_dashboard_msgs/lib/libur_dashboard_msgs__rosidl_typesupport_c.so" to ""
[16.418s] -- Up-to-date: /home/alvaro/workspace/ros_ur_driver/install/ur_dashboard_msgs/include/ur_dashboard_msgs
[16.418s] -- Up-to-date: /home/alvaro/workspace/ros_ur_driver/install/ur_dashboard_msgs/include/ur_dashboard_msgs/srv
[16.418s] -- Installing: /home/alvaro/workspace/ros_ur_driver/install/ur_dashboard_msgs/include/ur_dashboard_msgs/srv/get_robot_mode.hpp
[16.418s] -- Installing: /home/alvaro/workspace/ros_ur_driver/install/ur_dashboard_msgs/include/ur_dashboard_msgs/srv/get_safety_mode.hpp
[16.418s] -- Installing: /home/alvaro/workspace/ros_ur_driver/install/ur_dashboard_msgs/include/ur_dashboard_msgs/srv/get_program_state.hpp
[16.418s] -- Installing: /home/alvaro/workspace/ros_ur_driver/install/ur_dashboard_msgs/include/ur_dashboard_msgs/srv/raw_request.hpp
[16.418s] -- Installing: /home/alvaro/workspace/ros_ur_driver/install/ur_dashboard_msgs/include/ur_dashboard_msgs/srv/is_program_running.hpp
[16.418s] -- Installing: /home/alvaro/workspace/ros_ur_driver/install/ur_dashboard_msgs/include/ur_dashboard_msgs/srv/popup.hpp
[16.418s] -- Installing: /home/alvaro/workspace/ros_ur_driver/install/ur_dashboard_msgs/include/ur_dashboard_msgs/srv/get_loaded_program.hpp
[16.418s] -- Installing: /home/alvaro/workspace/ros_ur_driver/install/ur_dashboard_msgs/include/ur_dashboard_msgs/srv/load.hpp
[16.418s] -- Installing: /home/alvaro/workspace/ros_ur_driver/install/ur_dashboard_msgs/include/ur_dashboard_msgs/srv/add_to_log.hpp
[16.418s] -- Installing: /home/alvaro/workspace/ros_ur_driver/install/ur_dashboard_msgs/include/ur_dashboard_msgs/srv/is_program_saved.hpp
[16.419s] -- Up-to-date: /home/alvaro/workspace/ros_ur_driver/install/ur_dashboard_msgs/include/ur_dashboard_msgs/srv/detail
[16.419s] -- Installing: /home/alvaro/workspace/ros_ur_driver/install/ur_dashboard_msgs/include/ur_dashboard_msgs/srv/detail/get_robot_mode__type_support.hpp
[16.419s] -- Installing: /home/alvaro/workspace/ros_ur_driver/install/ur_dashboard_msgs/include/ur_dashboard_msgs/srv/detail/get_program_state__traits.hpp
[16.419s] -- Installing: /home/alvaro/workspace/ros_ur_driver/install/ur_dashboard_msgs/include/ur_dashboard_msgs/srv/detail/get_loaded_program__struct.hpp
[16.419s] -- Installing: /home/alvaro/workspace/ros_ur_driver/install/ur_dashboard_msgs/include/ur_dashboard_msgs/srv/detail/raw_request__struct.hpp
[16.419s] -- Installing: /home/alvaro/workspace/ros_ur_driver/install/ur_dashboard_msgs/include/ur_dashboard_msgs/srv/detail/add_to_log__struct.hpp
[16.419s] -- Installing: /home/alvaro/workspace/ros_ur_driver/install/ur_dashboard_msgs/include/ur_dashboard_msgs/srv/detail/is_program_running__type_support.hpp
[16.419s] -- Installing: /home/alvaro/workspace/ros_ur_driver/install/ur_dashboard_msgs/include/ur_dashboard_msgs/srv/detail/is_program_saved__builder.hpp
[16.419s] -- Installing: /home/alvaro/workspace/ros_ur_driver/install/ur_dashboard_msgs/include/ur_dashboard_msgs/srv/detail/get_safety_mode__builder.hpp
[16.419s] -- Installing: /home/alvaro/workspace/ros_ur_driver/install/ur_dashboard_msgs/include/ur_dashboard_msgs/srv/detail/add_to_log__builder.hpp
[16.419s] -- Installing: /home/alvaro/workspace/ros_ur_driver/install/ur_dashboard_msgs/include/ur_dashboard_msgs/srv/detail/get_safety_mode__type_support.hpp
[16.419s] -- Installing: /home/alvaro/workspace/ros_ur_driver/install/ur_dashboard_msgs/include/ur_dashboard_msgs/srv/detail/popup__struct.hpp
[16.419s] -- Installing: /home/alvaro/workspace/ros_ur_driver/install/ur_dashboard_msgs/include/ur_dashboard_msgs/srv/detail/add_to_log__traits.hpp
[16.419s] -- Installing: /home/alvaro/workspace/ros_ur_driver/install/ur_dashboard_msgs/include/ur_dashboard_msgs/srv/detail/is_program_saved__traits.hpp
[16.419s] -- Installing: /home/alvaro/workspace/ros_ur_driver/install/ur_dashboard_msgs/include/ur_dashboard_msgs/srv/detail/load__traits.hpp
[16.419s] -- Installing: /home/alvaro/workspace/ros_ur_driver/install/ur_dashboard_msgs/include/ur_dashboard_msgs/srv/detail/get_safety_mode__struct.hpp
[16.419s] -- Installing: /home/alvaro/workspace/ros_ur_driver/install/ur_dashboard_msgs/include/ur_dashboard_msgs/srv/detail/popup__type_support.hpp
[16.420s] -- Installing: /home/alvaro/workspace/ros_ur_driver/install/ur_dashboard_msgs/include/ur_dashboard_msgs/srv/detail/load__type_support.hpp
[16.420s] -- Installing: /home/alvaro/workspace/ros_ur_driver/install/ur_dashboard_msgs/include/ur_dashboard_msgs/srv/detail/raw_request__traits.hpp
[16.420s] -- Installing: /home/alvaro/workspace/ros_ur_driver/install/ur_dashboard_msgs/include/ur_dashboard_msgs/srv/detail/get_robot_mode__struct.hpp
[16.420s] -- Installing: /home/alvaro/workspace/ros_ur_driver/install/ur_dashboard_msgs/include/ur_dashboard_msgs/srv/detail/get_safety_mode__traits.hpp
[16.420s] -- Installing: /home/alvaro/workspace/ros_ur_driver/install/ur_dashboard_msgs/include/ur_dashboard_msgs/srv/detail/get_loaded_program__builder.hpp
[16.420s] -- Installing: /home/alvaro/workspace/ros_ur_driver/install/ur_dashboard_msgs/include/ur_dashboard_msgs/srv/detail/get_program_state__builder.hpp
[16.420s] -- Installing: /home/alvaro/workspace/ros_ur_driver/install/ur_dashboard_msgs/include/ur_dashboard_msgs/srv/detail/get_program_state__struct.hpp
[16.420s] -- Installing: /home/alvaro/workspace/ros_ur_driver/install/ur_dashboard_msgs/include/ur_dashboard_msgs/srv/detail/get_loaded_program__type_support.hpp
[16.420s] -- Installing: /home/alvaro/workspace/ros_ur_driver/install/ur_dashboard_msgs/include/ur_dashboard_msgs/srv/detail/is_program_running__builder.hpp
[16.420s] -- Installing: /home/alvaro/workspace/ros_ur_driver/install/ur_dashboard_msgs/include/ur_dashboard_msgs/srv/detail/get_robot_mode__builder.hpp
[16.420s] -- Installing: /home/alvaro/workspace/ros_ur_driver/install/ur_dashboard_msgs/include/ur_dashboard_msgs/srv/detail/load__struct.hpp
[16.420s] -- Installing: /home/alvaro/workspace/ros_ur_driver/install/ur_dashboard_msgs/include/ur_dashboard_msgs/srv/detail/is_program_saved__struct.hpp
[16.420s] -- Installing: /home/alvaro/workspace/ros_ur_driver/install/ur_dashboard_msgs/include/ur_dashboard_msgs/srv/detail/raw_request__type_support.hpp
[16.420s] -- Installing: /home/alvaro/workspace/ros_ur_driver/install/ur_dashboard_msgs/include/ur_dashboard_msgs/srv/detail/popup__builder.hpp
[16.420s] -- Installing: /home/alvaro/workspace/ros_ur_driver/install/ur_dashboard_msgs/include/ur_dashboard_msgs/srv/detail/popup__traits.hpp
[16.420s] -- Installing: /home/alvaro/workspace/ros_ur_driver/install/ur_dashboard_msgs/include/ur_dashboard_msgs/srv/detail/is_program_running__traits.hpp
[16.420s] -- Installing: /home/alvaro/workspace/ros_ur_driver/install/ur_dashboard_msgs/include/ur_dashboard_msgs/srv/detail/raw_request__builder.hpp
[16.420s] -- Installing: /home/alvaro/workspace/ros_ur_driver/install/ur_dashboard_msgs/include/ur_dashboard_msgs/srv/detail/add_to_log__type_support.hpp
[16.421s] -- Installing: /home/alvaro/workspace/ros_ur_driver/install/ur_dashboard_msgs/include/ur_dashboard_msgs/srv/detail/load__builder.hpp
[16.421s] -- Installing: /home/alvaro/workspace/ros_ur_driver/install/ur_dashboard_msgs/include/ur_dashboard_msgs/srv/detail/get_program_state__type_support.hpp
[16.421s] -- Installing: /home/alvaro/workspace/ros_ur_driver/install/ur_dashboard_msgs/include/ur_dashboard_msgs/srv/detail/get_loaded_program__traits.hpp
[16.421s] -- Installing: /home/alvaro/workspace/ros_ur_driver/install/ur_dashboard_msgs/include/ur_dashboard_msgs/srv/detail/get_robot_mode__traits.hpp
[16.421s] -- Installing: /home/alvaro/workspace/ros_ur_driver/install/ur_dashboard_msgs/include/ur_dashboard_msgs/srv/detail/is_program_saved__type_support.hpp
[16.421s] -- Installing: /home/alvaro/workspace/ros_ur_driver/install/ur_dashboard_msgs/include/ur_dashboard_msgs/srv/detail/is_program_running__struct.hpp
[16.421s] -- Up-to-date: /home/alvaro/workspace/ros_ur_driver/install/ur_dashboard_msgs/include/ur_dashboard_msgs/action
[16.421s] -- Installing: /home/alvaro/workspace/ros_ur_driver/install/ur_dashboard_msgs/include/ur_dashboard_msgs/action/set_mode.hpp
[16.421s] -- Up-to-date: /home/alvaro/workspace/ros_ur_driver/install/ur_dashboard_msgs/include/ur_dashboard_msgs/action/detail
[16.421s] -- Installing: /home/alvaro/workspace/ros_ur_driver/install/ur_dashboard_msgs/include/ur_dashboard_msgs/action/detail/set_mode__type_support.hpp
[16.421s] -- Installing: /home/alvaro/workspace/ros_ur_driver/install/ur_dashboard_msgs/include/ur_dashboard_msgs/action/detail/set_mode__struct.hpp
[16.421s] -- Installing: /home/alvaro/workspace/ros_ur_driver/install/ur_dashboard_msgs/include/ur_dashboard_msgs/action/detail/set_mode__builder.hpp
[16.421s] -- Installing: /home/alvaro/workspace/ros_ur_driver/install/ur_dashboard_msgs/include/ur_dashboard_msgs/action/detail/set_mode__traits.hpp
[16.421s] -- Up-to-date: /home/alvaro/workspace/ros_ur_driver/install/ur_dashboard_msgs/include/ur_dashboard_msgs/msg
[16.421s] -- Installing: /home/alvaro/workspace/ros_ur_driver/install/ur_dashboard_msgs/include/ur_dashboard_msgs/msg/rosidl_generator_cpp__visibility_control.hpp
[16.421s] -- Installing: /home/alvaro/workspace/ros_ur_driver/install/ur_dashboard_msgs/include/ur_dashboard_msgs/msg/safety_mode.hpp
[16.422s] -- Installing: /home/alvaro/workspace/ros_ur_driver/install/ur_dashboard_msgs/include/ur_dashboard_msgs/msg/program_state.hpp
[16.422s] -- Installing: /home/alvaro/workspace/ros_ur_driver/install/ur_dashboard_msgs/include/ur_dashboard_msgs/msg/robot_mode.hpp
[16.422s] -- Up-to-date: /home/alvaro/workspace/ros_ur_driver/install/ur_dashboard_msgs/include/ur_dashboard_msgs/msg/detail
[16.422s] -- Installing: /home/alvaro/workspace/ros_ur_driver/install/ur_dashboard_msgs/include/ur_dashboard_msgs/msg/detail/safety_mode__type_support.hpp
[16.422s] -- Installing: /home/alvaro/workspace/ros_ur_driver/install/ur_dashboard_msgs/include/ur_dashboard_msgs/msg/detail/robot_mode__struct.hpp
[16.422s] -- Installing: /home/alvaro/workspace/ros_ur_driver/install/ur_dashboard_msgs/include/ur_dashboard_msgs/msg/detail/program_state__struct.hpp
[16.422s] -- Installing: /home/alvaro/workspace/ros_ur_driver/install/ur_dashboard_msgs/include/ur_dashboard_msgs/msg/detail/safety_mode__builder.hpp
[16.422s] -- Installing: /home/alvaro/workspace/ros_ur_driver/install/ur_dashboard_msgs/include/ur_dashboard_msgs/msg/detail/program_state__type_support.hpp
[16.422s] -- Installing: /home/alvaro/workspace/ros_ur_driver/install/ur_dashboard_msgs/include/ur_dashboard_msgs/msg/detail/robot_mode__builder.hpp
[16.422s] -- Installing: /home/alvaro/workspace/ros_ur_driver/install/ur_dashboard_msgs/include/ur_dashboard_msgs/msg/detail/robot_mode__traits.hpp
[16.422s] -- Installing: /home/alvaro/workspace/ros_ur_driver/install/ur_dashboard_msgs/include/ur_dashboard_msgs/msg/detail/safety_mode__struct.hpp
[16.422s] -- Installing: /home/alvaro/workspace/ros_ur_driver/install/ur_dashboard_msgs/include/ur_dashboard_msgs/msg/detail/safety_mode__traits.hpp
[16.422s] -- Installing: /home/alvaro/workspace/ros_ur_driver/install/ur_dashboard_msgs/include/ur_dashboard_msgs/msg/detail/program_state__builder.hpp
[16.422s] -- Installing: /home/alvaro/workspace/ros_ur_driver/install/ur_dashboard_msgs/include/ur_dashboard_msgs/msg/detail/program_state__traits.hpp
[16.422s] -- Installing: /home/alvaro/workspace/ros_ur_driver/install/ur_dashboard_msgs/include/ur_dashboard_msgs/msg/detail/robot_mode__type_support.hpp
[16.422s] -- Up-to-date: /home/alvaro/workspace/ros_ur_driver/install/ur_dashboard_msgs/include/ur_dashboard_msgs
[16.422s] -- Up-to-date: /home/alvaro/workspace/ros_ur_driver/install/ur_dashboard_msgs/include/ur_dashboard_msgs/srv
[16.422s] -- Up-to-date: /home/alvaro/workspace/ros_ur_driver/install/ur_dashboard_msgs/include/ur_dashboard_msgs/srv/detail
[16.423s] -- Installing: /home/alvaro/workspace/ros_ur_driver/install/ur_dashboard_msgs/include/ur_dashboard_msgs/srv/detail/is_program_saved__type_support.cpp
[16.423s] -- Installing: /home/alvaro/workspace/ros_ur_driver/install/ur_dashboard_msgs/include/ur_dashboard_msgs/srv/detail/popup__type_support.cpp
[16.423s] -- Installing: /home/alvaro/workspace/ros_ur_driver/install/ur_dashboard_msgs/include/ur_dashboard_msgs/srv/detail/load__rosidl_typesupport_introspection_cpp.hpp
[16.423s] -- Installing: /home/alvaro/workspace/ros_ur_driver/install/ur_dashboard_msgs/include/ur_dashboard_msgs/srv/detail/popup__rosidl_typesupport_introspection_cpp.hpp
[16.423s] -- Installing: /home/alvaro/workspace/ros_ur_driver/install/ur_dashboard_msgs/include/ur_dashboard_msgs/srv/detail/load__type_support.cpp
[16.423s] -- Installing: /home/alvaro/workspace/ros_ur_driver/install/ur_dashboard_msgs/include/ur_dashboard_msgs/srv/detail/is_program_running__type_support.cpp
[16.423s] -- Installing: /home/alvaro/workspace/ros_ur_driver/install/ur_dashboard_msgs/include/ur_dashboard_msgs/srv/detail/get_safety_mode__rosidl_typesupport_introspection_cpp.hpp
[16.423s] -- Installing: /home/alvaro/workspace/ros_ur_driver/install/ur_dashboard_msgs/include/ur_dashboard_msgs/srv/detail/get_program_state__type_support.cpp
[16.423s] -- Installing: /home/alvaro/workspace/ros_ur_driver/install/ur_dashboard_msgs/include/ur_dashboard_msgs/srv/detail/get_robot_mode__type_support.cpp
[16.423s] -- Installing: /home/alvaro/workspace/ros_ur_driver/install/ur_dashboard_msgs/include/ur_dashboard_msgs/srv/detail/add_to_log__rosidl_typesupport_introspection_cpp.hpp
[16.423s] -- Installing: /home/alvaro/workspace/ros_ur_driver/install/ur_dashboard_msgs/include/ur_dashboard_msgs/srv/detail/get_program_state__rosidl_typesupport_introspection_cpp.hpp
[16.423s] -- Installing: /home/alvaro/workspace/ros_ur_driver/install/ur_dashboard_msgs/include/ur_dashboard_msgs/srv/detail/raw_request__rosidl_typesupport_introspection_cpp.hpp
[16.423s] -- Installing: /home/alvaro/workspace/ros_ur_driver/install/ur_dashboard_msgs/include/ur_dashboard_msgs/srv/detail/add_to_log__type_support.cpp
[16.423s] -- Installing: /home/alvaro/workspace/ros_ur_driver/install/ur_dashboard_msgs/include/ur_dashboard_msgs/srv/detail/get_safety_mode__type_support.cpp
[16.423s] -- Installing: /home/alvaro/workspace/ros_ur_driver/install/ur_dashboard_msgs/include/ur_dashboard_msgs/srv/detail/is_program_running__rosidl_typesupport_introspection_cpp.hpp
[16.423s] -- Installing: /home/alvaro/workspace/ros_ur_driver/install/ur_dashboard_msgs/include/ur_dashboard_msgs/srv/detail/get_robot_mode__rosidl_typesupport_introspection_cpp.hpp
[16.423s] -- Installing: /home/alvaro/workspace/ros_ur_driver/install/ur_dashboard_msgs/include/ur_dashboard_msgs/srv/detail/get_loaded_program__rosidl_typesupport_introspection_cpp.hpp
[16.424s] -- Installing: /home/alvaro/workspace/ros_ur_driver/install/ur_dashboard_msgs/include/ur_dashboard_msgs/srv/detail/get_loaded_program__type_support.cpp
[16.424s] -- Installing: /home/alvaro/workspace/ros_ur_driver/install/ur_dashboard_msgs/include/ur_dashboard_msgs/srv/detail/is_program_saved__rosidl_typesupport_introspection_cpp.hpp
[16.424s] -- Installing: /home/alvaro/workspace/ros_ur_driver/install/ur_dashboard_msgs/include/ur_dashboard_msgs/srv/detail/raw_request__type_support.cpp
[16.424s] -- Up-to-date: /home/alvaro/workspace/ros_ur_driver/install/ur_dashboard_msgs/include/ur_dashboard_msgs/action
[16.424s] -- Up-to-date: /home/alvaro/workspace/ros_ur_driver/install/ur_dashboard_msgs/include/ur_dashboard_msgs/action/detail
[16.424s] -- Installing: /home/alvaro/workspace/ros_ur_driver/install/ur_dashboard_msgs/include/ur_dashboard_msgs/action/detail/set_mode__type_support.cpp
[16.424s] -- Installing: /home/alvaro/workspace/ros_ur_driver/install/ur_dashboard_msgs/include/ur_dashboard_msgs/action/detail/set_mode__rosidl_typesupport_introspection_cpp.hpp
[16.424s] -- Up-to-date: /home/alvaro/workspace/ros_ur_driver/install/ur_dashboard_msgs/include/ur_dashboard_msgs/msg
[16.424s] -- Up-to-date: /home/alvaro/workspace/ros_ur_driver/install/ur_dashboard_msgs/include/ur_dashboard_msgs/msg/detail
[16.424s] -- Installing: /home/alvaro/workspace/ros_ur_driver/install/ur_dashboard_msgs/include/ur_dashboard_msgs/msg/detail/safety_mode__type_support.cpp
[16.424s] -- Installing: /home/alvaro/workspace/ros_ur_driver/install/ur_dashboard_msgs/include/ur_dashboard_msgs/msg/detail/program_state__type_support.cpp
[16.424s] -- Installing: /home/alvaro/workspace/ros_ur_driver/install/ur_dashboard_msgs/include/ur_dashboard_msgs/msg/detail/safety_mode__rosidl_typesupport_introspection_cpp.hpp
[16.424s] -- Installing: /home/alvaro/workspace/ros_ur_driver/install/ur_dashboard_msgs/include/ur_dashboard_msgs/msg/detail/robot_mode__type_support.cpp
[16.424s] -- Installing: /home/alvaro/workspace/ros_ur_driver/install/ur_dashboard_msgs/include/ur_dashboard_msgs/msg/detail/program_state__rosidl_typesupport_introspection_cpp.hpp
[16.424s] -- Installing: /home/alvaro/workspace/ros_ur_driver/install/ur_dashboard_msgs/include/ur_dashboard_msgs/msg/detail/robot_mode__rosidl_typesupport_introspection_cpp.hpp
[16.424s] -- Installing: /home/alvaro/workspace/ros_ur_driver/install/ur_dashboard_msgs/lib/libur_dashboard_msgs__rosidl_typesupport_introspection_cpp.so
[16.424s] -- Set runtime path of "/home/alvaro/workspace/ros_ur_driver/install/ur_dashboard_msgs/lib/libur_dashboard_msgs__rosidl_typesupport_introspection_cpp.so" to ""
[16.424s] -- Installing: /home/alvaro/workspace/ros_ur_driver/install/ur_dashboard_msgs/lib/libur_dashboard_msgs__rosidl_typesupport_cpp.so
[16.425s] -- Set runtime path of "/home/alvaro/workspace/ros_ur_driver/install/ur_dashboard_msgs/lib/libur_dashboard_msgs__rosidl_typesupport_cpp.so" to ""
[16.425s] -- Installing: /home/alvaro/workspace/ros_ur_driver/install/ur_dashboard_msgs/share/ur_dashboard_msgs/environment/pythonpath.sh
[16.425s] -- Installing: /home/alvaro/workspace/ros_ur_driver/install/ur_dashboard_msgs/share/ur_dashboard_msgs/environment/pythonpath.dsv
[16.425s] -- Installing: /home/alvaro/workspace/ros_ur_driver/install/ur_dashboard_msgs/lib/python3.8/site-packages/ur_dashboard_msgs/__init__.py
[16.460s] Compiling '/home/alvaro/workspace/ros_ur_driver/install/ur_dashboard_msgs/lib/python3.8/site-packages/ur_dashboard_msgs/__init__.py'...
[16.463s] -- Installing: /home/alvaro/workspace/ros_ur_driver/install/ur_dashboard_msgs/lib/python3.8/site-packages/ur_dashboard_msgs/msg
[16.464s] -- Installing: /home/alvaro/workspace/ros_ur_driver/install/ur_dashboard_msgs/lib/python3.8/site-packages/ur_dashboard_msgs/msg/_program_state.py
[16.464s] -- Installing: /home/alvaro/workspace/ros_ur_driver/install/ur_dashboard_msgs/lib/python3.8/site-packages/ur_dashboard_msgs/msg/_program_state_s.c
[16.464s] -- Installing: /home/alvaro/workspace/ros_ur_driver/install/ur_dashboard_msgs/lib/python3.8/site-packages/ur_dashboard_msgs/msg/_safety_mode_s.c
[16.464s] -- Installing: /home/alvaro/workspace/ros_ur_driver/install/ur_dashboard_msgs/lib/python3.8/site-packages/ur_dashboard_msgs/msg/_robot_mode.py
[16.464s] -- Installing: /home/alvaro/workspace/ros_ur_driver/install/ur_dashboard_msgs/lib/python3.8/site-packages/ur_dashboard_msgs/msg/_robot_mode_s.c
[16.464s] -- Installing: /home/alvaro/workspace/ros_ur_driver/install/ur_dashboard_msgs/lib/python3.8/site-packages/ur_dashboard_msgs/msg/_safety_mode.py
[16.465s] -- Installing: /home/alvaro/workspace/ros_ur_driver/install/ur_dashboard_msgs/lib/python3.8/site-packages/ur_dashboard_msgs/msg/__init__.py
[16.465s] -- Installing: /home/alvaro/workspace/ros_ur_driver/install/ur_dashboard_msgs/lib/python3.8/site-packages/ur_dashboard_msgs/srv
[16.465s] -- Installing: /home/alvaro/workspace/ros_ur_driver/install/ur_dashboard_msgs/lib/python3.8/site-packages/ur_dashboard_msgs/srv/_popup_s.c
[16.465s] -- Installing: /home/alvaro/workspace/ros_ur_driver/install/ur_dashboard_msgs/lib/python3.8/site-packages/ur_dashboard_msgs/srv/_get_loaded_program_s.c
[16.465s] -- Installing: /home/alvaro/workspace/ros_ur_driver/install/ur_dashboard_msgs/lib/python3.8/site-packages/ur_dashboard_msgs/srv/_is_program_saved_s.c
[16.466s] -- Installing: /home/alvaro/workspace/ros_ur_driver/install/ur_dashboard_msgs/lib/python3.8/site-packages/ur_dashboard_msgs/srv/_get_program_state_s.c
[16.466s] -- Installing: /home/alvaro/workspace/ros_ur_driver/install/ur_dashboard_msgs/lib/python3.8/site-packages/ur_dashboard_msgs/srv/_get_program_state.py
[16.466s] -- Installing: /home/alvaro/workspace/ros_ur_driver/install/ur_dashboard_msgs/lib/python3.8/site-packages/ur_dashboard_msgs/srv/_get_robot_mode_s.c
[16.466s] -- Installing: /home/alvaro/workspace/ros_ur_driver/install/ur_dashboard_msgs/lib/python3.8/site-packages/ur_dashboard_msgs/srv/_is_program_running_s.c
[16.466s] -- Installing: /home/alvaro/workspace/ros_ur_driver/install/ur_dashboard_msgs/lib/python3.8/site-packages/ur_dashboard_msgs/srv/_get_safety_mode_s.c
[16.467s] -- Installing: /home/alvaro/workspace/ros_ur_driver/install/ur_dashboard_msgs/lib/python3.8/site-packages/ur_dashboard_msgs/srv/_load.py
[16.467s] -- Installing: /home/alvaro/workspace/ros_ur_driver/install/ur_dashboard_msgs/lib/python3.8/site-packages/ur_dashboard_msgs/srv/_is_program_saved.py
[16.467s] -- Installing: /home/alvaro/workspace/ros_ur_driver/install/ur_dashboard_msgs/lib/python3.8/site-packages/ur_dashboard_msgs/srv/_get_robot_mode.py
[16.467s] -- Installing: /home/alvaro/workspace/ros_ur_driver/install/ur_dashboard_msgs/lib/python3.8/site-packages/ur_dashboard_msgs/srv/_is_program_running.py
[16.468s] -- Installing: /home/alvaro/workspace/ros_ur_driver/install/ur_dashboard_msgs/lib/python3.8/site-packages/ur_dashboard_msgs/srv/_add_to_log_s.c
[16.468s] -- Installing: /home/alvaro/workspace/ros_ur_driver/install/ur_dashboard_msgs/lib/python3.8/site-packages/ur_dashboard_msgs/srv/_popup.py
[16.468s] -- Installing: /home/alvaro/workspace/ros_ur_driver/install/ur_dashboard_msgs/lib/python3.8/site-packages/ur_dashboard_msgs/srv/_raw_request.py
[16.468s] -- Installing: /home/alvaro/workspace/ros_ur_driver/install/ur_dashboard_msgs/lib/python3.8/site-packages/ur_dashboard_msgs/srv/_load_s.c
[16.468s] -- Installing: /home/alvaro/workspace/ros_ur_driver/install/ur_dashboard_msgs/lib/python3.8/site-packages/ur_dashboard_msgs/srv/_get_loaded_program.py
[16.469s] -- Installing: /home/alvaro/workspace/ros_ur_driver/install/ur_dashboard_msgs/lib/python3.8/site-packages/ur_dashboard_msgs/srv/_raw_request_s.c
[16.469s] -- Installing: /home/alvaro/workspace/ros_ur_driver/install/ur_dashboard_msgs/lib/python3.8/site-packages/ur_dashboard_msgs/srv/_get_safety_mode.py
[16.469s] -- Installing: /home/alvaro/workspace/ros_ur_driver/install/ur_dashboard_msgs/lib/python3.8/site-packages/ur_dashboard_msgs/srv/_add_to_log.py
[16.469s] -- Installing: /home/alvaro/workspace/ros_ur_driver/install/ur_dashboard_msgs/lib/python3.8/site-packages/ur_dashboard_msgs/srv/__init__.py
[16.469s] -- Installing: /home/alvaro/workspace/ros_ur_driver/install/ur_dashboard_msgs/lib/python3.8/site-packages/ur_dashboard_msgs/action
[16.469s] -- Installing: /home/alvaro/workspace/ros_ur_driver/install/ur_dashboard_msgs/lib/python3.8/site-packages/ur_dashboard_msgs/action/_set_mode.py
[16.470s] -- Installing: /home/alvaro/workspace/ros_ur_driver/install/ur_dashboard_msgs/lib/python3.8/site-packages/ur_dashboard_msgs/action/_set_mode_s.c
[16.470s] -- Installing: /home/alvaro/workspace/ros_ur_driver/install/ur_dashboard_msgs/lib/python3.8/site-packages/ur_dashboard_msgs/action/__init__.py
[16.470s] -- Installing: /home/alvaro/workspace/ros_ur_driver/install/ur_dashboard_msgs/lib/python3.8/site-packages/ur_dashboard_msgs/ur_dashboard_msgs_s__rosidl_typesupport_fastrtps_c.cpython-38-x86_64-linux-gnu.so
[16.470s] -- Set runtime path of "/home/alvaro/workspace/ros_ur_driver/install/ur_dashboard_msgs/lib/python3.8/site-packages/ur_dashboard_msgs/ur_dashboard_msgs_s__rosidl_typesupport_fastrtps_c.cpython-38-x86_64-linux-gnu.so" to ""
[16.470s] -- Installing: /home/alvaro/workspace/ros_ur_driver/install/ur_dashboard_msgs/lib/python3.8/site-packages/ur_dashboard_msgs/ur_dashboard_msgs_s__rosidl_typesupport_introspection_c.cpython-38-x86_64-linux-gnu.so
[16.470s] -- Set runtime path of "/home/alvaro/workspace/ros_ur_driver/install/ur_dashboard_msgs/lib/python3.8/site-packages/ur_dashboard_msgs/ur_dashboard_msgs_s__rosidl_typesupport_introspection_c.cpython-38-x86_64-linux-gnu.so" to ""
[16.471s] -- Installing: /home/alvaro/workspace/ros_ur_driver/install/ur_dashboard_msgs/lib/python3.8/site-packages/ur_dashboard_msgs/ur_dashboard_msgs_s__rosidl_typesupport_c.cpython-38-x86_64-linux-gnu.so
[16.471s] -- Set runtime path of "/home/alvaro/workspace/ros_ur_driver/install/ur_dashboard_msgs/lib/python3.8/site-packages/ur_dashboard_msgs/ur_dashboard_msgs_s__rosidl_typesupport_c.cpython-38-x86_64-linux-gnu.so" to ""
[16.471s] -- Installing: /home/alvaro/workspace/ros_ur_driver/install/ur_dashboard_msgs/lib/libur_dashboard_msgs__python.so
[16.471s] -- Set runtime path of "/home/alvaro/workspace/ros_ur_driver/install/ur_dashboard_msgs/lib/libur_dashboard_msgs__python.so" to ""
[16.471s] -- Installing: /home/alvaro/workspace/ros_ur_driver/install/ur_dashboard_msgs/share/ur_dashboard_msgs/msg/ProgramState.idl
[16.471s] -- Installing: /home/alvaro/workspace/ros_ur_driver/install/ur_dashboard_msgs/share/ur_dashboard_msgs/msg/RobotMode.idl
[16.472s] -- Installing: /home/alvaro/workspace/ros_ur_driver/install/ur_dashboard_msgs/share/ur_dashboard_msgs/msg/SafetyMode.idl
[16.472s] -- Installing: /home/alvaro/workspace/ros_ur_driver/install/ur_dashboard_msgs/share/ur_dashboard_msgs/srv/AddToLog.idl
[16.472s] -- Installing: /home/alvaro/workspace/ros_ur_driver/install/ur_dashboard_msgs/share/ur_dashboard_msgs/srv/GetLoadedProgram.idl
[16.472s] -- Installing: /home/alvaro/workspace/ros_ur_driver/install/ur_dashboard_msgs/share/ur_dashboard_msgs/srv/GetProgramState.idl
[16.472s] -- Installing: /home/alvaro/workspace/ros_ur_driver/install/ur_dashboard_msgs/share/ur_dashboard_msgs/srv/GetRobotMode.idl
[16.473s] -- Installing: /home/alvaro/workspace/ros_ur_driver/install/ur_dashboard_msgs/share/ur_dashboard_msgs/srv/GetSafetyMode.idl
[16.473s] -- Installing: /home/alvaro/workspace/ros_ur_driver/install/ur_dashboard_msgs/share/ur_dashboard_msgs/srv/IsProgramRunning.idl
[16.473s] -- Installing: /home/alvaro/workspace/ros_ur_driver/install/ur_dashboard_msgs/share/ur_dashboard_msgs/srv/IsProgramSaved.idl
[16.473s] -- Installing: /home/alvaro/workspace/ros_ur_driver/install/ur_dashboard_msgs/share/ur_dashboard_msgs/srv/Load.idl
[16.473s] -- Installing: /home/alvaro/workspace/ros_ur_driver/install/ur_dashboard_msgs/share/ur_dashboard_msgs/srv/Popup.idl
[16.473s] -- Installing: /home/alvaro/workspace/ros_ur_driver/install/ur_dashboard_msgs/share/ur_dashboard_msgs/srv/RawRequest.idl
[16.473s] -- Installing: /home/alvaro/workspace/ros_ur_driver/install/ur_dashboard_msgs/share/ur_dashboard_msgs/action/SetMode.idl
[16.473s] -- Installing: /home/alvaro/workspace/ros_ur_driver/install/ur_dashboard_msgs/share/ur_dashboard_msgs/msg/ProgramState.msg
[16.473s] -- Installing: /home/alvaro/workspace/ros_ur_driver/install/ur_dashboard_msgs/share/ur_dashboard_msgs/msg/RobotMode.msg
[16.473s] -- Installing: /home/alvaro/workspace/ros_ur_driver/install/ur_dashboard_msgs/share/ur_dashboard_msgs/msg/SafetyMode.msg
[16.473s] -- Installing: /home/alvaro/workspace/ros_ur_driver/install/ur_dashboard_msgs/share/ur_dashboard_msgs/srv/AddToLog.srv
[16.473s] -- Installing: /home/alvaro/workspace/ros_ur_driver/install/ur_dashboard_msgs/share/ur_dashboard_msgs/srv/AddToLog_Request.msg
[16.473s] -- Installing: /home/alvaro/workspace/ros_ur_driver/install/ur_dashboard_msgs/share/ur_dashboard_msgs/srv/AddToLog_Response.msg
[16.474s] -- Installing: /home/alvaro/workspace/ros_ur_driver/install/ur_dashboard_msgs/share/ur_dashboard_msgs/srv/GetLoadedProgram.srv
[16.474s] -- Installing: /home/alvaro/workspace/ros_ur_driver/install/ur_dashboard_msgs/share/ur_dashboard_msgs/srv/GetLoadedProgram_Request.msg
[16.474s] -- Installing: /home/alvaro/workspace/ros_ur_driver/install/ur_dashboard_msgs/share/ur_dashboard_msgs/srv/GetLoadedProgram_Response.msg
[16.474s] -- Installing: /home/alvaro/workspace/ros_ur_driver/install/ur_dashboard_msgs/share/ur_dashboard_msgs/srv/GetProgramState.srv
[16.474s] -- Installing: /home/alvaro/workspace/ros_ur_driver/install/ur_dashboard_msgs/share/ur_dashboard_msgs/srv/GetProgramState_Request.msg
[16.474s] -- Installing: /home/alvaro/workspace/ros_ur_driver/install/ur_dashboard_msgs/share/ur_dashboard_msgs/srv/GetProgramState_Response.msg
[16.474s] -- Installing: /home/alvaro/workspace/ros_ur_driver/install/ur_dashboard_msgs/share/ur_dashboard_msgs/srv/GetRobotMode.srv
[16.474s] -- Installing: /home/alvaro/workspace/ros_ur_driver/install/ur_dashboard_msgs/share/ur_dashboard_msgs/srv/GetRobotMode_Request.msg
[16.474s] -- Installing: /home/alvaro/workspace/ros_ur_driver/install/ur_dashboard_msgs/share/ur_dashboard_msgs/srv/GetRobotMode_Response.msg
[16.475s] -- Installing: /home/alvaro/workspace/ros_ur_driver/install/ur_dashboard_msgs/share/ur_dashboard_msgs/srv/GetSafetyMode.srv
[16.475s] -- Installing: /home/alvaro/workspace/ros_ur_driver/install/ur_dashboard_msgs/share/ur_dashboard_msgs/srv/GetSafetyMode_Request.msg
[16.475s] -- Installing: /home/alvaro/workspace/ros_ur_driver/install/ur_dashboard_msgs/share/ur_dashboard_msgs/srv/GetSafetyMode_Response.msg
[16.475s] -- Installing: /home/alvaro/workspace/ros_ur_driver/install/ur_dashboard_msgs/share/ur_dashboard_msgs/srv/IsProgramRunning.srv
[16.475s] -- Installing: /home/alvaro/workspace/ros_ur_driver/install/ur_dashboard_msgs/share/ur_dashboard_msgs/srv/IsProgramRunning_Request.msg
[16.475s] -- Installing: /home/alvaro/workspace/ros_ur_driver/install/ur_dashboard_msgs/share/ur_dashboard_msgs/srv/IsProgramRunning_Response.msg
[16.475s] -- Installing: /home/alvaro/workspace/ros_ur_driver/install/ur_dashboard_msgs/share/ur_dashboard_msgs/srv/IsProgramSaved.srv
[16.475s] -- Installing: /home/alvaro/workspace/ros_ur_driver/install/ur_dashboard_msgs/share/ur_dashboard_msgs/srv/IsProgramSaved_Request.msg
[16.476s] -- Installing: /home/alvaro/workspace/ros_ur_driver/install/ur_dashboard_msgs/share/ur_dashboard_msgs/srv/IsProgramSaved_Response.msg
[16.476s] -- Installing: /home/alvaro/workspace/ros_ur_driver/install/ur_dashboard_msgs/share/ur_dashboard_msgs/srv/Load.srv
[16.476s] -- Installing: /home/alvaro/workspace/ros_ur_driver/install/ur_dashboard_msgs/share/ur_dashboard_msgs/srv/Load_Request.msg
[16.476s] -- Installing: /home/alvaro/workspace/ros_ur_driver/install/ur_dashboard_msgs/share/ur_dashboard_msgs/srv/Load_Response.msg
[16.476s] -- Installing: /home/alvaro/workspace/ros_ur_driver/install/ur_dashboard_msgs/share/ur_dashboard_msgs/srv/Popup.srv
[16.476s] -- Installing: /home/alvaro/workspace/ros_ur_driver/install/ur_dashboard_msgs/share/ur_dashboard_msgs/srv/Popup_Request.msg
[16.476s] -- Installing: /home/alvaro/workspace/ros_ur_driver/install/ur_dashboard_msgs/share/ur_dashboard_msgs/srv/Popup_Response.msg
[16.476s] -- Installing: /home/alvaro/workspace/ros_ur_driver/install/ur_dashboard_msgs/share/ur_dashboard_msgs/srv/RawRequest.srv
[16.477s] -- Installing: /home/alvaro/workspace/ros_ur_driver/install/ur_dashboard_msgs/share/ur_dashboard_msgs/srv/RawRequest_Request.msg
[16.477s] -- Installing: /home/alvaro/workspace/ros_ur_driver/install/ur_dashboard_msgs/share/ur_dashboard_msgs/srv/RawRequest_Response.msg
[16.477s] -- Installing: /home/alvaro/workspace/ros_ur_driver/install/ur_dashboard_msgs/share/ur_dashboard_msgs/action/SetMode.action
[16.477s] -- Installing: /home/alvaro/workspace/ros_ur_driver/install/ur_dashboard_msgs/share/ament_index/resource_index/package_run_dependencies/ur_dashboard_msgs
[16.477s] -- Installing: /home/alvaro/workspace/ros_ur_driver/install/ur_dashboard_msgs/share/ament_index/resource_index/parent_prefix_path/ur_dashboard_msgs
[16.477s] -- Installing: /home/alvaro/workspace/ros_ur_driver/install/ur_dashboard_msgs/share/ur_dashboard_msgs/environment/ament_prefix_path.sh
[16.477s] -- Installing: /home/alvaro/workspace/ros_ur_driver/install/ur_dashboard_msgs/share/ur_dashboard_msgs/environment/ament_prefix_path.dsv
[16.477s] -- Installing: /home/alvaro/workspace/ros_ur_driver/install/ur_dashboard_msgs/share/ur_dashboard_msgs/environment/path.sh
[16.478s] -- Installing: /home/alvaro/workspace/ros_ur_driver/install/ur_dashboard_msgs/share/ur_dashboard_msgs/environment/path.dsv
[16.478s] -- Installing: /home/alvaro/workspace/ros_ur_driver/install/ur_dashboard_msgs/share/ur_dashboard_msgs/local_setup.bash
[16.478s] -- Installing: /home/alvaro/workspace/ros_ur_driver/install/ur_dashboard_msgs/share/ur_dashboard_msgs/local_setup.sh
[16.478s] -- Installing: /home/alvaro/workspace/ros_ur_driver/install/ur_dashboard_msgs/share/ur_dashboard_msgs/local_setup.zsh
[16.478s] -- Installing: /home/alvaro/workspace/ros_ur_driver/install/ur_dashboard_msgs/share/ur_dashboard_msgs/local_setup.dsv
[16.478s] -- Installing: /home/alvaro/workspace/ros_ur_driver/install/ur_dashboard_msgs/share/ur_dashboard_msgs/package.dsv
[16.478s] -- Installing: /home/alvaro/workspace/ros_ur_driver/install/ur_dashboard_msgs/share/ament_index/resource_index/packages/ur_dashboard_msgs
[16.478s] -- Installing: /home/alvaro/workspace/ros_ur_driver/install/ur_dashboard_msgs/share/ur_dashboard_msgs/cmake/ur_dashboard_msgs__rosidl_generator_cExport.cmake
[16.479s] -- Installing: /home/alvaro/workspace/ros_ur_driver/install/ur_dashboard_msgs/share/ur_dashboard_msgs/cmake/ur_dashboard_msgs__rosidl_generator_cExport-noconfig.cmake
[16.479s] -- Installing: /home/alvaro/workspace/ros_ur_driver/install/ur_dashboard_msgs/share/ur_dashboard_msgs/cmake/ur_dashboard_msgs__rosidl_typesupport_introspection_cExport.cmake
[16.479s] -- Installing: /home/alvaro/workspace/ros_ur_driver/install/ur_dashboard_msgs/share/ur_dashboard_msgs/cmake/ur_dashboard_msgs__rosidl_typesupport_introspection_cExport-noconfig.cmake
[16.479s] -- Installing: /home/alvaro/workspace/ros_ur_driver/install/ur_dashboard_msgs/share/ur_dashboard_msgs/cmake/ur_dashboard_msgs__rosidl_typesupport_cExport.cmake
[16.479s] -- Installing: /home/alvaro/workspace/ros_ur_driver/install/ur_dashboard_msgs/share/ur_dashboard_msgs/cmake/ur_dashboard_msgs__rosidl_typesupport_cExport-noconfig.cmake
[16.479s] -- Installing: /home/alvaro/workspace/ros_ur_driver/install/ur_dashboard_msgs/share/ur_dashboard_msgs/cmake/ur_dashboard_msgs__rosidl_generator_cppExport.cmake
[16.480s] -- Installing: /home/alvaro/workspace/ros_ur_driver/install/ur_dashboard_msgs/share/ur_dashboard_msgs/cmake/ur_dashboard_msgs__rosidl_typesupport_introspection_cppExport.cmake
[16.480s] -- Installing: /home/alvaro/workspace/ros_ur_driver/install/ur_dashboard_msgs/share/ur_dashboard_msgs/cmake/ur_dashboard_msgs__rosidl_typesupport_introspection_cppExport-noconfig.cmake
[16.480s] -- Installing: /home/alvaro/workspace/ros_ur_driver/install/ur_dashboard_msgs/share/ur_dashboard_msgs/cmake/ur_dashboard_msgs__rosidl_typesupport_cppExport.cmake
[16.480s] -- Installing: /home/alvaro/workspace/ros_ur_driver/install/ur_dashboard_msgs/share/ur_dashboard_msgs/cmake/ur_dashboard_msgs__rosidl_typesupport_cppExport-noconfig.cmake
[16.480s] -- Installing: /home/alvaro/workspace/ros_ur_driver/install/ur_dashboard_msgs/share/ur_dashboard_msgs/cmake/rosidl_cmake-extras.cmake
[16.480s] -- Installing: /home/alvaro/workspace/ros_ur_driver/install/ur_dashboard_msgs/share/ur_dashboard_msgs/cmake/ament_cmake_export_dependencies-extras.cmake
[16.480s] -- Installing: /home/alvaro/workspace/ros_ur_driver/install/ur_dashboard_msgs/share/ur_dashboard_msgs/cmake/ament_cmake_export_libraries-extras.cmake
[16.480s] -- Installing: /home/alvaro/workspace/ros_ur_driver/install/ur_dashboard_msgs/share/ur_dashboard_msgs/cmake/ament_cmake_export_targets-extras.cmake
[16.481s] -- Installing: /home/alvaro/workspace/ros_ur_driver/install/ur_dashboard_msgs/share/ur_dashboard_msgs/cmake/ament_cmake_export_include_directories-extras.cmake
[16.481s] -- Installing: /home/alvaro/workspace/ros_ur_driver/install/ur_dashboard_msgs/share/ur_dashboard_msgs/cmake/rosidl_cmake_export_typesupport_libraries-extras.cmake
[16.481s] -- Installing: /home/alvaro/workspace/ros_ur_driver/install/ur_dashboard_msgs/share/ur_dashboard_msgs/cmake/rosidl_cmake_export_typesupport_targets-extras.cmake
[16.481s] -- Installing: /home/alvaro/workspace/ros_ur_driver/install/ur_dashboard_msgs/share/ur_dashboard_msgs/cmake/ur_dashboard_msgsConfig.cmake
[16.481s] -- Installing: /home/alvaro/workspace/ros_ur_driver/install/ur_dashboard_msgs/share/ur_dashboard_msgs/cmake/ur_dashboard_msgsConfig-version.cmake
[16.481s] -- Installing: /home/alvaro/workspace/ros_ur_driver/install/ur_dashboard_msgs/share/ur_dashboard_msgs/package.xml
[16.483s] Invoked command in '/home/alvaro/workspace/ros_ur_driver/build/ur_dashboard_msgs' returned '0': CMAKE_PREFIX_PATH=${CMAKE_PREFIX_PATH}:/home/alvaro/ros2_ws/install/ros2controlcli:/home/alvaro/ros2_ws/install/ros2_control_test_nodes:/home/alvaro/dev_ws/install/ros2test:/opt/ros/foxy /usr/bin/cmake --install /home/alvaro/workspace/ros_ur_driver/build/ur_dashboard_msgs
