[0.113s] Invoking command in '/home/adela/workspace/ros_ur_driver/build/ur_calibration': CMAKE_PREFIX_PATH=/home/adela/workspace/ros_ur_driver/install/ur_robot_driver:/home/adela/workspace/ros_ur_driver/install/ur_controllers:/home/adela/workspace/ros_ur_driver/install/ur_description:/home/adela/workspace/ros_ur_driver/install/ur_dashboard_msgs:/home/adela/workspace/ros_ur_driver/install/ur:/home/adela/workspace/ros_ur_driver/install/ur_calibration:/home/adela/workspace/ros_ur_driver/install/ur_moveit_config:/home/adela/workspace/ros_ur_driver/install/ur_bringup:/opt/ros/humble /usr/bin/cmake /home/adela/workspace/ros_ur_driver/src/Universal_Robots_ROS2_Driver/ur_calibration -DCMAKE_INSTALL_PREFIX=/home/adela/workspace/ros_ur_driver/install/ur_calibration
[0.130s] -- Found ament_cmake: 1.3.5 (/opt/ros/humble/share/ament_cmake/cmake)
[0.321s] -- Found rclcpp: 16.0.6 (/opt/ros/humble/share/rclcpp/cmake)
[0.364s] -- Found rosidl_generator_c: 3.1.5 (/opt/ros/humble/share/rosidl_generator_c/cmake)
[0.368s] -- Found rosidl_adapter: 3.1.5 (/opt/ros/humble/share/rosidl_adapter/cmake)
[0.377s] -- Found rosidl_generator_cpp: 3.1.5 (/opt/ros/humble/share/rosidl_generator_cpp/cmake)
[0.395s] -- Using all available rosidl_typesupport_c: rosidl_typesupport_fastrtps_c;rosidl_typesupport_introspection_c
[0.420s] -- Using all available rosidl_typesupport_cpp: rosidl_typesupport_fastrtps_cpp;rosidl_typesupport_introspection_cpp
[0.526s] -- Found rmw_implementation_cmake: 6.1.1 (/opt/ros/humble/share/rmw_implementation_cmake/cmake)
[0.529s] -- Found rmw_fastrtps_cpp: 6.2.4 (/opt/ros/humble/share/rmw_fastrtps_cpp/cmake)
[0.713s] -- Using RMW implementation 'rmw_fastrtps_cpp' as default
[1.020s] -- Found ur_robot_driver: 2.2.9 (/home/adela/workspace/ros_ur_driver/install/ur_robot_driver/share/ur_robot_driver/cmake)
[3.667s] -- Found eigen3_cmake_module: 0.1.1 (/opt/ros/humble/share/eigen3_cmake_module/cmake)
[3.669s] -- Ensuring Eigen3 include directory is part of orocos-kdl CMake target
[6.771s] -- Found ament_cmake_gmock: 1.3.5 (/opt/ros/humble/share/ament_cmake_gmock/cmake)
[6.772s] -- Found gmock sources under '/opt/ros/humble/src/gmock_vendor': C++ tests using 'Google Mock' will be built
[6.774s] -- Found ament_cmake_gtest: 1.3.5 (/opt/ros/humble/share/ament_cmake_gtest/cmake)
[6.775s] -- Found gtest sources under '/opt/ros/humble/src/gtest_vendor': C++ tests using 'Google Test' will be built
[6.867s] -- Configuring done
[6.967s] -- Generating done
[6.977s] -- Build files have been written to: /home/adela/workspace/ros_ur_driver/build/ur_calibration
[6.995s] Invoked command in '/home/adela/workspace/ros_ur_driver/build/ur_calibration' returned '0': CMAKE_PREFIX_PATH=/home/adela/workspace/ros_ur_driver/install/ur_robot_driver:/home/adela/workspace/ros_ur_driver/install/ur_controllers:/home/adela/workspace/ros_ur_driver/install/ur_description:/home/adela/workspace/ros_ur_driver/install/ur_dashboard_msgs:/home/adela/workspace/ros_ur_driver/install/ur:/home/adela/workspace/ros_ur_driver/install/ur_calibration:/home/adela/workspace/ros_ur_driver/install/ur_moveit_config:/home/adela/workspace/ros_ur_driver/install/ur_bringup:/opt/ros/humble /usr/bin/cmake /home/adela/workspace/ros_ur_driver/src/Universal_Robots_ROS2_Driver/ur_calibration -DCMAKE_INSTALL_PREFIX=/home/adela/workspace/ros_ur_driver/install/ur_calibration
[6.997s] Invoking command in '/home/adela/workspace/ros_ur_driver/build/ur_calibration': CMAKE_PREFIX_PATH=/home/adela/workspace/ros_ur_driver/install/ur_robot_driver:/home/adela/workspace/ros_ur_driver/install/ur_controllers:/home/adela/workspace/ros_ur_driver/install/ur_description:/home/adela/workspace/ros_ur_driver/install/ur_dashboard_msgs:/home/adela/workspace/ros_ur_driver/install/ur:/home/adela/workspace/ros_ur_driver/install/ur_calibration:/home/adela/workspace/ros_ur_driver/install/ur_moveit_config:/home/adela/workspace/ros_ur_driver/install/ur_bringup:/opt/ros/humble /usr/bin/cmake --build /home/adela/workspace/ros_ur_driver/build/ur_calibration -- -j2 -l2
[7.053s] [35m[1mConsolidate compiler generated dependencies of target gmock_main[0m
[7.058s] [35m[1mConsolidate compiler generated dependencies of target calibration[0m
[7.073s] [ 16%] Built target gmock_main
[7.098s] [35m[1mConsolidate compiler generated dependencies of target gmock[0m
[7.136s] [ 41%] Built target gmock
[7.149s] [ 66%] Built target calibration
[7.165s] [35m[1mConsolidate compiler generated dependencies of target calibration_correction[0m
[7.188s] [35m[1mConsolidate compiler generated dependencies of target calibration_test[0m
[7.199s] [ 83%] Built target calibration_correction
[7.222s] [100%] Built target calibration_test
[7.237s] Invoked command in '/home/adela/workspace/ros_ur_driver/build/ur_calibration' returned '0': CMAKE_PREFIX_PATH=/home/adela/workspace/ros_ur_driver/install/ur_robot_driver:/home/adela/workspace/ros_ur_driver/install/ur_controllers:/home/adela/workspace/ros_ur_driver/install/ur_description:/home/adela/workspace/ros_ur_driver/install/ur_dashboard_msgs:/home/adela/workspace/ros_ur_driver/install/ur:/home/adela/workspace/ros_ur_driver/install/ur_calibration:/home/adela/workspace/ros_ur_driver/install/ur_moveit_config:/home/adela/workspace/ros_ur_driver/install/ur_bringup:/opt/ros/humble /usr/bin/cmake --build /home/adela/workspace/ros_ur_driver/build/ur_calibration -- -j2 -l2
[7.288s] Invoking command in '/home/adela/workspace/ros_ur_driver/build/ur_calibration': CMAKE_PREFIX_PATH=/home/adela/workspace/ros_ur_driver/install/ur_robot_driver:/home/adela/workspace/ros_ur_driver/install/ur_controllers:/home/adela/workspace/ros_ur_driver/install/ur_description:/home/adela/workspace/ros_ur_driver/install/ur_dashboard_msgs:/home/adela/workspace/ros_ur_driver/install/ur:/home/adela/workspace/ros_ur_driver/install/ur_calibration:/home/adela/workspace/ros_ur_driver/install/ur_moveit_config:/home/adela/workspace/ros_ur_driver/install/ur_bringup:/opt/ros/humble /usr/bin/cmake --install /home/adela/workspace/ros_ur_driver/build/ur_calibration
[7.301s] -- Install configuration: "Release"
[7.305s] -- Up-to-date: /home/adela/workspace/ros_ur_driver/install/ur_calibration/lib/ur_calibration/calibration_correction
[7.305s] -- Up-to-date: /home/adela/workspace/ros_ur_driver/install/ur_calibration/include
[7.305s] -- Up-to-date: /home/adela/workspace/ros_ur_driver/install/ur_calibration/include/ur_calibration
[7.305s] -- Up-to-date: /home/adela/workspace/ros_ur_driver/install/ur_calibration/include/ur_calibration/calibration_consumer.hpp
[7.305s] -- Up-to-date: /home/adela/workspace/ros_ur_driver/install/ur_calibration/include/ur_calibration/calibration.hpp
[7.305s] -- Up-to-date: /home/adela/workspace/ros_ur_driver/install/ur_calibration/share/ur_calibration/launch
[7.305s] -- Up-to-date: /home/adela/workspace/ros_ur_driver/install/ur_calibration/share/ur_calibration/launch/calibration_correction.launch.py
[7.305s] -- Up-to-date: /home/adela/workspace/ros_ur_driver/install/ur_calibration/share/ament_index/resource_index/package_run_dependencies/ur_calibration
[7.306s] -- Up-to-date: /home/adela/workspace/ros_ur_driver/install/ur_calibration/share/ament_index/resource_index/parent_prefix_path/ur_calibration
[7.306s] -- Up-to-date: /home/adela/workspace/ros_ur_driver/install/ur_calibration/share/ur_calibration/environment/ament_prefix_path.sh
[7.306s] -- Installing: /home/adela/workspace/ros_ur_driver/install/ur_calibration/share/ur_calibration/environment/ament_prefix_path.dsv
[7.306s] -- Up-to-date: /home/adela/workspace/ros_ur_driver/install/ur_calibration/share/ur_calibration/environment/path.sh
[7.306s] -- Installing: /home/adela/workspace/ros_ur_driver/install/ur_calibration/share/ur_calibration/environment/path.dsv
[7.306s] -- Up-to-date: /home/adela/workspace/ros_ur_driver/install/ur_calibration/share/ur_calibration/local_setup.bash
[7.306s] -- Up-to-date: /home/adela/workspace/ros_ur_driver/install/ur_calibration/share/ur_calibration/local_setup.sh
[7.306s] -- Up-to-date: /home/adela/workspace/ros_ur_driver/install/ur_calibration/share/ur_calibration/local_setup.zsh
[7.306s] -- Installing: /home/adela/workspace/ros_ur_driver/install/ur_calibration/share/ur_calibration/local_setup.dsv
[7.306s] -- Installing: /home/adela/workspace/ros_ur_driver/install/ur_calibration/share/ur_calibration/package.dsv
[7.307s] -- Up-to-date: /home/adela/workspace/ros_ur_driver/install/ur_calibration/share/ament_index/resource_index/packages/ur_calibration
[7.307s] -- Up-to-date: /home/adela/workspace/ros_ur_driver/install/ur_calibration/share/ur_calibration/cmake/ament_cmake_export_include_directories-extras.cmake
[7.307s] -- Up-to-date: /home/adela/workspace/ros_ur_driver/install/ur_calibration/share/ur_calibration/cmake/ament_cmake_export_dependencies-extras.cmake
[7.307s] -- Up-to-date: /home/adela/workspace/ros_ur_driver/install/ur_calibration/share/ur_calibration/cmake/ur_calibrationConfig.cmake
[7.307s] -- Up-to-date: /home/adela/workspace/ros_ur_driver/install/ur_calibration/share/ur_calibration/cmake/ur_calibrationConfig-version.cmake
[7.307s] -- Up-to-date: /home/adela/workspace/ros_ur_driver/install/ur_calibration/share/ur_calibration/package.xml
[7.309s] Invoked command in '/home/adela/workspace/ros_ur_driver/build/ur_calibration' returned '0': CMAKE_PREFIX_PATH=/home/adela/workspace/ros_ur_driver/install/ur_robot_driver:/home/adela/workspace/ros_ur_driver/install/ur_controllers:/home/adela/workspace/ros_ur_driver/install/ur_description:/home/adela/workspace/ros_ur_driver/install/ur_dashboard_msgs:/home/adela/workspace/ros_ur_driver/install/ur:/home/adela/workspace/ros_ur_driver/install/ur_calibration:/home/adela/workspace/ros_ur_driver/install/ur_moveit_config:/home/adela/workspace/ros_ur_driver/install/ur_bringup:/opt/ros/humble /usr/bin/cmake --install /home/adela/workspace/ros_ur_driver/build/ur_calibration
