[0.151s] Invoking command in '/home/adela/workspace/ros_ur_driver/build/ur_dashboard_msgs': CMAKE_PREFIX_PATH=${CMAKE_PREFIX_PATH}:/opt/ros/humble /usr/bin/cmake /home/adela/workspace/ros_ur_driver/src/Universal_Robots_ROS2_Driver/ur_dashboard_msgs -DCMAKE_BUILD_TYPE=Release -DCMAKE_INSTALL_PREFIX=/home/adela/workspace/ros_ur_driver/install/ur_dashboard_msgs
[0.168s] -- Found ament_cmake: 1.3.5 (/opt/ros/humble/share/ament_cmake/cmake)
[0.326s] -- Found rosidl_default_generators: 1.2.0 (/opt/ros/humble/share/rosidl_default_generators/cmake)
[0.329s] -- Using all available rosidl_typesupport_c: rosidl_typesupport_fastrtps_c;rosidl_typesupport_introspection_c
[0.339s] -- Found rosidl_adapter: 3.1.5 (/opt/ros/humble/share/rosidl_adapter/cmake)
[0.393s] -- Using all available rosidl_typesupport_cpp: rosidl_typesupport_fastrtps_cpp;rosidl_typesupport_introspection_cpp
[0.421s] -- Found action_msgs: 1.2.1 (/opt/ros/humble/share/action_msgs/cmake)
[0.926s] -- Found ament_cmake_ros: 0.10.0 (/opt/ros/humble/share/ament_cmake_ros/cmake)
[1.207s] -- Using all available rosidl_typesupport_c: rosidl_typesupport_fastrtps_c;rosidl_typesupport_introspection_c
[1.624s] -- Using all available rosidl_typesupport_cpp: rosidl_typesupport_fastrtps_cpp;rosidl_typesupport_introspection_cpp
[1.647s] -- Found python_cmake_module: 0.10.0 (/opt/ros/humble/share/python_cmake_module/cmake)
[1.674s] -- Using PYTHON_EXECUTABLE: /usr/bin/python3
[1.674s] -- Using PYTHON_INCLUDE_DIRS: /usr/include/python3.10
[1.674s] -- Using PYTHON_LIBRARIES: /usr/lib/x86_64-linux-gnu/libpython3.10.so
[1.724s] -- Configuring done
[1.900s] -- Generating done
[1.907s] -- Build files have been written to: /home/adela/workspace/ros_ur_driver/build/ur_dashboard_msgs
[1.929s] Invoked command in '/home/adela/workspace/ros_ur_driver/build/ur_dashboard_msgs' returned '0': CMAKE_PREFIX_PATH=${CMAKE_PREFIX_PATH}:/opt/ros/humble /usr/bin/cmake /home/adela/workspace/ros_ur_driver/src/Universal_Robots_ROS2_Driver/ur_dashboard_msgs -DCMAKE_BUILD_TYPE=Release -DCMAKE_INSTALL_PREFIX=/home/adela/workspace/ros_ur_driver/install/ur_dashboard_msgs
[1.930s] Invoking command in '/home/adela/workspace/ros_ur_driver/build/ur_dashboard_msgs': CMAKE_PREFIX_PATH=${CMAKE_PREFIX_PATH}:/opt/ros/humble /usr/bin/cmake --build /home/adela/workspace/ros_ur_driver/build/ur_dashboard_msgs -- -j2 -l2
[2.008s] [35m[1mConsolidate compiler generated dependencies of target ur_dashboard_msgs__rosidl_generator_c[0m
[2.017s] [  0%] Built target ur_dashboard_msgs__cpp
[2.029s] [  0%] [32mBuilding C object CMakeFiles/ur_dashboard_msgs__rosidl_generator_c.dir/rosidl_generator_c/ur_dashboard_msgs/msg/detail/program_state__functions.c.o[0m
[2.063s] [  0%] Built target ament_cmake_python_copy_ur_dashboard_msgs
[2.108s] [35m[1mConsolidate compiler generated dependencies of target ur_dashboard_msgs__rosidl_typesupport_cpp[0m
[2.140s] [  1%] [32mBuilding CXX object CMakeFiles/ur_dashboard_msgs__rosidl_typesupport_cpp.dir/rosidl_typesupport_cpp/ur_dashboard_msgs/msg/program_state__type_support.cpp.o[0m
[2.198s] [  2%] [32mBuilding C object CMakeFiles/ur_dashboard_msgs__rosidl_generator_c.dir/rosidl_generator_c/ur_dashboard_msgs/msg/detail/robot_mode__functions.c.o[0m
[2.405s] [  3%] [32mBuilding C object CMakeFiles/ur_dashboard_msgs__rosidl_generator_c.dir/rosidl_generator_c/ur_dashboard_msgs/msg/detail/safety_mode__functions.c.o[0m
[2.558s] [  4%] [32mBuilding C object CMakeFiles/ur_dashboard_msgs__rosidl_generator_c.dir/rosidl_generator_c/ur_dashboard_msgs/srv/detail/add_to_log__functions.c.o[0m
[2.623s] [  5%] [32mBuilding CXX object CMakeFiles/ur_dashboard_msgs__rosidl_typesupport_cpp.dir/rosidl_typesupport_cpp/ur_dashboard_msgs/msg/robot_mode__type_support.cpp.o[0m
[2.722s] [  5%] [32mBuilding C object CMakeFiles/ur_dashboard_msgs__rosidl_generator_c.dir/rosidl_generator_c/ur_dashboard_msgs/srv/detail/get_loaded_program__functions.c.o[0m
[2.932s] [  6%] [32mBuilding C object CMakeFiles/ur_dashboard_msgs__rosidl_generator_c.dir/rosidl_generator_c/ur_dashboard_msgs/srv/detail/get_program_state__functions.c.o[0m
[3.063s] [  6%] [32mBuilding CXX object CMakeFiles/ur_dashboard_msgs__rosidl_typesupport_cpp.dir/rosidl_typesupport_cpp/ur_dashboard_msgs/msg/safety_mode__type_support.cpp.o[0m
[3.157s] [  7%] [32mBuilding C object CMakeFiles/ur_dashboard_msgs__rosidl_generator_c.dir/rosidl_generator_c/ur_dashboard_msgs/srv/detail/get_robot_mode__functions.c.o[0m
[3.387s] [  8%] [32mBuilding C object CMakeFiles/ur_dashboard_msgs__rosidl_generator_c.dir/rosidl_generator_c/ur_dashboard_msgs/srv/detail/get_safety_mode__functions.c.o[0m
[3.503s] [  9%] [32mBuilding CXX object CMakeFiles/ur_dashboard_msgs__rosidl_typesupport_cpp.dir/rosidl_typesupport_cpp/ur_dashboard_msgs/srv/add_to_log__type_support.cpp.o[0m
[3.605s] [  9%] [32mBuilding C object CMakeFiles/ur_dashboard_msgs__rosidl_generator_c.dir/rosidl_generator_c/ur_dashboard_msgs/srv/detail/is_program_running__functions.c.o[0m
[3.817s] [ 10%] [32mBuilding C object CMakeFiles/ur_dashboard_msgs__rosidl_generator_c.dir/rosidl_generator_c/ur_dashboard_msgs/srv/detail/is_program_saved__functions.c.o[0m
[3.978s] [ 11%] [32mBuilding CXX object CMakeFiles/ur_dashboard_msgs__rosidl_typesupport_cpp.dir/rosidl_typesupport_cpp/ur_dashboard_msgs/srv/get_loaded_program__type_support.cpp.o[0m
[4.046s] [ 12%] [32mBuilding C object CMakeFiles/ur_dashboard_msgs__rosidl_generator_c.dir/rosidl_generator_c/ur_dashboard_msgs/srv/detail/load__functions.c.o[0m
[4.272s] [ 13%] [32mBuilding C object CMakeFiles/ur_dashboard_msgs__rosidl_generator_c.dir/rosidl_generator_c/ur_dashboard_msgs/srv/detail/popup__functions.c.o[0m
[4.473s] [ 13%] [32mBuilding CXX object CMakeFiles/ur_dashboard_msgs__rosidl_typesupport_cpp.dir/rosidl_typesupport_cpp/ur_dashboard_msgs/srv/get_program_state__type_support.cpp.o[0m
[4.521s] [ 13%] [32mBuilding C object CMakeFiles/ur_dashboard_msgs__rosidl_generator_c.dir/rosidl_generator_c/ur_dashboard_msgs/srv/detail/raw_request__functions.c.o[0m
[4.733s] [ 14%] [32mBuilding C object CMakeFiles/ur_dashboard_msgs__rosidl_generator_c.dir/rosidl_generator_c/ur_dashboard_msgs/action/detail/set_mode__functions.c.o[0m
[4.983s] [ 15%] [32mBuilding CXX object CMakeFiles/ur_dashboard_msgs__rosidl_typesupport_cpp.dir/rosidl_typesupport_cpp/ur_dashboard_msgs/srv/get_robot_mode__type_support.cpp.o[0m
[5.484s] [ 16%] [32m[1mLinking C shared library libur_dashboard_msgs__rosidl_generator_c.so[0m
[5.537s] [ 17%] [32mBuilding CXX object CMakeFiles/ur_dashboard_msgs__rosidl_typesupport_cpp.dir/rosidl_typesupport_cpp/ur_dashboard_msgs/srv/get_safety_mode__type_support.cpp.o[0m
[5.549s] [ 18%] Built target ur_dashboard_msgs__rosidl_generator_c
[5.569s] [35m[1mConsolidate compiler generated dependencies of target ur_dashboard_msgs__rosidl_typesupport_fastrtps_cpp[0m
[5.614s] [ 19%] [32mBuilding CXX object CMakeFiles/ur_dashboard_msgs__rosidl_typesupport_fastrtps_cpp.dir/rosidl_typesupport_fastrtps_cpp/ur_dashboard_msgs/msg/detail/dds_fastrtps/program_state__type_support.cpp.o[0m
[6.004s] [ 20%] [32mBuilding CXX object CMakeFiles/ur_dashboard_msgs__rosidl_typesupport_cpp.dir/rosidl_typesupport_cpp/ur_dashboard_msgs/srv/is_program_running__type_support.cpp.o[0m
[6.314s] [ 21%] [32mBuilding CXX object CMakeFiles/ur_dashboard_msgs__rosidl_typesupport_fastrtps_cpp.dir/rosidl_typesupport_fastrtps_cpp/ur_dashboard_msgs/msg/detail/dds_fastrtps/robot_mode__type_support.cpp.o[0m
[6.466s] [ 21%] [32mBuilding CXX object CMakeFiles/ur_dashboard_msgs__rosidl_typesupport_cpp.dir/rosidl_typesupport_cpp/ur_dashboard_msgs/srv/is_program_saved__type_support.cpp.o[0m
[6.928s] [ 22%] [32mBuilding CXX object CMakeFiles/ur_dashboard_msgs__rosidl_typesupport_cpp.dir/rosidl_typesupport_cpp/ur_dashboard_msgs/srv/load__type_support.cpp.o[0m
[6.999s] [ 22%] [32mBuilding CXX object CMakeFiles/ur_dashboard_msgs__rosidl_typesupport_fastrtps_cpp.dir/rosidl_typesupport_fastrtps_cpp/ur_dashboard_msgs/msg/detail/dds_fastrtps/safety_mode__type_support.cpp.o[0m
[7.398s] [ 23%] [32mBuilding CXX object CMakeFiles/ur_dashboard_msgs__rosidl_typesupport_cpp.dir/rosidl_typesupport_cpp/ur_dashboard_msgs/srv/popup__type_support.cpp.o[0m
[7.673s] [ 24%] [32mBuilding CXX object CMakeFiles/ur_dashboard_msgs__rosidl_typesupport_fastrtps_cpp.dir/rosidl_typesupport_fastrtps_cpp/ur_dashboard_msgs/srv/detail/dds_fastrtps/add_to_log__type_support.cpp.o[0m
[7.878s] [ 25%] [32mBuilding CXX object CMakeFiles/ur_dashboard_msgs__rosidl_typesupport_cpp.dir/rosidl_typesupport_cpp/ur_dashboard_msgs/srv/raw_request__type_support.cpp.o[0m
[8.381s] [ 25%] [32mBuilding CXX object CMakeFiles/ur_dashboard_msgs__rosidl_typesupport_cpp.dir/rosidl_typesupport_cpp/ur_dashboard_msgs/action/set_mode__type_support.cpp.o[0m
[8.469s] [ 26%] [32mBuilding CXX object CMakeFiles/ur_dashboard_msgs__rosidl_typesupport_fastrtps_cpp.dir/rosidl_typesupport_fastrtps_cpp/ur_dashboard_msgs/srv/detail/dds_fastrtps/get_loaded_program__type_support.cpp.o[0m
[9.231s] [ 27%] [32m[1mLinking CXX shared library libur_dashboard_msgs__rosidl_typesupport_cpp.so[0m
[9.289s] [ 28%] [32mBuilding CXX object CMakeFiles/ur_dashboard_msgs__rosidl_typesupport_fastrtps_cpp.dir/rosidl_typesupport_fastrtps_cpp/ur_dashboard_msgs/srv/detail/dds_fastrtps/get_program_state__type_support.cpp.o[0m
[9.295s] [ 29%] Built target ur_dashboard_msgs__rosidl_typesupport_cpp
[9.323s] [35m[1mConsolidate compiler generated dependencies of target ur_dashboard_msgs__rosidl_typesupport_introspection_cpp[0m
[9.370s] [ 30%] [32mBuilding CXX object CMakeFiles/ur_dashboard_msgs__rosidl_typesupport_introspection_cpp.dir/rosidl_typesupport_introspection_cpp/ur_dashboard_msgs/msg/detail/program_state__type_support.cpp.o[0m
[10.012s] [ 31%] [32mBuilding CXX object CMakeFiles/ur_dashboard_msgs__rosidl_typesupport_introspection_cpp.dir/rosidl_typesupport_introspection_cpp/ur_dashboard_msgs/msg/detail/robot_mode__type_support.cpp.o[0m
[10.095s] [ 31%] [32mBuilding CXX object CMakeFiles/ur_dashboard_msgs__rosidl_typesupport_fastrtps_cpp.dir/rosidl_typesupport_fastrtps_cpp/ur_dashboard_msgs/srv/detail/dds_fastrtps/get_robot_mode__type_support.cpp.o[0m
[10.678s] [ 32%] [32mBuilding CXX object CMakeFiles/ur_dashboard_msgs__rosidl_typesupport_introspection_cpp.dir/rosidl_typesupport_introspection_cpp/ur_dashboard_msgs/msg/detail/safety_mode__type_support.cpp.o[0m
[10.932s] [ 33%] [32mBuilding CXX object CMakeFiles/ur_dashboard_msgs__rosidl_typesupport_fastrtps_cpp.dir/rosidl_typesupport_fastrtps_cpp/ur_dashboard_msgs/srv/detail/dds_fastrtps/get_safety_mode__type_support.cpp.o[0m
[11.300s] [ 33%] [32mBuilding CXX object CMakeFiles/ur_dashboard_msgs__rosidl_typesupport_introspection_cpp.dir/rosidl_typesupport_introspection_cpp/ur_dashboard_msgs/srv/detail/add_to_log__type_support.cpp.o[0m
[11.737s] [ 34%] [32mBuilding CXX object CMakeFiles/ur_dashboard_msgs__rosidl_typesupport_fastrtps_cpp.dir/rosidl_typesupport_fastrtps_cpp/ur_dashboard_msgs/srv/detail/dds_fastrtps/is_program_running__type_support.cpp.o[0m
[11.963s] [ 35%] [32mBuilding CXX object CMakeFiles/ur_dashboard_msgs__rosidl_typesupport_introspection_cpp.dir/rosidl_typesupport_introspection_cpp/ur_dashboard_msgs/srv/detail/get_loaded_program__type_support.cpp.o[0m
[12.737s] [ 36%] [32mBuilding CXX object CMakeFiles/ur_dashboard_msgs__rosidl_typesupport_fastrtps_cpp.dir/rosidl_typesupport_fastrtps_cpp/ur_dashboard_msgs/srv/detail/dds_fastrtps/is_program_saved__type_support.cpp.o[0m
[12.839s] [ 37%] [32mBuilding CXX object CMakeFiles/ur_dashboard_msgs__rosidl_typesupport_introspection_cpp.dir/rosidl_typesupport_introspection_cpp/ur_dashboard_msgs/srv/detail/get_program_state__type_support.cpp.o[0m
[13.718s] [ 38%] [32mBuilding CXX object CMakeFiles/ur_dashboard_msgs__rosidl_typesupport_introspection_cpp.dir/rosidl_typesupport_introspection_cpp/ur_dashboard_msgs/srv/detail/get_robot_mode__type_support.cpp.o[0m
[13.810s] [ 38%] [32mBuilding CXX object CMakeFiles/ur_dashboard_msgs__rosidl_typesupport_fastrtps_cpp.dir/rosidl_typesupport_fastrtps_cpp/ur_dashboard_msgs/srv/detail/dds_fastrtps/load__type_support.cpp.o[0m
[14.511s] [ 38%] [32mBuilding CXX object CMakeFiles/ur_dashboard_msgs__rosidl_typesupport_introspection_cpp.dir/rosidl_typesupport_introspection_cpp/ur_dashboard_msgs/srv/detail/get_safety_mode__type_support.cpp.o[0m
[14.916s] [ 39%] [32mBuilding CXX object CMakeFiles/ur_dashboard_msgs__rosidl_typesupport_fastrtps_cpp.dir/rosidl_typesupport_fastrtps_cpp/ur_dashboard_msgs/srv/detail/dds_fastrtps/popup__type_support.cpp.o[0m
[15.405s] [ 40%] [32mBuilding CXX object CMakeFiles/ur_dashboard_msgs__rosidl_typesupport_introspection_cpp.dir/rosidl_typesupport_introspection_cpp/ur_dashboard_msgs/srv/detail/is_program_running__type_support.cpp.o[0m
[15.824s] [ 41%] [32mBuilding CXX object CMakeFiles/ur_dashboard_msgs__rosidl_typesupport_fastrtps_cpp.dir/rosidl_typesupport_fastrtps_cpp/ur_dashboard_msgs/srv/detail/dds_fastrtps/raw_request__type_support.cpp.o[0m
[16.064s] [ 42%] [32mBuilding CXX object CMakeFiles/ur_dashboard_msgs__rosidl_typesupport_introspection_cpp.dir/rosidl_typesupport_introspection_cpp/ur_dashboard_msgs/srv/detail/is_program_saved__type_support.cpp.o[0m
[16.638s] [ 43%] [32mBuilding CXX object CMakeFiles/ur_dashboard_msgs__rosidl_typesupport_fastrtps_cpp.dir/rosidl_typesupport_fastrtps_cpp/ur_dashboard_msgs/action/detail/dds_fastrtps/set_mode__type_support.cpp.o[0m
[16.710s] [ 44%] [32mBuilding CXX object CMakeFiles/ur_dashboard_msgs__rosidl_typesupport_introspection_cpp.dir/rosidl_typesupport_introspection_cpp/ur_dashboard_msgs/srv/detail/load__type_support.cpp.o[0m
[17.361s] [ 44%] [32mBuilding CXX object CMakeFiles/ur_dashboard_msgs__rosidl_typesupport_introspection_cpp.dir/rosidl_typesupport_introspection_cpp/ur_dashboard_msgs/srv/detail/popup__type_support.cpp.o[0m
[17.749s] [ 44%] [32m[1mLinking CXX shared library libur_dashboard_msgs__rosidl_typesupport_fastrtps_cpp.so[0m
[17.908s] [ 45%] Built target ur_dashboard_msgs__rosidl_typesupport_fastrtps_cpp
[18.032s] [ 46%] [32mBuilding CXX object CMakeFiles/ur_dashboard_msgs__rosidl_typesupport_introspection_cpp.dir/rosidl_typesupport_introspection_cpp/ur_dashboard_msgs/srv/detail/raw_request__type_support.cpp.o[0m
[18.315s] running egg_info
[18.318s] writing ur_dashboard_msgs.egg-info/PKG-INFO
[18.319s] writing dependency_links to ur_dashboard_msgs.egg-info/dependency_links.txt
[18.320s] writing top-level names to ur_dashboard_msgs.egg-info/top_level.txt
[18.332s] reading manifest file 'ur_dashboard_msgs.egg-info/SOURCES.txt'
[18.338s] writing manifest file 'ur_dashboard_msgs.egg-info/SOURCES.txt'
[18.393s] [ 46%] Built target ament_cmake_python_build_ur_dashboard_msgs_egg
[18.428s] [35m[1mConsolidate compiler generated dependencies of target ur_dashboard_msgs__rosidl_typesupport_fastrtps_c[0m
[18.501s] [ 47%] [32mBuilding CXX object CMakeFiles/ur_dashboard_msgs__rosidl_typesupport_fastrtps_c.dir/rosidl_typesupport_fastrtps_c/ur_dashboard_msgs/msg/detail/program_state__type_support_c.cpp.o[0m
[18.718s] [ 48%] [32mBuilding CXX object CMakeFiles/ur_dashboard_msgs__rosidl_typesupport_introspection_cpp.dir/rosidl_typesupport_introspection_cpp/ur_dashboard_msgs/action/detail/set_mode__type_support.cpp.o[0m
[19.110s] [ 48%] [32mBuilding CXX object CMakeFiles/ur_dashboard_msgs__rosidl_typesupport_fastrtps_c.dir/rosidl_typesupport_fastrtps_c/ur_dashboard_msgs/msg/detail/robot_mode__type_support_c.cpp.o[0m
[19.673s] [ 49%] [32mBuilding CXX object CMakeFiles/ur_dashboard_msgs__rosidl_typesupport_fastrtps_c.dir/rosidl_typesupport_fastrtps_c/ur_dashboard_msgs/msg/detail/safety_mode__type_support_c.cpp.o[0m
[19.743s] [ 50%] [32m[1mLinking CXX shared library libur_dashboard_msgs__rosidl_typesupport_introspection_cpp.so[0m
[19.864s] [ 50%] Built target ur_dashboard_msgs__rosidl_typesupport_introspection_cpp
[19.888s] [35m[1mConsolidate compiler generated dependencies of target ur_dashboard_msgs__rosidl_typesupport_introspection_c[0m
[19.912s] [ 51%] [32mBuilding C object CMakeFiles/ur_dashboard_msgs__rosidl_typesupport_introspection_c.dir/rosidl_typesupport_introspection_c/ur_dashboard_msgs/msg/detail/program_state__type_support.c.o[0m
[19.965s] [ 52%] [32mBuilding C object CMakeFiles/ur_dashboard_msgs__rosidl_typesupport_introspection_c.dir/rosidl_typesupport_introspection_c/ur_dashboard_msgs/msg/detail/robot_mode__type_support.c.o[0m
[20.043s] [ 52%] [32mBuilding C object CMakeFiles/ur_dashboard_msgs__rosidl_typesupport_introspection_c.dir/rosidl_typesupport_introspection_c/ur_dashboard_msgs/msg/detail/safety_mode__type_support.c.o[0m
[20.100s] [ 53%] [32mBuilding C object CMakeFiles/ur_dashboard_msgs__rosidl_typesupport_introspection_c.dir/rosidl_typesupport_introspection_c/ur_dashboard_msgs/srv/detail/add_to_log__type_support.c.o[0m
[20.161s] [ 54%] [32mBuilding C object CMakeFiles/ur_dashboard_msgs__rosidl_typesupport_introspection_c.dir/rosidl_typesupport_introspection_c/ur_dashboard_msgs/srv/detail/get_loaded_program__type_support.c.o[0m
[20.235s] [ 55%] [32mBuilding C object CMakeFiles/ur_dashboard_msgs__rosidl_typesupport_introspection_c.dir/rosidl_typesupport_introspection_c/ur_dashboard_msgs/srv/detail/get_program_state__type_support.c.o[0m
[20.307s] [ 55%] [32mBuilding C object CMakeFiles/ur_dashboard_msgs__rosidl_typesupport_introspection_c.dir/rosidl_typesupport_introspection_c/ur_dashboard_msgs/srv/detail/get_robot_mode__type_support.c.o[0m
[20.316s] [ 56%] [32mBuilding CXX object CMakeFiles/ur_dashboard_msgs__rosidl_typesupport_fastrtps_c.dir/rosidl_typesupport_fastrtps_c/ur_dashboard_msgs/srv/detail/add_to_log__type_support_c.cpp.o[0m
[20.373s] [ 57%] [32mBuilding C object CMakeFiles/ur_dashboard_msgs__rosidl_typesupport_introspection_c.dir/rosidl_typesupport_introspection_c/ur_dashboard_msgs/srv/detail/get_safety_mode__type_support.c.o[0m
[20.442s] [ 58%] [32mBuilding C object CMakeFiles/ur_dashboard_msgs__rosidl_typesupport_introspection_c.dir/rosidl_typesupport_introspection_c/ur_dashboard_msgs/srv/detail/is_program_running__type_support.c.o[0m
[20.511s] [ 58%] [32mBuilding C object CMakeFiles/ur_dashboard_msgs__rosidl_typesupport_introspection_c.dir/rosidl_typesupport_introspection_c/ur_dashboard_msgs/srv/detail/is_program_saved__type_support.c.o[0m
[20.574s] [ 59%] [32mBuilding C object CMakeFiles/ur_dashboard_msgs__rosidl_typesupport_introspection_c.dir/rosidl_typesupport_introspection_c/ur_dashboard_msgs/srv/detail/load__type_support.c.o[0m
[20.643s] [ 60%] [32mBuilding C object CMakeFiles/ur_dashboard_msgs__rosidl_typesupport_introspection_c.dir/rosidl_typesupport_introspection_c/ur_dashboard_msgs/srv/detail/popup__type_support.c.o[0m
[20.716s] [ 61%] [32mBuilding C object CMakeFiles/ur_dashboard_msgs__rosidl_typesupport_introspection_c.dir/rosidl_typesupport_introspection_c/ur_dashboard_msgs/srv/detail/raw_request__type_support.c.o[0m
[20.783s] [ 61%] [32mBuilding C object CMakeFiles/ur_dashboard_msgs__rosidl_typesupport_introspection_c.dir/rosidl_typesupport_introspection_c/ur_dashboard_msgs/action/detail/set_mode__type_support.c.o[0m
[20.891s] [ 62%] [32m[1mLinking C shared library libur_dashboard_msgs__rosidl_typesupport_introspection_c.so[0m
[20.943s] [ 63%] Built target ur_dashboard_msgs__rosidl_typesupport_introspection_c
[20.960s] [35m[1mConsolidate compiler generated dependencies of target ur_dashboard_msgs__rosidl_typesupport_c[0m
[20.986s] [ 63%] [32mBuilding CXX object CMakeFiles/ur_dashboard_msgs__rosidl_typesupport_c.dir/rosidl_typesupport_c/ur_dashboard_msgs/msg/program_state__type_support.cpp.o[0m
[21.055s] [ 64%] [32mBuilding CXX object CMakeFiles/ur_dashboard_msgs__rosidl_typesupport_c.dir/rosidl_typesupport_c/ur_dashboard_msgs/msg/robot_mode__type_support.cpp.o[0m
[21.058s] [ 65%] [32mBuilding CXX object CMakeFiles/ur_dashboard_msgs__rosidl_typesupport_fastrtps_c.dir/rosidl_typesupport_fastrtps_c/ur_dashboard_msgs/srv/detail/get_loaded_program__type_support_c.cpp.o[0m
[21.106s] [ 66%] [32mBuilding CXX object CMakeFiles/ur_dashboard_msgs__rosidl_typesupport_c.dir/rosidl_typesupport_c/ur_dashboard_msgs/msg/safety_mode__type_support.cpp.o[0m
[21.148s] [ 67%] [32mBuilding CXX object CMakeFiles/ur_dashboard_msgs__rosidl_typesupport_c.dir/rosidl_typesupport_c/ur_dashboard_msgs/srv/add_to_log__type_support.cpp.o[0m
[21.202s] [ 67%] [32mBuilding CXX object CMakeFiles/ur_dashboard_msgs__rosidl_typesupport_c.dir/rosidl_typesupport_c/ur_dashboard_msgs/srv/get_loaded_program__type_support.cpp.o[0m
[21.247s] [ 68%] [32mBuilding CXX object CMakeFiles/ur_dashboard_msgs__rosidl_typesupport_c.dir/rosidl_typesupport_c/ur_dashboard_msgs/srv/get_program_state__type_support.cpp.o[0m
[21.301s] [ 69%] [32mBuilding CXX object CMakeFiles/ur_dashboard_msgs__rosidl_typesupport_c.dir/rosidl_typesupport_c/ur_dashboard_msgs/srv/get_robot_mode__type_support.cpp.o[0m
[21.346s] [ 70%] [32mBuilding CXX object CMakeFiles/ur_dashboard_msgs__rosidl_typesupport_c.dir/rosidl_typesupport_c/ur_dashboard_msgs/srv/get_safety_mode__type_support.cpp.o[0m
[21.400s] [ 70%] [32mBuilding CXX object CMakeFiles/ur_dashboard_msgs__rosidl_typesupport_c.dir/rosidl_typesupport_c/ur_dashboard_msgs/srv/is_program_running__type_support.cpp.o[0m
[21.459s] [ 71%] [32mBuilding CXX object CMakeFiles/ur_dashboard_msgs__rosidl_typesupport_c.dir/rosidl_typesupport_c/ur_dashboard_msgs/srv/is_program_saved__type_support.cpp.o[0m
[21.513s] [ 72%] [32mBuilding CXX object CMakeFiles/ur_dashboard_msgs__rosidl_typesupport_c.dir/rosidl_typesupport_c/ur_dashboard_msgs/srv/load__type_support.cpp.o[0m
[21.587s] [ 73%] [32mBuilding CXX object CMakeFiles/ur_dashboard_msgs__rosidl_typesupport_c.dir/rosidl_typesupport_c/ur_dashboard_msgs/srv/popup__type_support.cpp.o[0m
[21.659s] [ 73%] [32mBuilding CXX object CMakeFiles/ur_dashboard_msgs__rosidl_typesupport_c.dir/rosidl_typesupport_c/ur_dashboard_msgs/srv/raw_request__type_support.cpp.o[0m
[21.714s] [ 74%] [32mBuilding CXX object CMakeFiles/ur_dashboard_msgs__rosidl_typesupport_c.dir/rosidl_typesupport_c/ur_dashboard_msgs/action/set_mode__type_support.cpp.o[0m
[21.794s] [ 75%] [32m[1mLinking CXX shared library libur_dashboard_msgs__rosidl_typesupport_c.so[0m
[21.807s] [ 75%] [32mBuilding CXX object CMakeFiles/ur_dashboard_msgs__rosidl_typesupport_fastrtps_c.dir/rosidl_typesupport_fastrtps_c/ur_dashboard_msgs/srv/detail/get_program_state__type_support_c.cpp.o[0m
[21.861s] [ 76%] Built target ur_dashboard_msgs__rosidl_typesupport_c
[21.874s] [ 77%] [32mBuilding CXX object CMakeFiles/ur_dashboard_msgs__rosidl_typesupport_fastrtps_c.dir/rosidl_typesupport_fastrtps_c/ur_dashboard_msgs/srv/detail/get_robot_mode__type_support_c.cpp.o[0m
[22.490s] [ 78%] [32mBuilding CXX object CMakeFiles/ur_dashboard_msgs__rosidl_typesupport_fastrtps_c.dir/rosidl_typesupport_fastrtps_c/ur_dashboard_msgs/srv/detail/get_safety_mode__type_support_c.cpp.o[0m
[22.509s] [ 79%] [32mBuilding CXX object CMakeFiles/ur_dashboard_msgs__rosidl_typesupport_fastrtps_c.dir/rosidl_typesupport_fastrtps_c/ur_dashboard_msgs/srv/detail/is_program_running__type_support_c.cpp.o[0m
[23.186s] [ 79%] [32mBuilding CXX object CMakeFiles/ur_dashboard_msgs__rosidl_typesupport_fastrtps_c.dir/rosidl_typesupport_fastrtps_c/ur_dashboard_msgs/srv/detail/is_program_saved__type_support_c.cpp.o[0m
[23.223s] [ 80%] [32mBuilding CXX object CMakeFiles/ur_dashboard_msgs__rosidl_typesupport_fastrtps_c.dir/rosidl_typesupport_fastrtps_c/ur_dashboard_msgs/srv/detail/load__type_support_c.cpp.o[0m
[23.962s] [ 81%] [32mBuilding CXX object CMakeFiles/ur_dashboard_msgs__rosidl_typesupport_fastrtps_c.dir/rosidl_typesupport_fastrtps_c/ur_dashboard_msgs/srv/detail/popup__type_support_c.cpp.o[0m
[23.994s] [ 82%] [32mBuilding CXX object CMakeFiles/ur_dashboard_msgs__rosidl_typesupport_fastrtps_c.dir/rosidl_typesupport_fastrtps_c/ur_dashboard_msgs/srv/detail/raw_request__type_support_c.cpp.o[0m
[24.680s] [ 82%] [32mBuilding CXX object CMakeFiles/ur_dashboard_msgs__rosidl_typesupport_fastrtps_c.dir/rosidl_typesupport_fastrtps_c/ur_dashboard_msgs/action/detail/set_mode__type_support_c.cpp.o[0m
[25.378s] [ 83%] [32m[1mLinking CXX shared library libur_dashboard_msgs__rosidl_typesupport_fastrtps_c.so[0m
[25.483s] [ 84%] Built target ur_dashboard_msgs__rosidl_typesupport_fastrtps_c
[25.509s] [ 84%] Built target ur_dashboard_msgs
[25.543s] [ 85%] Built target ur_dashboard_msgs__py
[25.561s] [35m[1mConsolidate compiler generated dependencies of target ur_dashboard_msgs__rosidl_generator_py[0m
[25.599s] [ 85%] [32mBuilding C object CMakeFiles/ur_dashboard_msgs__rosidl_generator_py.dir/rosidl_generator_py/ur_dashboard_msgs/msg/_robot_mode_s.c.o[0m
[25.601s] [ 86%] [32mBuilding C object CMakeFiles/ur_dashboard_msgs__rosidl_generator_py.dir/rosidl_generator_py/ur_dashboard_msgs/msg/_program_state_s.c.o[0m
[25.774s] [ 87%] [32mBuilding C object CMakeFiles/ur_dashboard_msgs__rosidl_generator_py.dir/rosidl_generator_py/ur_dashboard_msgs/msg/_safety_mode_s.c.o[0m
[25.787s] [ 88%] [32mBuilding C object CMakeFiles/ur_dashboard_msgs__rosidl_generator_py.dir/rosidl_generator_py/ur_dashboard_msgs/srv/_add_to_log_s.c.o[0m
[25.943s] [ 89%] [32mBuilding C object CMakeFiles/ur_dashboard_msgs__rosidl_generator_py.dir/rosidl_generator_py/ur_dashboard_msgs/srv/_get_loaded_program_s.c.o[0m
[25.989s] [ 89%] [32mBuilding C object CMakeFiles/ur_dashboard_msgs__rosidl_generator_py.dir/rosidl_generator_py/ur_dashboard_msgs/srv/_get_program_state_s.c.o[0m
[26.183s] [ 90%] [32mBuilding C object CMakeFiles/ur_dashboard_msgs__rosidl_generator_py.dir/rosidl_generator_py/ur_dashboard_msgs/srv/_get_robot_mode_s.c.o[0m
[26.236s] [ 91%] [32mBuilding C object CMakeFiles/ur_dashboard_msgs__rosidl_generator_py.dir/rosidl_generator_py/ur_dashboard_msgs/srv/_get_safety_mode_s.c.o[0m
[26.393s] [ 92%] [32mBuilding C object CMakeFiles/ur_dashboard_msgs__rosidl_generator_py.dir/rosidl_generator_py/ur_dashboard_msgs/srv/_is_program_running_s.c.o[0m
[26.442s] [ 92%] [32mBuilding C object CMakeFiles/ur_dashboard_msgs__rosidl_generator_py.dir/rosidl_generator_py/ur_dashboard_msgs/srv/_is_program_saved_s.c.o[0m
[26.610s] [ 93%] [32mBuilding C object CMakeFiles/ur_dashboard_msgs__rosidl_generator_py.dir/rosidl_generator_py/ur_dashboard_msgs/srv/_load_s.c.o[0m
[26.671s] [ 94%] [32mBuilding C object CMakeFiles/ur_dashboard_msgs__rosidl_generator_py.dir/rosidl_generator_py/ur_dashboard_msgs/srv/_popup_s.c.o[0m
[26.835s] [ 94%] [32mBuilding C object CMakeFiles/ur_dashboard_msgs__rosidl_generator_py.dir/rosidl_generator_py/ur_dashboard_msgs/srv/_raw_request_s.c.o[0m
[26.886s] [ 95%] [32mBuilding C object CMakeFiles/ur_dashboard_msgs__rosidl_generator_py.dir/rosidl_generator_py/ur_dashboard_msgs/action/_set_mode_s.c.o[0m
[27.298s] [ 96%] [32m[1mLinking C shared library rosidl_generator_py/ur_dashboard_msgs/libur_dashboard_msgs__rosidl_generator_py.so[0m
[27.368s] [ 96%] Built target ur_dashboard_msgs__rosidl_generator_py
[27.382s] [35m[1mConsolidate compiler generated dependencies of target ur_dashboard_msgs__rosidl_typesupport_fastrtps_c__pyext[0m
[27.382s] [35m[1mConsolidate compiler generated dependencies of target ur_dashboard_msgs__rosidl_typesupport_introspection_c__pyext[0m
[27.400s] [ 97%] [32mBuilding C object CMakeFiles/ur_dashboard_msgs__rosidl_typesupport_introspection_c__pyext.dir/rosidl_generator_py/ur_dashboard_msgs/_ur_dashboard_msgs_s.ep.rosidl_typesupport_introspection_c.c.o[0m
[27.410s] [ 98%] [32mBuilding C object CMakeFiles/ur_dashboard_msgs__rosidl_typesupport_fastrtps_c__pyext.dir/rosidl_generator_py/ur_dashboard_msgs/_ur_dashboard_msgs_s.ep.rosidl_typesupport_fastrtps_c.c.o[0m
[28.201s] [ 99%] [32m[1mLinking C shared library rosidl_generator_py/ur_dashboard_msgs/ur_dashboard_msgs_s__rosidl_typesupport_introspection_c.cpython-310-x86_64-linux-gnu.so[0m
[28.239s] [ 99%] [32m[1mLinking C shared library rosidl_generator_py/ur_dashboard_msgs/ur_dashboard_msgs_s__rosidl_typesupport_fastrtps_c.cpython-310-x86_64-linux-gnu.so[0m
[28.271s] [ 99%] Built target ur_dashboard_msgs__rosidl_typesupport_introspection_c__pyext
[28.286s] [35m[1mConsolidate compiler generated dependencies of target ur_dashboard_msgs__rosidl_typesupport_c__pyext[0m
[28.306s] [100%] [32mBuilding C object CMakeFiles/ur_dashboard_msgs__rosidl_typesupport_c__pyext.dir/rosidl_generator_py/ur_dashboard_msgs/_ur_dashboard_msgs_s.ep.rosidl_typesupport_c.c.o[0m
[28.309s] [100%] Built target ur_dashboard_msgs__rosidl_typesupport_fastrtps_c__pyext
[28.996s] [100%] [32m[1mLinking C shared library rosidl_generator_py/ur_dashboard_msgs/ur_dashboard_msgs_s__rosidl_typesupport_c.cpython-310-x86_64-linux-gnu.so[0m
[29.052s] [100%] Built target ur_dashboard_msgs__rosidl_typesupport_c__pyext
[29.076s] Invoked command in '/home/adela/workspace/ros_ur_driver/build/ur_dashboard_msgs' returned '0': CMAKE_PREFIX_PATH=${CMAKE_PREFIX_PATH}:/opt/ros/humble /usr/bin/cmake --build /home/adela/workspace/ros_ur_driver/build/ur_dashboard_msgs -- -j2 -l2
[29.477s] Invoking command in '/home/adela/workspace/ros_ur_driver/build/ur_dashboard_msgs': CMAKE_PREFIX_PATH=${CMAKE_PREFIX_PATH}:/opt/ros/humble /usr/bin/cmake --install /home/adela/workspace/ros_ur_driver/build/ur_dashboard_msgs
[29.488s] -- Install configuration: "Release"
[29.488s] -- Up-to-date: /home/adela/workspace/ros_ur_driver/install/ur_dashboard_msgs/share/ament_index/resource_index/rosidl_interfaces/ur_dashboard_msgs
[29.489s] -- Up-to-date: /home/adela/workspace/ros_ur_driver/install/ur_dashboard_msgs/include/ur_dashboard_msgs/ur_dashboard_msgs
[29.490s] -- Up-to-date: /home/adela/workspace/ros_ur_driver/install/ur_dashboard_msgs/include/ur_dashboard_msgs/ur_dashboard_msgs/action
[29.490s] -- Up-to-date: /home/adela/workspace/ros_ur_driver/install/ur_dashboard_msgs/include/ur_dashboard_msgs/ur_dashboard_msgs/action/detail
[29.491s] -- Up-to-date: /home/adela/workspace/ros_ur_driver/install/ur_dashboard_msgs/include/ur_dashboard_msgs/ur_dashboard_msgs/action/detail/set_mode__functions.h
[29.492s] -- Up-to-date: /home/adela/workspace/ros_ur_driver/install/ur_dashboard_msgs/include/ur_dashboard_msgs/ur_dashboard_msgs/action/detail/set_mode__type_support.h
[29.493s] -- Up-to-date: /home/adela/workspace/ros_ur_driver/install/ur_dashboard_msgs/include/ur_dashboard_msgs/ur_dashboard_msgs/action/detail/set_mode__functions.c
[29.493s] -- Up-to-date: /home/adela/workspace/ros_ur_driver/install/ur_dashboard_msgs/include/ur_dashboard_msgs/ur_dashboard_msgs/action/detail/set_mode__struct.h
[29.493s] -- Up-to-date: /home/adela/workspace/ros_ur_driver/install/ur_dashboard_msgs/include/ur_dashboard_msgs/ur_dashboard_msgs/action/set_mode.h
[29.493s] -- Up-to-date: /home/adela/workspace/ros_ur_driver/install/ur_dashboard_msgs/include/ur_dashboard_msgs/ur_dashboard_msgs/msg
[29.493s] -- Up-to-date: /home/adela/workspace/ros_ur_driver/install/ur_dashboard_msgs/include/ur_dashboard_msgs/ur_dashboard_msgs/msg/robot_mode.h
[29.493s] -- Up-to-date: /home/adela/workspace/ros_ur_driver/install/ur_dashboard_msgs/include/ur_dashboard_msgs/ur_dashboard_msgs/msg/program_state.h
[29.493s] -- Up-to-date: /home/adela/workspace/ros_ur_driver/install/ur_dashboard_msgs/include/ur_dashboard_msgs/ur_dashboard_msgs/msg/safety_mode.h
[29.493s] -- Up-to-date: /home/adela/workspace/ros_ur_driver/install/ur_dashboard_msgs/include/ur_dashboard_msgs/ur_dashboard_msgs/msg/detail
[29.493s] -- Up-to-date: /home/adela/workspace/ros_ur_driver/install/ur_dashboard_msgs/include/ur_dashboard_msgs/ur_dashboard_msgs/msg/detail/program_state__type_support.h
[29.494s] -- Up-to-date: /home/adela/workspace/ros_ur_driver/install/ur_dashboard_msgs/include/ur_dashboard_msgs/ur_dashboard_msgs/msg/detail/program_state__functions.h
[29.494s] -- Up-to-date: /home/adela/workspace/ros_ur_driver/install/ur_dashboard_msgs/include/ur_dashboard_msgs/ur_dashboard_msgs/msg/detail/program_state__functions.c
[29.494s] -- Up-to-date: /home/adela/workspace/ros_ur_driver/install/ur_dashboard_msgs/include/ur_dashboard_msgs/ur_dashboard_msgs/msg/detail/robot_mode__type_support.h
[29.494s] -- Up-to-date: /home/adela/workspace/ros_ur_driver/install/ur_dashboard_msgs/include/ur_dashboard_msgs/ur_dashboard_msgs/msg/detail/safety_mode__functions.h
[29.494s] -- Up-to-date: /home/adela/workspace/ros_ur_driver/install/ur_dashboard_msgs/include/ur_dashboard_msgs/ur_dashboard_msgs/msg/detail/safety_mode__struct.h
[29.494s] -- Up-to-date: /home/adela/workspace/ros_ur_driver/install/ur_dashboard_msgs/include/ur_dashboard_msgs/ur_dashboard_msgs/msg/detail/robot_mode__functions.h
[29.494s] -- Up-to-date: /home/adela/workspace/ros_ur_driver/install/ur_dashboard_msgs/include/ur_dashboard_msgs/ur_dashboard_msgs/msg/detail/program_state__struct.h
[29.494s] -- Up-to-date: /home/adela/workspace/ros_ur_driver/install/ur_dashboard_msgs/include/ur_dashboard_msgs/ur_dashboard_msgs/msg/detail/robot_mode__struct.h
[29.495s] -- Up-to-date: /home/adela/workspace/ros_ur_driver/install/ur_dashboard_msgs/include/ur_dashboard_msgs/ur_dashboard_msgs/msg/detail/safety_mode__type_support.h
[29.495s] -- Up-to-date: /home/adela/workspace/ros_ur_driver/install/ur_dashboard_msgs/include/ur_dashboard_msgs/ur_dashboard_msgs/msg/detail/safety_mode__functions.c
[29.495s] -- Up-to-date: /home/adela/workspace/ros_ur_driver/install/ur_dashboard_msgs/include/ur_dashboard_msgs/ur_dashboard_msgs/msg/detail/robot_mode__functions.c
[29.495s] -- Up-to-date: /home/adela/workspace/ros_ur_driver/install/ur_dashboard_msgs/include/ur_dashboard_msgs/ur_dashboard_msgs/msg/rosidl_generator_c__visibility_control.h
[29.495s] -- Up-to-date: /home/adela/workspace/ros_ur_driver/install/ur_dashboard_msgs/include/ur_dashboard_msgs/ur_dashboard_msgs/srv
[29.495s] -- Up-to-date: /home/adela/workspace/ros_ur_driver/install/ur_dashboard_msgs/include/ur_dashboard_msgs/ur_dashboard_msgs/srv/get_loaded_program.h
[29.495s] -- Up-to-date: /home/adela/workspace/ros_ur_driver/install/ur_dashboard_msgs/include/ur_dashboard_msgs/ur_dashboard_msgs/srv/is_program_running.h
[29.496s] -- Up-to-date: /home/adela/workspace/ros_ur_driver/install/ur_dashboard_msgs/include/ur_dashboard_msgs/ur_dashboard_msgs/srv/add_to_log.h
[29.496s] -- Up-to-date: /home/adela/workspace/ros_ur_driver/install/ur_dashboard_msgs/include/ur_dashboard_msgs/ur_dashboard_msgs/srv/is_program_saved.h
[29.496s] -- Up-to-date: /home/adela/workspace/ros_ur_driver/install/ur_dashboard_msgs/include/ur_dashboard_msgs/ur_dashboard_msgs/srv/get_program_state.h
[29.496s] -- Up-to-date: /home/adela/workspace/ros_ur_driver/install/ur_dashboard_msgs/include/ur_dashboard_msgs/ur_dashboard_msgs/srv/get_robot_mode.h
[29.496s] -- Up-to-date: /home/adela/workspace/ros_ur_driver/install/ur_dashboard_msgs/include/ur_dashboard_msgs/ur_dashboard_msgs/srv/raw_request.h
[29.496s] -- Up-to-date: /home/adela/workspace/ros_ur_driver/install/ur_dashboard_msgs/include/ur_dashboard_msgs/ur_dashboard_msgs/srv/load.h
[29.496s] -- Up-to-date: /home/adela/workspace/ros_ur_driver/install/ur_dashboard_msgs/include/ur_dashboard_msgs/ur_dashboard_msgs/srv/detail
[29.497s] -- Up-to-date: /home/adela/workspace/ros_ur_driver/install/ur_dashboard_msgs/include/ur_dashboard_msgs/ur_dashboard_msgs/srv/detail/raw_request__struct.h
[29.497s] -- Up-to-date: /home/adela/workspace/ros_ur_driver/install/ur_dashboard_msgs/include/ur_dashboard_msgs/ur_dashboard_msgs/srv/detail/add_to_log__struct.h
[29.497s] -- Up-to-date: /home/adela/workspace/ros_ur_driver/install/ur_dashboard_msgs/include/ur_dashboard_msgs/ur_dashboard_msgs/srv/detail/is_program_saved__functions.c
[29.497s] -- Up-to-date: /home/adela/workspace/ros_ur_driver/install/ur_dashboard_msgs/include/ur_dashboard_msgs/ur_dashboard_msgs/srv/detail/get_robot_mode__functions.c
[29.497s] -- Up-to-date: /home/adela/workspace/ros_ur_driver/install/ur_dashboard_msgs/include/ur_dashboard_msgs/ur_dashboard_msgs/srv/detail/get_program_state__type_support.h
[29.497s] -- Up-to-date: /home/adela/workspace/ros_ur_driver/install/ur_dashboard_msgs/include/ur_dashboard_msgs/ur_dashboard_msgs/srv/detail/add_to_log__functions.c
[29.497s] -- Up-to-date: /home/adela/workspace/ros_ur_driver/install/ur_dashboard_msgs/include/ur_dashboard_msgs/ur_dashboard_msgs/srv/detail/add_to_log__type_support.h
[29.497s] -- Up-to-date: /home/adela/workspace/ros_ur_driver/install/ur_dashboard_msgs/include/ur_dashboard_msgs/ur_dashboard_msgs/srv/detail/popup__functions.h
[29.498s] -- Up-to-date: /home/adela/workspace/ros_ur_driver/install/ur_dashboard_msgs/include/ur_dashboard_msgs/ur_dashboard_msgs/srv/detail/get_safety_mode__type_support.h
[29.498s] -- Up-to-date: /home/adela/workspace/ros_ur_driver/install/ur_dashboard_msgs/include/ur_dashboard_msgs/ur_dashboard_msgs/srv/detail/get_robot_mode__type_support.h
[29.498s] -- Up-to-date: /home/adela/workspace/ros_ur_driver/install/ur_dashboard_msgs/include/ur_dashboard_msgs/ur_dashboard_msgs/srv/detail/load__type_support.h
[29.498s] -- Up-to-date: /home/adela/workspace/ros_ur_driver/install/ur_dashboard_msgs/include/ur_dashboard_msgs/ur_dashboard_msgs/srv/detail/is_program_running__type_support.h
[29.498s] -- Up-to-date: /home/adela/workspace/ros_ur_driver/install/ur_dashboard_msgs/include/ur_dashboard_msgs/ur_dashboard_msgs/srv/detail/get_program_state__struct.h
[29.498s] -- Up-to-date: /home/adela/workspace/ros_ur_driver/install/ur_dashboard_msgs/include/ur_dashboard_msgs/ur_dashboard_msgs/srv/detail/get_loaded_program__struct.h
[29.498s] -- Up-to-date: /home/adela/workspace/ros_ur_driver/install/ur_dashboard_msgs/include/ur_dashboard_msgs/ur_dashboard_msgs/srv/detail/load__functions.c
[29.498s] -- Up-to-date: /home/adela/workspace/ros_ur_driver/install/ur_dashboard_msgs/include/ur_dashboard_msgs/ur_dashboard_msgs/srv/detail/add_to_log__functions.h
[29.499s] -- Up-to-date: /home/adela/workspace/ros_ur_driver/install/ur_dashboard_msgs/include/ur_dashboard_msgs/ur_dashboard_msgs/srv/detail/load__struct.h
[29.499s] -- Up-to-date: /home/adela/workspace/ros_ur_driver/install/ur_dashboard_msgs/include/ur_dashboard_msgs/ur_dashboard_msgs/srv/detail/is_program_running__struct.h
[29.499s] -- Up-to-date: /home/adela/workspace/ros_ur_driver/install/ur_dashboard_msgs/include/ur_dashboard_msgs/ur_dashboard_msgs/srv/detail/popup__struct.h
[29.499s] -- Up-to-date: /home/adela/workspace/ros_ur_driver/install/ur_dashboard_msgs/include/ur_dashboard_msgs/ur_dashboard_msgs/srv/detail/is_program_running__functions.c
[29.499s] -- Up-to-date: /home/adela/workspace/ros_ur_driver/install/ur_dashboard_msgs/include/ur_dashboard_msgs/ur_dashboard_msgs/srv/detail/get_robot_mode__functions.h
[29.499s] -- Up-to-date: /home/adela/workspace/ros_ur_driver/install/ur_dashboard_msgs/include/ur_dashboard_msgs/ur_dashboard_msgs/srv/detail/get_safety_mode__struct.h
[29.499s] -- Up-to-date: /home/adela/workspace/ros_ur_driver/install/ur_dashboard_msgs/include/ur_dashboard_msgs/ur_dashboard_msgs/srv/detail/get_loaded_program__type_support.h
[29.499s] -- Up-to-date: /home/adela/workspace/ros_ur_driver/install/ur_dashboard_msgs/include/ur_dashboard_msgs/ur_dashboard_msgs/srv/detail/get_robot_mode__struct.h
[29.504s] -- Up-to-date: /home/adela/workspace/ros_ur_driver/install/ur_dashboard_msgs/include/ur_dashboard_msgs/ur_dashboard_msgs/srv/detail/get_safety_mode__functions.c
[29.504s] -- Up-to-date: /home/adela/workspace/ros_ur_driver/install/ur_dashboard_msgs/include/ur_dashboard_msgs/ur_dashboard_msgs/srv/detail/get_loaded_program__functions.h
[29.504s] -- Up-to-date: /home/adela/workspace/ros_ur_driver/install/ur_dashboard_msgs/include/ur_dashboard_msgs/ur_dashboard_msgs/srv/detail/get_safety_mode__functions.h
[29.504s] -- Up-to-date: /home/adela/workspace/ros_ur_driver/install/ur_dashboard_msgs/include/ur_dashboard_msgs/ur_dashboard_msgs/srv/detail/raw_request__functions.c
[29.505s] -- Up-to-date: /home/adela/workspace/ros_ur_driver/install/ur_dashboard_msgs/include/ur_dashboard_msgs/ur_dashboard_msgs/srv/detail/get_program_state__functions.c
[29.505s] -- Up-to-date: /home/adela/workspace/ros_ur_driver/install/ur_dashboard_msgs/include/ur_dashboard_msgs/ur_dashboard_msgs/srv/detail/load__functions.h
[29.505s] -- Up-to-date: /home/adela/workspace/ros_ur_driver/install/ur_dashboard_msgs/include/ur_dashboard_msgs/ur_dashboard_msgs/srv/detail/popup__functions.c
[29.505s] -- Up-to-date: /home/adela/workspace/ros_ur_driver/install/ur_dashboard_msgs/include/ur_dashboard_msgs/ur_dashboard_msgs/srv/detail/is_program_running__functions.h
[29.505s] -- Up-to-date: /home/adela/workspace/ros_ur_driver/install/ur_dashboard_msgs/include/ur_dashboard_msgs/ur_dashboard_msgs/srv/detail/get_program_state__functions.h
[29.505s] -- Up-to-date: /home/adela/workspace/ros_ur_driver/install/ur_dashboard_msgs/include/ur_dashboard_msgs/ur_dashboard_msgs/srv/detail/is_program_saved__struct.h
[29.505s] -- Up-to-date: /home/adela/workspace/ros_ur_driver/install/ur_dashboard_msgs/include/ur_dashboard_msgs/ur_dashboard_msgs/srv/detail/get_loaded_program__functions.c
[29.505s] -- Up-to-date: /home/adela/workspace/ros_ur_driver/install/ur_dashboard_msgs/include/ur_dashboard_msgs/ur_dashboard_msgs/srv/detail/popup__type_support.h
[29.505s] -- Up-to-date: /home/adela/workspace/ros_ur_driver/install/ur_dashboard_msgs/include/ur_dashboard_msgs/ur_dashboard_msgs/srv/detail/is_program_saved__functions.h
[29.505s] -- Up-to-date: /home/adela/workspace/ros_ur_driver/install/ur_dashboard_msgs/include/ur_dashboard_msgs/ur_dashboard_msgs/srv/detail/raw_request__functions.h
[29.505s] -- Up-to-date: /home/adela/workspace/ros_ur_driver/install/ur_dashboard_msgs/include/ur_dashboard_msgs/ur_dashboard_msgs/srv/detail/raw_request__type_support.h
[29.505s] -- Up-to-date: /home/adela/workspace/ros_ur_driver/install/ur_dashboard_msgs/include/ur_dashboard_msgs/ur_dashboard_msgs/srv/detail/is_program_saved__type_support.h
[29.505s] -- Up-to-date: /home/adela/workspace/ros_ur_driver/install/ur_dashboard_msgs/include/ur_dashboard_msgs/ur_dashboard_msgs/srv/get_safety_mode.h
[29.505s] -- Up-to-date: /home/adela/workspace/ros_ur_driver/install/ur_dashboard_msgs/include/ur_dashboard_msgs/ur_dashboard_msgs/srv/popup.h
[29.506s] -- Up-to-date: /home/adela/workspace/ros_ur_driver/install/ur_dashboard_msgs/share/ur_dashboard_msgs/environment/library_path.sh
[29.506s] -- Installing: /home/adela/workspace/ros_ur_driver/install/ur_dashboard_msgs/share/ur_dashboard_msgs/environment/library_path.dsv
[29.506s] -- Installing: /home/adela/workspace/ros_ur_driver/install/ur_dashboard_msgs/lib/libur_dashboard_msgs__rosidl_generator_c.so
[29.506s] -- Set runtime path of "/home/adela/workspace/ros_ur_driver/install/ur_dashboard_msgs/lib/libur_dashboard_msgs__rosidl_generator_c.so" to ""
[29.506s] -- Up-to-date: /home/adela/workspace/ros_ur_driver/install/ur_dashboard_msgs/include/ur_dashboard_msgs/ur_dashboard_msgs
[29.506s] -- Up-to-date: /home/adela/workspace/ros_ur_driver/install/ur_dashboard_msgs/include/ur_dashboard_msgs/ur_dashboard_msgs/action
[29.506s] -- Up-to-date: /home/adela/workspace/ros_ur_driver/install/ur_dashboard_msgs/include/ur_dashboard_msgs/ur_dashboard_msgs/action/detail
[29.506s] -- Up-to-date: /home/adela/workspace/ros_ur_driver/install/ur_dashboard_msgs/include/ur_dashboard_msgs/ur_dashboard_msgs/action/detail/set_mode__rosidl_typesupport_fastrtps_c.h
[29.506s] -- Up-to-date: /home/adela/workspace/ros_ur_driver/install/ur_dashboard_msgs/include/ur_dashboard_msgs/ur_dashboard_msgs/msg
[29.506s] -- Up-to-date: /home/adela/workspace/ros_ur_driver/install/ur_dashboard_msgs/include/ur_dashboard_msgs/ur_dashboard_msgs/msg/detail
[29.506s] -- Up-to-date: /home/adela/workspace/ros_ur_driver/install/ur_dashboard_msgs/include/ur_dashboard_msgs/ur_dashboard_msgs/msg/detail/safety_mode__rosidl_typesupport_fastrtps_c.h
[29.506s] -- Up-to-date: /home/adela/workspace/ros_ur_driver/install/ur_dashboard_msgs/include/ur_dashboard_msgs/ur_dashboard_msgs/msg/detail/program_state__rosidl_typesupport_fastrtps_c.h
[29.506s] -- Up-to-date: /home/adela/workspace/ros_ur_driver/install/ur_dashboard_msgs/include/ur_dashboard_msgs/ur_dashboard_msgs/msg/detail/robot_mode__rosidl_typesupport_fastrtps_c.h
[29.506s] -- Up-to-date: /home/adela/workspace/ros_ur_driver/install/ur_dashboard_msgs/include/ur_dashboard_msgs/ur_dashboard_msgs/msg/rosidl_typesupport_fastrtps_c__visibility_control.h
[29.507s] -- Up-to-date: /home/adela/workspace/ros_ur_driver/install/ur_dashboard_msgs/include/ur_dashboard_msgs/ur_dashboard_msgs/srv
[29.507s] -- Up-to-date: /home/adela/workspace/ros_ur_driver/install/ur_dashboard_msgs/include/ur_dashboard_msgs/ur_dashboard_msgs/srv/detail
[29.507s] -- Up-to-date: /home/adela/workspace/ros_ur_driver/install/ur_dashboard_msgs/include/ur_dashboard_msgs/ur_dashboard_msgs/srv/detail/is_program_saved__rosidl_typesupport_fastrtps_c.h
[29.507s] -- Up-to-date: /home/adela/workspace/ros_ur_driver/install/ur_dashboard_msgs/include/ur_dashboard_msgs/ur_dashboard_msgs/srv/detail/popup__rosidl_typesupport_fastrtps_c.h
[29.507s] -- Up-to-date: /home/adela/workspace/ros_ur_driver/install/ur_dashboard_msgs/include/ur_dashboard_msgs/ur_dashboard_msgs/srv/detail/raw_request__rosidl_typesupport_fastrtps_c.h
[29.507s] -- Up-to-date: /home/adela/workspace/ros_ur_driver/install/ur_dashboard_msgs/include/ur_dashboard_msgs/ur_dashboard_msgs/srv/detail/get_robot_mode__rosidl_typesupport_fastrtps_c.h
[29.507s] -- Up-to-date: /home/adela/workspace/ros_ur_driver/install/ur_dashboard_msgs/include/ur_dashboard_msgs/ur_dashboard_msgs/srv/detail/add_to_log__rosidl_typesupport_fastrtps_c.h
[29.507s] -- Up-to-date: /home/adela/workspace/ros_ur_driver/install/ur_dashboard_msgs/include/ur_dashboard_msgs/ur_dashboard_msgs/srv/detail/get_program_state__rosidl_typesupport_fastrtps_c.h
[29.507s] -- Up-to-date: /home/adela/workspace/ros_ur_driver/install/ur_dashboard_msgs/include/ur_dashboard_msgs/ur_dashboard_msgs/srv/detail/is_program_running__rosidl_typesupport_fastrtps_c.h
[29.507s] -- Up-to-date: /home/adela/workspace/ros_ur_driver/install/ur_dashboard_msgs/include/ur_dashboard_msgs/ur_dashboard_msgs/srv/detail/get_safety_mode__rosidl_typesupport_fastrtps_c.h
[29.507s] -- Up-to-date: /home/adela/workspace/ros_ur_driver/install/ur_dashboard_msgs/include/ur_dashboard_msgs/ur_dashboard_msgs/srv/detail/get_loaded_program__rosidl_typesupport_fastrtps_c.h
[29.507s] -- Up-to-date: /home/adela/workspace/ros_ur_driver/install/ur_dashboard_msgs/include/ur_dashboard_msgs/ur_dashboard_msgs/srv/detail/load__rosidl_typesupport_fastrtps_c.h
[29.507s] -- Installing: /home/adela/workspace/ros_ur_driver/install/ur_dashboard_msgs/lib/libur_dashboard_msgs__rosidl_typesupport_fastrtps_c.so
[29.508s] -- Set runtime path of "/home/adela/workspace/ros_ur_driver/install/ur_dashboard_msgs/lib/libur_dashboard_msgs__rosidl_typesupport_fastrtps_c.so" to ""
[29.508s] -- Up-to-date: /home/adela/workspace/ros_ur_driver/install/ur_dashboard_msgs/include/ur_dashboard_msgs/ur_dashboard_msgs
[29.508s] -- Up-to-date: /home/adela/workspace/ros_ur_driver/install/ur_dashboard_msgs/include/ur_dashboard_msgs/ur_dashboard_msgs/action
[29.508s] -- Up-to-date: /home/adela/workspace/ros_ur_driver/install/ur_dashboard_msgs/include/ur_dashboard_msgs/ur_dashboard_msgs/action/detail
[29.508s] -- Up-to-date: /home/adela/workspace/ros_ur_driver/install/ur_dashboard_msgs/include/ur_dashboard_msgs/ur_dashboard_msgs/action/detail/set_mode__rosidl_typesupport_introspection_c.h
[29.508s] -- Up-to-date: /home/adela/workspace/ros_ur_driver/install/ur_dashboard_msgs/include/ur_dashboard_msgs/ur_dashboard_msgs/action/detail/set_mode__type_support.c
[29.508s] -- Up-to-date: /home/adela/workspace/ros_ur_driver/install/ur_dashboard_msgs/include/ur_dashboard_msgs/ur_dashboard_msgs/msg
[29.508s] -- Up-to-date: /home/adela/workspace/ros_ur_driver/install/ur_dashboard_msgs/include/ur_dashboard_msgs/ur_dashboard_msgs/msg/rosidl_typesupport_introspection_c__visibility_control.h
[29.508s] -- Up-to-date: /home/adela/workspace/ros_ur_driver/install/ur_dashboard_msgs/include/ur_dashboard_msgs/ur_dashboard_msgs/msg/detail
[29.508s] -- Up-to-date: /home/adela/workspace/ros_ur_driver/install/ur_dashboard_msgs/include/ur_dashboard_msgs/ur_dashboard_msgs/msg/detail/robot_mode__rosidl_typesupport_introspection_c.h
[29.508s] -- Up-to-date: /home/adela/workspace/ros_ur_driver/install/ur_dashboard_msgs/include/ur_dashboard_msgs/ur_dashboard_msgs/msg/detail/program_state__rosidl_typesupport_introspection_c.h
[29.509s] -- Up-to-date: /home/adela/workspace/ros_ur_driver/install/ur_dashboard_msgs/include/ur_dashboard_msgs/ur_dashboard_msgs/msg/detail/safety_mode__rosidl_typesupport_introspection_c.h
[29.509s] -- Up-to-date: /home/adela/workspace/ros_ur_driver/install/ur_dashboard_msgs/include/ur_dashboard_msgs/ur_dashboard_msgs/msg/detail/program_state__type_support.c
[29.509s] -- Up-to-date: /home/adela/workspace/ros_ur_driver/install/ur_dashboard_msgs/include/ur_dashboard_msgs/ur_dashboard_msgs/msg/detail/safety_mode__type_support.c
[29.509s] -- Up-to-date: /home/adela/workspace/ros_ur_driver/install/ur_dashboard_msgs/include/ur_dashboard_msgs/ur_dashboard_msgs/msg/detail/robot_mode__type_support.c
[29.509s] -- Up-to-date: /home/adela/workspace/ros_ur_driver/install/ur_dashboard_msgs/include/ur_dashboard_msgs/ur_dashboard_msgs/srv
[29.509s] -- Up-to-date: /home/adela/workspace/ros_ur_driver/install/ur_dashboard_msgs/include/ur_dashboard_msgs/ur_dashboard_msgs/srv/detail
[29.509s] -- Up-to-date: /home/adela/workspace/ros_ur_driver/install/ur_dashboard_msgs/include/ur_dashboard_msgs/ur_dashboard_msgs/srv/detail/get_program_state__rosidl_typesupport_introspection_c.h
[29.509s] -- Up-to-date: /home/adela/workspace/ros_ur_driver/install/ur_dashboard_msgs/include/ur_dashboard_msgs/ur_dashboard_msgs/srv/detail/get_robot_mode__rosidl_typesupport_introspection_c.h
[29.509s] -- Up-to-date: /home/adela/workspace/ros_ur_driver/install/ur_dashboard_msgs/include/ur_dashboard_msgs/ur_dashboard_msgs/srv/detail/load__rosidl_typesupport_introspection_c.h
[29.509s] -- Up-to-date: /home/adela/workspace/ros_ur_driver/install/ur_dashboard_msgs/include/ur_dashboard_msgs/ur_dashboard_msgs/srv/detail/is_program_running__type_support.c
[29.509s] -- Up-to-date: /home/adela/workspace/ros_ur_driver/install/ur_dashboard_msgs/include/ur_dashboard_msgs/ur_dashboard_msgs/srv/detail/get_robot_mode__type_support.c
[29.509s] -- Up-to-date: /home/adela/workspace/ros_ur_driver/install/ur_dashboard_msgs/include/ur_dashboard_msgs/ur_dashboard_msgs/srv/detail/get_loaded_program__type_support.c
[29.509s] -- Up-to-date: /home/adela/workspace/ros_ur_driver/install/ur_dashboard_msgs/include/ur_dashboard_msgs/ur_dashboard_msgs/srv/detail/popup__type_support.c
[29.510s] -- Up-to-date: /home/adela/workspace/ros_ur_driver/install/ur_dashboard_msgs/include/ur_dashboard_msgs/ur_dashboard_msgs/srv/detail/add_to_log__rosidl_typesupport_introspection_c.h
[29.510s] -- Up-to-date: /home/adela/workspace/ros_ur_driver/install/ur_dashboard_msgs/include/ur_dashboard_msgs/ur_dashboard_msgs/srv/detail/add_to_log__type_support.c
[29.510s] -- Up-to-date: /home/adela/workspace/ros_ur_driver/install/ur_dashboard_msgs/include/ur_dashboard_msgs/ur_dashboard_msgs/srv/detail/get_program_state__type_support.c
[29.510s] -- Up-to-date: /home/adela/workspace/ros_ur_driver/install/ur_dashboard_msgs/include/ur_dashboard_msgs/ur_dashboard_msgs/srv/detail/is_program_running__rosidl_typesupport_introspection_c.h
[29.510s] -- Up-to-date: /home/adela/workspace/ros_ur_driver/install/ur_dashboard_msgs/include/ur_dashboard_msgs/ur_dashboard_msgs/srv/detail/is_program_saved__rosidl_typesupport_introspection_c.h
[29.510s] -- Up-to-date: /home/adela/workspace/ros_ur_driver/install/ur_dashboard_msgs/include/ur_dashboard_msgs/ur_dashboard_msgs/srv/detail/is_program_saved__type_support.c
[29.510s] -- Up-to-date: /home/adela/workspace/ros_ur_driver/install/ur_dashboard_msgs/include/ur_dashboard_msgs/ur_dashboard_msgs/srv/detail/get_safety_mode__rosidl_typesupport_introspection_c.h
[29.510s] -- Up-to-date: /home/adela/workspace/ros_ur_driver/install/ur_dashboard_msgs/include/ur_dashboard_msgs/ur_dashboard_msgs/srv/detail/raw_request__rosidl_typesupport_introspection_c.h
[29.510s] -- Up-to-date: /home/adela/workspace/ros_ur_driver/install/ur_dashboard_msgs/include/ur_dashboard_msgs/ur_dashboard_msgs/srv/detail/load__type_support.c
[29.510s] -- Up-to-date: /home/adela/workspace/ros_ur_driver/install/ur_dashboard_msgs/include/ur_dashboard_msgs/ur_dashboard_msgs/srv/detail/get_loaded_program__rosidl_typesupport_introspection_c.h
[29.510s] -- Up-to-date: /home/adela/workspace/ros_ur_driver/install/ur_dashboard_msgs/include/ur_dashboard_msgs/ur_dashboard_msgs/srv/detail/raw_request__type_support.c
[29.510s] -- Up-to-date: /home/adela/workspace/ros_ur_driver/install/ur_dashboard_msgs/include/ur_dashboard_msgs/ur_dashboard_msgs/srv/detail/popup__rosidl_typesupport_introspection_c.h
[29.510s] -- Up-to-date: /home/adela/workspace/ros_ur_driver/install/ur_dashboard_msgs/include/ur_dashboard_msgs/ur_dashboard_msgs/srv/detail/get_safety_mode__type_support.c
[29.511s] -- Installing: /home/adela/workspace/ros_ur_driver/install/ur_dashboard_msgs/lib/libur_dashboard_msgs__rosidl_typesupport_introspection_c.so
[29.519s] -- Set runtime path of "/home/adela/workspace/ros_ur_driver/install/ur_dashboard_msgs/lib/libur_dashboard_msgs__rosidl_typesupport_introspection_c.so" to ""
[29.519s] -- Installing: /home/adela/workspace/ros_ur_driver/install/ur_dashboard_msgs/lib/libur_dashboard_msgs__rosidl_typesupport_c.so
[29.519s] -- Set runtime path of "/home/adela/workspace/ros_ur_driver/install/ur_dashboard_msgs/lib/libur_dashboard_msgs__rosidl_typesupport_c.so" to ""
[29.519s] -- Up-to-date: /home/adela/workspace/ros_ur_driver/install/ur_dashboard_msgs/include/ur_dashboard_msgs/ur_dashboard_msgs
[29.519s] -- Up-to-date: /home/adela/workspace/ros_ur_driver/install/ur_dashboard_msgs/include/ur_dashboard_msgs/ur_dashboard_msgs/action
[29.520s] -- Up-to-date: /home/adela/workspace/ros_ur_driver/install/ur_dashboard_msgs/include/ur_dashboard_msgs/ur_dashboard_msgs/action/set_mode.hpp
[29.520s] -- Up-to-date: /home/adela/workspace/ros_ur_driver/install/ur_dashboard_msgs/include/ur_dashboard_msgs/ur_dashboard_msgs/action/detail
[29.520s] -- Up-to-date: /home/adela/workspace/ros_ur_driver/install/ur_dashboard_msgs/include/ur_dashboard_msgs/ur_dashboard_msgs/action/detail/set_mode__traits.hpp
[29.520s] -- Up-to-date: /home/adela/workspace/ros_ur_driver/install/ur_dashboard_msgs/include/ur_dashboard_msgs/ur_dashboard_msgs/action/detail/set_mode__struct.hpp
[29.520s] -- Up-to-date: /home/adela/workspace/ros_ur_driver/install/ur_dashboard_msgs/include/ur_dashboard_msgs/ur_dashboard_msgs/action/detail/set_mode__builder.hpp
[29.520s] -- Up-to-date: /home/adela/workspace/ros_ur_driver/install/ur_dashboard_msgs/include/ur_dashboard_msgs/ur_dashboard_msgs/msg
[29.520s] -- Up-to-date: /home/adela/workspace/ros_ur_driver/install/ur_dashboard_msgs/include/ur_dashboard_msgs/ur_dashboard_msgs/msg/program_state.hpp
[29.520s] -- Up-to-date: /home/adela/workspace/ros_ur_driver/install/ur_dashboard_msgs/include/ur_dashboard_msgs/ur_dashboard_msgs/msg/robot_mode.hpp
[29.520s] -- Up-to-date: /home/adela/workspace/ros_ur_driver/install/ur_dashboard_msgs/include/ur_dashboard_msgs/ur_dashboard_msgs/msg/detail
[29.520s] -- Up-to-date: /home/adela/workspace/ros_ur_driver/install/ur_dashboard_msgs/include/ur_dashboard_msgs/ur_dashboard_msgs/msg/detail/robot_mode__struct.hpp
[29.520s] -- Up-to-date: /home/adela/workspace/ros_ur_driver/install/ur_dashboard_msgs/include/ur_dashboard_msgs/ur_dashboard_msgs/msg/detail/safety_mode__builder.hpp
[29.520s] -- Up-to-date: /home/adela/workspace/ros_ur_driver/install/ur_dashboard_msgs/include/ur_dashboard_msgs/ur_dashboard_msgs/msg/detail/program_state__traits.hpp
[29.521s] -- Up-to-date: /home/adela/workspace/ros_ur_driver/install/ur_dashboard_msgs/include/ur_dashboard_msgs/ur_dashboard_msgs/msg/detail/robot_mode__builder.hpp
[29.521s] -- Up-to-date: /home/adela/workspace/ros_ur_driver/install/ur_dashboard_msgs/include/ur_dashboard_msgs/ur_dashboard_msgs/msg/detail/program_state__struct.hpp
[29.521s] -- Up-to-date: /home/adela/workspace/ros_ur_driver/install/ur_dashboard_msgs/include/ur_dashboard_msgs/ur_dashboard_msgs/msg/detail/program_state__builder.hpp
[29.521s] -- Up-to-date: /home/adela/workspace/ros_ur_driver/install/ur_dashboard_msgs/include/ur_dashboard_msgs/ur_dashboard_msgs/msg/detail/robot_mode__traits.hpp
[29.521s] -- Up-to-date: /home/adela/workspace/ros_ur_driver/install/ur_dashboard_msgs/include/ur_dashboard_msgs/ur_dashboard_msgs/msg/detail/safety_mode__traits.hpp
[29.521s] -- Up-to-date: /home/adela/workspace/ros_ur_driver/install/ur_dashboard_msgs/include/ur_dashboard_msgs/ur_dashboard_msgs/msg/detail/safety_mode__struct.hpp
[29.521s] -- Up-to-date: /home/adela/workspace/ros_ur_driver/install/ur_dashboard_msgs/include/ur_dashboard_msgs/ur_dashboard_msgs/msg/safety_mode.hpp
[29.521s] -- Up-to-date: /home/adela/workspace/ros_ur_driver/install/ur_dashboard_msgs/include/ur_dashboard_msgs/ur_dashboard_msgs/srv
[29.521s] -- Up-to-date: /home/adela/workspace/ros_ur_driver/install/ur_dashboard_msgs/include/ur_dashboard_msgs/ur_dashboard_msgs/srv/add_to_log.hpp
[29.521s] -- Up-to-date: /home/adela/workspace/ros_ur_driver/install/ur_dashboard_msgs/include/ur_dashboard_msgs/ur_dashboard_msgs/srv/get_loaded_program.hpp
[29.521s] -- Up-to-date: /home/adela/workspace/ros_ur_driver/install/ur_dashboard_msgs/include/ur_dashboard_msgs/ur_dashboard_msgs/srv/popup.hpp
[29.521s] -- Up-to-date: /home/adela/workspace/ros_ur_driver/install/ur_dashboard_msgs/include/ur_dashboard_msgs/ur_dashboard_msgs/srv/load.hpp
[29.521s] -- Up-to-date: /home/adela/workspace/ros_ur_driver/install/ur_dashboard_msgs/include/ur_dashboard_msgs/ur_dashboard_msgs/srv/is_program_running.hpp
[29.521s] -- Up-to-date: /home/adela/workspace/ros_ur_driver/install/ur_dashboard_msgs/include/ur_dashboard_msgs/ur_dashboard_msgs/srv/raw_request.hpp
[29.522s] -- Up-to-date: /home/adela/workspace/ros_ur_driver/install/ur_dashboard_msgs/include/ur_dashboard_msgs/ur_dashboard_msgs/srv/detail
[29.522s] -- Up-to-date: /home/adela/workspace/ros_ur_driver/install/ur_dashboard_msgs/include/ur_dashboard_msgs/ur_dashboard_msgs/srv/detail/raw_request__traits.hpp
[29.522s] -- Up-to-date: /home/adela/workspace/ros_ur_driver/install/ur_dashboard_msgs/include/ur_dashboard_msgs/ur_dashboard_msgs/srv/detail/is_program_saved__struct.hpp
[29.522s] -- Up-to-date: /home/adela/workspace/ros_ur_driver/install/ur_dashboard_msgs/include/ur_dashboard_msgs/ur_dashboard_msgs/srv/detail/get_robot_mode__struct.hpp
[29.522s] -- Up-to-date: /home/adela/workspace/ros_ur_driver/install/ur_dashboard_msgs/include/ur_dashboard_msgs/ur_dashboard_msgs/srv/detail/get_safety_mode__builder.hpp
[29.522s] -- Up-to-date: /home/adela/workspace/ros_ur_driver/install/ur_dashboard_msgs/include/ur_dashboard_msgs/ur_dashboard_msgs/srv/detail/get_robot_mode__traits.hpp
[29.522s] -- Up-to-date: /home/adela/workspace/ros_ur_driver/install/ur_dashboard_msgs/include/ur_dashboard_msgs/ur_dashboard_msgs/srv/detail/get_robot_mode__builder.hpp
[29.522s] -- Up-to-date: /home/adela/workspace/ros_ur_driver/install/ur_dashboard_msgs/include/ur_dashboard_msgs/ur_dashboard_msgs/srv/detail/get_program_state__struct.hpp
[29.522s] -- Up-to-date: /home/adela/workspace/ros_ur_driver/install/ur_dashboard_msgs/include/ur_dashboard_msgs/ur_dashboard_msgs/srv/detail/popup__traits.hpp
[29.522s] -- Up-to-date: /home/adela/workspace/ros_ur_driver/install/ur_dashboard_msgs/include/ur_dashboard_msgs/ur_dashboard_msgs/srv/detail/is_program_running__struct.hpp
[29.522s] -- Up-to-date: /home/adela/workspace/ros_ur_driver/install/ur_dashboard_msgs/include/ur_dashboard_msgs/ur_dashboard_msgs/srv/detail/get_safety_mode__traits.hpp
[29.522s] -- Up-to-date: /home/adela/workspace/ros_ur_driver/install/ur_dashboard_msgs/include/ur_dashboard_msgs/ur_dashboard_msgs/srv/detail/add_to_log__builder.hpp
[29.522s] -- Up-to-date: /home/adela/workspace/ros_ur_driver/install/ur_dashboard_msgs/include/ur_dashboard_msgs/ur_dashboard_msgs/srv/detail/get_loaded_program__struct.hpp
[29.523s] -- Up-to-date: /home/adela/workspace/ros_ur_driver/install/ur_dashboard_msgs/include/ur_dashboard_msgs/ur_dashboard_msgs/srv/detail/load__builder.hpp
[29.523s] -- Up-to-date: /home/adela/workspace/ros_ur_driver/install/ur_dashboard_msgs/include/ur_dashboard_msgs/ur_dashboard_msgs/srv/detail/add_to_log__traits.hpp
[29.523s] -- Up-to-date: /home/adela/workspace/ros_ur_driver/install/ur_dashboard_msgs/include/ur_dashboard_msgs/ur_dashboard_msgs/srv/detail/get_program_state__builder.hpp
[29.523s] -- Up-to-date: /home/adela/workspace/ros_ur_driver/install/ur_dashboard_msgs/include/ur_dashboard_msgs/ur_dashboard_msgs/srv/detail/add_to_log__struct.hpp
[29.523s] -- Up-to-date: /home/adela/workspace/ros_ur_driver/install/ur_dashboard_msgs/include/ur_dashboard_msgs/ur_dashboard_msgs/srv/detail/is_program_saved__traits.hpp
[29.523s] -- Up-to-date: /home/adela/workspace/ros_ur_driver/install/ur_dashboard_msgs/include/ur_dashboard_msgs/ur_dashboard_msgs/srv/detail/is_program_saved__builder.hpp
[29.523s] -- Up-to-date: /home/adela/workspace/ros_ur_driver/install/ur_dashboard_msgs/include/ur_dashboard_msgs/ur_dashboard_msgs/srv/detail/get_program_state__traits.hpp
[29.523s] -- Up-to-date: /home/adela/workspace/ros_ur_driver/install/ur_dashboard_msgs/include/ur_dashboard_msgs/ur_dashboard_msgs/srv/detail/is_program_running__builder.hpp
[29.523s] -- Up-to-date: /home/adela/workspace/ros_ur_driver/install/ur_dashboard_msgs/include/ur_dashboard_msgs/ur_dashboard_msgs/srv/detail/is_program_running__traits.hpp
[29.523s] -- Up-to-date: /home/adela/workspace/ros_ur_driver/install/ur_dashboard_msgs/include/ur_dashboard_msgs/ur_dashboard_msgs/srv/detail/load__struct.hpp
[29.523s] -- Up-to-date: /home/adela/workspace/ros_ur_driver/install/ur_dashboard_msgs/include/ur_dashboard_msgs/ur_dashboard_msgs/srv/detail/get_safety_mode__struct.hpp
[29.523s] -- Up-to-date: /home/adela/workspace/ros_ur_driver/install/ur_dashboard_msgs/include/ur_dashboard_msgs/ur_dashboard_msgs/srv/detail/load__traits.hpp
[29.523s] -- Up-to-date: /home/adela/workspace/ros_ur_driver/install/ur_dashboard_msgs/include/ur_dashboard_msgs/ur_dashboard_msgs/srv/detail/get_loaded_program__traits.hpp
[29.524s] -- Up-to-date: /home/adela/workspace/ros_ur_driver/install/ur_dashboard_msgs/include/ur_dashboard_msgs/ur_dashboard_msgs/srv/detail/raw_request__struct.hpp
[29.524s] -- Up-to-date: /home/adela/workspace/ros_ur_driver/install/ur_dashboard_msgs/include/ur_dashboard_msgs/ur_dashboard_msgs/srv/detail/raw_request__builder.hpp
[29.524s] -- Up-to-date: /home/adela/workspace/ros_ur_driver/install/ur_dashboard_msgs/include/ur_dashboard_msgs/ur_dashboard_msgs/srv/detail/popup__struct.hpp
[29.524s] -- Up-to-date: /home/adela/workspace/ros_ur_driver/install/ur_dashboard_msgs/include/ur_dashboard_msgs/ur_dashboard_msgs/srv/detail/get_loaded_program__builder.hpp
[29.524s] -- Up-to-date: /home/adela/workspace/ros_ur_driver/install/ur_dashboard_msgs/include/ur_dashboard_msgs/ur_dashboard_msgs/srv/detail/popup__builder.hpp
[29.524s] -- Up-to-date: /home/adela/workspace/ros_ur_driver/install/ur_dashboard_msgs/include/ur_dashboard_msgs/ur_dashboard_msgs/srv/is_program_saved.hpp
[29.524s] -- Up-to-date: /home/adela/workspace/ros_ur_driver/install/ur_dashboard_msgs/include/ur_dashboard_msgs/ur_dashboard_msgs/srv/get_safety_mode.hpp
[29.524s] -- Up-to-date: /home/adela/workspace/ros_ur_driver/install/ur_dashboard_msgs/include/ur_dashboard_msgs/ur_dashboard_msgs/srv/get_program_state.hpp
[29.524s] -- Up-to-date: /home/adela/workspace/ros_ur_driver/install/ur_dashboard_msgs/include/ur_dashboard_msgs/ur_dashboard_msgs/srv/get_robot_mode.hpp
[29.524s] -- Up-to-date: /home/adela/workspace/ros_ur_driver/install/ur_dashboard_msgs/include/ur_dashboard_msgs/ur_dashboard_msgs
[29.524s] -- Up-to-date: /home/adela/workspace/ros_ur_driver/install/ur_dashboard_msgs/include/ur_dashboard_msgs/ur_dashboard_msgs/action
[29.524s] -- Up-to-date: /home/adela/workspace/ros_ur_driver/install/ur_dashboard_msgs/include/ur_dashboard_msgs/ur_dashboard_msgs/action/detail
[29.525s] -- Up-to-date: /home/adela/workspace/ros_ur_driver/install/ur_dashboard_msgs/include/ur_dashboard_msgs/ur_dashboard_msgs/action/detail/dds_fastrtps
[29.525s] -- Up-to-date: /home/adela/workspace/ros_ur_driver/install/ur_dashboard_msgs/include/ur_dashboard_msgs/ur_dashboard_msgs/action/detail/set_mode__rosidl_typesupport_fastrtps_cpp.hpp
[29.525s] -- Up-to-date: /home/adela/workspace/ros_ur_driver/install/ur_dashboard_msgs/include/ur_dashboard_msgs/ur_dashboard_msgs/msg
[29.525s] -- Up-to-date: /home/adela/workspace/ros_ur_driver/install/ur_dashboard_msgs/include/ur_dashboard_msgs/ur_dashboard_msgs/msg/rosidl_typesupport_fastrtps_cpp__visibility_control.h
[29.525s] -- Up-to-date: /home/adela/workspace/ros_ur_driver/install/ur_dashboard_msgs/include/ur_dashboard_msgs/ur_dashboard_msgs/msg/detail
[29.525s] -- Up-to-date: /home/adela/workspace/ros_ur_driver/install/ur_dashboard_msgs/include/ur_dashboard_msgs/ur_dashboard_msgs/msg/detail/dds_fastrtps
[29.525s] -- Up-to-date: /home/adela/workspace/ros_ur_driver/install/ur_dashboard_msgs/include/ur_dashboard_msgs/ur_dashboard_msgs/msg/detail/safety_mode__rosidl_typesupport_fastrtps_cpp.hpp
[29.525s] -- Up-to-date: /home/adela/workspace/ros_ur_driver/install/ur_dashboard_msgs/include/ur_dashboard_msgs/ur_dashboard_msgs/msg/detail/robot_mode__rosidl_typesupport_fastrtps_cpp.hpp
[29.525s] -- Up-to-date: /home/adela/workspace/ros_ur_driver/install/ur_dashboard_msgs/include/ur_dashboard_msgs/ur_dashboard_msgs/msg/detail/program_state__rosidl_typesupport_fastrtps_cpp.hpp
[29.525s] -- Up-to-date: /home/adela/workspace/ros_ur_driver/install/ur_dashboard_msgs/include/ur_dashboard_msgs/ur_dashboard_msgs/srv
[29.525s] -- Up-to-date: /home/adela/workspace/ros_ur_driver/install/ur_dashboard_msgs/include/ur_dashboard_msgs/ur_dashboard_msgs/srv/detail
[29.528s] -- Up-to-date: /home/adela/workspace/ros_ur_driver/install/ur_dashboard_msgs/include/ur_dashboard_msgs/ur_dashboard_msgs/srv/detail/load__rosidl_typesupport_fastrtps_cpp.hpp
[29.528s] -- Up-to-date: /home/adela/workspace/ros_ur_driver/install/ur_dashboard_msgs/include/ur_dashboard_msgs/ur_dashboard_msgs/srv/detail/dds_fastrtps
[29.528s] -- Up-to-date: /home/adela/workspace/ros_ur_driver/install/ur_dashboard_msgs/include/ur_dashboard_msgs/ur_dashboard_msgs/srv/detail/get_loaded_program__rosidl_typesupport_fastrtps_cpp.hpp
[29.528s] -- Up-to-date: /home/adela/workspace/ros_ur_driver/install/ur_dashboard_msgs/include/ur_dashboard_msgs/ur_dashboard_msgs/srv/detail/is_program_saved__rosidl_typesupport_fastrtps_cpp.hpp
[29.528s] -- Up-to-date: /home/adela/workspace/ros_ur_driver/install/ur_dashboard_msgs/include/ur_dashboard_msgs/ur_dashboard_msgs/srv/detail/get_safety_mode__rosidl_typesupport_fastrtps_cpp.hpp
[29.528s] -- Up-to-date: /home/adela/workspace/ros_ur_driver/install/ur_dashboard_msgs/include/ur_dashboard_msgs/ur_dashboard_msgs/srv/detail/raw_request__rosidl_typesupport_fastrtps_cpp.hpp
[29.528s] -- Up-to-date: /home/adela/workspace/ros_ur_driver/install/ur_dashboard_msgs/include/ur_dashboard_msgs/ur_dashboard_msgs/srv/detail/get_robot_mode__rosidl_typesupport_fastrtps_cpp.hpp
[29.529s] -- Up-to-date: /home/adela/workspace/ros_ur_driver/install/ur_dashboard_msgs/include/ur_dashboard_msgs/ur_dashboard_msgs/srv/detail/popup__rosidl_typesupport_fastrtps_cpp.hpp
[29.529s] -- Up-to-date: /home/adela/workspace/ros_ur_driver/install/ur_dashboard_msgs/include/ur_dashboard_msgs/ur_dashboard_msgs/srv/detail/is_program_running__rosidl_typesupport_fastrtps_cpp.hpp
[29.529s] -- Up-to-date: /home/adela/workspace/ros_ur_driver/install/ur_dashboard_msgs/include/ur_dashboard_msgs/ur_dashboard_msgs/srv/detail/add_to_log__rosidl_typesupport_fastrtps_cpp.hpp
[29.529s] -- Up-to-date: /home/adela/workspace/ros_ur_driver/install/ur_dashboard_msgs/include/ur_dashboard_msgs/ur_dashboard_msgs/srv/detail/get_program_state__rosidl_typesupport_fastrtps_cpp.hpp
[29.529s] -- Installing: /home/adela/workspace/ros_ur_driver/install/ur_dashboard_msgs/lib/libur_dashboard_msgs__rosidl_typesupport_fastrtps_cpp.so
[29.529s] -- Set runtime path of "/home/adela/workspace/ros_ur_driver/install/ur_dashboard_msgs/lib/libur_dashboard_msgs__rosidl_typesupport_fastrtps_cpp.so" to ""
[29.529s] -- Up-to-date: /home/adela/workspace/ros_ur_driver/install/ur_dashboard_msgs/include/ur_dashboard_msgs/ur_dashboard_msgs
[29.529s] -- Up-to-date: /home/adela/workspace/ros_ur_driver/install/ur_dashboard_msgs/include/ur_dashboard_msgs/ur_dashboard_msgs/action
[29.529s] -- Up-to-date: /home/adela/workspace/ros_ur_driver/install/ur_dashboard_msgs/include/ur_dashboard_msgs/ur_dashboard_msgs/action/detail
[29.529s] -- Up-to-date: /home/adela/workspace/ros_ur_driver/install/ur_dashboard_msgs/include/ur_dashboard_msgs/ur_dashboard_msgs/action/detail/set_mode__rosidl_typesupport_introspection_cpp.hpp
[29.529s] -- Up-to-date: /home/adela/workspace/ros_ur_driver/install/ur_dashboard_msgs/include/ur_dashboard_msgs/ur_dashboard_msgs/action/detail/set_mode__type_support.cpp
[29.529s] -- Up-to-date: /home/adela/workspace/ros_ur_driver/install/ur_dashboard_msgs/include/ur_dashboard_msgs/ur_dashboard_msgs/msg
[29.529s] -- Up-to-date: /home/adela/workspace/ros_ur_driver/install/ur_dashboard_msgs/include/ur_dashboard_msgs/ur_dashboard_msgs/msg/detail
[29.529s] -- Up-to-date: /home/adela/workspace/ros_ur_driver/install/ur_dashboard_msgs/include/ur_dashboard_msgs/ur_dashboard_msgs/msg/detail/safety_mode__type_support.cpp
[29.530s] -- Up-to-date: /home/adela/workspace/ros_ur_driver/install/ur_dashboard_msgs/include/ur_dashboard_msgs/ur_dashboard_msgs/msg/detail/robot_mode__type_support.cpp
[29.530s] -- Up-to-date: /home/adela/workspace/ros_ur_driver/install/ur_dashboard_msgs/include/ur_dashboard_msgs/ur_dashboard_msgs/msg/detail/safety_mode__rosidl_typesupport_introspection_cpp.hpp
[29.530s] -- Up-to-date: /home/adela/workspace/ros_ur_driver/install/ur_dashboard_msgs/include/ur_dashboard_msgs/ur_dashboard_msgs/msg/detail/robot_mode__rosidl_typesupport_introspection_cpp.hpp
[29.530s] -- Up-to-date: /home/adela/workspace/ros_ur_driver/install/ur_dashboard_msgs/include/ur_dashboard_msgs/ur_dashboard_msgs/msg/detail/program_state__rosidl_typesupport_introspection_cpp.hpp
[29.530s] -- Up-to-date: /home/adela/workspace/ros_ur_driver/install/ur_dashboard_msgs/include/ur_dashboard_msgs/ur_dashboard_msgs/msg/detail/program_state__type_support.cpp
[29.530s] -- Up-to-date: /home/adela/workspace/ros_ur_driver/install/ur_dashboard_msgs/include/ur_dashboard_msgs/ur_dashboard_msgs/srv
[29.530s] -- Up-to-date: /home/adela/workspace/ros_ur_driver/install/ur_dashboard_msgs/include/ur_dashboard_msgs/ur_dashboard_msgs/srv/detail
[29.530s] -- Up-to-date: /home/adela/workspace/ros_ur_driver/install/ur_dashboard_msgs/include/ur_dashboard_msgs/ur_dashboard_msgs/srv/detail/get_loaded_program__rosidl_typesupport_introspection_cpp.hpp
[29.530s] -- Up-to-date: /home/adela/workspace/ros_ur_driver/install/ur_dashboard_msgs/include/ur_dashboard_msgs/ur_dashboard_msgs/srv/detail/load__type_support.cpp
[29.530s] -- Up-to-date: /home/adela/workspace/ros_ur_driver/install/ur_dashboard_msgs/include/ur_dashboard_msgs/ur_dashboard_msgs/srv/detail/get_program_state__rosidl_typesupport_introspection_cpp.hpp
[29.530s] -- Up-to-date: /home/adela/workspace/ros_ur_driver/install/ur_dashboard_msgs/include/ur_dashboard_msgs/ur_dashboard_msgs/srv/detail/raw_request__rosidl_typesupport_introspection_cpp.hpp
[29.530s] -- Up-to-date: /home/adela/workspace/ros_ur_driver/install/ur_dashboard_msgs/include/ur_dashboard_msgs/ur_dashboard_msgs/srv/detail/load__rosidl_typesupport_introspection_cpp.hpp
[29.531s] -- Up-to-date: /home/adela/workspace/ros_ur_driver/install/ur_dashboard_msgs/include/ur_dashboard_msgs/ur_dashboard_msgs/srv/detail/popup__rosidl_typesupport_introspection_cpp.hpp
[29.531s] -- Up-to-date: /home/adela/workspace/ros_ur_driver/install/ur_dashboard_msgs/include/ur_dashboard_msgs/ur_dashboard_msgs/srv/detail/is_program_saved__type_support.cpp
[29.531s] -- Up-to-date: /home/adela/workspace/ros_ur_driver/install/ur_dashboard_msgs/include/ur_dashboard_msgs/ur_dashboard_msgs/srv/detail/add_to_log__type_support.cpp
[29.531s] -- Up-to-date: /home/adela/workspace/ros_ur_driver/install/ur_dashboard_msgs/include/ur_dashboard_msgs/ur_dashboard_msgs/srv/detail/get_loaded_program__type_support.cpp
[29.531s] -- Up-to-date: /home/adela/workspace/ros_ur_driver/install/ur_dashboard_msgs/include/ur_dashboard_msgs/ur_dashboard_msgs/srv/detail/is_program_saved__rosidl_typesupport_introspection_cpp.hpp
[29.531s] -- Up-to-date: /home/adela/workspace/ros_ur_driver/install/ur_dashboard_msgs/include/ur_dashboard_msgs/ur_dashboard_msgs/srv/detail/raw_request__type_support.cpp
[29.531s] -- Up-to-date: /home/adela/workspace/ros_ur_driver/install/ur_dashboard_msgs/include/ur_dashboard_msgs/ur_dashboard_msgs/srv/detail/get_program_state__type_support.cpp
[29.531s] -- Up-to-date: /home/adela/workspace/ros_ur_driver/install/ur_dashboard_msgs/include/ur_dashboard_msgs/ur_dashboard_msgs/srv/detail/is_program_running__type_support.cpp
[29.533s] -- Up-to-date: /home/adela/workspace/ros_ur_driver/install/ur_dashboard_msgs/include/ur_dashboard_msgs/ur_dashboard_msgs/srv/detail/popup__type_support.cpp
[29.533s] -- Up-to-date: /home/adela/workspace/ros_ur_driver/install/ur_dashboard_msgs/include/ur_dashboard_msgs/ur_dashboard_msgs/srv/detail/get_robot_mode__type_support.cpp
[29.534s] -- Up-to-date: /home/adela/workspace/ros_ur_driver/install/ur_dashboard_msgs/include/ur_dashboard_msgs/ur_dashboard_msgs/srv/detail/add_to_log__rosidl_typesupport_introspection_cpp.hpp
[29.534s] -- Up-to-date: /home/adela/workspace/ros_ur_driver/install/ur_dashboard_msgs/include/ur_dashboard_msgs/ur_dashboard_msgs/srv/detail/is_program_running__rosidl_typesupport_introspection_cpp.hpp
[29.534s] -- Up-to-date: /home/adela/workspace/ros_ur_driver/install/ur_dashboard_msgs/include/ur_dashboard_msgs/ur_dashboard_msgs/srv/detail/get_safety_mode__type_support.cpp
[29.534s] -- Up-to-date: /home/adela/workspace/ros_ur_driver/install/ur_dashboard_msgs/include/ur_dashboard_msgs/ur_dashboard_msgs/srv/detail/get_robot_mode__rosidl_typesupport_introspection_cpp.hpp
[29.534s] -- Up-to-date: /home/adela/workspace/ros_ur_driver/install/ur_dashboard_msgs/include/ur_dashboard_msgs/ur_dashboard_msgs/srv/detail/get_safety_mode__rosidl_typesupport_introspection_cpp.hpp
[29.534s] -- Installing: /home/adela/workspace/ros_ur_driver/install/ur_dashboard_msgs/lib/libur_dashboard_msgs__rosidl_typesupport_introspection_cpp.so
[29.534s] -- Set runtime path of "/home/adela/workspace/ros_ur_driver/install/ur_dashboard_msgs/lib/libur_dashboard_msgs__rosidl_typesupport_introspection_cpp.so" to ""
[29.534s] -- Installing: /home/adela/workspace/ros_ur_driver/install/ur_dashboard_msgs/lib/libur_dashboard_msgs__rosidl_typesupport_cpp.so
[29.534s] -- Set runtime path of "/home/adela/workspace/ros_ur_driver/install/ur_dashboard_msgs/lib/libur_dashboard_msgs__rosidl_typesupport_cpp.so" to ""
[29.534s] -- Up-to-date: /home/adela/workspace/ros_ur_driver/install/ur_dashboard_msgs/share/ur_dashboard_msgs/environment/pythonpath.sh
[29.534s] -- Installing: /home/adela/workspace/ros_ur_driver/install/ur_dashboard_msgs/share/ur_dashboard_msgs/environment/pythonpath.dsv
[29.534s] -- Up-to-date: /home/adela/workspace/ros_ur_driver/install/ur_dashboard_msgs/local/lib/python3.10/dist-packages/ur_dashboard_msgs-2.2.9-py3.10.egg-info
[29.534s] -- Installing: /home/adela/workspace/ros_ur_driver/install/ur_dashboard_msgs/local/lib/python3.10/dist-packages/ur_dashboard_msgs-2.2.9-py3.10.egg-info/dependency_links.txt
[29.534s] -- Installing: /home/adela/workspace/ros_ur_driver/install/ur_dashboard_msgs/local/lib/python3.10/dist-packages/ur_dashboard_msgs-2.2.9-py3.10.egg-info/PKG-INFO
[29.535s] -- Installing: /home/adela/workspace/ros_ur_driver/install/ur_dashboard_msgs/local/lib/python3.10/dist-packages/ur_dashboard_msgs-2.2.9-py3.10.egg-info/top_level.txt
[29.535s] -- Installing: /home/adela/workspace/ros_ur_driver/install/ur_dashboard_msgs/local/lib/python3.10/dist-packages/ur_dashboard_msgs-2.2.9-py3.10.egg-info/SOURCES.txt
[29.535s] -- Up-to-date: /home/adela/workspace/ros_ur_driver/install/ur_dashboard_msgs/local/lib/python3.10/dist-packages/ur_dashboard_msgs
[29.535s] -- Up-to-date: /home/adela/workspace/ros_ur_driver/install/ur_dashboard_msgs/local/lib/python3.10/dist-packages/ur_dashboard_msgs/_ur_dashboard_msgs_s.ep.rosidl_typesupport_fastrtps_c.c
[29.535s] -- Up-to-date: /home/adela/workspace/ros_ur_driver/install/ur_dashboard_msgs/local/lib/python3.10/dist-packages/ur_dashboard_msgs/action
[29.535s] -- Up-to-date: /home/adela/workspace/ros_ur_driver/install/ur_dashboard_msgs/local/lib/python3.10/dist-packages/ur_dashboard_msgs/action/_set_mode.py
[29.535s] -- Up-to-date: /home/adela/workspace/ros_ur_driver/install/ur_dashboard_msgs/local/lib/python3.10/dist-packages/ur_dashboard_msgs/action/__init__.py
[29.535s] -- Up-to-date: /home/adela/workspace/ros_ur_driver/install/ur_dashboard_msgs/local/lib/python3.10/dist-packages/ur_dashboard_msgs/action/_set_mode_s.c
[29.535s] -- Up-to-date: /home/adela/workspace/ros_ur_driver/install/ur_dashboard_msgs/local/lib/python3.10/dist-packages/ur_dashboard_msgs/msg
[29.535s] -- Up-to-date: /home/adela/workspace/ros_ur_driver/install/ur_dashboard_msgs/local/lib/python3.10/dist-packages/ur_dashboard_msgs/msg/_safety_mode.py
[29.535s] -- Up-to-date: /home/adela/workspace/ros_ur_driver/install/ur_dashboard_msgs/local/lib/python3.10/dist-packages/ur_dashboard_msgs/msg/_program_state_s.c
[29.535s] -- Up-to-date: /home/adela/workspace/ros_ur_driver/install/ur_dashboard_msgs/local/lib/python3.10/dist-packages/ur_dashboard_msgs/msg/__init__.py
[29.535s] -- Up-to-date: /home/adela/workspace/ros_ur_driver/install/ur_dashboard_msgs/local/lib/python3.10/dist-packages/ur_dashboard_msgs/msg/_safety_mode_s.c
[29.535s] -- Up-to-date: /home/adela/workspace/ros_ur_driver/install/ur_dashboard_msgs/local/lib/python3.10/dist-packages/ur_dashboard_msgs/msg/_program_state.py
[29.536s] -- Up-to-date: /home/adela/workspace/ros_ur_driver/install/ur_dashboard_msgs/local/lib/python3.10/dist-packages/ur_dashboard_msgs/msg/_robot_mode_s.c
[29.536s] -- Up-to-date: /home/adela/workspace/ros_ur_driver/install/ur_dashboard_msgs/local/lib/python3.10/dist-packages/ur_dashboard_msgs/msg/_robot_mode.py
[29.536s] -- Installing: /home/adela/workspace/ros_ur_driver/install/ur_dashboard_msgs/local/lib/python3.10/dist-packages/ur_dashboard_msgs/ur_dashboard_msgs_s__rosidl_typesupport_fastrtps_c.cpython-310-x86_64-linux-gnu.so
[29.536s] -- Up-to-date: /home/adela/workspace/ros_ur_driver/install/ur_dashboard_msgs/local/lib/python3.10/dist-packages/ur_dashboard_msgs/_ur_dashboard_msgs_s.ep.rosidl_typesupport_introspection_c.c
[29.536s] -- Up-to-date: /home/adela/workspace/ros_ur_driver/install/ur_dashboard_msgs/local/lib/python3.10/dist-packages/ur_dashboard_msgs/_ur_dashboard_msgs_s.ep.rosidl_typesupport_c.c
[29.536s] -- Installing: /home/adela/workspace/ros_ur_driver/install/ur_dashboard_msgs/local/lib/python3.10/dist-packages/ur_dashboard_msgs/__init__.py
[29.536s] -- Installing: /home/adela/workspace/ros_ur_driver/install/ur_dashboard_msgs/local/lib/python3.10/dist-packages/ur_dashboard_msgs/libur_dashboard_msgs__rosidl_generator_py.so
[29.536s] -- Up-to-date: /home/adela/workspace/ros_ur_driver/install/ur_dashboard_msgs/local/lib/python3.10/dist-packages/ur_dashboard_msgs/srv
[29.536s] -- Up-to-date: /home/adela/workspace/ros_ur_driver/install/ur_dashboard_msgs/local/lib/python3.10/dist-packages/ur_dashboard_msgs/srv/_load_s.c
[29.536s] -- Up-to-date: /home/adela/workspace/ros_ur_driver/install/ur_dashboard_msgs/local/lib/python3.10/dist-packages/ur_dashboard_msgs/srv/_get_program_state.py
[29.536s] -- Up-to-date: /home/adela/workspace/ros_ur_driver/install/ur_dashboard_msgs/local/lib/python3.10/dist-packages/ur_dashboard_msgs/srv/_is_program_saved.py
[29.536s] -- Up-to-date: /home/adela/workspace/ros_ur_driver/install/ur_dashboard_msgs/local/lib/python3.10/dist-packages/ur_dashboard_msgs/srv/_add_to_log_s.c
[29.536s] -- Up-to-date: /home/adela/workspace/ros_ur_driver/install/ur_dashboard_msgs/local/lib/python3.10/dist-packages/ur_dashboard_msgs/srv/_popup.py
[29.537s] -- Up-to-date: /home/adela/workspace/ros_ur_driver/install/ur_dashboard_msgs/local/lib/python3.10/dist-packages/ur_dashboard_msgs/srv/_popup_s.c
[29.537s] -- Up-to-date: /home/adela/workspace/ros_ur_driver/install/ur_dashboard_msgs/local/lib/python3.10/dist-packages/ur_dashboard_msgs/srv/_get_robot_mode.py
[29.537s] -- Up-to-date: /home/adela/workspace/ros_ur_driver/install/ur_dashboard_msgs/local/lib/python3.10/dist-packages/ur_dashboard_msgs/srv/_is_program_running_s.c
[29.537s] -- Up-to-date: /home/adela/workspace/ros_ur_driver/install/ur_dashboard_msgs/local/lib/python3.10/dist-packages/ur_dashboard_msgs/srv/_get_robot_mode_s.c
[29.537s] -- Up-to-date: /home/adela/workspace/ros_ur_driver/install/ur_dashboard_msgs/local/lib/python3.10/dist-packages/ur_dashboard_msgs/srv/_get_loaded_program_s.c
[29.537s] -- Up-to-date: /home/adela/workspace/ros_ur_driver/install/ur_dashboard_msgs/local/lib/python3.10/dist-packages/ur_dashboard_msgs/srv/_is_program_saved_s.c
[29.537s] -- Up-to-date: /home/adela/workspace/ros_ur_driver/install/ur_dashboard_msgs/local/lib/python3.10/dist-packages/ur_dashboard_msgs/srv/_is_program_running.py
[29.537s] -- Up-to-date: /home/adela/workspace/ros_ur_driver/install/ur_dashboard_msgs/local/lib/python3.10/dist-packages/ur_dashboard_msgs/srv/_get_loaded_program.py
[29.537s] -- Up-to-date: /home/adela/workspace/ros_ur_driver/install/ur_dashboard_msgs/local/lib/python3.10/dist-packages/ur_dashboard_msgs/srv/_raw_request.py
[29.537s] -- Up-to-date: /home/adela/workspace/ros_ur_driver/install/ur_dashboard_msgs/local/lib/python3.10/dist-packages/ur_dashboard_msgs/srv/_get_program_state_s.c
[29.537s] -- Up-to-date: /home/adela/workspace/ros_ur_driver/install/ur_dashboard_msgs/local/lib/python3.10/dist-packages/ur_dashboard_msgs/srv/__init__.py
[29.537s] -- Up-to-date: /home/adela/workspace/ros_ur_driver/install/ur_dashboard_msgs/local/lib/python3.10/dist-packages/ur_dashboard_msgs/srv/_get_safety_mode.py
[29.537s] -- Up-to-date: /home/adela/workspace/ros_ur_driver/install/ur_dashboard_msgs/local/lib/python3.10/dist-packages/ur_dashboard_msgs/srv/_get_safety_mode_s.c
[29.537s] -- Up-to-date: /home/adela/workspace/ros_ur_driver/install/ur_dashboard_msgs/local/lib/python3.10/dist-packages/ur_dashboard_msgs/srv/_raw_request_s.c
[29.537s] -- Up-to-date: /home/adela/workspace/ros_ur_driver/install/ur_dashboard_msgs/local/lib/python3.10/dist-packages/ur_dashboard_msgs/srv/_load.py
[29.538s] -- Up-to-date: /home/adela/workspace/ros_ur_driver/install/ur_dashboard_msgs/local/lib/python3.10/dist-packages/ur_dashboard_msgs/srv/_add_to_log.py
[29.538s] -- Installing: /home/adela/workspace/ros_ur_driver/install/ur_dashboard_msgs/local/lib/python3.10/dist-packages/ur_dashboard_msgs/ur_dashboard_msgs_s__rosidl_typesupport_c.cpython-310-x86_64-linux-gnu.so
[29.538s] -- Installing: /home/adela/workspace/ros_ur_driver/install/ur_dashboard_msgs/local/lib/python3.10/dist-packages/ur_dashboard_msgs/ur_dashboard_msgs_s__rosidl_typesupport_introspection_c.cpython-310-x86_64-linux-gnu.so
[29.582s] Listing '/home/adela/workspace/ros_ur_driver/install/ur_dashboard_msgs/local/lib/python3.10/dist-packages/ur_dashboard_msgs'...
[29.582s] Compiling '/home/adela/workspace/ros_ur_driver/install/ur_dashboard_msgs/local/lib/python3.10/dist-packages/ur_dashboard_msgs/__init__.py'...
[29.582s] Listing '/home/adela/workspace/ros_ur_driver/install/ur_dashboard_msgs/local/lib/python3.10/dist-packages/ur_dashboard_msgs/action'...
[29.582s] Listing '/home/adela/workspace/ros_ur_driver/install/ur_dashboard_msgs/local/lib/python3.10/dist-packages/ur_dashboard_msgs/msg'...
[29.582s] Listing '/home/adela/workspace/ros_ur_driver/install/ur_dashboard_msgs/local/lib/python3.10/dist-packages/ur_dashboard_msgs/srv'...
[29.588s] -- Installing: /home/adela/workspace/ros_ur_driver/install/ur_dashboard_msgs/local/lib/python3.10/dist-packages/ur_dashboard_msgs/ur_dashboard_msgs_s__rosidl_typesupport_fastrtps_c.cpython-310-x86_64-linux-gnu.so
[29.588s] -- Set runtime path of "/home/adela/workspace/ros_ur_driver/install/ur_dashboard_msgs/local/lib/python3.10/dist-packages/ur_dashboard_msgs/ur_dashboard_msgs_s__rosidl_typesupport_fastrtps_c.cpython-310-x86_64-linux-gnu.so" to ""
[29.588s] -- Installing: /home/adela/workspace/ros_ur_driver/install/ur_dashboard_msgs/local/lib/python3.10/dist-packages/ur_dashboard_msgs/ur_dashboard_msgs_s__rosidl_typesupport_introspection_c.cpython-310-x86_64-linux-gnu.so
[29.589s] -- Set runtime path of "/home/adela/workspace/ros_ur_driver/install/ur_dashboard_msgs/local/lib/python3.10/dist-packages/ur_dashboard_msgs/ur_dashboard_msgs_s__rosidl_typesupport_introspection_c.cpython-310-x86_64-linux-gnu.so" to ""
[29.589s] -- Installing: /home/adela/workspace/ros_ur_driver/install/ur_dashboard_msgs/local/lib/python3.10/dist-packages/ur_dashboard_msgs/ur_dashboard_msgs_s__rosidl_typesupport_c.cpython-310-x86_64-linux-gnu.so
[29.589s] -- Set runtime path of "/home/adela/workspace/ros_ur_driver/install/ur_dashboard_msgs/local/lib/python3.10/dist-packages/ur_dashboard_msgs/ur_dashboard_msgs_s__rosidl_typesupport_c.cpython-310-x86_64-linux-gnu.so" to ""
[29.590s] -- Installing: /home/adela/workspace/ros_ur_driver/install/ur_dashboard_msgs/lib/libur_dashboard_msgs__rosidl_generator_py.so
[29.590s] -- Set runtime path of "/home/adela/workspace/ros_ur_driver/install/ur_dashboard_msgs/lib/libur_dashboard_msgs__rosidl_generator_py.so" to ""
[29.590s] -- Up-to-date: /home/adela/workspace/ros_ur_driver/install/ur_dashboard_msgs/share/ur_dashboard_msgs/msg/ProgramState.idl
[29.591s] -- Up-to-date: /home/adela/workspace/ros_ur_driver/install/ur_dashboard_msgs/share/ur_dashboard_msgs/msg/RobotMode.idl
[29.591s] -- Up-to-date: /home/adela/workspace/ros_ur_driver/install/ur_dashboard_msgs/share/ur_dashboard_msgs/msg/SafetyMode.idl
[29.591s] -- Up-to-date: /home/adela/workspace/ros_ur_driver/install/ur_dashboard_msgs/share/ur_dashboard_msgs/srv/AddToLog.idl
[29.591s] -- Up-to-date: /home/adela/workspace/ros_ur_driver/install/ur_dashboard_msgs/share/ur_dashboard_msgs/srv/GetLoadedProgram.idl
[29.592s] -- Up-to-date: /home/adela/workspace/ros_ur_driver/install/ur_dashboard_msgs/share/ur_dashboard_msgs/srv/GetProgramState.idl
[29.592s] -- Up-to-date: /home/adela/workspace/ros_ur_driver/install/ur_dashboard_msgs/share/ur_dashboard_msgs/srv/GetRobotMode.idl
[29.592s] -- Up-to-date: /home/adela/workspace/ros_ur_driver/install/ur_dashboard_msgs/share/ur_dashboard_msgs/srv/GetSafetyMode.idl
[29.592s] -- Up-to-date: /home/adela/workspace/ros_ur_driver/install/ur_dashboard_msgs/share/ur_dashboard_msgs/srv/IsProgramRunning.idl
[29.593s] -- Up-to-date: /home/adela/workspace/ros_ur_driver/install/ur_dashboard_msgs/share/ur_dashboard_msgs/srv/IsProgramSaved.idl
[29.593s] -- Up-to-date: /home/adela/workspace/ros_ur_driver/install/ur_dashboard_msgs/share/ur_dashboard_msgs/srv/Load.idl
[29.593s] -- Up-to-date: /home/adela/workspace/ros_ur_driver/install/ur_dashboard_msgs/share/ur_dashboard_msgs/srv/Popup.idl
[29.593s] -- Up-to-date: /home/adela/workspace/ros_ur_driver/install/ur_dashboard_msgs/share/ur_dashboard_msgs/srv/RawRequest.idl
[29.594s] -- Up-to-date: /home/adela/workspace/ros_ur_driver/install/ur_dashboard_msgs/share/ur_dashboard_msgs/action/SetMode.idl
[29.594s] -- Up-to-date: /home/adela/workspace/ros_ur_driver/install/ur_dashboard_msgs/share/ur_dashboard_msgs/msg/ProgramState.msg
[29.594s] -- Up-to-date: /home/adela/workspace/ros_ur_driver/install/ur_dashboard_msgs/share/ur_dashboard_msgs/msg/RobotMode.msg
[29.594s] -- Up-to-date: /home/adela/workspace/ros_ur_driver/install/ur_dashboard_msgs/share/ur_dashboard_msgs/msg/SafetyMode.msg
[29.594s] -- Up-to-date: /home/adela/workspace/ros_ur_driver/install/ur_dashboard_msgs/share/ur_dashboard_msgs/srv/AddToLog.srv
[29.595s] -- Up-to-date: /home/adela/workspace/ros_ur_driver/install/ur_dashboard_msgs/share/ur_dashboard_msgs/srv/AddToLog_Request.msg
[29.595s] -- Up-to-date: /home/adela/workspace/ros_ur_driver/install/ur_dashboard_msgs/share/ur_dashboard_msgs/srv/AddToLog_Response.msg
[29.595s] -- Up-to-date: /home/adela/workspace/ros_ur_driver/install/ur_dashboard_msgs/share/ur_dashboard_msgs/srv/GetLoadedProgram.srv
[29.595s] -- Up-to-date: /home/adela/workspace/ros_ur_driver/install/ur_dashboard_msgs/share/ur_dashboard_msgs/srv/GetLoadedProgram_Request.msg
[29.595s] -- Up-to-date: /home/adela/workspace/ros_ur_driver/install/ur_dashboard_msgs/share/ur_dashboard_msgs/srv/GetLoadedProgram_Response.msg
[29.596s] -- Up-to-date: /home/adela/workspace/ros_ur_driver/install/ur_dashboard_msgs/share/ur_dashboard_msgs/srv/GetProgramState.srv
[29.596s] -- Up-to-date: /home/adela/workspace/ros_ur_driver/install/ur_dashboard_msgs/share/ur_dashboard_msgs/srv/GetProgramState_Request.msg
[29.596s] -- Up-to-date: /home/adela/workspace/ros_ur_driver/install/ur_dashboard_msgs/share/ur_dashboard_msgs/srv/GetProgramState_Response.msg
[29.596s] -- Up-to-date: /home/adela/workspace/ros_ur_driver/install/ur_dashboard_msgs/share/ur_dashboard_msgs/srv/GetRobotMode.srv
[29.596s] -- Up-to-date: /home/adela/workspace/ros_ur_driver/install/ur_dashboard_msgs/share/ur_dashboard_msgs/srv/GetRobotMode_Request.msg
[29.596s] -- Up-to-date: /home/adela/workspace/ros_ur_driver/install/ur_dashboard_msgs/share/ur_dashboard_msgs/srv/GetRobotMode_Response.msg
[29.596s] -- Up-to-date: /home/adela/workspace/ros_ur_driver/install/ur_dashboard_msgs/share/ur_dashboard_msgs/srv/GetSafetyMode.srv
[29.597s] -- Up-to-date: /home/adela/workspace/ros_ur_driver/install/ur_dashboard_msgs/share/ur_dashboard_msgs/srv/GetSafetyMode_Request.msg
[29.597s] -- Up-to-date: /home/adela/workspace/ros_ur_driver/install/ur_dashboard_msgs/share/ur_dashboard_msgs/srv/GetSafetyMode_Response.msg
[29.597s] -- Up-to-date: /home/adela/workspace/ros_ur_driver/install/ur_dashboard_msgs/share/ur_dashboard_msgs/srv/IsProgramRunning.srv
[29.597s] -- Up-to-date: /home/adela/workspace/ros_ur_driver/install/ur_dashboard_msgs/share/ur_dashboard_msgs/srv/IsProgramRunning_Request.msg
[29.597s] -- Up-to-date: /home/adela/workspace/ros_ur_driver/install/ur_dashboard_msgs/share/ur_dashboard_msgs/srv/IsProgramRunning_Response.msg
[29.597s] -- Up-to-date: /home/adela/workspace/ros_ur_driver/install/ur_dashboard_msgs/share/ur_dashboard_msgs/srv/IsProgramSaved.srv
[29.597s] -- Up-to-date: /home/adela/workspace/ros_ur_driver/install/ur_dashboard_msgs/share/ur_dashboard_msgs/srv/IsProgramSaved_Request.msg
[29.598s] -- Up-to-date: /home/adela/workspace/ros_ur_driver/install/ur_dashboard_msgs/share/ur_dashboard_msgs/srv/IsProgramSaved_Response.msg
[29.598s] -- Up-to-date: /home/adela/workspace/ros_ur_driver/install/ur_dashboard_msgs/share/ur_dashboard_msgs/srv/Load.srv
[29.598s] -- Up-to-date: /home/adela/workspace/ros_ur_driver/install/ur_dashboard_msgs/share/ur_dashboard_msgs/srv/Load_Request.msg
[29.598s] -- Up-to-date: /home/adela/workspace/ros_ur_driver/install/ur_dashboard_msgs/share/ur_dashboard_msgs/srv/Load_Response.msg
[29.599s] -- Up-to-date: /home/adela/workspace/ros_ur_driver/install/ur_dashboard_msgs/share/ur_dashboard_msgs/srv/Popup.srv
[29.600s] -- Up-to-date: /home/adela/workspace/ros_ur_driver/install/ur_dashboard_msgs/share/ur_dashboard_msgs/srv/Popup_Request.msg
[29.600s] -- Up-to-date: /home/adela/workspace/ros_ur_driver/install/ur_dashboard_msgs/share/ur_dashboard_msgs/srv/Popup_Response.msg
[29.600s] -- Up-to-date: /home/adela/workspace/ros_ur_driver/install/ur_dashboard_msgs/share/ur_dashboard_msgs/srv/RawRequest.srv
[29.600s] -- Up-to-date: /home/adela/workspace/ros_ur_driver/install/ur_dashboard_msgs/share/ur_dashboard_msgs/srv/RawRequest_Request.msg
[29.600s] -- Up-to-date: /home/adela/workspace/ros_ur_driver/install/ur_dashboard_msgs/share/ur_dashboard_msgs/srv/RawRequest_Response.msg
[29.601s] -- Up-to-date: /home/adela/workspace/ros_ur_driver/install/ur_dashboard_msgs/share/ur_dashboard_msgs/action/SetMode.action
[29.601s] -- Up-to-date: /home/adela/workspace/ros_ur_driver/install/ur_dashboard_msgs/share/ament_index/resource_index/package_run_dependencies/ur_dashboard_msgs
[29.601s] -- Up-to-date: /home/adela/workspace/ros_ur_driver/install/ur_dashboard_msgs/share/ament_index/resource_index/parent_prefix_path/ur_dashboard_msgs
[29.601s] -- Up-to-date: /home/adela/workspace/ros_ur_driver/install/ur_dashboard_msgs/share/ur_dashboard_msgs/environment/ament_prefix_path.sh
[29.601s] -- Installing: /home/adela/workspace/ros_ur_driver/install/ur_dashboard_msgs/share/ur_dashboard_msgs/environment/ament_prefix_path.dsv
[29.601s] -- Up-to-date: /home/adela/workspace/ros_ur_driver/install/ur_dashboard_msgs/share/ur_dashboard_msgs/environment/path.sh
[29.601s] -- Installing: /home/adela/workspace/ros_ur_driver/install/ur_dashboard_msgs/share/ur_dashboard_msgs/environment/path.dsv
[29.601s] -- Up-to-date: /home/adela/workspace/ros_ur_driver/install/ur_dashboard_msgs/share/ur_dashboard_msgs/local_setup.bash
[29.601s] -- Up-to-date: /home/adela/workspace/ros_ur_driver/install/ur_dashboard_msgs/share/ur_dashboard_msgs/local_setup.sh
[29.601s] -- Up-to-date: /home/adela/workspace/ros_ur_driver/install/ur_dashboard_msgs/share/ur_dashboard_msgs/local_setup.zsh
[29.601s] -- Installing: /home/adela/workspace/ros_ur_driver/install/ur_dashboard_msgs/share/ur_dashboard_msgs/local_setup.dsv
[29.601s] -- Installing: /home/adela/workspace/ros_ur_driver/install/ur_dashboard_msgs/share/ur_dashboard_msgs/package.dsv
[29.601s] -- Up-to-date: /home/adela/workspace/ros_ur_driver/install/ur_dashboard_msgs/share/ament_index/resource_index/packages/ur_dashboard_msgs
[29.602s] -- Up-to-date: /home/adela/workspace/ros_ur_driver/install/ur_dashboard_msgs/share/ur_dashboard_msgs/cmake/export_ur_dashboard_msgs__rosidl_generator_cExport.cmake
[29.602s] -- Installing: /home/adela/workspace/ros_ur_driver/install/ur_dashboard_msgs/share/ur_dashboard_msgs/cmake/export_ur_dashboard_msgs__rosidl_generator_cExport-release.cmake
[29.602s] -- Up-to-date: /home/adela/workspace/ros_ur_driver/install/ur_dashboard_msgs/share/ur_dashboard_msgs/cmake/export_ur_dashboard_msgs__rosidl_typesupport_fastrtps_cExport.cmake
[29.602s] -- Installing: /home/adela/workspace/ros_ur_driver/install/ur_dashboard_msgs/share/ur_dashboard_msgs/cmake/export_ur_dashboard_msgs__rosidl_typesupport_fastrtps_cExport-release.cmake
[29.602s] -- Up-to-date: /home/adela/workspace/ros_ur_driver/install/ur_dashboard_msgs/share/ur_dashboard_msgs/cmake/ur_dashboard_msgs__rosidl_typesupport_introspection_cExport.cmake
[29.602s] -- Installing: /home/adela/workspace/ros_ur_driver/install/ur_dashboard_msgs/share/ur_dashboard_msgs/cmake/ur_dashboard_msgs__rosidl_typesupport_introspection_cExport-release.cmake
[29.602s] -- Up-to-date: /home/adela/workspace/ros_ur_driver/install/ur_dashboard_msgs/share/ur_dashboard_msgs/cmake/ur_dashboard_msgs__rosidl_typesupport_cExport.cmake
[29.602s] -- Installing: /home/adela/workspace/ros_ur_driver/install/ur_dashboard_msgs/share/ur_dashboard_msgs/cmake/ur_dashboard_msgs__rosidl_typesupport_cExport-release.cmake
[29.602s] -- Up-to-date: /home/adela/workspace/ros_ur_driver/install/ur_dashboard_msgs/share/ur_dashboard_msgs/cmake/export_ur_dashboard_msgs__rosidl_generator_cppExport.cmake
[29.602s] -- Up-to-date: /home/adela/workspace/ros_ur_driver/install/ur_dashboard_msgs/share/ur_dashboard_msgs/cmake/export_ur_dashboard_msgs__rosidl_typesupport_fastrtps_cppExport.cmake
[29.603s] -- Installing: /home/adela/workspace/ros_ur_driver/install/ur_dashboard_msgs/share/ur_dashboard_msgs/cmake/export_ur_dashboard_msgs__rosidl_typesupport_fastrtps_cppExport-release.cmake
[29.603s] -- Up-to-date: /home/adela/workspace/ros_ur_driver/install/ur_dashboard_msgs/share/ur_dashboard_msgs/cmake/ur_dashboard_msgs__rosidl_typesupport_introspection_cppExport.cmake
[29.603s] -- Installing: /home/adela/workspace/ros_ur_driver/install/ur_dashboard_msgs/share/ur_dashboard_msgs/cmake/ur_dashboard_msgs__rosidl_typesupport_introspection_cppExport-release.cmake
[29.616s] -- Up-to-date: /home/adela/workspace/ros_ur_driver/install/ur_dashboard_msgs/share/ur_dashboard_msgs/cmake/ur_dashboard_msgs__rosidl_typesupport_cppExport.cmake
[29.616s] -- Installing: /home/adela/workspace/ros_ur_driver/install/ur_dashboard_msgs/share/ur_dashboard_msgs/cmake/ur_dashboard_msgs__rosidl_typesupport_cppExport-release.cmake
[29.616s] -- Up-to-date: /home/adela/workspace/ros_ur_driver/install/ur_dashboard_msgs/share/ur_dashboard_msgs/cmake/export_ur_dashboard_msgs__rosidl_generator_pyExport.cmake
[29.617s] -- Installing: /home/adela/workspace/ros_ur_driver/install/ur_dashboard_msgs/share/ur_dashboard_msgs/cmake/export_ur_dashboard_msgs__rosidl_generator_pyExport-release.cmake
[29.617s] -- Up-to-date: /home/adela/workspace/ros_ur_driver/install/ur_dashboard_msgs/share/ur_dashboard_msgs/cmake/rosidl_cmake-extras.cmake
[29.617s] -- Up-to-date: /home/adela/workspace/ros_ur_driver/install/ur_dashboard_msgs/share/ur_dashboard_msgs/cmake/ament_cmake_export_dependencies-extras.cmake
[29.617s] -- Up-to-date: /home/adela/workspace/ros_ur_driver/install/ur_dashboard_msgs/share/ur_dashboard_msgs/cmake/ament_cmake_export_include_directories-extras.cmake
[29.617s] -- Up-to-date: /home/adela/workspace/ros_ur_driver/install/ur_dashboard_msgs/share/ur_dashboard_msgs/cmake/ament_cmake_export_libraries-extras.cmake
[29.617s] -- Up-to-date: /home/adela/workspace/ros_ur_driver/install/ur_dashboard_msgs/share/ur_dashboard_msgs/cmake/ament_cmake_export_targets-extras.cmake
[29.617s] -- Up-to-date: /home/adela/workspace/ros_ur_driver/install/ur_dashboard_msgs/share/ur_dashboard_msgs/cmake/rosidl_cmake_export_typesupport_targets-extras.cmake
[29.617s] -- Up-to-date: /home/adela/workspace/ros_ur_driver/install/ur_dashboard_msgs/share/ur_dashboard_msgs/cmake/rosidl_cmake_export_typesupport_libraries-extras.cmake
[29.617s] -- Up-to-date: /home/adela/workspace/ros_ur_driver/install/ur_dashboard_msgs/share/ur_dashboard_msgs/cmake/ur_dashboard_msgsConfig.cmake
[29.617s] -- Up-to-date: /home/adela/workspace/ros_ur_driver/install/ur_dashboard_msgs/share/ur_dashboard_msgs/cmake/ur_dashboard_msgsConfig-version.cmake
[29.624s] -- Up-to-date: /home/adela/workspace/ros_ur_driver/install/ur_dashboard_msgs/share/ur_dashboard_msgs/package.xml
[29.625s] Invoked command in '/home/adela/workspace/ros_ur_driver/build/ur_dashboard_msgs' returned '0': CMAKE_PREFIX_PATH=${CMAKE_PREFIX_PATH}:/opt/ros/humble /usr/bin/cmake --install /home/adela/workspace/ros_ur_driver/build/ur_dashboard_msgs
