[4.164s] DEBUG:colcon:Command line arguments: ['/usr/bin/colcon', 'build']
[4.164s] DEBUG:colcon:Parsed command line arguments: Namespace(allow_overriding=[], ament_cmake_args=None, base_paths=['.'], build_base='build', catkin_cmake_args=None, catkin_skip_building_tests=False, cmake_args=None, cmake_clean_cache=False, cmake_clean_first=False, cmake_force_configure=False, cmake_target=None, cmake_target_skip_unavailable=False, continue_on_error=False, event_handlers=None, executor='parallel', ignore_user_meta=False, install_base='install', log_base=None, log_level=None, main=<bound method BuildVerb.main of <colcon_core.verb.build.BuildVerb object at 0x7fb94e204760>>, merge_install=False, metas=['./colcon.meta'], mixin=None, mixin_files=None, mixin_verb=('build',), packages_above=None, packages_above_and_dependencies=None, packages_above_depth=None, packages_end=None, packages_ignore=None, packages_ignore_regex=None, packages_select=None, packages_select_build_failed=False, packages_select_by_dep=None, packages_select_regex=None, packages_select_test_failures=False, packages_skip=None, packages_skip_build_finished=False, packages_skip_by_dep=None, packages_skip_regex=None, packages_skip_test_passed=False, packages_skip_up_to=None, packages_start=None, packages_up_to=None, packages_up_to_regex=None, parallel_workers=12, paths=None, symlink_install=False, test_result_base=None, verb_extension=<colcon_core.verb.build.BuildVerb object at 0x7fb94e204760>, verb_name='build', verb_parser=<colcon_mixin.mixin.mixin_argument.MixinArgumentDecorator object at 0x7fb94e164220>)
[4.295s] Level 1:colcon.colcon_core.package_discovery:discover_packages(colcon_meta) check parameters
[4.296s] Level 1:colcon.colcon_core.package_discovery:discover_packages(recursive) check parameters
[4.296s] Level 1:colcon.colcon_core.package_discovery:discover_packages(ignore) check parameters
[4.296s] Level 1:colcon.colcon_core.package_discovery:discover_packages(path) check parameters
[4.296s] Level 1:colcon.colcon_core.package_discovery:discover_packages(colcon_meta) discover
[4.296s] Level 1:colcon.colcon_core.package_discovery:discover_packages(recursive) discover
[4.296s] INFO:colcon.colcon_core.package_discovery:Crawling recursively for packages in '/home/alvaro/workspace/ros_ur_driver'
[4.296s] Level 1:colcon.colcon_core.package_identification:_identify(.) by extensions ['ignore', 'ignore_ament_install']
[4.296s] Level 1:colcon.colcon_core.package_identification:_identify(.) by extension 'ignore'
[4.296s] Level 1:colcon.colcon_core.package_identification:_identify(.) by extension 'ignore_ament_install'
[4.296s] Level 1:colcon.colcon_core.package_identification:_identify(.) by extensions ['colcon_pkg']
[4.296s] Level 1:colcon.colcon_core.package_identification:_identify(.) by extension 'colcon_pkg'
[4.296s] Level 1:colcon.colcon_core.package_identification:_identify(.) by extensions ['colcon_meta']
[4.296s] Level 1:colcon.colcon_core.package_identification:_identify(.) by extension 'colcon_meta'
[4.296s] Level 1:colcon.colcon_core.package_identification:_identify(.) by extensions ['ros']
[4.297s] Level 1:colcon.colcon_core.package_identification:_identify(.) by extension 'ros'
[4.310s] Level 1:colcon.colcon_core.package_identification:_identify(.) by extensions ['cmake', 'python']
[4.310s] Level 1:colcon.colcon_core.package_identification:_identify(.) by extension 'cmake'
[4.311s] Level 1:colcon.colcon_core.package_identification:_identify(.) by extension 'python'
[4.311s] Level 1:colcon.colcon_core.package_identification:_identify(.) by extensions ['python_setup_py']
[4.311s] Level 1:colcon.colcon_core.package_identification:_identify(.) by extension 'python_setup_py'
[4.311s] Level 1:colcon.colcon_core.package_identification:_identify(build) by extensions ['ignore', 'ignore_ament_install']
[4.311s] Level 1:colcon.colcon_core.package_identification:_identify(build) by extension 'ignore'
[4.311s] Level 1:colcon.colcon_core.package_identification:_identify(build) ignored
[4.311s] Level 1:colcon.colcon_core.package_identification:_identify(install) by extensions ['ignore', 'ignore_ament_install']
[4.311s] Level 1:colcon.colcon_core.package_identification:_identify(install) by extension 'ignore'
[4.311s] Level 1:colcon.colcon_core.package_identification:_identify(install) ignored
[4.311s] Level 1:colcon.colcon_core.package_identification:_identify(log) by extensions ['ignore', 'ignore_ament_install']
[4.311s] Level 1:colcon.colcon_core.package_identification:_identify(log) by extension 'ignore'
[4.312s] Level 1:colcon.colcon_core.package_identification:_identify(log) ignored
[4.312s] Level 1:colcon.colcon_core.package_identification:_identify(src) by extensions ['ignore', 'ignore_ament_install']
[4.312s] Level 1:colcon.colcon_core.package_identification:_identify(src) by extension 'ignore'
[4.312s] Level 1:colcon.colcon_core.package_identification:_identify(src) by extension 'ignore_ament_install'
[4.312s] Level 1:colcon.colcon_core.package_identification:_identify(src) by extensions ['colcon_pkg']
[4.312s] Level 1:colcon.colcon_core.package_identification:_identify(src) by extension 'colcon_pkg'
[4.312s] Level 1:colcon.colcon_core.package_identification:_identify(src) by extensions ['colcon_meta']
[4.312s] Level 1:colcon.colcon_core.package_identification:_identify(src) by extension 'colcon_meta'
[4.312s] Level 1:colcon.colcon_core.package_identification:_identify(src) by extensions ['ros']
[4.312s] Level 1:colcon.colcon_core.package_identification:_identify(src) by extension 'ros'
[4.312s] Level 1:colcon.colcon_core.package_identification:_identify(src) by extensions ['cmake', 'python']
[4.312s] Level 1:colcon.colcon_core.package_identification:_identify(src) by extension 'cmake'
[4.312s] Level 1:colcon.colcon_core.package_identification:_identify(src) by extension 'python'
[4.312s] Level 1:colcon.colcon_core.package_identification:_identify(src) by extensions ['python_setup_py']
[4.312s] Level 1:colcon.colcon_core.package_identification:_identify(src) by extension 'python_setup_py'
[4.312s] Level 1:colcon.colcon_core.package_discovery:discover_packages(recursive) using defaults
[4.313s] Level 1:colcon.colcon_core.package_discovery:discover_packages(ignore) discover
[4.313s] Level 1:colcon.colcon_core.package_discovery:discover_packages(ignore) using defaults
[4.313s] Level 1:colcon.colcon_core.package_discovery:discover_packages(path) discover
[4.313s] Level 1:colcon.colcon_core.package_discovery:discover_packages(path) using defaults
[4.610s] Level 1:colcon.colcon_core.package_discovery:discover_packages(prefix_path) check parameters
[4.610s] Level 1:colcon.colcon_core.package_discovery:discover_packages(prefix_path) discover
[4.720s] DEBUG:colcon.colcon_installed_package_information.package_discovery:Found 7 installed packages in /home/alvaro/workspace/ros_ur_driver/install
[4.776s] DEBUG:colcon.colcon_installed_package_information.package_discovery:Found 37 installed packages in /home/alvaro/ros2_ws/install
[4.830s] DEBUG:colcon.colcon_installed_package_information.package_discovery:Found 28 installed packages in /home/alvaro/dev_ws/install
[4.885s] DEBUG:colcon.colcon_installed_package_information.package_discovery:Found 406 installed packages in /opt/ros/foxy
[4.889s] Level 1:colcon.colcon_core.package_discovery:discover_packages(prefix_path) using defaults
[5.126s] INFO:colcon.colcon_core.executor:Executing jobs using 'parallel' executor
[5.178s] DEBUG:colcon.colcon_parallel_executor.executor.parallel:run_until_complete
[5.179s] DEBUG:colcon.colcon_parallel_executor.executor.parallel:closing loop
[5.179s] DEBUG:colcon.colcon_parallel_executor.executor.parallel:loop closed
[5.179s] DEBUG:colcon.colcon_parallel_executor.executor.parallel:run_until_complete finished with '0'
[5.179s] DEBUG:colcon.colcon_core.event_reactor:joining thread
[5.242s] INFO:colcon.colcon_core.plugin_system:Skipping extension 'colcon_notification.desktop_notification.terminal_notifier': Not used on non-Darwin systems
[5.243s] INFO:colcon.colcon_core.plugin_system:Skipping extension 'colcon_notification.desktop_notification.win32': Not used on non-Windows systems
[5.243s] INFO:colcon.colcon_notification.desktop_notification:Sending desktop notification using 'notify2'
[5.268s] DEBUG:colcon.colcon_core.event_reactor:joined thread
[5.329s] INFO:colcon.colcon_core.plugin_system:Skipping extension 'colcon_core.shell.bat': Not used on non-Windows systems
[5.329s] INFO:colcon.colcon_core.shell:Creating prefix script '/home/alvaro/workspace/ros_ur_driver/install/local_setup.ps1'
[5.330s] INFO:colcon.colcon_core.shell:Creating prefix util module '/home/alvaro/workspace/ros_ur_driver/install/_local_setup_util_ps1.py'
[5.332s] INFO:colcon.colcon_core.shell:Creating prefix chain script '/home/alvaro/workspace/ros_ur_driver/install/setup.ps1'
[5.390s] INFO:colcon.colcon_core.shell:Creating prefix script '/home/alvaro/workspace/ros_ur_driver/install/local_setup.sh'
[5.390s] INFO:colcon.colcon_core.shell:Creating prefix util module '/home/alvaro/workspace/ros_ur_driver/install/_local_setup_util_sh.py'
[5.391s] INFO:colcon.colcon_core.shell:Creating prefix chain script '/home/alvaro/workspace/ros_ur_driver/install/setup.sh'
[5.448s] INFO:colcon.colcon_core.shell:Creating prefix script '/home/alvaro/workspace/ros_ur_driver/install/local_setup.bash'
[5.448s] INFO:colcon.colcon_core.shell:Creating prefix chain script '/home/alvaro/workspace/ros_ur_driver/install/setup.bash'
[5.507s] INFO:colcon.colcon_core.shell:Creating prefix script '/home/alvaro/workspace/ros_ur_driver/install/local_setup.zsh'
[5.508s] INFO:colcon.colcon_core.shell:Creating prefix chain script '/home/alvaro/workspace/ros_ur_driver/install/setup.zsh'
