[0.127s] Invoking command in '/home/adela/workspace/ros_ur_driver/build/ur': CMAKE_PREFIX_PATH=/home/adela/workspace/ros_ur_driver/install/ur_calibration:/home/adela/workspace/ros_ur_driver/install/ur_robot_driver:/home/adela/workspace/ros_ur_driver/install/ur_moveit_config:/home/adela/workspace/ros_ur_driver/install/ur_controllers:/home/adela/workspace/ros_ur_driver/install/ur_description:/home/adela/workspace/ros_ur_driver/install/ur_dashboard_msgs:/home/adela/workspace/ros_ur_driver/install/ur:/home/adela/workspace/ros_ur_driver/install/ur_bringup:/opt/ros/humble /usr/bin/cmake /home/adela/workspace/ros_ur_driver/src/Universal_Robots_ROS2_Driver/ur -DCMAKE_BUILD_TYPE=Release -DCMAKE_INSTALL_PREFIX=/home/adela/workspace/ros_ur_driver/install/ur
[0.142s] -- Found ament_cmake: 1.3.5 (/opt/ros/humble/share/ament_cmake/cmake)
[0.332s] -- Found ament_lint_auto: 0.12.8 (/opt/ros/humble/share/ament_lint_auto/cmake)
[0.416s] -- Added test 'lint_cmake' to check CMake code style
[0.417s] -- Added test 'xmllint' to check XML markup files
[0.418s] -- Configuring done
[0.422s] -- Generating done
[0.424s] -- Build files have been written to: /home/adela/workspace/ros_ur_driver/build/ur
[0.427s] Invoked command in '/home/adela/workspace/ros_ur_driver/build/ur' returned '0': CMAKE_PREFIX_PATH=/home/adela/workspace/ros_ur_driver/install/ur_calibration:/home/adela/workspace/ros_ur_driver/install/ur_robot_driver:/home/adela/workspace/ros_ur_driver/install/ur_moveit_config:/home/adela/workspace/ros_ur_driver/install/ur_controllers:/home/adela/workspace/ros_ur_driver/install/ur_description:/home/adela/workspace/ros_ur_driver/install/ur_dashboard_msgs:/home/adela/workspace/ros_ur_driver/install/ur:/home/adela/workspace/ros_ur_driver/install/ur_bringup:/opt/ros/humble /usr/bin/cmake /home/adela/workspace/ros_ur_driver/src/Universal_Robots_ROS2_Driver/ur -DCMAKE_BUILD_TYPE=Release -DCMAKE_INSTALL_PREFIX=/home/adela/workspace/ros_ur_driver/install/ur
[0.428s] Invoking command in '/home/adela/workspace/ros_ur_driver/build/ur': CMAKE_PREFIX_PATH=/home/adela/workspace/ros_ur_driver/install/ur_calibration:/home/adela/workspace/ros_ur_driver/install/ur_robot_driver:/home/adela/workspace/ros_ur_driver/install/ur_moveit_config:/home/adela/workspace/ros_ur_driver/install/ur_controllers:/home/adela/workspace/ros_ur_driver/install/ur_description:/home/adela/workspace/ros_ur_driver/install/ur_dashboard_msgs:/home/adela/workspace/ros_ur_driver/install/ur:/home/adela/workspace/ros_ur_driver/install/ur_bringup:/opt/ros/humble /usr/bin/cmake --build /home/adela/workspace/ros_ur_driver/build/ur -- -j2 -l2
[0.474s] Invoked command in '/home/adela/workspace/ros_ur_driver/build/ur' returned '0': CMAKE_PREFIX_PATH=/home/adela/workspace/ros_ur_driver/install/ur_calibration:/home/adela/workspace/ros_ur_driver/install/ur_robot_driver:/home/adela/workspace/ros_ur_driver/install/ur_moveit_config:/home/adela/workspace/ros_ur_driver/install/ur_controllers:/home/adela/workspace/ros_ur_driver/install/ur_description:/home/adela/workspace/ros_ur_driver/install/ur_dashboard_msgs:/home/adela/workspace/ros_ur_driver/install/ur:/home/adela/workspace/ros_ur_driver/install/ur_bringup:/opt/ros/humble /usr/bin/cmake --build /home/adela/workspace/ros_ur_driver/build/ur -- -j2 -l2
[0.504s] Invoking command in '/home/adela/workspace/ros_ur_driver/build/ur': CMAKE_PREFIX_PATH=/home/adela/workspace/ros_ur_driver/install/ur_calibration:/home/adela/workspace/ros_ur_driver/install/ur_robot_driver:/home/adela/workspace/ros_ur_driver/install/ur_moveit_config:/home/adela/workspace/ros_ur_driver/install/ur_controllers:/home/adela/workspace/ros_ur_driver/install/ur_description:/home/adela/workspace/ros_ur_driver/install/ur_dashboard_msgs:/home/adela/workspace/ros_ur_driver/install/ur:/home/adela/workspace/ros_ur_driver/install/ur_bringup:/opt/ros/humble /usr/bin/cmake --install /home/adela/workspace/ros_ur_driver/build/ur
[0.513s] -- Install configuration: "Release"
[0.513s] -- Up-to-date: /home/adela/workspace/ros_ur_driver/install/ur/share/ament_index/resource_index/package_run_dependencies/ur
[0.513s] -- Up-to-date: /home/adela/workspace/ros_ur_driver/install/ur/share/ament_index/resource_index/parent_prefix_path/ur
[0.514s] -- Up-to-date: /home/adela/workspace/ros_ur_driver/install/ur/share/ur/environment/ament_prefix_path.sh
[0.514s] -- Installing: /home/adela/workspace/ros_ur_driver/install/ur/share/ur/environment/ament_prefix_path.dsv
[0.514s] -- Up-to-date: /home/adela/workspace/ros_ur_driver/install/ur/share/ur/environment/path.sh
[0.514s] -- Installing: /home/adela/workspace/ros_ur_driver/install/ur/share/ur/environment/path.dsv
[0.515s] -- Up-to-date: /home/adela/workspace/ros_ur_driver/install/ur/share/ur/local_setup.bash
[0.515s] -- Up-to-date: /home/adela/workspace/ros_ur_driver/install/ur/share/ur/local_setup.sh
[0.515s] -- Up-to-date: /home/adela/workspace/ros_ur_driver/install/ur/share/ur/local_setup.zsh
[0.515s] -- Installing: /home/adela/workspace/ros_ur_driver/install/ur/share/ur/local_setup.dsv
[0.516s] -- Installing: /home/adela/workspace/ros_ur_driver/install/ur/share/ur/package.dsv
[0.516s] -- Up-to-date: /home/adela/workspace/ros_ur_driver/install/ur/share/ament_index/resource_index/packages/ur
[0.516s] -- Up-to-date: /home/adela/workspace/ros_ur_driver/install/ur/share/ur/cmake/urConfig.cmake
[0.517s] -- Up-to-date: /home/adela/workspace/ros_ur_driver/install/ur/share/ur/cmake/urConfig-version.cmake
[0.517s] -- Up-to-date: /home/adela/workspace/ros_ur_driver/install/ur/share/ur/package.xml
[0.520s] Invoked command in '/home/adela/workspace/ros_ur_driver/build/ur' returned '0': CMAKE_PREFIX_PATH=/home/adela/workspace/ros_ur_driver/install/ur_calibration:/home/adela/workspace/ros_ur_driver/install/ur_robot_driver:/home/adela/workspace/ros_ur_driver/install/ur_moveit_config:/home/adela/workspace/ros_ur_driver/install/ur_controllers:/home/adela/workspace/ros_ur_driver/install/ur_description:/home/adela/workspace/ros_ur_driver/install/ur_dashboard_msgs:/home/adela/workspace/ros_ur_driver/install/ur:/home/adela/workspace/ros_ur_driver/install/ur_bringup:/opt/ros/humble /usr/bin/cmake --install /home/adela/workspace/ros_ur_driver/build/ur
