/home/alvaro/workspace/ros_ur_driver/install/py_srvcli/lib/python3.8/site-packages/py_srvcli/prueba_inversa.py
/home/alvaro/workspace/ros_ur_driver/install/py_srvcli/lib/python3.8/site-packages/py_srvcli/client_member_function.py
/home/alvaro/workspace/ros_ur_driver/install/py_srvcli/lib/python3.8/site-packages/py_srvcli/service_member_function.py
/home/alvaro/workspace/ros_ur_driver/install/py_srvcli/lib/python3.8/site-packages/py_srvcli/__init__.py
/home/alvaro/workspace/ros_ur_driver/install/py_srvcli/lib/python3.8/site-packages/py_srvcli/__pycache__/prueba_inversa.cpython-38.pyc
/home/alvaro/workspace/ros_ur_driver/install/py_srvcli/lib/python3.8/site-packages/py_srvcli/__pycache__/client_member_function.cpython-38.pyc
/home/alvaro/workspace/ros_ur_driver/install/py_srvcli/lib/python3.8/site-packages/py_srvcli/__pycache__/service_member_function.cpython-38.pyc
/home/alvaro/workspace/ros_ur_driver/install/py_srvcli/lib/python3.8/site-packages/py_srvcli/__pycache__/__init__.cpython-38.pyc
/home/alvaro/workspace/ros_ur_driver/install/py_srvcli/share/ament_index/resource_index/packages/py_srvcli
/home/alvaro/workspace/ros_ur_driver/install/py_srvcli/share/py_srvcli/package.xml
/home/alvaro/workspace/ros_ur_driver/install/py_srvcli/lib/python3.8/site-packages/py_srvcli-0.0.0-py3.8.egg-info/requires.txt
/home/alvaro/workspace/ros_ur_driver/install/py_srvcli/lib/python3.8/site-packages/py_srvcli-0.0.0-py3.8.egg-info/PKG-INFO
/home/alvaro/workspace/ros_ur_driver/install/py_srvcli/lib/python3.8/site-packages/py_srvcli-0.0.0-py3.8.egg-info/entry_points.txt
/home/alvaro/workspace/ros_ur_driver/install/py_srvcli/lib/python3.8/site-packages/py_srvcli-0.0.0-py3.8.egg-info/SOURCES.txt
/home/alvaro/workspace/ros_ur_driver/install/py_srvcli/lib/python3.8/site-packages/py_srvcli-0.0.0-py3.8.egg-info/dependency_links.txt
/home/alvaro/workspace/ros_ur_driver/install/py_srvcli/lib/python3.8/site-packages/py_srvcli-0.0.0-py3.8.egg-info/top_level.txt
/home/alvaro/workspace/ros_ur_driver/install/py_srvcli/lib/python3.8/site-packages/py_srvcli-0.0.0-py3.8.egg-info/zip-safe
/home/alvaro/workspace/ros_ur_driver/install/py_srvcli/lib/py_srvcli/client
/home/alvaro/workspace/ros_ur_driver/install/py_srvcli/lib/py_srvcli/prueba
/home/alvaro/workspace/ros_ur_driver/install/py_srvcli/lib/py_srvcli/service
