[0.102s] Invoking command in '/home/pedro/workspace/ros_ur_driver/build/ur_controllers': CMAKE_PREFIX_PATH=/home/pedro/workspace/ros_ur_driver/install/ur_dashboard_msgs:/home/pedro/workspace/ros_ur_driver/install/ur_moveit_config:/home/pedro/workspace/ros_ur_driver/install/ur_description:/home/pedro/tfg_ws/install/tfg_repository:/home/pedro/aerostack2_ws/install/aerostack2:/home/pedro/aerostack2_ws/install/as2_usb_camera_interface:/home/pedro/aerostack2_ws/install/as2_state_estimator:/home/pedro/aerostack2_ws/install/as2_realsense_interface:/home/pedro/aerostack2_ws/install/as2_platform_tello:/home/pedro/aerostack2_ws/install/as2_platform_ign_gazebo:/home/pedro/aerostack2_ws/install/as2_platform_dji_osdk:/home/pedro/aerostack2_ws/install/as2_platform_crazyflie:/home/pedro/aerostack2_ws/install/as2_motion_controller:/home/pedro/aerostack2_ws/install/as2_behaviors_trajectory_generation:/home/pedro/aerostack2_ws/install/as2_behaviors_motion:/home/pedro/aerostack2_ws/install/as2_motion_reference_handlers:/home/pedro/aerostack2_ws/install/as2_ign_gazebo_assets:/home/pedro/aerostack2_ws/install/as2_behaviors_platform:/home/pedro/aerostack2_ws/install/as2_behaviors_perception:/home/pedro/aerostack2_ws/install/as2_behavior_tree:/home/pedro/aerostack2_ws/install/as2_behavior:/home/pedro/aerostack2_ws/install/as2_alphanumeric_viewer:/home/pedro/aerostack2_ws/install/as2_core:/home/pedro/aerostack2_ws/install/as2_msgs:/home/pedro/aerostack2_ws/install/as2_gazebo_classic_assets:/home/pedro/aerostack2_ws/install/as2_cli:/home/pedro/aerostack2_ws/install/as2_keyboard_teleoperation:/home/pedro/aerostack2_ws/install/as2_python_api:/opt/ros/humble /usr/bin/cmake /home/pedro/workspace/ros_ur_driver/src/Universal_Robots_ROS2_Driver/ur_controllers -DCMAKE_BUILD_TYPE=Release -DCMAKE_INSTALL_PREFIX=/home/pedro/workspace/ros_ur_driver/install/ur_controllers
[0.112s] -- Found ament_cmake: 1.3.5 (/opt/ros/humble/share/ament_cmake/cmake)
[0.248s] -- Found angles: 1.15.0 (/opt/ros/humble/share/angles/cmake)
[0.252s] -- Found controller_interface: 2.35.0 (/opt/ros/humble/share/controller_interface/cmake)
[0.309s] -- Found rosidl_generator_c: 3.1.5 (/opt/ros/humble/share/rosidl_generator_c/cmake)
[0.317s] -- Found rosidl_adapter: 3.1.5 (/opt/ros/humble/share/rosidl_adapter/cmake)
[0.328s] -- Found rosidl_generator_cpp: 3.1.5 (/opt/ros/humble/share/rosidl_generator_cpp/cmake)
[0.344s] -- Using all available rosidl_typesupport_c: rosidl_typesupport_fastrtps_c;rosidl_typesupport_introspection_c
[0.370s] -- Using all available rosidl_typesupport_cpp: rosidl_typesupport_fastrtps_cpp;rosidl_typesupport_introspection_cpp
[1.126s] -- Found rmw_implementation_cmake: 6.1.1 (/opt/ros/humble/share/rmw_implementation_cmake/cmake)
[1.131s] -- Found rmw_fastrtps_cpp: 6.2.4 (/opt/ros/humble/share/rmw_fastrtps_cpp/cmake)
[1.227s] -- Found OpenSSL: /usr/lib/x86_64-linux-gnu/libcrypto.so (found version "3.0.2")  
[1.254s] -- Found FastRTPS: /opt/ros/humble/include  
[1.303s] -- Using RMW implementation 'rmw_fastrtps_cpp' as default
[1.316s] -- Looking for pthread.h
[1.376s] -- Looking for pthread.h - found
[1.376s] -- Performing Test CMAKE_HAVE_LIBC_PTHREAD
[1.442s] -- Performing Test CMAKE_HAVE_LIBC_PTHREAD - Success
[1.443s] -- Found Threads: TRUE  
[1.753s] -- Found joint_trajectory_controller: 2.26.0 (/opt/ros/humble/share/joint_trajectory_controller/cmake)
[1.960s] -- Found parameter_traits: 0.3.6 (/opt/ros/humble/share/parameter_traits/cmake)
[2.198s] -- Found std_srvs: 4.2.3 (/opt/ros/humble/share/std_srvs/cmake)
[2.214s] -- Found ur_dashboard_msgs: 2.2.9 (/home/pedro/workspace/ros_ur_driver/install/ur_dashboard_msgs/share/ur_dashboard_msgs/cmake)
[2.294s] -- Found ur_msgs: 2.0.0 (/opt/ros/humble/share/ur_msgs/cmake)
[2.546s] -- Configuring done
[2.602s] -- Generating done
[2.603s] -- Build files have been written to: /home/pedro/workspace/ros_ur_driver/build/ur_controllers
[2.611s] Invoked command in '/home/pedro/workspace/ros_ur_driver/build/ur_controllers' returned '0': CMAKE_PREFIX_PATH=/home/pedro/workspace/ros_ur_driver/install/ur_dashboard_msgs:/home/pedro/workspace/ros_ur_driver/install/ur_moveit_config:/home/pedro/workspace/ros_ur_driver/install/ur_description:/home/pedro/tfg_ws/install/tfg_repository:/home/pedro/aerostack2_ws/install/aerostack2:/home/pedro/aerostack2_ws/install/as2_usb_camera_interface:/home/pedro/aerostack2_ws/install/as2_state_estimator:/home/pedro/aerostack2_ws/install/as2_realsense_interface:/home/pedro/aerostack2_ws/install/as2_platform_tello:/home/pedro/aerostack2_ws/install/as2_platform_ign_gazebo:/home/pedro/aerostack2_ws/install/as2_platform_dji_osdk:/home/pedro/aerostack2_ws/install/as2_platform_crazyflie:/home/pedro/aerostack2_ws/install/as2_motion_controller:/home/pedro/aerostack2_ws/install/as2_behaviors_trajectory_generation:/home/pedro/aerostack2_ws/install/as2_behaviors_motion:/home/pedro/aerostack2_ws/install/as2_motion_reference_handlers:/home/pedro/aerostack2_ws/install/as2_ign_gazebo_assets:/home/pedro/aerostack2_ws/install/as2_behaviors_platform:/home/pedro/aerostack2_ws/install/as2_behaviors_perception:/home/pedro/aerostack2_ws/install/as2_behavior_tree:/home/pedro/aerostack2_ws/install/as2_behavior:/home/pedro/aerostack2_ws/install/as2_alphanumeric_viewer:/home/pedro/aerostack2_ws/install/as2_core:/home/pedro/aerostack2_ws/install/as2_msgs:/home/pedro/aerostack2_ws/install/as2_gazebo_classic_assets:/home/pedro/aerostack2_ws/install/as2_cli:/home/pedro/aerostack2_ws/install/as2_keyboard_teleoperation:/home/pedro/aerostack2_ws/install/as2_python_api:/opt/ros/humble /usr/bin/cmake /home/pedro/workspace/ros_ur_driver/src/Universal_Robots_ROS2_Driver/ur_controllers -DCMAKE_BUILD_TYPE=Release -DCMAKE_INSTALL_PREFIX=/home/pedro/workspace/ros_ur_driver/install/ur_controllers
[2.612s] Invoking command in '/home/pedro/workspace/ros_ur_driver/build/ur_controllers': CMAKE_PREFIX_PATH=/home/pedro/workspace/ros_ur_driver/install/ur_dashboard_msgs:/home/pedro/workspace/ros_ur_driver/install/ur_moveit_config:/home/pedro/workspace/ros_ur_driver/install/ur_description:/home/pedro/tfg_ws/install/tfg_repository:/home/pedro/aerostack2_ws/install/aerostack2:/home/pedro/aerostack2_ws/install/as2_usb_camera_interface:/home/pedro/aerostack2_ws/install/as2_state_estimator:/home/pedro/aerostack2_ws/install/as2_realsense_interface:/home/pedro/aerostack2_ws/install/as2_platform_tello:/home/pedro/aerostack2_ws/install/as2_platform_ign_gazebo:/home/pedro/aerostack2_ws/install/as2_platform_dji_osdk:/home/pedro/aerostack2_ws/install/as2_platform_crazyflie:/home/pedro/aerostack2_ws/install/as2_motion_controller:/home/pedro/aerostack2_ws/install/as2_behaviors_trajectory_generation:/home/pedro/aerostack2_ws/install/as2_behaviors_motion:/home/pedro/aerostack2_ws/install/as2_motion_reference_handlers:/home/pedro/aerostack2_ws/install/as2_ign_gazebo_assets:/home/pedro/aerostack2_ws/install/as2_behaviors_platform:/home/pedro/aerostack2_ws/install/as2_behaviors_perception:/home/pedro/aerostack2_ws/install/as2_behavior_tree:/home/pedro/aerostack2_ws/install/as2_behavior:/home/pedro/aerostack2_ws/install/as2_alphanumeric_viewer:/home/pedro/aerostack2_ws/install/as2_core:/home/pedro/aerostack2_ws/install/as2_msgs:/home/pedro/aerostack2_ws/install/as2_gazebo_classic_assets:/home/pedro/aerostack2_ws/install/as2_cli:/home/pedro/aerostack2_ws/install/as2_keyboard_teleoperation:/home/pedro/aerostack2_ws/install/as2_python_api:/opt/ros/humble /usr/bin/cmake --build /home/pedro/workspace/ros_ur_driver/build/ur_controllers -- -j12 -l12
[2.656s] [ 42%] [34m[1mRunning `/opt/ros/humble/bin/generate_parameter_library_cpp /home/pedro/workspace/ros_ur_driver/build/ur_controllers/speed_scaling_state_broadcaster_parameters/include//speed_scaling_state_broadcaster_parameters.hpp /home/pedro/workspace/ros_ur_driver/src/Universal_Robots_ROS2_Driver/ur_controllers/src/speed_scaling_state_broadcaster_parameters.yaml `[0m
[2.656s] [ 42%] [34m[1mRunning `/opt/ros/humble/bin/generate_parameter_library_cpp /home/pedro/workspace/ros_ur_driver/build/ur_controllers/gpio_controller_parameters/include//gpio_controller_parameters.hpp /home/pedro/workspace/ros_ur_driver/src/Universal_Robots_ROS2_Driver/ur_controllers/src/gpio_controller_parameters.yaml `[0m
[2.656s] [ 42%] [34m[1mRunning `/opt/ros/humble/bin/generate_parameter_library_cpp /home/pedro/workspace/ros_ur_driver/build/ur_controllers/scaled_joint_trajectory_controller_parameters/include//scaled_joint_trajectory_controller_parameters.hpp /home/pedro/workspace/ros_ur_driver/src/Universal_Robots_ROS2_Driver/ur_controllers/src/scaled_joint_trajectory_controller_parameters.yaml `[0m
[2.812s] [ 42%] Built target scaled_joint_trajectory_controller_parameters
[2.831s] [ 42%] Built target speed_scaling_state_broadcaster_parameters
[2.831s] [ 42%] Built target gpio_controller_parameters
[2.849s] [ 85%] [32mBuilding CXX object CMakeFiles/ur_controllers.dir/src/speed_scaling_state_broadcaster.cpp.o[0m
[2.850s] [ 85%] [32mBuilding CXX object CMakeFiles/ur_controllers.dir/src/scaled_joint_trajectory_controller.cpp.o[0m
[2.850s] [ 85%] [32mBuilding CXX object CMakeFiles/ur_controllers.dir/src/gpio_controller.cpp.o[0m
[14.266s] [100%] [32m[1mLinking CXX shared library libur_controllers.so[0m
[14.507s] [100%] Built target ur_controllers
[14.517s] Invoked command in '/home/pedro/workspace/ros_ur_driver/build/ur_controllers' returned '0': CMAKE_PREFIX_PATH=/home/pedro/workspace/ros_ur_driver/install/ur_dashboard_msgs:/home/pedro/workspace/ros_ur_driver/install/ur_moveit_config:/home/pedro/workspace/ros_ur_driver/install/ur_description:/home/pedro/tfg_ws/install/tfg_repository:/home/pedro/aerostack2_ws/install/aerostack2:/home/pedro/aerostack2_ws/install/as2_usb_camera_interface:/home/pedro/aerostack2_ws/install/as2_state_estimator:/home/pedro/aerostack2_ws/install/as2_realsense_interface:/home/pedro/aerostack2_ws/install/as2_platform_tello:/home/pedro/aerostack2_ws/install/as2_platform_ign_gazebo:/home/pedro/aerostack2_ws/install/as2_platform_dji_osdk:/home/pedro/aerostack2_ws/install/as2_platform_crazyflie:/home/pedro/aerostack2_ws/install/as2_motion_controller:/home/pedro/aerostack2_ws/install/as2_behaviors_trajectory_generation:/home/pedro/aerostack2_ws/install/as2_behaviors_motion:/home/pedro/aerostack2_ws/install/as2_motion_reference_handlers:/home/pedro/aerostack2_ws/install/as2_ign_gazebo_assets:/home/pedro/aerostack2_ws/install/as2_behaviors_platform:/home/pedro/aerostack2_ws/install/as2_behaviors_perception:/home/pedro/aerostack2_ws/install/as2_behavior_tree:/home/pedro/aerostack2_ws/install/as2_behavior:/home/pedro/aerostack2_ws/install/as2_alphanumeric_viewer:/home/pedro/aerostack2_ws/install/as2_core:/home/pedro/aerostack2_ws/install/as2_msgs:/home/pedro/aerostack2_ws/install/as2_gazebo_classic_assets:/home/pedro/aerostack2_ws/install/as2_cli:/home/pedro/aerostack2_ws/install/as2_keyboard_teleoperation:/home/pedro/aerostack2_ws/install/as2_python_api:/opt/ros/humble /usr/bin/cmake --build /home/pedro/workspace/ros_ur_driver/build/ur_controllers -- -j12 -l12
[14.546s] Invoking command in '/home/pedro/workspace/ros_ur_driver/build/ur_controllers': CMAKE_PREFIX_PATH=/home/pedro/workspace/ros_ur_driver/install/ur_dashboard_msgs:/home/pedro/workspace/ros_ur_driver/install/ur_moveit_config:/home/pedro/workspace/ros_ur_driver/install/ur_description:/home/pedro/tfg_ws/install/tfg_repository:/home/pedro/aerostack2_ws/install/aerostack2:/home/pedro/aerostack2_ws/install/as2_usb_camera_interface:/home/pedro/aerostack2_ws/install/as2_state_estimator:/home/pedro/aerostack2_ws/install/as2_realsense_interface:/home/pedro/aerostack2_ws/install/as2_platform_tello:/home/pedro/aerostack2_ws/install/as2_platform_ign_gazebo:/home/pedro/aerostack2_ws/install/as2_platform_dji_osdk:/home/pedro/aerostack2_ws/install/as2_platform_crazyflie:/home/pedro/aerostack2_ws/install/as2_motion_controller:/home/pedro/aerostack2_ws/install/as2_behaviors_trajectory_generation:/home/pedro/aerostack2_ws/install/as2_behaviors_motion:/home/pedro/aerostack2_ws/install/as2_motion_reference_handlers:/home/pedro/aerostack2_ws/install/as2_ign_gazebo_assets:/home/pedro/aerostack2_ws/install/as2_behaviors_platform:/home/pedro/aerostack2_ws/install/as2_behaviors_perception:/home/pedro/aerostack2_ws/install/as2_behavior_tree:/home/pedro/aerostack2_ws/install/as2_behavior:/home/pedro/aerostack2_ws/install/as2_alphanumeric_viewer:/home/pedro/aerostack2_ws/install/as2_core:/home/pedro/aerostack2_ws/install/as2_msgs:/home/pedro/aerostack2_ws/install/as2_gazebo_classic_assets:/home/pedro/aerostack2_ws/install/as2_cli:/home/pedro/aerostack2_ws/install/as2_keyboard_teleoperation:/home/pedro/aerostack2_ws/install/as2_python_api:/opt/ros/humble /usr/bin/cmake --install /home/pedro/workspace/ros_ur_driver/build/ur_controllers
[14.553s] -- Install configuration: "Release"
[14.553s] -- Installing: /home/pedro/workspace/ros_ur_driver/install/ur_controllers/include/gpio_controller_parameters
[14.553s] -- Installing: /home/pedro/workspace/ros_ur_driver/install/ur_controllers/include/gpio_controller_parameters/gpio_controller_parameters.hpp
[14.554s] -- Installing: /home/pedro/workspace/ros_ur_driver/install/ur_controllers/include/speed_scaling_state_broadcaster_parameters
[14.554s] -- Installing: /home/pedro/workspace/ros_ur_driver/install/ur_controllers/include/speed_scaling_state_broadcaster_parameters/speed_scaling_state_broadcaster_parameters.hpp
[14.554s] -- Installing: /home/pedro/workspace/ros_ur_driver/install/ur_controllers/include/scaled_joint_trajectory_controller_parameters
[14.554s] -- Installing: /home/pedro/workspace/ros_ur_driver/install/ur_controllers/include/scaled_joint_trajectory_controller_parameters/scaled_joint_trajectory_controller_parameters.hpp
[14.554s] -- Installing: /home/pedro/workspace/ros_ur_driver/install/ur_controllers/share/ur_controllers/controller_plugins.xml
[14.554s] -- Installing: /home/pedro/workspace/ros_ur_driver/install/ur_controllers/lib/libur_controllers.so
[14.555s] -- Set runtime path of "/home/pedro/workspace/ros_ur_driver/install/ur_controllers/lib/libur_controllers.so" to ""
[14.555s] -- Up-to-date: /home/pedro/workspace/ros_ur_driver/install/ur_controllers/include
[14.555s] -- Installing: /home/pedro/workspace/ros_ur_driver/install/ur_controllers/include/ur_controllers
[14.556s] -- Installing: /home/pedro/workspace/ros_ur_driver/install/ur_controllers/include/ur_controllers/speed_scaling_state_broadcaster.hpp
[14.556s] -- Installing: /home/pedro/workspace/ros_ur_driver/install/ur_controllers/include/ur_controllers/gpio_controller.hpp
[14.556s] -- Installing: /home/pedro/workspace/ros_ur_driver/install/ur_controllers/include/ur_controllers/scaled_joint_trajectory_controller.hpp
[14.556s] -- Up-to-date: /home/pedro/workspace/ros_ur_driver/install/ur_controllers/share/ur_controllers/controller_plugins.xml
[14.556s] -- Installing: /home/pedro/workspace/ros_ur_driver/install/ur_controllers/share/ur_controllers/environment/library_path.sh
[14.556s] -- Installing: /home/pedro/workspace/ros_ur_driver/install/ur_controllers/share/ur_controllers/environment/library_path.dsv
[14.556s] -- Installing: /home/pedro/workspace/ros_ur_driver/install/ur_controllers/share/ament_index/resource_index/package_run_dependencies/ur_controllers
[14.556s] -- Installing: /home/pedro/workspace/ros_ur_driver/install/ur_controllers/share/ament_index/resource_index/parent_prefix_path/ur_controllers
[14.556s] -- Installing: /home/pedro/workspace/ros_ur_driver/install/ur_controllers/share/ur_controllers/environment/ament_prefix_path.sh
[14.556s] -- Installing: /home/pedro/workspace/ros_ur_driver/install/ur_controllers/share/ur_controllers/environment/ament_prefix_path.dsv
[14.556s] -- Installing: /home/pedro/workspace/ros_ur_driver/install/ur_controllers/share/ur_controllers/environment/path.sh
[14.556s] -- Installing: /home/pedro/workspace/ros_ur_driver/install/ur_controllers/share/ur_controllers/environment/path.dsv
[14.557s] -- Installing: /home/pedro/workspace/ros_ur_driver/install/ur_controllers/share/ur_controllers/local_setup.bash
[14.557s] -- Installing: /home/pedro/workspace/ros_ur_driver/install/ur_controllers/share/ur_controllers/local_setup.sh
[14.557s] -- Installing: /home/pedro/workspace/ros_ur_driver/install/ur_controllers/share/ur_controllers/local_setup.zsh
[14.557s] -- Installing: /home/pedro/workspace/ros_ur_driver/install/ur_controllers/share/ur_controllers/local_setup.dsv
[14.557s] -- Installing: /home/pedro/workspace/ros_ur_driver/install/ur_controllers/share/ur_controllers/package.dsv
[14.557s] -- Installing: /home/pedro/workspace/ros_ur_driver/install/ur_controllers/share/ament_index/resource_index/packages/ur_controllers
[14.557s] -- Installing: /home/pedro/workspace/ros_ur_driver/install/ur_controllers/share/ament_index/resource_index/controller_interface__pluginlib__plugin/ur_controllers
[14.557s] -- Installing: /home/pedro/workspace/ros_ur_driver/install/ur_controllers/share/ur_controllers/cmake/ament_cmake_export_dependencies-extras.cmake
[14.557s] -- Installing: /home/pedro/workspace/ros_ur_driver/install/ur_controllers/share/ur_controllers/cmake/ament_cmake_export_include_directories-extras.cmake
[14.558s] -- Installing: /home/pedro/workspace/ros_ur_driver/install/ur_controllers/share/ur_controllers/cmake/ament_cmake_export_libraries-extras.cmake
[14.558s] -- Installing: /home/pedro/workspace/ros_ur_driver/install/ur_controllers/share/ur_controllers/cmake/ur_controllersConfig.cmake
[14.558s] -- Installing: /home/pedro/workspace/ros_ur_driver/install/ur_controllers/share/ur_controllers/cmake/ur_controllersConfig-version.cmake
[14.558s] -- Installing: /home/pedro/workspace/ros_ur_driver/install/ur_controllers/share/ur_controllers/package.xml
[14.559s] Invoked command in '/home/pedro/workspace/ros_ur_driver/build/ur_controllers' returned '0': CMAKE_PREFIX_PATH=/home/pedro/workspace/ros_ur_driver/install/ur_dashboard_msgs:/home/pedro/workspace/ros_ur_driver/install/ur_moveit_config:/home/pedro/workspace/ros_ur_driver/install/ur_description:/home/pedro/tfg_ws/install/tfg_repository:/home/pedro/aerostack2_ws/install/aerostack2:/home/pedro/aerostack2_ws/install/as2_usb_camera_interface:/home/pedro/aerostack2_ws/install/as2_state_estimator:/home/pedro/aerostack2_ws/install/as2_realsense_interface:/home/pedro/aerostack2_ws/install/as2_platform_tello:/home/pedro/aerostack2_ws/install/as2_platform_ign_gazebo:/home/pedro/aerostack2_ws/install/as2_platform_dji_osdk:/home/pedro/aerostack2_ws/install/as2_platform_crazyflie:/home/pedro/aerostack2_ws/install/as2_motion_controller:/home/pedro/aerostack2_ws/install/as2_behaviors_trajectory_generation:/home/pedro/aerostack2_ws/install/as2_behaviors_motion:/home/pedro/aerostack2_ws/install/as2_motion_reference_handlers:/home/pedro/aerostack2_ws/install/as2_ign_gazebo_assets:/home/pedro/aerostack2_ws/install/as2_behaviors_platform:/home/pedro/aerostack2_ws/install/as2_behaviors_perception:/home/pedro/aerostack2_ws/install/as2_behavior_tree:/home/pedro/aerostack2_ws/install/as2_behavior:/home/pedro/aerostack2_ws/install/as2_alphanumeric_viewer:/home/pedro/aerostack2_ws/install/as2_core:/home/pedro/aerostack2_ws/install/as2_msgs:/home/pedro/aerostack2_ws/install/as2_gazebo_classic_assets:/home/pedro/aerostack2_ws/install/as2_cli:/home/pedro/aerostack2_ws/install/as2_keyboard_teleoperation:/home/pedro/aerostack2_ws/install/as2_python_api:/opt/ros/humble /usr/bin/cmake --install /home/pedro/workspace/ros_ur_driver/build/ur_controllers
