[0.689s] Invoking command in '/home/alvaro/workspace/ros_ur_driver/build/ur_moveit_config': CMAKE_PREFIX_PATH=${CMAKE_PREFIX_PATH}:/home/alvaro/ros2_ws/install/ros2controlcli:/home/alvaro/ros2_ws/install/ros2_control_test_nodes:/home/alvaro/ros2_ws/install/py_srvcli:/home/alvaro/dev_ws/install/ros2test:/opt/ros/foxy /usr/bin/cmake --build /home/alvaro/workspace/ros_ur_driver/build/ur_moveit_config -- -j12 -l12
[1.362s] Invoked command in '/home/alvaro/workspace/ros_ur_driver/build/ur_moveit_config' returned '0': CMAKE_PREFIX_PATH=${CMAKE_PREFIX_PATH}:/home/alvaro/ros2_ws/install/ros2controlcli:/home/alvaro/ros2_ws/install/ros2_control_test_nodes:/home/alvaro/ros2_ws/install/py_srvcli:/home/alvaro/dev_ws/install/ros2test:/opt/ros/foxy /usr/bin/cmake --build /home/alvaro/workspace/ros_ur_driver/build/ur_moveit_config -- -j12 -l12
[1.441s] Invoking command in '/home/alvaro/workspace/ros_ur_driver/build/ur_moveit_config': CMAKE_PREFIX_PATH=${CMAKE_PREFIX_PATH}:/home/alvaro/ros2_ws/install/ros2controlcli:/home/alvaro/ros2_ws/install/ros2_control_test_nodes:/home/alvaro/ros2_ws/install/py_srvcli:/home/alvaro/dev_ws/install/ros2test:/opt/ros/foxy /usr/bin/cmake --install /home/alvaro/workspace/ros_ur_driver/build/ur_moveit_config
[1.487s] -- Install configuration: "Release"
[1.492s] -- Up-to-date: /home/alvaro/workspace/ros_ur_driver/install/ur_moveit_config/share/ur_moveit_config/config
[1.492s] -- Up-to-date: /home/alvaro/workspace/ros_ur_driver/install/ur_moveit_config/share/ur_moveit_config/config/controllers.yaml
[1.494s] -- Up-to-date: /home/alvaro/workspace/ros_ur_driver/install/ur_moveit_config/share/ur_moveit_config/config/kinematics.yaml
[1.494s] -- Up-to-date: /home/alvaro/workspace/ros_ur_driver/install/ur_moveit_config/share/ur_moveit_config/config/ompl_planning.yaml
[1.495s] -- Up-to-date: /home/alvaro/workspace/ros_ur_driver/install/ur_moveit_config/share/ur_moveit_config/rviz
[1.496s] -- Up-to-date: /home/alvaro/workspace/ros_ur_driver/install/ur_moveit_config/share/ur_moveit_config/rviz/robot_mesa_scenario_small.scene
[1.497s] -- Up-to-date: /home/alvaro/workspace/ros_ur_driver/install/ur_moveit_config/share/ur_moveit_config/rviz/view_robot_mesa.rviz
[1.498s] -- Up-to-date: /home/alvaro/workspace/ros_ur_driver/install/ur_moveit_config/share/ur_moveit_config/rviz/view_robot.rviz
[1.498s] -- Up-to-date: /home/alvaro/workspace/ros_ur_driver/install/ur_moveit_config/share/ur_moveit_config/rviz/robot_mesa_scenario.scene
[1.499s] -- Up-to-date: /home/alvaro/workspace/ros_ur_driver/install/ur_moveit_config/share/ur_moveit_config/srdf
[1.500s] -- Up-to-date: /home/alvaro/workspace/ros_ur_driver/install/ur_moveit_config/share/ur_moveit_config/srdf/ur_macro.srdf.xacro
[1.501s] -- Up-to-date: /home/alvaro/workspace/ros_ur_driver/install/ur_moveit_config/share/ur_moveit_config/srdf/ur.srdf.xacro
[1.502s] -- Up-to-date: /home/alvaro/workspace/ros_ur_driver/install/ur_moveit_config/share/ament_index/resource_index/package_run_dependencies/ur_moveit_config
[1.503s] -- Up-to-date: /home/alvaro/workspace/ros_ur_driver/install/ur_moveit_config/share/ament_index/resource_index/parent_prefix_path/ur_moveit_config
[1.505s] -- Up-to-date: /home/alvaro/workspace/ros_ur_driver/install/ur_moveit_config/share/ur_moveit_config/environment/ament_prefix_path.sh
[1.505s] -- Up-to-date: /home/alvaro/workspace/ros_ur_driver/install/ur_moveit_config/share/ur_moveit_config/environment/ament_prefix_path.dsv
[1.505s] -- Up-to-date: /home/alvaro/workspace/ros_ur_driver/install/ur_moveit_config/share/ur_moveit_config/environment/path.sh
[1.505s] -- Up-to-date: /home/alvaro/workspace/ros_ur_driver/install/ur_moveit_config/share/ur_moveit_config/environment/path.dsv
[1.506s] -- Up-to-date: /home/alvaro/workspace/ros_ur_driver/install/ur_moveit_config/share/ur_moveit_config/local_setup.bash
[1.506s] -- Up-to-date: /home/alvaro/workspace/ros_ur_driver/install/ur_moveit_config/share/ur_moveit_config/local_setup.sh
[1.506s] -- Up-to-date: /home/alvaro/workspace/ros_ur_driver/install/ur_moveit_config/share/ur_moveit_config/local_setup.zsh
[1.507s] -- Up-to-date: /home/alvaro/workspace/ros_ur_driver/install/ur_moveit_config/share/ur_moveit_config/local_setup.dsv
[1.508s] -- Installing: /home/alvaro/workspace/ros_ur_driver/install/ur_moveit_config/share/ur_moveit_config/package.dsv
[1.508s] -- Up-to-date: /home/alvaro/workspace/ros_ur_driver/install/ur_moveit_config/share/ament_index/resource_index/packages/ur_moveit_config
[1.509s] -- Up-to-date: /home/alvaro/workspace/ros_ur_driver/install/ur_moveit_config/share/ur_moveit_config/cmake/ur_moveit_configConfig.cmake
[1.509s] -- Up-to-date: /home/alvaro/workspace/ros_ur_driver/install/ur_moveit_config/share/ur_moveit_config/cmake/ur_moveit_configConfig-version.cmake
[1.510s] -- Up-to-date: /home/alvaro/workspace/ros_ur_driver/install/ur_moveit_config/share/ur_moveit_config/package.xml
[1.699s] Invoked command in '/home/alvaro/workspace/ros_ur_driver/build/ur_moveit_config' returned '0': CMAKE_PREFIX_PATH=${CMAKE_PREFIX_PATH}:/home/alvaro/ros2_ws/install/ros2controlcli:/home/alvaro/ros2_ws/install/ros2_control_test_nodes:/home/alvaro/ros2_ws/install/py_srvcli:/home/alvaro/dev_ws/install/ros2test:/opt/ros/foxy /usr/bin/cmake --install /home/alvaro/workspace/ros_ur_driver/build/ur_moveit_config
