[1.005s] DEBUG:colcon:Command line arguments: ['/usr/bin/colcon', 'build', '--cmake-args', '-DCMAKE_BUILD_TYPE=Release']
[1.006s] DEBUG:colcon:Parsed command line arguments: Namespace(log_base=None, log_level=None, verb_name='build', build_base='build', install_base='install', merge_install=False, symlink_install=False, test_result_base=None, continue_on_error=False, executor='parallel', parallel_workers=12, event_handlers=None, ignore_user_meta=False, metas=['./colcon.meta'], base_paths=['.'], packages_ignore=None, packages_ignore_regex=None, paths=None, packages_up_to=None, packages_up_to_regex=None, packages_above=None, packages_above_and_dependencies=None, packages_above_depth=None, packages_select_by_dep=None, packages_skip_by_dep=None, packages_skip_up_to=None, packages_select_build_failed=False, packages_skip_build_finished=False, packages_select_test_failures=False, packages_skip_test_passed=False, packages_select=None, packages_skip=None, packages_select_regex=None, packages_skip_regex=None, packages_start=None, packages_end=None, allow_overriding=[], cmake_args=['-DCMAKE_BUILD_TYPE=Release'], cmake_target=None, cmake_target_skip_unavailable=False, cmake_clean_cache=False, cmake_clean_first=False, cmake_force_configure=False, ament_cmake_args=None, catkin_cmake_args=None, catkin_skip_building_tests=False, verb_parser=<colcon_defaults.argument_parser.defaults.DefaultArgumentsDecorator object at 0x7f6a9ff99570>, verb_extension=<colcon_core.verb.build.BuildVerb object at 0x7f6aa00fdc00>, main=<bound method BuildVerb.main of <colcon_core.verb.build.BuildVerb object at 0x7f6aa00fdc00>>)
[1.052s] Level 1:colcon.colcon_core.package_discovery:discover_packages(colcon_meta) check parameters
[1.052s] Level 1:colcon.colcon_core.package_discovery:discover_packages(recursive) check parameters
[1.052s] Level 1:colcon.colcon_core.package_discovery:discover_packages(ignore) check parameters
[1.052s] Level 1:colcon.colcon_core.package_discovery:discover_packages(path) check parameters
[1.052s] Level 1:colcon.colcon_core.package_discovery:discover_packages(colcon_meta) discover
[1.052s] Level 1:colcon.colcon_core.package_discovery:discover_packages(recursive) discover
[1.052s] INFO:colcon.colcon_core.package_discovery:Crawling recursively for packages in '/home/pedro/workspace/ros_ur_driver'
[1.052s] Level 1:colcon.colcon_core.package_identification:_identify(.) by extensions ['ignore', 'ignore_ament_install']
[1.052s] Level 1:colcon.colcon_core.package_identification:_identify(.) by extension 'ignore'
[1.052s] Level 1:colcon.colcon_core.package_identification:_identify(.) by extension 'ignore_ament_install'
[1.052s] Level 1:colcon.colcon_core.package_identification:_identify(.) by extensions ['colcon_pkg']
[1.052s] Level 1:colcon.colcon_core.package_identification:_identify(.) by extension 'colcon_pkg'
[1.052s] Level 1:colcon.colcon_core.package_identification:_identify(.) by extensions ['colcon_meta']
[1.052s] Level 1:colcon.colcon_core.package_identification:_identify(.) by extension 'colcon_meta'
[1.052s] Level 1:colcon.colcon_core.package_identification:_identify(.) by extensions ['ros']
[1.053s] Level 1:colcon.colcon_core.package_identification:_identify(.) by extension 'ros'
[1.063s] Level 1:colcon.colcon_core.package_identification:_identify(.) by extensions ['cmake', 'python']
[1.063s] Level 1:colcon.colcon_core.package_identification:_identify(.) by extension 'cmake'
[1.063s] Level 1:colcon.colcon_core.package_identification:_identify(.) by extension 'python'
[1.063s] Level 1:colcon.colcon_core.package_identification:_identify(.) by extensions ['python_setup_py']
[1.063s] Level 1:colcon.colcon_core.package_identification:_identify(.) by extension 'python_setup_py'
[1.063s] Level 1:colcon.colcon_core.package_identification:_identify(build) by extensions ['ignore', 'ignore_ament_install']
[1.063s] Level 1:colcon.colcon_core.package_identification:_identify(build) by extension 'ignore'
[1.063s] Level 1:colcon.colcon_core.package_identification:_identify(build) ignored
[1.063s] Level 1:colcon.colcon_core.package_identification:_identify(install) by extensions ['ignore', 'ignore_ament_install']
[1.063s] Level 1:colcon.colcon_core.package_identification:_identify(install) by extension 'ignore'
[1.063s] Level 1:colcon.colcon_core.package_identification:_identify(install) ignored
[1.063s] Level 1:colcon.colcon_core.package_identification:_identify(log) by extensions ['ignore', 'ignore_ament_install']
[1.063s] Level 1:colcon.colcon_core.package_identification:_identify(log) by extension 'ignore'
[1.064s] Level 1:colcon.colcon_core.package_identification:_identify(log) ignored
[1.064s] Level 1:colcon.colcon_core.package_identification:_identify(src) by extensions ['ignore', 'ignore_ament_install']
[1.064s] Level 1:colcon.colcon_core.package_identification:_identify(src) by extension 'ignore'
[1.064s] Level 1:colcon.colcon_core.package_identification:_identify(src) by extension 'ignore_ament_install'
[1.064s] Level 1:colcon.colcon_core.package_identification:_identify(src) by extensions ['colcon_pkg']
[1.064s] Level 1:colcon.colcon_core.package_identification:_identify(src) by extension 'colcon_pkg'
[1.064s] Level 1:colcon.colcon_core.package_identification:_identify(src) by extensions ['colcon_meta']
[1.064s] Level 1:colcon.colcon_core.package_identification:_identify(src) by extension 'colcon_meta'
[1.064s] Level 1:colcon.colcon_core.package_identification:_identify(src) by extensions ['ros']
[1.064s] Level 1:colcon.colcon_core.package_identification:_identify(src) by extension 'ros'
[1.064s] Level 1:colcon.colcon_core.package_identification:_identify(src) by extensions ['cmake', 'python']
[1.064s] Level 1:colcon.colcon_core.package_identification:_identify(src) by extension 'cmake'
[1.064s] Level 1:colcon.colcon_core.package_identification:_identify(src) by extension 'python'
[1.064s] Level 1:colcon.colcon_core.package_identification:_identify(src) by extensions ['python_setup_py']
[1.064s] Level 1:colcon.colcon_core.package_identification:_identify(src) by extension 'python_setup_py'
[1.064s] Level 1:colcon.colcon_core.package_identification:_identify(src/Universal_Robots_ROS2_Description) by extensions ['ignore', 'ignore_ament_install']
[1.064s] Level 1:colcon.colcon_core.package_identification:_identify(src/Universal_Robots_ROS2_Description) by extension 'ignore'
[1.064s] Level 1:colcon.colcon_core.package_identification:_identify(src/Universal_Robots_ROS2_Description) by extension 'ignore_ament_install'
[1.065s] Level 1:colcon.colcon_core.package_identification:_identify(src/Universal_Robots_ROS2_Description) by extensions ['colcon_pkg']
[1.065s] Level 1:colcon.colcon_core.package_identification:_identify(src/Universal_Robots_ROS2_Description) by extension 'colcon_pkg'
[1.065s] Level 1:colcon.colcon_core.package_identification:_identify(src/Universal_Robots_ROS2_Description) by extensions ['colcon_meta']
[1.065s] Level 1:colcon.colcon_core.package_identification:_identify(src/Universal_Robots_ROS2_Description) by extension 'colcon_meta'
[1.065s] Level 1:colcon.colcon_core.package_identification:_identify(src/Universal_Robots_ROS2_Description) by extensions ['ros']
[1.065s] Level 1:colcon.colcon_core.package_identification:_identify(src/Universal_Robots_ROS2_Description) by extension 'ros'
[1.067s] DEBUG:colcon.colcon_core.package_identification:Package 'src/Universal_Robots_ROS2_Description' with type 'ros.ament_cmake' and name 'ur_description'
[1.067s] Level 1:colcon.colcon_core.package_identification:_identify(src/Universal_Robots_ROS2_Driver) by extensions ['ignore', 'ignore_ament_install']
[1.067s] Level 1:colcon.colcon_core.package_identification:_identify(src/Universal_Robots_ROS2_Driver) by extension 'ignore'
[1.067s] Level 1:colcon.colcon_core.package_identification:_identify(src/Universal_Robots_ROS2_Driver) by extension 'ignore_ament_install'
[1.067s] Level 1:colcon.colcon_core.package_identification:_identify(src/Universal_Robots_ROS2_Driver) by extensions ['colcon_pkg']
[1.067s] Level 1:colcon.colcon_core.package_identification:_identify(src/Universal_Robots_ROS2_Driver) by extension 'colcon_pkg'
[1.068s] Level 1:colcon.colcon_core.package_identification:_identify(src/Universal_Robots_ROS2_Driver) by extensions ['colcon_meta']
[1.068s] Level 1:colcon.colcon_core.package_identification:_identify(src/Universal_Robots_ROS2_Driver) by extension 'colcon_meta'
[1.068s] Level 1:colcon.colcon_core.package_identification:_identify(src/Universal_Robots_ROS2_Driver) by extensions ['ros']
[1.068s] Level 1:colcon.colcon_core.package_identification:_identify(src/Universal_Robots_ROS2_Driver) by extension 'ros'
[1.068s] Level 1:colcon.colcon_core.package_identification:_identify(src/Universal_Robots_ROS2_Driver) by extensions ['cmake', 'python']
[1.068s] Level 1:colcon.colcon_core.package_identification:_identify(src/Universal_Robots_ROS2_Driver) by extension 'cmake'
[1.068s] Level 1:colcon.colcon_core.package_identification:_identify(src/Universal_Robots_ROS2_Driver) by extension 'python'
[1.068s] Level 1:colcon.colcon_core.package_identification:_identify(src/Universal_Robots_ROS2_Driver) by extensions ['python_setup_py']
[1.068s] Level 1:colcon.colcon_core.package_identification:_identify(src/Universal_Robots_ROS2_Driver) by extension 'python_setup_py'
[1.068s] Level 1:colcon.colcon_core.package_identification:_identify(src/Universal_Robots_ROS2_Driver/ur) by extensions ['ignore', 'ignore_ament_install']
[1.068s] Level 1:colcon.colcon_core.package_identification:_identify(src/Universal_Robots_ROS2_Driver/ur) by extension 'ignore'
[1.068s] Level 1:colcon.colcon_core.package_identification:_identify(src/Universal_Robots_ROS2_Driver/ur) by extension 'ignore_ament_install'
[1.068s] Level 1:colcon.colcon_core.package_identification:_identify(src/Universal_Robots_ROS2_Driver/ur) by extensions ['colcon_pkg']
[1.068s] Level 1:colcon.colcon_core.package_identification:_identify(src/Universal_Robots_ROS2_Driver/ur) by extension 'colcon_pkg'
[1.068s] Level 1:colcon.colcon_core.package_identification:_identify(src/Universal_Robots_ROS2_Driver/ur) by extensions ['colcon_meta']
[1.068s] Level 1:colcon.colcon_core.package_identification:_identify(src/Universal_Robots_ROS2_Driver/ur) by extension 'colcon_meta'
[1.068s] Level 1:colcon.colcon_core.package_identification:_identify(src/Universal_Robots_ROS2_Driver/ur) by extensions ['ros']
[1.068s] Level 1:colcon.colcon_core.package_identification:_identify(src/Universal_Robots_ROS2_Driver/ur) by extension 'ros'
[1.069s] DEBUG:colcon.colcon_core.package_identification:Package 'src/Universal_Robots_ROS2_Driver/ur' with type 'ros.ament_cmake' and name 'ur'
[1.069s] Level 1:colcon.colcon_core.package_identification:_identify(src/Universal_Robots_ROS2_Driver/ur_bringup) by extensions ['ignore', 'ignore_ament_install']
[1.069s] Level 1:colcon.colcon_core.package_identification:_identify(src/Universal_Robots_ROS2_Driver/ur_bringup) by extension 'ignore'
[1.069s] Level 1:colcon.colcon_core.package_identification:_identify(src/Universal_Robots_ROS2_Driver/ur_bringup) by extension 'ignore_ament_install'
[1.069s] Level 1:colcon.colcon_core.package_identification:_identify(src/Universal_Robots_ROS2_Driver/ur_bringup) by extensions ['colcon_pkg']
[1.069s] Level 1:colcon.colcon_core.package_identification:_identify(src/Universal_Robots_ROS2_Driver/ur_bringup) by extension 'colcon_pkg'
[1.069s] Level 1:colcon.colcon_core.package_identification:_identify(src/Universal_Robots_ROS2_Driver/ur_bringup) by extensions ['colcon_meta']
[1.069s] Level 1:colcon.colcon_core.package_identification:_identify(src/Universal_Robots_ROS2_Driver/ur_bringup) by extension 'colcon_meta'
[1.069s] Level 1:colcon.colcon_core.package_identification:_identify(src/Universal_Robots_ROS2_Driver/ur_bringup) by extensions ['ros']
[1.069s] Level 1:colcon.colcon_core.package_identification:_identify(src/Universal_Robots_ROS2_Driver/ur_bringup) by extension 'ros'
[1.070s] DEBUG:colcon.colcon_core.package_identification:Package 'src/Universal_Robots_ROS2_Driver/ur_bringup' with type 'ros.ament_cmake' and name 'ur_bringup'
[1.070s] Level 1:colcon.colcon_core.package_identification:_identify(src/Universal_Robots_ROS2_Driver/ur_calibration) by extensions ['ignore', 'ignore_ament_install']
[1.070s] Level 1:colcon.colcon_core.package_identification:_identify(src/Universal_Robots_ROS2_Driver/ur_calibration) by extension 'ignore'
[1.070s] Level 1:colcon.colcon_core.package_identification:_identify(src/Universal_Robots_ROS2_Driver/ur_calibration) by extension 'ignore_ament_install'
[1.070s] Level 1:colcon.colcon_core.package_identification:_identify(src/Universal_Robots_ROS2_Driver/ur_calibration) by extensions ['colcon_pkg']
[1.070s] Level 1:colcon.colcon_core.package_identification:_identify(src/Universal_Robots_ROS2_Driver/ur_calibration) by extension 'colcon_pkg'
[1.070s] Level 1:colcon.colcon_core.package_identification:_identify(src/Universal_Robots_ROS2_Driver/ur_calibration) by extensions ['colcon_meta']
[1.070s] Level 1:colcon.colcon_core.package_identification:_identify(src/Universal_Robots_ROS2_Driver/ur_calibration) by extension 'colcon_meta'
[1.071s] Level 1:colcon.colcon_core.package_identification:_identify(src/Universal_Robots_ROS2_Driver/ur_calibration) by extensions ['ros']
[1.071s] Level 1:colcon.colcon_core.package_identification:_identify(src/Universal_Robots_ROS2_Driver/ur_calibration) by extension 'ros'
[1.071s] DEBUG:colcon.colcon_core.package_identification:Package 'src/Universal_Robots_ROS2_Driver/ur_calibration' with type 'ros.ament_cmake' and name 'ur_calibration'
[1.071s] Level 1:colcon.colcon_core.package_identification:_identify(src/Universal_Robots_ROS2_Driver/ur_controllers) by extensions ['ignore', 'ignore_ament_install']
[1.071s] Level 1:colcon.colcon_core.package_identification:_identify(src/Universal_Robots_ROS2_Driver/ur_controllers) by extension 'ignore'
[1.072s] Level 1:colcon.colcon_core.package_identification:_identify(src/Universal_Robots_ROS2_Driver/ur_controllers) by extension 'ignore_ament_install'
[1.072s] Level 1:colcon.colcon_core.package_identification:_identify(src/Universal_Robots_ROS2_Driver/ur_controllers) by extensions ['colcon_pkg']
[1.072s] Level 1:colcon.colcon_core.package_identification:_identify(src/Universal_Robots_ROS2_Driver/ur_controllers) by extension 'colcon_pkg'
[1.072s] Level 1:colcon.colcon_core.package_identification:_identify(src/Universal_Robots_ROS2_Driver/ur_controllers) by extensions ['colcon_meta']
[1.072s] Level 1:colcon.colcon_core.package_identification:_identify(src/Universal_Robots_ROS2_Driver/ur_controllers) by extension 'colcon_meta'
[1.072s] Level 1:colcon.colcon_core.package_identification:_identify(src/Universal_Robots_ROS2_Driver/ur_controllers) by extensions ['ros']
[1.072s] Level 1:colcon.colcon_core.package_identification:_identify(src/Universal_Robots_ROS2_Driver/ur_controllers) by extension 'ros'
[1.073s] DEBUG:colcon.colcon_core.package_identification:Package 'src/Universal_Robots_ROS2_Driver/ur_controllers' with type 'ros.ament_cmake' and name 'ur_controllers'
[1.073s] Level 1:colcon.colcon_core.package_identification:_identify(src/Universal_Robots_ROS2_Driver/ur_dashboard_msgs) by extensions ['ignore', 'ignore_ament_install']
[1.073s] Level 1:colcon.colcon_core.package_identification:_identify(src/Universal_Robots_ROS2_Driver/ur_dashboard_msgs) by extension 'ignore'
[1.073s] Level 1:colcon.colcon_core.package_identification:_identify(src/Universal_Robots_ROS2_Driver/ur_dashboard_msgs) by extension 'ignore_ament_install'
[1.073s] Level 1:colcon.colcon_core.package_identification:_identify(src/Universal_Robots_ROS2_Driver/ur_dashboard_msgs) by extensions ['colcon_pkg']
[1.073s] Level 1:colcon.colcon_core.package_identification:_identify(src/Universal_Robots_ROS2_Driver/ur_dashboard_msgs) by extension 'colcon_pkg'
[1.073s] Level 1:colcon.colcon_core.package_identification:_identify(src/Universal_Robots_ROS2_Driver/ur_dashboard_msgs) by extensions ['colcon_meta']
[1.073s] Level 1:colcon.colcon_core.package_identification:_identify(src/Universal_Robots_ROS2_Driver/ur_dashboard_msgs) by extension 'colcon_meta'
[1.074s] Level 1:colcon.colcon_core.package_identification:_identify(src/Universal_Robots_ROS2_Driver/ur_dashboard_msgs) by extensions ['ros']
[1.074s] Level 1:colcon.colcon_core.package_identification:_identify(src/Universal_Robots_ROS2_Driver/ur_dashboard_msgs) by extension 'ros'
[1.074s] DEBUG:colcon.colcon_core.package_identification:Package 'src/Universal_Robots_ROS2_Driver/ur_dashboard_msgs' with type 'ros.ament_cmake' and name 'ur_dashboard_msgs'
[1.074s] Level 1:colcon.colcon_core.package_identification:_identify(src/Universal_Robots_ROS2_Driver/ur_moveit_config) by extensions ['ignore', 'ignore_ament_install']
[1.074s] Level 1:colcon.colcon_core.package_identification:_identify(src/Universal_Robots_ROS2_Driver/ur_moveit_config) by extension 'ignore'
[1.074s] Level 1:colcon.colcon_core.package_identification:_identify(src/Universal_Robots_ROS2_Driver/ur_moveit_config) by extension 'ignore_ament_install'
[1.074s] Level 1:colcon.colcon_core.package_identification:_identify(src/Universal_Robots_ROS2_Driver/ur_moveit_config) by extensions ['colcon_pkg']
[1.074s] Level 1:colcon.colcon_core.package_identification:_identify(src/Universal_Robots_ROS2_Driver/ur_moveit_config) by extension 'colcon_pkg'
[1.075s] Level 1:colcon.colcon_core.package_identification:_identify(src/Universal_Robots_ROS2_Driver/ur_moveit_config) by extensions ['colcon_meta']
[1.075s] Level 1:colcon.colcon_core.package_identification:_identify(src/Universal_Robots_ROS2_Driver/ur_moveit_config) by extension 'colcon_meta'
[1.075s] Level 1:colcon.colcon_core.package_identification:_identify(src/Universal_Robots_ROS2_Driver/ur_moveit_config) by extensions ['ros']
[1.075s] Level 1:colcon.colcon_core.package_identification:_identify(src/Universal_Robots_ROS2_Driver/ur_moveit_config) by extension 'ros'
[1.075s] DEBUG:colcon.colcon_core.package_identification:Package 'src/Universal_Robots_ROS2_Driver/ur_moveit_config' with type 'ros.ament_cmake' and name 'ur_moveit_config'
[1.075s] Level 1:colcon.colcon_core.package_identification:_identify(src/Universal_Robots_ROS2_Driver/ur_robot_driver) by extensions ['ignore', 'ignore_ament_install']
[1.075s] Level 1:colcon.colcon_core.package_identification:_identify(src/Universal_Robots_ROS2_Driver/ur_robot_driver) by extension 'ignore'
[1.075s] Level 1:colcon.colcon_core.package_identification:_identify(src/Universal_Robots_ROS2_Driver/ur_robot_driver) by extension 'ignore_ament_install'
[1.076s] Level 1:colcon.colcon_core.package_identification:_identify(src/Universal_Robots_ROS2_Driver/ur_robot_driver) by extensions ['colcon_pkg']
[1.076s] Level 1:colcon.colcon_core.package_identification:_identify(src/Universal_Robots_ROS2_Driver/ur_robot_driver) by extension 'colcon_pkg'
[1.076s] Level 1:colcon.colcon_core.package_identification:_identify(src/Universal_Robots_ROS2_Driver/ur_robot_driver) by extensions ['colcon_meta']
[1.076s] Level 1:colcon.colcon_core.package_identification:_identify(src/Universal_Robots_ROS2_Driver/ur_robot_driver) by extension 'colcon_meta'
[1.076s] Level 1:colcon.colcon_core.package_identification:_identify(src/Universal_Robots_ROS2_Driver/ur_robot_driver) by extensions ['ros']
[1.076s] Level 1:colcon.colcon_core.package_identification:_identify(src/Universal_Robots_ROS2_Driver/ur_robot_driver) by extension 'ros'
[1.078s] DEBUG:colcon.colcon_core.package_identification:Package 'src/Universal_Robots_ROS2_Driver/ur_robot_driver' with type 'ros.ament_cmake' and name 'ur_robot_driver'
[1.078s] Level 1:colcon.colcon_core.package_discovery:discover_packages(recursive) using defaults
[1.078s] Level 1:colcon.colcon_core.package_discovery:discover_packages(ignore) discover
[1.078s] Level 1:colcon.colcon_core.package_discovery:discover_packages(ignore) using defaults
[1.078s] Level 1:colcon.colcon_core.package_discovery:discover_packages(path) discover
[1.078s] Level 1:colcon.colcon_core.package_discovery:discover_packages(path) using defaults
[1.173s] Level 1:colcon.colcon_core.package_discovery:discover_packages(prefix_path) check parameters
[1.173s] Level 1:colcon.colcon_core.package_discovery:discover_packages(prefix_path) discover
[1.204s] DEBUG:colcon.colcon_installed_package_information.package_discovery:Found 4 installed packages in /home/pedro/workspace/ros_ur_driver/install
[1.219s] DEBUG:colcon.colcon_installed_package_information.package_discovery:Found 1 installed packages in /home/pedro/tfg_ws/install
[1.234s] DEBUG:colcon.colcon_installed_package_information.package_discovery:Found 24 installed packages in /home/pedro/aerostack2_ws/install
[1.250s] DEBUG:colcon.colcon_installed_package_information.package_discovery:Found 285 installed packages in /opt/ros/humble
[1.258s] Level 1:colcon.colcon_core.package_discovery:discover_packages(prefix_path) using defaults
[1.349s] Level 5:colcon.colcon_core.verb:set package 'ur_dashboard_msgs' build argument 'cmake_args' from command line to '['-DCMAKE_BUILD_TYPE=Release']'
[1.349s] Level 5:colcon.colcon_core.verb:set package 'ur_dashboard_msgs' build argument 'cmake_target' from command line to 'None'
[1.349s] Level 5:colcon.colcon_core.verb:set package 'ur_dashboard_msgs' build argument 'cmake_target_skip_unavailable' from command line to 'False'
[1.349s] Level 5:colcon.colcon_core.verb:set package 'ur_dashboard_msgs' build argument 'cmake_clean_cache' from command line to 'False'
[1.350s] Level 5:colcon.colcon_core.verb:set package 'ur_dashboard_msgs' build argument 'cmake_clean_first' from command line to 'False'
[1.350s] Level 5:colcon.colcon_core.verb:set package 'ur_dashboard_msgs' build argument 'cmake_force_configure' from command line to 'False'
[1.350s] Level 5:colcon.colcon_core.verb:set package 'ur_dashboard_msgs' build argument 'ament_cmake_args' from command line to 'None'
[1.350s] Level 5:colcon.colcon_core.verb:set package 'ur_dashboard_msgs' build argument 'catkin_cmake_args' from command line to 'None'
[1.350s] Level 5:colcon.colcon_core.verb:set package 'ur_dashboard_msgs' build argument 'catkin_skip_building_tests' from command line to 'False'
[1.350s] DEBUG:colcon.colcon_core.verb:Building package 'ur_dashboard_msgs' with the following arguments: {'ament_cmake_args': None, 'build_base': '/home/pedro/workspace/ros_ur_driver/build/ur_dashboard_msgs', 'catkin_cmake_args': None, 'catkin_skip_building_tests': False, 'cmake_args': ['-DCMAKE_BUILD_TYPE=Release'], 'cmake_clean_cache': False, 'cmake_clean_first': False, 'cmake_force_configure': False, 'cmake_target': None, 'cmake_target_skip_unavailable': False, 'install_base': '/home/pedro/workspace/ros_ur_driver/install/ur_dashboard_msgs', 'merge_install': False, 'path': '/home/pedro/workspace/ros_ur_driver/src/Universal_Robots_ROS2_Driver/ur_dashboard_msgs', 'symlink_install': False, 'test_result_base': None}
[1.365s] Level 5:colcon.colcon_core.verb:set package 'ur_description' build argument 'cmake_args' from command line to '['-DCMAKE_BUILD_TYPE=Release']'
[1.365s] Level 5:colcon.colcon_core.verb:set package 'ur_description' build argument 'cmake_target' from command line to 'None'
[1.365s] Level 5:colcon.colcon_core.verb:set package 'ur_description' build argument 'cmake_target_skip_unavailable' from command line to 'False'
[1.365s] Level 5:colcon.colcon_core.verb:set package 'ur_description' build argument 'cmake_clean_cache' from command line to 'False'
[1.365s] Level 5:colcon.colcon_core.verb:set package 'ur_description' build argument 'cmake_clean_first' from command line to 'False'
[1.365s] Level 5:colcon.colcon_core.verb:set package 'ur_description' build argument 'cmake_force_configure' from command line to 'False'
[1.365s] Level 5:colcon.colcon_core.verb:set package 'ur_description' build argument 'ament_cmake_args' from command line to 'None'
[1.365s] Level 5:colcon.colcon_core.verb:set package 'ur_description' build argument 'catkin_cmake_args' from command line to 'None'
[1.365s] Level 5:colcon.colcon_core.verb:set package 'ur_description' build argument 'catkin_skip_building_tests' from command line to 'False'
[1.365s] DEBUG:colcon.colcon_core.verb:Building package 'ur_description' with the following arguments: {'ament_cmake_args': None, 'build_base': '/home/pedro/workspace/ros_ur_driver/build/ur_description', 'catkin_cmake_args': None, 'catkin_skip_building_tests': False, 'cmake_args': ['-DCMAKE_BUILD_TYPE=Release'], 'cmake_clean_cache': False, 'cmake_clean_first': False, 'cmake_force_configure': False, 'cmake_target': None, 'cmake_target_skip_unavailable': False, 'install_base': '/home/pedro/workspace/ros_ur_driver/install/ur_description', 'merge_install': False, 'path': '/home/pedro/workspace/ros_ur_driver/src/Universal_Robots_ROS2_Description', 'symlink_install': False, 'test_result_base': None}
[1.380s] Level 5:colcon.colcon_core.verb:set package 'ur_controllers' build argument 'cmake_args' from command line to '['-DCMAKE_BUILD_TYPE=Release']'
[1.380s] Level 5:colcon.colcon_core.verb:set package 'ur_controllers' build argument 'cmake_target' from command line to 'None'
[1.380s] Level 5:colcon.colcon_core.verb:set package 'ur_controllers' build argument 'cmake_target_skip_unavailable' from command line to 'False'
[1.380s] Level 5:colcon.colcon_core.verb:set package 'ur_controllers' build argument 'cmake_clean_cache' from command line to 'False'
[1.380s] Level 5:colcon.colcon_core.verb:set package 'ur_controllers' build argument 'cmake_clean_first' from command line to 'False'
[1.380s] Level 5:colcon.colcon_core.verb:set package 'ur_controllers' build argument 'cmake_force_configure' from command line to 'False'
[1.381s] Level 5:colcon.colcon_core.verb:set package 'ur_controllers' build argument 'ament_cmake_args' from command line to 'None'
[1.381s] Level 5:colcon.colcon_core.verb:set package 'ur_controllers' build argument 'catkin_cmake_args' from command line to 'None'
[1.381s] Level 5:colcon.colcon_core.verb:set package 'ur_controllers' build argument 'catkin_skip_building_tests' from command line to 'False'
[1.381s] DEBUG:colcon.colcon_core.verb:Building package 'ur_controllers' with the following arguments: {'ament_cmake_args': None, 'build_base': '/home/pedro/workspace/ros_ur_driver/build/ur_controllers', 'catkin_cmake_args': None, 'catkin_skip_building_tests': False, 'cmake_args': ['-DCMAKE_BUILD_TYPE=Release'], 'cmake_clean_cache': False, 'cmake_clean_first': False, 'cmake_force_configure': False, 'cmake_target': None, 'cmake_target_skip_unavailable': False, 'install_base': '/home/pedro/workspace/ros_ur_driver/install/ur_controllers', 'merge_install': False, 'path': '/home/pedro/workspace/ros_ur_driver/src/Universal_Robots_ROS2_Driver/ur_controllers', 'symlink_install': False, 'test_result_base': None}
[1.395s] Level 5:colcon.colcon_core.verb:set package 'ur_moveit_config' build argument 'cmake_args' from command line to '['-DCMAKE_BUILD_TYPE=Release']'
[1.395s] Level 5:colcon.colcon_core.verb:set package 'ur_moveit_config' build argument 'cmake_target' from command line to 'None'
[1.395s] Level 5:colcon.colcon_core.verb:set package 'ur_moveit_config' build argument 'cmake_target_skip_unavailable' from command line to 'False'
[1.395s] Level 5:colcon.colcon_core.verb:set package 'ur_moveit_config' build argument 'cmake_clean_cache' from command line to 'False'
[1.395s] Level 5:colcon.colcon_core.verb:set package 'ur_moveit_config' build argument 'cmake_clean_first' from command line to 'False'
[1.395s] Level 5:colcon.colcon_core.verb:set package 'ur_moveit_config' build argument 'cmake_force_configure' from command line to 'False'
[1.395s] Level 5:colcon.colcon_core.verb:set package 'ur_moveit_config' build argument 'ament_cmake_args' from command line to 'None'
[1.396s] Level 5:colcon.colcon_core.verb:set package 'ur_moveit_config' build argument 'catkin_cmake_args' from command line to 'None'
[1.396s] Level 5:colcon.colcon_core.verb:set package 'ur_moveit_config' build argument 'catkin_skip_building_tests' from command line to 'False'
[1.396s] DEBUG:colcon.colcon_core.verb:Building package 'ur_moveit_config' with the following arguments: {'ament_cmake_args': None, 'build_base': '/home/pedro/workspace/ros_ur_driver/build/ur_moveit_config', 'catkin_cmake_args': None, 'catkin_skip_building_tests': False, 'cmake_args': ['-DCMAKE_BUILD_TYPE=Release'], 'cmake_clean_cache': False, 'cmake_clean_first': False, 'cmake_force_configure': False, 'cmake_target': None, 'cmake_target_skip_unavailable': False, 'install_base': '/home/pedro/workspace/ros_ur_driver/install/ur_moveit_config', 'merge_install': False, 'path': '/home/pedro/workspace/ros_ur_driver/src/Universal_Robots_ROS2_Driver/ur_moveit_config', 'symlink_install': False, 'test_result_base': None}
[1.410s] Level 5:colcon.colcon_core.verb:set package 'ur_bringup' build argument 'cmake_args' from command line to '['-DCMAKE_BUILD_TYPE=Release']'
[1.410s] Level 5:colcon.colcon_core.verb:set package 'ur_bringup' build argument 'cmake_target' from command line to 'None'
[1.410s] Level 5:colcon.colcon_core.verb:set package 'ur_bringup' build argument 'cmake_target_skip_unavailable' from command line to 'False'
[1.411s] Level 5:colcon.colcon_core.verb:set package 'ur_bringup' build argument 'cmake_clean_cache' from command line to 'False'
[1.411s] Level 5:colcon.colcon_core.verb:set package 'ur_bringup' build argument 'cmake_clean_first' from command line to 'False'
[1.411s] Level 5:colcon.colcon_core.verb:set package 'ur_bringup' build argument 'cmake_force_configure' from command line to 'False'
[1.411s] Level 5:colcon.colcon_core.verb:set package 'ur_bringup' build argument 'ament_cmake_args' from command line to 'None'
[1.411s] Level 5:colcon.colcon_core.verb:set package 'ur_bringup' build argument 'catkin_cmake_args' from command line to 'None'
[1.411s] Level 5:colcon.colcon_core.verb:set package 'ur_bringup' build argument 'catkin_skip_building_tests' from command line to 'False'
[1.411s] DEBUG:colcon.colcon_core.verb:Building package 'ur_bringup' with the following arguments: {'ament_cmake_args': None, 'build_base': '/home/pedro/workspace/ros_ur_driver/build/ur_bringup', 'catkin_cmake_args': None, 'catkin_skip_building_tests': False, 'cmake_args': ['-DCMAKE_BUILD_TYPE=Release'], 'cmake_clean_cache': False, 'cmake_clean_first': False, 'cmake_force_configure': False, 'cmake_target': None, 'cmake_target_skip_unavailable': False, 'install_base': '/home/pedro/workspace/ros_ur_driver/install/ur_bringup', 'merge_install': False, 'path': '/home/pedro/workspace/ros_ur_driver/src/Universal_Robots_ROS2_Driver/ur_bringup', 'symlink_install': False, 'test_result_base': None}
[1.426s] Level 5:colcon.colcon_core.verb:set package 'ur_robot_driver' build argument 'cmake_args' from command line to '['-DCMAKE_BUILD_TYPE=Release']'
[1.426s] Level 5:colcon.colcon_core.verb:set package 'ur_robot_driver' build argument 'cmake_target' from command line to 'None'
[1.426s] Level 5:colcon.colcon_core.verb:set package 'ur_robot_driver' build argument 'cmake_target_skip_unavailable' from command line to 'False'
[1.426s] Level 5:colcon.colcon_core.verb:set package 'ur_robot_driver' build argument 'cmake_clean_cache' from command line to 'False'
[1.426s] Level 5:colcon.colcon_core.verb:set package 'ur_robot_driver' build argument 'cmake_clean_first' from command line to 'False'
[1.426s] Level 5:colcon.colcon_core.verb:set package 'ur_robot_driver' build argument 'cmake_force_configure' from command line to 'False'
[1.426s] Level 5:colcon.colcon_core.verb:set package 'ur_robot_driver' build argument 'ament_cmake_args' from command line to 'None'
[1.426s] Level 5:colcon.colcon_core.verb:set package 'ur_robot_driver' build argument 'catkin_cmake_args' from command line to 'None'
[1.426s] Level 5:colcon.colcon_core.verb:set package 'ur_robot_driver' build argument 'catkin_skip_building_tests' from command line to 'False'
[1.426s] DEBUG:colcon.colcon_core.verb:Building package 'ur_robot_driver' with the following arguments: {'ament_cmake_args': None, 'build_base': '/home/pedro/workspace/ros_ur_driver/build/ur_robot_driver', 'catkin_cmake_args': None, 'catkin_skip_building_tests': False, 'cmake_args': ['-DCMAKE_BUILD_TYPE=Release'], 'cmake_clean_cache': False, 'cmake_clean_first': False, 'cmake_force_configure': False, 'cmake_target': None, 'cmake_target_skip_unavailable': False, 'install_base': '/home/pedro/workspace/ros_ur_driver/install/ur_robot_driver', 'merge_install': False, 'path': '/home/pedro/workspace/ros_ur_driver/src/Universal_Robots_ROS2_Driver/ur_robot_driver', 'symlink_install': False, 'test_result_base': None}
[1.441s] Level 5:colcon.colcon_core.verb:set package 'ur_calibration' build argument 'cmake_args' from command line to '['-DCMAKE_BUILD_TYPE=Release']'
[1.441s] Level 5:colcon.colcon_core.verb:set package 'ur_calibration' build argument 'cmake_target' from command line to 'None'
[1.441s] Level 5:colcon.colcon_core.verb:set package 'ur_calibration' build argument 'cmake_target_skip_unavailable' from command line to 'False'
[1.441s] Level 5:colcon.colcon_core.verb:set package 'ur_calibration' build argument 'cmake_clean_cache' from command line to 'False'
[1.441s] Level 5:colcon.colcon_core.verb:set package 'ur_calibration' build argument 'cmake_clean_first' from command line to 'False'
[1.441s] Level 5:colcon.colcon_core.verb:set package 'ur_calibration' build argument 'cmake_force_configure' from command line to 'False'
[1.441s] Level 5:colcon.colcon_core.verb:set package 'ur_calibration' build argument 'ament_cmake_args' from command line to 'None'
[1.441s] Level 5:colcon.colcon_core.verb:set package 'ur_calibration' build argument 'catkin_cmake_args' from command line to 'None'
[1.441s] Level 5:colcon.colcon_core.verb:set package 'ur_calibration' build argument 'catkin_skip_building_tests' from command line to 'False'
[1.441s] DEBUG:colcon.colcon_core.verb:Building package 'ur_calibration' with the following arguments: {'ament_cmake_args': None, 'build_base': '/home/pedro/workspace/ros_ur_driver/build/ur_calibration', 'catkin_cmake_args': None, 'catkin_skip_building_tests': False, 'cmake_args': ['-DCMAKE_BUILD_TYPE=Release'], 'cmake_clean_cache': False, 'cmake_clean_first': False, 'cmake_force_configure': False, 'cmake_target': None, 'cmake_target_skip_unavailable': False, 'install_base': '/home/pedro/workspace/ros_ur_driver/install/ur_calibration', 'merge_install': False, 'path': '/home/pedro/workspace/ros_ur_driver/src/Universal_Robots_ROS2_Driver/ur_calibration', 'symlink_install': False, 'test_result_base': None}
[1.455s] Level 5:colcon.colcon_core.verb:set package 'ur' build argument 'cmake_args' from command line to '['-DCMAKE_BUILD_TYPE=Release']'
[1.455s] Level 5:colcon.colcon_core.verb:set package 'ur' build argument 'cmake_target' from command line to 'None'
[1.456s] Level 5:colcon.colcon_core.verb:set package 'ur' build argument 'cmake_target_skip_unavailable' from command line to 'False'
[1.456s] Level 5:colcon.colcon_core.verb:set package 'ur' build argument 'cmake_clean_cache' from command line to 'False'
[1.456s] Level 5:colcon.colcon_core.verb:set package 'ur' build argument 'cmake_clean_first' from command line to 'False'
[1.456s] Level 5:colcon.colcon_core.verb:set package 'ur' build argument 'cmake_force_configure' from command line to 'False'
[1.456s] Level 5:colcon.colcon_core.verb:set package 'ur' build argument 'ament_cmake_args' from command line to 'None'
[1.456s] Level 5:colcon.colcon_core.verb:set package 'ur' build argument 'catkin_cmake_args' from command line to 'None'
[1.456s] Level 5:colcon.colcon_core.verb:set package 'ur' build argument 'catkin_skip_building_tests' from command line to 'False'
[1.456s] DEBUG:colcon.colcon_core.verb:Building package 'ur' with the following arguments: {'ament_cmake_args': None, 'build_base': '/home/pedro/workspace/ros_ur_driver/build/ur', 'catkin_cmake_args': None, 'catkin_skip_building_tests': False, 'cmake_args': ['-DCMAKE_BUILD_TYPE=Release'], 'cmake_clean_cache': False, 'cmake_clean_first': False, 'cmake_force_configure': False, 'cmake_target': None, 'cmake_target_skip_unavailable': False, 'install_base': '/home/pedro/workspace/ros_ur_driver/install/ur', 'merge_install': False, 'path': '/home/pedro/workspace/ros_ur_driver/src/Universal_Robots_ROS2_Driver/ur', 'symlink_install': False, 'test_result_base': None}
[1.470s] INFO:colcon.colcon_core.executor:Executing jobs using 'parallel' executor
[1.486s] DEBUG:colcon.colcon_parallel_executor.executor.parallel:run_until_complete
[1.486s] INFO:colcon.colcon_ros.task.ament_cmake.build:Building ROS package in '/home/pedro/workspace/ros_ur_driver/src/Universal_Robots_ROS2_Driver/ur_dashboard_msgs' with build type 'ament_cmake'
[1.486s] INFO:colcon.colcon_cmake.task.cmake.build:Building CMake package in '/home/pedro/workspace/ros_ur_driver/src/Universal_Robots_ROS2_Driver/ur_dashboard_msgs'
[1.503s] INFO:colcon.colcon_core.plugin_system:Skipping extension 'colcon_core.shell.bat': Not used on non-Windows systems
[1.503s] INFO:colcon.colcon_core.shell:Skip shell extension 'powershell' for command environment: Not usable outside of PowerShell
[1.503s] DEBUG:colcon.colcon_core.shell:Skip shell extension 'dsv' for command environment
[1.580s] INFO:colcon.colcon_ros.task.ament_cmake.build:Building ROS package in '/home/pedro/workspace/ros_ur_driver/src/Universal_Robots_ROS2_Description' with build type 'ament_cmake'
[1.581s] INFO:colcon.colcon_cmake.task.cmake.build:Building CMake package in '/home/pedro/workspace/ros_ur_driver/src/Universal_Robots_ROS2_Description'
[1.597s] INFO:colcon.colcon_core.shell:Skip shell extension 'powershell' for command environment: Not usable outside of PowerShell
[1.597s] DEBUG:colcon.colcon_core.shell:Skip shell extension 'dsv' for command environment
[1.681s] DEBUG:colcon.colcon_core.event_handler.log_command:Invoking command in '/home/pedro/workspace/ros_ur_driver/build/ur_dashboard_msgs': CMAKE_PREFIX_PATH=${CMAKE_PREFIX_PATH}:/home/pedro/aerostack2_ws/install/as2_keyboard_teleoperation:/home/pedro/aerostack2_ws/install/as2_python_api:/opt/ros/humble /usr/bin/cmake --build /home/pedro/workspace/ros_ur_driver/build/ur_dashboard_msgs -- -j12 -l12
[1.684s] DEBUG:colcon.colcon_core.event_handler.log_command:Invoking command in '/home/pedro/workspace/ros_ur_driver/build/ur_description': CMAKE_PREFIX_PATH=${CMAKE_PREFIX_PATH}:/home/pedro/aerostack2_ws/install/as2_keyboard_teleoperation:/home/pedro/aerostack2_ws/install/as2_python_api:/opt/ros/humble /usr/bin/cmake --build /home/pedro/workspace/ros_ur_driver/build/ur_description -- -j12 -l12
[1.719s] DEBUG:colcon.colcon_core.event_handler.log_command:Invoked command in '/home/pedro/workspace/ros_ur_driver/build/ur_description' returned '0': CMAKE_PREFIX_PATH=${CMAKE_PREFIX_PATH}:/home/pedro/aerostack2_ws/install/as2_keyboard_teleoperation:/home/pedro/aerostack2_ws/install/as2_python_api:/opt/ros/humble /usr/bin/cmake --build /home/pedro/workspace/ros_ur_driver/build/ur_description -- -j12 -l12
[1.753s] DEBUG:colcon.colcon_core.event_handler.log_command:Invoking command in '/home/pedro/workspace/ros_ur_driver/build/ur_description': CMAKE_PREFIX_PATH=${CMAKE_PREFIX_PATH}:/home/pedro/aerostack2_ws/install/as2_keyboard_teleoperation:/home/pedro/aerostack2_ws/install/as2_python_api:/opt/ros/humble /usr/bin/cmake --install /home/pedro/workspace/ros_ur_driver/build/ur_description
[1.767s] Level 1:colcon.colcon_core.environment:create_environment_scripts_only(ur_description)
[1.791s] DEBUG:colcon.colcon_core.event_handler.log_command:Invoked command in '/home/pedro/workspace/ros_ur_driver/build/ur_description' returned '0': CMAKE_PREFIX_PATH=${CMAKE_PREFIX_PATH}:/home/pedro/aerostack2_ws/install/as2_keyboard_teleoperation:/home/pedro/aerostack2_ws/install/as2_python_api:/opt/ros/humble /usr/bin/cmake --install /home/pedro/workspace/ros_ur_driver/build/ur_description
[1.819s] Level 1:colcon.colcon_core.environment:checking '/home/pedro/workspace/ros_ur_driver/install/ur_description' for CMake module files
[1.820s] Level 1:colcon.colcon_core.environment:checking '/home/pedro/workspace/ros_ur_driver/install/ur_description' for CMake config files
[1.820s] Level 1:colcon.colcon_core.shell:create_environment_hook('ur_description', 'cmake_prefix_path')
[1.845s] INFO:colcon.colcon_core.shell:Creating environment hook '/home/pedro/workspace/ros_ur_driver/install/ur_description/share/ur_description/hook/cmake_prefix_path.ps1'
[1.846s] INFO:colcon.colcon_core.shell:Creating environment descriptor '/home/pedro/workspace/ros_ur_driver/install/ur_description/share/ur_description/hook/cmake_prefix_path.dsv'
[1.846s] INFO:colcon.colcon_core.shell:Creating environment hook '/home/pedro/workspace/ros_ur_driver/install/ur_description/share/ur_description/hook/cmake_prefix_path.sh'
[1.847s] Level 1:colcon.colcon_core.environment:checking '/home/pedro/workspace/ros_ur_driver/install/ur_description/bin'
[1.847s] Level 1:colcon.colcon_core.environment:checking '/home/pedro/workspace/ros_ur_driver/install/ur_description/lib/pkgconfig/ur_description.pc'
[1.847s] Level 1:colcon.colcon_core.environment:checking '/home/pedro/workspace/ros_ur_driver/install/ur_description/lib/python3.10/site-packages'
[1.848s] Level 1:colcon.colcon_core.environment:checking '/home/pedro/workspace/ros_ur_driver/install/ur_description/bin'
[1.866s] INFO:colcon.colcon_core.shell:Creating package script '/home/pedro/workspace/ros_ur_driver/install/ur_description/share/ur_description/package.ps1'
[1.866s] INFO:colcon.colcon_core.shell:Creating package descriptor '/home/pedro/workspace/ros_ur_driver/install/ur_description/share/ur_description/package.dsv'
[1.867s] INFO:colcon.colcon_core.shell:Creating package script '/home/pedro/workspace/ros_ur_driver/install/ur_description/share/ur_description/package.sh'
[1.868s] INFO:colcon.colcon_core.shell:Creating package script '/home/pedro/workspace/ros_ur_driver/install/ur_description/share/ur_description/package.bash'
[1.868s] INFO:colcon.colcon_core.shell:Creating package script '/home/pedro/workspace/ros_ur_driver/install/ur_description/share/ur_description/package.zsh'
[1.869s] Level 1:colcon.colcon_core.environment:create_file_with_runtime_dependencies(/home/pedro/workspace/ros_ur_driver/install/ur_description/share/colcon-core/packages/ur_description)
[1.908s] Level 1:colcon.colcon_core.environment:create_environment_scripts_only(ur_description)
[1.924s] Level 1:colcon.colcon_core.environment:checking '/home/pedro/workspace/ros_ur_driver/install/ur_description' for CMake module files
[1.925s] Level 1:colcon.colcon_core.environment:checking '/home/pedro/workspace/ros_ur_driver/install/ur_description' for CMake config files
[1.925s] Level 1:colcon.colcon_core.shell:create_environment_hook('ur_description', 'cmake_prefix_path')
[1.940s] INFO:colcon.colcon_core.shell:Creating environment hook '/home/pedro/workspace/ros_ur_driver/install/ur_description/share/ur_description/hook/cmake_prefix_path.ps1'
[1.941s] INFO:colcon.colcon_core.shell:Creating environment descriptor '/home/pedro/workspace/ros_ur_driver/install/ur_description/share/ur_description/hook/cmake_prefix_path.dsv'
[1.941s] INFO:colcon.colcon_core.shell:Creating environment hook '/home/pedro/workspace/ros_ur_driver/install/ur_description/share/ur_description/hook/cmake_prefix_path.sh'
[1.941s] Level 1:colcon.colcon_core.environment:checking '/home/pedro/workspace/ros_ur_driver/install/ur_description/bin'
[1.942s] Level 1:colcon.colcon_core.environment:checking '/home/pedro/workspace/ros_ur_driver/install/ur_description/lib/pkgconfig/ur_description.pc'
[1.942s] Level 1:colcon.colcon_core.environment:checking '/home/pedro/workspace/ros_ur_driver/install/ur_description/lib/python3.10/site-packages'
[1.942s] Level 1:colcon.colcon_core.environment:checking '/home/pedro/workspace/ros_ur_driver/install/ur_description/bin'
[1.957s] INFO:colcon.colcon_core.shell:Creating package script '/home/pedro/workspace/ros_ur_driver/install/ur_description/share/ur_description/package.ps1'
[1.958s] INFO:colcon.colcon_core.shell:Creating package descriptor '/home/pedro/workspace/ros_ur_driver/install/ur_description/share/ur_description/package.dsv'
[1.958s] INFO:colcon.colcon_core.shell:Creating package script '/home/pedro/workspace/ros_ur_driver/install/ur_description/share/ur_description/package.sh'
[1.958s] INFO:colcon.colcon_core.shell:Creating package script '/home/pedro/workspace/ros_ur_driver/install/ur_description/share/ur_description/package.bash'
[1.959s] INFO:colcon.colcon_core.shell:Creating package script '/home/pedro/workspace/ros_ur_driver/install/ur_description/share/ur_description/package.zsh'
[1.959s] Level 1:colcon.colcon_core.environment:create_file_with_runtime_dependencies(/home/pedro/workspace/ros_ur_driver/install/ur_description/share/colcon-core/packages/ur_description)
[1.959s] INFO:colcon.colcon_ros.task.ament_cmake.build:Building ROS package in '/home/pedro/workspace/ros_ur_driver/src/Universal_Robots_ROS2_Driver/ur_moveit_config' with build type 'ament_cmake'
[1.959s] INFO:colcon.colcon_cmake.task.cmake.build:Building CMake package in '/home/pedro/workspace/ros_ur_driver/src/Universal_Robots_ROS2_Driver/ur_moveit_config'
[1.976s] INFO:colcon.colcon_core.shell:Skip shell extension 'powershell' for command environment: Not usable outside of PowerShell
[1.976s] DEBUG:colcon.colcon_core.shell:Skip shell extension 'dsv' for command environment
[2.064s] DEBUG:colcon.colcon_core.event_handler.log_command:Invoking command in '/home/pedro/workspace/ros_ur_driver/build/ur_moveit_config': CMAKE_PREFIX_PATH=/home/pedro/workspace/ros_ur_driver/install/ur_description:/home/pedro/workspace/ros_ur_driver/install/ur_moveit_config:/home/pedro/workspace/ros_ur_driver/install/ur_dashboard_msgs:/home/pedro/tfg_ws/install/tfg_repository:/home/pedro/aerostack2_ws/install/aerostack2:/home/pedro/aerostack2_ws/install/as2_usb_camera_interface:/home/pedro/aerostack2_ws/install/as2_state_estimator:/home/pedro/aerostack2_ws/install/as2_realsense_interface:/home/pedro/aerostack2_ws/install/as2_platform_tello:/home/pedro/aerostack2_ws/install/as2_platform_ign_gazebo:/home/pedro/aerostack2_ws/install/as2_platform_dji_osdk:/home/pedro/aerostack2_ws/install/as2_platform_crazyflie:/home/pedro/aerostack2_ws/install/as2_motion_controller:/home/pedro/aerostack2_ws/install/as2_behaviors_trajectory_generation:/home/pedro/aerostack2_ws/install/as2_behaviors_motion:/home/pedro/aerostack2_ws/install/as2_motion_reference_handlers:/home/pedro/aerostack2_ws/install/as2_ign_gazebo_assets:/home/pedro/aerostack2_ws/install/as2_behaviors_platform:/home/pedro/aerostack2_ws/install/as2_behaviors_perception:/home/pedro/aerostack2_ws/install/as2_behavior_tree:/home/pedro/aerostack2_ws/install/as2_behavior:/home/pedro/aerostack2_ws/install/as2_alphanumeric_viewer:/home/pedro/aerostack2_ws/install/as2_core:/home/pedro/aerostack2_ws/install/as2_msgs:/home/pedro/aerostack2_ws/install/as2_gazebo_classic_assets:/home/pedro/aerostack2_ws/install/as2_cli:/home/pedro/aerostack2_ws/install/as2_keyboard_teleoperation:/home/pedro/aerostack2_ws/install/as2_python_api:/opt/ros/humble /usr/bin/cmake --build /home/pedro/workspace/ros_ur_driver/build/ur_moveit_config -- -j12 -l12
[2.068s] DEBUG:colcon.colcon_core.event_handler.log_command:Invoked command in '/home/pedro/workspace/ros_ur_driver/build/ur_dashboard_msgs' returned '0': CMAKE_PREFIX_PATH=${CMAKE_PREFIX_PATH}:/home/pedro/aerostack2_ws/install/as2_keyboard_teleoperation:/home/pedro/aerostack2_ws/install/as2_python_api:/opt/ros/humble /usr/bin/cmake --build /home/pedro/workspace/ros_ur_driver/build/ur_dashboard_msgs -- -j12 -l12
[2.356s] DEBUG:colcon.colcon_core.event_handler.log_command:Invoking command in '/home/pedro/workspace/ros_ur_driver/build/ur_dashboard_msgs': CMAKE_PREFIX_PATH=${CMAKE_PREFIX_PATH}:/home/pedro/aerostack2_ws/install/as2_keyboard_teleoperation:/home/pedro/aerostack2_ws/install/as2_python_api:/opt/ros/humble /usr/bin/cmake --install /home/pedro/workspace/ros_ur_driver/build/ur_dashboard_msgs
[2.412s] DEBUG:colcon.colcon_core.event_handler.log_command:Invoked command in '/home/pedro/workspace/ros_ur_driver/build/ur_moveit_config' returned '0': CMAKE_PREFIX_PATH=/home/pedro/workspace/ros_ur_driver/install/ur_description:/home/pedro/workspace/ros_ur_driver/install/ur_moveit_config:/home/pedro/workspace/ros_ur_driver/install/ur_dashboard_msgs:/home/pedro/tfg_ws/install/tfg_repository:/home/pedro/aerostack2_ws/install/aerostack2:/home/pedro/aerostack2_ws/install/as2_usb_camera_interface:/home/pedro/aerostack2_ws/install/as2_state_estimator:/home/pedro/aerostack2_ws/install/as2_realsense_interface:/home/pedro/aerostack2_ws/install/as2_platform_tello:/home/pedro/aerostack2_ws/install/as2_platform_ign_gazebo:/home/pedro/aerostack2_ws/install/as2_platform_dji_osdk:/home/pedro/aerostack2_ws/install/as2_platform_crazyflie:/home/pedro/aerostack2_ws/install/as2_motion_controller:/home/pedro/aerostack2_ws/install/as2_behaviors_trajectory_generation:/home/pedro/aerostack2_ws/install/as2_behaviors_motion:/home/pedro/aerostack2_ws/install/as2_motion_reference_handlers:/home/pedro/aerostack2_ws/install/as2_ign_gazebo_assets:/home/pedro/aerostack2_ws/install/as2_behaviors_platform:/home/pedro/aerostack2_ws/install/as2_behaviors_perception:/home/pedro/aerostack2_ws/install/as2_behavior_tree:/home/pedro/aerostack2_ws/install/as2_behavior:/home/pedro/aerostack2_ws/install/as2_alphanumeric_viewer:/home/pedro/aerostack2_ws/install/as2_core:/home/pedro/aerostack2_ws/install/as2_msgs:/home/pedro/aerostack2_ws/install/as2_gazebo_classic_assets:/home/pedro/aerostack2_ws/install/as2_cli:/home/pedro/aerostack2_ws/install/as2_keyboard_teleoperation:/home/pedro/aerostack2_ws/install/as2_python_api:/opt/ros/humble /usr/bin/cmake --build /home/pedro/workspace/ros_ur_driver/build/ur_moveit_config -- -j12 -l12
[2.423s] Level 1:colcon.colcon_core.environment:create_environment_scripts_only(ur_dashboard_msgs)
[2.424s] DEBUG:colcon.colcon_core.event_handler.log_command:Invoked command in '/home/pedro/workspace/ros_ur_driver/build/ur_dashboard_msgs' returned '0': CMAKE_PREFIX_PATH=${CMAKE_PREFIX_PATH}:/home/pedro/aerostack2_ws/install/as2_keyboard_teleoperation:/home/pedro/aerostack2_ws/install/as2_python_api:/opt/ros/humble /usr/bin/cmake --install /home/pedro/workspace/ros_ur_driver/build/ur_dashboard_msgs
[2.441s] Level 1:colcon.colcon_core.environment:checking '/home/pedro/workspace/ros_ur_driver/install/ur_dashboard_msgs' for CMake module files
[2.441s] Level 1:colcon.colcon_core.environment:checking '/home/pedro/workspace/ros_ur_driver/install/ur_dashboard_msgs' for CMake config files
[2.442s] Level 1:colcon.colcon_core.shell:create_environment_hook('ur_dashboard_msgs', 'cmake_prefix_path')
[2.457s] INFO:colcon.colcon_core.shell:Creating environment hook '/home/pedro/workspace/ros_ur_driver/install/ur_dashboard_msgs/share/ur_dashboard_msgs/hook/cmake_prefix_path.ps1'
[2.457s] INFO:colcon.colcon_core.shell:Creating environment descriptor '/home/pedro/workspace/ros_ur_driver/install/ur_dashboard_msgs/share/ur_dashboard_msgs/hook/cmake_prefix_path.dsv'
[2.457s] INFO:colcon.colcon_core.shell:Creating environment hook '/home/pedro/workspace/ros_ur_driver/install/ur_dashboard_msgs/share/ur_dashboard_msgs/hook/cmake_prefix_path.sh'
[2.458s] Level 1:colcon.colcon_core.environment:checking '/home/pedro/workspace/ros_ur_driver/install/ur_dashboard_msgs/lib'
[2.458s] Level 1:colcon.colcon_core.shell:create_environment_hook('ur_dashboard_msgs', 'ld_library_path_lib')
[2.473s] INFO:colcon.colcon_core.shell:Creating environment hook '/home/pedro/workspace/ros_ur_driver/install/ur_dashboard_msgs/share/ur_dashboard_msgs/hook/ld_library_path_lib.ps1'
[2.473s] INFO:colcon.colcon_core.shell:Creating environment descriptor '/home/pedro/workspace/ros_ur_driver/install/ur_dashboard_msgs/share/ur_dashboard_msgs/hook/ld_library_path_lib.dsv'
[2.473s] INFO:colcon.colcon_core.shell:Creating environment hook '/home/pedro/workspace/ros_ur_driver/install/ur_dashboard_msgs/share/ur_dashboard_msgs/hook/ld_library_path_lib.sh'
[2.473s] Level 1:colcon.colcon_core.environment:checking '/home/pedro/workspace/ros_ur_driver/install/ur_dashboard_msgs/bin'
[2.474s] Level 1:colcon.colcon_core.environment:checking '/home/pedro/workspace/ros_ur_driver/install/ur_dashboard_msgs/lib/pkgconfig/ur_dashboard_msgs.pc'
[2.474s] Level 1:colcon.colcon_core.environment:checking '/home/pedro/workspace/ros_ur_driver/install/ur_dashboard_msgs/lib/python3.10/site-packages'
[2.474s] Level 1:colcon.colcon_core.environment:checking '/home/pedro/workspace/ros_ur_driver/install/ur_dashboard_msgs/bin'
[2.489s] INFO:colcon.colcon_core.shell:Creating package script '/home/pedro/workspace/ros_ur_driver/install/ur_dashboard_msgs/share/ur_dashboard_msgs/package.ps1'
[2.489s] INFO:colcon.colcon_core.shell:Creating package descriptor '/home/pedro/workspace/ros_ur_driver/install/ur_dashboard_msgs/share/ur_dashboard_msgs/package.dsv'
[2.490s] INFO:colcon.colcon_core.shell:Creating package script '/home/pedro/workspace/ros_ur_driver/install/ur_dashboard_msgs/share/ur_dashboard_msgs/package.sh'
[2.490s] INFO:colcon.colcon_core.shell:Creating package script '/home/pedro/workspace/ros_ur_driver/install/ur_dashboard_msgs/share/ur_dashboard_msgs/package.bash'
[2.490s] INFO:colcon.colcon_core.shell:Creating package script '/home/pedro/workspace/ros_ur_driver/install/ur_dashboard_msgs/share/ur_dashboard_msgs/package.zsh'
[2.491s] Level 1:colcon.colcon_core.environment:create_file_with_runtime_dependencies(/home/pedro/workspace/ros_ur_driver/install/ur_dashboard_msgs/share/colcon-core/packages/ur_dashboard_msgs)
[2.493s] DEBUG:colcon.colcon_core.event_handler.log_command:Invoking command in '/home/pedro/workspace/ros_ur_driver/build/ur_moveit_config': CMAKE_PREFIX_PATH=/home/pedro/workspace/ros_ur_driver/install/ur_description:/home/pedro/workspace/ros_ur_driver/install/ur_moveit_config:/home/pedro/workspace/ros_ur_driver/install/ur_dashboard_msgs:/home/pedro/tfg_ws/install/tfg_repository:/home/pedro/aerostack2_ws/install/aerostack2:/home/pedro/aerostack2_ws/install/as2_usb_camera_interface:/home/pedro/aerostack2_ws/install/as2_state_estimator:/home/pedro/aerostack2_ws/install/as2_realsense_interface:/home/pedro/aerostack2_ws/install/as2_platform_tello:/home/pedro/aerostack2_ws/install/as2_platform_ign_gazebo:/home/pedro/aerostack2_ws/install/as2_platform_dji_osdk:/home/pedro/aerostack2_ws/install/as2_platform_crazyflie:/home/pedro/aerostack2_ws/install/as2_motion_controller:/home/pedro/aerostack2_ws/install/as2_behaviors_trajectory_generation:/home/pedro/aerostack2_ws/install/as2_behaviors_motion:/home/pedro/aerostack2_ws/install/as2_motion_reference_handlers:/home/pedro/aerostack2_ws/install/as2_ign_gazebo_assets:/home/pedro/aerostack2_ws/install/as2_behaviors_platform:/home/pedro/aerostack2_ws/install/as2_behaviors_perception:/home/pedro/aerostack2_ws/install/as2_behavior_tree:/home/pedro/aerostack2_ws/install/as2_behavior:/home/pedro/aerostack2_ws/install/as2_alphanumeric_viewer:/home/pedro/aerostack2_ws/install/as2_core:/home/pedro/aerostack2_ws/install/as2_msgs:/home/pedro/aerostack2_ws/install/as2_gazebo_classic_assets:/home/pedro/aerostack2_ws/install/as2_cli:/home/pedro/aerostack2_ws/install/as2_keyboard_teleoperation:/home/pedro/aerostack2_ws/install/as2_python_api:/opt/ros/humble /usr/bin/cmake --install /home/pedro/workspace/ros_ur_driver/build/ur_moveit_config
[2.583s] Level 1:colcon.colcon_core.environment:create_environment_scripts_only(ur_moveit_config)
[2.584s] DEBUG:colcon.colcon_core.event_handler.log_command:Invoked command in '/home/pedro/workspace/ros_ur_driver/build/ur_moveit_config' returned '0': CMAKE_PREFIX_PATH=/home/pedro/workspace/ros_ur_driver/install/ur_description:/home/pedro/workspace/ros_ur_driver/install/ur_moveit_config:/home/pedro/workspace/ros_ur_driver/install/ur_dashboard_msgs:/home/pedro/tfg_ws/install/tfg_repository:/home/pedro/aerostack2_ws/install/aerostack2:/home/pedro/aerostack2_ws/install/as2_usb_camera_interface:/home/pedro/aerostack2_ws/install/as2_state_estimator:/home/pedro/aerostack2_ws/install/as2_realsense_interface:/home/pedro/aerostack2_ws/install/as2_platform_tello:/home/pedro/aerostack2_ws/install/as2_platform_ign_gazebo:/home/pedro/aerostack2_ws/install/as2_platform_dji_osdk:/home/pedro/aerostack2_ws/install/as2_platform_crazyflie:/home/pedro/aerostack2_ws/install/as2_motion_controller:/home/pedro/aerostack2_ws/install/as2_behaviors_trajectory_generation:/home/pedro/aerostack2_ws/install/as2_behaviors_motion:/home/pedro/aerostack2_ws/install/as2_motion_reference_handlers:/home/pedro/aerostack2_ws/install/as2_ign_gazebo_assets:/home/pedro/aerostack2_ws/install/as2_behaviors_platform:/home/pedro/aerostack2_ws/install/as2_behaviors_perception:/home/pedro/aerostack2_ws/install/as2_behavior_tree:/home/pedro/aerostack2_ws/install/as2_behavior:/home/pedro/aerostack2_ws/install/as2_alphanumeric_viewer:/home/pedro/aerostack2_ws/install/as2_core:/home/pedro/aerostack2_ws/install/as2_msgs:/home/pedro/aerostack2_ws/install/as2_gazebo_classic_assets:/home/pedro/aerostack2_ws/install/as2_cli:/home/pedro/aerostack2_ws/install/as2_keyboard_teleoperation:/home/pedro/aerostack2_ws/install/as2_python_api:/opt/ros/humble /usr/bin/cmake --install /home/pedro/workspace/ros_ur_driver/build/ur_moveit_config
[2.602s] Level 1:colcon.colcon_core.environment:checking '/home/pedro/workspace/ros_ur_driver/install/ur_moveit_config' for CMake module files
[2.602s] Level 1:colcon.colcon_core.environment:checking '/home/pedro/workspace/ros_ur_driver/install/ur_moveit_config' for CMake config files
[2.602s] Level 1:colcon.colcon_core.shell:create_environment_hook('ur_moveit_config', 'cmake_prefix_path')
[2.619s] INFO:colcon.colcon_core.shell:Creating environment hook '/home/pedro/workspace/ros_ur_driver/install/ur_moveit_config/share/ur_moveit_config/hook/cmake_prefix_path.ps1'
[2.619s] INFO:colcon.colcon_core.shell:Creating environment descriptor '/home/pedro/workspace/ros_ur_driver/install/ur_moveit_config/share/ur_moveit_config/hook/cmake_prefix_path.dsv'
[2.619s] INFO:colcon.colcon_core.shell:Creating environment hook '/home/pedro/workspace/ros_ur_driver/install/ur_moveit_config/share/ur_moveit_config/hook/cmake_prefix_path.sh'
[2.620s] Level 1:colcon.colcon_core.environment:checking '/home/pedro/workspace/ros_ur_driver/install/ur_moveit_config/bin'
[2.620s] Level 1:colcon.colcon_core.environment:checking '/home/pedro/workspace/ros_ur_driver/install/ur_moveit_config/lib/pkgconfig/ur_moveit_config.pc'
[2.620s] Level 1:colcon.colcon_core.environment:checking '/home/pedro/workspace/ros_ur_driver/install/ur_moveit_config/lib/python3.10/site-packages'
[2.620s] Level 1:colcon.colcon_core.environment:checking '/home/pedro/workspace/ros_ur_driver/install/ur_moveit_config/bin'
[2.637s] INFO:colcon.colcon_core.shell:Creating package script '/home/pedro/workspace/ros_ur_driver/install/ur_moveit_config/share/ur_moveit_config/package.ps1'
[2.637s] INFO:colcon.colcon_core.shell:Creating package descriptor '/home/pedro/workspace/ros_ur_driver/install/ur_moveit_config/share/ur_moveit_config/package.dsv'
[2.637s] INFO:colcon.colcon_core.shell:Creating package script '/home/pedro/workspace/ros_ur_driver/install/ur_moveit_config/share/ur_moveit_config/package.sh'
[2.638s] INFO:colcon.colcon_core.shell:Creating package script '/home/pedro/workspace/ros_ur_driver/install/ur_moveit_config/share/ur_moveit_config/package.bash'
[2.638s] INFO:colcon.colcon_core.shell:Creating package script '/home/pedro/workspace/ros_ur_driver/install/ur_moveit_config/share/ur_moveit_config/package.zsh'
[2.638s] Level 1:colcon.colcon_core.environment:create_file_with_runtime_dependencies(/home/pedro/workspace/ros_ur_driver/install/ur_moveit_config/share/colcon-core/packages/ur_moveit_config)
[2.677s] Level 1:colcon.colcon_core.environment:create_environment_scripts_only(ur_moveit_config)
[2.693s] Level 1:colcon.colcon_core.environment:checking '/home/pedro/workspace/ros_ur_driver/install/ur_moveit_config' for CMake module files
[2.694s] Level 1:colcon.colcon_core.environment:checking '/home/pedro/workspace/ros_ur_driver/install/ur_moveit_config' for CMake config files
[2.694s] Level 1:colcon.colcon_core.shell:create_environment_hook('ur_moveit_config', 'cmake_prefix_path')
[2.712s] INFO:colcon.colcon_core.shell:Creating environment hook '/home/pedro/workspace/ros_ur_driver/install/ur_moveit_config/share/ur_moveit_config/hook/cmake_prefix_path.ps1'
[2.713s] INFO:colcon.colcon_core.shell:Creating environment descriptor '/home/pedro/workspace/ros_ur_driver/install/ur_moveit_config/share/ur_moveit_config/hook/cmake_prefix_path.dsv'
[2.713s] INFO:colcon.colcon_core.shell:Creating environment hook '/home/pedro/workspace/ros_ur_driver/install/ur_moveit_config/share/ur_moveit_config/hook/cmake_prefix_path.sh'
[2.714s] Level 1:colcon.colcon_core.environment:checking '/home/pedro/workspace/ros_ur_driver/install/ur_moveit_config/bin'
[2.714s] Level 1:colcon.colcon_core.environment:checking '/home/pedro/workspace/ros_ur_driver/install/ur_moveit_config/lib/pkgconfig/ur_moveit_config.pc'
[2.714s] Level 1:colcon.colcon_core.environment:checking '/home/pedro/workspace/ros_ur_driver/install/ur_moveit_config/lib/python3.10/site-packages'
[2.714s] Level 1:colcon.colcon_core.environment:checking '/home/pedro/workspace/ros_ur_driver/install/ur_moveit_config/bin'
[2.731s] INFO:colcon.colcon_core.shell:Creating package script '/home/pedro/workspace/ros_ur_driver/install/ur_moveit_config/share/ur_moveit_config/package.ps1'
[2.732s] INFO:colcon.colcon_core.shell:Creating package descriptor '/home/pedro/workspace/ros_ur_driver/install/ur_moveit_config/share/ur_moveit_config/package.dsv'
[2.732s] INFO:colcon.colcon_core.shell:Creating package script '/home/pedro/workspace/ros_ur_driver/install/ur_moveit_config/share/ur_moveit_config/package.sh'
[2.733s] INFO:colcon.colcon_core.shell:Creating package script '/home/pedro/workspace/ros_ur_driver/install/ur_moveit_config/share/ur_moveit_config/package.bash'
[2.733s] INFO:colcon.colcon_core.shell:Creating package script '/home/pedro/workspace/ros_ur_driver/install/ur_moveit_config/share/ur_moveit_config/package.zsh'
[2.734s] Level 1:colcon.colcon_core.environment:create_file_with_runtime_dependencies(/home/pedro/workspace/ros_ur_driver/install/ur_moveit_config/share/colcon-core/packages/ur_moveit_config)
[2.796s] Level 1:colcon.colcon_core.environment:create_environment_scripts_only(ur_dashboard_msgs)
[2.812s] Level 1:colcon.colcon_core.environment:checking '/home/pedro/workspace/ros_ur_driver/install/ur_dashboard_msgs' for CMake module files
[2.812s] Level 1:colcon.colcon_core.environment:checking '/home/pedro/workspace/ros_ur_driver/install/ur_dashboard_msgs' for CMake config files
[2.813s] Level 1:colcon.colcon_core.shell:create_environment_hook('ur_dashboard_msgs', 'cmake_prefix_path')
[2.828s] INFO:colcon.colcon_core.shell:Creating environment hook '/home/pedro/workspace/ros_ur_driver/install/ur_dashboard_msgs/share/ur_dashboard_msgs/hook/cmake_prefix_path.ps1'
[2.828s] INFO:colcon.colcon_core.shell:Creating environment descriptor '/home/pedro/workspace/ros_ur_driver/install/ur_dashboard_msgs/share/ur_dashboard_msgs/hook/cmake_prefix_path.dsv'
[2.828s] INFO:colcon.colcon_core.shell:Creating environment hook '/home/pedro/workspace/ros_ur_driver/install/ur_dashboard_msgs/share/ur_dashboard_msgs/hook/cmake_prefix_path.sh'
[2.829s] Level 1:colcon.colcon_core.environment:checking '/home/pedro/workspace/ros_ur_driver/install/ur_dashboard_msgs/lib'
[2.829s] Level 1:colcon.colcon_core.shell:create_environment_hook('ur_dashboard_msgs', 'ld_library_path_lib')
[2.843s] INFO:colcon.colcon_core.shell:Creating environment hook '/home/pedro/workspace/ros_ur_driver/install/ur_dashboard_msgs/share/ur_dashboard_msgs/hook/ld_library_path_lib.ps1'
[2.844s] INFO:colcon.colcon_core.shell:Creating environment descriptor '/home/pedro/workspace/ros_ur_driver/install/ur_dashboard_msgs/share/ur_dashboard_msgs/hook/ld_library_path_lib.dsv'
[2.844s] INFO:colcon.colcon_core.shell:Creating environment hook '/home/pedro/workspace/ros_ur_driver/install/ur_dashboard_msgs/share/ur_dashboard_msgs/hook/ld_library_path_lib.sh'
[2.844s] Level 1:colcon.colcon_core.environment:checking '/home/pedro/workspace/ros_ur_driver/install/ur_dashboard_msgs/bin'
[2.844s] Level 1:colcon.colcon_core.environment:checking '/home/pedro/workspace/ros_ur_driver/install/ur_dashboard_msgs/lib/pkgconfig/ur_dashboard_msgs.pc'
[2.845s] Level 1:colcon.colcon_core.environment:checking '/home/pedro/workspace/ros_ur_driver/install/ur_dashboard_msgs/lib/python3.10/site-packages'
[2.845s] Level 1:colcon.colcon_core.environment:checking '/home/pedro/workspace/ros_ur_driver/install/ur_dashboard_msgs/bin'
[2.859s] INFO:colcon.colcon_core.shell:Creating package script '/home/pedro/workspace/ros_ur_driver/install/ur_dashboard_msgs/share/ur_dashboard_msgs/package.ps1'
[2.860s] INFO:colcon.colcon_core.shell:Creating package descriptor '/home/pedro/workspace/ros_ur_driver/install/ur_dashboard_msgs/share/ur_dashboard_msgs/package.dsv'
[2.860s] INFO:colcon.colcon_core.shell:Creating package script '/home/pedro/workspace/ros_ur_driver/install/ur_dashboard_msgs/share/ur_dashboard_msgs/package.sh'
[2.861s] INFO:colcon.colcon_core.shell:Creating package script '/home/pedro/workspace/ros_ur_driver/install/ur_dashboard_msgs/share/ur_dashboard_msgs/package.bash'
[2.861s] INFO:colcon.colcon_core.shell:Creating package script '/home/pedro/workspace/ros_ur_driver/install/ur_dashboard_msgs/share/ur_dashboard_msgs/package.zsh'
[2.861s] Level 1:colcon.colcon_core.environment:create_file_with_runtime_dependencies(/home/pedro/workspace/ros_ur_driver/install/ur_dashboard_msgs/share/colcon-core/packages/ur_dashboard_msgs)
[2.861s] INFO:colcon.colcon_ros.task.ament_cmake.build:Building ROS package in '/home/pedro/workspace/ros_ur_driver/src/Universal_Robots_ROS2_Driver/ur_controllers' with build type 'ament_cmake'
[2.862s] INFO:colcon.colcon_cmake.task.cmake.build:Building CMake package in '/home/pedro/workspace/ros_ur_driver/src/Universal_Robots_ROS2_Driver/ur_controllers'
[2.885s] INFO:colcon.colcon_core.shell:Skip shell extension 'powershell' for command environment: Not usable outside of PowerShell
[2.885s] DEBUG:colcon.colcon_core.shell:Skip shell extension 'dsv' for command environment
[2.968s] DEBUG:colcon.colcon_core.event_handler.log_command:Invoking command in '/home/pedro/workspace/ros_ur_driver/build/ur_controllers': CMAKE_PREFIX_PATH=/home/pedro/workspace/ros_ur_driver/install/ur_dashboard_msgs:/home/pedro/workspace/ros_ur_driver/install/ur_moveit_config:/home/pedro/workspace/ros_ur_driver/install/ur_description:/home/pedro/tfg_ws/install/tfg_repository:/home/pedro/aerostack2_ws/install/aerostack2:/home/pedro/aerostack2_ws/install/as2_usb_camera_interface:/home/pedro/aerostack2_ws/install/as2_state_estimator:/home/pedro/aerostack2_ws/install/as2_realsense_interface:/home/pedro/aerostack2_ws/install/as2_platform_tello:/home/pedro/aerostack2_ws/install/as2_platform_ign_gazebo:/home/pedro/aerostack2_ws/install/as2_platform_dji_osdk:/home/pedro/aerostack2_ws/install/as2_platform_crazyflie:/home/pedro/aerostack2_ws/install/as2_motion_controller:/home/pedro/aerostack2_ws/install/as2_behaviors_trajectory_generation:/home/pedro/aerostack2_ws/install/as2_behaviors_motion:/home/pedro/aerostack2_ws/install/as2_motion_reference_handlers:/home/pedro/aerostack2_ws/install/as2_ign_gazebo_assets:/home/pedro/aerostack2_ws/install/as2_behaviors_platform:/home/pedro/aerostack2_ws/install/as2_behaviors_perception:/home/pedro/aerostack2_ws/install/as2_behavior_tree:/home/pedro/aerostack2_ws/install/as2_behavior:/home/pedro/aerostack2_ws/install/as2_alphanumeric_viewer:/home/pedro/aerostack2_ws/install/as2_core:/home/pedro/aerostack2_ws/install/as2_msgs:/home/pedro/aerostack2_ws/install/as2_gazebo_classic_assets:/home/pedro/aerostack2_ws/install/as2_cli:/home/pedro/aerostack2_ws/install/as2_keyboard_teleoperation:/home/pedro/aerostack2_ws/install/as2_python_api:/opt/ros/humble /usr/bin/cmake /home/pedro/workspace/ros_ur_driver/src/Universal_Robots_ROS2_Driver/ur_controllers -DCMAKE_BUILD_TYPE=Release -DCMAKE_INSTALL_PREFIX=/home/pedro/workspace/ros_ur_driver/install/ur_controllers
[3.127s] DEBUG:colcon.colcon_core.event_handler.log_command:Invoked command in '/home/pedro/workspace/ros_ur_driver/build/ur_controllers' returned '1': CMAKE_PREFIX_PATH=/home/pedro/workspace/ros_ur_driver/install/ur_dashboard_msgs:/home/pedro/workspace/ros_ur_driver/install/ur_moveit_config:/home/pedro/workspace/ros_ur_driver/install/ur_description:/home/pedro/tfg_ws/install/tfg_repository:/home/pedro/aerostack2_ws/install/aerostack2:/home/pedro/aerostack2_ws/install/as2_usb_camera_interface:/home/pedro/aerostack2_ws/install/as2_state_estimator:/home/pedro/aerostack2_ws/install/as2_realsense_interface:/home/pedro/aerostack2_ws/install/as2_platform_tello:/home/pedro/aerostack2_ws/install/as2_platform_ign_gazebo:/home/pedro/aerostack2_ws/install/as2_platform_dji_osdk:/home/pedro/aerostack2_ws/install/as2_platform_crazyflie:/home/pedro/aerostack2_ws/install/as2_motion_controller:/home/pedro/aerostack2_ws/install/as2_behaviors_trajectory_generation:/home/pedro/aerostack2_ws/install/as2_behaviors_motion:/home/pedro/aerostack2_ws/install/as2_motion_reference_handlers:/home/pedro/aerostack2_ws/install/as2_ign_gazebo_assets:/home/pedro/aerostack2_ws/install/as2_behaviors_platform:/home/pedro/aerostack2_ws/install/as2_behaviors_perception:/home/pedro/aerostack2_ws/install/as2_behavior_tree:/home/pedro/aerostack2_ws/install/as2_behavior:/home/pedro/aerostack2_ws/install/as2_alphanumeric_viewer:/home/pedro/aerostack2_ws/install/as2_core:/home/pedro/aerostack2_ws/install/as2_msgs:/home/pedro/aerostack2_ws/install/as2_gazebo_classic_assets:/home/pedro/aerostack2_ws/install/as2_cli:/home/pedro/aerostack2_ws/install/as2_keyboard_teleoperation:/home/pedro/aerostack2_ws/install/as2_python_api:/opt/ros/humble /usr/bin/cmake /home/pedro/workspace/ros_ur_driver/src/Universal_Robots_ROS2_Driver/ur_controllers -DCMAKE_BUILD_TYPE=Release -DCMAKE_INSTALL_PREFIX=/home/pedro/workspace/ros_ur_driver/install/ur_controllers
[3.136s] Level 1:colcon.colcon_core.environment:create_environment_scripts_only(ur_controllers)
[3.152s] Level 1:colcon.colcon_core.environment:checking '/home/pedro/workspace/ros_ur_driver/install/ur_controllers' for CMake module files
[3.152s] Level 1:colcon.colcon_core.environment:checking '/home/pedro/workspace/ros_ur_driver/install/ur_controllers' for CMake config files
[3.152s] Level 1:colcon.colcon_core.environment:checking '/home/pedro/workspace/ros_ur_driver/install/ur_controllers/bin'
[3.153s] Level 1:colcon.colcon_core.environment:checking '/home/pedro/workspace/ros_ur_driver/install/ur_controllers/lib/pkgconfig/ur_controllers.pc'
[3.153s] Level 1:colcon.colcon_core.environment:checking '/home/pedro/workspace/ros_ur_driver/install/ur_controllers/lib/python3.10/site-packages'
[3.153s] Level 1:colcon.colcon_core.environment:checking '/home/pedro/workspace/ros_ur_driver/install/ur_controllers/bin'
[3.168s] INFO:colcon.colcon_core.shell:Creating package script '/home/pedro/workspace/ros_ur_driver/install/ur_controllers/share/ur_controllers/package.ps1'
[3.168s] INFO:colcon.colcon_core.shell:Creating package descriptor '/home/pedro/workspace/ros_ur_driver/install/ur_controllers/share/ur_controllers/package.dsv'
[3.168s] INFO:colcon.colcon_core.shell:Creating package script '/home/pedro/workspace/ros_ur_driver/install/ur_controllers/share/ur_controllers/package.sh'
[3.169s] INFO:colcon.colcon_core.shell:Creating package script '/home/pedro/workspace/ros_ur_driver/install/ur_controllers/share/ur_controllers/package.bash'
[3.169s] INFO:colcon.colcon_core.shell:Creating package script '/home/pedro/workspace/ros_ur_driver/install/ur_controllers/share/ur_controllers/package.zsh'
[3.169s] Level 1:colcon.colcon_core.environment:create_file_with_runtime_dependencies(/home/pedro/workspace/ros_ur_driver/install/ur_controllers/share/colcon-core/packages/ur_controllers)
[3.170s] DEBUG:colcon.colcon_parallel_executor.executor.parallel:closing loop
[3.170s] DEBUG:colcon.colcon_parallel_executor.executor.parallel:loop closed
[3.170s] DEBUG:colcon.colcon_parallel_executor.executor.parallel:run_until_complete finished with '1'
[3.170s] DEBUG:colcon.colcon_core.event_reactor:joining thread
[3.190s] INFO:colcon.colcon_core.plugin_system:Skipping extension 'colcon_notification.desktop_notification.terminal_notifier': Not used on non-Darwin systems
[3.190s] INFO:colcon.colcon_core.plugin_system:Skipping extension 'colcon_notification.desktop_notification.win32': Not used on non-Windows systems
[3.190s] INFO:colcon.colcon_notification.desktop_notification:Sending desktop notification using 'notify2'
[3.200s] DEBUG:colcon.colcon_core.event_reactor:joined thread
[3.215s] INFO:colcon.colcon_core.shell:Creating prefix script '/home/pedro/workspace/ros_ur_driver/install/local_setup.ps1'
[3.216s] INFO:colcon.colcon_core.shell:Creating prefix util module '/home/pedro/workspace/ros_ur_driver/install/_local_setup_util_ps1.py'
[3.217s] INFO:colcon.colcon_core.shell:Creating prefix chain script '/home/pedro/workspace/ros_ur_driver/install/setup.ps1'
[3.234s] INFO:colcon.colcon_core.shell:Creating prefix script '/home/pedro/workspace/ros_ur_driver/install/local_setup.sh'
[3.234s] INFO:colcon.colcon_core.shell:Creating prefix util module '/home/pedro/workspace/ros_ur_driver/install/_local_setup_util_sh.py'
[3.235s] INFO:colcon.colcon_core.shell:Creating prefix chain script '/home/pedro/workspace/ros_ur_driver/install/setup.sh'
[3.251s] INFO:colcon.colcon_core.shell:Creating prefix script '/home/pedro/workspace/ros_ur_driver/install/local_setup.bash'
[3.252s] INFO:colcon.colcon_core.shell:Creating prefix chain script '/home/pedro/workspace/ros_ur_driver/install/setup.bash'
[3.268s] INFO:colcon.colcon_core.shell:Creating prefix script '/home/pedro/workspace/ros_ur_driver/install/local_setup.zsh'
[3.269s] INFO:colcon.colcon_core.shell:Creating prefix chain script '/home/pedro/workspace/ros_ur_driver/install/setup.zsh'
