[2.118s] Invoking command in '/home/alvaro/workspace/ros_ur_driver/src/Universal_Robots_ROS2_Driver/py_srvcli': PYTHONPATH=/home/alvaro/workspace/ros_ur_driver/build/py_srvcli/prefix_override:/home/alvaro/workspace/ros_ur_driver/install/py_srvcli/lib/python3.8/site-packages:${PYTHONPATH} /usr/bin/python3 setup.py egg_info --egg-base ../../../build/py_srvcli build --build-base /home/alvaro/workspace/ros_ur_driver/build/py_srvcli/build install --record /home/alvaro/workspace/ros_ur_driver/build/py_srvcli/install.log --install-scripts $base/lib/py_srvcli --single-version-externally-managed
[2.433s] running egg_info
[2.434s] writing ../../../build/py_srvcli/py_srvcli.egg-info/PKG-INFO
[2.434s] writing dependency_links to ../../../build/py_srvcli/py_srvcli.egg-info/dependency_links.txt
[2.434s] writing entry points to ../../../build/py_srvcli/py_srvcli.egg-info/entry_points.txt
[2.435s] writing requirements to ../../../build/py_srvcli/py_srvcli.egg-info/requires.txt
[2.435s] writing top-level names to ../../../build/py_srvcli/py_srvcli.egg-info/top_level.txt
[2.480s] reading manifest file '../../../build/py_srvcli/py_srvcli.egg-info/SOURCES.txt'
[2.481s] writing manifest file '../../../build/py_srvcli/py_srvcli.egg-info/SOURCES.txt'
[2.482s] running build
[2.482s] running build_py
[2.483s] running install
[2.483s] running install_lib
[2.484s] running install_data
[2.484s] running install_egg_info
[2.487s] removing '/home/alvaro/workspace/ros_ur_driver/install/py_srvcli/lib/python3.8/site-packages/py_srvcli-0.0.0-py3.8.egg-info' (and everything under it)
[2.488s] Copying ../../../build/py_srvcli/py_srvcli.egg-info to /home/alvaro/workspace/ros_ur_driver/install/py_srvcli/lib/python3.8/site-packages/py_srvcli-0.0.0-py3.8.egg-info
[2.489s] running install_scripts
[2.508s] Installing client script to /home/alvaro/workspace/ros_ur_driver/install/py_srvcli/lib/py_srvcli
[2.508s] Installing prueba script to /home/alvaro/workspace/ros_ur_driver/install/py_srvcli/lib/py_srvcli
[2.508s] Installing service script to /home/alvaro/workspace/ros_ur_driver/install/py_srvcli/lib/py_srvcli
[2.509s] writing list of installed files to '/home/alvaro/workspace/ros_ur_driver/build/py_srvcli/install.log'
[2.540s] Invoked command in '/home/alvaro/workspace/ros_ur_driver/src/Universal_Robots_ROS2_Driver/py_srvcli' returned '0': PYTHONPATH=/home/alvaro/workspace/ros_ur_driver/build/py_srvcli/prefix_override:/home/alvaro/workspace/ros_ur_driver/install/py_srvcli/lib/python3.8/site-packages:${PYTHONPATH} /usr/bin/python3 setup.py egg_info --egg-base ../../../build/py_srvcli build --build-base /home/alvaro/workspace/ros_ur_driver/build/py_srvcli/build install --record /home/alvaro/workspace/ros_ur_driver/build/py_srvcli/install.log --install-scripts $base/lib/py_srvcli --single-version-externally-managed
