[4.133s] DEBUG:colcon:Command line arguments: ['/usr/bin/colcon', 'build']
[4.133s] DEBUG:colcon:Parsed command line arguments: Namespace(allow_overriding=[], ament_cmake_args=None, base_paths=['.'], build_base='build', catkin_cmake_args=None, catkin_skip_building_tests=False, cmake_args=None, cmake_clean_cache=False, cmake_clean_first=False, cmake_force_configure=False, cmake_target=None, cmake_target_skip_unavailable=False, continue_on_error=False, event_handlers=None, executor='parallel', ignore_user_meta=False, install_base='install', log_base=None, log_level=None, main=<bound method BuildVerb.main of <colcon_core.verb.build.BuildVerb object at 0x7f350f6aa850>>, merge_install=False, metas=['./colcon.meta'], mixin=None, mixin_files=None, mixin_verb=('build',), packages_above=None, packages_above_and_dependencies=None, packages_above_depth=None, packages_end=None, packages_ignore=None, packages_ignore_regex=None, packages_select=None, packages_select_build_failed=False, packages_select_by_dep=None, packages_select_regex=None, packages_select_test_failures=False, packages_skip=None, packages_skip_build_finished=False, packages_skip_by_dep=None, packages_skip_regex=None, packages_skip_test_passed=False, packages_skip_up_to=None, packages_start=None, packages_up_to=None, packages_up_to_regex=None, parallel_workers=12, paths=None, symlink_install=False, test_result_base=None, verb_extension=<colcon_core.verb.build.BuildVerb object at 0x7f350f6aa850>, verb_name='build', verb_parser=<colcon_mixin.mixin.mixin_argument.MixinArgumentDecorator object at 0x7f350e9ea520>)
[4.264s] Level 1:colcon.colcon_core.package_discovery:discover_packages(colcon_meta) check parameters
[4.264s] Level 1:colcon.colcon_core.package_discovery:discover_packages(recursive) check parameters
[4.264s] Level 1:colcon.colcon_core.package_discovery:discover_packages(ignore) check parameters
[4.264s] Level 1:colcon.colcon_core.package_discovery:discover_packages(path) check parameters
[4.264s] Level 1:colcon.colcon_core.package_discovery:discover_packages(colcon_meta) discover
[4.264s] Level 1:colcon.colcon_core.package_discovery:discover_packages(recursive) discover
[4.264s] INFO:colcon.colcon_core.package_discovery:Crawling recursively for packages in '/home/alvaro/workspace/ros_ur_driver'
[4.264s] Level 1:colcon.colcon_core.package_identification:_identify(.) by extensions ['ignore', 'ignore_ament_install']
[4.264s] Level 1:colcon.colcon_core.package_identification:_identify(.) by extension 'ignore'
[4.264s] Level 1:colcon.colcon_core.package_identification:_identify(.) by extension 'ignore_ament_install'
[4.264s] Level 1:colcon.colcon_core.package_identification:_identify(.) by extensions ['colcon_pkg']
[4.264s] Level 1:colcon.colcon_core.package_identification:_identify(.) by extension 'colcon_pkg'
[4.264s] Level 1:colcon.colcon_core.package_identification:_identify(.) by extensions ['colcon_meta']
[4.264s] Level 1:colcon.colcon_core.package_identification:_identify(.) by extension 'colcon_meta'
[4.264s] Level 1:colcon.colcon_core.package_identification:_identify(.) by extensions ['ros']
[4.265s] Level 1:colcon.colcon_core.package_identification:_identify(.) by extension 'ros'
[4.278s] Level 1:colcon.colcon_core.package_identification:_identify(.) by extensions ['cmake', 'python']
[4.278s] Level 1:colcon.colcon_core.package_identification:_identify(.) by extension 'cmake'
[4.278s] Level 1:colcon.colcon_core.package_identification:_identify(.) by extension 'python'
[4.279s] Level 1:colcon.colcon_core.package_identification:_identify(.) by extensions ['python_setup_py']
[4.279s] Level 1:colcon.colcon_core.package_identification:_identify(.) by extension 'python_setup_py'
[4.279s] Level 1:colcon.colcon_core.package_identification:_identify(build) by extensions ['ignore', 'ignore_ament_install']
[4.279s] Level 1:colcon.colcon_core.package_identification:_identify(build) by extension 'ignore'
[4.279s] Level 1:colcon.colcon_core.package_identification:_identify(build) ignored
[4.279s] Level 1:colcon.colcon_core.package_identification:_identify(install) by extensions ['ignore', 'ignore_ament_install']
[4.279s] Level 1:colcon.colcon_core.package_identification:_identify(install) by extension 'ignore'
[4.279s] Level 1:colcon.colcon_core.package_identification:_identify(install) ignored
[4.279s] Level 1:colcon.colcon_core.package_identification:_identify(log) by extensions ['ignore', 'ignore_ament_install']
[4.279s] Level 1:colcon.colcon_core.package_identification:_identify(log) by extension 'ignore'
[4.279s] Level 1:colcon.colcon_core.package_identification:_identify(log) ignored
[4.280s] Level 1:colcon.colcon_core.package_identification:_identify(src) by extensions ['ignore', 'ignore_ament_install']
[4.280s] Level 1:colcon.colcon_core.package_identification:_identify(src) by extension 'ignore'
[4.280s] Level 1:colcon.colcon_core.package_identification:_identify(src) by extension 'ignore_ament_install'
[4.280s] Level 1:colcon.colcon_core.package_identification:_identify(src) by extensions ['colcon_pkg']
[4.280s] Level 1:colcon.colcon_core.package_identification:_identify(src) by extension 'colcon_pkg'
[4.280s] Level 1:colcon.colcon_core.package_identification:_identify(src) by extensions ['colcon_meta']
[4.280s] Level 1:colcon.colcon_core.package_identification:_identify(src) by extension 'colcon_meta'
[4.280s] Level 1:colcon.colcon_core.package_identification:_identify(src) by extensions ['ros']
[4.280s] Level 1:colcon.colcon_core.package_identification:_identify(src) by extension 'ros'
[4.280s] Level 1:colcon.colcon_core.package_identification:_identify(src) by extensions ['cmake', 'python']
[4.280s] Level 1:colcon.colcon_core.package_identification:_identify(src) by extension 'cmake'
[4.280s] Level 1:colcon.colcon_core.package_identification:_identify(src) by extension 'python'
[4.280s] Level 1:colcon.colcon_core.package_identification:_identify(src) by extensions ['python_setup_py']
[4.280s] Level 1:colcon.colcon_core.package_identification:_identify(src) by extension 'python_setup_py'
[4.280s] Level 1:colcon.colcon_core.package_identification:_identify(src/Universal_Robots_ROS2_Driver) by extensions ['ignore', 'ignore_ament_install']
[4.281s] Level 1:colcon.colcon_core.package_identification:_identify(src/Universal_Robots_ROS2_Driver) by extension 'ignore'
[4.281s] Level 1:colcon.colcon_core.package_identification:_identify(src/Universal_Robots_ROS2_Driver) by extension 'ignore_ament_install'
[4.281s] Level 1:colcon.colcon_core.package_identification:_identify(src/Universal_Robots_ROS2_Driver) by extensions ['colcon_pkg']
[4.281s] Level 1:colcon.colcon_core.package_identification:_identify(src/Universal_Robots_ROS2_Driver) by extension 'colcon_pkg'
[4.281s] Level 1:colcon.colcon_core.package_identification:_identify(src/Universal_Robots_ROS2_Driver) by extensions ['colcon_meta']
[4.281s] Level 1:colcon.colcon_core.package_identification:_identify(src/Universal_Robots_ROS2_Driver) by extension 'colcon_meta'
[4.281s] Level 1:colcon.colcon_core.package_identification:_identify(src/Universal_Robots_ROS2_Driver) by extensions ['ros']
[4.281s] Level 1:colcon.colcon_core.package_identification:_identify(src/Universal_Robots_ROS2_Driver) by extension 'ros'
[4.281s] Level 1:colcon.colcon_core.package_identification:_identify(src/Universal_Robots_ROS2_Driver) by extensions ['cmake', 'python']
[4.281s] Level 1:colcon.colcon_core.package_identification:_identify(src/Universal_Robots_ROS2_Driver) by extension 'cmake'
[4.281s] Level 1:colcon.colcon_core.package_identification:_identify(src/Universal_Robots_ROS2_Driver) by extension 'python'
[4.281s] Level 1:colcon.colcon_core.package_identification:_identify(src/Universal_Robots_ROS2_Driver) by extensions ['python_setup_py']
[4.281s] Level 1:colcon.colcon_core.package_identification:_identify(src/Universal_Robots_ROS2_Driver) by extension 'python_setup_py'
[4.281s] Level 1:colcon.colcon_core.package_identification:_identify(src/Universal_Robots_ROS2_Driver/ur_controllers) by extensions ['ignore', 'ignore_ament_install']
[4.281s] Level 1:colcon.colcon_core.package_identification:_identify(src/Universal_Robots_ROS2_Driver/ur_controllers) by extension 'ignore'
[4.282s] Level 1:colcon.colcon_core.package_identification:_identify(src/Universal_Robots_ROS2_Driver/ur_controllers) by extension 'ignore_ament_install'
[4.282s] Level 1:colcon.colcon_core.package_identification:_identify(src/Universal_Robots_ROS2_Driver/ur_controllers) by extensions ['colcon_pkg']
[4.282s] Level 1:colcon.colcon_core.package_identification:_identify(src/Universal_Robots_ROS2_Driver/ur_controllers) by extension 'colcon_pkg'
[4.282s] Level 1:colcon.colcon_core.package_identification:_identify(src/Universal_Robots_ROS2_Driver/ur_controllers) by extensions ['colcon_meta']
[4.282s] Level 1:colcon.colcon_core.package_identification:_identify(src/Universal_Robots_ROS2_Driver/ur_controllers) by extension 'colcon_meta'
[4.282s] Level 1:colcon.colcon_core.package_identification:_identify(src/Universal_Robots_ROS2_Driver/ur_controllers) by extensions ['ros']
[4.282s] Level 1:colcon.colcon_core.package_identification:_identify(src/Universal_Robots_ROS2_Driver/ur_controllers) by extension 'ros'
[4.286s] DEBUG:colcon.colcon_core.package_identification:Package 'src/Universal_Robots_ROS2_Driver/ur_controllers' with type 'ros.ament_cmake' and name 'ur_controllers'
[4.286s] Level 1:colcon.colcon_core.package_identification:_identify(src/Universal_Robots_ROS2_Driver/ur_dashboard_msgs) by extensions ['ignore', 'ignore_ament_install']
[4.286s] Level 1:colcon.colcon_core.package_identification:_identify(src/Universal_Robots_ROS2_Driver/ur_dashboard_msgs) by extension 'ignore'
[4.286s] Level 1:colcon.colcon_core.package_identification:_identify(src/Universal_Robots_ROS2_Driver/ur_dashboard_msgs) by extension 'ignore_ament_install'
[4.286s] Level 1:colcon.colcon_core.package_identification:_identify(src/Universal_Robots_ROS2_Driver/ur_dashboard_msgs) by extensions ['colcon_pkg']
[4.286s] Level 1:colcon.colcon_core.package_identification:_identify(src/Universal_Robots_ROS2_Driver/ur_dashboard_msgs) by extension 'colcon_pkg'
[4.286s] Level 1:colcon.colcon_core.package_identification:_identify(src/Universal_Robots_ROS2_Driver/ur_dashboard_msgs) by extensions ['colcon_meta']
[4.286s] Level 1:colcon.colcon_core.package_identification:_identify(src/Universal_Robots_ROS2_Driver/ur_dashboard_msgs) by extension 'colcon_meta'
[4.286s] Level 1:colcon.colcon_core.package_identification:_identify(src/Universal_Robots_ROS2_Driver/ur_dashboard_msgs) by extensions ['ros']
[4.286s] Level 1:colcon.colcon_core.package_identification:_identify(src/Universal_Robots_ROS2_Driver/ur_dashboard_msgs) by extension 'ros'
[4.287s] DEBUG:colcon.colcon_core.package_identification:Package 'src/Universal_Robots_ROS2_Driver/ur_dashboard_msgs' with type 'ros.ament_cmake' and name 'ur_dashboard_msgs'
[4.287s] Level 1:colcon.colcon_core.package_discovery:discover_packages(recursive) using defaults
[4.287s] Level 1:colcon.colcon_core.package_discovery:discover_packages(ignore) discover
[4.287s] Level 1:colcon.colcon_core.package_discovery:discover_packages(ignore) using defaults
[4.287s] Level 1:colcon.colcon_core.package_discovery:discover_packages(path) discover
[4.287s] Level 1:colcon.colcon_core.package_discovery:discover_packages(path) using defaults
[4.586s] Level 1:colcon.colcon_core.package_discovery:discover_packages(prefix_path) check parameters
[4.586s] Level 1:colcon.colcon_core.package_discovery:discover_packages(prefix_path) discover
[4.697s] DEBUG:colcon.colcon_installed_package_information.package_discovery:Found 7 installed packages in /home/alvaro/workspace/ros_ur_driver/install
[4.753s] DEBUG:colcon.colcon_installed_package_information.package_discovery:Found 37 installed packages in /home/alvaro/ros2_ws/install
[4.807s] DEBUG:colcon.colcon_installed_package_information.package_discovery:Found 28 installed packages in /home/alvaro/dev_ws/install
[4.862s] DEBUG:colcon.colcon_installed_package_information.package_discovery:Found 406 installed packages in /opt/ros/foxy
[4.867s] Level 1:colcon.colcon_core.package_discovery:discover_packages(prefix_path) using defaults
[5.035s] WARNING:colcon.colcon_core.package_selection:Some selected packages are already built in one or more underlay workspaces:
	'ur_controllers' is in: /home/alvaro/workspace/ros_ur_driver/install/ur_controllers, /home/alvaro/ros2_ws/install/ur_controllers, /opt/ros/foxy
	'ur_dashboard_msgs' is in: /home/alvaro/workspace/ros_ur_driver/install/ur_dashboard_msgs, /home/alvaro/ros2_ws/install/ur_dashboard_msgs, /opt/ros/foxy
If a package in a merged underlay workspace is overridden and it installs headers, then all packages in the overlay must sort their include directories by workspace order. Failure to do so may result in build failures or undefined behavior at run time.
If the overridden package is used by another package in any underlay, then the overriding package in the overlay must be API and ABI compatible or undefined behavior at run time may occur.

If you understand the risks and want to override a package anyways, add the following to the command line:
	--allow-overriding ur_controllers ur_dashboard_msgs

This may be promoted to an error in a future release of colcon-override-check.
[5.105s] Level 5:colcon.colcon_core.verb:set package 'ur_dashboard_msgs' build argument 'cmake_args' from command line to 'None'
[5.105s] Level 5:colcon.colcon_core.verb:set package 'ur_dashboard_msgs' build argument 'cmake_target' from command line to 'None'
[5.105s] Level 5:colcon.colcon_core.verb:set package 'ur_dashboard_msgs' build argument 'cmake_target_skip_unavailable' from command line to 'False'
[5.105s] Level 5:colcon.colcon_core.verb:set package 'ur_dashboard_msgs' build argument 'cmake_clean_cache' from command line to 'False'
[5.105s] Level 5:colcon.colcon_core.verb:set package 'ur_dashboard_msgs' build argument 'cmake_clean_first' from command line to 'False'
[5.105s] Level 5:colcon.colcon_core.verb:set package 'ur_dashboard_msgs' build argument 'cmake_force_configure' from command line to 'False'
[5.105s] Level 5:colcon.colcon_core.verb:set package 'ur_dashboard_msgs' build argument 'ament_cmake_args' from command line to 'None'
[5.105s] Level 5:colcon.colcon_core.verb:set package 'ur_dashboard_msgs' build argument 'catkin_cmake_args' from command line to 'None'
[5.105s] Level 5:colcon.colcon_core.verb:set package 'ur_dashboard_msgs' build argument 'catkin_skip_building_tests' from command line to 'False'
[5.105s] DEBUG:colcon.colcon_core.verb:Building package 'ur_dashboard_msgs' with the following arguments: {'ament_cmake_args': None, 'build_base': '/home/alvaro/workspace/ros_ur_driver/build/ur_dashboard_msgs', 'catkin_cmake_args': None, 'catkin_skip_building_tests': False, 'cmake_args': None, 'cmake_clean_cache': False, 'cmake_clean_first': False, 'cmake_force_configure': False, 'cmake_target': None, 'cmake_target_skip_unavailable': False, 'install_base': '/home/alvaro/workspace/ros_ur_driver/install/ur_dashboard_msgs', 'merge_install': False, 'path': '/home/alvaro/workspace/ros_ur_driver/src/Universal_Robots_ROS2_Driver/ur_dashboard_msgs', 'symlink_install': False, 'test_result_base': None}
[5.157s] Level 5:colcon.colcon_core.verb:set package 'ur_controllers' build argument 'cmake_args' from command line to 'None'
[5.157s] Level 5:colcon.colcon_core.verb:set package 'ur_controllers' build argument 'cmake_target' from command line to 'None'
[5.157s] Level 5:colcon.colcon_core.verb:set package 'ur_controllers' build argument 'cmake_target_skip_unavailable' from command line to 'False'
[5.157s] Level 5:colcon.colcon_core.verb:set package 'ur_controllers' build argument 'cmake_clean_cache' from command line to 'False'
[5.157s] Level 5:colcon.colcon_core.verb:set package 'ur_controllers' build argument 'cmake_clean_first' from command line to 'False'
[5.157s] Level 5:colcon.colcon_core.verb:set package 'ur_controllers' build argument 'cmake_force_configure' from command line to 'False'
[5.157s] Level 5:colcon.colcon_core.verb:set package 'ur_controllers' build argument 'ament_cmake_args' from command line to 'None'
[5.157s] Level 5:colcon.colcon_core.verb:set package 'ur_controllers' build argument 'catkin_cmake_args' from command line to 'None'
[5.157s] Level 5:colcon.colcon_core.verb:set package 'ur_controllers' build argument 'catkin_skip_building_tests' from command line to 'False'
[5.157s] DEBUG:colcon.colcon_core.verb:Building package 'ur_controllers' with the following arguments: {'ament_cmake_args': None, 'build_base': '/home/alvaro/workspace/ros_ur_driver/build/ur_controllers', 'catkin_cmake_args': None, 'catkin_skip_building_tests': False, 'cmake_args': None, 'cmake_clean_cache': False, 'cmake_clean_first': False, 'cmake_force_configure': False, 'cmake_target': None, 'cmake_target_skip_unavailable': False, 'install_base': '/home/alvaro/workspace/ros_ur_driver/install/ur_controllers', 'merge_install': False, 'path': '/home/alvaro/workspace/ros_ur_driver/src/Universal_Robots_ROS2_Driver/ur_controllers', 'symlink_install': False, 'test_result_base': None}
[5.208s] INFO:colcon.colcon_core.executor:Executing jobs using 'parallel' executor
[5.260s] DEBUG:colcon.colcon_parallel_executor.executor.parallel:run_until_complete
[5.261s] INFO:colcon.colcon_ros.task.ament_cmake.build:Building ROS package in '/home/alvaro/workspace/ros_ur_driver/src/Universal_Robots_ROS2_Driver/ur_dashboard_msgs' with build type 'ament_cmake'
[5.261s] INFO:colcon.colcon_cmake.task.cmake.build:Building CMake package in '/home/alvaro/workspace/ros_ur_driver/src/Universal_Robots_ROS2_Driver/ur_dashboard_msgs'
[5.317s] INFO:colcon.colcon_core.plugin_system:Skipping extension 'colcon_core.shell.bat': Not used on non-Windows systems
[5.318s] INFO:colcon.colcon_core.shell:Skip shell extension 'powershell' for command environment: Not usable outside of PowerShell
[5.318s] DEBUG:colcon.colcon_core.shell:Skip shell extension 'dsv' for command environment
[5.615s] DEBUG:colcon.colcon_core.event_handler.log_command:Invoking command in '/home/alvaro/workspace/ros_ur_driver/build/ur_dashboard_msgs': CMAKE_PREFIX_PATH=${CMAKE_PREFIX_PATH}:/home/alvaro/ros2_ws/install/ros2controlcli:/home/alvaro/ros2_ws/install/ros2_control_test_nodes:/home/alvaro/dev_ws/install/ros2test:/opt/ros/foxy /usr/bin/cmake --build /home/alvaro/workspace/ros_ur_driver/build/ur_dashboard_msgs -- -j12 -l12
[6.105s] DEBUG:colcon.colcon_core.event_handler.log_command:Invoked command in '/home/alvaro/workspace/ros_ur_driver/build/ur_dashboard_msgs' returned '0': CMAKE_PREFIX_PATH=${CMAKE_PREFIX_PATH}:/home/alvaro/ros2_ws/install/ros2controlcli:/home/alvaro/ros2_ws/install/ros2_control_test_nodes:/home/alvaro/dev_ws/install/ros2test:/opt/ros/foxy /usr/bin/cmake --build /home/alvaro/workspace/ros_ur_driver/build/ur_dashboard_msgs -- -j12 -l12
[6.710s] DEBUG:colcon.colcon_core.event_handler.log_command:Invoking command in '/home/alvaro/workspace/ros_ur_driver/build/ur_dashboard_msgs': CMAKE_PREFIX_PATH=${CMAKE_PREFIX_PATH}:/home/alvaro/ros2_ws/install/ros2controlcli:/home/alvaro/ros2_ws/install/ros2_control_test_nodes:/home/alvaro/dev_ws/install/ros2test:/opt/ros/foxy /usr/bin/cmake --install /home/alvaro/workspace/ros_ur_driver/build/ur_dashboard_msgs
[6.816s] Level 1:colcon.colcon_core.environment:create_environment_scripts_only(ur_dashboard_msgs)
[6.817s] DEBUG:colcon.colcon_core.event_handler.log_command:Invoked command in '/home/alvaro/workspace/ros_ur_driver/build/ur_dashboard_msgs' returned '0': CMAKE_PREFIX_PATH=${CMAKE_PREFIX_PATH}:/home/alvaro/ros2_ws/install/ros2controlcli:/home/alvaro/ros2_ws/install/ros2_control_test_nodes:/home/alvaro/dev_ws/install/ros2test:/opt/ros/foxy /usr/bin/cmake --install /home/alvaro/workspace/ros_ur_driver/build/ur_dashboard_msgs
[6.880s] Level 1:colcon.colcon_core.environment:checking '/home/alvaro/workspace/ros_ur_driver/install/ur_dashboard_msgs' for CMake module files
[6.881s] Level 1:colcon.colcon_core.environment:checking '/home/alvaro/workspace/ros_ur_driver/install/ur_dashboard_msgs' for CMake config files
[6.882s] Level 1:colcon.colcon_core.shell:create_environment_hook('ur_dashboard_msgs', 'cmake_prefix_path')
[6.935s] INFO:colcon.colcon_core.shell:Creating environment hook '/home/alvaro/workspace/ros_ur_driver/install/ur_dashboard_msgs/share/ur_dashboard_msgs/hook/cmake_prefix_path.ps1'
[6.935s] INFO:colcon.colcon_core.shell:Creating environment descriptor '/home/alvaro/workspace/ros_ur_driver/install/ur_dashboard_msgs/share/ur_dashboard_msgs/hook/cmake_prefix_path.dsv'
[6.936s] INFO:colcon.colcon_core.shell:Creating environment hook '/home/alvaro/workspace/ros_ur_driver/install/ur_dashboard_msgs/share/ur_dashboard_msgs/hook/cmake_prefix_path.sh'
[6.937s] Level 1:colcon.colcon_core.environment:checking '/home/alvaro/workspace/ros_ur_driver/install/ur_dashboard_msgs/lib'
[6.937s] Level 1:colcon.colcon_core.shell:create_environment_hook('ur_dashboard_msgs', 'ld_library_path_lib')
[6.990s] INFO:colcon.colcon_core.shell:Creating environment hook '/home/alvaro/workspace/ros_ur_driver/install/ur_dashboard_msgs/share/ur_dashboard_msgs/hook/ld_library_path_lib.ps1'
[6.991s] INFO:colcon.colcon_core.shell:Creating environment descriptor '/home/alvaro/workspace/ros_ur_driver/install/ur_dashboard_msgs/share/ur_dashboard_msgs/hook/ld_library_path_lib.dsv'
[6.991s] INFO:colcon.colcon_core.shell:Creating environment hook '/home/alvaro/workspace/ros_ur_driver/install/ur_dashboard_msgs/share/ur_dashboard_msgs/hook/ld_library_path_lib.sh'
[6.992s] Level 1:colcon.colcon_core.environment:checking '/home/alvaro/workspace/ros_ur_driver/install/ur_dashboard_msgs/bin'
[6.992s] Level 1:colcon.colcon_core.environment:checking '/home/alvaro/workspace/ros_ur_driver/install/ur_dashboard_msgs/lib/pkgconfig/ur_dashboard_msgs.pc'
[6.992s] Level 1:colcon.colcon_core.environment:checking '/home/alvaro/workspace/ros_ur_driver/install/ur_dashboard_msgs/lib/python3.8/site-packages'
[6.992s] Level 1:colcon.colcon_core.shell:create_environment_hook('ur_dashboard_msgs', 'pythonpath')
[7.045s] INFO:colcon.colcon_core.shell:Creating environment hook '/home/alvaro/workspace/ros_ur_driver/install/ur_dashboard_msgs/share/ur_dashboard_msgs/hook/pythonpath.ps1'
[7.045s] INFO:colcon.colcon_core.shell:Creating environment descriptor '/home/alvaro/workspace/ros_ur_driver/install/ur_dashboard_msgs/share/ur_dashboard_msgs/hook/pythonpath.dsv'
[7.046s] INFO:colcon.colcon_core.shell:Creating environment hook '/home/alvaro/workspace/ros_ur_driver/install/ur_dashboard_msgs/share/ur_dashboard_msgs/hook/pythonpath.sh'
[7.046s] Level 1:colcon.colcon_core.environment:checking '/home/alvaro/workspace/ros_ur_driver/install/ur_dashboard_msgs/bin'
[7.100s] INFO:colcon.colcon_core.shell:Creating package script '/home/alvaro/workspace/ros_ur_driver/install/ur_dashboard_msgs/share/ur_dashboard_msgs/package.ps1'
[7.101s] INFO:colcon.colcon_core.shell:Creating package descriptor '/home/alvaro/workspace/ros_ur_driver/install/ur_dashboard_msgs/share/ur_dashboard_msgs/package.dsv'
[7.102s] INFO:colcon.colcon_core.shell:Creating package script '/home/alvaro/workspace/ros_ur_driver/install/ur_dashboard_msgs/share/ur_dashboard_msgs/package.sh'
[7.102s] INFO:colcon.colcon_core.shell:Creating package script '/home/alvaro/workspace/ros_ur_driver/install/ur_dashboard_msgs/share/ur_dashboard_msgs/package.bash'
[7.103s] INFO:colcon.colcon_core.shell:Creating package script '/home/alvaro/workspace/ros_ur_driver/install/ur_dashboard_msgs/share/ur_dashboard_msgs/package.zsh'
[7.104s] Level 1:colcon.colcon_core.environment:create_file_with_runtime_dependencies(/home/alvaro/workspace/ros_ur_driver/install/ur_dashboard_msgs/share/colcon-core/packages/ur_dashboard_msgs)
[7.751s] Level 1:colcon.colcon_core.environment:create_environment_scripts_only(ur_dashboard_msgs)
[7.804s] Level 1:colcon.colcon_core.environment:checking '/home/alvaro/workspace/ros_ur_driver/install/ur_dashboard_msgs' for CMake module files
[7.805s] Level 1:colcon.colcon_core.environment:checking '/home/alvaro/workspace/ros_ur_driver/install/ur_dashboard_msgs' for CMake config files
[7.806s] Level 1:colcon.colcon_core.shell:create_environment_hook('ur_dashboard_msgs', 'cmake_prefix_path')
[7.862s] INFO:colcon.colcon_core.shell:Creating environment hook '/home/alvaro/workspace/ros_ur_driver/install/ur_dashboard_msgs/share/ur_dashboard_msgs/hook/cmake_prefix_path.ps1'
[7.862s] INFO:colcon.colcon_core.shell:Creating environment descriptor '/home/alvaro/workspace/ros_ur_driver/install/ur_dashboard_msgs/share/ur_dashboard_msgs/hook/cmake_prefix_path.dsv'
[7.862s] INFO:colcon.colcon_core.shell:Creating environment hook '/home/alvaro/workspace/ros_ur_driver/install/ur_dashboard_msgs/share/ur_dashboard_msgs/hook/cmake_prefix_path.sh'
[7.863s] Level 1:colcon.colcon_core.environment:checking '/home/alvaro/workspace/ros_ur_driver/install/ur_dashboard_msgs/lib'
[7.863s] Level 1:colcon.colcon_core.shell:create_environment_hook('ur_dashboard_msgs', 'ld_library_path_lib')
[7.917s] INFO:colcon.colcon_core.shell:Creating environment hook '/home/alvaro/workspace/ros_ur_driver/install/ur_dashboard_msgs/share/ur_dashboard_msgs/hook/ld_library_path_lib.ps1'
[7.917s] INFO:colcon.colcon_core.shell:Creating environment descriptor '/home/alvaro/workspace/ros_ur_driver/install/ur_dashboard_msgs/share/ur_dashboard_msgs/hook/ld_library_path_lib.dsv'
[7.918s] INFO:colcon.colcon_core.shell:Creating environment hook '/home/alvaro/workspace/ros_ur_driver/install/ur_dashboard_msgs/share/ur_dashboard_msgs/hook/ld_library_path_lib.sh'
[7.918s] Level 1:colcon.colcon_core.environment:checking '/home/alvaro/workspace/ros_ur_driver/install/ur_dashboard_msgs/bin'
[7.918s] Level 1:colcon.colcon_core.environment:checking '/home/alvaro/workspace/ros_ur_driver/install/ur_dashboard_msgs/lib/pkgconfig/ur_dashboard_msgs.pc'
[7.919s] Level 1:colcon.colcon_core.environment:checking '/home/alvaro/workspace/ros_ur_driver/install/ur_dashboard_msgs/lib/python3.8/site-packages'
[7.919s] Level 1:colcon.colcon_core.shell:create_environment_hook('ur_dashboard_msgs', 'pythonpath')
[7.972s] INFO:colcon.colcon_core.shell:Creating environment hook '/home/alvaro/workspace/ros_ur_driver/install/ur_dashboard_msgs/share/ur_dashboard_msgs/hook/pythonpath.ps1'
[7.972s] INFO:colcon.colcon_core.shell:Creating environment descriptor '/home/alvaro/workspace/ros_ur_driver/install/ur_dashboard_msgs/share/ur_dashboard_msgs/hook/pythonpath.dsv'
[7.973s] INFO:colcon.colcon_core.shell:Creating environment hook '/home/alvaro/workspace/ros_ur_driver/install/ur_dashboard_msgs/share/ur_dashboard_msgs/hook/pythonpath.sh'
[7.973s] Level 1:colcon.colcon_core.environment:checking '/home/alvaro/workspace/ros_ur_driver/install/ur_dashboard_msgs/bin'
[8.027s] INFO:colcon.colcon_core.shell:Creating package script '/home/alvaro/workspace/ros_ur_driver/install/ur_dashboard_msgs/share/ur_dashboard_msgs/package.ps1'
[8.028s] INFO:colcon.colcon_core.shell:Creating package descriptor '/home/alvaro/workspace/ros_ur_driver/install/ur_dashboard_msgs/share/ur_dashboard_msgs/package.dsv'
[8.029s] INFO:colcon.colcon_core.shell:Creating package script '/home/alvaro/workspace/ros_ur_driver/install/ur_dashboard_msgs/share/ur_dashboard_msgs/package.sh'
[8.029s] INFO:colcon.colcon_core.shell:Creating package script '/home/alvaro/workspace/ros_ur_driver/install/ur_dashboard_msgs/share/ur_dashboard_msgs/package.bash'
[8.030s] INFO:colcon.colcon_core.shell:Creating package script '/home/alvaro/workspace/ros_ur_driver/install/ur_dashboard_msgs/share/ur_dashboard_msgs/package.zsh'
[8.030s] Level 1:colcon.colcon_core.environment:create_file_with_runtime_dependencies(/home/alvaro/workspace/ros_ur_driver/install/ur_dashboard_msgs/share/colcon-core/packages/ur_dashboard_msgs)
[8.030s] INFO:colcon.colcon_ros.task.ament_cmake.build:Building ROS package in '/home/alvaro/workspace/ros_ur_driver/src/Universal_Robots_ROS2_Driver/ur_controllers' with build type 'ament_cmake'
[8.031s] INFO:colcon.colcon_cmake.task.cmake.build:Building CMake package in '/home/alvaro/workspace/ros_ur_driver/src/Universal_Robots_ROS2_Driver/ur_controllers'
[8.101s] INFO:colcon.colcon_core.shell:Skip shell extension 'powershell' for command environment: Not usable outside of PowerShell
[8.101s] DEBUG:colcon.colcon_core.shell:Skip shell extension 'dsv' for command environment
[8.408s] DEBUG:colcon.colcon_core.event_handler.log_command:Invoking command in '/home/alvaro/workspace/ros_ur_driver/build/ur_controllers': CMAKE_PREFIX_PATH=/home/alvaro/workspace/ros_ur_driver/install/ur_dashboard_msgs:/home/alvaro/workspace/ros_ur_driver/install/ur_calibration:/home/alvaro/workspace/ros_ur_driver/install/ur_robot_driver:/home/alvaro/workspace/ros_ur_driver/install/ur_bringup:/home/alvaro/workspace/ros_ur_driver/install/ur_moveit_config:/home/alvaro/workspace/ros_ur_driver/install/ur_description:/home/alvaro/workspace/ros_ur_driver/install/ur_controllers:/home/alvaro/ros2_ws/install/ros2_controllers:/home/alvaro/ros2_ws/install/velocity_controllers:/home/alvaro/ros2_ws/install/ur_calibration:/home/alvaro/ros2_ws/install/ur_robot_driver:/home/alvaro/ros2_ws/install/ur_bringup:/home/alvaro/ros2_ws/install/ur_moveit_config:/home/alvaro/ros2_ws/install/ur_description:/home/alvaro/ros2_ws/install/ur_controllers:/home/alvaro/ros2_ws/install/ur_dashboard_msgs:/home/alvaro/ros2_ws/install/tricycle_controller:/home/alvaro/ros2_ws/install/transmission_interface:/home/alvaro/ros2_ws/install/ros2_control_demos:/home/alvaro/ros2_ws/install/ros2_control_demo_bringup:/home/alvaro/ros2_ws/install/rrbot_description:/home/alvaro/ros2_ws/install/ros2_control:/home/alvaro/ros2_ws/install/controller_manager:/home/alvaro/ros2_ws/install/ros2_control_test_assets:/home/alvaro/ros2_ws/install/ros2_control_demo_hardware:/home/alvaro/ros2_ws/install/ros2_control_demo_description:/home/alvaro/ros2_ws/install/position_controllers:/home/alvaro/ros2_ws/install/joint_trajectory_controller:/home/alvaro/ros2_ws/install/joint_state_controller:/home/alvaro/ros2_ws/install/joint_state_broadcaster:/home/alvaro/ros2_ws/install/imu_sensor_broadcaster:/home/alvaro/ros2_ws/install/gripper_controllers:/home/alvaro/ros2_ws/install/effort_controllers:/home/alvaro/ros2_ws/install/forward_command_controller:/home/alvaro/ros2_ws/install/force_torque_sensor_broadcaster:/home/alvaro/ros2_ws/install/diff_drive_controller:/home/alvaro/ros2_ws/install/realtime_tools:/home/alvaro/ros2_ws/install/controller_interface:/home/alvaro/ros2_ws/install/hardware_interface:/home/alvaro/ros2_ws/install/diffbot_description:/home/alvaro/ros2_ws/install/controller_manager_msgs:/home/alvaro/ros2_ws/install/control_msgs:/home/alvaro/dev_ws/install/turtlesim:/home/alvaro/dev_ws/install/ros_testing:/home/alvaro/dev_ws/install/ros2srrc_ur3_moveit2:/home/alvaro/dev_ws/install/ros2srrc_ur3_gazebo:/home/alvaro/dev_ws/install/ros2srrc_ur3_bringup:/home/alvaro/dev_ws/install/ros2srrc_irb120_moveit2:/home/alvaro/dev_ws/install/ros2srrc_irb120_gazebo:/home/alvaro/dev_ws/install/ros2srrc_irb120_bringup:/home/alvaro/dev_ws/install/ros2srrc_execution:/home/alvaro/dev_ws/install/ros2srrc_data:/home/alvaro/dev_ws/install/ros2_linkattacher:/home/alvaro/dev_ws/install/linkattacher_msgs:/home/alvaro/dev_ws/install/abb_rws_client:/home/alvaro/dev_ws/install/abb_ros2:/home/alvaro/dev_ws/install/abb_robot_msgs:/home/alvaro/dev_ws/install/abb_resources:/home/alvaro/dev_ws/install/abb_rapid_sm_addin_msgs:/home/alvaro/dev_ws/install/abb_rapid_msgs:/home/alvaro/dev_ws/install/abb_hardware_interface:/home/alvaro/dev_ws/install/abb_egm_rws_managers:/home/alvaro/dev_ws/install/abb_librws:/home/alvaro/dev_ws/install/abb_libegm:/home/alvaro/dev_ws/install/abb_irb4600_support:/home/alvaro/dev_ws/install/abb_irb1200_5_90_moveit_config:/home/alvaro/dev_ws/install/abb_irb1200_support:/home/alvaro/dev_ws/install/abb_egm_msgs:/home/alvaro/dev_ws/install/abb_bringup:/home/alvaro/ros2_ws/install/ros2controlcli:/home/alvaro/ros2_ws/install/ros2_control_test_nodes:/home/alvaro/dev_ws/install/ros2test:/opt/ros/foxy LD_LIBRARY_PATH=/home/alvaro/workspace/ros_ur_driver/install/ur_dashboard_msgs/lib:/home/alvaro/workspace/ros_ur_driver/install/ur_robot_driver/lib:/home/alvaro/workspace/ros_ur_driver/install/ur_controllers/lib:/home/alvaro/ros2_ws/install/velocity_controllers/lib:/home/alvaro/ros2_ws/install/ur_robot_driver/lib:/home/alvaro/ros2_ws/install/ur_controllers/lib:/home/alvaro/ros2_ws/install/ur_dashboard_msgs/lib:/home/alvaro/ros2_ws/install/tricycle_controller/lib:/home/alvaro/ros2_ws/install/controller_manager/lib:/home/alvaro/ros2_ws/install/ros2_control_demo_hardware/lib:/home/alvaro/ros2_ws/install/position_controllers/lib:/home/alvaro/ros2_ws/install/joint_trajectory_controller/lib:/home/alvaro/ros2_ws/install/joint_state_controller/lib:/home/alvaro/ros2_ws/install/joint_state_broadcaster/lib:/home/alvaro/ros2_ws/install/imu_sensor_broadcaster/lib:/home/alvaro/ros2_ws/install/gripper_controllers/lib:/home/alvaro/ros2_ws/install/effort_controllers/lib:/home/alvaro/ros2_ws/install/forward_command_controller/lib:/home/alvaro/ros2_ws/install/force_torque_sensor_broadcaster/lib:/home/alvaro/ros2_ws/install/diff_drive_controller/lib:/home/alvaro/ros2_ws/install/realtime_tools/lib:/home/alvaro/ros2_ws/install/controller_interface/lib:/home/alvaro/ros2_ws/install/hardware_interface/lib:/home/alvaro/ros2_ws/install/controller_manager_msgs/lib:/home/alvaro/ros2_ws/install/control_msgs/lib:/home/alvaro/dev_ws/install/turtlesim/lib:/home/alvaro/dev_ws/install/ros2srrc_data/lib:/home/alvaro/dev_ws/install/ros2_linkattacher/lib:/home/alvaro/dev_ws/install/linkattacher_msgs/lib:/home/alvaro/dev_ws/install/abb_robot_msgs/lib:/home/alvaro/dev_ws/install/abb_rapid_sm_addin_msgs/lib:/home/alvaro/dev_ws/install/abb_rapid_msgs/lib:/home/alvaro/dev_ws/install/abb_hardware_interface/lib:/home/alvaro/dev_ws/install/abb_egm_rws_managers/lib:/home/alvaro/dev_ws/install/abb_librws/lib:/home/alvaro/dev_ws/install/abb_libegm/lib:/home/alvaro/dev_ws/install/abb_egm_msgs/lib:/usr/lib/x86_64-linux-gnu/gazebo-11/plugins:/opt/ros/foxy/opt/yaml_cpp_vendor/lib:/opt/ros/foxy/opt/rviz_ogre_vendor/lib:/opt/ros/foxy/lib/x86_64-linux-gnu:/opt/ros/foxy/lib /usr/bin/cmake /home/alvaro/workspace/ros_ur_driver/src/Universal_Robots_ROS2_Driver/ur_controllers -DCMAKE_INSTALL_PREFIX=/home/alvaro/workspace/ros_ur_driver/install/ur_controllers
[11.121s] DEBUG:colcon.colcon_core.event_handler.log_command:Invoked command in '/home/alvaro/workspace/ros_ur_driver/build/ur_controllers' returned '0': CMAKE_PREFIX_PATH=/home/alvaro/workspace/ros_ur_driver/install/ur_dashboard_msgs:/home/alvaro/workspace/ros_ur_driver/install/ur_calibration:/home/alvaro/workspace/ros_ur_driver/install/ur_robot_driver:/home/alvaro/workspace/ros_ur_driver/install/ur_bringup:/home/alvaro/workspace/ros_ur_driver/install/ur_moveit_config:/home/alvaro/workspace/ros_ur_driver/install/ur_description:/home/alvaro/workspace/ros_ur_driver/install/ur_controllers:/home/alvaro/ros2_ws/install/ros2_controllers:/home/alvaro/ros2_ws/install/velocity_controllers:/home/alvaro/ros2_ws/install/ur_calibration:/home/alvaro/ros2_ws/install/ur_robot_driver:/home/alvaro/ros2_ws/install/ur_bringup:/home/alvaro/ros2_ws/install/ur_moveit_config:/home/alvaro/ros2_ws/install/ur_description:/home/alvaro/ros2_ws/install/ur_controllers:/home/alvaro/ros2_ws/install/ur_dashboard_msgs:/home/alvaro/ros2_ws/install/tricycle_controller:/home/alvaro/ros2_ws/install/transmission_interface:/home/alvaro/ros2_ws/install/ros2_control_demos:/home/alvaro/ros2_ws/install/ros2_control_demo_bringup:/home/alvaro/ros2_ws/install/rrbot_description:/home/alvaro/ros2_ws/install/ros2_control:/home/alvaro/ros2_ws/install/controller_manager:/home/alvaro/ros2_ws/install/ros2_control_test_assets:/home/alvaro/ros2_ws/install/ros2_control_demo_hardware:/home/alvaro/ros2_ws/install/ros2_control_demo_description:/home/alvaro/ros2_ws/install/position_controllers:/home/alvaro/ros2_ws/install/joint_trajectory_controller:/home/alvaro/ros2_ws/install/joint_state_controller:/home/alvaro/ros2_ws/install/joint_state_broadcaster:/home/alvaro/ros2_ws/install/imu_sensor_broadcaster:/home/alvaro/ros2_ws/install/gripper_controllers:/home/alvaro/ros2_ws/install/effort_controllers:/home/alvaro/ros2_ws/install/forward_command_controller:/home/alvaro/ros2_ws/install/force_torque_sensor_broadcaster:/home/alvaro/ros2_ws/install/diff_drive_controller:/home/alvaro/ros2_ws/install/realtime_tools:/home/alvaro/ros2_ws/install/controller_interface:/home/alvaro/ros2_ws/install/hardware_interface:/home/alvaro/ros2_ws/install/diffbot_description:/home/alvaro/ros2_ws/install/controller_manager_msgs:/home/alvaro/ros2_ws/install/control_msgs:/home/alvaro/dev_ws/install/turtlesim:/home/alvaro/dev_ws/install/ros_testing:/home/alvaro/dev_ws/install/ros2srrc_ur3_moveit2:/home/alvaro/dev_ws/install/ros2srrc_ur3_gazebo:/home/alvaro/dev_ws/install/ros2srrc_ur3_bringup:/home/alvaro/dev_ws/install/ros2srrc_irb120_moveit2:/home/alvaro/dev_ws/install/ros2srrc_irb120_gazebo:/home/alvaro/dev_ws/install/ros2srrc_irb120_bringup:/home/alvaro/dev_ws/install/ros2srrc_execution:/home/alvaro/dev_ws/install/ros2srrc_data:/home/alvaro/dev_ws/install/ros2_linkattacher:/home/alvaro/dev_ws/install/linkattacher_msgs:/home/alvaro/dev_ws/install/abb_rws_client:/home/alvaro/dev_ws/install/abb_ros2:/home/alvaro/dev_ws/install/abb_robot_msgs:/home/alvaro/dev_ws/install/abb_resources:/home/alvaro/dev_ws/install/abb_rapid_sm_addin_msgs:/home/alvaro/dev_ws/install/abb_rapid_msgs:/home/alvaro/dev_ws/install/abb_hardware_interface:/home/alvaro/dev_ws/install/abb_egm_rws_managers:/home/alvaro/dev_ws/install/abb_librws:/home/alvaro/dev_ws/install/abb_libegm:/home/alvaro/dev_ws/install/abb_irb4600_support:/home/alvaro/dev_ws/install/abb_irb1200_5_90_moveit_config:/home/alvaro/dev_ws/install/abb_irb1200_support:/home/alvaro/dev_ws/install/abb_egm_msgs:/home/alvaro/dev_ws/install/abb_bringup:/home/alvaro/ros2_ws/install/ros2controlcli:/home/alvaro/ros2_ws/install/ros2_control_test_nodes:/home/alvaro/dev_ws/install/ros2test:/opt/ros/foxy LD_LIBRARY_PATH=/home/alvaro/workspace/ros_ur_driver/install/ur_dashboard_msgs/lib:/home/alvaro/workspace/ros_ur_driver/install/ur_robot_driver/lib:/home/alvaro/workspace/ros_ur_driver/install/ur_controllers/lib:/home/alvaro/ros2_ws/install/velocity_controllers/lib:/home/alvaro/ros2_ws/install/ur_robot_driver/lib:/home/alvaro/ros2_ws/install/ur_controllers/lib:/home/alvaro/ros2_ws/install/ur_dashboard_msgs/lib:/home/alvaro/ros2_ws/install/tricycle_controller/lib:/home/alvaro/ros2_ws/install/controller_manager/lib:/home/alvaro/ros2_ws/install/ros2_control_demo_hardware/lib:/home/alvaro/ros2_ws/install/position_controllers/lib:/home/alvaro/ros2_ws/install/joint_trajectory_controller/lib:/home/alvaro/ros2_ws/install/joint_state_controller/lib:/home/alvaro/ros2_ws/install/joint_state_broadcaster/lib:/home/alvaro/ros2_ws/install/imu_sensor_broadcaster/lib:/home/alvaro/ros2_ws/install/gripper_controllers/lib:/home/alvaro/ros2_ws/install/effort_controllers/lib:/home/alvaro/ros2_ws/install/forward_command_controller/lib:/home/alvaro/ros2_ws/install/force_torque_sensor_broadcaster/lib:/home/alvaro/ros2_ws/install/diff_drive_controller/lib:/home/alvaro/ros2_ws/install/realtime_tools/lib:/home/alvaro/ros2_ws/install/controller_interface/lib:/home/alvaro/ros2_ws/install/hardware_interface/lib:/home/alvaro/ros2_ws/install/controller_manager_msgs/lib:/home/alvaro/ros2_ws/install/control_msgs/lib:/home/alvaro/dev_ws/install/turtlesim/lib:/home/alvaro/dev_ws/install/ros2srrc_data/lib:/home/alvaro/dev_ws/install/ros2_linkattacher/lib:/home/alvaro/dev_ws/install/linkattacher_msgs/lib:/home/alvaro/dev_ws/install/abb_robot_msgs/lib:/home/alvaro/dev_ws/install/abb_rapid_sm_addin_msgs/lib:/home/alvaro/dev_ws/install/abb_rapid_msgs/lib:/home/alvaro/dev_ws/install/abb_hardware_interface/lib:/home/alvaro/dev_ws/install/abb_egm_rws_managers/lib:/home/alvaro/dev_ws/install/abb_librws/lib:/home/alvaro/dev_ws/install/abb_libegm/lib:/home/alvaro/dev_ws/install/abb_egm_msgs/lib:/usr/lib/x86_64-linux-gnu/gazebo-11/plugins:/opt/ros/foxy/opt/yaml_cpp_vendor/lib:/opt/ros/foxy/opt/rviz_ogre_vendor/lib:/opt/ros/foxy/lib/x86_64-linux-gnu:/opt/ros/foxy/lib /usr/bin/cmake /home/alvaro/workspace/ros_ur_driver/src/Universal_Robots_ROS2_Driver/ur_controllers -DCMAKE_INSTALL_PREFIX=/home/alvaro/workspace/ros_ur_driver/install/ur_controllers
[11.123s] DEBUG:colcon.colcon_core.event_handler.log_command:Invoking command in '/home/alvaro/workspace/ros_ur_driver/build/ur_controllers': CMAKE_PREFIX_PATH=/home/alvaro/workspace/ros_ur_driver/install/ur_dashboard_msgs:/home/alvaro/workspace/ros_ur_driver/install/ur_calibration:/home/alvaro/workspace/ros_ur_driver/install/ur_robot_driver:/home/alvaro/workspace/ros_ur_driver/install/ur_bringup:/home/alvaro/workspace/ros_ur_driver/install/ur_moveit_config:/home/alvaro/workspace/ros_ur_driver/install/ur_description:/home/alvaro/workspace/ros_ur_driver/install/ur_controllers:/home/alvaro/ros2_ws/install/ros2_controllers:/home/alvaro/ros2_ws/install/velocity_controllers:/home/alvaro/ros2_ws/install/ur_calibration:/home/alvaro/ros2_ws/install/ur_robot_driver:/home/alvaro/ros2_ws/install/ur_bringup:/home/alvaro/ros2_ws/install/ur_moveit_config:/home/alvaro/ros2_ws/install/ur_description:/home/alvaro/ros2_ws/install/ur_controllers:/home/alvaro/ros2_ws/install/ur_dashboard_msgs:/home/alvaro/ros2_ws/install/tricycle_controller:/home/alvaro/ros2_ws/install/transmission_interface:/home/alvaro/ros2_ws/install/ros2_control_demos:/home/alvaro/ros2_ws/install/ros2_control_demo_bringup:/home/alvaro/ros2_ws/install/rrbot_description:/home/alvaro/ros2_ws/install/ros2_control:/home/alvaro/ros2_ws/install/controller_manager:/home/alvaro/ros2_ws/install/ros2_control_test_assets:/home/alvaro/ros2_ws/install/ros2_control_demo_hardware:/home/alvaro/ros2_ws/install/ros2_control_demo_description:/home/alvaro/ros2_ws/install/position_controllers:/home/alvaro/ros2_ws/install/joint_trajectory_controller:/home/alvaro/ros2_ws/install/joint_state_controller:/home/alvaro/ros2_ws/install/joint_state_broadcaster:/home/alvaro/ros2_ws/install/imu_sensor_broadcaster:/home/alvaro/ros2_ws/install/gripper_controllers:/home/alvaro/ros2_ws/install/effort_controllers:/home/alvaro/ros2_ws/install/forward_command_controller:/home/alvaro/ros2_ws/install/force_torque_sensor_broadcaster:/home/alvaro/ros2_ws/install/diff_drive_controller:/home/alvaro/ros2_ws/install/realtime_tools:/home/alvaro/ros2_ws/install/controller_interface:/home/alvaro/ros2_ws/install/hardware_interface:/home/alvaro/ros2_ws/install/diffbot_description:/home/alvaro/ros2_ws/install/controller_manager_msgs:/home/alvaro/ros2_ws/install/control_msgs:/home/alvaro/dev_ws/install/turtlesim:/home/alvaro/dev_ws/install/ros_testing:/home/alvaro/dev_ws/install/ros2srrc_ur3_moveit2:/home/alvaro/dev_ws/install/ros2srrc_ur3_gazebo:/home/alvaro/dev_ws/install/ros2srrc_ur3_bringup:/home/alvaro/dev_ws/install/ros2srrc_irb120_moveit2:/home/alvaro/dev_ws/install/ros2srrc_irb120_gazebo:/home/alvaro/dev_ws/install/ros2srrc_irb120_bringup:/home/alvaro/dev_ws/install/ros2srrc_execution:/home/alvaro/dev_ws/install/ros2srrc_data:/home/alvaro/dev_ws/install/ros2_linkattacher:/home/alvaro/dev_ws/install/linkattacher_msgs:/home/alvaro/dev_ws/install/abb_rws_client:/home/alvaro/dev_ws/install/abb_ros2:/home/alvaro/dev_ws/install/abb_robot_msgs:/home/alvaro/dev_ws/install/abb_resources:/home/alvaro/dev_ws/install/abb_rapid_sm_addin_msgs:/home/alvaro/dev_ws/install/abb_rapid_msgs:/home/alvaro/dev_ws/install/abb_hardware_interface:/home/alvaro/dev_ws/install/abb_egm_rws_managers:/home/alvaro/dev_ws/install/abb_librws:/home/alvaro/dev_ws/install/abb_libegm:/home/alvaro/dev_ws/install/abb_irb4600_support:/home/alvaro/dev_ws/install/abb_irb1200_5_90_moveit_config:/home/alvaro/dev_ws/install/abb_irb1200_support:/home/alvaro/dev_ws/install/abb_egm_msgs:/home/alvaro/dev_ws/install/abb_bringup:/home/alvaro/ros2_ws/install/ros2controlcli:/home/alvaro/ros2_ws/install/ros2_control_test_nodes:/home/alvaro/dev_ws/install/ros2test:/opt/ros/foxy LD_LIBRARY_PATH=/home/alvaro/workspace/ros_ur_driver/install/ur_dashboard_msgs/lib:/home/alvaro/workspace/ros_ur_driver/install/ur_robot_driver/lib:/home/alvaro/workspace/ros_ur_driver/install/ur_controllers/lib:/home/alvaro/ros2_ws/install/velocity_controllers/lib:/home/alvaro/ros2_ws/install/ur_robot_driver/lib:/home/alvaro/ros2_ws/install/ur_controllers/lib:/home/alvaro/ros2_ws/install/ur_dashboard_msgs/lib:/home/alvaro/ros2_ws/install/tricycle_controller/lib:/home/alvaro/ros2_ws/install/controller_manager/lib:/home/alvaro/ros2_ws/install/ros2_control_demo_hardware/lib:/home/alvaro/ros2_ws/install/position_controllers/lib:/home/alvaro/ros2_ws/install/joint_trajectory_controller/lib:/home/alvaro/ros2_ws/install/joint_state_controller/lib:/home/alvaro/ros2_ws/install/joint_state_broadcaster/lib:/home/alvaro/ros2_ws/install/imu_sensor_broadcaster/lib:/home/alvaro/ros2_ws/install/gripper_controllers/lib:/home/alvaro/ros2_ws/install/effort_controllers/lib:/home/alvaro/ros2_ws/install/forward_command_controller/lib:/home/alvaro/ros2_ws/install/force_torque_sensor_broadcaster/lib:/home/alvaro/ros2_ws/install/diff_drive_controller/lib:/home/alvaro/ros2_ws/install/realtime_tools/lib:/home/alvaro/ros2_ws/install/controller_interface/lib:/home/alvaro/ros2_ws/install/hardware_interface/lib:/home/alvaro/ros2_ws/install/controller_manager_msgs/lib:/home/alvaro/ros2_ws/install/control_msgs/lib:/home/alvaro/dev_ws/install/turtlesim/lib:/home/alvaro/dev_ws/install/ros2srrc_data/lib:/home/alvaro/dev_ws/install/ros2_linkattacher/lib:/home/alvaro/dev_ws/install/linkattacher_msgs/lib:/home/alvaro/dev_ws/install/abb_robot_msgs/lib:/home/alvaro/dev_ws/install/abb_rapid_sm_addin_msgs/lib:/home/alvaro/dev_ws/install/abb_rapid_msgs/lib:/home/alvaro/dev_ws/install/abb_hardware_interface/lib:/home/alvaro/dev_ws/install/abb_egm_rws_managers/lib:/home/alvaro/dev_ws/install/abb_librws/lib:/home/alvaro/dev_ws/install/abb_libegm/lib:/home/alvaro/dev_ws/install/abb_egm_msgs/lib:/usr/lib/x86_64-linux-gnu/gazebo-11/plugins:/opt/ros/foxy/opt/yaml_cpp_vendor/lib:/opt/ros/foxy/opt/rviz_ogre_vendor/lib:/opt/ros/foxy/lib/x86_64-linux-gnu:/opt/ros/foxy/lib /usr/bin/cmake --build /home/alvaro/workspace/ros_ur_driver/build/ur_controllers -- -j12 -l12
[11.249s] DEBUG:colcon.colcon_core.event_handler.log_command:Invoked command in '/home/alvaro/workspace/ros_ur_driver/build/ur_controllers' returned '0': CMAKE_PREFIX_PATH=/home/alvaro/workspace/ros_ur_driver/install/ur_dashboard_msgs:/home/alvaro/workspace/ros_ur_driver/install/ur_calibration:/home/alvaro/workspace/ros_ur_driver/install/ur_robot_driver:/home/alvaro/workspace/ros_ur_driver/install/ur_bringup:/home/alvaro/workspace/ros_ur_driver/install/ur_moveit_config:/home/alvaro/workspace/ros_ur_driver/install/ur_description:/home/alvaro/workspace/ros_ur_driver/install/ur_controllers:/home/alvaro/ros2_ws/install/ros2_controllers:/home/alvaro/ros2_ws/install/velocity_controllers:/home/alvaro/ros2_ws/install/ur_calibration:/home/alvaro/ros2_ws/install/ur_robot_driver:/home/alvaro/ros2_ws/install/ur_bringup:/home/alvaro/ros2_ws/install/ur_moveit_config:/home/alvaro/ros2_ws/install/ur_description:/home/alvaro/ros2_ws/install/ur_controllers:/home/alvaro/ros2_ws/install/ur_dashboard_msgs:/home/alvaro/ros2_ws/install/tricycle_controller:/home/alvaro/ros2_ws/install/transmission_interface:/home/alvaro/ros2_ws/install/ros2_control_demos:/home/alvaro/ros2_ws/install/ros2_control_demo_bringup:/home/alvaro/ros2_ws/install/rrbot_description:/home/alvaro/ros2_ws/install/ros2_control:/home/alvaro/ros2_ws/install/controller_manager:/home/alvaro/ros2_ws/install/ros2_control_test_assets:/home/alvaro/ros2_ws/install/ros2_control_demo_hardware:/home/alvaro/ros2_ws/install/ros2_control_demo_description:/home/alvaro/ros2_ws/install/position_controllers:/home/alvaro/ros2_ws/install/joint_trajectory_controller:/home/alvaro/ros2_ws/install/joint_state_controller:/home/alvaro/ros2_ws/install/joint_state_broadcaster:/home/alvaro/ros2_ws/install/imu_sensor_broadcaster:/home/alvaro/ros2_ws/install/gripper_controllers:/home/alvaro/ros2_ws/install/effort_controllers:/home/alvaro/ros2_ws/install/forward_command_controller:/home/alvaro/ros2_ws/install/force_torque_sensor_broadcaster:/home/alvaro/ros2_ws/install/diff_drive_controller:/home/alvaro/ros2_ws/install/realtime_tools:/home/alvaro/ros2_ws/install/controller_interface:/home/alvaro/ros2_ws/install/hardware_interface:/home/alvaro/ros2_ws/install/diffbot_description:/home/alvaro/ros2_ws/install/controller_manager_msgs:/home/alvaro/ros2_ws/install/control_msgs:/home/alvaro/dev_ws/install/turtlesim:/home/alvaro/dev_ws/install/ros_testing:/home/alvaro/dev_ws/install/ros2srrc_ur3_moveit2:/home/alvaro/dev_ws/install/ros2srrc_ur3_gazebo:/home/alvaro/dev_ws/install/ros2srrc_ur3_bringup:/home/alvaro/dev_ws/install/ros2srrc_irb120_moveit2:/home/alvaro/dev_ws/install/ros2srrc_irb120_gazebo:/home/alvaro/dev_ws/install/ros2srrc_irb120_bringup:/home/alvaro/dev_ws/install/ros2srrc_execution:/home/alvaro/dev_ws/install/ros2srrc_data:/home/alvaro/dev_ws/install/ros2_linkattacher:/home/alvaro/dev_ws/install/linkattacher_msgs:/home/alvaro/dev_ws/install/abb_rws_client:/home/alvaro/dev_ws/install/abb_ros2:/home/alvaro/dev_ws/install/abb_robot_msgs:/home/alvaro/dev_ws/install/abb_resources:/home/alvaro/dev_ws/install/abb_rapid_sm_addin_msgs:/home/alvaro/dev_ws/install/abb_rapid_msgs:/home/alvaro/dev_ws/install/abb_hardware_interface:/home/alvaro/dev_ws/install/abb_egm_rws_managers:/home/alvaro/dev_ws/install/abb_librws:/home/alvaro/dev_ws/install/abb_libegm:/home/alvaro/dev_ws/install/abb_irb4600_support:/home/alvaro/dev_ws/install/abb_irb1200_5_90_moveit_config:/home/alvaro/dev_ws/install/abb_irb1200_support:/home/alvaro/dev_ws/install/abb_egm_msgs:/home/alvaro/dev_ws/install/abb_bringup:/home/alvaro/ros2_ws/install/ros2controlcli:/home/alvaro/ros2_ws/install/ros2_control_test_nodes:/home/alvaro/dev_ws/install/ros2test:/opt/ros/foxy LD_LIBRARY_PATH=/home/alvaro/workspace/ros_ur_driver/install/ur_dashboard_msgs/lib:/home/alvaro/workspace/ros_ur_driver/install/ur_robot_driver/lib:/home/alvaro/workspace/ros_ur_driver/install/ur_controllers/lib:/home/alvaro/ros2_ws/install/velocity_controllers/lib:/home/alvaro/ros2_ws/install/ur_robot_driver/lib:/home/alvaro/ros2_ws/install/ur_controllers/lib:/home/alvaro/ros2_ws/install/ur_dashboard_msgs/lib:/home/alvaro/ros2_ws/install/tricycle_controller/lib:/home/alvaro/ros2_ws/install/controller_manager/lib:/home/alvaro/ros2_ws/install/ros2_control_demo_hardware/lib:/home/alvaro/ros2_ws/install/position_controllers/lib:/home/alvaro/ros2_ws/install/joint_trajectory_controller/lib:/home/alvaro/ros2_ws/install/joint_state_controller/lib:/home/alvaro/ros2_ws/install/joint_state_broadcaster/lib:/home/alvaro/ros2_ws/install/imu_sensor_broadcaster/lib:/home/alvaro/ros2_ws/install/gripper_controllers/lib:/home/alvaro/ros2_ws/install/effort_controllers/lib:/home/alvaro/ros2_ws/install/forward_command_controller/lib:/home/alvaro/ros2_ws/install/force_torque_sensor_broadcaster/lib:/home/alvaro/ros2_ws/install/diff_drive_controller/lib:/home/alvaro/ros2_ws/install/realtime_tools/lib:/home/alvaro/ros2_ws/install/controller_interface/lib:/home/alvaro/ros2_ws/install/hardware_interface/lib:/home/alvaro/ros2_ws/install/controller_manager_msgs/lib:/home/alvaro/ros2_ws/install/control_msgs/lib:/home/alvaro/dev_ws/install/turtlesim/lib:/home/alvaro/dev_ws/install/ros2srrc_data/lib:/home/alvaro/dev_ws/install/ros2_linkattacher/lib:/home/alvaro/dev_ws/install/linkattacher_msgs/lib:/home/alvaro/dev_ws/install/abb_robot_msgs/lib:/home/alvaro/dev_ws/install/abb_rapid_sm_addin_msgs/lib:/home/alvaro/dev_ws/install/abb_rapid_msgs/lib:/home/alvaro/dev_ws/install/abb_hardware_interface/lib:/home/alvaro/dev_ws/install/abb_egm_rws_managers/lib:/home/alvaro/dev_ws/install/abb_librws/lib:/home/alvaro/dev_ws/install/abb_libegm/lib:/home/alvaro/dev_ws/install/abb_egm_msgs/lib:/usr/lib/x86_64-linux-gnu/gazebo-11/plugins:/opt/ros/foxy/opt/yaml_cpp_vendor/lib:/opt/ros/foxy/opt/rviz_ogre_vendor/lib:/opt/ros/foxy/lib/x86_64-linux-gnu:/opt/ros/foxy/lib /usr/bin/cmake --build /home/alvaro/workspace/ros_ur_driver/build/ur_controllers -- -j12 -l12
[11.293s] DEBUG:colcon.colcon_core.event_handler.log_command:Invoking command in '/home/alvaro/workspace/ros_ur_driver/build/ur_controllers': CMAKE_PREFIX_PATH=/home/alvaro/workspace/ros_ur_driver/install/ur_dashboard_msgs:/home/alvaro/workspace/ros_ur_driver/install/ur_calibration:/home/alvaro/workspace/ros_ur_driver/install/ur_robot_driver:/home/alvaro/workspace/ros_ur_driver/install/ur_bringup:/home/alvaro/workspace/ros_ur_driver/install/ur_moveit_config:/home/alvaro/workspace/ros_ur_driver/install/ur_description:/home/alvaro/workspace/ros_ur_driver/install/ur_controllers:/home/alvaro/ros2_ws/install/ros2_controllers:/home/alvaro/ros2_ws/install/velocity_controllers:/home/alvaro/ros2_ws/install/ur_calibration:/home/alvaro/ros2_ws/install/ur_robot_driver:/home/alvaro/ros2_ws/install/ur_bringup:/home/alvaro/ros2_ws/install/ur_moveit_config:/home/alvaro/ros2_ws/install/ur_description:/home/alvaro/ros2_ws/install/ur_controllers:/home/alvaro/ros2_ws/install/ur_dashboard_msgs:/home/alvaro/ros2_ws/install/tricycle_controller:/home/alvaro/ros2_ws/install/transmission_interface:/home/alvaro/ros2_ws/install/ros2_control_demos:/home/alvaro/ros2_ws/install/ros2_control_demo_bringup:/home/alvaro/ros2_ws/install/rrbot_description:/home/alvaro/ros2_ws/install/ros2_control:/home/alvaro/ros2_ws/install/controller_manager:/home/alvaro/ros2_ws/install/ros2_control_test_assets:/home/alvaro/ros2_ws/install/ros2_control_demo_hardware:/home/alvaro/ros2_ws/install/ros2_control_demo_description:/home/alvaro/ros2_ws/install/position_controllers:/home/alvaro/ros2_ws/install/joint_trajectory_controller:/home/alvaro/ros2_ws/install/joint_state_controller:/home/alvaro/ros2_ws/install/joint_state_broadcaster:/home/alvaro/ros2_ws/install/imu_sensor_broadcaster:/home/alvaro/ros2_ws/install/gripper_controllers:/home/alvaro/ros2_ws/install/effort_controllers:/home/alvaro/ros2_ws/install/forward_command_controller:/home/alvaro/ros2_ws/install/force_torque_sensor_broadcaster:/home/alvaro/ros2_ws/install/diff_drive_controller:/home/alvaro/ros2_ws/install/realtime_tools:/home/alvaro/ros2_ws/install/controller_interface:/home/alvaro/ros2_ws/install/hardware_interface:/home/alvaro/ros2_ws/install/diffbot_description:/home/alvaro/ros2_ws/install/controller_manager_msgs:/home/alvaro/ros2_ws/install/control_msgs:/home/alvaro/dev_ws/install/turtlesim:/home/alvaro/dev_ws/install/ros_testing:/home/alvaro/dev_ws/install/ros2srrc_ur3_moveit2:/home/alvaro/dev_ws/install/ros2srrc_ur3_gazebo:/home/alvaro/dev_ws/install/ros2srrc_ur3_bringup:/home/alvaro/dev_ws/install/ros2srrc_irb120_moveit2:/home/alvaro/dev_ws/install/ros2srrc_irb120_gazebo:/home/alvaro/dev_ws/install/ros2srrc_irb120_bringup:/home/alvaro/dev_ws/install/ros2srrc_execution:/home/alvaro/dev_ws/install/ros2srrc_data:/home/alvaro/dev_ws/install/ros2_linkattacher:/home/alvaro/dev_ws/install/linkattacher_msgs:/home/alvaro/dev_ws/install/abb_rws_client:/home/alvaro/dev_ws/install/abb_ros2:/home/alvaro/dev_ws/install/abb_robot_msgs:/home/alvaro/dev_ws/install/abb_resources:/home/alvaro/dev_ws/install/abb_rapid_sm_addin_msgs:/home/alvaro/dev_ws/install/abb_rapid_msgs:/home/alvaro/dev_ws/install/abb_hardware_interface:/home/alvaro/dev_ws/install/abb_egm_rws_managers:/home/alvaro/dev_ws/install/abb_librws:/home/alvaro/dev_ws/install/abb_libegm:/home/alvaro/dev_ws/install/abb_irb4600_support:/home/alvaro/dev_ws/install/abb_irb1200_5_90_moveit_config:/home/alvaro/dev_ws/install/abb_irb1200_support:/home/alvaro/dev_ws/install/abb_egm_msgs:/home/alvaro/dev_ws/install/abb_bringup:/home/alvaro/ros2_ws/install/ros2controlcli:/home/alvaro/ros2_ws/install/ros2_control_test_nodes:/home/alvaro/dev_ws/install/ros2test:/opt/ros/foxy LD_LIBRARY_PATH=/home/alvaro/workspace/ros_ur_driver/install/ur_dashboard_msgs/lib:/home/alvaro/workspace/ros_ur_driver/install/ur_robot_driver/lib:/home/alvaro/workspace/ros_ur_driver/install/ur_controllers/lib:/home/alvaro/ros2_ws/install/velocity_controllers/lib:/home/alvaro/ros2_ws/install/ur_robot_driver/lib:/home/alvaro/ros2_ws/install/ur_controllers/lib:/home/alvaro/ros2_ws/install/ur_dashboard_msgs/lib:/home/alvaro/ros2_ws/install/tricycle_controller/lib:/home/alvaro/ros2_ws/install/controller_manager/lib:/home/alvaro/ros2_ws/install/ros2_control_demo_hardware/lib:/home/alvaro/ros2_ws/install/position_controllers/lib:/home/alvaro/ros2_ws/install/joint_trajectory_controller/lib:/home/alvaro/ros2_ws/install/joint_state_controller/lib:/home/alvaro/ros2_ws/install/joint_state_broadcaster/lib:/home/alvaro/ros2_ws/install/imu_sensor_broadcaster/lib:/home/alvaro/ros2_ws/install/gripper_controllers/lib:/home/alvaro/ros2_ws/install/effort_controllers/lib:/home/alvaro/ros2_ws/install/forward_command_controller/lib:/home/alvaro/ros2_ws/install/force_torque_sensor_broadcaster/lib:/home/alvaro/ros2_ws/install/diff_drive_controller/lib:/home/alvaro/ros2_ws/install/realtime_tools/lib:/home/alvaro/ros2_ws/install/controller_interface/lib:/home/alvaro/ros2_ws/install/hardware_interface/lib:/home/alvaro/ros2_ws/install/controller_manager_msgs/lib:/home/alvaro/ros2_ws/install/control_msgs/lib:/home/alvaro/dev_ws/install/turtlesim/lib:/home/alvaro/dev_ws/install/ros2srrc_data/lib:/home/alvaro/dev_ws/install/ros2_linkattacher/lib:/home/alvaro/dev_ws/install/linkattacher_msgs/lib:/home/alvaro/dev_ws/install/abb_robot_msgs/lib:/home/alvaro/dev_ws/install/abb_rapid_sm_addin_msgs/lib:/home/alvaro/dev_ws/install/abb_rapid_msgs/lib:/home/alvaro/dev_ws/install/abb_hardware_interface/lib:/home/alvaro/dev_ws/install/abb_egm_rws_managers/lib:/home/alvaro/dev_ws/install/abb_librws/lib:/home/alvaro/dev_ws/install/abb_libegm/lib:/home/alvaro/dev_ws/install/abb_egm_msgs/lib:/usr/lib/x86_64-linux-gnu/gazebo-11/plugins:/opt/ros/foxy/opt/yaml_cpp_vendor/lib:/opt/ros/foxy/opt/rviz_ogre_vendor/lib:/opt/ros/foxy/lib/x86_64-linux-gnu:/opt/ros/foxy/lib /usr/bin/cmake --install /home/alvaro/workspace/ros_ur_driver/build/ur_controllers
[11.306s] Level 1:colcon.colcon_core.environment:create_environment_scripts_only(ur_controllers)
[11.310s] DEBUG:colcon.colcon_core.event_handler.log_command:Invoked command in '/home/alvaro/workspace/ros_ur_driver/build/ur_controllers' returned '0': CMAKE_PREFIX_PATH=/home/alvaro/workspace/ros_ur_driver/install/ur_dashboard_msgs:/home/alvaro/workspace/ros_ur_driver/install/ur_calibration:/home/alvaro/workspace/ros_ur_driver/install/ur_robot_driver:/home/alvaro/workspace/ros_ur_driver/install/ur_bringup:/home/alvaro/workspace/ros_ur_driver/install/ur_moveit_config:/home/alvaro/workspace/ros_ur_driver/install/ur_description:/home/alvaro/workspace/ros_ur_driver/install/ur_controllers:/home/alvaro/ros2_ws/install/ros2_controllers:/home/alvaro/ros2_ws/install/velocity_controllers:/home/alvaro/ros2_ws/install/ur_calibration:/home/alvaro/ros2_ws/install/ur_robot_driver:/home/alvaro/ros2_ws/install/ur_bringup:/home/alvaro/ros2_ws/install/ur_moveit_config:/home/alvaro/ros2_ws/install/ur_description:/home/alvaro/ros2_ws/install/ur_controllers:/home/alvaro/ros2_ws/install/ur_dashboard_msgs:/home/alvaro/ros2_ws/install/tricycle_controller:/home/alvaro/ros2_ws/install/transmission_interface:/home/alvaro/ros2_ws/install/ros2_control_demos:/home/alvaro/ros2_ws/install/ros2_control_demo_bringup:/home/alvaro/ros2_ws/install/rrbot_description:/home/alvaro/ros2_ws/install/ros2_control:/home/alvaro/ros2_ws/install/controller_manager:/home/alvaro/ros2_ws/install/ros2_control_test_assets:/home/alvaro/ros2_ws/install/ros2_control_demo_hardware:/home/alvaro/ros2_ws/install/ros2_control_demo_description:/home/alvaro/ros2_ws/install/position_controllers:/home/alvaro/ros2_ws/install/joint_trajectory_controller:/home/alvaro/ros2_ws/install/joint_state_controller:/home/alvaro/ros2_ws/install/joint_state_broadcaster:/home/alvaro/ros2_ws/install/imu_sensor_broadcaster:/home/alvaro/ros2_ws/install/gripper_controllers:/home/alvaro/ros2_ws/install/effort_controllers:/home/alvaro/ros2_ws/install/forward_command_controller:/home/alvaro/ros2_ws/install/force_torque_sensor_broadcaster:/home/alvaro/ros2_ws/install/diff_drive_controller:/home/alvaro/ros2_ws/install/realtime_tools:/home/alvaro/ros2_ws/install/controller_interface:/home/alvaro/ros2_ws/install/hardware_interface:/home/alvaro/ros2_ws/install/diffbot_description:/home/alvaro/ros2_ws/install/controller_manager_msgs:/home/alvaro/ros2_ws/install/control_msgs:/home/alvaro/dev_ws/install/turtlesim:/home/alvaro/dev_ws/install/ros_testing:/home/alvaro/dev_ws/install/ros2srrc_ur3_moveit2:/home/alvaro/dev_ws/install/ros2srrc_ur3_gazebo:/home/alvaro/dev_ws/install/ros2srrc_ur3_bringup:/home/alvaro/dev_ws/install/ros2srrc_irb120_moveit2:/home/alvaro/dev_ws/install/ros2srrc_irb120_gazebo:/home/alvaro/dev_ws/install/ros2srrc_irb120_bringup:/home/alvaro/dev_ws/install/ros2srrc_execution:/home/alvaro/dev_ws/install/ros2srrc_data:/home/alvaro/dev_ws/install/ros2_linkattacher:/home/alvaro/dev_ws/install/linkattacher_msgs:/home/alvaro/dev_ws/install/abb_rws_client:/home/alvaro/dev_ws/install/abb_ros2:/home/alvaro/dev_ws/install/abb_robot_msgs:/home/alvaro/dev_ws/install/abb_resources:/home/alvaro/dev_ws/install/abb_rapid_sm_addin_msgs:/home/alvaro/dev_ws/install/abb_rapid_msgs:/home/alvaro/dev_ws/install/abb_hardware_interface:/home/alvaro/dev_ws/install/abb_egm_rws_managers:/home/alvaro/dev_ws/install/abb_librws:/home/alvaro/dev_ws/install/abb_libegm:/home/alvaro/dev_ws/install/abb_irb4600_support:/home/alvaro/dev_ws/install/abb_irb1200_5_90_moveit_config:/home/alvaro/dev_ws/install/abb_irb1200_support:/home/alvaro/dev_ws/install/abb_egm_msgs:/home/alvaro/dev_ws/install/abb_bringup:/home/alvaro/ros2_ws/install/ros2controlcli:/home/alvaro/ros2_ws/install/ros2_control_test_nodes:/home/alvaro/dev_ws/install/ros2test:/opt/ros/foxy LD_LIBRARY_PATH=/home/alvaro/workspace/ros_ur_driver/install/ur_dashboard_msgs/lib:/home/alvaro/workspace/ros_ur_driver/install/ur_robot_driver/lib:/home/alvaro/workspace/ros_ur_driver/install/ur_controllers/lib:/home/alvaro/ros2_ws/install/velocity_controllers/lib:/home/alvaro/ros2_ws/install/ur_robot_driver/lib:/home/alvaro/ros2_ws/install/ur_controllers/lib:/home/alvaro/ros2_ws/install/ur_dashboard_msgs/lib:/home/alvaro/ros2_ws/install/tricycle_controller/lib:/home/alvaro/ros2_ws/install/controller_manager/lib:/home/alvaro/ros2_ws/install/ros2_control_demo_hardware/lib:/home/alvaro/ros2_ws/install/position_controllers/lib:/home/alvaro/ros2_ws/install/joint_trajectory_controller/lib:/home/alvaro/ros2_ws/install/joint_state_controller/lib:/home/alvaro/ros2_ws/install/joint_state_broadcaster/lib:/home/alvaro/ros2_ws/install/imu_sensor_broadcaster/lib:/home/alvaro/ros2_ws/install/gripper_controllers/lib:/home/alvaro/ros2_ws/install/effort_controllers/lib:/home/alvaro/ros2_ws/install/forward_command_controller/lib:/home/alvaro/ros2_ws/install/force_torque_sensor_broadcaster/lib:/home/alvaro/ros2_ws/install/diff_drive_controller/lib:/home/alvaro/ros2_ws/install/realtime_tools/lib:/home/alvaro/ros2_ws/install/controller_interface/lib:/home/alvaro/ros2_ws/install/hardware_interface/lib:/home/alvaro/ros2_ws/install/controller_manager_msgs/lib:/home/alvaro/ros2_ws/install/control_msgs/lib:/home/alvaro/dev_ws/install/turtlesim/lib:/home/alvaro/dev_ws/install/ros2srrc_data/lib:/home/alvaro/dev_ws/install/ros2_linkattacher/lib:/home/alvaro/dev_ws/install/linkattacher_msgs/lib:/home/alvaro/dev_ws/install/abb_robot_msgs/lib:/home/alvaro/dev_ws/install/abb_rapid_sm_addin_msgs/lib:/home/alvaro/dev_ws/install/abb_rapid_msgs/lib:/home/alvaro/dev_ws/install/abb_hardware_interface/lib:/home/alvaro/dev_ws/install/abb_egm_rws_managers/lib:/home/alvaro/dev_ws/install/abb_librws/lib:/home/alvaro/dev_ws/install/abb_libegm/lib:/home/alvaro/dev_ws/install/abb_egm_msgs/lib:/usr/lib/x86_64-linux-gnu/gazebo-11/plugins:/opt/ros/foxy/opt/yaml_cpp_vendor/lib:/opt/ros/foxy/opt/rviz_ogre_vendor/lib:/opt/ros/foxy/lib/x86_64-linux-gnu:/opt/ros/foxy/lib /usr/bin/cmake --install /home/alvaro/workspace/ros_ur_driver/build/ur_controllers
[11.352s] Level 1:colcon.colcon_core.environment:checking '/home/alvaro/workspace/ros_ur_driver/install/ur_controllers' for CMake module files
[11.353s] Level 1:colcon.colcon_core.environment:checking '/home/alvaro/workspace/ros_ur_driver/install/ur_controllers' for CMake config files
[11.353s] Level 1:colcon.colcon_core.shell:create_environment_hook('ur_controllers', 'cmake_prefix_path')
[11.388s] INFO:colcon.colcon_core.shell:Creating environment hook '/home/alvaro/workspace/ros_ur_driver/install/ur_controllers/share/ur_controllers/hook/cmake_prefix_path.ps1'
[11.388s] INFO:colcon.colcon_core.shell:Creating environment descriptor '/home/alvaro/workspace/ros_ur_driver/install/ur_controllers/share/ur_controllers/hook/cmake_prefix_path.dsv'
[11.388s] INFO:colcon.colcon_core.shell:Creating environment hook '/home/alvaro/workspace/ros_ur_driver/install/ur_controllers/share/ur_controllers/hook/cmake_prefix_path.sh'
[11.389s] Level 1:colcon.colcon_core.environment:checking '/home/alvaro/workspace/ros_ur_driver/install/ur_controllers/lib'
[11.389s] Level 1:colcon.colcon_core.shell:create_environment_hook('ur_controllers', 'ld_library_path_lib')
[11.428s] INFO:colcon.colcon_core.shell:Creating environment hook '/home/alvaro/workspace/ros_ur_driver/install/ur_controllers/share/ur_controllers/hook/ld_library_path_lib.ps1'
[11.429s] INFO:colcon.colcon_core.shell:Creating environment descriptor '/home/alvaro/workspace/ros_ur_driver/install/ur_controllers/share/ur_controllers/hook/ld_library_path_lib.dsv'
[11.429s] INFO:colcon.colcon_core.shell:Creating environment hook '/home/alvaro/workspace/ros_ur_driver/install/ur_controllers/share/ur_controllers/hook/ld_library_path_lib.sh'
[11.430s] Level 1:colcon.colcon_core.environment:checking '/home/alvaro/workspace/ros_ur_driver/install/ur_controllers/bin'
[11.430s] Level 1:colcon.colcon_core.environment:checking '/home/alvaro/workspace/ros_ur_driver/install/ur_controllers/lib/pkgconfig/ur_controllers.pc'
[11.430s] Level 1:colcon.colcon_core.environment:checking '/home/alvaro/workspace/ros_ur_driver/install/ur_controllers/lib/python3.8/site-packages'
[11.431s] Level 1:colcon.colcon_core.environment:checking '/home/alvaro/workspace/ros_ur_driver/install/ur_controllers/bin'
[11.465s] INFO:colcon.colcon_core.shell:Creating package script '/home/alvaro/workspace/ros_ur_driver/install/ur_controllers/share/ur_controllers/package.ps1'
[11.465s] INFO:colcon.colcon_core.shell:Creating package descriptor '/home/alvaro/workspace/ros_ur_driver/install/ur_controllers/share/ur_controllers/package.dsv'
[11.466s] INFO:colcon.colcon_core.shell:Creating package script '/home/alvaro/workspace/ros_ur_driver/install/ur_controllers/share/ur_controllers/package.sh'
[11.466s] INFO:colcon.colcon_core.shell:Creating package script '/home/alvaro/workspace/ros_ur_driver/install/ur_controllers/share/ur_controllers/package.bash'
[11.466s] INFO:colcon.colcon_core.shell:Creating package script '/home/alvaro/workspace/ros_ur_driver/install/ur_controllers/share/ur_controllers/package.zsh'
[11.466s] Level 1:colcon.colcon_core.environment:create_file_with_runtime_dependencies(/home/alvaro/workspace/ros_ur_driver/install/ur_controllers/share/colcon-core/packages/ur_controllers)
[11.562s] Level 1:colcon.colcon_core.environment:create_environment_scripts_only(ur_controllers)
[11.594s] Level 1:colcon.colcon_core.environment:checking '/home/alvaro/workspace/ros_ur_driver/install/ur_controllers' for CMake module files
[11.595s] Level 1:colcon.colcon_core.environment:checking '/home/alvaro/workspace/ros_ur_driver/install/ur_controllers' for CMake config files
[11.595s] Level 1:colcon.colcon_core.shell:create_environment_hook('ur_controllers', 'cmake_prefix_path')
[11.628s] INFO:colcon.colcon_core.shell:Creating environment hook '/home/alvaro/workspace/ros_ur_driver/install/ur_controllers/share/ur_controllers/hook/cmake_prefix_path.ps1'
[11.628s] INFO:colcon.colcon_core.shell:Creating environment descriptor '/home/alvaro/workspace/ros_ur_driver/install/ur_controllers/share/ur_controllers/hook/cmake_prefix_path.dsv'
[11.628s] INFO:colcon.colcon_core.shell:Creating environment hook '/home/alvaro/workspace/ros_ur_driver/install/ur_controllers/share/ur_controllers/hook/cmake_prefix_path.sh'
[11.629s] Level 1:colcon.colcon_core.environment:checking '/home/alvaro/workspace/ros_ur_driver/install/ur_controllers/lib'
[11.629s] Level 1:colcon.colcon_core.shell:create_environment_hook('ur_controllers', 'ld_library_path_lib')
[11.661s] INFO:colcon.colcon_core.shell:Creating environment hook '/home/alvaro/workspace/ros_ur_driver/install/ur_controllers/share/ur_controllers/hook/ld_library_path_lib.ps1'
[11.662s] INFO:colcon.colcon_core.shell:Creating environment descriptor '/home/alvaro/workspace/ros_ur_driver/install/ur_controllers/share/ur_controllers/hook/ld_library_path_lib.dsv'
[11.662s] INFO:colcon.colcon_core.shell:Creating environment hook '/home/alvaro/workspace/ros_ur_driver/install/ur_controllers/share/ur_controllers/hook/ld_library_path_lib.sh'
[11.662s] Level 1:colcon.colcon_core.environment:checking '/home/alvaro/workspace/ros_ur_driver/install/ur_controllers/bin'
[11.662s] Level 1:colcon.colcon_core.environment:checking '/home/alvaro/workspace/ros_ur_driver/install/ur_controllers/lib/pkgconfig/ur_controllers.pc'
[11.662s] Level 1:colcon.colcon_core.environment:checking '/home/alvaro/workspace/ros_ur_driver/install/ur_controllers/lib/python3.8/site-packages'
[11.663s] Level 1:colcon.colcon_core.environment:checking '/home/alvaro/workspace/ros_ur_driver/install/ur_controllers/bin'
[11.695s] INFO:colcon.colcon_core.shell:Creating package script '/home/alvaro/workspace/ros_ur_driver/install/ur_controllers/share/ur_controllers/package.ps1'
[11.696s] INFO:colcon.colcon_core.shell:Creating package descriptor '/home/alvaro/workspace/ros_ur_driver/install/ur_controllers/share/ur_controllers/package.dsv'
[11.696s] INFO:colcon.colcon_core.shell:Creating package script '/home/alvaro/workspace/ros_ur_driver/install/ur_controllers/share/ur_controllers/package.sh'
[11.697s] INFO:colcon.colcon_core.shell:Creating package script '/home/alvaro/workspace/ros_ur_driver/install/ur_controllers/share/ur_controllers/package.bash'
[11.697s] INFO:colcon.colcon_core.shell:Creating package script '/home/alvaro/workspace/ros_ur_driver/install/ur_controllers/share/ur_controllers/package.zsh'
[11.697s] Level 1:colcon.colcon_core.environment:create_file_with_runtime_dependencies(/home/alvaro/workspace/ros_ur_driver/install/ur_controllers/share/colcon-core/packages/ur_controllers)
[11.697s] DEBUG:colcon.colcon_parallel_executor.executor.parallel:closing loop
[11.698s] DEBUG:colcon.colcon_parallel_executor.executor.parallel:loop closed
[11.698s] DEBUG:colcon.colcon_parallel_executor.executor.parallel:run_until_complete finished with '0'
[11.698s] DEBUG:colcon.colcon_core.event_reactor:joining thread
[11.743s] INFO:colcon.colcon_core.plugin_system:Skipping extension 'colcon_notification.desktop_notification.terminal_notifier': Not used on non-Darwin systems
[11.743s] INFO:colcon.colcon_core.plugin_system:Skipping extension 'colcon_notification.desktop_notification.win32': Not used on non-Windows systems
[11.743s] INFO:colcon.colcon_notification.desktop_notification:Sending desktop notification using 'notify2'
[11.763s] DEBUG:colcon.colcon_core.event_reactor:joined thread
[11.803s] INFO:colcon.colcon_core.shell:Creating prefix script '/home/alvaro/workspace/ros_ur_driver/install/local_setup.ps1'
[11.804s] INFO:colcon.colcon_core.shell:Creating prefix util module '/home/alvaro/workspace/ros_ur_driver/install/_local_setup_util_ps1.py'
[11.805s] INFO:colcon.colcon_core.shell:Creating prefix chain script '/home/alvaro/workspace/ros_ur_driver/install/setup.ps1'
[11.847s] INFO:colcon.colcon_core.shell:Creating prefix script '/home/alvaro/workspace/ros_ur_driver/install/local_setup.sh'
[11.847s] INFO:colcon.colcon_core.shell:Creating prefix util module '/home/alvaro/workspace/ros_ur_driver/install/_local_setup_util_sh.py'
[11.847s] INFO:colcon.colcon_core.shell:Creating prefix chain script '/home/alvaro/workspace/ros_ur_driver/install/setup.sh'
[11.882s] INFO:colcon.colcon_core.shell:Creating prefix script '/home/alvaro/workspace/ros_ur_driver/install/local_setup.bash'
[11.883s] INFO:colcon.colcon_core.shell:Creating prefix chain script '/home/alvaro/workspace/ros_ur_driver/install/setup.bash'
[11.922s] INFO:colcon.colcon_core.shell:Creating prefix script '/home/alvaro/workspace/ros_ur_driver/install/local_setup.zsh'
[11.923s] INFO:colcon.colcon_core.shell:Creating prefix chain script '/home/alvaro/workspace/ros_ur_driver/install/setup.zsh'
