[0.107s] Invoking command in '/home/pedro/workspace/ros_ur_driver/build/ur_bringup': AMENT_PREFIX_PATH=/home/pedro/workspace/ros_ur_driver/install/ur_controllers:${AMENT_PREFIX_PATH} CMAKE_PREFIX_PATH=/home/pedro/workspace/ros_ur_driver/install/ur_controllers:/home/pedro/workspace/ros_ur_driver/install/ur_description:/home/pedro/workspace/ros_ur_driver/install/ur_dashboard_msgs:/home/pedro/workspace/ros_ur_driver/install/ur_moveit_config:/home/pedro/tfg_ws/install/tfg_repository:/home/pedro/aerostack2_ws/install/aerostack2:/home/pedro/aerostack2_ws/install/as2_usb_camera_interface:/home/pedro/aerostack2_ws/install/as2_state_estimator:/home/pedro/aerostack2_ws/install/as2_realsense_interface:/home/pedro/aerostack2_ws/install/as2_platform_tello:/home/pedro/aerostack2_ws/install/as2_platform_ign_gazebo:/home/pedro/aerostack2_ws/install/as2_platform_dji_osdk:/home/pedro/aerostack2_ws/install/as2_platform_crazyflie:/home/pedro/aerostack2_ws/install/as2_motion_controller:/home/pedro/aerostack2_ws/install/as2_behaviors_trajectory_generation:/home/pedro/aerostack2_ws/install/as2_behaviors_motion:/home/pedro/aerostack2_ws/install/as2_motion_reference_handlers:/home/pedro/aerostack2_ws/install/as2_ign_gazebo_assets:/home/pedro/aerostack2_ws/install/as2_behaviors_platform:/home/pedro/aerostack2_ws/install/as2_behaviors_perception:/home/pedro/aerostack2_ws/install/as2_behavior_tree:/home/pedro/aerostack2_ws/install/as2_behavior:/home/pedro/aerostack2_ws/install/as2_alphanumeric_viewer:/home/pedro/aerostack2_ws/install/as2_core:/home/pedro/aerostack2_ws/install/as2_msgs:/home/pedro/aerostack2_ws/install/as2_gazebo_classic_assets:/home/pedro/aerostack2_ws/install/as2_cli:/home/pedro/aerostack2_ws/install/as2_keyboard_teleoperation:/home/pedro/aerostack2_ws/install/as2_python_api:/opt/ros/humble LD_LIBRARY_PATH=/home/pedro/workspace/ros_ur_driver/install/ur_controllers/lib:${LD_LIBRARY_PATH} /usr/bin/cmake /home/pedro/workspace/ros_ur_driver/src/Universal_Robots_ROS2_Driver/ur_bringup -DCMAKE_BUILD_TYPE=Release -DCMAKE_INSTALL_PREFIX=/home/pedro/workspace/ros_ur_driver/install/ur_bringup
[0.154s] -- The C compiler identification is GNU 11.4.0
[0.206s] -- The CXX compiler identification is GNU 11.4.0
[0.212s] -- Detecting C compiler ABI info
[0.272s] -- Detecting C compiler ABI info - done
[0.280s] -- Check for working C compiler: /usr/bin/cc - skipped
[0.280s] -- Detecting C compile features
[0.280s] -- Detecting C compile features - done
[0.283s] -- Detecting CXX compiler ABI info
[0.355s] -- Detecting CXX compiler ABI info - done
[0.362s] -- Check for working CXX compiler: /usr/bin/c++ - skipped
[0.363s] -- Detecting CXX compile features
[0.363s] -- Detecting CXX compile features - done
[0.367s] -- Found ament_cmake: 1.3.5 (/opt/ros/humble/share/ament_cmake/cmake)
[0.544s] -- Found Python3: /usr/bin/python3.10 (found version "3.10.12") found components: Interpreter 
[0.710s] -- Configuring done
[0.712s] -- Generating done
[0.713s] -- Build files have been written to: /home/pedro/workspace/ros_ur_driver/build/ur_bringup
[0.716s] Invoked command in '/home/pedro/workspace/ros_ur_driver/build/ur_bringup' returned '0': AMENT_PREFIX_PATH=/home/pedro/workspace/ros_ur_driver/install/ur_controllers:${AMENT_PREFIX_PATH} CMAKE_PREFIX_PATH=/home/pedro/workspace/ros_ur_driver/install/ur_controllers:/home/pedro/workspace/ros_ur_driver/install/ur_description:/home/pedro/workspace/ros_ur_driver/install/ur_dashboard_msgs:/home/pedro/workspace/ros_ur_driver/install/ur_moveit_config:/home/pedro/tfg_ws/install/tfg_repository:/home/pedro/aerostack2_ws/install/aerostack2:/home/pedro/aerostack2_ws/install/as2_usb_camera_interface:/home/pedro/aerostack2_ws/install/as2_state_estimator:/home/pedro/aerostack2_ws/install/as2_realsense_interface:/home/pedro/aerostack2_ws/install/as2_platform_tello:/home/pedro/aerostack2_ws/install/as2_platform_ign_gazebo:/home/pedro/aerostack2_ws/install/as2_platform_dji_osdk:/home/pedro/aerostack2_ws/install/as2_platform_crazyflie:/home/pedro/aerostack2_ws/install/as2_motion_controller:/home/pedro/aerostack2_ws/install/as2_behaviors_trajectory_generation:/home/pedro/aerostack2_ws/install/as2_behaviors_motion:/home/pedro/aerostack2_ws/install/as2_motion_reference_handlers:/home/pedro/aerostack2_ws/install/as2_ign_gazebo_assets:/home/pedro/aerostack2_ws/install/as2_behaviors_platform:/home/pedro/aerostack2_ws/install/as2_behaviors_perception:/home/pedro/aerostack2_ws/install/as2_behavior_tree:/home/pedro/aerostack2_ws/install/as2_behavior:/home/pedro/aerostack2_ws/install/as2_alphanumeric_viewer:/home/pedro/aerostack2_ws/install/as2_core:/home/pedro/aerostack2_ws/install/as2_msgs:/home/pedro/aerostack2_ws/install/as2_gazebo_classic_assets:/home/pedro/aerostack2_ws/install/as2_cli:/home/pedro/aerostack2_ws/install/as2_keyboard_teleoperation:/home/pedro/aerostack2_ws/install/as2_python_api:/opt/ros/humble LD_LIBRARY_PATH=/home/pedro/workspace/ros_ur_driver/install/ur_controllers/lib:${LD_LIBRARY_PATH} /usr/bin/cmake /home/pedro/workspace/ros_ur_driver/src/Universal_Robots_ROS2_Driver/ur_bringup -DCMAKE_BUILD_TYPE=Release -DCMAKE_INSTALL_PREFIX=/home/pedro/workspace/ros_ur_driver/install/ur_bringup
[0.718s] Invoking command in '/home/pedro/workspace/ros_ur_driver/build/ur_bringup': AMENT_PREFIX_PATH=/home/pedro/workspace/ros_ur_driver/install/ur_controllers:${AMENT_PREFIX_PATH} CMAKE_PREFIX_PATH=/home/pedro/workspace/ros_ur_driver/install/ur_controllers:/home/pedro/workspace/ros_ur_driver/install/ur_description:/home/pedro/workspace/ros_ur_driver/install/ur_dashboard_msgs:/home/pedro/workspace/ros_ur_driver/install/ur_moveit_config:/home/pedro/tfg_ws/install/tfg_repository:/home/pedro/aerostack2_ws/install/aerostack2:/home/pedro/aerostack2_ws/install/as2_usb_camera_interface:/home/pedro/aerostack2_ws/install/as2_state_estimator:/home/pedro/aerostack2_ws/install/as2_realsense_interface:/home/pedro/aerostack2_ws/install/as2_platform_tello:/home/pedro/aerostack2_ws/install/as2_platform_ign_gazebo:/home/pedro/aerostack2_ws/install/as2_platform_dji_osdk:/home/pedro/aerostack2_ws/install/as2_platform_crazyflie:/home/pedro/aerostack2_ws/install/as2_motion_controller:/home/pedro/aerostack2_ws/install/as2_behaviors_trajectory_generation:/home/pedro/aerostack2_ws/install/as2_behaviors_motion:/home/pedro/aerostack2_ws/install/as2_motion_reference_handlers:/home/pedro/aerostack2_ws/install/as2_ign_gazebo_assets:/home/pedro/aerostack2_ws/install/as2_behaviors_platform:/home/pedro/aerostack2_ws/install/as2_behaviors_perception:/home/pedro/aerostack2_ws/install/as2_behavior_tree:/home/pedro/aerostack2_ws/install/as2_behavior:/home/pedro/aerostack2_ws/install/as2_alphanumeric_viewer:/home/pedro/aerostack2_ws/install/as2_core:/home/pedro/aerostack2_ws/install/as2_msgs:/home/pedro/aerostack2_ws/install/as2_gazebo_classic_assets:/home/pedro/aerostack2_ws/install/as2_cli:/home/pedro/aerostack2_ws/install/as2_keyboard_teleoperation:/home/pedro/aerostack2_ws/install/as2_python_api:/opt/ros/humble LD_LIBRARY_PATH=/home/pedro/workspace/ros_ur_driver/install/ur_controllers/lib:${LD_LIBRARY_PATH} /usr/bin/cmake --build /home/pedro/workspace/ros_ur_driver/build/ur_bringup -- -j12 -l12
[0.750s] Invoked command in '/home/pedro/workspace/ros_ur_driver/build/ur_bringup' returned '0': AMENT_PREFIX_PATH=/home/pedro/workspace/ros_ur_driver/install/ur_controllers:${AMENT_PREFIX_PATH} CMAKE_PREFIX_PATH=/home/pedro/workspace/ros_ur_driver/install/ur_controllers:/home/pedro/workspace/ros_ur_driver/install/ur_description:/home/pedro/workspace/ros_ur_driver/install/ur_dashboard_msgs:/home/pedro/workspace/ros_ur_driver/install/ur_moveit_config:/home/pedro/tfg_ws/install/tfg_repository:/home/pedro/aerostack2_ws/install/aerostack2:/home/pedro/aerostack2_ws/install/as2_usb_camera_interface:/home/pedro/aerostack2_ws/install/as2_state_estimator:/home/pedro/aerostack2_ws/install/as2_realsense_interface:/home/pedro/aerostack2_ws/install/as2_platform_tello:/home/pedro/aerostack2_ws/install/as2_platform_ign_gazebo:/home/pedro/aerostack2_ws/install/as2_platform_dji_osdk:/home/pedro/aerostack2_ws/install/as2_platform_crazyflie:/home/pedro/aerostack2_ws/install/as2_motion_controller:/home/pedro/aerostack2_ws/install/as2_behaviors_trajectory_generation:/home/pedro/aerostack2_ws/install/as2_behaviors_motion:/home/pedro/aerostack2_ws/install/as2_motion_reference_handlers:/home/pedro/aerostack2_ws/install/as2_ign_gazebo_assets:/home/pedro/aerostack2_ws/install/as2_behaviors_platform:/home/pedro/aerostack2_ws/install/as2_behaviors_perception:/home/pedro/aerostack2_ws/install/as2_behavior_tree:/home/pedro/aerostack2_ws/install/as2_behavior:/home/pedro/aerostack2_ws/install/as2_alphanumeric_viewer:/home/pedro/aerostack2_ws/install/as2_core:/home/pedro/aerostack2_ws/install/as2_msgs:/home/pedro/aerostack2_ws/install/as2_gazebo_classic_assets:/home/pedro/aerostack2_ws/install/as2_cli:/home/pedro/aerostack2_ws/install/as2_keyboard_teleoperation:/home/pedro/aerostack2_ws/install/as2_python_api:/opt/ros/humble LD_LIBRARY_PATH=/home/pedro/workspace/ros_ur_driver/install/ur_controllers/lib:${LD_LIBRARY_PATH} /usr/bin/cmake --build /home/pedro/workspace/ros_ur_driver/build/ur_bringup -- -j12 -l12
[0.771s] Invoking command in '/home/pedro/workspace/ros_ur_driver/build/ur_bringup': AMENT_PREFIX_PATH=/home/pedro/workspace/ros_ur_driver/install/ur_controllers:${AMENT_PREFIX_PATH} CMAKE_PREFIX_PATH=/home/pedro/workspace/ros_ur_driver/install/ur_controllers:/home/pedro/workspace/ros_ur_driver/install/ur_description:/home/pedro/workspace/ros_ur_driver/install/ur_dashboard_msgs:/home/pedro/workspace/ros_ur_driver/install/ur_moveit_config:/home/pedro/tfg_ws/install/tfg_repository:/home/pedro/aerostack2_ws/install/aerostack2:/home/pedro/aerostack2_ws/install/as2_usb_camera_interface:/home/pedro/aerostack2_ws/install/as2_state_estimator:/home/pedro/aerostack2_ws/install/as2_realsense_interface:/home/pedro/aerostack2_ws/install/as2_platform_tello:/home/pedro/aerostack2_ws/install/as2_platform_ign_gazebo:/home/pedro/aerostack2_ws/install/as2_platform_dji_osdk:/home/pedro/aerostack2_ws/install/as2_platform_crazyflie:/home/pedro/aerostack2_ws/install/as2_motion_controller:/home/pedro/aerostack2_ws/install/as2_behaviors_trajectory_generation:/home/pedro/aerostack2_ws/install/as2_behaviors_motion:/home/pedro/aerostack2_ws/install/as2_motion_reference_handlers:/home/pedro/aerostack2_ws/install/as2_ign_gazebo_assets:/home/pedro/aerostack2_ws/install/as2_behaviors_platform:/home/pedro/aerostack2_ws/install/as2_behaviors_perception:/home/pedro/aerostack2_ws/install/as2_behavior_tree:/home/pedro/aerostack2_ws/install/as2_behavior:/home/pedro/aerostack2_ws/install/as2_alphanumeric_viewer:/home/pedro/aerostack2_ws/install/as2_core:/home/pedro/aerostack2_ws/install/as2_msgs:/home/pedro/aerostack2_ws/install/as2_gazebo_classic_assets:/home/pedro/aerostack2_ws/install/as2_cli:/home/pedro/aerostack2_ws/install/as2_keyboard_teleoperation:/home/pedro/aerostack2_ws/install/as2_python_api:/opt/ros/humble LD_LIBRARY_PATH=/home/pedro/workspace/ros_ur_driver/install/ur_controllers/lib:${LD_LIBRARY_PATH} /usr/bin/cmake --install /home/pedro/workspace/ros_ur_driver/build/ur_bringup
[0.778s] -- Install configuration: "Release"
[0.778s] -- Installing: /home/pedro/workspace/ros_ur_driver/install/ur_bringup/share/ur_bringup/config
[0.779s] -- Installing: /home/pedro/workspace/ros_ur_driver/install/ur_bringup/share/ur_bringup/config/ur_controllers.yaml
[0.779s] -- Installing: /home/pedro/workspace/ros_ur_driver/install/ur_bringup/share/ur_bringup/config/ur3e_update_rate.yaml
[0.779s] -- Installing: /home/pedro/workspace/ros_ur_driver/install/ur_bringup/share/ur_bringup/config/test_goal_publishers_config.yaml
[0.779s] -- Installing: /home/pedro/workspace/ros_ur_driver/install/ur_bringup/share/ur_bringup/config/ur10e_update_rate.yaml
[0.779s] -- Installing: /home/pedro/workspace/ros_ur_driver/install/ur_bringup/share/ur_bringup/config/ur3_update_rate.yaml
[0.779s] -- Installing: /home/pedro/workspace/ros_ur_driver/install/ur_bringup/share/ur_bringup/config/ur10_update_rate.yaml
[0.779s] -- Installing: /home/pedro/workspace/ros_ur_driver/install/ur_bringup/share/ur_bringup/config/ur16e_update_rate.yaml
[0.780s] -- Installing: /home/pedro/workspace/ros_ur_driver/install/ur_bringup/share/ur_bringup/config/ur5_update_rate.yaml
[0.780s] -- Installing: /home/pedro/workspace/ros_ur_driver/install/ur_bringup/share/ur_bringup/config/test_velocity_goal_publishers_config.yaml
[0.780s] -- Installing: /home/pedro/workspace/ros_ur_driver/install/ur_bringup/share/ur_bringup/config/ur5e_update_rate.yaml
[0.780s] -- Installing: /home/pedro/workspace/ros_ur_driver/install/ur_bringup/share/ur_bringup/launch
[0.780s] -- Installing: /home/pedro/workspace/ros_ur_driver/install/ur_bringup/share/ur_bringup/launch/ur3e.launch.py
[0.780s] -- Installing: /home/pedro/workspace/ros_ur_driver/install/ur_bringup/share/ur_bringup/launch/ur10.launch.py
[0.781s] -- Installing: /home/pedro/workspace/ros_ur_driver/install/ur_bringup/share/ur_bringup/launch/ur_dashboard_client.launch.py
[0.781s] -- Installing: /home/pedro/workspace/ros_ur_driver/install/ur_bringup/share/ur_bringup/launch/test_joint_trajectory_controller.launch.py
[0.781s] -- Installing: /home/pedro/workspace/ros_ur_driver/install/ur_bringup/share/ur_bringup/launch/ur5e.launch.py
[0.781s] -- Installing: /home/pedro/workspace/ros_ur_driver/install/ur_bringup/share/ur_bringup/launch/test_forward_velocity_controller.launch.py
[0.781s] -- Installing: /home/pedro/workspace/ros_ur_driver/install/ur_bringup/share/ur_bringup/launch/ur5.launch.py
[0.781s] -- Installing: /home/pedro/workspace/ros_ur_driver/install/ur_bringup/share/ur_bringup/launch/ur_control.launch.py
[0.781s] -- Installing: /home/pedro/workspace/ros_ur_driver/install/ur_bringup/share/ur_bringup/launch/ur3.launch.py
[0.781s] -- Installing: /home/pedro/workspace/ros_ur_driver/install/ur_bringup/share/ur_bringup/launch/ur10e.launch.py
[0.782s] -- Installing: /home/pedro/workspace/ros_ur_driver/install/ur_bringup/share/ur_bringup/launch/ur16e.launch.py
[0.782s] -- Installing: /home/pedro/workspace/ros_ur_driver/install/ur_bringup/share/ur_bringup/launch/test_scaled_joint_trajectory_controller.launch.py
[0.782s] -- Installing: /home/pedro/workspace/ros_ur_driver/install/ur_bringup/lib/ur_bringup/start_ursim.sh
[0.782s] -- Installing: /home/pedro/workspace/ros_ur_driver/install/ur_bringup/share/ament_index/resource_index/package_run_dependencies/ur_bringup
[0.782s] -- Installing: /home/pedro/workspace/ros_ur_driver/install/ur_bringup/share/ament_index/resource_index/parent_prefix_path/ur_bringup
[0.782s] -- Installing: /home/pedro/workspace/ros_ur_driver/install/ur_bringup/share/ur_bringup/environment/ament_prefix_path.sh
[0.783s] -- Installing: /home/pedro/workspace/ros_ur_driver/install/ur_bringup/share/ur_bringup/environment/ament_prefix_path.dsv
[0.783s] -- Installing: /home/pedro/workspace/ros_ur_driver/install/ur_bringup/share/ur_bringup/environment/path.sh
[0.783s] -- Installing: /home/pedro/workspace/ros_ur_driver/install/ur_bringup/share/ur_bringup/environment/path.dsv
[0.783s] -- Installing: /home/pedro/workspace/ros_ur_driver/install/ur_bringup/share/ur_bringup/local_setup.bash
[0.783s] -- Installing: /home/pedro/workspace/ros_ur_driver/install/ur_bringup/share/ur_bringup/local_setup.sh
[0.783s] -- Installing: /home/pedro/workspace/ros_ur_driver/install/ur_bringup/share/ur_bringup/local_setup.zsh
[0.783s] -- Installing: /home/pedro/workspace/ros_ur_driver/install/ur_bringup/share/ur_bringup/local_setup.dsv
[0.784s] -- Installing: /home/pedro/workspace/ros_ur_driver/install/ur_bringup/share/ur_bringup/package.dsv
[0.784s] -- Installing: /home/pedro/workspace/ros_ur_driver/install/ur_bringup/share/ament_index/resource_index/packages/ur_bringup
[0.784s] -- Installing: /home/pedro/workspace/ros_ur_driver/install/ur_bringup/share/ur_bringup/cmake/ur_bringupConfig.cmake
[0.784s] -- Installing: /home/pedro/workspace/ros_ur_driver/install/ur_bringup/share/ur_bringup/cmake/ur_bringupConfig-version.cmake
[0.784s] -- Installing: /home/pedro/workspace/ros_ur_driver/install/ur_bringup/share/ur_bringup/package.xml
[0.786s] Invoked command in '/home/pedro/workspace/ros_ur_driver/build/ur_bringup' returned '0': AMENT_PREFIX_PATH=/home/pedro/workspace/ros_ur_driver/install/ur_controllers:${AMENT_PREFIX_PATH} CMAKE_PREFIX_PATH=/home/pedro/workspace/ros_ur_driver/install/ur_controllers:/home/pedro/workspace/ros_ur_driver/install/ur_description:/home/pedro/workspace/ros_ur_driver/install/ur_dashboard_msgs:/home/pedro/workspace/ros_ur_driver/install/ur_moveit_config:/home/pedro/tfg_ws/install/tfg_repository:/home/pedro/aerostack2_ws/install/aerostack2:/home/pedro/aerostack2_ws/install/as2_usb_camera_interface:/home/pedro/aerostack2_ws/install/as2_state_estimator:/home/pedro/aerostack2_ws/install/as2_realsense_interface:/home/pedro/aerostack2_ws/install/as2_platform_tello:/home/pedro/aerostack2_ws/install/as2_platform_ign_gazebo:/home/pedro/aerostack2_ws/install/as2_platform_dji_osdk:/home/pedro/aerostack2_ws/install/as2_platform_crazyflie:/home/pedro/aerostack2_ws/install/as2_motion_controller:/home/pedro/aerostack2_ws/install/as2_behaviors_trajectory_generation:/home/pedro/aerostack2_ws/install/as2_behaviors_motion:/home/pedro/aerostack2_ws/install/as2_motion_reference_handlers:/home/pedro/aerostack2_ws/install/as2_ign_gazebo_assets:/home/pedro/aerostack2_ws/install/as2_behaviors_platform:/home/pedro/aerostack2_ws/install/as2_behaviors_perception:/home/pedro/aerostack2_ws/install/as2_behavior_tree:/home/pedro/aerostack2_ws/install/as2_behavior:/home/pedro/aerostack2_ws/install/as2_alphanumeric_viewer:/home/pedro/aerostack2_ws/install/as2_core:/home/pedro/aerostack2_ws/install/as2_msgs:/home/pedro/aerostack2_ws/install/as2_gazebo_classic_assets:/home/pedro/aerostack2_ws/install/as2_cli:/home/pedro/aerostack2_ws/install/as2_keyboard_teleoperation:/home/pedro/aerostack2_ws/install/as2_python_api:/opt/ros/humble LD_LIBRARY_PATH=/home/pedro/workspace/ros_ur_driver/install/ur_controllers/lib:${LD_LIBRARY_PATH} /usr/bin/cmake --install /home/pedro/workspace/ros_ur_driver/build/ur_bringup
