[1.988s] Invoking command in '/home/alvaro/workspace/ros_ur_driver/src/Universal_Robots_ROS2_Driver/py_srvcli': PYTHONPATH=/home/alvaro/workspace/ros_ur_driver/build/py_srvcli/prefix_override:/home/alvaro/workspace/ros_ur_driver/install/py_srvcli/lib/python3.8/site-packages:${PYTHONPATH} /usr/bin/python3 setup.py egg_info --egg-base ../../../build/py_srvcli build --build-base /home/alvaro/workspace/ros_ur_driver/build/py_srvcli/build install --record /home/alvaro/workspace/ros_ur_driver/build/py_srvcli/install.log --install-scripts $base/lib/py_srvcli --single-version-externally-managed
[2.255s] running egg_info
[2.256s] writing ../../../build/py_srvcli/py_srvcli.egg-info/PKG-INFO
[2.256s] writing dependency_links to ../../../build/py_srvcli/py_srvcli.egg-info/dependency_links.txt
[2.256s] writing entry points to ../../../build/py_srvcli/py_srvcli.egg-info/entry_points.txt
[2.256s] writing requirements to ../../../build/py_srvcli/py_srvcli.egg-info/requires.txt
[2.257s] writing top-level names to ../../../build/py_srvcli/py_srvcli.egg-info/top_level.txt
[2.300s] reading manifest file '../../../build/py_srvcli/py_srvcli.egg-info/SOURCES.txt'
[2.301s] writing manifest file '../../../build/py_srvcli/py_srvcli.egg-info/SOURCES.txt'
[2.302s] running build
[2.302s] running build_py
[2.302s] running install
[2.303s] running install_lib
[2.304s] running install_data
[2.308s] running install_egg_info
[2.309s] removing '/home/alvaro/workspace/ros_ur_driver/install/py_srvcli/lib/python3.8/site-packages/py_srvcli-0.0.0-py3.8.egg-info' (and everything under it)
[2.310s] Copying ../../../build/py_srvcli/py_srvcli.egg-info to /home/alvaro/workspace/ros_ur_driver/install/py_srvcli/lib/python3.8/site-packages/py_srvcli-0.0.0-py3.8.egg-info
[2.312s] running install_scripts
[2.328s] Installing client script to /home/alvaro/workspace/ros_ur_driver/install/py_srvcli/lib/py_srvcli
[2.328s] Installing prueba script to /home/alvaro/workspace/ros_ur_driver/install/py_srvcli/lib/py_srvcli
[2.329s] Installing service script to /home/alvaro/workspace/ros_ur_driver/install/py_srvcli/lib/py_srvcli
[2.330s] writing list of installed files to '/home/alvaro/workspace/ros_ur_driver/build/py_srvcli/install.log'
[2.513s] Invoked command in '/home/alvaro/workspace/ros_ur_driver/src/Universal_Robots_ROS2_Driver/py_srvcli' returned '0': PYTHONPATH=/home/alvaro/workspace/ros_ur_driver/build/py_srvcli/prefix_override:/home/alvaro/workspace/ros_ur_driver/install/py_srvcli/lib/python3.8/site-packages:${PYTHONPATH} /usr/bin/python3 setup.py egg_info --egg-base ../../../build/py_srvcli build --build-base /home/alvaro/workspace/ros_ur_driver/build/py_srvcli/build install --record /home/alvaro/workspace/ros_ur_driver/build/py_srvcli/install.log --install-scripts $base/lib/py_srvcli --single-version-externally-managed
