[0.347s] Invoking command in '/home/alvaro/workspace/ros_ur_driver/build/ur_bringup': CMAKE_PREFIX_PATH=${CMAKE_PREFIX_PATH}:/home/alvaro/ros2_ws/install/ros2controlcli:/home/alvaro/ros2_ws/install/ros2_control_test_nodes:/home/alvaro/dev_ws/install/ros2test:/opt/ros/foxy /usr/bin/cmake /home/alvaro/workspace/ros_ur_driver/src/Universal_Robots_ROS2_Driver/ur_bringup -DCMAKE_INSTALL_PREFIX=/home/alvaro/workspace/ros_ur_driver/install/ur_bringup
[0.371s] -- Found ament_cmake: 0.9.12 (/opt/ros/foxy/share/ament_cmake/cmake)
[0.417s] -- Using PYTHON_EXECUTABLE: /usr/bin/python3
[0.782s] -- Configuring done
[0.785s] -- Generating done
[0.787s] -- Build files have been written to: /home/alvaro/workspace/ros_ur_driver/build/ur_bringup
[0.790s] Invoked command in '/home/alvaro/workspace/ros_ur_driver/build/ur_bringup' returned '0': CMAKE_PREFIX_PATH=${CMAKE_PREFIX_PATH}:/home/alvaro/ros2_ws/install/ros2controlcli:/home/alvaro/ros2_ws/install/ros2_control_test_nodes:/home/alvaro/dev_ws/install/ros2test:/opt/ros/foxy /usr/bin/cmake /home/alvaro/workspace/ros_ur_driver/src/Universal_Robots_ROS2_Driver/ur_bringup -DCMAKE_INSTALL_PREFIX=/home/alvaro/workspace/ros_ur_driver/install/ur_bringup
[0.794s] Invoking command in '/home/alvaro/workspace/ros_ur_driver/build/ur_bringup': CMAKE_PREFIX_PATH=${CMAKE_PREFIX_PATH}:/home/alvaro/ros2_ws/install/ros2controlcli:/home/alvaro/ros2_ws/install/ros2_control_test_nodes:/home/alvaro/dev_ws/install/ros2test:/opt/ros/foxy /usr/bin/cmake --build /home/alvaro/workspace/ros_ur_driver/build/ur_bringup -- -j12 -l12
[0.866s] Invoked command in '/home/alvaro/workspace/ros_ur_driver/build/ur_bringup' returned '0': CMAKE_PREFIX_PATH=${CMAKE_PREFIX_PATH}:/home/alvaro/ros2_ws/install/ros2controlcli:/home/alvaro/ros2_ws/install/ros2_control_test_nodes:/home/alvaro/dev_ws/install/ros2test:/opt/ros/foxy /usr/bin/cmake --build /home/alvaro/workspace/ros_ur_driver/build/ur_bringup -- -j12 -l12
[0.943s] Invoking command in '/home/alvaro/workspace/ros_ur_driver/build/ur_bringup': CMAKE_PREFIX_PATH=${CMAKE_PREFIX_PATH}:/home/alvaro/ros2_ws/install/ros2controlcli:/home/alvaro/ros2_ws/install/ros2_control_test_nodes:/home/alvaro/dev_ws/install/ros2test:/opt/ros/foxy /usr/bin/cmake --install /home/alvaro/workspace/ros_ur_driver/build/ur_bringup
[0.960s] -- Install configuration: "Release"
[0.960s] -- Up-to-date: /home/alvaro/workspace/ros_ur_driver/install/ur_bringup/share/ur_bringup/config
[0.961s] -- Up-to-date: /home/alvaro/workspace/ros_ur_driver/install/ur_bringup/share/ur_bringup/config/test_goal_publishers_config.yaml
[0.961s] -- Up-to-date: /home/alvaro/workspace/ros_ur_driver/install/ur_bringup/share/ur_bringup/config/points.csv
[0.961s] -- Up-to-date: /home/alvaro/workspace/ros_ur_driver/install/ur_bringup/share/ur_bringup/config/test_goal_config1.yaml
[0.961s] -- Up-to-date: /home/alvaro/workspace/ros_ur_driver/install/ur_bringup/share/ur_bringup/config/ur_controllers.yaml
[0.961s] -- Up-to-date: /home/alvaro/workspace/ros_ur_driver/install/ur_bringup/share/ur_bringup/launch
[0.962s] -- Up-to-date: /home/alvaro/workspace/ros_ur_driver/install/ur_bringup/share/ur_bringup/launch/simulacion_robot.launch.py
[0.962s] -- Up-to-date: /home/alvaro/workspace/ros_ur_driver/install/ur_bringup/share/ur_bringup/launch/prueba502.py
[0.962s] -- Up-to-date: /home/alvaro/workspace/ros_ur_driver/install/ur_bringup/share/ur_bringup/launch/prueba_inversa.py
[0.962s] -- Up-to-date: /home/alvaro/workspace/ros_ur_driver/install/ur_bringup/share/ur_bringup/launch/ur16e.launch.py
[0.962s] -- Up-to-date: /home/alvaro/workspace/ros_ur_driver/install/ur_bringup/share/ur_bringup/launch/ur10e.launch.py
[0.962s] -- Up-to-date: /home/alvaro/workspace/ros_ur_driver/install/ur_bringup/share/ur_bringup/launch/ur10.launch.py
[0.962s] -- Up-to-date: /home/alvaro/workspace/ros_ur_driver/install/ur_bringup/share/ur_bringup/launch/ur5e.launch.py
[0.963s] -- Up-to-date: /home/alvaro/workspace/ros_ur_driver/install/ur_bringup/share/ur_bringup/launch/ur3.launch.py
[0.963s] -- Up-to-date: /home/alvaro/workspace/ros_ur_driver/install/ur_bringup/share/ur_bringup/launch/ur_dashboard_client.launch.py
[0.963s] -- Up-to-date: /home/alvaro/workspace/ros_ur_driver/install/ur_bringup/share/ur_bringup/launch/prueba2.py
[0.964s] -- Up-to-date: /home/alvaro/workspace/ros_ur_driver/install/ur_bringup/share/ur_bringup/launch/test_scaled_joint_trajectory_controller.launch.py
[0.965s] -- Up-to-date: /home/alvaro/workspace/ros_ur_driver/install/ur_bringup/share/ur_bringup/launch/test_joint_trajectory_controller.launch.py
[0.965s] -- Up-to-date: /home/alvaro/workspace/ros_ur_driver/install/ur_bringup/share/ur_bringup/launch/ur3e.launch.py
[0.965s] -- Up-to-date: /home/alvaro/workspace/ros_ur_driver/install/ur_bringup/share/ur_bringup/launch/ur5.launch.py
[0.965s] -- Up-to-date: /home/alvaro/workspace/ros_ur_driver/install/ur_bringup/share/ur_bringup/launch/ur_moveit.launch.py
[0.965s] -- Up-to-date: /home/alvaro/workspace/ros_ur_driver/install/ur_bringup/share/ur_bringup/launch/ur_control.launch.py
[0.965s] -- Up-to-date: /home/alvaro/workspace/ros_ur_driver/install/ur_bringup/share/ament_index/resource_index/package_run_dependencies/ur_bringup
[0.966s] -- Up-to-date: /home/alvaro/workspace/ros_ur_driver/install/ur_bringup/share/ament_index/resource_index/parent_prefix_path/ur_bringup
[0.966s] -- Up-to-date: /home/alvaro/workspace/ros_ur_driver/install/ur_bringup/share/ur_bringup/environment/ament_prefix_path.sh
[0.966s] -- Installing: /home/alvaro/workspace/ros_ur_driver/install/ur_bringup/share/ur_bringup/environment/ament_prefix_path.dsv
[0.966s] -- Up-to-date: /home/alvaro/workspace/ros_ur_driver/install/ur_bringup/share/ur_bringup/environment/path.sh
[0.966s] -- Installing: /home/alvaro/workspace/ros_ur_driver/install/ur_bringup/share/ur_bringup/environment/path.dsv
[0.967s] -- Up-to-date: /home/alvaro/workspace/ros_ur_driver/install/ur_bringup/share/ur_bringup/local_setup.bash
[0.967s] -- Up-to-date: /home/alvaro/workspace/ros_ur_driver/install/ur_bringup/share/ur_bringup/local_setup.sh
[0.967s] -- Up-to-date: /home/alvaro/workspace/ros_ur_driver/install/ur_bringup/share/ur_bringup/local_setup.zsh
[0.967s] -- Installing: /home/alvaro/workspace/ros_ur_driver/install/ur_bringup/share/ur_bringup/local_setup.dsv
[0.967s] -- Installing: /home/alvaro/workspace/ros_ur_driver/install/ur_bringup/share/ur_bringup/package.dsv
[0.968s] -- Up-to-date: /home/alvaro/workspace/ros_ur_driver/install/ur_bringup/share/ament_index/resource_index/packages/ur_bringup
[0.968s] -- Up-to-date: /home/alvaro/workspace/ros_ur_driver/install/ur_bringup/share/ur_bringup/cmake/ur_bringupConfig.cmake
[0.968s] -- Up-to-date: /home/alvaro/workspace/ros_ur_driver/install/ur_bringup/share/ur_bringup/cmake/ur_bringupConfig-version.cmake
[0.968s] -- Up-to-date: /home/alvaro/workspace/ros_ur_driver/install/ur_bringup/share/ur_bringup/package.xml
[0.968s] Invoked command in '/home/alvaro/workspace/ros_ur_driver/build/ur_bringup' returned '0': CMAKE_PREFIX_PATH=${CMAKE_PREFIX_PATH}:/home/alvaro/ros2_ws/install/ros2controlcli:/home/alvaro/ros2_ws/install/ros2_control_test_nodes:/home/alvaro/dev_ws/install/ros2test:/opt/ros/foxy /usr/bin/cmake --install /home/alvaro/workspace/ros_ur_driver/build/ur_bringup
