[0.094s] Invoking command in '/home/adela/workspace/ros_ur_driver/build/ur_controllers': CMAKE_PREFIX_PATH=/home/adela/workspace/ros_ur_driver/install/ur_dashboard_msgs:/home/adela/workspace/ros_ur_driver/install/ur:/home/adela/workspace/ros_ur_driver/install/ur_calibration:/home/adela/workspace/ros_ur_driver/install/ur_robot_driver:/home/adela/workspace/ros_ur_driver/install/ur_moveit_config:/home/adela/workspace/ros_ur_driver/install/ur_bringup:/home/adela/workspace/ros_ur_driver/install/ur_description:/home/adela/workspace/ros_ur_driver/install/ur_controllers:/opt/ros/humble LD_LIBRARY_PATH=/home/adela/workspace/ros_ur_driver/install/ur_dashboard_msgs/lib:/home/adela/workspace/ros_ur_driver/install/ur_robot_driver/lib:/home/adela/workspace/ros_ur_driver/install/ur_controllers/lib:/opt/ros/humble/opt/rviz_ogre_vendor/lib:/opt/ros/humble/lib/x86_64-linux-gnu:/opt/ros/humble/lib /usr/bin/cmake --build /home/adela/workspace/ros_ur_driver/build/ur_controllers -- -j2 -l2
[0.152s] [ 14%] Built target gpio_controller_parameters
[0.153s] [ 28%] Built target speed_scaling_state_broadcaster_parameters
[0.180s] [ 42%] Built target scaled_joint_trajectory_controller_parameters
[0.198s] [35m[1mConsolidate compiler generated dependencies of target ur_controllers[0m
[0.225s] [100%] Built target ur_controllers
[0.239s] Invoked command in '/home/adela/workspace/ros_ur_driver/build/ur_controllers' returned '0': CMAKE_PREFIX_PATH=/home/adela/workspace/ros_ur_driver/install/ur_dashboard_msgs:/home/adela/workspace/ros_ur_driver/install/ur:/home/adela/workspace/ros_ur_driver/install/ur_calibration:/home/adela/workspace/ros_ur_driver/install/ur_robot_driver:/home/adela/workspace/ros_ur_driver/install/ur_moveit_config:/home/adela/workspace/ros_ur_driver/install/ur_bringup:/home/adela/workspace/ros_ur_driver/install/ur_description:/home/adela/workspace/ros_ur_driver/install/ur_controllers:/opt/ros/humble LD_LIBRARY_PATH=/home/adela/workspace/ros_ur_driver/install/ur_dashboard_msgs/lib:/home/adela/workspace/ros_ur_driver/install/ur_robot_driver/lib:/home/adela/workspace/ros_ur_driver/install/ur_controllers/lib:/opt/ros/humble/opt/rviz_ogre_vendor/lib:/opt/ros/humble/lib/x86_64-linux-gnu:/opt/ros/humble/lib /usr/bin/cmake --build /home/adela/workspace/ros_ur_driver/build/ur_controllers -- -j2 -l2
[0.283s] Invoking command in '/home/adela/workspace/ros_ur_driver/build/ur_controllers': CMAKE_PREFIX_PATH=/home/adela/workspace/ros_ur_driver/install/ur_dashboard_msgs:/home/adela/workspace/ros_ur_driver/install/ur:/home/adela/workspace/ros_ur_driver/install/ur_calibration:/home/adela/workspace/ros_ur_driver/install/ur_robot_driver:/home/adela/workspace/ros_ur_driver/install/ur_moveit_config:/home/adela/workspace/ros_ur_driver/install/ur_bringup:/home/adela/workspace/ros_ur_driver/install/ur_description:/home/adela/workspace/ros_ur_driver/install/ur_controllers:/opt/ros/humble LD_LIBRARY_PATH=/home/adela/workspace/ros_ur_driver/install/ur_dashboard_msgs/lib:/home/adela/workspace/ros_ur_driver/install/ur_robot_driver/lib:/home/adela/workspace/ros_ur_driver/install/ur_controllers/lib:/opt/ros/humble/opt/rviz_ogre_vendor/lib:/opt/ros/humble/lib/x86_64-linux-gnu:/opt/ros/humble/lib /usr/bin/cmake --install /home/adela/workspace/ros_ur_driver/build/ur_controllers
[0.293s] -- Install configuration: ""
[0.293s] -- Up-to-date: /home/adela/workspace/ros_ur_driver/install/ur_controllers/include/gpio_controller_parameters
[0.293s] -- Up-to-date: /home/adela/workspace/ros_ur_driver/install/ur_controllers/include/gpio_controller_parameters/gpio_controller_parameters.hpp
[0.293s] -- Up-to-date: /home/adela/workspace/ros_ur_driver/install/ur_controllers/include/speed_scaling_state_broadcaster_parameters
[0.294s] -- Up-to-date: /home/adela/workspace/ros_ur_driver/install/ur_controllers/include/speed_scaling_state_broadcaster_parameters/speed_scaling_state_broadcaster_parameters.hpp
[0.294s] -- Up-to-date: /home/adela/workspace/ros_ur_driver/install/ur_controllers/include/scaled_joint_trajectory_controller_parameters
[0.294s] -- Up-to-date: /home/adela/workspace/ros_ur_driver/install/ur_controllers/include/scaled_joint_trajectory_controller_parameters/scaled_joint_trajectory_controller_parameters.hpp
[0.294s] -- Up-to-date: /home/adela/workspace/ros_ur_driver/install/ur_controllers/share/ur_controllers/controller_plugins.xml
[0.295s] -- Up-to-date: /home/adela/workspace/ros_ur_driver/install/ur_controllers/lib/libur_controllers.so
[0.295s] -- Up-to-date: /home/adela/workspace/ros_ur_driver/install/ur_controllers/include
[0.295s] -- Up-to-date: /home/adela/workspace/ros_ur_driver/install/ur_controllers/include/ur_controllers
[0.295s] -- Up-to-date: /home/adela/workspace/ros_ur_driver/install/ur_controllers/include/ur_controllers/gpio_controller.hpp
[0.295s] -- Up-to-date: /home/adela/workspace/ros_ur_driver/install/ur_controllers/include/ur_controllers/scaled_joint_trajectory_controller.hpp
[0.296s] -- Up-to-date: /home/adela/workspace/ros_ur_driver/install/ur_controllers/include/ur_controllers/speed_scaling_state_broadcaster.hpp
[0.296s] -- Up-to-date: /home/adela/workspace/ros_ur_driver/install/ur_controllers/share/ur_controllers/controller_plugins.xml
[0.296s] -- Up-to-date: /home/adela/workspace/ros_ur_driver/install/ur_controllers/share/ur_controllers/environment/library_path.sh
[0.296s] -- Up-to-date: /home/adela/workspace/ros_ur_driver/install/ur_controllers/share/ur_controllers/environment/library_path.dsv
[0.296s] -- Up-to-date: /home/adela/workspace/ros_ur_driver/install/ur_controllers/share/ament_index/resource_index/package_run_dependencies/ur_controllers
[0.297s] -- Up-to-date: /home/adela/workspace/ros_ur_driver/install/ur_controllers/share/ament_index/resource_index/parent_prefix_path/ur_controllers
[0.297s] -- Up-to-date: /home/adela/workspace/ros_ur_driver/install/ur_controllers/share/ur_controllers/environment/ament_prefix_path.sh
[0.297s] -- Up-to-date: /home/adela/workspace/ros_ur_driver/install/ur_controllers/share/ur_controllers/environment/ament_prefix_path.dsv
[0.297s] -- Up-to-date: /home/adela/workspace/ros_ur_driver/install/ur_controllers/share/ur_controllers/environment/path.sh
[0.297s] -- Up-to-date: /home/adela/workspace/ros_ur_driver/install/ur_controllers/share/ur_controllers/environment/path.dsv
[0.298s] -- Up-to-date: /home/adela/workspace/ros_ur_driver/install/ur_controllers/share/ur_controllers/local_setup.bash
[0.298s] -- Up-to-date: /home/adela/workspace/ros_ur_driver/install/ur_controllers/share/ur_controllers/local_setup.sh
[0.298s] -- Up-to-date: /home/adela/workspace/ros_ur_driver/install/ur_controllers/share/ur_controllers/local_setup.zsh
[0.298s] -- Up-to-date: /home/adela/workspace/ros_ur_driver/install/ur_controllers/share/ur_controllers/local_setup.dsv
[0.298s] -- Installing: /home/adela/workspace/ros_ur_driver/install/ur_controllers/share/ur_controllers/package.dsv
[0.299s] -- Up-to-date: /home/adela/workspace/ros_ur_driver/install/ur_controllers/share/ament_index/resource_index/packages/ur_controllers
[0.299s] -- Up-to-date: /home/adela/workspace/ros_ur_driver/install/ur_controllers/share/ament_index/resource_index/controller_interface__pluginlib__plugin/ur_controllers
[0.299s] -- Up-to-date: /home/adela/workspace/ros_ur_driver/install/ur_controllers/share/ur_controllers/cmake/ament_cmake_export_dependencies-extras.cmake
[0.299s] -- Up-to-date: /home/adela/workspace/ros_ur_driver/install/ur_controllers/share/ur_controllers/cmake/ament_cmake_export_include_directories-extras.cmake
[0.300s] -- Up-to-date: /home/adela/workspace/ros_ur_driver/install/ur_controllers/share/ur_controllers/cmake/ament_cmake_export_libraries-extras.cmake
[0.300s] -- Up-to-date: /home/adela/workspace/ros_ur_driver/install/ur_controllers/share/ur_controllers/cmake/ur_controllersConfig.cmake
[0.300s] -- Up-to-date: /home/adela/workspace/ros_ur_driver/install/ur_controllers/share/ur_controllers/cmake/ur_controllersConfig-version.cmake
[0.300s] -- Up-to-date: /home/adela/workspace/ros_ur_driver/install/ur_controllers/share/ur_controllers/package.xml
[0.302s] Invoked command in '/home/adela/workspace/ros_ur_driver/build/ur_controllers' returned '0': CMAKE_PREFIX_PATH=/home/adela/workspace/ros_ur_driver/install/ur_dashboard_msgs:/home/adela/workspace/ros_ur_driver/install/ur:/home/adela/workspace/ros_ur_driver/install/ur_calibration:/home/adela/workspace/ros_ur_driver/install/ur_robot_driver:/home/adela/workspace/ros_ur_driver/install/ur_moveit_config:/home/adela/workspace/ros_ur_driver/install/ur_bringup:/home/adela/workspace/ros_ur_driver/install/ur_description:/home/adela/workspace/ros_ur_driver/install/ur_controllers:/opt/ros/humble LD_LIBRARY_PATH=/home/adela/workspace/ros_ur_driver/install/ur_dashboard_msgs/lib:/home/adela/workspace/ros_ur_driver/install/ur_robot_driver/lib:/home/adela/workspace/ros_ur_driver/install/ur_controllers/lib:/opt/ros/humble/opt/rviz_ogre_vendor/lib:/opt/ros/humble/lib/x86_64-linux-gnu:/opt/ros/humble/lib /usr/bin/cmake --install /home/adela/workspace/ros_ur_driver/build/ur_controllers
