[0.705s] Invoking command in '/home/alvaro/workspace/ros_ur_driver/build/ur_calibration': CMAKE_PREFIX_PATH=${CMAKE_PREFIX_PATH}:/home/alvaro/ros2_ws/install/ros2controlcli:/home/alvaro/ros2_ws/install/ros2_control_test_nodes:/home/alvaro/dev_ws/install/ros2test:/opt/ros/foxy /usr/bin/cmake /home/alvaro/workspace/ros_ur_driver/src/Universal_Robots_ROS2_Driver/ur_calibration -DCMAKE_INSTALL_PREFIX=/home/alvaro/workspace/ros_ur_driver/install/ur_calibration
[0.732s] -- Found ament_cmake: 0.9.12 (/opt/ros/foxy/share/ament_cmake/cmake)
[0.779s] -- Using PYTHON_EXECUTABLE: /usr/bin/python3
[1.071s] -- Found rclcpp: 2.4.3 (/opt/ros/foxy/share/rclcpp/cmake)
[1.134s] -- Using all available rosidl_typesupport_c: rosidl_typesupport_fastrtps_c;rosidl_typesupport_introspection_c
[1.140s] -- Found rosidl_adapter: 1.3.1 (/opt/ros/foxy/share/rosidl_adapter/cmake)
[1.379s] -- Using all available rosidl_typesupport_cpp: rosidl_typesupport_fastrtps_cpp;rosidl_typesupport_introspection_cpp
[1.438s] -- Found rmw_implementation_cmake: 1.0.4 (/opt/ros/foxy/share/rmw_implementation_cmake/cmake)
[1.443s] -- Using RMW implementation 'rmw_fastrtps_cpp' as default
[1.657s] -- Found ur_robot_driver: 2.0.2 (/home/alvaro/workspace/ros_ur_driver/install/ur_robot_driver/share/ur_robot_driver/cmake)
[3.996s] -- Found ament_cmake_gmock: 0.9.12 (/opt/ros/foxy/share/ament_cmake_gmock/cmake)
[3.997s] -- Found gmock sources under '/opt/ros/foxy/src/gmock_vendor': C++ tests using 'Google Mock' will be built
[3.999s] -- Found ament_cmake_gtest: 0.9.12 (/opt/ros/foxy/share/ament_cmake_gtest/cmake)
[4.000s] -- Found gtest sources under '/opt/ros/foxy/src/gtest_vendor': C++ tests using 'Google Test' will be built
[4.111s] -- Configuring done
[4.231s] -- Generating done
[4.234s] -- Build files have been written to: /home/alvaro/workspace/ros_ur_driver/build/ur_calibration
[4.314s] Invoked command in '/home/alvaro/workspace/ros_ur_driver/build/ur_calibration' returned '0': CMAKE_PREFIX_PATH=${CMAKE_PREFIX_PATH}:/home/alvaro/ros2_ws/install/ros2controlcli:/home/alvaro/ros2_ws/install/ros2_control_test_nodes:/home/alvaro/dev_ws/install/ros2test:/opt/ros/foxy /usr/bin/cmake /home/alvaro/workspace/ros_ur_driver/src/Universal_Robots_ROS2_Driver/ur_calibration -DCMAKE_INSTALL_PREFIX=/home/alvaro/workspace/ros_ur_driver/install/ur_calibration
[4.319s] Invoking command in '/home/alvaro/workspace/ros_ur_driver/build/ur_calibration': CMAKE_PREFIX_PATH=${CMAKE_PREFIX_PATH}:/home/alvaro/ros2_ws/install/ros2controlcli:/home/alvaro/ros2_ws/install/ros2_control_test_nodes:/home/alvaro/dev_ws/install/ros2test:/opt/ros/foxy /usr/bin/cmake --build /home/alvaro/workspace/ros_ur_driver/build/ur_calibration -- -j12 -l12
[4.418s] [ 25%] Built target gmock
[4.419s] [ 41%] Built target gmock_main
[4.446s] [ 75%] Built target calibration_correction
[4.493s] [100%] Built target calibration_test
[4.639s] Invoked command in '/home/alvaro/workspace/ros_ur_driver/build/ur_calibration' returned '0': CMAKE_PREFIX_PATH=${CMAKE_PREFIX_PATH}:/home/alvaro/ros2_ws/install/ros2controlcli:/home/alvaro/ros2_ws/install/ros2_control_test_nodes:/home/alvaro/dev_ws/install/ros2test:/opt/ros/foxy /usr/bin/cmake --build /home/alvaro/workspace/ros_ur_driver/build/ur_calibration -- -j12 -l12
[4.736s] Invoking command in '/home/alvaro/workspace/ros_ur_driver/build/ur_calibration': CMAKE_PREFIX_PATH=${CMAKE_PREFIX_PATH}:/home/alvaro/ros2_ws/install/ros2controlcli:/home/alvaro/ros2_ws/install/ros2_control_test_nodes:/home/alvaro/dev_ws/install/ros2test:/opt/ros/foxy /usr/bin/cmake --install /home/alvaro/workspace/ros_ur_driver/build/ur_calibration
[4.751s] -- Install configuration: "Release"
[4.751s] -- Up-to-date: /home/alvaro/workspace/ros_ur_driver/install/ur_calibration/lib/ur_calibration/calibration_correction
[4.751s] -- Up-to-date: /home/alvaro/workspace/ros_ur_driver/install/ur_calibration/include
[4.752s] -- Up-to-date: /home/alvaro/workspace/ros_ur_driver/install/ur_calibration/include/ur_calibration
[4.752s] -- Up-to-date: /home/alvaro/workspace/ros_ur_driver/install/ur_calibration/include/ur_calibration/calibration_consumer.hpp
[4.752s] -- Up-to-date: /home/alvaro/workspace/ros_ur_driver/install/ur_calibration/include/ur_calibration/calibration.hpp
[4.752s] -- Up-to-date: /home/alvaro/workspace/ros_ur_driver/install/ur_calibration/share/ur_calibration/launch
[4.752s] -- Up-to-date: /home/alvaro/workspace/ros_ur_driver/install/ur_calibration/share/ur_calibration/launch/calibration_correction.launch.py
[4.752s] -- Up-to-date: /home/alvaro/workspace/ros_ur_driver/install/ur_calibration/share/ament_index/resource_index/package_run_dependencies/ur_calibration
[4.753s] -- Up-to-date: /home/alvaro/workspace/ros_ur_driver/install/ur_calibration/share/ament_index/resource_index/parent_prefix_path/ur_calibration
[4.753s] -- Up-to-date: /home/alvaro/workspace/ros_ur_driver/install/ur_calibration/share/ur_calibration/environment/ament_prefix_path.sh
[4.753s] -- Installing: /home/alvaro/workspace/ros_ur_driver/install/ur_calibration/share/ur_calibration/environment/ament_prefix_path.dsv
[4.753s] -- Up-to-date: /home/alvaro/workspace/ros_ur_driver/install/ur_calibration/share/ur_calibration/environment/path.sh
[4.753s] -- Installing: /home/alvaro/workspace/ros_ur_driver/install/ur_calibration/share/ur_calibration/environment/path.dsv
[4.753s] -- Up-to-date: /home/alvaro/workspace/ros_ur_driver/install/ur_calibration/share/ur_calibration/local_setup.bash
[4.753s] -- Up-to-date: /home/alvaro/workspace/ros_ur_driver/install/ur_calibration/share/ur_calibration/local_setup.sh
[4.754s] -- Up-to-date: /home/alvaro/workspace/ros_ur_driver/install/ur_calibration/share/ur_calibration/local_setup.zsh
[4.755s] -- Installing: /home/alvaro/workspace/ros_ur_driver/install/ur_calibration/share/ur_calibration/local_setup.dsv
[4.755s] -- Installing: /home/alvaro/workspace/ros_ur_driver/install/ur_calibration/share/ur_calibration/package.dsv
[4.755s] -- Up-to-date: /home/alvaro/workspace/ros_ur_driver/install/ur_calibration/share/ament_index/resource_index/packages/ur_calibration
[4.755s] -- Up-to-date: /home/alvaro/workspace/ros_ur_driver/install/ur_calibration/share/ur_calibration/cmake/ament_cmake_export_include_directories-extras.cmake
[4.756s] -- Up-to-date: /home/alvaro/workspace/ros_ur_driver/install/ur_calibration/share/ur_calibration/cmake/ament_cmake_export_dependencies-extras.cmake
[4.756s] -- Up-to-date: /home/alvaro/workspace/ros_ur_driver/install/ur_calibration/share/ur_calibration/cmake/ur_calibrationConfig.cmake
[4.756s] -- Up-to-date: /home/alvaro/workspace/ros_ur_driver/install/ur_calibration/share/ur_calibration/cmake/ur_calibrationConfig-version.cmake
[4.756s] -- Up-to-date: /home/alvaro/workspace/ros_ur_driver/install/ur_calibration/share/ur_calibration/package.xml
[4.756s] Invoked command in '/home/alvaro/workspace/ros_ur_driver/build/ur_calibration' returned '0': CMAKE_PREFIX_PATH=${CMAKE_PREFIX_PATH}:/home/alvaro/ros2_ws/install/ros2controlcli:/home/alvaro/ros2_ws/install/ros2_control_test_nodes:/home/alvaro/dev_ws/install/ros2test:/opt/ros/foxy /usr/bin/cmake --install /home/alvaro/workspace/ros_ur_driver/build/ur_calibration
