[4.114s] DEBUG:colcon:Command line arguments: ['/usr/bin/colcon', 'build']
[4.114s] DEBUG:colcon:Parsed command line arguments: Namespace(allow_overriding=[], ament_cmake_args=None, base_paths=['.'], build_base='build', catkin_cmake_args=None, catkin_skip_building_tests=False, cmake_args=None, cmake_clean_cache=False, cmake_clean_first=False, cmake_force_configure=False, cmake_target=None, cmake_target_skip_unavailable=False, continue_on_error=False, event_handlers=None, executor='parallel', ignore_user_meta=False, install_base='install', log_base=None, log_level=None, main=<bound method BuildVerb.main of <colcon_core.verb.build.BuildVerb object at 0x7f2b0e0ebf10>>, merge_install=False, metas=['./colcon.meta'], mixin=None, mixin_files=None, mixin_verb=('build',), packages_above=None, packages_above_and_dependencies=None, packages_above_depth=None, packages_end=None, packages_ignore=None, packages_ignore_regex=None, packages_select=None, packages_select_build_failed=False, packages_select_by_dep=None, packages_select_regex=None, packages_select_test_failures=False, packages_skip=None, packages_skip_build_finished=False, packages_skip_by_dep=None, packages_skip_regex=None, packages_skip_test_passed=False, packages_skip_up_to=None, packages_start=None, packages_up_to=None, packages_up_to_regex=None, parallel_workers=12, paths=None, symlink_install=False, test_result_base=None, verb_extension=<colcon_core.verb.build.BuildVerb object at 0x7f2b0e0ebf10>, verb_name='build', verb_parser=<colcon_mixin.mixin.mixin_argument.MixinArgumentDecorator object at 0x7f2b0dd54af0>)
[4.246s] Level 1:colcon.colcon_core.package_discovery:discover_packages(colcon_meta) check parameters
[4.246s] Level 1:colcon.colcon_core.package_discovery:discover_packages(recursive) check parameters
[4.246s] Level 1:colcon.colcon_core.package_discovery:discover_packages(ignore) check parameters
[4.246s] Level 1:colcon.colcon_core.package_discovery:discover_packages(path) check parameters
[4.246s] Level 1:colcon.colcon_core.package_discovery:discover_packages(colcon_meta) discover
[4.246s] Level 1:colcon.colcon_core.package_discovery:discover_packages(recursive) discover
[4.246s] INFO:colcon.colcon_core.package_discovery:Crawling recursively for packages in '/home/alvaro/workspace/ros_ur_driver'
[4.246s] Level 1:colcon.colcon_core.package_identification:_identify(.) by extensions ['ignore', 'ignore_ament_install']
[4.247s] Level 1:colcon.colcon_core.package_identification:_identify(.) by extension 'ignore'
[4.247s] Level 1:colcon.colcon_core.package_identification:_identify(.) by extension 'ignore_ament_install'
[4.247s] Level 1:colcon.colcon_core.package_identification:_identify(.) by extensions ['colcon_pkg']
[4.247s] Level 1:colcon.colcon_core.package_identification:_identify(.) by extension 'colcon_pkg'
[4.247s] Level 1:colcon.colcon_core.package_identification:_identify(.) by extensions ['colcon_meta']
[4.247s] Level 1:colcon.colcon_core.package_identification:_identify(.) by extension 'colcon_meta'
[4.247s] Level 1:colcon.colcon_core.package_identification:_identify(.) by extensions ['ros']
[4.247s] Level 1:colcon.colcon_core.package_identification:_identify(.) by extension 'ros'
[4.261s] Level 1:colcon.colcon_core.package_identification:_identify(.) by extensions ['cmake', 'python']
[4.261s] Level 1:colcon.colcon_core.package_identification:_identify(.) by extension 'cmake'
[4.261s] Level 1:colcon.colcon_core.package_identification:_identify(.) by extension 'python'
[4.261s] Level 1:colcon.colcon_core.package_identification:_identify(.) by extensions ['python_setup_py']
[4.261s] Level 1:colcon.colcon_core.package_identification:_identify(.) by extension 'python_setup_py'
[4.261s] Level 1:colcon.colcon_core.package_identification:_identify(build) by extensions ['ignore', 'ignore_ament_install']
[4.261s] Level 1:colcon.colcon_core.package_identification:_identify(build) by extension 'ignore'
[4.261s] Level 1:colcon.colcon_core.package_identification:_identify(build) ignored
[4.261s] Level 1:colcon.colcon_core.package_identification:_identify(install) by extensions ['ignore', 'ignore_ament_install']
[4.262s] Level 1:colcon.colcon_core.package_identification:_identify(install) by extension 'ignore'
[4.262s] Level 1:colcon.colcon_core.package_identification:_identify(install) ignored
[4.262s] Level 1:colcon.colcon_core.package_identification:_identify(log) by extensions ['ignore', 'ignore_ament_install']
[4.262s] Level 1:colcon.colcon_core.package_identification:_identify(log) by extension 'ignore'
[4.262s] Level 1:colcon.colcon_core.package_identification:_identify(log) ignored
[4.262s] Level 1:colcon.colcon_core.package_identification:_identify(src) by extensions ['ignore', 'ignore_ament_install']
[4.262s] Level 1:colcon.colcon_core.package_identification:_identify(src) by extension 'ignore'
[4.262s] Level 1:colcon.colcon_core.package_identification:_identify(src) by extension 'ignore_ament_install'
[4.262s] Level 1:colcon.colcon_core.package_identification:_identify(src) by extensions ['colcon_pkg']
[4.262s] Level 1:colcon.colcon_core.package_identification:_identify(src) by extension 'colcon_pkg'
[4.262s] Level 1:colcon.colcon_core.package_identification:_identify(src) by extensions ['colcon_meta']
[4.262s] Level 1:colcon.colcon_core.package_identification:_identify(src) by extension 'colcon_meta'
[4.262s] Level 1:colcon.colcon_core.package_identification:_identify(src) by extensions ['ros']
[4.262s] Level 1:colcon.colcon_core.package_identification:_identify(src) by extension 'ros'
[4.263s] Level 1:colcon.colcon_core.package_identification:_identify(src) by extensions ['cmake', 'python']
[4.263s] Level 1:colcon.colcon_core.package_identification:_identify(src) by extension 'cmake'
[4.263s] Level 1:colcon.colcon_core.package_identification:_identify(src) by extension 'python'
[4.263s] Level 1:colcon.colcon_core.package_identification:_identify(src) by extensions ['python_setup_py']
[4.263s] Level 1:colcon.colcon_core.package_identification:_identify(src) by extension 'python_setup_py'
[4.263s] Level 1:colcon.colcon_core.package_identification:_identify(src/Universal_Robots_ROS2_Driver) by extensions ['ignore', 'ignore_ament_install']
[4.263s] Level 1:colcon.colcon_core.package_identification:_identify(src/Universal_Robots_ROS2_Driver) by extension 'ignore'
[4.263s] Level 1:colcon.colcon_core.package_identification:_identify(src/Universal_Robots_ROS2_Driver) by extension 'ignore_ament_install'
[4.263s] Level 1:colcon.colcon_core.package_identification:_identify(src/Universal_Robots_ROS2_Driver) by extensions ['colcon_pkg']
[4.263s] Level 1:colcon.colcon_core.package_identification:_identify(src/Universal_Robots_ROS2_Driver) by extension 'colcon_pkg'
[4.263s] Level 1:colcon.colcon_core.package_identification:_identify(src/Universal_Robots_ROS2_Driver) by extensions ['colcon_meta']
[4.263s] Level 1:colcon.colcon_core.package_identification:_identify(src/Universal_Robots_ROS2_Driver) by extension 'colcon_meta'
[4.263s] Level 1:colcon.colcon_core.package_identification:_identify(src/Universal_Robots_ROS2_Driver) by extensions ['ros']
[4.263s] Level 1:colcon.colcon_core.package_identification:_identify(src/Universal_Robots_ROS2_Driver) by extension 'ros'
[4.263s] Level 1:colcon.colcon_core.package_identification:_identify(src/Universal_Robots_ROS2_Driver) by extensions ['cmake', 'python']
[4.263s] Level 1:colcon.colcon_core.package_identification:_identify(src/Universal_Robots_ROS2_Driver) by extension 'cmake'
[4.264s] Level 1:colcon.colcon_core.package_identification:_identify(src/Universal_Robots_ROS2_Driver) by extension 'python'
[4.264s] Level 1:colcon.colcon_core.package_identification:_identify(src/Universal_Robots_ROS2_Driver) by extensions ['python_setup_py']
[4.264s] Level 1:colcon.colcon_core.package_identification:_identify(src/Universal_Robots_ROS2_Driver) by extension 'python_setup_py'
[4.264s] Level 1:colcon.colcon_core.package_identification:_identify(src/Universal_Robots_ROS2_Driver/ur_calibration) by extensions ['ignore', 'ignore_ament_install']
[4.264s] Level 1:colcon.colcon_core.package_identification:_identify(src/Universal_Robots_ROS2_Driver/ur_calibration) by extension 'ignore'
[4.264s] Level 1:colcon.colcon_core.package_identification:_identify(src/Universal_Robots_ROS2_Driver/ur_calibration) by extension 'ignore_ament_install'
[4.264s] Level 1:colcon.colcon_core.package_identification:_identify(src/Universal_Robots_ROS2_Driver/ur_calibration) by extensions ['colcon_pkg']
[4.264s] Level 1:colcon.colcon_core.package_identification:_identify(src/Universal_Robots_ROS2_Driver/ur_calibration) by extension 'colcon_pkg'
[4.264s] Level 1:colcon.colcon_core.package_identification:_identify(src/Universal_Robots_ROS2_Driver/ur_calibration) by extensions ['colcon_meta']
[4.264s] Level 1:colcon.colcon_core.package_identification:_identify(src/Universal_Robots_ROS2_Driver/ur_calibration) by extension 'colcon_meta'
[4.264s] Level 1:colcon.colcon_core.package_identification:_identify(src/Universal_Robots_ROS2_Driver/ur_calibration) by extensions ['ros']
[4.264s] Level 1:colcon.colcon_core.package_identification:_identify(src/Universal_Robots_ROS2_Driver/ur_calibration) by extension 'ros'
[4.268s] DEBUG:colcon.colcon_core.package_identification:Package 'src/Universal_Robots_ROS2_Driver/ur_calibration' with type 'ros.ament_cmake' and name 'ur_calibration'
[4.268s] Level 1:colcon.colcon_core.package_identification:_identify(src/Universal_Robots_ROS2_Driver/ur_controllers) by extensions ['ignore', 'ignore_ament_install']
[4.268s] Level 1:colcon.colcon_core.package_identification:_identify(src/Universal_Robots_ROS2_Driver/ur_controllers) by extension 'ignore'
[4.268s] Level 1:colcon.colcon_core.package_identification:_identify(src/Universal_Robots_ROS2_Driver/ur_controllers) by extension 'ignore_ament_install'
[4.268s] Level 1:colcon.colcon_core.package_identification:_identify(src/Universal_Robots_ROS2_Driver/ur_controllers) by extensions ['colcon_pkg']
[4.268s] Level 1:colcon.colcon_core.package_identification:_identify(src/Universal_Robots_ROS2_Driver/ur_controllers) by extension 'colcon_pkg'
[4.268s] Level 1:colcon.colcon_core.package_identification:_identify(src/Universal_Robots_ROS2_Driver/ur_controllers) by extensions ['colcon_meta']
[4.268s] Level 1:colcon.colcon_core.package_identification:_identify(src/Universal_Robots_ROS2_Driver/ur_controllers) by extension 'colcon_meta'
[4.268s] Level 1:colcon.colcon_core.package_identification:_identify(src/Universal_Robots_ROS2_Driver/ur_controllers) by extensions ['ros']
[4.268s] Level 1:colcon.colcon_core.package_identification:_identify(src/Universal_Robots_ROS2_Driver/ur_controllers) by extension 'ros'
[4.270s] DEBUG:colcon.colcon_core.package_identification:Package 'src/Universal_Robots_ROS2_Driver/ur_controllers' with type 'ros.ament_cmake' and name 'ur_controllers'
[4.270s] Level 1:colcon.colcon_core.package_identification:_identify(src/Universal_Robots_ROS2_Driver/ur_dashboard_msgs) by extensions ['ignore', 'ignore_ament_install']
[4.270s] Level 1:colcon.colcon_core.package_identification:_identify(src/Universal_Robots_ROS2_Driver/ur_dashboard_msgs) by extension 'ignore'
[4.270s] Level 1:colcon.colcon_core.package_identification:_identify(src/Universal_Robots_ROS2_Driver/ur_dashboard_msgs) by extension 'ignore_ament_install'
[4.270s] Level 1:colcon.colcon_core.package_identification:_identify(src/Universal_Robots_ROS2_Driver/ur_dashboard_msgs) by extensions ['colcon_pkg']
[4.270s] Level 1:colcon.colcon_core.package_identification:_identify(src/Universal_Robots_ROS2_Driver/ur_dashboard_msgs) by extension 'colcon_pkg'
[4.270s] Level 1:colcon.colcon_core.package_identification:_identify(src/Universal_Robots_ROS2_Driver/ur_dashboard_msgs) by extensions ['colcon_meta']
[4.271s] Level 1:colcon.colcon_core.package_identification:_identify(src/Universal_Robots_ROS2_Driver/ur_dashboard_msgs) by extension 'colcon_meta'
[4.271s] Level 1:colcon.colcon_core.package_identification:_identify(src/Universal_Robots_ROS2_Driver/ur_dashboard_msgs) by extensions ['ros']
[4.271s] Level 1:colcon.colcon_core.package_identification:_identify(src/Universal_Robots_ROS2_Driver/ur_dashboard_msgs) by extension 'ros'
[4.271s] DEBUG:colcon.colcon_core.package_identification:Package 'src/Universal_Robots_ROS2_Driver/ur_dashboard_msgs' with type 'ros.ament_cmake' and name 'ur_dashboard_msgs'
[4.271s] Level 1:colcon.colcon_core.package_identification:_identify(src/Universal_Robots_ROS2_Driver/ur_description) by extensions ['ignore', 'ignore_ament_install']
[4.272s] Level 1:colcon.colcon_core.package_identification:_identify(src/Universal_Robots_ROS2_Driver/ur_description) by extension 'ignore'
[4.272s] Level 1:colcon.colcon_core.package_identification:_identify(src/Universal_Robots_ROS2_Driver/ur_description) by extension 'ignore_ament_install'
[4.272s] Level 1:colcon.colcon_core.package_identification:_identify(src/Universal_Robots_ROS2_Driver/ur_description) by extensions ['colcon_pkg']
[4.272s] Level 1:colcon.colcon_core.package_identification:_identify(src/Universal_Robots_ROS2_Driver/ur_description) by extension 'colcon_pkg'
[4.272s] Level 1:colcon.colcon_core.package_identification:_identify(src/Universal_Robots_ROS2_Driver/ur_description) by extensions ['colcon_meta']
[4.272s] Level 1:colcon.colcon_core.package_identification:_identify(src/Universal_Robots_ROS2_Driver/ur_description) by extension 'colcon_meta'
[4.272s] Level 1:colcon.colcon_core.package_identification:_identify(src/Universal_Robots_ROS2_Driver/ur_description) by extensions ['ros']
[4.272s] Level 1:colcon.colcon_core.package_identification:_identify(src/Universal_Robots_ROS2_Driver/ur_description) by extension 'ros'
[4.273s] DEBUG:colcon.colcon_core.package_identification:Package 'src/Universal_Robots_ROS2_Driver/ur_description' with type 'ros.ament_cmake' and name 'ur_description'
[4.273s] Level 1:colcon.colcon_core.package_discovery:discover_packages(recursive) using defaults
[4.273s] Level 1:colcon.colcon_core.package_discovery:discover_packages(ignore) discover
[4.273s] Level 1:colcon.colcon_core.package_discovery:discover_packages(ignore) using defaults
[4.273s] Level 1:colcon.colcon_core.package_discovery:discover_packages(path) discover
[4.273s] Level 1:colcon.colcon_core.package_discovery:discover_packages(path) using defaults
[4.570s] Level 1:colcon.colcon_core.package_discovery:discover_packages(prefix_path) check parameters
[4.570s] Level 1:colcon.colcon_core.package_discovery:discover_packages(prefix_path) discover
[4.679s] DEBUG:colcon.colcon_installed_package_information.package_discovery:Found 7 installed packages in /home/alvaro/workspace/ros_ur_driver/install
[4.733s] DEBUG:colcon.colcon_installed_package_information.package_discovery:Found 37 installed packages in /home/alvaro/ros2_ws/install
[4.787s] DEBUG:colcon.colcon_installed_package_information.package_discovery:Found 28 installed packages in /home/alvaro/dev_ws/install
[4.841s] DEBUG:colcon.colcon_installed_package_information.package_discovery:Found 406 installed packages in /opt/ros/foxy
[4.845s] Level 1:colcon.colcon_core.package_discovery:discover_packages(prefix_path) using defaults
[5.013s] WARNING:colcon.colcon_core.package_selection:Some selected packages are already built in one or more underlay workspaces:
	'ur_controllers' is in: /home/alvaro/workspace/ros_ur_driver/install/ur_controllers, /home/alvaro/ros2_ws/install/ur_controllers, /opt/ros/foxy
	'ur_dashboard_msgs' is in: /home/alvaro/workspace/ros_ur_driver/install/ur_dashboard_msgs, /home/alvaro/ros2_ws/install/ur_dashboard_msgs, /opt/ros/foxy
	'ur_description' is in: /home/alvaro/workspace/ros_ur_driver/install/ur_description, /home/alvaro/ros2_ws/install/ur_description, /opt/ros/foxy
If a package in a merged underlay workspace is overridden and it installs headers, then all packages in the overlay must sort their include directories by workspace order. Failure to do so may result in build failures or undefined behavior at run time.
If the overridden package is used by another package in any underlay, then the overriding package in the overlay must be API and ABI compatible or undefined behavior at run time may occur.

If you understand the risks and want to override a package anyways, add the following to the command line:
	--allow-overriding ur_controllers ur_dashboard_msgs ur_description

This may be promoted to an error in a future release of colcon-override-check.
[5.080s] Level 5:colcon.colcon_core.verb:set package 'ur_calibration' build argument 'cmake_args' from command line to 'None'
[5.080s] Level 5:colcon.colcon_core.verb:set package 'ur_calibration' build argument 'cmake_target' from command line to 'None'
[5.080s] Level 5:colcon.colcon_core.verb:set package 'ur_calibration' build argument 'cmake_target_skip_unavailable' from command line to 'False'
[5.080s] Level 5:colcon.colcon_core.verb:set package 'ur_calibration' build argument 'cmake_clean_cache' from command line to 'False'
[5.080s] Level 5:colcon.colcon_core.verb:set package 'ur_calibration' build argument 'cmake_clean_first' from command line to 'False'
[5.080s] Level 5:colcon.colcon_core.verb:set package 'ur_calibration' build argument 'cmake_force_configure' from command line to 'False'
[5.080s] Level 5:colcon.colcon_core.verb:set package 'ur_calibration' build argument 'ament_cmake_args' from command line to 'None'
[5.080s] Level 5:colcon.colcon_core.verb:set package 'ur_calibration' build argument 'catkin_cmake_args' from command line to 'None'
[5.080s] Level 5:colcon.colcon_core.verb:set package 'ur_calibration' build argument 'catkin_skip_building_tests' from command line to 'False'
[5.080s] DEBUG:colcon.colcon_core.verb:Building package 'ur_calibration' with the following arguments: {'ament_cmake_args': None, 'build_base': '/home/alvaro/workspace/ros_ur_driver/build/ur_calibration', 'catkin_cmake_args': None, 'catkin_skip_building_tests': False, 'cmake_args': None, 'cmake_clean_cache': False, 'cmake_clean_first': False, 'cmake_force_configure': False, 'cmake_target': None, 'cmake_target_skip_unavailable': False, 'install_base': '/home/alvaro/workspace/ros_ur_driver/install/ur_calibration', 'merge_install': False, 'path': '/home/alvaro/workspace/ros_ur_driver/src/Universal_Robots_ROS2_Driver/ur_calibration', 'symlink_install': False, 'test_result_base': None}
[5.131s] Level 5:colcon.colcon_core.verb:set package 'ur_dashboard_msgs' build argument 'cmake_args' from command line to 'None'
[5.131s] Level 5:colcon.colcon_core.verb:set package 'ur_dashboard_msgs' build argument 'cmake_target' from command line to 'None'
[5.131s] Level 5:colcon.colcon_core.verb:set package 'ur_dashboard_msgs' build argument 'cmake_target_skip_unavailable' from command line to 'False'
[5.131s] Level 5:colcon.colcon_core.verb:set package 'ur_dashboard_msgs' build argument 'cmake_clean_cache' from command line to 'False'
[5.131s] Level 5:colcon.colcon_core.verb:set package 'ur_dashboard_msgs' build argument 'cmake_clean_first' from command line to 'False'
[5.131s] Level 5:colcon.colcon_core.verb:set package 'ur_dashboard_msgs' build argument 'cmake_force_configure' from command line to 'False'
[5.131s] Level 5:colcon.colcon_core.verb:set package 'ur_dashboard_msgs' build argument 'ament_cmake_args' from command line to 'None'
[5.131s] Level 5:colcon.colcon_core.verb:set package 'ur_dashboard_msgs' build argument 'catkin_cmake_args' from command line to 'None'
[5.132s] Level 5:colcon.colcon_core.verb:set package 'ur_dashboard_msgs' build argument 'catkin_skip_building_tests' from command line to 'False'
[5.132s] DEBUG:colcon.colcon_core.verb:Building package 'ur_dashboard_msgs' with the following arguments: {'ament_cmake_args': None, 'build_base': '/home/alvaro/workspace/ros_ur_driver/build/ur_dashboard_msgs', 'catkin_cmake_args': None, 'catkin_skip_building_tests': False, 'cmake_args': None, 'cmake_clean_cache': False, 'cmake_clean_first': False, 'cmake_force_configure': False, 'cmake_target': None, 'cmake_target_skip_unavailable': False, 'install_base': '/home/alvaro/workspace/ros_ur_driver/install/ur_dashboard_msgs', 'merge_install': False, 'path': '/home/alvaro/workspace/ros_ur_driver/src/Universal_Robots_ROS2_Driver/ur_dashboard_msgs', 'symlink_install': False, 'test_result_base': None}
[5.183s] Level 5:colcon.colcon_core.verb:set package 'ur_description' build argument 'cmake_args' from command line to 'None'
[5.183s] Level 5:colcon.colcon_core.verb:set package 'ur_description' build argument 'cmake_target' from command line to 'None'
[5.183s] Level 5:colcon.colcon_core.verb:set package 'ur_description' build argument 'cmake_target_skip_unavailable' from command line to 'False'
[5.183s] Level 5:colcon.colcon_core.verb:set package 'ur_description' build argument 'cmake_clean_cache' from command line to 'False'
[5.183s] Level 5:colcon.colcon_core.verb:set package 'ur_description' build argument 'cmake_clean_first' from command line to 'False'
[5.183s] Level 5:colcon.colcon_core.verb:set package 'ur_description' build argument 'cmake_force_configure' from command line to 'False'
[5.183s] Level 5:colcon.colcon_core.verb:set package 'ur_description' build argument 'ament_cmake_args' from command line to 'None'
[5.183s] Level 5:colcon.colcon_core.verb:set package 'ur_description' build argument 'catkin_cmake_args' from command line to 'None'
[5.183s] Level 5:colcon.colcon_core.verb:set package 'ur_description' build argument 'catkin_skip_building_tests' from command line to 'False'
[5.183s] DEBUG:colcon.colcon_core.verb:Building package 'ur_description' with the following arguments: {'ament_cmake_args': None, 'build_base': '/home/alvaro/workspace/ros_ur_driver/build/ur_description', 'catkin_cmake_args': None, 'catkin_skip_building_tests': False, 'cmake_args': None, 'cmake_clean_cache': False, 'cmake_clean_first': False, 'cmake_force_configure': False, 'cmake_target': None, 'cmake_target_skip_unavailable': False, 'install_base': '/home/alvaro/workspace/ros_ur_driver/install/ur_description', 'merge_install': False, 'path': '/home/alvaro/workspace/ros_ur_driver/src/Universal_Robots_ROS2_Driver/ur_description', 'symlink_install': False, 'test_result_base': None}
[5.234s] Level 5:colcon.colcon_core.verb:set package 'ur_controllers' build argument 'cmake_args' from command line to 'None'
[5.234s] Level 5:colcon.colcon_core.verb:set package 'ur_controllers' build argument 'cmake_target' from command line to 'None'
[5.234s] Level 5:colcon.colcon_core.verb:set package 'ur_controllers' build argument 'cmake_target_skip_unavailable' from command line to 'False'
[5.234s] Level 5:colcon.colcon_core.verb:set package 'ur_controllers' build argument 'cmake_clean_cache' from command line to 'False'
[5.234s] Level 5:colcon.colcon_core.verb:set package 'ur_controllers' build argument 'cmake_clean_first' from command line to 'False'
[5.234s] Level 5:colcon.colcon_core.verb:set package 'ur_controllers' build argument 'cmake_force_configure' from command line to 'False'
[5.234s] Level 5:colcon.colcon_core.verb:set package 'ur_controllers' build argument 'ament_cmake_args' from command line to 'None'
[5.234s] Level 5:colcon.colcon_core.verb:set package 'ur_controllers' build argument 'catkin_cmake_args' from command line to 'None'
[5.234s] Level 5:colcon.colcon_core.verb:set package 'ur_controllers' build argument 'catkin_skip_building_tests' from command line to 'False'
[5.234s] DEBUG:colcon.colcon_core.verb:Building package 'ur_controllers' with the following arguments: {'ament_cmake_args': None, 'build_base': '/home/alvaro/workspace/ros_ur_driver/build/ur_controllers', 'catkin_cmake_args': None, 'catkin_skip_building_tests': False, 'cmake_args': None, 'cmake_clean_cache': False, 'cmake_clean_first': False, 'cmake_force_configure': False, 'cmake_target': None, 'cmake_target_skip_unavailable': False, 'install_base': '/home/alvaro/workspace/ros_ur_driver/install/ur_controllers', 'merge_install': False, 'path': '/home/alvaro/workspace/ros_ur_driver/src/Universal_Robots_ROS2_Driver/ur_controllers', 'symlink_install': False, 'test_result_base': None}
[5.285s] INFO:colcon.colcon_core.executor:Executing jobs using 'parallel' executor
[5.338s] DEBUG:colcon.colcon_parallel_executor.executor.parallel:run_until_complete
[5.338s] INFO:colcon.colcon_ros.task.ament_cmake.build:Building ROS package in '/home/alvaro/workspace/ros_ur_driver/src/Universal_Robots_ROS2_Driver/ur_dashboard_msgs' with build type 'ament_cmake'
[5.339s] INFO:colcon.colcon_cmake.task.cmake.build:Building CMake package in '/home/alvaro/workspace/ros_ur_driver/src/Universal_Robots_ROS2_Driver/ur_dashboard_msgs'
[5.393s] INFO:colcon.colcon_core.plugin_system:Skipping extension 'colcon_core.shell.bat': Not used on non-Windows systems
[5.394s] INFO:colcon.colcon_core.shell:Skip shell extension 'powershell' for command environment: Not usable outside of PowerShell
[5.394s] DEBUG:colcon.colcon_core.shell:Skip shell extension 'dsv' for command environment
[5.668s] INFO:colcon.colcon_ros.task.ament_cmake.build:Building ROS package in '/home/alvaro/workspace/ros_ur_driver/src/Universal_Robots_ROS2_Driver/ur_calibration' with build type 'ament_cmake'
[5.669s] INFO:colcon.colcon_cmake.task.cmake.build:Building CMake package in '/home/alvaro/workspace/ros_ur_driver/src/Universal_Robots_ROS2_Driver/ur_calibration'
[5.723s] INFO:colcon.colcon_core.shell:Skip shell extension 'powershell' for command environment: Not usable outside of PowerShell
[5.723s] DEBUG:colcon.colcon_core.shell:Skip shell extension 'dsv' for command environment
[6.004s] INFO:colcon.colcon_ros.task.ament_cmake.build:Building ROS package in '/home/alvaro/workspace/ros_ur_driver/src/Universal_Robots_ROS2_Driver/ur_description' with build type 'ament_cmake'
[6.005s] INFO:colcon.colcon_cmake.task.cmake.build:Building CMake package in '/home/alvaro/workspace/ros_ur_driver/src/Universal_Robots_ROS2_Driver/ur_description'
[6.063s] INFO:colcon.colcon_core.shell:Skip shell extension 'powershell' for command environment: Not usable outside of PowerShell
[6.063s] DEBUG:colcon.colcon_core.shell:Skip shell extension 'dsv' for command environment
[6.366s] DEBUG:colcon.colcon_core.event_handler.log_command:Invoking command in '/home/alvaro/workspace/ros_ur_driver/build/ur_dashboard_msgs': CMAKE_PREFIX_PATH=${CMAKE_PREFIX_PATH}:/home/alvaro/ros2_ws/install/ros2controlcli:/home/alvaro/ros2_ws/install/ros2_control_test_nodes:/home/alvaro/dev_ws/install/ros2test:/opt/ros/foxy /usr/bin/cmake --build /home/alvaro/workspace/ros_ur_driver/build/ur_dashboard_msgs -- -j12 -l12
[6.375s] DEBUG:colcon.colcon_core.event_handler.log_command:Invoking command in '/home/alvaro/workspace/ros_ur_driver/build/ur_calibration': CMAKE_PREFIX_PATH=${CMAKE_PREFIX_PATH}:/home/alvaro/ros2_ws/install/ros2controlcli:/home/alvaro/ros2_ws/install/ros2_control_test_nodes:/home/alvaro/dev_ws/install/ros2test:/opt/ros/foxy /usr/bin/cmake /home/alvaro/workspace/ros_ur_driver/src/Universal_Robots_ROS2_Driver/ur_calibration -DCMAKE_INSTALL_PREFIX=/home/alvaro/workspace/ros_ur_driver/install/ur_calibration
[6.386s] DEBUG:colcon.colcon_core.event_handler.log_command:Invoking command in '/home/alvaro/workspace/ros_ur_driver/build/ur_description': CMAKE_PREFIX_PATH=${CMAKE_PREFIX_PATH}:/home/alvaro/ros2_ws/install/ros2controlcli:/home/alvaro/ros2_ws/install/ros2_control_test_nodes:/home/alvaro/dev_ws/install/ros2test:/opt/ros/foxy /usr/bin/cmake /home/alvaro/workspace/ros_ur_driver/src/Universal_Robots_ROS2_Driver/ur_description -DCMAKE_INSTALL_PREFIX=/home/alvaro/workspace/ros_ur_driver/install/ur_description
[6.855s] DEBUG:colcon.colcon_core.event_handler.log_command:Invoked command in '/home/alvaro/workspace/ros_ur_driver/build/ur_description' returned '0': CMAKE_PREFIX_PATH=${CMAKE_PREFIX_PATH}:/home/alvaro/ros2_ws/install/ros2controlcli:/home/alvaro/ros2_ws/install/ros2_control_test_nodes:/home/alvaro/dev_ws/install/ros2test:/opt/ros/foxy /usr/bin/cmake /home/alvaro/workspace/ros_ur_driver/src/Universal_Robots_ROS2_Driver/ur_description -DCMAKE_INSTALL_PREFIX=/home/alvaro/workspace/ros_ur_driver/install/ur_description
[6.859s] DEBUG:colcon.colcon_core.event_handler.log_command:Invoking command in '/home/alvaro/workspace/ros_ur_driver/build/ur_description': CMAKE_PREFIX_PATH=${CMAKE_PREFIX_PATH}:/home/alvaro/ros2_ws/install/ros2controlcli:/home/alvaro/ros2_ws/install/ros2_control_test_nodes:/home/alvaro/dev_ws/install/ros2test:/opt/ros/foxy /usr/bin/cmake --build /home/alvaro/workspace/ros_ur_driver/build/ur_description -- -j12 -l12
[6.866s] DEBUG:colcon.colcon_core.event_handler.log_command:Invoked command in '/home/alvaro/workspace/ros_ur_driver/build/ur_dashboard_msgs' returned '0': CMAKE_PREFIX_PATH=${CMAKE_PREFIX_PATH}:/home/alvaro/ros2_ws/install/ros2controlcli:/home/alvaro/ros2_ws/install/ros2_control_test_nodes:/home/alvaro/dev_ws/install/ros2test:/opt/ros/foxy /usr/bin/cmake --build /home/alvaro/workspace/ros_ur_driver/build/ur_dashboard_msgs -- -j12 -l12
[6.934s] DEBUG:colcon.colcon_core.event_handler.log_command:Invoked command in '/home/alvaro/workspace/ros_ur_driver/build/ur_description' returned '0': CMAKE_PREFIX_PATH=${CMAKE_PREFIX_PATH}:/home/alvaro/ros2_ws/install/ros2controlcli:/home/alvaro/ros2_ws/install/ros2_control_test_nodes:/home/alvaro/dev_ws/install/ros2test:/opt/ros/foxy /usr/bin/cmake --build /home/alvaro/workspace/ros_ur_driver/build/ur_description -- -j12 -l12
[7.010s] DEBUG:colcon.colcon_core.event_handler.log_command:Invoking command in '/home/alvaro/workspace/ros_ur_driver/build/ur_description': CMAKE_PREFIX_PATH=${CMAKE_PREFIX_PATH}:/home/alvaro/ros2_ws/install/ros2controlcli:/home/alvaro/ros2_ws/install/ros2_control_test_nodes:/home/alvaro/dev_ws/install/ros2test:/opt/ros/foxy /usr/bin/cmake --install /home/alvaro/workspace/ros_ur_driver/build/ur_description
[7.034s] Level 1:colcon.colcon_core.environment:create_environment_scripts_only(ur_description)
[7.048s] DEBUG:colcon.colcon_core.event_handler.log_command:Invoked command in '/home/alvaro/workspace/ros_ur_driver/build/ur_description' returned '0': CMAKE_PREFIX_PATH=${CMAKE_PREFIX_PATH}:/home/alvaro/ros2_ws/install/ros2controlcli:/home/alvaro/ros2_ws/install/ros2_control_test_nodes:/home/alvaro/dev_ws/install/ros2test:/opt/ros/foxy /usr/bin/cmake --install /home/alvaro/workspace/ros_ur_driver/build/ur_description
[7.115s] Level 1:colcon.colcon_core.environment:checking '/home/alvaro/workspace/ros_ur_driver/install/ur_description' for CMake module files
[7.115s] Level 1:colcon.colcon_core.environment:checking '/home/alvaro/workspace/ros_ur_driver/install/ur_description' for CMake config files
[7.116s] Level 1:colcon.colcon_core.shell:create_environment_hook('ur_description', 'cmake_prefix_path')
[7.173s] INFO:colcon.colcon_core.shell:Creating environment hook '/home/alvaro/workspace/ros_ur_driver/install/ur_description/share/ur_description/hook/cmake_prefix_path.ps1'
[7.174s] INFO:colcon.colcon_core.shell:Creating environment descriptor '/home/alvaro/workspace/ros_ur_driver/install/ur_description/share/ur_description/hook/cmake_prefix_path.dsv'
[7.174s] INFO:colcon.colcon_core.shell:Creating environment hook '/home/alvaro/workspace/ros_ur_driver/install/ur_description/share/ur_description/hook/cmake_prefix_path.sh'
[7.175s] Level 1:colcon.colcon_core.environment:checking '/home/alvaro/workspace/ros_ur_driver/install/ur_description/bin'
[7.176s] Level 1:colcon.colcon_core.environment:checking '/home/alvaro/workspace/ros_ur_driver/install/ur_description/lib/pkgconfig/ur_description.pc'
[7.176s] Level 1:colcon.colcon_core.environment:checking '/home/alvaro/workspace/ros_ur_driver/install/ur_description/lib/python3.8/site-packages'
[7.176s] Level 1:colcon.colcon_core.environment:checking '/home/alvaro/workspace/ros_ur_driver/install/ur_description/bin'
[7.232s] INFO:colcon.colcon_core.shell:Creating package script '/home/alvaro/workspace/ros_ur_driver/install/ur_description/share/ur_description/package.ps1'
[7.233s] INFO:colcon.colcon_core.shell:Creating package descriptor '/home/alvaro/workspace/ros_ur_driver/install/ur_description/share/ur_description/package.dsv'
[7.234s] INFO:colcon.colcon_core.shell:Creating package script '/home/alvaro/workspace/ros_ur_driver/install/ur_description/share/ur_description/package.sh'
[7.234s] INFO:colcon.colcon_core.shell:Creating package script '/home/alvaro/workspace/ros_ur_driver/install/ur_description/share/ur_description/package.bash'
[7.235s] INFO:colcon.colcon_core.shell:Creating package script '/home/alvaro/workspace/ros_ur_driver/install/ur_description/share/ur_description/package.zsh'
[7.236s] Level 1:colcon.colcon_core.environment:create_file_with_runtime_dependencies(/home/alvaro/workspace/ros_ur_driver/install/ur_description/share/colcon-core/packages/ur_description)
[7.345s] Level 1:colcon.colcon_core.environment:create_environment_scripts_only(ur_description)
[7.403s] Level 1:colcon.colcon_core.environment:checking '/home/alvaro/workspace/ros_ur_driver/install/ur_description' for CMake module files
[7.403s] Level 1:colcon.colcon_core.environment:checking '/home/alvaro/workspace/ros_ur_driver/install/ur_description' for CMake config files
[7.404s] Level 1:colcon.colcon_core.shell:create_environment_hook('ur_description', 'cmake_prefix_path')
[7.459s] INFO:colcon.colcon_core.shell:Creating environment hook '/home/alvaro/workspace/ros_ur_driver/install/ur_description/share/ur_description/hook/cmake_prefix_path.ps1'
[7.459s] INFO:colcon.colcon_core.shell:Creating environment descriptor '/home/alvaro/workspace/ros_ur_driver/install/ur_description/share/ur_description/hook/cmake_prefix_path.dsv'
[7.460s] INFO:colcon.colcon_core.shell:Creating environment hook '/home/alvaro/workspace/ros_ur_driver/install/ur_description/share/ur_description/hook/cmake_prefix_path.sh'
[7.460s] Level 1:colcon.colcon_core.environment:checking '/home/alvaro/workspace/ros_ur_driver/install/ur_description/bin'
[7.461s] Level 1:colcon.colcon_core.environment:checking '/home/alvaro/workspace/ros_ur_driver/install/ur_description/lib/pkgconfig/ur_description.pc'
[7.461s] Level 1:colcon.colcon_core.environment:checking '/home/alvaro/workspace/ros_ur_driver/install/ur_description/lib/python3.8/site-packages'
[7.461s] Level 1:colcon.colcon_core.environment:checking '/home/alvaro/workspace/ros_ur_driver/install/ur_description/bin'
[7.520s] INFO:colcon.colcon_core.shell:Creating package script '/home/alvaro/workspace/ros_ur_driver/install/ur_description/share/ur_description/package.ps1'
[7.520s] INFO:colcon.colcon_core.shell:Creating package descriptor '/home/alvaro/workspace/ros_ur_driver/install/ur_description/share/ur_description/package.dsv'
[7.521s] INFO:colcon.colcon_core.shell:Creating package script '/home/alvaro/workspace/ros_ur_driver/install/ur_description/share/ur_description/package.sh'
[7.521s] INFO:colcon.colcon_core.shell:Creating package script '/home/alvaro/workspace/ros_ur_driver/install/ur_description/share/ur_description/package.bash'
[7.522s] INFO:colcon.colcon_core.shell:Creating package script '/home/alvaro/workspace/ros_ur_driver/install/ur_description/share/ur_description/package.zsh'
[7.522s] Level 1:colcon.colcon_core.environment:create_file_with_runtime_dependencies(/home/alvaro/workspace/ros_ur_driver/install/ur_description/share/colcon-core/packages/ur_description)
[7.528s] DEBUG:colcon.colcon_core.event_handler.log_command:Invoking command in '/home/alvaro/workspace/ros_ur_driver/build/ur_dashboard_msgs': CMAKE_PREFIX_PATH=${CMAKE_PREFIX_PATH}:/home/alvaro/ros2_ws/install/ros2controlcli:/home/alvaro/ros2_ws/install/ros2_control_test_nodes:/home/alvaro/dev_ws/install/ros2test:/opt/ros/foxy /usr/bin/cmake --install /home/alvaro/workspace/ros_ur_driver/build/ur_dashboard_msgs
[7.635s] Level 1:colcon.colcon_core.environment:create_environment_scripts_only(ur_dashboard_msgs)
[7.636s] DEBUG:colcon.colcon_core.event_handler.log_command:Invoked command in '/home/alvaro/workspace/ros_ur_driver/build/ur_dashboard_msgs' returned '0': CMAKE_PREFIX_PATH=${CMAKE_PREFIX_PATH}:/home/alvaro/ros2_ws/install/ros2controlcli:/home/alvaro/ros2_ws/install/ros2_control_test_nodes:/home/alvaro/dev_ws/install/ros2test:/opt/ros/foxy /usr/bin/cmake --install /home/alvaro/workspace/ros_ur_driver/build/ur_dashboard_msgs
[7.712s] Level 1:colcon.colcon_core.environment:checking '/home/alvaro/workspace/ros_ur_driver/install/ur_dashboard_msgs' for CMake module files
[7.713s] Level 1:colcon.colcon_core.environment:checking '/home/alvaro/workspace/ros_ur_driver/install/ur_dashboard_msgs' for CMake config files
[7.714s] Level 1:colcon.colcon_core.shell:create_environment_hook('ur_dashboard_msgs', 'cmake_prefix_path')
[7.767s] INFO:colcon.colcon_core.shell:Creating environment hook '/home/alvaro/workspace/ros_ur_driver/install/ur_dashboard_msgs/share/ur_dashboard_msgs/hook/cmake_prefix_path.ps1'
[7.768s] INFO:colcon.colcon_core.shell:Creating environment descriptor '/home/alvaro/workspace/ros_ur_driver/install/ur_dashboard_msgs/share/ur_dashboard_msgs/hook/cmake_prefix_path.dsv'
[7.768s] INFO:colcon.colcon_core.shell:Creating environment hook '/home/alvaro/workspace/ros_ur_driver/install/ur_dashboard_msgs/share/ur_dashboard_msgs/hook/cmake_prefix_path.sh'
[7.769s] Level 1:colcon.colcon_core.environment:checking '/home/alvaro/workspace/ros_ur_driver/install/ur_dashboard_msgs/lib'
[7.769s] Level 1:colcon.colcon_core.shell:create_environment_hook('ur_dashboard_msgs', 'ld_library_path_lib')
[7.825s] INFO:colcon.colcon_core.shell:Creating environment hook '/home/alvaro/workspace/ros_ur_driver/install/ur_dashboard_msgs/share/ur_dashboard_msgs/hook/ld_library_path_lib.ps1'
[7.825s] INFO:colcon.colcon_core.shell:Creating environment descriptor '/home/alvaro/workspace/ros_ur_driver/install/ur_dashboard_msgs/share/ur_dashboard_msgs/hook/ld_library_path_lib.dsv'
[7.826s] INFO:colcon.colcon_core.shell:Creating environment hook '/home/alvaro/workspace/ros_ur_driver/install/ur_dashboard_msgs/share/ur_dashboard_msgs/hook/ld_library_path_lib.sh'
[7.826s] Level 1:colcon.colcon_core.environment:checking '/home/alvaro/workspace/ros_ur_driver/install/ur_dashboard_msgs/bin'
[7.826s] Level 1:colcon.colcon_core.environment:checking '/home/alvaro/workspace/ros_ur_driver/install/ur_dashboard_msgs/lib/pkgconfig/ur_dashboard_msgs.pc'
[7.826s] Level 1:colcon.colcon_core.environment:checking '/home/alvaro/workspace/ros_ur_driver/install/ur_dashboard_msgs/lib/python3.8/site-packages'
[7.826s] Level 1:colcon.colcon_core.shell:create_environment_hook('ur_dashboard_msgs', 'pythonpath')
[7.882s] INFO:colcon.colcon_core.shell:Creating environment hook '/home/alvaro/workspace/ros_ur_driver/install/ur_dashboard_msgs/share/ur_dashboard_msgs/hook/pythonpath.ps1'
[7.882s] INFO:colcon.colcon_core.shell:Creating environment descriptor '/home/alvaro/workspace/ros_ur_driver/install/ur_dashboard_msgs/share/ur_dashboard_msgs/hook/pythonpath.dsv'
[7.882s] INFO:colcon.colcon_core.shell:Creating environment hook '/home/alvaro/workspace/ros_ur_driver/install/ur_dashboard_msgs/share/ur_dashboard_msgs/hook/pythonpath.sh'
[7.883s] Level 1:colcon.colcon_core.environment:checking '/home/alvaro/workspace/ros_ur_driver/install/ur_dashboard_msgs/bin'
[7.937s] INFO:colcon.colcon_core.shell:Creating package script '/home/alvaro/workspace/ros_ur_driver/install/ur_dashboard_msgs/share/ur_dashboard_msgs/package.ps1'
[7.938s] INFO:colcon.colcon_core.shell:Creating package descriptor '/home/alvaro/workspace/ros_ur_driver/install/ur_dashboard_msgs/share/ur_dashboard_msgs/package.dsv'
[7.939s] INFO:colcon.colcon_core.shell:Creating package script '/home/alvaro/workspace/ros_ur_driver/install/ur_dashboard_msgs/share/ur_dashboard_msgs/package.sh'
[7.939s] INFO:colcon.colcon_core.shell:Creating package script '/home/alvaro/workspace/ros_ur_driver/install/ur_dashboard_msgs/share/ur_dashboard_msgs/package.bash'
[7.940s] INFO:colcon.colcon_core.shell:Creating package script '/home/alvaro/workspace/ros_ur_driver/install/ur_dashboard_msgs/share/ur_dashboard_msgs/package.zsh'
[7.940s] Level 1:colcon.colcon_core.environment:create_file_with_runtime_dependencies(/home/alvaro/workspace/ros_ur_driver/install/ur_dashboard_msgs/share/colcon-core/packages/ur_dashboard_msgs)
[8.820s] Level 1:colcon.colcon_core.environment:create_environment_scripts_only(ur_dashboard_msgs)
[8.873s] Level 1:colcon.colcon_core.environment:checking '/home/alvaro/workspace/ros_ur_driver/install/ur_dashboard_msgs' for CMake module files
[8.873s] Level 1:colcon.colcon_core.environment:checking '/home/alvaro/workspace/ros_ur_driver/install/ur_dashboard_msgs' for CMake config files
[8.874s] Level 1:colcon.colcon_core.shell:create_environment_hook('ur_dashboard_msgs', 'cmake_prefix_path')
[8.930s] INFO:colcon.colcon_core.shell:Creating environment hook '/home/alvaro/workspace/ros_ur_driver/install/ur_dashboard_msgs/share/ur_dashboard_msgs/hook/cmake_prefix_path.ps1'
[8.930s] INFO:colcon.colcon_core.shell:Creating environment descriptor '/home/alvaro/workspace/ros_ur_driver/install/ur_dashboard_msgs/share/ur_dashboard_msgs/hook/cmake_prefix_path.dsv'
[8.931s] INFO:colcon.colcon_core.shell:Creating environment hook '/home/alvaro/workspace/ros_ur_driver/install/ur_dashboard_msgs/share/ur_dashboard_msgs/hook/cmake_prefix_path.sh'
[8.931s] Level 1:colcon.colcon_core.environment:checking '/home/alvaro/workspace/ros_ur_driver/install/ur_dashboard_msgs/lib'
[8.931s] Level 1:colcon.colcon_core.shell:create_environment_hook('ur_dashboard_msgs', 'ld_library_path_lib')
[8.985s] INFO:colcon.colcon_core.shell:Creating environment hook '/home/alvaro/workspace/ros_ur_driver/install/ur_dashboard_msgs/share/ur_dashboard_msgs/hook/ld_library_path_lib.ps1'
[8.986s] INFO:colcon.colcon_core.shell:Creating environment descriptor '/home/alvaro/workspace/ros_ur_driver/install/ur_dashboard_msgs/share/ur_dashboard_msgs/hook/ld_library_path_lib.dsv'
[8.987s] INFO:colcon.colcon_core.shell:Creating environment hook '/home/alvaro/workspace/ros_ur_driver/install/ur_dashboard_msgs/share/ur_dashboard_msgs/hook/ld_library_path_lib.sh'
[8.987s] Level 1:colcon.colcon_core.environment:checking '/home/alvaro/workspace/ros_ur_driver/install/ur_dashboard_msgs/bin'
[8.987s] Level 1:colcon.colcon_core.environment:checking '/home/alvaro/workspace/ros_ur_driver/install/ur_dashboard_msgs/lib/pkgconfig/ur_dashboard_msgs.pc'
[8.987s] Level 1:colcon.colcon_core.environment:checking '/home/alvaro/workspace/ros_ur_driver/install/ur_dashboard_msgs/lib/python3.8/site-packages'
[8.987s] Level 1:colcon.colcon_core.shell:create_environment_hook('ur_dashboard_msgs', 'pythonpath')
[9.041s] INFO:colcon.colcon_core.shell:Creating environment hook '/home/alvaro/workspace/ros_ur_driver/install/ur_dashboard_msgs/share/ur_dashboard_msgs/hook/pythonpath.ps1'
[9.042s] INFO:colcon.colcon_core.shell:Creating environment descriptor '/home/alvaro/workspace/ros_ur_driver/install/ur_dashboard_msgs/share/ur_dashboard_msgs/hook/pythonpath.dsv'
[9.042s] INFO:colcon.colcon_core.shell:Creating environment hook '/home/alvaro/workspace/ros_ur_driver/install/ur_dashboard_msgs/share/ur_dashboard_msgs/hook/pythonpath.sh'
[9.043s] Level 1:colcon.colcon_core.environment:checking '/home/alvaro/workspace/ros_ur_driver/install/ur_dashboard_msgs/bin'
[9.099s] INFO:colcon.colcon_core.shell:Creating package script '/home/alvaro/workspace/ros_ur_driver/install/ur_dashboard_msgs/share/ur_dashboard_msgs/package.ps1'
[9.100s] INFO:colcon.colcon_core.shell:Creating package descriptor '/home/alvaro/workspace/ros_ur_driver/install/ur_dashboard_msgs/share/ur_dashboard_msgs/package.dsv'
[9.100s] INFO:colcon.colcon_core.shell:Creating package script '/home/alvaro/workspace/ros_ur_driver/install/ur_dashboard_msgs/share/ur_dashboard_msgs/package.sh'
[9.101s] INFO:colcon.colcon_core.shell:Creating package script '/home/alvaro/workspace/ros_ur_driver/install/ur_dashboard_msgs/share/ur_dashboard_msgs/package.bash'
[9.101s] INFO:colcon.colcon_core.shell:Creating package script '/home/alvaro/workspace/ros_ur_driver/install/ur_dashboard_msgs/share/ur_dashboard_msgs/package.zsh'
[9.102s] Level 1:colcon.colcon_core.environment:create_file_with_runtime_dependencies(/home/alvaro/workspace/ros_ur_driver/install/ur_dashboard_msgs/share/colcon-core/packages/ur_dashboard_msgs)
[9.102s] INFO:colcon.colcon_ros.task.ament_cmake.build:Building ROS package in '/home/alvaro/workspace/ros_ur_driver/src/Universal_Robots_ROS2_Driver/ur_controllers' with build type 'ament_cmake'
[9.102s] INFO:colcon.colcon_cmake.task.cmake.build:Building CMake package in '/home/alvaro/workspace/ros_ur_driver/src/Universal_Robots_ROS2_Driver/ur_controllers'
[9.175s] INFO:colcon.colcon_core.shell:Skip shell extension 'powershell' for command environment: Not usable outside of PowerShell
[9.175s] DEBUG:colcon.colcon_core.shell:Skip shell extension 'dsv' for command environment
[9.482s] DEBUG:colcon.colcon_core.event_handler.log_command:Invoking command in '/home/alvaro/workspace/ros_ur_driver/build/ur_controllers': CMAKE_PREFIX_PATH=/home/alvaro/workspace/ros_ur_driver/install/ur_dashboard_msgs:/home/alvaro/workspace/ros_ur_driver/install/ur_calibration:/home/alvaro/workspace/ros_ur_driver/install/ur_robot_driver:/home/alvaro/workspace/ros_ur_driver/install/ur_bringup:/home/alvaro/workspace/ros_ur_driver/install/ur_moveit_config:/home/alvaro/workspace/ros_ur_driver/install/ur_description:/home/alvaro/workspace/ros_ur_driver/install/ur_controllers:/home/alvaro/ros2_ws/install/ros2_controllers:/home/alvaro/ros2_ws/install/velocity_controllers:/home/alvaro/ros2_ws/install/ur_calibration:/home/alvaro/ros2_ws/install/ur_robot_driver:/home/alvaro/ros2_ws/install/ur_bringup:/home/alvaro/ros2_ws/install/ur_moveit_config:/home/alvaro/ros2_ws/install/ur_description:/home/alvaro/ros2_ws/install/ur_controllers:/home/alvaro/ros2_ws/install/ur_dashboard_msgs:/home/alvaro/ros2_ws/install/tricycle_controller:/home/alvaro/ros2_ws/install/transmission_interface:/home/alvaro/ros2_ws/install/ros2_control_demos:/home/alvaro/ros2_ws/install/ros2_control_demo_bringup:/home/alvaro/ros2_ws/install/rrbot_description:/home/alvaro/ros2_ws/install/ros2_control:/home/alvaro/ros2_ws/install/controller_manager:/home/alvaro/ros2_ws/install/ros2_control_test_assets:/home/alvaro/ros2_ws/install/ros2_control_demo_hardware:/home/alvaro/ros2_ws/install/ros2_control_demo_description:/home/alvaro/ros2_ws/install/position_controllers:/home/alvaro/ros2_ws/install/joint_trajectory_controller:/home/alvaro/ros2_ws/install/joint_state_controller:/home/alvaro/ros2_ws/install/joint_state_broadcaster:/home/alvaro/ros2_ws/install/imu_sensor_broadcaster:/home/alvaro/ros2_ws/install/gripper_controllers:/home/alvaro/ros2_ws/install/effort_controllers:/home/alvaro/ros2_ws/install/forward_command_controller:/home/alvaro/ros2_ws/install/force_torque_sensor_broadcaster:/home/alvaro/ros2_ws/install/diff_drive_controller:/home/alvaro/ros2_ws/install/realtime_tools:/home/alvaro/ros2_ws/install/controller_interface:/home/alvaro/ros2_ws/install/hardware_interface:/home/alvaro/ros2_ws/install/diffbot_description:/home/alvaro/ros2_ws/install/controller_manager_msgs:/home/alvaro/ros2_ws/install/control_msgs:/home/alvaro/dev_ws/install/turtlesim:/home/alvaro/dev_ws/install/ros_testing:/home/alvaro/dev_ws/install/ros2srrc_ur3_moveit2:/home/alvaro/dev_ws/install/ros2srrc_ur3_gazebo:/home/alvaro/dev_ws/install/ros2srrc_ur3_bringup:/home/alvaro/dev_ws/install/ros2srrc_irb120_moveit2:/home/alvaro/dev_ws/install/ros2srrc_irb120_gazebo:/home/alvaro/dev_ws/install/ros2srrc_irb120_bringup:/home/alvaro/dev_ws/install/ros2srrc_execution:/home/alvaro/dev_ws/install/ros2srrc_data:/home/alvaro/dev_ws/install/ros2_linkattacher:/home/alvaro/dev_ws/install/linkattacher_msgs:/home/alvaro/dev_ws/install/abb_rws_client:/home/alvaro/dev_ws/install/abb_ros2:/home/alvaro/dev_ws/install/abb_robot_msgs:/home/alvaro/dev_ws/install/abb_resources:/home/alvaro/dev_ws/install/abb_rapid_sm_addin_msgs:/home/alvaro/dev_ws/install/abb_rapid_msgs:/home/alvaro/dev_ws/install/abb_hardware_interface:/home/alvaro/dev_ws/install/abb_egm_rws_managers:/home/alvaro/dev_ws/install/abb_librws:/home/alvaro/dev_ws/install/abb_libegm:/home/alvaro/dev_ws/install/abb_irb4600_support:/home/alvaro/dev_ws/install/abb_irb1200_5_90_moveit_config:/home/alvaro/dev_ws/install/abb_irb1200_support:/home/alvaro/dev_ws/install/abb_egm_msgs:/home/alvaro/dev_ws/install/abb_bringup:/home/alvaro/ros2_ws/install/ros2controlcli:/home/alvaro/ros2_ws/install/ros2_control_test_nodes:/home/alvaro/dev_ws/install/ros2test:/opt/ros/foxy LD_LIBRARY_PATH=/home/alvaro/workspace/ros_ur_driver/install/ur_dashboard_msgs/lib:/home/alvaro/workspace/ros_ur_driver/install/ur_robot_driver/lib:/home/alvaro/workspace/ros_ur_driver/install/ur_controllers/lib:/home/alvaro/ros2_ws/install/velocity_controllers/lib:/home/alvaro/ros2_ws/install/ur_robot_driver/lib:/home/alvaro/ros2_ws/install/ur_controllers/lib:/home/alvaro/ros2_ws/install/ur_dashboard_msgs/lib:/home/alvaro/ros2_ws/install/tricycle_controller/lib:/home/alvaro/ros2_ws/install/controller_manager/lib:/home/alvaro/ros2_ws/install/ros2_control_demo_hardware/lib:/home/alvaro/ros2_ws/install/position_controllers/lib:/home/alvaro/ros2_ws/install/joint_trajectory_controller/lib:/home/alvaro/ros2_ws/install/joint_state_controller/lib:/home/alvaro/ros2_ws/install/joint_state_broadcaster/lib:/home/alvaro/ros2_ws/install/imu_sensor_broadcaster/lib:/home/alvaro/ros2_ws/install/gripper_controllers/lib:/home/alvaro/ros2_ws/install/effort_controllers/lib:/home/alvaro/ros2_ws/install/forward_command_controller/lib:/home/alvaro/ros2_ws/install/force_torque_sensor_broadcaster/lib:/home/alvaro/ros2_ws/install/diff_drive_controller/lib:/home/alvaro/ros2_ws/install/realtime_tools/lib:/home/alvaro/ros2_ws/install/controller_interface/lib:/home/alvaro/ros2_ws/install/hardware_interface/lib:/home/alvaro/ros2_ws/install/controller_manager_msgs/lib:/home/alvaro/ros2_ws/install/control_msgs/lib:/home/alvaro/dev_ws/install/turtlesim/lib:/home/alvaro/dev_ws/install/ros2srrc_data/lib:/home/alvaro/dev_ws/install/ros2_linkattacher/lib:/home/alvaro/dev_ws/install/linkattacher_msgs/lib:/home/alvaro/dev_ws/install/abb_robot_msgs/lib:/home/alvaro/dev_ws/install/abb_rapid_sm_addin_msgs/lib:/home/alvaro/dev_ws/install/abb_rapid_msgs/lib:/home/alvaro/dev_ws/install/abb_hardware_interface/lib:/home/alvaro/dev_ws/install/abb_egm_rws_managers/lib:/home/alvaro/dev_ws/install/abb_librws/lib:/home/alvaro/dev_ws/install/abb_libegm/lib:/home/alvaro/dev_ws/install/abb_egm_msgs/lib:/usr/lib/x86_64-linux-gnu/gazebo-11/plugins:/opt/ros/foxy/opt/yaml_cpp_vendor/lib:/opt/ros/foxy/opt/rviz_ogre_vendor/lib:/opt/ros/foxy/lib/x86_64-linux-gnu:/opt/ros/foxy/lib /usr/bin/cmake --build /home/alvaro/workspace/ros_ur_driver/build/ur_controllers -- -j12 -l12
[9.643s] DEBUG:colcon.colcon_core.event_handler.log_command:Invoked command in '/home/alvaro/workspace/ros_ur_driver/build/ur_controllers' returned '0': CMAKE_PREFIX_PATH=/home/alvaro/workspace/ros_ur_driver/install/ur_dashboard_msgs:/home/alvaro/workspace/ros_ur_driver/install/ur_calibration:/home/alvaro/workspace/ros_ur_driver/install/ur_robot_driver:/home/alvaro/workspace/ros_ur_driver/install/ur_bringup:/home/alvaro/workspace/ros_ur_driver/install/ur_moveit_config:/home/alvaro/workspace/ros_ur_driver/install/ur_description:/home/alvaro/workspace/ros_ur_driver/install/ur_controllers:/home/alvaro/ros2_ws/install/ros2_controllers:/home/alvaro/ros2_ws/install/velocity_controllers:/home/alvaro/ros2_ws/install/ur_calibration:/home/alvaro/ros2_ws/install/ur_robot_driver:/home/alvaro/ros2_ws/install/ur_bringup:/home/alvaro/ros2_ws/install/ur_moveit_config:/home/alvaro/ros2_ws/install/ur_description:/home/alvaro/ros2_ws/install/ur_controllers:/home/alvaro/ros2_ws/install/ur_dashboard_msgs:/home/alvaro/ros2_ws/install/tricycle_controller:/home/alvaro/ros2_ws/install/transmission_interface:/home/alvaro/ros2_ws/install/ros2_control_demos:/home/alvaro/ros2_ws/install/ros2_control_demo_bringup:/home/alvaro/ros2_ws/install/rrbot_description:/home/alvaro/ros2_ws/install/ros2_control:/home/alvaro/ros2_ws/install/controller_manager:/home/alvaro/ros2_ws/install/ros2_control_test_assets:/home/alvaro/ros2_ws/install/ros2_control_demo_hardware:/home/alvaro/ros2_ws/install/ros2_control_demo_description:/home/alvaro/ros2_ws/install/position_controllers:/home/alvaro/ros2_ws/install/joint_trajectory_controller:/home/alvaro/ros2_ws/install/joint_state_controller:/home/alvaro/ros2_ws/install/joint_state_broadcaster:/home/alvaro/ros2_ws/install/imu_sensor_broadcaster:/home/alvaro/ros2_ws/install/gripper_controllers:/home/alvaro/ros2_ws/install/effort_controllers:/home/alvaro/ros2_ws/install/forward_command_controller:/home/alvaro/ros2_ws/install/force_torque_sensor_broadcaster:/home/alvaro/ros2_ws/install/diff_drive_controller:/home/alvaro/ros2_ws/install/realtime_tools:/home/alvaro/ros2_ws/install/controller_interface:/home/alvaro/ros2_ws/install/hardware_interface:/home/alvaro/ros2_ws/install/diffbot_description:/home/alvaro/ros2_ws/install/controller_manager_msgs:/home/alvaro/ros2_ws/install/control_msgs:/home/alvaro/dev_ws/install/turtlesim:/home/alvaro/dev_ws/install/ros_testing:/home/alvaro/dev_ws/install/ros2srrc_ur3_moveit2:/home/alvaro/dev_ws/install/ros2srrc_ur3_gazebo:/home/alvaro/dev_ws/install/ros2srrc_ur3_bringup:/home/alvaro/dev_ws/install/ros2srrc_irb120_moveit2:/home/alvaro/dev_ws/install/ros2srrc_irb120_gazebo:/home/alvaro/dev_ws/install/ros2srrc_irb120_bringup:/home/alvaro/dev_ws/install/ros2srrc_execution:/home/alvaro/dev_ws/install/ros2srrc_data:/home/alvaro/dev_ws/install/ros2_linkattacher:/home/alvaro/dev_ws/install/linkattacher_msgs:/home/alvaro/dev_ws/install/abb_rws_client:/home/alvaro/dev_ws/install/abb_ros2:/home/alvaro/dev_ws/install/abb_robot_msgs:/home/alvaro/dev_ws/install/abb_resources:/home/alvaro/dev_ws/install/abb_rapid_sm_addin_msgs:/home/alvaro/dev_ws/install/abb_rapid_msgs:/home/alvaro/dev_ws/install/abb_hardware_interface:/home/alvaro/dev_ws/install/abb_egm_rws_managers:/home/alvaro/dev_ws/install/abb_librws:/home/alvaro/dev_ws/install/abb_libegm:/home/alvaro/dev_ws/install/abb_irb4600_support:/home/alvaro/dev_ws/install/abb_irb1200_5_90_moveit_config:/home/alvaro/dev_ws/install/abb_irb1200_support:/home/alvaro/dev_ws/install/abb_egm_msgs:/home/alvaro/dev_ws/install/abb_bringup:/home/alvaro/ros2_ws/install/ros2controlcli:/home/alvaro/ros2_ws/install/ros2_control_test_nodes:/home/alvaro/dev_ws/install/ros2test:/opt/ros/foxy LD_LIBRARY_PATH=/home/alvaro/workspace/ros_ur_driver/install/ur_dashboard_msgs/lib:/home/alvaro/workspace/ros_ur_driver/install/ur_robot_driver/lib:/home/alvaro/workspace/ros_ur_driver/install/ur_controllers/lib:/home/alvaro/ros2_ws/install/velocity_controllers/lib:/home/alvaro/ros2_ws/install/ur_robot_driver/lib:/home/alvaro/ros2_ws/install/ur_controllers/lib:/home/alvaro/ros2_ws/install/ur_dashboard_msgs/lib:/home/alvaro/ros2_ws/install/tricycle_controller/lib:/home/alvaro/ros2_ws/install/controller_manager/lib:/home/alvaro/ros2_ws/install/ros2_control_demo_hardware/lib:/home/alvaro/ros2_ws/install/position_controllers/lib:/home/alvaro/ros2_ws/install/joint_trajectory_controller/lib:/home/alvaro/ros2_ws/install/joint_state_controller/lib:/home/alvaro/ros2_ws/install/joint_state_broadcaster/lib:/home/alvaro/ros2_ws/install/imu_sensor_broadcaster/lib:/home/alvaro/ros2_ws/install/gripper_controllers/lib:/home/alvaro/ros2_ws/install/effort_controllers/lib:/home/alvaro/ros2_ws/install/forward_command_controller/lib:/home/alvaro/ros2_ws/install/force_torque_sensor_broadcaster/lib:/home/alvaro/ros2_ws/install/diff_drive_controller/lib:/home/alvaro/ros2_ws/install/realtime_tools/lib:/home/alvaro/ros2_ws/install/controller_interface/lib:/home/alvaro/ros2_ws/install/hardware_interface/lib:/home/alvaro/ros2_ws/install/controller_manager_msgs/lib:/home/alvaro/ros2_ws/install/control_msgs/lib:/home/alvaro/dev_ws/install/turtlesim/lib:/home/alvaro/dev_ws/install/ros2srrc_data/lib:/home/alvaro/dev_ws/install/ros2_linkattacher/lib:/home/alvaro/dev_ws/install/linkattacher_msgs/lib:/home/alvaro/dev_ws/install/abb_robot_msgs/lib:/home/alvaro/dev_ws/install/abb_rapid_sm_addin_msgs/lib:/home/alvaro/dev_ws/install/abb_rapid_msgs/lib:/home/alvaro/dev_ws/install/abb_hardware_interface/lib:/home/alvaro/dev_ws/install/abb_egm_rws_managers/lib:/home/alvaro/dev_ws/install/abb_librws/lib:/home/alvaro/dev_ws/install/abb_libegm/lib:/home/alvaro/dev_ws/install/abb_egm_msgs/lib:/usr/lib/x86_64-linux-gnu/gazebo-11/plugins:/opt/ros/foxy/opt/yaml_cpp_vendor/lib:/opt/ros/foxy/opt/rviz_ogre_vendor/lib:/opt/ros/foxy/lib/x86_64-linux-gnu:/opt/ros/foxy/lib /usr/bin/cmake --build /home/alvaro/workspace/ros_ur_driver/build/ur_controllers -- -j12 -l12
[9.730s] DEBUG:colcon.colcon_core.event_handler.log_command:Invoking command in '/home/alvaro/workspace/ros_ur_driver/build/ur_controllers': CMAKE_PREFIX_PATH=/home/alvaro/workspace/ros_ur_driver/install/ur_dashboard_msgs:/home/alvaro/workspace/ros_ur_driver/install/ur_calibration:/home/alvaro/workspace/ros_ur_driver/install/ur_robot_driver:/home/alvaro/workspace/ros_ur_driver/install/ur_bringup:/home/alvaro/workspace/ros_ur_driver/install/ur_moveit_config:/home/alvaro/workspace/ros_ur_driver/install/ur_description:/home/alvaro/workspace/ros_ur_driver/install/ur_controllers:/home/alvaro/ros2_ws/install/ros2_controllers:/home/alvaro/ros2_ws/install/velocity_controllers:/home/alvaro/ros2_ws/install/ur_calibration:/home/alvaro/ros2_ws/install/ur_robot_driver:/home/alvaro/ros2_ws/install/ur_bringup:/home/alvaro/ros2_ws/install/ur_moveit_config:/home/alvaro/ros2_ws/install/ur_description:/home/alvaro/ros2_ws/install/ur_controllers:/home/alvaro/ros2_ws/install/ur_dashboard_msgs:/home/alvaro/ros2_ws/install/tricycle_controller:/home/alvaro/ros2_ws/install/transmission_interface:/home/alvaro/ros2_ws/install/ros2_control_demos:/home/alvaro/ros2_ws/install/ros2_control_demo_bringup:/home/alvaro/ros2_ws/install/rrbot_description:/home/alvaro/ros2_ws/install/ros2_control:/home/alvaro/ros2_ws/install/controller_manager:/home/alvaro/ros2_ws/install/ros2_control_test_assets:/home/alvaro/ros2_ws/install/ros2_control_demo_hardware:/home/alvaro/ros2_ws/install/ros2_control_demo_description:/home/alvaro/ros2_ws/install/position_controllers:/home/alvaro/ros2_ws/install/joint_trajectory_controller:/home/alvaro/ros2_ws/install/joint_state_controller:/home/alvaro/ros2_ws/install/joint_state_broadcaster:/home/alvaro/ros2_ws/install/imu_sensor_broadcaster:/home/alvaro/ros2_ws/install/gripper_controllers:/home/alvaro/ros2_ws/install/effort_controllers:/home/alvaro/ros2_ws/install/forward_command_controller:/home/alvaro/ros2_ws/install/force_torque_sensor_broadcaster:/home/alvaro/ros2_ws/install/diff_drive_controller:/home/alvaro/ros2_ws/install/realtime_tools:/home/alvaro/ros2_ws/install/controller_interface:/home/alvaro/ros2_ws/install/hardware_interface:/home/alvaro/ros2_ws/install/diffbot_description:/home/alvaro/ros2_ws/install/controller_manager_msgs:/home/alvaro/ros2_ws/install/control_msgs:/home/alvaro/dev_ws/install/turtlesim:/home/alvaro/dev_ws/install/ros_testing:/home/alvaro/dev_ws/install/ros2srrc_ur3_moveit2:/home/alvaro/dev_ws/install/ros2srrc_ur3_gazebo:/home/alvaro/dev_ws/install/ros2srrc_ur3_bringup:/home/alvaro/dev_ws/install/ros2srrc_irb120_moveit2:/home/alvaro/dev_ws/install/ros2srrc_irb120_gazebo:/home/alvaro/dev_ws/install/ros2srrc_irb120_bringup:/home/alvaro/dev_ws/install/ros2srrc_execution:/home/alvaro/dev_ws/install/ros2srrc_data:/home/alvaro/dev_ws/install/ros2_linkattacher:/home/alvaro/dev_ws/install/linkattacher_msgs:/home/alvaro/dev_ws/install/abb_rws_client:/home/alvaro/dev_ws/install/abb_ros2:/home/alvaro/dev_ws/install/abb_robot_msgs:/home/alvaro/dev_ws/install/abb_resources:/home/alvaro/dev_ws/install/abb_rapid_sm_addin_msgs:/home/alvaro/dev_ws/install/abb_rapid_msgs:/home/alvaro/dev_ws/install/abb_hardware_interface:/home/alvaro/dev_ws/install/abb_egm_rws_managers:/home/alvaro/dev_ws/install/abb_librws:/home/alvaro/dev_ws/install/abb_libegm:/home/alvaro/dev_ws/install/abb_irb4600_support:/home/alvaro/dev_ws/install/abb_irb1200_5_90_moveit_config:/home/alvaro/dev_ws/install/abb_irb1200_support:/home/alvaro/dev_ws/install/abb_egm_msgs:/home/alvaro/dev_ws/install/abb_bringup:/home/alvaro/ros2_ws/install/ros2controlcli:/home/alvaro/ros2_ws/install/ros2_control_test_nodes:/home/alvaro/dev_ws/install/ros2test:/opt/ros/foxy LD_LIBRARY_PATH=/home/alvaro/workspace/ros_ur_driver/install/ur_dashboard_msgs/lib:/home/alvaro/workspace/ros_ur_driver/install/ur_robot_driver/lib:/home/alvaro/workspace/ros_ur_driver/install/ur_controllers/lib:/home/alvaro/ros2_ws/install/velocity_controllers/lib:/home/alvaro/ros2_ws/install/ur_robot_driver/lib:/home/alvaro/ros2_ws/install/ur_controllers/lib:/home/alvaro/ros2_ws/install/ur_dashboard_msgs/lib:/home/alvaro/ros2_ws/install/tricycle_controller/lib:/home/alvaro/ros2_ws/install/controller_manager/lib:/home/alvaro/ros2_ws/install/ros2_control_demo_hardware/lib:/home/alvaro/ros2_ws/install/position_controllers/lib:/home/alvaro/ros2_ws/install/joint_trajectory_controller/lib:/home/alvaro/ros2_ws/install/joint_state_controller/lib:/home/alvaro/ros2_ws/install/joint_state_broadcaster/lib:/home/alvaro/ros2_ws/install/imu_sensor_broadcaster/lib:/home/alvaro/ros2_ws/install/gripper_controllers/lib:/home/alvaro/ros2_ws/install/effort_controllers/lib:/home/alvaro/ros2_ws/install/forward_command_controller/lib:/home/alvaro/ros2_ws/install/force_torque_sensor_broadcaster/lib:/home/alvaro/ros2_ws/install/diff_drive_controller/lib:/home/alvaro/ros2_ws/install/realtime_tools/lib:/home/alvaro/ros2_ws/install/controller_interface/lib:/home/alvaro/ros2_ws/install/hardware_interface/lib:/home/alvaro/ros2_ws/install/controller_manager_msgs/lib:/home/alvaro/ros2_ws/install/control_msgs/lib:/home/alvaro/dev_ws/install/turtlesim/lib:/home/alvaro/dev_ws/install/ros2srrc_data/lib:/home/alvaro/dev_ws/install/ros2_linkattacher/lib:/home/alvaro/dev_ws/install/linkattacher_msgs/lib:/home/alvaro/dev_ws/install/abb_robot_msgs/lib:/home/alvaro/dev_ws/install/abb_rapid_sm_addin_msgs/lib:/home/alvaro/dev_ws/install/abb_rapid_msgs/lib:/home/alvaro/dev_ws/install/abb_hardware_interface/lib:/home/alvaro/dev_ws/install/abb_egm_rws_managers/lib:/home/alvaro/dev_ws/install/abb_librws/lib:/home/alvaro/dev_ws/install/abb_libegm/lib:/home/alvaro/dev_ws/install/abb_egm_msgs/lib:/usr/lib/x86_64-linux-gnu/gazebo-11/plugins:/opt/ros/foxy/opt/yaml_cpp_vendor/lib:/opt/ros/foxy/opt/rviz_ogre_vendor/lib:/opt/ros/foxy/lib/x86_64-linux-gnu:/opt/ros/foxy/lib /usr/bin/cmake --install /home/alvaro/workspace/ros_ur_driver/build/ur_controllers
[9.749s] Level 1:colcon.colcon_core.environment:create_environment_scripts_only(ur_controllers)
[9.752s] DEBUG:colcon.colcon_core.event_handler.log_command:Invoked command in '/home/alvaro/workspace/ros_ur_driver/build/ur_controllers' returned '0': CMAKE_PREFIX_PATH=/home/alvaro/workspace/ros_ur_driver/install/ur_dashboard_msgs:/home/alvaro/workspace/ros_ur_driver/install/ur_calibration:/home/alvaro/workspace/ros_ur_driver/install/ur_robot_driver:/home/alvaro/workspace/ros_ur_driver/install/ur_bringup:/home/alvaro/workspace/ros_ur_driver/install/ur_moveit_config:/home/alvaro/workspace/ros_ur_driver/install/ur_description:/home/alvaro/workspace/ros_ur_driver/install/ur_controllers:/home/alvaro/ros2_ws/install/ros2_controllers:/home/alvaro/ros2_ws/install/velocity_controllers:/home/alvaro/ros2_ws/install/ur_calibration:/home/alvaro/ros2_ws/install/ur_robot_driver:/home/alvaro/ros2_ws/install/ur_bringup:/home/alvaro/ros2_ws/install/ur_moveit_config:/home/alvaro/ros2_ws/install/ur_description:/home/alvaro/ros2_ws/install/ur_controllers:/home/alvaro/ros2_ws/install/ur_dashboard_msgs:/home/alvaro/ros2_ws/install/tricycle_controller:/home/alvaro/ros2_ws/install/transmission_interface:/home/alvaro/ros2_ws/install/ros2_control_demos:/home/alvaro/ros2_ws/install/ros2_control_demo_bringup:/home/alvaro/ros2_ws/install/rrbot_description:/home/alvaro/ros2_ws/install/ros2_control:/home/alvaro/ros2_ws/install/controller_manager:/home/alvaro/ros2_ws/install/ros2_control_test_assets:/home/alvaro/ros2_ws/install/ros2_control_demo_hardware:/home/alvaro/ros2_ws/install/ros2_control_demo_description:/home/alvaro/ros2_ws/install/position_controllers:/home/alvaro/ros2_ws/install/joint_trajectory_controller:/home/alvaro/ros2_ws/install/joint_state_controller:/home/alvaro/ros2_ws/install/joint_state_broadcaster:/home/alvaro/ros2_ws/install/imu_sensor_broadcaster:/home/alvaro/ros2_ws/install/gripper_controllers:/home/alvaro/ros2_ws/install/effort_controllers:/home/alvaro/ros2_ws/install/forward_command_controller:/home/alvaro/ros2_ws/install/force_torque_sensor_broadcaster:/home/alvaro/ros2_ws/install/diff_drive_controller:/home/alvaro/ros2_ws/install/realtime_tools:/home/alvaro/ros2_ws/install/controller_interface:/home/alvaro/ros2_ws/install/hardware_interface:/home/alvaro/ros2_ws/install/diffbot_description:/home/alvaro/ros2_ws/install/controller_manager_msgs:/home/alvaro/ros2_ws/install/control_msgs:/home/alvaro/dev_ws/install/turtlesim:/home/alvaro/dev_ws/install/ros_testing:/home/alvaro/dev_ws/install/ros2srrc_ur3_moveit2:/home/alvaro/dev_ws/install/ros2srrc_ur3_gazebo:/home/alvaro/dev_ws/install/ros2srrc_ur3_bringup:/home/alvaro/dev_ws/install/ros2srrc_irb120_moveit2:/home/alvaro/dev_ws/install/ros2srrc_irb120_gazebo:/home/alvaro/dev_ws/install/ros2srrc_irb120_bringup:/home/alvaro/dev_ws/install/ros2srrc_execution:/home/alvaro/dev_ws/install/ros2srrc_data:/home/alvaro/dev_ws/install/ros2_linkattacher:/home/alvaro/dev_ws/install/linkattacher_msgs:/home/alvaro/dev_ws/install/abb_rws_client:/home/alvaro/dev_ws/install/abb_ros2:/home/alvaro/dev_ws/install/abb_robot_msgs:/home/alvaro/dev_ws/install/abb_resources:/home/alvaro/dev_ws/install/abb_rapid_sm_addin_msgs:/home/alvaro/dev_ws/install/abb_rapid_msgs:/home/alvaro/dev_ws/install/abb_hardware_interface:/home/alvaro/dev_ws/install/abb_egm_rws_managers:/home/alvaro/dev_ws/install/abb_librws:/home/alvaro/dev_ws/install/abb_libegm:/home/alvaro/dev_ws/install/abb_irb4600_support:/home/alvaro/dev_ws/install/abb_irb1200_5_90_moveit_config:/home/alvaro/dev_ws/install/abb_irb1200_support:/home/alvaro/dev_ws/install/abb_egm_msgs:/home/alvaro/dev_ws/install/abb_bringup:/home/alvaro/ros2_ws/install/ros2controlcli:/home/alvaro/ros2_ws/install/ros2_control_test_nodes:/home/alvaro/dev_ws/install/ros2test:/opt/ros/foxy LD_LIBRARY_PATH=/home/alvaro/workspace/ros_ur_driver/install/ur_dashboard_msgs/lib:/home/alvaro/workspace/ros_ur_driver/install/ur_robot_driver/lib:/home/alvaro/workspace/ros_ur_driver/install/ur_controllers/lib:/home/alvaro/ros2_ws/install/velocity_controllers/lib:/home/alvaro/ros2_ws/install/ur_robot_driver/lib:/home/alvaro/ros2_ws/install/ur_controllers/lib:/home/alvaro/ros2_ws/install/ur_dashboard_msgs/lib:/home/alvaro/ros2_ws/install/tricycle_controller/lib:/home/alvaro/ros2_ws/install/controller_manager/lib:/home/alvaro/ros2_ws/install/ros2_control_demo_hardware/lib:/home/alvaro/ros2_ws/install/position_controllers/lib:/home/alvaro/ros2_ws/install/joint_trajectory_controller/lib:/home/alvaro/ros2_ws/install/joint_state_controller/lib:/home/alvaro/ros2_ws/install/joint_state_broadcaster/lib:/home/alvaro/ros2_ws/install/imu_sensor_broadcaster/lib:/home/alvaro/ros2_ws/install/gripper_controllers/lib:/home/alvaro/ros2_ws/install/effort_controllers/lib:/home/alvaro/ros2_ws/install/forward_command_controller/lib:/home/alvaro/ros2_ws/install/force_torque_sensor_broadcaster/lib:/home/alvaro/ros2_ws/install/diff_drive_controller/lib:/home/alvaro/ros2_ws/install/realtime_tools/lib:/home/alvaro/ros2_ws/install/controller_interface/lib:/home/alvaro/ros2_ws/install/hardware_interface/lib:/home/alvaro/ros2_ws/install/controller_manager_msgs/lib:/home/alvaro/ros2_ws/install/control_msgs/lib:/home/alvaro/dev_ws/install/turtlesim/lib:/home/alvaro/dev_ws/install/ros2srrc_data/lib:/home/alvaro/dev_ws/install/ros2_linkattacher/lib:/home/alvaro/dev_ws/install/linkattacher_msgs/lib:/home/alvaro/dev_ws/install/abb_robot_msgs/lib:/home/alvaro/dev_ws/install/abb_rapid_sm_addin_msgs/lib:/home/alvaro/dev_ws/install/abb_rapid_msgs/lib:/home/alvaro/dev_ws/install/abb_hardware_interface/lib:/home/alvaro/dev_ws/install/abb_egm_rws_managers/lib:/home/alvaro/dev_ws/install/abb_librws/lib:/home/alvaro/dev_ws/install/abb_libegm/lib:/home/alvaro/dev_ws/install/abb_egm_msgs/lib:/usr/lib/x86_64-linux-gnu/gazebo-11/plugins:/opt/ros/foxy/opt/yaml_cpp_vendor/lib:/opt/ros/foxy/opt/rviz_ogre_vendor/lib:/opt/ros/foxy/lib/x86_64-linux-gnu:/opt/ros/foxy/lib /usr/bin/cmake --install /home/alvaro/workspace/ros_ur_driver/build/ur_controllers
[9.813s] Level 1:colcon.colcon_core.environment:checking '/home/alvaro/workspace/ros_ur_driver/install/ur_controllers' for CMake module files
[9.813s] Level 1:colcon.colcon_core.environment:checking '/home/alvaro/workspace/ros_ur_driver/install/ur_controllers' for CMake config files
[9.814s] Level 1:colcon.colcon_core.shell:create_environment_hook('ur_controllers', 'cmake_prefix_path')
[9.867s] INFO:colcon.colcon_core.shell:Creating environment hook '/home/alvaro/workspace/ros_ur_driver/install/ur_controllers/share/ur_controllers/hook/cmake_prefix_path.ps1'
[9.868s] INFO:colcon.colcon_core.shell:Creating environment descriptor '/home/alvaro/workspace/ros_ur_driver/install/ur_controllers/share/ur_controllers/hook/cmake_prefix_path.dsv'
[9.868s] INFO:colcon.colcon_core.shell:Creating environment hook '/home/alvaro/workspace/ros_ur_driver/install/ur_controllers/share/ur_controllers/hook/cmake_prefix_path.sh'
[9.869s] Level 1:colcon.colcon_core.environment:checking '/home/alvaro/workspace/ros_ur_driver/install/ur_controllers/lib'
[9.869s] Level 1:colcon.colcon_core.shell:create_environment_hook('ur_controllers', 'ld_library_path_lib')
[9.924s] INFO:colcon.colcon_core.shell:Creating environment hook '/home/alvaro/workspace/ros_ur_driver/install/ur_controllers/share/ur_controllers/hook/ld_library_path_lib.ps1'
[9.924s] INFO:colcon.colcon_core.shell:Creating environment descriptor '/home/alvaro/workspace/ros_ur_driver/install/ur_controllers/share/ur_controllers/hook/ld_library_path_lib.dsv'
[9.925s] INFO:colcon.colcon_core.shell:Creating environment hook '/home/alvaro/workspace/ros_ur_driver/install/ur_controllers/share/ur_controllers/hook/ld_library_path_lib.sh'
[9.925s] Level 1:colcon.colcon_core.environment:checking '/home/alvaro/workspace/ros_ur_driver/install/ur_controllers/bin'
[9.925s] Level 1:colcon.colcon_core.environment:checking '/home/alvaro/workspace/ros_ur_driver/install/ur_controllers/lib/pkgconfig/ur_controllers.pc'
[9.926s] Level 1:colcon.colcon_core.environment:checking '/home/alvaro/workspace/ros_ur_driver/install/ur_controllers/lib/python3.8/site-packages'
[9.926s] Level 1:colcon.colcon_core.environment:checking '/home/alvaro/workspace/ros_ur_driver/install/ur_controllers/bin'
[9.975s] INFO:colcon.colcon_core.shell:Creating package script '/home/alvaro/workspace/ros_ur_driver/install/ur_controllers/share/ur_controllers/package.ps1'
[9.976s] INFO:colcon.colcon_core.shell:Creating package descriptor '/home/alvaro/workspace/ros_ur_driver/install/ur_controllers/share/ur_controllers/package.dsv'
[9.976s] INFO:colcon.colcon_core.shell:Creating package script '/home/alvaro/workspace/ros_ur_driver/install/ur_controllers/share/ur_controllers/package.sh'
[9.977s] INFO:colcon.colcon_core.shell:Creating package script '/home/alvaro/workspace/ros_ur_driver/install/ur_controllers/share/ur_controllers/package.bash'
[9.977s] INFO:colcon.colcon_core.shell:Creating package script '/home/alvaro/workspace/ros_ur_driver/install/ur_controllers/share/ur_controllers/package.zsh'
[9.977s] Level 1:colcon.colcon_core.environment:create_file_with_runtime_dependencies(/home/alvaro/workspace/ros_ur_driver/install/ur_controllers/share/colcon-core/packages/ur_controllers)
[9.986s] DEBUG:colcon.colcon_core.event_handler.log_command:Invoked command in '/home/alvaro/workspace/ros_ur_driver/build/ur_calibration' returned '0': CMAKE_PREFIX_PATH=${CMAKE_PREFIX_PATH}:/home/alvaro/ros2_ws/install/ros2controlcli:/home/alvaro/ros2_ws/install/ros2_control_test_nodes:/home/alvaro/dev_ws/install/ros2test:/opt/ros/foxy /usr/bin/cmake /home/alvaro/workspace/ros_ur_driver/src/Universal_Robots_ROS2_Driver/ur_calibration -DCMAKE_INSTALL_PREFIX=/home/alvaro/workspace/ros_ur_driver/install/ur_calibration
[9.988s] DEBUG:colcon.colcon_core.event_handler.log_command:Invoking command in '/home/alvaro/workspace/ros_ur_driver/build/ur_calibration': CMAKE_PREFIX_PATH=${CMAKE_PREFIX_PATH}:/home/alvaro/ros2_ws/install/ros2controlcli:/home/alvaro/ros2_ws/install/ros2_control_test_nodes:/home/alvaro/dev_ws/install/ros2test:/opt/ros/foxy /usr/bin/cmake --build /home/alvaro/workspace/ros_ur_driver/build/ur_calibration -- -j12 -l12
[10.113s] Level 1:colcon.colcon_core.environment:create_environment_scripts_only(ur_controllers)
[10.162s] Level 1:colcon.colcon_core.environment:checking '/home/alvaro/workspace/ros_ur_driver/install/ur_controllers' for CMake module files
[10.162s] Level 1:colcon.colcon_core.environment:checking '/home/alvaro/workspace/ros_ur_driver/install/ur_controllers' for CMake config files
[10.163s] Level 1:colcon.colcon_core.shell:create_environment_hook('ur_controllers', 'cmake_prefix_path')
[10.208s] INFO:colcon.colcon_core.shell:Creating environment hook '/home/alvaro/workspace/ros_ur_driver/install/ur_controllers/share/ur_controllers/hook/cmake_prefix_path.ps1'
[10.209s] INFO:colcon.colcon_core.shell:Creating environment descriptor '/home/alvaro/workspace/ros_ur_driver/install/ur_controllers/share/ur_controllers/hook/cmake_prefix_path.dsv'
[10.209s] INFO:colcon.colcon_core.shell:Creating environment hook '/home/alvaro/workspace/ros_ur_driver/install/ur_controllers/share/ur_controllers/hook/cmake_prefix_path.sh'
[10.210s] Level 1:colcon.colcon_core.environment:checking '/home/alvaro/workspace/ros_ur_driver/install/ur_controllers/lib'
[10.210s] Level 1:colcon.colcon_core.shell:create_environment_hook('ur_controllers', 'ld_library_path_lib')
[10.257s] INFO:colcon.colcon_core.shell:Creating environment hook '/home/alvaro/workspace/ros_ur_driver/install/ur_controllers/share/ur_controllers/hook/ld_library_path_lib.ps1'
[10.258s] INFO:colcon.colcon_core.shell:Creating environment descriptor '/home/alvaro/workspace/ros_ur_driver/install/ur_controllers/share/ur_controllers/hook/ld_library_path_lib.dsv'
[10.258s] INFO:colcon.colcon_core.shell:Creating environment hook '/home/alvaro/workspace/ros_ur_driver/install/ur_controllers/share/ur_controllers/hook/ld_library_path_lib.sh'
[10.259s] Level 1:colcon.colcon_core.environment:checking '/home/alvaro/workspace/ros_ur_driver/install/ur_controllers/bin'
[10.259s] Level 1:colcon.colcon_core.environment:checking '/home/alvaro/workspace/ros_ur_driver/install/ur_controllers/lib/pkgconfig/ur_controllers.pc'
[10.259s] Level 1:colcon.colcon_core.environment:checking '/home/alvaro/workspace/ros_ur_driver/install/ur_controllers/lib/python3.8/site-packages'
[10.259s] Level 1:colcon.colcon_core.environment:checking '/home/alvaro/workspace/ros_ur_driver/install/ur_controllers/bin'
[10.304s] INFO:colcon.colcon_core.shell:Creating package script '/home/alvaro/workspace/ros_ur_driver/install/ur_controllers/share/ur_controllers/package.ps1'
[10.304s] INFO:colcon.colcon_core.shell:Creating package descriptor '/home/alvaro/workspace/ros_ur_driver/install/ur_controllers/share/ur_controllers/package.dsv'
[10.305s] INFO:colcon.colcon_core.shell:Creating package script '/home/alvaro/workspace/ros_ur_driver/install/ur_controllers/share/ur_controllers/package.sh'
[10.305s] INFO:colcon.colcon_core.shell:Creating package script '/home/alvaro/workspace/ros_ur_driver/install/ur_controllers/share/ur_controllers/package.bash'
[10.305s] INFO:colcon.colcon_core.shell:Creating package script '/home/alvaro/workspace/ros_ur_driver/install/ur_controllers/share/ur_controllers/package.zsh'
[10.306s] Level 1:colcon.colcon_core.environment:create_file_with_runtime_dependencies(/home/alvaro/workspace/ros_ur_driver/install/ur_controllers/share/colcon-core/packages/ur_controllers)
[10.308s] DEBUG:colcon.colcon_core.event_handler.log_command:Invoked command in '/home/alvaro/workspace/ros_ur_driver/build/ur_calibration' returned '0': CMAKE_PREFIX_PATH=${CMAKE_PREFIX_PATH}:/home/alvaro/ros2_ws/install/ros2controlcli:/home/alvaro/ros2_ws/install/ros2_control_test_nodes:/home/alvaro/dev_ws/install/ros2test:/opt/ros/foxy /usr/bin/cmake --build /home/alvaro/workspace/ros_ur_driver/build/ur_calibration -- -j12 -l12
[10.406s] DEBUG:colcon.colcon_core.event_handler.log_command:Invoking command in '/home/alvaro/workspace/ros_ur_driver/build/ur_calibration': CMAKE_PREFIX_PATH=${CMAKE_PREFIX_PATH}:/home/alvaro/ros2_ws/install/ros2controlcli:/home/alvaro/ros2_ws/install/ros2_control_test_nodes:/home/alvaro/dev_ws/install/ros2test:/opt/ros/foxy /usr/bin/cmake --install /home/alvaro/workspace/ros_ur_driver/build/ur_calibration
[10.424s] Level 1:colcon.colcon_core.environment:create_environment_scripts_only(ur_calibration)
[10.426s] DEBUG:colcon.colcon_core.event_handler.log_command:Invoked command in '/home/alvaro/workspace/ros_ur_driver/build/ur_calibration' returned '0': CMAKE_PREFIX_PATH=${CMAKE_PREFIX_PATH}:/home/alvaro/ros2_ws/install/ros2controlcli:/home/alvaro/ros2_ws/install/ros2_control_test_nodes:/home/alvaro/dev_ws/install/ros2test:/opt/ros/foxy /usr/bin/cmake --install /home/alvaro/workspace/ros_ur_driver/build/ur_calibration
[10.471s] Level 1:colcon.colcon_core.environment:checking '/home/alvaro/workspace/ros_ur_driver/install/ur_calibration' for CMake module files
[10.471s] Level 1:colcon.colcon_core.environment:checking '/home/alvaro/workspace/ros_ur_driver/install/ur_calibration' for CMake config files
[10.472s] Level 1:colcon.colcon_core.shell:create_environment_hook('ur_calibration', 'cmake_prefix_path')
[10.510s] INFO:colcon.colcon_core.shell:Creating environment hook '/home/alvaro/workspace/ros_ur_driver/install/ur_calibration/share/ur_calibration/hook/cmake_prefix_path.ps1'
[10.511s] INFO:colcon.colcon_core.shell:Creating environment descriptor '/home/alvaro/workspace/ros_ur_driver/install/ur_calibration/share/ur_calibration/hook/cmake_prefix_path.dsv'
[10.511s] INFO:colcon.colcon_core.shell:Creating environment hook '/home/alvaro/workspace/ros_ur_driver/install/ur_calibration/share/ur_calibration/hook/cmake_prefix_path.sh'
[10.512s] Level 1:colcon.colcon_core.environment:checking '/home/alvaro/workspace/ros_ur_driver/install/ur_calibration/lib'
[10.512s] Level 1:colcon.colcon_core.environment:checking '/home/alvaro/workspace/ros_ur_driver/install/ur_calibration/bin'
[10.512s] Level 1:colcon.colcon_core.environment:checking '/home/alvaro/workspace/ros_ur_driver/install/ur_calibration/lib/pkgconfig/ur_calibration.pc'
[10.512s] Level 1:colcon.colcon_core.environment:checking '/home/alvaro/workspace/ros_ur_driver/install/ur_calibration/lib/python3.8/site-packages'
[10.512s] Level 1:colcon.colcon_core.environment:checking '/home/alvaro/workspace/ros_ur_driver/install/ur_calibration/bin'
[10.554s] INFO:colcon.colcon_core.shell:Creating package script '/home/alvaro/workspace/ros_ur_driver/install/ur_calibration/share/ur_calibration/package.ps1'
[10.555s] INFO:colcon.colcon_core.shell:Creating package descriptor '/home/alvaro/workspace/ros_ur_driver/install/ur_calibration/share/ur_calibration/package.dsv'
[10.555s] INFO:colcon.colcon_core.shell:Creating package script '/home/alvaro/workspace/ros_ur_driver/install/ur_calibration/share/ur_calibration/package.sh'
[10.555s] INFO:colcon.colcon_core.shell:Creating package script '/home/alvaro/workspace/ros_ur_driver/install/ur_calibration/share/ur_calibration/package.bash'
[10.556s] INFO:colcon.colcon_core.shell:Creating package script '/home/alvaro/workspace/ros_ur_driver/install/ur_calibration/share/ur_calibration/package.zsh'
[10.556s] Level 1:colcon.colcon_core.environment:create_file_with_runtime_dependencies(/home/alvaro/workspace/ros_ur_driver/install/ur_calibration/share/colcon-core/packages/ur_calibration)
[10.653s] Level 1:colcon.colcon_core.environment:create_environment_scripts_only(ur_calibration)
[10.689s] Level 1:colcon.colcon_core.environment:checking '/home/alvaro/workspace/ros_ur_driver/install/ur_calibration' for CMake module files
[10.689s] Level 1:colcon.colcon_core.environment:checking '/home/alvaro/workspace/ros_ur_driver/install/ur_calibration' for CMake config files
[10.689s] Level 1:colcon.colcon_core.shell:create_environment_hook('ur_calibration', 'cmake_prefix_path')
[10.725s] INFO:colcon.colcon_core.shell:Creating environment hook '/home/alvaro/workspace/ros_ur_driver/install/ur_calibration/share/ur_calibration/hook/cmake_prefix_path.ps1'
[10.725s] INFO:colcon.colcon_core.shell:Creating environment descriptor '/home/alvaro/workspace/ros_ur_driver/install/ur_calibration/share/ur_calibration/hook/cmake_prefix_path.dsv'
[10.725s] INFO:colcon.colcon_core.shell:Creating environment hook '/home/alvaro/workspace/ros_ur_driver/install/ur_calibration/share/ur_calibration/hook/cmake_prefix_path.sh'
[10.726s] Level 1:colcon.colcon_core.environment:checking '/home/alvaro/workspace/ros_ur_driver/install/ur_calibration/lib'
[10.726s] Level 1:colcon.colcon_core.environment:checking '/home/alvaro/workspace/ros_ur_driver/install/ur_calibration/bin'
[10.726s] Level 1:colcon.colcon_core.environment:checking '/home/alvaro/workspace/ros_ur_driver/install/ur_calibration/lib/pkgconfig/ur_calibration.pc'
[10.726s] Level 1:colcon.colcon_core.environment:checking '/home/alvaro/workspace/ros_ur_driver/install/ur_calibration/lib/python3.8/site-packages'
[10.726s] Level 1:colcon.colcon_core.environment:checking '/home/alvaro/workspace/ros_ur_driver/install/ur_calibration/bin'
[10.763s] INFO:colcon.colcon_core.shell:Creating package script '/home/alvaro/workspace/ros_ur_driver/install/ur_calibration/share/ur_calibration/package.ps1'
[10.764s] INFO:colcon.colcon_core.shell:Creating package descriptor '/home/alvaro/workspace/ros_ur_driver/install/ur_calibration/share/ur_calibration/package.dsv'
[10.765s] INFO:colcon.colcon_core.shell:Creating package script '/home/alvaro/workspace/ros_ur_driver/install/ur_calibration/share/ur_calibration/package.sh'
[10.765s] INFO:colcon.colcon_core.shell:Creating package script '/home/alvaro/workspace/ros_ur_driver/install/ur_calibration/share/ur_calibration/package.bash'
[10.766s] INFO:colcon.colcon_core.shell:Creating package script '/home/alvaro/workspace/ros_ur_driver/install/ur_calibration/share/ur_calibration/package.zsh'
[10.767s] Level 1:colcon.colcon_core.environment:create_file_with_runtime_dependencies(/home/alvaro/workspace/ros_ur_driver/install/ur_calibration/share/colcon-core/packages/ur_calibration)
[10.767s] DEBUG:colcon.colcon_parallel_executor.executor.parallel:closing loop
[10.768s] DEBUG:colcon.colcon_parallel_executor.executor.parallel:loop closed
[10.768s] DEBUG:colcon.colcon_parallel_executor.executor.parallel:run_until_complete finished with '0'
[10.768s] DEBUG:colcon.colcon_core.event_reactor:joining thread
[10.817s] INFO:colcon.colcon_core.plugin_system:Skipping extension 'colcon_notification.desktop_notification.terminal_notifier': Not used on non-Darwin systems
[10.817s] INFO:colcon.colcon_core.plugin_system:Skipping extension 'colcon_notification.desktop_notification.win32': Not used on non-Windows systems
[10.817s] INFO:colcon.colcon_notification.desktop_notification:Sending desktop notification using 'notify2'
[10.840s] DEBUG:colcon.colcon_core.event_reactor:joined thread
[10.894s] INFO:colcon.colcon_core.shell:Creating prefix script '/home/alvaro/workspace/ros_ur_driver/install/local_setup.ps1'
[10.894s] INFO:colcon.colcon_core.shell:Creating prefix util module '/home/alvaro/workspace/ros_ur_driver/install/_local_setup_util_ps1.py'
[10.895s] INFO:colcon.colcon_core.shell:Creating prefix chain script '/home/alvaro/workspace/ros_ur_driver/install/setup.ps1'
[10.932s] INFO:colcon.colcon_core.shell:Creating prefix script '/home/alvaro/workspace/ros_ur_driver/install/local_setup.sh'
[10.932s] INFO:colcon.colcon_core.shell:Creating prefix util module '/home/alvaro/workspace/ros_ur_driver/install/_local_setup_util_sh.py'
[10.932s] INFO:colcon.colcon_core.shell:Creating prefix chain script '/home/alvaro/workspace/ros_ur_driver/install/setup.sh'
[10.968s] INFO:colcon.colcon_core.shell:Creating prefix script '/home/alvaro/workspace/ros_ur_driver/install/local_setup.bash'
[10.968s] INFO:colcon.colcon_core.shell:Creating prefix chain script '/home/alvaro/workspace/ros_ur_driver/install/setup.bash'
[11.006s] INFO:colcon.colcon_core.shell:Creating prefix script '/home/alvaro/workspace/ros_ur_driver/install/local_setup.zsh'
[11.007s] INFO:colcon.colcon_core.shell:Creating prefix chain script '/home/alvaro/workspace/ros_ur_driver/install/setup.zsh'
