[0.197s] Invoking command in '/home/alvaro/workspace/ros_ur_driver/build/ur_robot_driver': CMAKE_PREFIX_PATH=/home/alvaro/workspace/ros_ur_driver/install/ur_bringup:/home/alvaro/workspace/ros_ur_driver/install/ur_controllers:/home/alvaro/workspace/ros_ur_driver/install/ur_moveit_config:/home/alvaro/workspace/ros_ur_driver/install/ur_description:/home/alvaro/workspace/ros_ur_driver/install/ur_dashboard_msgs:/home/alvaro/workspace/ros_ur_driver/install/ur_calibration:/home/alvaro/workspace/ros_ur_driver/install/ur_robot_driver:/home/alvaro/workspace/ros_ur_driver/install/ros2_control_demos:/home/alvaro/workspace/ros_ur_driver/install/ros2_control_demo_bringup:/home/alvaro/workspace/ros_ur_driver/install/rrbot_description:/home/alvaro/workspace/ros_ur_driver/install/ros2_control_demo_hardware:/home/alvaro/workspace/ros_ur_driver/install/ros2_control_demo_description:/home/alvaro/workspace/ros_ur_driver/install/diffbot_description:/home/alvaro/dev_ws/install/turtlesim:/home/alvaro/dev_ws/install/ros_testing:/home/alvaro/dev_ws/install/ros2srrc_ur3_moveit2:/home/alvaro/dev_ws/install/ros2srrc_ur3_gazebo:/home/alvaro/dev_ws/install/ros2srrc_ur3_bringup:/home/alvaro/dev_ws/install/ros2srrc_irb120_moveit2:/home/alvaro/dev_ws/install/ros2srrc_irb120_gazebo:/home/alvaro/dev_ws/install/ros2srrc_irb120_bringup:/home/alvaro/dev_ws/install/ros2srrc_execution:/home/alvaro/dev_ws/install/ros2srrc_data:/home/alvaro/dev_ws/install/ros2_linkattacher:/home/alvaro/dev_ws/install/linkattacher_msgs:/home/alvaro/dev_ws/install/abb_rws_client:/home/alvaro/dev_ws/install/abb_ros2:/home/alvaro/dev_ws/install/abb_robot_msgs:/home/alvaro/dev_ws/install/abb_resources:/home/alvaro/dev_ws/install/abb_rapid_sm_addin_msgs:/home/alvaro/dev_ws/install/abb_rapid_msgs:/home/alvaro/dev_ws/install/abb_hardware_interface:/home/alvaro/dev_ws/install/abb_egm_rws_managers:/home/alvaro/dev_ws/install/abb_librws:/home/alvaro/dev_ws/install/abb_libegm:/home/alvaro/dev_ws/install/abb_irb4600_support:/home/alvaro/dev_ws/install/abb_irb1200_5_90_moveit_config:/home/alvaro/dev_ws/install/abb_irb1200_support:/home/alvaro/dev_ws/install/abb_egm_msgs:/home/alvaro/dev_ws/install/abb_bringup:/home/alvaro/workspace/ros_ur_driver/install/ros2_control_test_nodes:/home/alvaro/dev_ws/install/ros2test:/opt/ros/foxy LD_LIBRARY_PATH=/home/alvaro/workspace/ros_ur_driver/install/ur_controllers/lib:/home/alvaro/workspace/ros_ur_driver/install/ur_dashboard_msgs/lib:/home/alvaro/workspace/ros_ur_driver/install/ur_robot_driver/lib:/home/alvaro/workspace/ros_ur_driver/install/ros2_control_demo_hardware/lib:/home/alvaro/dev_ws/install/turtlesim/lib:/home/alvaro/dev_ws/install/ros2srrc_data/lib:/home/alvaro/dev_ws/install/ros2_linkattacher/lib:/home/alvaro/dev_ws/install/linkattacher_msgs/lib:/home/alvaro/dev_ws/install/abb_robot_msgs/lib:/home/alvaro/dev_ws/install/abb_rapid_sm_addin_msgs/lib:/home/alvaro/dev_ws/install/abb_rapid_msgs/lib:/home/alvaro/dev_ws/install/abb_hardware_interface/lib:/home/alvaro/dev_ws/install/abb_egm_rws_managers/lib:/home/alvaro/dev_ws/install/abb_librws/lib:/home/alvaro/dev_ws/install/abb_libegm/lib:/home/alvaro/dev_ws/install/abb_egm_msgs/lib:/usr/lib/x86_64-linux-gnu/gazebo-11/plugins:/opt/ros/foxy/opt/yaml_cpp_vendor/lib:/opt/ros/foxy/opt/rviz_ogre_vendor/lib:/opt/ros/foxy/lib/x86_64-linux-gnu:/opt/ros/foxy/lib /usr/bin/cmake /home/alvaro/workspace/ros_ur_driver/src/Universal_Robots_ROS2_Driver/ur_robot_driver -DCMAKE_BUILD_TYPE=Release -DCMAKE_INSTALL_PREFIX=/home/alvaro/workspace/ros_ur_driver/install/ur_robot_driver
[0.273s] -- The C compiler identification is GNU 9.4.0
[0.346s] -- The CXX compiler identification is GNU 9.4.0
[0.358s] -- Check for working C compiler: /usr/bin/cc
[0.454s] -- Check for working C compiler: /usr/bin/cc -- works
[0.456s] -- Detecting C compiler ABI info
[0.549s] -- Detecting C compiler ABI info - done
[0.568s] -- Detecting C compile features
[0.568s] -- Detecting C compile features - done
[0.570s] -- Check for working CXX compiler: /usr/bin/c++
[0.668s] -- Check for working CXX compiler: /usr/bin/c++ -- works
[0.670s] -- Detecting CXX compiler ABI info
[0.769s] -- Detecting CXX compiler ABI info - done
[0.784s] -- Detecting CXX compile features
[0.785s] -- Detecting CXX compile features - done
[0.789s] -- Found ament_cmake: 0.9.12 (/opt/ros/foxy/share/ament_cmake/cmake)
[0.819s] -- Found PythonInterp: /usr/bin/python3 (found suitable version "3.8.10", minimum required is "3") 
[0.820s] -- Using PYTHON_EXECUTABLE: /usr/bin/python3
[1.042s] -- Found controller_manager: 0.11.0 (/opt/ros/foxy/share/controller_manager/cmake)
[1.099s] -- Using all available rosidl_typesupport_c: rosidl_typesupport_fastrtps_c;rosidl_typesupport_introspection_c
[1.111s] -- Found rosidl_adapter: 1.3.1 (/opt/ros/foxy/share/rosidl_adapter/cmake)
[1.279s] -- Found OpenSSL: /usr/lib/x86_64-linux-gnu/libcrypto.so (found version "1.1.1f")  
[1.319s] -- Found FastRTPS: /opt/ros/foxy/include  
[1.427s] -- Using all available rosidl_typesupport_cpp: rosidl_typesupport_fastrtps_cpp;rosidl_typesupport_introspection_cpp
[1.966s] -- Found rmw_implementation_cmake: 1.0.4 (/opt/ros/foxy/share/rmw_implementation_cmake/cmake)
[1.969s] -- Using RMW implementation 'rmw_fastrtps_cpp' as default
[1.970s] -- Looking for pthread.h
[2.074s] -- Looking for pthread.h - found
[2.074s] -- Performing Test CMAKE_HAVE_LIBC_PTHREAD
[2.195s] -- Performing Test CMAKE_HAVE_LIBC_PTHREAD - Failed
[2.195s] -- Looking for pthread_create in pthreads
[2.287s] -- Looking for pthread_create in pthreads - not found
[2.287s] -- Looking for pthread_create in pthread
[2.393s] -- Looking for pthread_create in pthread - found
[2.395s] -- Found Threads: TRUE  
[2.715s] -- Found std_srvs: 2.0.5 (/opt/ros/foxy/share/std_srvs/cmake)
[2.726s] -- Found ur_dashboard_msgs: 2.0.2 (/home/alvaro/workspace/ros_ur_driver/install/ur_dashboard_msgs/share/ur_dashboard_msgs/cmake)
[3.155s] -- Found ur_controllers: 2.0.2 (/home/alvaro/workspace/ros_ur_driver/install/ur_controllers/share/ur_controllers/cmake)
[3.687s] -- Found ur_description: 2.0.2 (/home/alvaro/workspace/ros_ur_driver/install/ur_description/share/ur_description/cmake)
[3.687s] -- Found ur_bringup: 2.0.2 (/home/alvaro/workspace/ros_ur_driver/install/ur_bringup/share/ur_bringup/cmake)
[3.690s] -- Found launch_testing_ament_cmake: 0.10.10 (/opt/ros/foxy/share/launch_testing_ament_cmake/cmake)
[3.693s] -- Found python_cmake_module: 0.8.1 (/opt/ros/foxy/share/python_cmake_module/cmake)
[3.719s] -- Found PythonInterp: /usr/bin/python3 (found suitable version "3.8.10", minimum required is "3.5") 
[3.733s] -- Found PythonLibs: /usr/lib/x86_64-linux-gnu/libpython3.8.so (found suitable version "3.8.10", minimum required is "3.5") 
[3.733s] -- Using PYTHON_EXECUTABLE: /usr/bin/python3
[3.734s] -- Using PYTHON_INCLUDE_DIRS: /usr/include/python3.8
[3.734s] -- Using PYTHON_LIBRARIES: /usr/lib/x86_64-linux-gnu/libpython3.8.so
[3.761s] -- Found PythonExtra: .so  
[3.768s] -- Configuring done
[3.835s] -- Generating done
[3.837s] -- Build files have been written to: /home/alvaro/workspace/ros_ur_driver/build/ur_robot_driver
[3.847s] Invoked command in '/home/alvaro/workspace/ros_ur_driver/build/ur_robot_driver' returned '0': CMAKE_PREFIX_PATH=/home/alvaro/workspace/ros_ur_driver/install/ur_bringup:/home/alvaro/workspace/ros_ur_driver/install/ur_controllers:/home/alvaro/workspace/ros_ur_driver/install/ur_moveit_config:/home/alvaro/workspace/ros_ur_driver/install/ur_description:/home/alvaro/workspace/ros_ur_driver/install/ur_dashboard_msgs:/home/alvaro/workspace/ros_ur_driver/install/ur_calibration:/home/alvaro/workspace/ros_ur_driver/install/ur_robot_driver:/home/alvaro/workspace/ros_ur_driver/install/ros2_control_demos:/home/alvaro/workspace/ros_ur_driver/install/ros2_control_demo_bringup:/home/alvaro/workspace/ros_ur_driver/install/rrbot_description:/home/alvaro/workspace/ros_ur_driver/install/ros2_control_demo_hardware:/home/alvaro/workspace/ros_ur_driver/install/ros2_control_demo_description:/home/alvaro/workspace/ros_ur_driver/install/diffbot_description:/home/alvaro/dev_ws/install/turtlesim:/home/alvaro/dev_ws/install/ros_testing:/home/alvaro/dev_ws/install/ros2srrc_ur3_moveit2:/home/alvaro/dev_ws/install/ros2srrc_ur3_gazebo:/home/alvaro/dev_ws/install/ros2srrc_ur3_bringup:/home/alvaro/dev_ws/install/ros2srrc_irb120_moveit2:/home/alvaro/dev_ws/install/ros2srrc_irb120_gazebo:/home/alvaro/dev_ws/install/ros2srrc_irb120_bringup:/home/alvaro/dev_ws/install/ros2srrc_execution:/home/alvaro/dev_ws/install/ros2srrc_data:/home/alvaro/dev_ws/install/ros2_linkattacher:/home/alvaro/dev_ws/install/linkattacher_msgs:/home/alvaro/dev_ws/install/abb_rws_client:/home/alvaro/dev_ws/install/abb_ros2:/home/alvaro/dev_ws/install/abb_robot_msgs:/home/alvaro/dev_ws/install/abb_resources:/home/alvaro/dev_ws/install/abb_rapid_sm_addin_msgs:/home/alvaro/dev_ws/install/abb_rapid_msgs:/home/alvaro/dev_ws/install/abb_hardware_interface:/home/alvaro/dev_ws/install/abb_egm_rws_managers:/home/alvaro/dev_ws/install/abb_librws:/home/alvaro/dev_ws/install/abb_libegm:/home/alvaro/dev_ws/install/abb_irb4600_support:/home/alvaro/dev_ws/install/abb_irb1200_5_90_moveit_config:/home/alvaro/dev_ws/install/abb_irb1200_support:/home/alvaro/dev_ws/install/abb_egm_msgs:/home/alvaro/dev_ws/install/abb_bringup:/home/alvaro/workspace/ros_ur_driver/install/ros2_control_test_nodes:/home/alvaro/dev_ws/install/ros2test:/opt/ros/foxy LD_LIBRARY_PATH=/home/alvaro/workspace/ros_ur_driver/install/ur_controllers/lib:/home/alvaro/workspace/ros_ur_driver/install/ur_dashboard_msgs/lib:/home/alvaro/workspace/ros_ur_driver/install/ur_robot_driver/lib:/home/alvaro/workspace/ros_ur_driver/install/ros2_control_demo_hardware/lib:/home/alvaro/dev_ws/install/turtlesim/lib:/home/alvaro/dev_ws/install/ros2srrc_data/lib:/home/alvaro/dev_ws/install/ros2_linkattacher/lib:/home/alvaro/dev_ws/install/linkattacher_msgs/lib:/home/alvaro/dev_ws/install/abb_robot_msgs/lib:/home/alvaro/dev_ws/install/abb_rapid_sm_addin_msgs/lib:/home/alvaro/dev_ws/install/abb_rapid_msgs/lib:/home/alvaro/dev_ws/install/abb_hardware_interface/lib:/home/alvaro/dev_ws/install/abb_egm_rws_managers/lib:/home/alvaro/dev_ws/install/abb_librws/lib:/home/alvaro/dev_ws/install/abb_libegm/lib:/home/alvaro/dev_ws/install/abb_egm_msgs/lib:/usr/lib/x86_64-linux-gnu/gazebo-11/plugins:/opt/ros/foxy/opt/yaml_cpp_vendor/lib:/opt/ros/foxy/opt/rviz_ogre_vendor/lib:/opt/ros/foxy/lib/x86_64-linux-gnu:/opt/ros/foxy/lib /usr/bin/cmake /home/alvaro/workspace/ros_ur_driver/src/Universal_Robots_ROS2_Driver/ur_robot_driver -DCMAKE_BUILD_TYPE=Release -DCMAKE_INSTALL_PREFIX=/home/alvaro/workspace/ros_ur_driver/install/ur_robot_driver
[3.852s] Invoking command in '/home/alvaro/workspace/ros_ur_driver/build/ur_robot_driver': CMAKE_PREFIX_PATH=/home/alvaro/workspace/ros_ur_driver/install/ur_bringup:/home/alvaro/workspace/ros_ur_driver/install/ur_controllers:/home/alvaro/workspace/ros_ur_driver/install/ur_moveit_config:/home/alvaro/workspace/ros_ur_driver/install/ur_description:/home/alvaro/workspace/ros_ur_driver/install/ur_dashboard_msgs:/home/alvaro/workspace/ros_ur_driver/install/ur_calibration:/home/alvaro/workspace/ros_ur_driver/install/ur_robot_driver:/home/alvaro/workspace/ros_ur_driver/install/ros2_control_demos:/home/alvaro/workspace/ros_ur_driver/install/ros2_control_demo_bringup:/home/alvaro/workspace/ros_ur_driver/install/rrbot_description:/home/alvaro/workspace/ros_ur_driver/install/ros2_control_demo_hardware:/home/alvaro/workspace/ros_ur_driver/install/ros2_control_demo_description:/home/alvaro/workspace/ros_ur_driver/install/diffbot_description:/home/alvaro/dev_ws/install/turtlesim:/home/alvaro/dev_ws/install/ros_testing:/home/alvaro/dev_ws/install/ros2srrc_ur3_moveit2:/home/alvaro/dev_ws/install/ros2srrc_ur3_gazebo:/home/alvaro/dev_ws/install/ros2srrc_ur3_bringup:/home/alvaro/dev_ws/install/ros2srrc_irb120_moveit2:/home/alvaro/dev_ws/install/ros2srrc_irb120_gazebo:/home/alvaro/dev_ws/install/ros2srrc_irb120_bringup:/home/alvaro/dev_ws/install/ros2srrc_execution:/home/alvaro/dev_ws/install/ros2srrc_data:/home/alvaro/dev_ws/install/ros2_linkattacher:/home/alvaro/dev_ws/install/linkattacher_msgs:/home/alvaro/dev_ws/install/abb_rws_client:/home/alvaro/dev_ws/install/abb_ros2:/home/alvaro/dev_ws/install/abb_robot_msgs:/home/alvaro/dev_ws/install/abb_resources:/home/alvaro/dev_ws/install/abb_rapid_sm_addin_msgs:/home/alvaro/dev_ws/install/abb_rapid_msgs:/home/alvaro/dev_ws/install/abb_hardware_interface:/home/alvaro/dev_ws/install/abb_egm_rws_managers:/home/alvaro/dev_ws/install/abb_librws:/home/alvaro/dev_ws/install/abb_libegm:/home/alvaro/dev_ws/install/abb_irb4600_support:/home/alvaro/dev_ws/install/abb_irb1200_5_90_moveit_config:/home/alvaro/dev_ws/install/abb_irb1200_support:/home/alvaro/dev_ws/install/abb_egm_msgs:/home/alvaro/dev_ws/install/abb_bringup:/home/alvaro/workspace/ros_ur_driver/install/ros2_control_test_nodes:/home/alvaro/dev_ws/install/ros2test:/opt/ros/foxy LD_LIBRARY_PATH=/home/alvaro/workspace/ros_ur_driver/install/ur_controllers/lib:/home/alvaro/workspace/ros_ur_driver/install/ur_dashboard_msgs/lib:/home/alvaro/workspace/ros_ur_driver/install/ur_robot_driver/lib:/home/alvaro/workspace/ros_ur_driver/install/ros2_control_demo_hardware/lib:/home/alvaro/dev_ws/install/turtlesim/lib:/home/alvaro/dev_ws/install/ros2srrc_data/lib:/home/alvaro/dev_ws/install/ros2_linkattacher/lib:/home/alvaro/dev_ws/install/linkattacher_msgs/lib:/home/alvaro/dev_ws/install/abb_robot_msgs/lib:/home/alvaro/dev_ws/install/abb_rapid_sm_addin_msgs/lib:/home/alvaro/dev_ws/install/abb_rapid_msgs/lib:/home/alvaro/dev_ws/install/abb_hardware_interface/lib:/home/alvaro/dev_ws/install/abb_egm_rws_managers/lib:/home/alvaro/dev_ws/install/abb_librws/lib:/home/alvaro/dev_ws/install/abb_libegm/lib:/home/alvaro/dev_ws/install/abb_egm_msgs/lib:/usr/lib/x86_64-linux-gnu/gazebo-11/plugins:/opt/ros/foxy/opt/yaml_cpp_vendor/lib:/opt/ros/foxy/opt/rviz_ogre_vendor/lib:/opt/ros/foxy/lib/x86_64-linux-gnu:/opt/ros/foxy/lib /usr/bin/cmake --build /home/alvaro/workspace/ros_ur_driver/build/ur_robot_driver -- -j12 -l12
[3.906s] [35m[1mScanning dependencies of target dashboard_client[0m
[3.908s] [35m[1mScanning dependencies of target ur_robot_driver_plugin[0m
[3.910s] [35m[1mScanning dependencies of target controller_stopper_node[0m
[3.954s] [ 18%] [32mBuilding CXX object CMakeFiles/controller_stopper_node.dir/src/controller_stopper.cpp.o[0m
[3.954s] [ 18%] [32mBuilding CXX object CMakeFiles/dashboard_client.dir/src/dashboard_client_ros.cpp.o[0m
[3.955s] [ 36%] [32mBuilding CXX object CMakeFiles/dashboard_client.dir/src/urcl_log_handler.cpp.o[0m
[3.955s] [ 36%] [32mBuilding CXX object CMakeFiles/dashboard_client.dir/src/dashboard_client_node.cpp.o[0m
[3.961s] [ 45%] [32mBuilding CXX object CMakeFiles/controller_stopper_node.dir/src/controller_stopper_node.cpp.o[0m
[3.970s] [ 63%] [32mBuilding CXX object CMakeFiles/ur_robot_driver_plugin.dir/src/hardware_interface.cpp.o[0m
[3.970s] [ 63%] [32mBuilding CXX object CMakeFiles/ur_robot_driver_plugin.dir/src/dashboard_client_ros.cpp.o[0m
[3.977s] [ 72%] [32mBuilding CXX object CMakeFiles/ur_robot_driver_plugin.dir/src/urcl_log_handler.cpp.o[0m
[11.832s] [ 81%] [32m[1mLinking CXX executable controller_stopper_node[0m
[12.056s] [ 81%] Built target controller_stopper_node
[14.159s] [ 90%] [32m[1mLinking CXX executable dashboard_client[0m
[14.186s] [100%] [32m[1mLinking CXX shared library libur_robot_driver_plugin.so[0m
[14.383s] [100%] Built target dashboard_client
[14.401s] [100%] Built target ur_robot_driver_plugin
[14.423s] Invoked command in '/home/alvaro/workspace/ros_ur_driver/build/ur_robot_driver' returned '0': CMAKE_PREFIX_PATH=/home/alvaro/workspace/ros_ur_driver/install/ur_bringup:/home/alvaro/workspace/ros_ur_driver/install/ur_controllers:/home/alvaro/workspace/ros_ur_driver/install/ur_moveit_config:/home/alvaro/workspace/ros_ur_driver/install/ur_description:/home/alvaro/workspace/ros_ur_driver/install/ur_dashboard_msgs:/home/alvaro/workspace/ros_ur_driver/install/ur_calibration:/home/alvaro/workspace/ros_ur_driver/install/ur_robot_driver:/home/alvaro/workspace/ros_ur_driver/install/ros2_control_demos:/home/alvaro/workspace/ros_ur_driver/install/ros2_control_demo_bringup:/home/alvaro/workspace/ros_ur_driver/install/rrbot_description:/home/alvaro/workspace/ros_ur_driver/install/ros2_control_demo_hardware:/home/alvaro/workspace/ros_ur_driver/install/ros2_control_demo_description:/home/alvaro/workspace/ros_ur_driver/install/diffbot_description:/home/alvaro/dev_ws/install/turtlesim:/home/alvaro/dev_ws/install/ros_testing:/home/alvaro/dev_ws/install/ros2srrc_ur3_moveit2:/home/alvaro/dev_ws/install/ros2srrc_ur3_gazebo:/home/alvaro/dev_ws/install/ros2srrc_ur3_bringup:/home/alvaro/dev_ws/install/ros2srrc_irb120_moveit2:/home/alvaro/dev_ws/install/ros2srrc_irb120_gazebo:/home/alvaro/dev_ws/install/ros2srrc_irb120_bringup:/home/alvaro/dev_ws/install/ros2srrc_execution:/home/alvaro/dev_ws/install/ros2srrc_data:/home/alvaro/dev_ws/install/ros2_linkattacher:/home/alvaro/dev_ws/install/linkattacher_msgs:/home/alvaro/dev_ws/install/abb_rws_client:/home/alvaro/dev_ws/install/abb_ros2:/home/alvaro/dev_ws/install/abb_robot_msgs:/home/alvaro/dev_ws/install/abb_resources:/home/alvaro/dev_ws/install/abb_rapid_sm_addin_msgs:/home/alvaro/dev_ws/install/abb_rapid_msgs:/home/alvaro/dev_ws/install/abb_hardware_interface:/home/alvaro/dev_ws/install/abb_egm_rws_managers:/home/alvaro/dev_ws/install/abb_librws:/home/alvaro/dev_ws/install/abb_libegm:/home/alvaro/dev_ws/install/abb_irb4600_support:/home/alvaro/dev_ws/install/abb_irb1200_5_90_moveit_config:/home/alvaro/dev_ws/install/abb_irb1200_support:/home/alvaro/dev_ws/install/abb_egm_msgs:/home/alvaro/dev_ws/install/abb_bringup:/home/alvaro/workspace/ros_ur_driver/install/ros2_control_test_nodes:/home/alvaro/dev_ws/install/ros2test:/opt/ros/foxy LD_LIBRARY_PATH=/home/alvaro/workspace/ros_ur_driver/install/ur_controllers/lib:/home/alvaro/workspace/ros_ur_driver/install/ur_dashboard_msgs/lib:/home/alvaro/workspace/ros_ur_driver/install/ur_robot_driver/lib:/home/alvaro/workspace/ros_ur_driver/install/ros2_control_demo_hardware/lib:/home/alvaro/dev_ws/install/turtlesim/lib:/home/alvaro/dev_ws/install/ros2srrc_data/lib:/home/alvaro/dev_ws/install/ros2_linkattacher/lib:/home/alvaro/dev_ws/install/linkattacher_msgs/lib:/home/alvaro/dev_ws/install/abb_robot_msgs/lib:/home/alvaro/dev_ws/install/abb_rapid_sm_addin_msgs/lib:/home/alvaro/dev_ws/install/abb_rapid_msgs/lib:/home/alvaro/dev_ws/install/abb_hardware_interface/lib:/home/alvaro/dev_ws/install/abb_egm_rws_managers/lib:/home/alvaro/dev_ws/install/abb_librws/lib:/home/alvaro/dev_ws/install/abb_libegm/lib:/home/alvaro/dev_ws/install/abb_egm_msgs/lib:/usr/lib/x86_64-linux-gnu/gazebo-11/plugins:/opt/ros/foxy/opt/yaml_cpp_vendor/lib:/opt/ros/foxy/opt/rviz_ogre_vendor/lib:/opt/ros/foxy/lib/x86_64-linux-gnu:/opt/ros/foxy/lib /usr/bin/cmake --build /home/alvaro/workspace/ros_ur_driver/build/ur_robot_driver -- -j12 -l12
[14.488s] Invoking command in '/home/alvaro/workspace/ros_ur_driver/build/ur_robot_driver': CMAKE_PREFIX_PATH=/home/alvaro/workspace/ros_ur_driver/install/ur_bringup:/home/alvaro/workspace/ros_ur_driver/install/ur_controllers:/home/alvaro/workspace/ros_ur_driver/install/ur_moveit_config:/home/alvaro/workspace/ros_ur_driver/install/ur_description:/home/alvaro/workspace/ros_ur_driver/install/ur_dashboard_msgs:/home/alvaro/workspace/ros_ur_driver/install/ur_calibration:/home/alvaro/workspace/ros_ur_driver/install/ur_robot_driver:/home/alvaro/workspace/ros_ur_driver/install/ros2_control_demos:/home/alvaro/workspace/ros_ur_driver/install/ros2_control_demo_bringup:/home/alvaro/workspace/ros_ur_driver/install/rrbot_description:/home/alvaro/workspace/ros_ur_driver/install/ros2_control_demo_hardware:/home/alvaro/workspace/ros_ur_driver/install/ros2_control_demo_description:/home/alvaro/workspace/ros_ur_driver/install/diffbot_description:/home/alvaro/dev_ws/install/turtlesim:/home/alvaro/dev_ws/install/ros_testing:/home/alvaro/dev_ws/install/ros2srrc_ur3_moveit2:/home/alvaro/dev_ws/install/ros2srrc_ur3_gazebo:/home/alvaro/dev_ws/install/ros2srrc_ur3_bringup:/home/alvaro/dev_ws/install/ros2srrc_irb120_moveit2:/home/alvaro/dev_ws/install/ros2srrc_irb120_gazebo:/home/alvaro/dev_ws/install/ros2srrc_irb120_bringup:/home/alvaro/dev_ws/install/ros2srrc_execution:/home/alvaro/dev_ws/install/ros2srrc_data:/home/alvaro/dev_ws/install/ros2_linkattacher:/home/alvaro/dev_ws/install/linkattacher_msgs:/home/alvaro/dev_ws/install/abb_rws_client:/home/alvaro/dev_ws/install/abb_ros2:/home/alvaro/dev_ws/install/abb_robot_msgs:/home/alvaro/dev_ws/install/abb_resources:/home/alvaro/dev_ws/install/abb_rapid_sm_addin_msgs:/home/alvaro/dev_ws/install/abb_rapid_msgs:/home/alvaro/dev_ws/install/abb_hardware_interface:/home/alvaro/dev_ws/install/abb_egm_rws_managers:/home/alvaro/dev_ws/install/abb_librws:/home/alvaro/dev_ws/install/abb_libegm:/home/alvaro/dev_ws/install/abb_irb4600_support:/home/alvaro/dev_ws/install/abb_irb1200_5_90_moveit_config:/home/alvaro/dev_ws/install/abb_irb1200_support:/home/alvaro/dev_ws/install/abb_egm_msgs:/home/alvaro/dev_ws/install/abb_bringup:/home/alvaro/workspace/ros_ur_driver/install/ros2_control_test_nodes:/home/alvaro/dev_ws/install/ros2test:/opt/ros/foxy LD_LIBRARY_PATH=/home/alvaro/workspace/ros_ur_driver/install/ur_controllers/lib:/home/alvaro/workspace/ros_ur_driver/install/ur_dashboard_msgs/lib:/home/alvaro/workspace/ros_ur_driver/install/ur_robot_driver/lib:/home/alvaro/workspace/ros_ur_driver/install/ros2_control_demo_hardware/lib:/home/alvaro/dev_ws/install/turtlesim/lib:/home/alvaro/dev_ws/install/ros2srrc_data/lib:/home/alvaro/dev_ws/install/ros2_linkattacher/lib:/home/alvaro/dev_ws/install/linkattacher_msgs/lib:/home/alvaro/dev_ws/install/abb_robot_msgs/lib:/home/alvaro/dev_ws/install/abb_rapid_sm_addin_msgs/lib:/home/alvaro/dev_ws/install/abb_rapid_msgs/lib:/home/alvaro/dev_ws/install/abb_hardware_interface/lib:/home/alvaro/dev_ws/install/abb_egm_rws_managers/lib:/home/alvaro/dev_ws/install/abb_librws/lib:/home/alvaro/dev_ws/install/abb_libegm/lib:/home/alvaro/dev_ws/install/abb_egm_msgs/lib:/usr/lib/x86_64-linux-gnu/gazebo-11/plugins:/opt/ros/foxy/opt/yaml_cpp_vendor/lib:/opt/ros/foxy/opt/rviz_ogre_vendor/lib:/opt/ros/foxy/lib/x86_64-linux-gnu:/opt/ros/foxy/lib /usr/bin/cmake --install /home/alvaro/workspace/ros_ur_driver/build/ur_robot_driver
[14.501s] -- Install configuration: "Release"
[14.501s] -- Installing: /home/alvaro/workspace/ros_ur_driver/install/ur_robot_driver/share/ur_robot_driver/hardware_interface_plugin.xml
[14.502s] -- Installing: /home/alvaro/workspace/ros_ur_driver/install/ur_robot_driver/lib/ur_robot_driver/dashboard_client
[14.502s] -- Set runtime path of "/home/alvaro/workspace/ros_ur_driver/install/ur_robot_driver/lib/ur_robot_driver/dashboard_client" to ""
[14.502s] -- Installing: /home/alvaro/workspace/ros_ur_driver/install/ur_robot_driver/lib/ur_robot_driver/controller_stopper_node
[14.503s] -- Set runtime path of "/home/alvaro/workspace/ros_ur_driver/install/ur_robot_driver/lib/ur_robot_driver/controller_stopper_node" to ""
[14.503s] -- Installing: /home/alvaro/workspace/ros_ur_driver/install/ur_robot_driver/lib/libur_robot_driver_plugin.so
[14.504s] -- Set runtime path of "/home/alvaro/workspace/ros_ur_driver/install/ur_robot_driver/lib/libur_robot_driver_plugin.so" to ""
[14.504s] -- Installing: /home/alvaro/workspace/ros_ur_driver/install/ur_robot_driver/include
[14.504s] -- Installing: /home/alvaro/workspace/ros_ur_driver/install/ur_robot_driver/include/ur_robot_driver
[14.504s] -- Installing: /home/alvaro/workspace/ros_ur_driver/install/ur_robot_driver/include/ur_robot_driver/dashboard_client_ros.hpp
[14.504s] -- Installing: /home/alvaro/workspace/ros_ur_driver/install/ur_robot_driver/include/ur_robot_driver/urcl_log_handler.hpp
[14.504s] -- Installing: /home/alvaro/workspace/ros_ur_driver/install/ur_robot_driver/include/ur_robot_driver/controller_stopper.hpp
[14.504s] -- Installing: /home/alvaro/workspace/ros_ur_driver/install/ur_robot_driver/include/ur_robot_driver/hardware_interface.hpp
[14.505s] -- Installing: /home/alvaro/workspace/ros_ur_driver/install/ur_robot_driver/share/ur_robot_driver/environment/library_path.sh
[14.505s] -- Installing: /home/alvaro/workspace/ros_ur_driver/install/ur_robot_driver/share/ur_robot_driver/environment/library_path.dsv
[14.505s] -- Installing: /home/alvaro/workspace/ros_ur_driver/install/ur_robot_driver/bin/tool_communication
[14.505s] -- Installing: /home/alvaro/workspace/ros_ur_driver/install/ur_robot_driver/share/ur_robot_driver/resources
[14.505s] -- Installing: /home/alvaro/workspace/ros_ur_driver/install/ur_robot_driver/share/ur_robot_driver/resources/Dockerfile
[14.505s] -- Installing: /home/alvaro/workspace/ros_ur_driver/install/ur_robot_driver/share/ur_robot_driver/resources/rtde_input_recipe.txt
[14.506s] -- Installing: /home/alvaro/workspace/ros_ur_driver/install/ur_robot_driver/share/ur_robot_driver/resources/ros_control.urscript
[14.506s] -- Installing: /home/alvaro/workspace/ros_ur_driver/install/ur_robot_driver/share/ur_robot_driver/resources/externalcontrol-1.0.5.urcap
[14.506s] -- Installing: /home/alvaro/workspace/ros_ur_driver/install/ur_robot_driver/share/ur_robot_driver/resources/rtde_output_recipe.txt
[14.506s] -- Installing: /home/alvaro/workspace/ros_ur_driver/install/ur_robot_driver/share/ur_robot_driver/resources/rs485-1.0.urcap
[14.506s] -- Up-to-date: /home/alvaro/workspace/ros_ur_driver/install/ur_robot_driver/include
[14.506s] -- Up-to-date: /home/alvaro/workspace/ros_ur_driver/install/ur_robot_driver/include/ur_robot_driver
[14.506s] -- Up-to-date: /home/alvaro/workspace/ros_ur_driver/install/ur_robot_driver/include/ur_robot_driver/dashboard_client_ros.hpp
[14.506s] -- Up-to-date: /home/alvaro/workspace/ros_ur_driver/install/ur_robot_driver/include/ur_robot_driver/urcl_log_handler.hpp
[14.507s] -- Up-to-date: /home/alvaro/workspace/ros_ur_driver/install/ur_robot_driver/include/ur_robot_driver/controller_stopper.hpp
[14.507s] -- Up-to-date: /home/alvaro/workspace/ros_ur_driver/install/ur_robot_driver/include/ur_robot_driver/hardware_interface.hpp
[14.507s] -- Installing: /home/alvaro/workspace/ros_ur_driver/install/ur_robot_driver/share/ament_index/resource_index/package_run_dependencies/ur_robot_driver
[14.507s] -- Installing: /home/alvaro/workspace/ros_ur_driver/install/ur_robot_driver/share/ament_index/resource_index/parent_prefix_path/ur_robot_driver
[14.507s] -- Installing: /home/alvaro/workspace/ros_ur_driver/install/ur_robot_driver/share/ur_robot_driver/environment/ament_prefix_path.sh
[14.507s] -- Installing: /home/alvaro/workspace/ros_ur_driver/install/ur_robot_driver/share/ur_robot_driver/environment/ament_prefix_path.dsv
[14.507s] -- Installing: /home/alvaro/workspace/ros_ur_driver/install/ur_robot_driver/share/ur_robot_driver/environment/path.sh
[14.507s] -- Installing: /home/alvaro/workspace/ros_ur_driver/install/ur_robot_driver/share/ur_robot_driver/environment/path.dsv
[14.507s] -- Installing: /home/alvaro/workspace/ros_ur_driver/install/ur_robot_driver/share/ur_robot_driver/local_setup.bash
[14.508s] -- Installing: /home/alvaro/workspace/ros_ur_driver/install/ur_robot_driver/share/ur_robot_driver/local_setup.sh
[14.508s] -- Installing: /home/alvaro/workspace/ros_ur_driver/install/ur_robot_driver/share/ur_robot_driver/local_setup.zsh
[14.508s] -- Installing: /home/alvaro/workspace/ros_ur_driver/install/ur_robot_driver/share/ur_robot_driver/local_setup.dsv
[14.508s] -- Installing: /home/alvaro/workspace/ros_ur_driver/install/ur_robot_driver/share/ur_robot_driver/package.dsv
[14.508s] -- Installing: /home/alvaro/workspace/ros_ur_driver/install/ur_robot_driver/share/ament_index/resource_index/packages/ur_robot_driver
[14.508s] -- Installing: /home/alvaro/workspace/ros_ur_driver/install/ur_robot_driver/share/ament_index/resource_index/hardware_interface__pluginlib__plugin/ur_robot_driver
[14.508s] -- Installing: /home/alvaro/workspace/ros_ur_driver/install/ur_robot_driver/share/ur_robot_driver/cmake/ament_cmake_export_include_directories-extras.cmake
[14.508s] -- Installing: /home/alvaro/workspace/ros_ur_driver/install/ur_robot_driver/share/ur_robot_driver/cmake/ament_cmake_export_libraries-extras.cmake
[14.509s] -- Installing: /home/alvaro/workspace/ros_ur_driver/install/ur_robot_driver/share/ur_robot_driver/cmake/ament_cmake_export_dependencies-extras.cmake
[14.509s] -- Installing: /home/alvaro/workspace/ros_ur_driver/install/ur_robot_driver/share/ur_robot_driver/cmake/ur_robot_driverConfig.cmake
[14.509s] -- Installing: /home/alvaro/workspace/ros_ur_driver/install/ur_robot_driver/share/ur_robot_driver/cmake/ur_robot_driverConfig-version.cmake
[14.509s] -- Installing: /home/alvaro/workspace/ros_ur_driver/install/ur_robot_driver/share/ur_robot_driver/package.xml
[14.511s] Invoked command in '/home/alvaro/workspace/ros_ur_driver/build/ur_robot_driver' returned '0': CMAKE_PREFIX_PATH=/home/alvaro/workspace/ros_ur_driver/install/ur_bringup:/home/alvaro/workspace/ros_ur_driver/install/ur_controllers:/home/alvaro/workspace/ros_ur_driver/install/ur_moveit_config:/home/alvaro/workspace/ros_ur_driver/install/ur_description:/home/alvaro/workspace/ros_ur_driver/install/ur_dashboard_msgs:/home/alvaro/workspace/ros_ur_driver/install/ur_calibration:/home/alvaro/workspace/ros_ur_driver/install/ur_robot_driver:/home/alvaro/workspace/ros_ur_driver/install/ros2_control_demos:/home/alvaro/workspace/ros_ur_driver/install/ros2_control_demo_bringup:/home/alvaro/workspace/ros_ur_driver/install/rrbot_description:/home/alvaro/workspace/ros_ur_driver/install/ros2_control_demo_hardware:/home/alvaro/workspace/ros_ur_driver/install/ros2_control_demo_description:/home/alvaro/workspace/ros_ur_driver/install/diffbot_description:/home/alvaro/dev_ws/install/turtlesim:/home/alvaro/dev_ws/install/ros_testing:/home/alvaro/dev_ws/install/ros2srrc_ur3_moveit2:/home/alvaro/dev_ws/install/ros2srrc_ur3_gazebo:/home/alvaro/dev_ws/install/ros2srrc_ur3_bringup:/home/alvaro/dev_ws/install/ros2srrc_irb120_moveit2:/home/alvaro/dev_ws/install/ros2srrc_irb120_gazebo:/home/alvaro/dev_ws/install/ros2srrc_irb120_bringup:/home/alvaro/dev_ws/install/ros2srrc_execution:/home/alvaro/dev_ws/install/ros2srrc_data:/home/alvaro/dev_ws/install/ros2_linkattacher:/home/alvaro/dev_ws/install/linkattacher_msgs:/home/alvaro/dev_ws/install/abb_rws_client:/home/alvaro/dev_ws/install/abb_ros2:/home/alvaro/dev_ws/install/abb_robot_msgs:/home/alvaro/dev_ws/install/abb_resources:/home/alvaro/dev_ws/install/abb_rapid_sm_addin_msgs:/home/alvaro/dev_ws/install/abb_rapid_msgs:/home/alvaro/dev_ws/install/abb_hardware_interface:/home/alvaro/dev_ws/install/abb_egm_rws_managers:/home/alvaro/dev_ws/install/abb_librws:/home/alvaro/dev_ws/install/abb_libegm:/home/alvaro/dev_ws/install/abb_irb4600_support:/home/alvaro/dev_ws/install/abb_irb1200_5_90_moveit_config:/home/alvaro/dev_ws/install/abb_irb1200_support:/home/alvaro/dev_ws/install/abb_egm_msgs:/home/alvaro/dev_ws/install/abb_bringup:/home/alvaro/workspace/ros_ur_driver/install/ros2_control_test_nodes:/home/alvaro/dev_ws/install/ros2test:/opt/ros/foxy LD_LIBRARY_PATH=/home/alvaro/workspace/ros_ur_driver/install/ur_controllers/lib:/home/alvaro/workspace/ros_ur_driver/install/ur_dashboard_msgs/lib:/home/alvaro/workspace/ros_ur_driver/install/ur_robot_driver/lib:/home/alvaro/workspace/ros_ur_driver/install/ros2_control_demo_hardware/lib:/home/alvaro/dev_ws/install/turtlesim/lib:/home/alvaro/dev_ws/install/ros2srrc_data/lib:/home/alvaro/dev_ws/install/ros2_linkattacher/lib:/home/alvaro/dev_ws/install/linkattacher_msgs/lib:/home/alvaro/dev_ws/install/abb_robot_msgs/lib:/home/alvaro/dev_ws/install/abb_rapid_sm_addin_msgs/lib:/home/alvaro/dev_ws/install/abb_rapid_msgs/lib:/home/alvaro/dev_ws/install/abb_hardware_interface/lib:/home/alvaro/dev_ws/install/abb_egm_rws_managers/lib:/home/alvaro/dev_ws/install/abb_librws/lib:/home/alvaro/dev_ws/install/abb_libegm/lib:/home/alvaro/dev_ws/install/abb_egm_msgs/lib:/usr/lib/x86_64-linux-gnu/gazebo-11/plugins:/opt/ros/foxy/opt/yaml_cpp_vendor/lib:/opt/ros/foxy/opt/rviz_ogre_vendor/lib:/opt/ros/foxy/lib/x86_64-linux-gnu:/opt/ros/foxy/lib /usr/bin/cmake --install /home/alvaro/workspace/ros_ur_driver/build/ur_robot_driver
