-- Found ament_cmake: 0.9.12 (/opt/ros/foxy/share/ament_cmake/cmake)
-- Using PYTHON_EXECUTABLE: /usr/bin/python3
-- Found rclcpp: 2.4.3 (/opt/ros/foxy/share/rclcpp/cmake)
-- Using all available rosidl_typesupport_c: rosidl_typesupport_fastrtps_c;rosidl_typesupport_introspection_c
-- Found rosidl_adapter: 1.3.1 (/opt/ros/foxy/share/rosidl_adapter/cmake)
-- Using all available rosidl_typesupport_cpp: rosidl_typesupport_fastrtps_cpp;rosidl_typesupport_introspection_cpp
-- Found rmw_implementation_cmake: 1.0.4 (/opt/ros/foxy/share/rmw_implementation_cmake/cmake)
-- Using RMW implementation 'rmw_fastrtps_cpp' as default
-- Found ur_robot_driver: 2.0.2 (/home/alvaro/workspace/ros_ur_driver/install/ur_robot_driver/share/ur_robot_driver/cmake)
-- Found ament_cmake_gmock: 0.9.12 (/opt/ros/foxy/share/ament_cmake_gmock/cmake)
-- Found gmock sources under '/opt/ros/foxy/src/gmock_vendor': C++ tests using 'Google Mock' will be built
-- Found ament_cmake_gtest: 0.9.12 (/opt/ros/foxy/share/ament_cmake_gtest/cmake)
-- Found gtest sources under '/opt/ros/foxy/src/gtest_vendor': C++ tests using 'Google Test' will be built
-- Configuring done
-- Generating done
-- Build files have been written to: /home/alvaro/workspace/ros_ur_driver/build/ur_calibration
[35m[1mScanning dependencies of target calibration_correction[0m
[ 16%] Built target gmock_main
[ 41%] Built target gmock
[35m[1mScanning dependencies of target calibration_test[0m
[ 50%] [32mBuilding CXX object CMakeFiles/calibration_correction.dir/src/calibration_consumer.cpp.o[0m
[ 58%] [32mBuilding CXX object CMakeFiles/calibration_correction.dir/src/calibration.cpp.o[0m
[ 66%] [32mBuilding CXX object CMakeFiles/calibration_correction.dir/src/calibration_correction.cpp.o[0m
[ 75%] [32mBuilding CXX object CMakeFiles/calibration_test.dir/src/calibration.cpp.o[0m
[ 83%] [32mBuilding CXX object CMakeFiles/calibration_test.dir/test/calibration_test.cpp.o[0m
[ 91%] [32m[1mLinking CXX executable calibration_correction[0m
[ 91%] Built target calibration_correction
[100%] [32m[1mLinking CXX executable calibration_test[0m
[100%] Built target calibration_test
-- Install configuration: "Release"
-- Installing: /home/alvaro/workspace/ros_ur_driver/install/ur_calibration/lib/ur_calibration/calibration_correction
-- Set runtime path of "/home/alvaro/workspace/ros_ur_driver/install/ur_calibration/lib/ur_calibration/calibration_correction" to ""
-- Up-to-date: /home/alvaro/workspace/ros_ur_driver/install/ur_calibration/include
-- Up-to-date: /home/alvaro/workspace/ros_ur_driver/install/ur_calibration/include/ur_calibration
-- Up-to-date: /home/alvaro/workspace/ros_ur_driver/install/ur_calibration/include/ur_calibration/calibration_consumer.hpp
-- Up-to-date: /home/alvaro/workspace/ros_ur_driver/install/ur_calibration/include/ur_calibration/calibration.hpp
-- Up-to-date: /home/alvaro/workspace/ros_ur_driver/install/ur_calibration/share/ur_calibration/launch
-- Up-to-date: /home/alvaro/workspace/ros_ur_driver/install/ur_calibration/share/ur_calibration/launch/calibration_correction.launch.py
-- Up-to-date: /home/alvaro/workspace/ros_ur_driver/install/ur_calibration/share/ament_index/resource_index/package_run_dependencies/ur_calibration
-- Installing: /home/alvaro/workspace/ros_ur_driver/install/ur_calibration/share/ament_index/resource_index/parent_prefix_path/ur_calibration
-- Installing: /home/alvaro/workspace/ros_ur_driver/install/ur_calibration/share/ur_calibration/environment/ament_prefix_path.sh
-- Installing: /home/alvaro/workspace/ros_ur_driver/install/ur_calibration/share/ur_calibration/environment/ament_prefix_path.dsv
-- Installing: /home/alvaro/workspace/ros_ur_driver/install/ur_calibration/share/ur_calibration/environment/path.sh
-- Installing: /home/alvaro/workspace/ros_ur_driver/install/ur_calibration/share/ur_calibration/environment/path.dsv
-- Up-to-date: /home/alvaro/workspace/ros_ur_driver/install/ur_calibration/share/ur_calibration/local_setup.bash
-- Up-to-date: /home/alvaro/workspace/ros_ur_driver/install/ur_calibration/share/ur_calibration/local_setup.sh
-- Up-to-date: /home/alvaro/workspace/ros_ur_driver/install/ur_calibration/share/ur_calibration/local_setup.zsh
-- Installing: /home/alvaro/workspace/ros_ur_driver/install/ur_calibration/share/ur_calibration/local_setup.dsv
-- Installing: /home/alvaro/workspace/ros_ur_driver/install/ur_calibration/share/ur_calibration/package.dsv
-- Up-to-date: /home/alvaro/workspace/ros_ur_driver/install/ur_calibration/share/ament_index/resource_index/packages/ur_calibration
-- Up-to-date: /home/alvaro/workspace/ros_ur_driver/install/ur_calibration/share/ur_calibration/cmake/ament_cmake_export_include_directories-extras.cmake
-- Up-to-date: /home/alvaro/workspace/ros_ur_driver/install/ur_calibration/share/ur_calibration/cmake/ament_cmake_export_dependencies-extras.cmake
-- Up-to-date: /home/alvaro/workspace/ros_ur_driver/install/ur_calibration/share/ur_calibration/cmake/ur_calibrationConfig.cmake
-- Up-to-date: /home/alvaro/workspace/ros_ur_driver/install/ur_calibration/share/ur_calibration/cmake/ur_calibrationConfig-version.cmake
-- Up-to-date: /home/alvaro/workspace/ros_ur_driver/install/ur_calibration/share/ur_calibration/package.xml
