[0.839s] Invoking command in '/home/alvaro/workspace/ros_ur_driver/build/ur_dashboard_msgs': CMAKE_PREFIX_PATH=${CMAKE_PREFIX_PATH}:/home/alvaro/workspace/ros_ur_driver/install/ros2_control_test_nodes:/home/alvaro/dev_ws/install/ros2test:/opt/ros/foxy /usr/bin/cmake /home/alvaro/workspace/ros_ur_driver/src/Universal_Robots_ROS2_Driver/ur_dashboard_msgs -DCMAKE_BUILD_TYPE=Release -DCMAKE_INSTALL_PREFIX=/home/alvaro/workspace/ros_ur_driver/install/ur_dashboard_msgs
[0.925s] -- The C compiler identification is GNU 9.4.0
[1.018s] -- The CXX compiler identification is GNU 9.4.0
[1.028s] -- Check for working C compiler: /usr/bin/cc
[1.141s] -- Check for working C compiler: /usr/bin/cc -- works
[1.143s] -- Detecting C compiler ABI info
[1.247s] -- Detecting C compiler ABI info - done
[1.266s] -- Detecting C compile features
[1.266s] -- Detecting C compile features - done
[1.269s] -- Check for working CXX compiler: /usr/bin/c++
[1.388s] -- Check for working CXX compiler: /usr/bin/c++ -- works
[1.390s] -- Detecting CXX compiler ABI info
[1.515s] -- Detecting CXX compiler ABI info - done
[1.535s] -- Detecting CXX compile features
[1.536s] -- Detecting CXX compile features - done
[1.547s] -- Found ament_cmake: 0.9.12 (/opt/ros/foxy/share/ament_cmake/cmake)
[1.598s] -- Found PythonInterp: /usr/bin/python3 (found suitable version "3.8.10", minimum required is "3") 
[1.598s] -- Using PYTHON_EXECUTABLE: /usr/bin/python3
[1.940s] -- Found rosidl_default_generators: 1.0.1 (/opt/ros/foxy/share/rosidl_default_generators/cmake)
[1.957s] -- Using all available rosidl_typesupport_c: rosidl_typesupport_fastrtps_c;rosidl_typesupport_introspection_c
[1.975s] -- Found rosidl_adapter: 1.3.1 (/opt/ros/foxy/share/rosidl_adapter/cmake)
[2.194s] -- Found OpenSSL: /usr/lib/x86_64-linux-gnu/libcrypto.so (found version "1.1.1f")  
[2.258s] -- Found FastRTPS: /opt/ros/foxy/include  
[2.399s] -- Using all available rosidl_typesupport_cpp: rosidl_typesupport_fastrtps_cpp;rosidl_typesupport_introspection_cpp
[2.458s] -- Found action_msgs: 1.0.0 (/opt/ros/foxy/share/action_msgs/cmake)
[2.580s] -- Found PythonInterp: /usr/bin/python3 (found version "3.8.10") 
[2.902s] -- Found ament_cmake_ros: 0.9.2 (/opt/ros/foxy/share/ament_cmake_ros/cmake)
[3.144s] -- Using all available rosidl_typesupport_c: rosidl_typesupport_fastrtps_c;rosidl_typesupport_introspection_c
[3.200s] -- Using all available rosidl_typesupport_cpp: rosidl_typesupport_fastrtps_cpp;rosidl_typesupport_introspection_cpp
[3.244s] -- Found PythonInterp: /usr/bin/python3 (found suitable version "3.8.10", minimum required is "3.5") 
[3.248s] -- Found python_cmake_module: 0.8.1 (/opt/ros/foxy/share/python_cmake_module/cmake)
[3.291s] -- Found PythonLibs: /usr/lib/x86_64-linux-gnu/libpython3.8.so (found suitable version "3.8.10", minimum required is "3.5") 
[3.291s] -- Using PYTHON_EXECUTABLE: /usr/bin/python3
[3.291s] -- Using PYTHON_INCLUDE_DIRS: /usr/include/python3.8
[3.291s] -- Using PYTHON_LIBRARIES: /usr/lib/x86_64-linux-gnu/libpython3.8.so
[3.322s] -- Found PythonExtra: .so  
[3.431s] -- Configuring done
[3.521s] -- Generating done
[3.525s] -- Build files have been written to: /home/alvaro/workspace/ros_ur_driver/build/ur_dashboard_msgs
[3.533s] Invoked command in '/home/alvaro/workspace/ros_ur_driver/build/ur_dashboard_msgs' returned '0': CMAKE_PREFIX_PATH=${CMAKE_PREFIX_PATH}:/home/alvaro/workspace/ros_ur_driver/install/ros2_control_test_nodes:/home/alvaro/dev_ws/install/ros2test:/opt/ros/foxy /usr/bin/cmake /home/alvaro/workspace/ros_ur_driver/src/Universal_Robots_ROS2_Driver/ur_dashboard_msgs -DCMAKE_BUILD_TYPE=Release -DCMAKE_INSTALL_PREFIX=/home/alvaro/workspace/ros_ur_driver/install/ur_dashboard_msgs
[3.536s] Invoking command in '/home/alvaro/workspace/ros_ur_driver/build/ur_dashboard_msgs': CMAKE_PREFIX_PATH=${CMAKE_PREFIX_PATH}:/home/alvaro/workspace/ros_ur_driver/install/ros2_control_test_nodes:/home/alvaro/dev_ws/install/ros2test:/opt/ros/foxy /usr/bin/cmake --build /home/alvaro/workspace/ros_ur_driver/build/ur_dashboard_msgs -- -j12 -l12
[3.613s] [35m[1mScanning dependencies of target ur_dashboard_msgs__cpp[0m
[3.614s] [  1%] [34m[1mGenerating C code for ROS interfaces[0m
[3.630s] [  1%] [34m[1mGenerating C++ code for ROS interfaces[0m
[4.827s] [  1%] Built target ur_dashboard_msgs__cpp
[4.838s] [  2%] [34m[1mGenerating C++ type support for eProsima Fast-RTPS[0m
[4.843s] [  3%] [34m[1mGenerating C++ type support dispatch for ROS interfaces[0m
[4.845s] [  3%] [34m[1mGenerating C++ introspection for ROS interfaces[0m
[4.996s] [35m[1mScanning dependencies of target ur_dashboard_msgs__rosidl_generator_c[0m
[5.019s] [  5%] [32mBuilding C object CMakeFiles/ur_dashboard_msgs__rosidl_generator_c.dir/rosidl_generator_c/ur_dashboard_msgs/msg/detail/robot_mode__functions.c.o[0m
[5.019s] [  5%] [32mBuilding C object CMakeFiles/ur_dashboard_msgs__rosidl_generator_c.dir/rosidl_generator_c/ur_dashboard_msgs/srv/detail/get_loaded_program__functions.c.o[0m
[5.019s] [  5%] [32mBuilding C object CMakeFiles/ur_dashboard_msgs__rosidl_generator_c.dir/rosidl_generator_c/ur_dashboard_msgs/msg/detail/program_state__functions.c.o[0m
[5.021s] [  6%] [32mBuilding C object CMakeFiles/ur_dashboard_msgs__rosidl_generator_c.dir/rosidl_generator_c/ur_dashboard_msgs/srv/detail/get_program_state__functions.c.o[0m
[5.022s] [  6%] [32mBuilding C object CMakeFiles/ur_dashboard_msgs__rosidl_generator_c.dir/rosidl_generator_c/ur_dashboard_msgs/msg/detail/safety_mode__functions.c.o[0m
[5.022s] [  7%] [32mBuilding C object CMakeFiles/ur_dashboard_msgs__rosidl_generator_c.dir/rosidl_generator_c/ur_dashboard_msgs/srv/detail/get_robot_mode__functions.c.o[0m
[5.022s] [  8%] [32mBuilding C object CMakeFiles/ur_dashboard_msgs__rosidl_generator_c.dir/rosidl_generator_c/ur_dashboard_msgs/srv/detail/add_to_log__functions.c.o[0m
[5.022s] [  9%] [32mBuilding C object CMakeFiles/ur_dashboard_msgs__rosidl_generator_c.dir/rosidl_generator_c/ur_dashboard_msgs/srv/detail/get_safety_mode__functions.c.o[0m
[5.024s] [ 10%] [32mBuilding C object CMakeFiles/ur_dashboard_msgs__rosidl_generator_c.dir/rosidl_generator_c/ur_dashboard_msgs/srv/detail/is_program_running__functions.c.o[0m
[5.145s] [ 10%] [32mBuilding C object CMakeFiles/ur_dashboard_msgs__rosidl_generator_c.dir/rosidl_generator_c/ur_dashboard_msgs/srv/detail/is_program_saved__functions.c.o[0m
[5.152s] [ 12%] [32mBuilding C object CMakeFiles/ur_dashboard_msgs__rosidl_generator_c.dir/rosidl_generator_c/ur_dashboard_msgs/srv/detail/load__functions.c.o[0m
[5.152s] [ 12%] [32mBuilding C object CMakeFiles/ur_dashboard_msgs__rosidl_generator_c.dir/rosidl_generator_c/ur_dashboard_msgs/srv/detail/popup__functions.c.o[0m
[5.219s] [ 12%] [32mBuilding C object CMakeFiles/ur_dashboard_msgs__rosidl_generator_c.dir/rosidl_generator_c/ur_dashboard_msgs/srv/detail/raw_request__functions.c.o[0m
[5.222s] [ 13%] [32mBuilding C object CMakeFiles/ur_dashboard_msgs__rosidl_generator_c.dir/rosidl_generator_c/ur_dashboard_msgs/action/detail/set_mode__functions.c.o[0m
[5.624s] [ 14%] [32m[1mLinking C shared library libur_dashboard_msgs__rosidl_generator_c.so[0m
[5.678s] [ 14%] Built target ur_dashboard_msgs__rosidl_generator_c
[5.695s] [ 15%] [34m[1mGenerating C introspection for ROS interfaces[0m
[5.696s] [ 16%] [34m[1mGenerating C type support dispatch for ROS interfaces[0m
[5.746s] [35m[1mScanning dependencies of target ur_dashboard_msgs__rosidl_typesupport_cpp[0m
[5.770s] [ 19%] [32mBuilding CXX object CMakeFiles/ur_dashboard_msgs__rosidl_typesupport_cpp.dir/rosidl_typesupport_cpp/ur_dashboard_msgs/srv/get_program_state__type_support.cpp.o[0m
[5.770s] [ 19%] [32mBuilding CXX object CMakeFiles/ur_dashboard_msgs__rosidl_typesupport_cpp.dir/rosidl_typesupport_cpp/ur_dashboard_msgs/srv/add_to_log__type_support.cpp.o[0m
[5.770s] [ 19%] [32mBuilding CXX object CMakeFiles/ur_dashboard_msgs__rosidl_typesupport_cpp.dir/rosidl_typesupport_cpp/ur_dashboard_msgs/srv/get_loaded_program__type_support.cpp.o[0m
[5.770s] [ 20%] [32mBuilding CXX object CMakeFiles/ur_dashboard_msgs__rosidl_typesupport_cpp.dir/rosidl_typesupport_cpp/ur_dashboard_msgs/srv/get_robot_mode__type_support.cpp.o[0m
[5.770s] [ 19%] [32mBuilding CXX object CMakeFiles/ur_dashboard_msgs__rosidl_typesupport_cpp.dir/rosidl_typesupport_cpp/ur_dashboard_msgs/msg/robot_mode__type_support.cpp.o[0m
[5.770s] [ 21%] [32mBuilding CXX object CMakeFiles/ur_dashboard_msgs__rosidl_typesupport_cpp.dir/rosidl_typesupport_cpp/ur_dashboard_msgs/srv/get_safety_mode__type_support.cpp.o[0m
[5.773s] [ 22%] [32mBuilding CXX object CMakeFiles/ur_dashboard_msgs__rosidl_typesupport_cpp.dir/rosidl_typesupport_cpp/ur_dashboard_msgs/msg/program_state__type_support.cpp.o[0m
[5.776s] [ 22%] [32mBuilding CXX object CMakeFiles/ur_dashboard_msgs__rosidl_typesupport_cpp.dir/rosidl_typesupport_cpp/ur_dashboard_msgs/msg/safety_mode__type_support.cpp.o[0m
[6.214s] [ 23%] [32mBuilding CXX object CMakeFiles/ur_dashboard_msgs__rosidl_typesupport_cpp.dir/rosidl_typesupport_cpp/ur_dashboard_msgs/srv/is_program_running__type_support.cpp.o[0m
[6.230s] [ 23%] [32mBuilding CXX object CMakeFiles/ur_dashboard_msgs__rosidl_typesupport_cpp.dir/rosidl_typesupport_cpp/ur_dashboard_msgs/srv/is_program_saved__type_support.cpp.o[0m
[6.249s] [ 25%] [32mBuilding CXX object CMakeFiles/ur_dashboard_msgs__rosidl_typesupport_cpp.dir/rosidl_typesupport_cpp/ur_dashboard_msgs/srv/popup__type_support.cpp.o[0m
[6.250s] [ 25%] [32mBuilding CXX object CMakeFiles/ur_dashboard_msgs__rosidl_typesupport_cpp.dir/rosidl_typesupport_cpp/ur_dashboard_msgs/srv/load__type_support.cpp.o[0m
[6.261s] [ 26%] [32mBuilding CXX object CMakeFiles/ur_dashboard_msgs__rosidl_typesupport_cpp.dir/rosidl_typesupport_cpp/ur_dashboard_msgs/srv/raw_request__type_support.cpp.o[0m
[6.271s] [ 26%] [32mBuilding CXX object CMakeFiles/ur_dashboard_msgs__rosidl_typesupport_cpp.dir/rosidl_typesupport_cpp/ur_dashboard_msgs/action/set_mode__type_support.cpp.o[0m
[6.336s] [35m[1mScanning dependencies of target ur_dashboard_msgs__rosidl_typesupport_introspection_cpp[0m
[6.368s] [ 27%] [32mBuilding CXX object CMakeFiles/ur_dashboard_msgs__rosidl_typesupport_introspection_cpp.dir/rosidl_typesupport_introspection_cpp/ur_dashboard_msgs/msg/detail/program_state__type_support.cpp.o[0m
[6.415s] [ 28%] [32mBuilding CXX object CMakeFiles/ur_dashboard_msgs__rosidl_typesupport_introspection_cpp.dir/rosidl_typesupport_introspection_cpp/ur_dashboard_msgs/msg/detail/robot_mode__type_support.cpp.o[0m
[6.501s] [ 29%] [32mBuilding CXX object CMakeFiles/ur_dashboard_msgs__rosidl_typesupport_introspection_cpp.dir/rosidl_typesupport_introspection_cpp/ur_dashboard_msgs/msg/detail/safety_mode__type_support.cpp.o[0m
[6.529s] [35m[1mScanning dependencies of target ur_dashboard_msgs__rosidl_typesupport_fastrtps_cpp[0m
[6.586s] [ 30%] [32mBuilding CXX object CMakeFiles/ur_dashboard_msgs__rosidl_typesupport_fastrtps_cpp.dir/rosidl_typesupport_fastrtps_cpp/ur_dashboard_msgs/msg/detail/dds_fastrtps/program_state__type_support.cpp.o[0m
[6.658s] [ 31%] [32mBuilding CXX object CMakeFiles/ur_dashboard_msgs__rosidl_typesupport_fastrtps_cpp.dir/rosidl_typesupport_fastrtps_cpp/ur_dashboard_msgs/msg/detail/dds_fastrtps/robot_mode__type_support.cpp.o[0m
[6.685s] [ 31%] [32mBuilding CXX object CMakeFiles/ur_dashboard_msgs__rosidl_typesupport_fastrtps_cpp.dir/rosidl_typesupport_fastrtps_cpp/ur_dashboard_msgs/msg/detail/dds_fastrtps/safety_mode__type_support.cpp.o[0m
[6.728s] [ 32%] [32mBuilding CXX object CMakeFiles/ur_dashboard_msgs__rosidl_typesupport_fastrtps_cpp.dir/rosidl_typesupport_fastrtps_cpp/ur_dashboard_msgs/srv/detail/dds_fastrtps/add_to_log__type_support.cpp.o[0m
[6.737s] [ 33%] [32mBuilding CXX object CMakeFiles/ur_dashboard_msgs__rosidl_typesupport_fastrtps_cpp.dir/rosidl_typesupport_fastrtps_cpp/ur_dashboard_msgs/srv/detail/dds_fastrtps/get_loaded_program__type_support.cpp.o[0m
[6.739s] [ 34%] [32mBuilding CXX object CMakeFiles/ur_dashboard_msgs__rosidl_typesupport_fastrtps_cpp.dir/rosidl_typesupport_fastrtps_cpp/ur_dashboard_msgs/srv/detail/dds_fastrtps/get_program_state__type_support.cpp.o[0m
[6.804s] [ 35%] [32m[1mLinking CXX shared library libur_dashboard_msgs__rosidl_typesupport_cpp.so[0m
[6.860s] [ 35%] [32mBuilding CXX object CMakeFiles/ur_dashboard_msgs__rosidl_typesupport_introspection_cpp.dir/rosidl_typesupport_introspection_cpp/ur_dashboard_msgs/srv/detail/add_to_log__type_support.cpp.o[0m
[6.867s] [ 36%] [32mBuilding CXX object CMakeFiles/ur_dashboard_msgs__rosidl_typesupport_introspection_cpp.dir/rosidl_typesupport_introspection_cpp/ur_dashboard_msgs/srv/detail/get_loaded_program__type_support.cpp.o[0m
[6.883s] [ 36%] Built target ur_dashboard_msgs__rosidl_typesupport_cpp
[6.900s] [ 37%] [32mBuilding CXX object CMakeFiles/ur_dashboard_msgs__rosidl_typesupport_introspection_cpp.dir/rosidl_typesupport_introspection_cpp/ur_dashboard_msgs/srv/detail/get_program_state__type_support.cpp.o[0m
[6.970s] [ 38%] [32mBuilding CXX object CMakeFiles/ur_dashboard_msgs__rosidl_typesupport_introspection_cpp.dir/rosidl_typesupport_introspection_cpp/ur_dashboard_msgs/srv/detail/get_robot_mode__type_support.cpp.o[0m
[7.236s] [35m[1mScanning dependencies of target ur_dashboard_msgs__rosidl_typesupport_c[0m
[7.268s] [ 38%] [32mBuilding CXX object CMakeFiles/ur_dashboard_msgs__rosidl_typesupport_c.dir/rosidl_typesupport_c/ur_dashboard_msgs/msg/program_state__type_support.cpp.o[0m
[7.322s] [ 39%] [32mBuilding CXX object CMakeFiles/ur_dashboard_msgs__rosidl_typesupport_c.dir/rosidl_typesupport_c/ur_dashboard_msgs/msg/robot_mode__type_support.cpp.o[0m
[7.356s] [ 39%] [32mBuilding CXX object CMakeFiles/ur_dashboard_msgs__rosidl_typesupport_fastrtps_cpp.dir/rosidl_typesupport_fastrtps_cpp/ur_dashboard_msgs/srv/detail/dds_fastrtps/get_robot_mode__type_support.cpp.o[0m
[7.357s] [ 40%] [32mBuilding CXX object CMakeFiles/ur_dashboard_msgs__rosidl_typesupport_fastrtps_cpp.dir/rosidl_typesupport_fastrtps_cpp/ur_dashboard_msgs/srv/detail/dds_fastrtps/get_safety_mode__type_support.cpp.o[0m
[7.367s] [ 40%] [32mBuilding CXX object CMakeFiles/ur_dashboard_msgs__rosidl_typesupport_introspection_cpp.dir/rosidl_typesupport_introspection_cpp/ur_dashboard_msgs/srv/detail/get_safety_mode__type_support.cpp.o[0m
[7.375s] [ 42%] [32mBuilding CXX object CMakeFiles/ur_dashboard_msgs__rosidl_typesupport_fastrtps_cpp.dir/rosidl_typesupport_fastrtps_cpp/ur_dashboard_msgs/srv/detail/dds_fastrtps/is_program_running__type_support.cpp.o[0m
[7.375s] [ 42%] [32mBuilding CXX object CMakeFiles/ur_dashboard_msgs__rosidl_typesupport_c.dir/rosidl_typesupport_c/ur_dashboard_msgs/msg/safety_mode__type_support.cpp.o[0m
[7.377s] [ 43%] [32mBuilding CXX object CMakeFiles/ur_dashboard_msgs__rosidl_typesupport_introspection_cpp.dir/rosidl_typesupport_introspection_cpp/ur_dashboard_msgs/srv/detail/is_program_running__type_support.cpp.o[0m
[7.391s] [ 44%] [32mBuilding CXX object CMakeFiles/ur_dashboard_msgs__rosidl_typesupport_introspection_cpp.dir/rosidl_typesupport_introspection_cpp/ur_dashboard_msgs/srv/detail/is_program_saved__type_support.cpp.o[0m
[7.426s] [ 45%] [32mBuilding CXX object CMakeFiles/ur_dashboard_msgs__rosidl_typesupport_c.dir/rosidl_typesupport_c/ur_dashboard_msgs/srv/add_to_log__type_support.cpp.o[0m
[7.473s] [ 46%] [32mBuilding CXX object CMakeFiles/ur_dashboard_msgs__rosidl_typesupport_introspection_cpp.dir/rosidl_typesupport_introspection_cpp/ur_dashboard_msgs/srv/detail/load__type_support.cpp.o[0m
[7.477s] [ 47%] [32mBuilding CXX object CMakeFiles/ur_dashboard_msgs__rosidl_typesupport_fastrtps_cpp.dir/rosidl_typesupport_fastrtps_cpp/ur_dashboard_msgs/srv/detail/dds_fastrtps/is_program_saved__type_support.cpp.o[0m
[7.487s] [ 47%] [32mBuilding CXX object CMakeFiles/ur_dashboard_msgs__rosidl_typesupport_c.dir/rosidl_typesupport_c/ur_dashboard_msgs/srv/get_loaded_program__type_support.cpp.o[0m
[7.530s] [ 47%] [32mBuilding CXX object CMakeFiles/ur_dashboard_msgs__rosidl_typesupport_fastrtps_cpp.dir/rosidl_typesupport_fastrtps_cpp/ur_dashboard_msgs/srv/detail/dds_fastrtps/load__type_support.cpp.o[0m
[7.538s] [ 48%] [32mBuilding CXX object CMakeFiles/ur_dashboard_msgs__rosidl_typesupport_fastrtps_cpp.dir/rosidl_typesupport_fastrtps_cpp/ur_dashboard_msgs/srv/detail/dds_fastrtps/popup__type_support.cpp.o[0m
[7.547s] [ 49%] [32mBuilding CXX object CMakeFiles/ur_dashboard_msgs__rosidl_typesupport_c.dir/rosidl_typesupport_c/ur_dashboard_msgs/srv/get_program_state__type_support.cpp.o[0m
[7.612s] [ 50%] [32mBuilding CXX object CMakeFiles/ur_dashboard_msgs__rosidl_typesupport_c.dir/rosidl_typesupport_c/ur_dashboard_msgs/srv/get_robot_mode__type_support.cpp.o[0m
[7.673s] [ 51%] [32mBuilding CXX object CMakeFiles/ur_dashboard_msgs__rosidl_typesupport_c.dir/rosidl_typesupport_c/ur_dashboard_msgs/srv/get_safety_mode__type_support.cpp.o[0m
[7.733s] [ 51%] [32mBuilding CXX object CMakeFiles/ur_dashboard_msgs__rosidl_typesupport_c.dir/rosidl_typesupport_c/ur_dashboard_msgs/srv/is_program_running__type_support.cpp.o[0m
[7.793s] [ 52%] [32mBuilding CXX object CMakeFiles/ur_dashboard_msgs__rosidl_typesupport_c.dir/rosidl_typesupport_c/ur_dashboard_msgs/srv/is_program_saved__type_support.cpp.o[0m
[7.840s] [ 52%] [32mBuilding CXX object CMakeFiles/ur_dashboard_msgs__rosidl_typesupport_introspection_cpp.dir/rosidl_typesupport_introspection_cpp/ur_dashboard_msgs/srv/detail/popup__type_support.cpp.o[0m
[7.852s] [ 53%] [32mBuilding CXX object CMakeFiles/ur_dashboard_msgs__rosidl_typesupport_c.dir/rosidl_typesupport_c/ur_dashboard_msgs/srv/load__type_support.cpp.o[0m
[7.882s] [ 54%] [32mBuilding CXX object CMakeFiles/ur_dashboard_msgs__rosidl_typesupport_introspection_cpp.dir/rosidl_typesupport_introspection_cpp/ur_dashboard_msgs/srv/detail/raw_request__type_support.cpp.o[0m
[7.907s] [ 55%] [32mBuilding CXX object CMakeFiles/ur_dashboard_msgs__rosidl_typesupport_introspection_cpp.dir/rosidl_typesupport_introspection_cpp/ur_dashboard_msgs/action/detail/set_mode__type_support.cpp.o[0m
[7.912s] [ 56%] [32mBuilding CXX object CMakeFiles/ur_dashboard_msgs__rosidl_typesupport_c.dir/rosidl_typesupport_c/ur_dashboard_msgs/srv/popup__type_support.cpp.o[0m
[7.980s] [ 56%] [32mBuilding CXX object CMakeFiles/ur_dashboard_msgs__rosidl_typesupport_c.dir/rosidl_typesupport_c/ur_dashboard_msgs/srv/raw_request__type_support.cpp.o[0m
[7.994s] [ 57%] [32mBuilding CXX object CMakeFiles/ur_dashboard_msgs__rosidl_typesupport_c.dir/rosidl_typesupport_c/ur_dashboard_msgs/action/set_mode__type_support.cpp.o[0m
[7.996s] [35m[1mScanning dependencies of target ur_dashboard_msgs__rosidl_typesupport_introspection_c[0m
[8.032s] [ 58%] [32mBuilding C object CMakeFiles/ur_dashboard_msgs__rosidl_typesupport_introspection_c.dir/rosidl_typesupport_introspection_c/ur_dashboard_msgs/msg/detail/program_state__type_support.c.o[0m
[8.039s] [ 59%] [32mBuilding CXX object CMakeFiles/ur_dashboard_msgs__rosidl_typesupport_fastrtps_cpp.dir/rosidl_typesupport_fastrtps_cpp/ur_dashboard_msgs/srv/detail/dds_fastrtps/raw_request__type_support.cpp.o[0m
[8.089s] [ 60%] [32m[1mLinking CXX shared library libur_dashboard_msgs__rosidl_typesupport_c.so[0m
[8.097s] [ 61%] [32mBuilding C object CMakeFiles/ur_dashboard_msgs__rosidl_typesupport_introspection_c.dir/rosidl_typesupport_introspection_c/ur_dashboard_msgs/msg/detail/robot_mode__type_support.c.o[0m
[8.124s] [ 62%] [32mBuilding CXX object CMakeFiles/ur_dashboard_msgs__rosidl_typesupport_fastrtps_cpp.dir/rosidl_typesupport_fastrtps_cpp/ur_dashboard_msgs/action/detail/dds_fastrtps/set_mode__type_support.cpp.o[0m
[8.138s] [ 62%] [32mBuilding C object CMakeFiles/ur_dashboard_msgs__rosidl_typesupport_introspection_c.dir/rosidl_typesupport_introspection_c/ur_dashboard_msgs/msg/detail/safety_mode__type_support.c.o[0m
[8.157s] [ 63%] [32mBuilding C object CMakeFiles/ur_dashboard_msgs__rosidl_typesupport_introspection_c.dir/rosidl_typesupport_introspection_c/ur_dashboard_msgs/srv/detail/add_to_log__type_support.c.o[0m
[8.175s] [ 63%] Built target ur_dashboard_msgs__rosidl_typesupport_c
[8.193s] [ 65%] [32mBuilding C object CMakeFiles/ur_dashboard_msgs__rosidl_typesupport_introspection_c.dir/rosidl_typesupport_introspection_c/ur_dashboard_msgs/srv/detail/get_program_state__type_support.c.o[0m
[8.194s] [ 65%] [32mBuilding C object CMakeFiles/ur_dashboard_msgs__rosidl_typesupport_introspection_c.dir/rosidl_typesupport_introspection_c/ur_dashboard_msgs/srv/detail/get_loaded_program__type_support.c.o[0m
[8.198s] [ 65%] [32mBuilding C object CMakeFiles/ur_dashboard_msgs__rosidl_typesupport_introspection_c.dir/rosidl_typesupport_introspection_c/ur_dashboard_msgs/srv/detail/get_robot_mode__type_support.c.o[0m
[8.209s] [ 66%] [32mBuilding C object CMakeFiles/ur_dashboard_msgs__rosidl_typesupport_introspection_c.dir/rosidl_typesupport_introspection_c/ur_dashboard_msgs/srv/detail/get_safety_mode__type_support.c.o[0m
[8.230s] [ 67%] [32mBuilding C object CMakeFiles/ur_dashboard_msgs__rosidl_typesupport_introspection_c.dir/rosidl_typesupport_introspection_c/ur_dashboard_msgs/srv/detail/is_program_running__type_support.c.o[0m
[8.271s] [ 67%] [32mBuilding C object CMakeFiles/ur_dashboard_msgs__rosidl_typesupport_introspection_c.dir/rosidl_typesupport_introspection_c/ur_dashboard_msgs/srv/detail/is_program_saved__type_support.c.o[0m
[8.275s] [ 69%] [32mBuilding C object CMakeFiles/ur_dashboard_msgs__rosidl_typesupport_introspection_c.dir/rosidl_typesupport_introspection_c/ur_dashboard_msgs/srv/detail/popup__type_support.c.o[0m
[8.277s] [ 69%] [32mBuilding C object CMakeFiles/ur_dashboard_msgs__rosidl_typesupport_introspection_c.dir/rosidl_typesupport_introspection_c/ur_dashboard_msgs/srv/detail/load__type_support.c.o[0m
[8.282s] [ 70%] [32mBuilding C object CMakeFiles/ur_dashboard_msgs__rosidl_typesupport_introspection_c.dir/rosidl_typesupport_introspection_c/ur_dashboard_msgs/srv/detail/raw_request__type_support.c.o[0m
[8.321s] [ 70%] [32mBuilding C object CMakeFiles/ur_dashboard_msgs__rosidl_typesupport_introspection_c.dir/rosidl_typesupport_introspection_c/ur_dashboard_msgs/action/detail/set_mode__type_support.c.o[0m
[8.400s] [ 71%] [32m[1mLinking C shared library libur_dashboard_msgs__rosidl_typesupport_introspection_c.so[0m
[8.448s] [ 71%] Built target ur_dashboard_msgs__rosidl_typesupport_introspection_c
[8.478s] [ 72%] [32m[1mLinking CXX shared library libur_dashboard_msgs__rosidl_typesupport_introspection_cpp.so[0m
[8.586s] [ 72%] Built target ur_dashboard_msgs__rosidl_typesupport_introspection_cpp
[8.741s] [ 72%] [32m[1mLinking CXX shared library libur_dashboard_msgs__rosidl_typesupport_fastrtps_cpp.so[0m
[8.857s] [ 72%] Built target ur_dashboard_msgs__rosidl_typesupport_fastrtps_cpp
[8.874s] [ 73%] [34m[1mGenerating C type support for eProsima Fast-RTPS[0m
[9.854s] [35m[1mScanning dependencies of target ur_dashboard_msgs__rosidl_typesupport_fastrtps_c[0m
[9.891s] [ 74%] [32mBuilding CXX object CMakeFiles/ur_dashboard_msgs__rosidl_typesupport_fastrtps_c.dir/rosidl_typesupport_fastrtps_c/ur_dashboard_msgs/msg/detail/program_state__type_support_c.cpp.o[0m
[9.893s] [ 74%] [32mBuilding CXX object CMakeFiles/ur_dashboard_msgs__rosidl_typesupport_fastrtps_c.dir/rosidl_typesupport_fastrtps_c/ur_dashboard_msgs/srv/detail/is_program_saved__type_support_c.cpp.o[0m
[9.895s] [ 75%] [32mBuilding CXX object CMakeFiles/ur_dashboard_msgs__rosidl_typesupport_fastrtps_c.dir/rosidl_typesupport_fastrtps_c/ur_dashboard_msgs/srv/detail/add_to_log__type_support_c.cpp.o[0m
[9.895s] [ 75%] [32mBuilding CXX object CMakeFiles/ur_dashboard_msgs__rosidl_typesupport_fastrtps_c.dir/rosidl_typesupport_fastrtps_c/ur_dashboard_msgs/msg/detail/robot_mode__type_support_c.cpp.o[0m
[9.896s] [ 75%] [32mBuilding CXX object CMakeFiles/ur_dashboard_msgs__rosidl_typesupport_fastrtps_c.dir/rosidl_typesupport_fastrtps_c/ur_dashboard_msgs/srv/detail/get_program_state__type_support_c.cpp.o[0m
[9.896s] [ 78%] [32mBuilding CXX object CMakeFiles/ur_dashboard_msgs__rosidl_typesupport_fastrtps_c.dir/rosidl_typesupport_fastrtps_c/ur_dashboard_msgs/srv/detail/get_loaded_program__type_support_c.cpp.o[0m
[9.896s] [ 78%] [32mBuilding CXX object CMakeFiles/ur_dashboard_msgs__rosidl_typesupport_fastrtps_c.dir/rosidl_typesupport_fastrtps_c/ur_dashboard_msgs/srv/detail/get_safety_mode__type_support_c.cpp.o[0m
[9.896s] [ 78%] [32mBuilding CXX object CMakeFiles/ur_dashboard_msgs__rosidl_typesupport_fastrtps_c.dir/rosidl_typesupport_fastrtps_c/ur_dashboard_msgs/srv/detail/get_robot_mode__type_support_c.cpp.o[0m
[9.897s] [ 79%] [32mBuilding CXX object CMakeFiles/ur_dashboard_msgs__rosidl_typesupport_fastrtps_c.dir/rosidl_typesupport_fastrtps_c/ur_dashboard_msgs/srv/detail/is_program_running__type_support_c.cpp.o[0m
[9.897s] [ 80%] [32mBuilding CXX object CMakeFiles/ur_dashboard_msgs__rosidl_typesupport_fastrtps_c.dir/rosidl_typesupport_fastrtps_c/ur_dashboard_msgs/msg/detail/safety_mode__type_support_c.cpp.o[0m
[9.899s] [ 81%] [32mBuilding CXX object CMakeFiles/ur_dashboard_msgs__rosidl_typesupport_fastrtps_c.dir/rosidl_typesupport_fastrtps_c/ur_dashboard_msgs/srv/detail/popup__type_support_c.cpp.o[0m
[9.899s] [ 82%] [32mBuilding CXX object CMakeFiles/ur_dashboard_msgs__rosidl_typesupport_fastrtps_c.dir/rosidl_typesupport_fastrtps_c/ur_dashboard_msgs/srv/detail/load__type_support_c.cpp.o[0m
[10.482s] [ 83%] [32mBuilding CXX object CMakeFiles/ur_dashboard_msgs__rosidl_typesupport_fastrtps_c.dir/rosidl_typesupport_fastrtps_c/ur_dashboard_msgs/srv/detail/raw_request__type_support_c.cpp.o[0m
[10.499s] [ 83%] [32mBuilding CXX object CMakeFiles/ur_dashboard_msgs__rosidl_typesupport_fastrtps_c.dir/rosidl_typesupport_fastrtps_c/ur_dashboard_msgs/action/detail/set_mode__type_support_c.cpp.o[0m
[10.949s] [ 84%] [32m[1mLinking CXX shared library libur_dashboard_msgs__rosidl_typesupport_fastrtps_c.so[0m
[11.065s] [ 84%] Built target ur_dashboard_msgs__rosidl_typesupport_fastrtps_c
[11.084s] [35m[1mScanning dependencies of target ur_dashboard_msgs[0m
[11.104s] [ 84%] Built target ur_dashboard_msgs
[11.124s] [35m[1mScanning dependencies of target ur_dashboard_msgs__py[0m
[11.142s] [ 85%] [34m[1mGenerating Python code for ROS interfaces[0m
[13.377s] [ 85%] Built target ur_dashboard_msgs__py
[13.396s] [35m[1mScanning dependencies of target ur_dashboard_msgs__python[0m
[13.447s] [ 87%] [32mBuilding C object CMakeFiles/ur_dashboard_msgs__python.dir/rosidl_generator_py/ur_dashboard_msgs/srv/_is_program_running_s.c.o[0m
[13.447s] [ 87%] [32mBuilding C object CMakeFiles/ur_dashboard_msgs__python.dir/rosidl_generator_py/ur_dashboard_msgs/srv/_load_s.c.o[0m
[13.451s] [ 92%] [32mBuilding C object CMakeFiles/ur_dashboard_msgs__python.dir/rosidl_generator_py/ur_dashboard_msgs/srv/_get_robot_mode_s.c.o[0m
[13.452s] [ 92%] [32mBuilding C object CMakeFiles/ur_dashboard_msgs__python.dir/rosidl_generator_py/ur_dashboard_msgs/srv/_get_loaded_program_s.c.o[0m
[13.452s] [ 92%] [32mBuilding C object CMakeFiles/ur_dashboard_msgs__python.dir/rosidl_generator_py/ur_dashboard_msgs/msg/_safety_mode_s.c.o[0m
[13.452s] [ 92%] [32mBuilding C object CMakeFiles/ur_dashboard_msgs__python.dir/rosidl_generator_py/ur_dashboard_msgs/srv/_get_program_state_s.c.o[0m
[13.452s] [ 92%] [32mBuilding C object CMakeFiles/ur_dashboard_msgs__python.dir/rosidl_generator_py/ur_dashboard_msgs/srv/_popup_s.c.o[0m
[13.452s] [ 92%] [32mBuilding C object CMakeFiles/ur_dashboard_msgs__python.dir/rosidl_generator_py/ur_dashboard_msgs/msg/_program_state_s.c.o[0m
[13.454s] [ 93%] [32mBuilding C object CMakeFiles/ur_dashboard_msgs__python.dir/rosidl_generator_py/ur_dashboard_msgs/srv/_is_program_saved_s.c.o[0m
[13.454s] [ 93%] [32mBuilding C object CMakeFiles/ur_dashboard_msgs__python.dir/rosidl_generator_py/ur_dashboard_msgs/srv/_get_safety_mode_s.c.o[0m
[13.454s] [ 93%] [32mBuilding C object CMakeFiles/ur_dashboard_msgs__python.dir/rosidl_generator_py/ur_dashboard_msgs/msg/_robot_mode_s.c.o[0m
[13.454s] [ 94%] [32mBuilding C object CMakeFiles/ur_dashboard_msgs__python.dir/rosidl_generator_py/ur_dashboard_msgs/srv/_add_to_log_s.c.o[0m
[13.626s] [ 95%] [32mBuilding C object CMakeFiles/ur_dashboard_msgs__python.dir/rosidl_generator_py/ur_dashboard_msgs/srv/_raw_request_s.c.o[0m
[13.628s] [ 95%] [32mBuilding C object CMakeFiles/ur_dashboard_msgs__python.dir/rosidl_generator_py/ur_dashboard_msgs/action/_set_mode_s.c.o[0m
[13.847s] [ 96%] [32m[1mLinking C shared library rosidl_generator_py/ur_dashboard_msgs/libur_dashboard_msgs__python.so[0m
[13.906s] [ 96%] Built target ur_dashboard_msgs__python
[13.922s] [35m[1mScanning dependencies of target ur_dashboard_msgs__rosidl_typesupport_introspection_c__pyext[0m
[13.922s] [35m[1mScanning dependencies of target ur_dashboard_msgs__rosidl_typesupport_c__pyext[0m
[13.924s] [35m[1mScanning dependencies of target ur_dashboard_msgs__rosidl_typesupport_fastrtps_c__pyext[0m
[13.945s] [ 97%] [32mBuilding C object CMakeFiles/ur_dashboard_msgs__rosidl_typesupport_fastrtps_c__pyext.dir/rosidl_generator_py/ur_dashboard_msgs/_ur_dashboard_msgs_s.ep.rosidl_typesupport_fastrtps_c.c.o[0m
[13.946s] [ 98%] [32mBuilding C object CMakeFiles/ur_dashboard_msgs__rosidl_typesupport_introspection_c__pyext.dir/rosidl_generator_py/ur_dashboard_msgs/_ur_dashboard_msgs_s.ep.rosidl_typesupport_introspection_c.c.o[0m
[13.950s] [ 99%] [32mBuilding C object CMakeFiles/ur_dashboard_msgs__rosidl_typesupport_c__pyext.dir/rosidl_generator_py/ur_dashboard_msgs/_ur_dashboard_msgs_s.ep.rosidl_typesupport_c.c.o[0m
[14.357s] [100%] [32m[1mLinking C shared library rosidl_generator_py/ur_dashboard_msgs/ur_dashboard_msgs_s__rosidl_typesupport_introspection_c.cpython-38-x86_64-linux-gnu.so[0m
[14.364s] [100%] [32m[1mLinking CXX shared library rosidl_generator_py/ur_dashboard_msgs/ur_dashboard_msgs_s__rosidl_typesupport_fastrtps_c.cpython-38-x86_64-linux-gnu.so[0m
[14.365s] [100%] [32m[1mLinking C shared library rosidl_generator_py/ur_dashboard_msgs/ur_dashboard_msgs_s__rosidl_typesupport_c.cpython-38-x86_64-linux-gnu.so[0m
[14.412s] [100%] Built target ur_dashboard_msgs__rosidl_typesupport_introspection_c__pyext
[14.424s] [100%] Built target ur_dashboard_msgs__rosidl_typesupport_c__pyext
[14.448s] [100%] Built target ur_dashboard_msgs__rosidl_typesupport_fastrtps_c__pyext
[14.462s] Invoked command in '/home/alvaro/workspace/ros_ur_driver/build/ur_dashboard_msgs' returned '0': CMAKE_PREFIX_PATH=${CMAKE_PREFIX_PATH}:/home/alvaro/workspace/ros_ur_driver/install/ros2_control_test_nodes:/home/alvaro/dev_ws/install/ros2test:/opt/ros/foxy /usr/bin/cmake --build /home/alvaro/workspace/ros_ur_driver/build/ur_dashboard_msgs -- -j12 -l12
[14.733s] Invoking command in '/home/alvaro/workspace/ros_ur_driver/build/ur_dashboard_msgs': CMAKE_PREFIX_PATH=${CMAKE_PREFIX_PATH}:/home/alvaro/workspace/ros_ur_driver/install/ros2_control_test_nodes:/home/alvaro/dev_ws/install/ros2test:/opt/ros/foxy /usr/bin/cmake --install /home/alvaro/workspace/ros_ur_driver/build/ur_dashboard_msgs
[14.744s] -- Install configuration: "Release"
[14.745s] -- Installing: /home/alvaro/workspace/ros_ur_driver/install/ur_dashboard_msgs/share/ament_index/resource_index/rosidl_interfaces/ur_dashboard_msgs
[14.745s] -- Installing: /home/alvaro/workspace/ros_ur_driver/install/ur_dashboard_msgs/include/ur_dashboard_msgs
[14.745s] -- Installing: /home/alvaro/workspace/ros_ur_driver/install/ur_dashboard_msgs/include/ur_dashboard_msgs/srv
[14.745s] -- Installing: /home/alvaro/workspace/ros_ur_driver/install/ur_dashboard_msgs/include/ur_dashboard_msgs/srv/load.h
[14.746s] -- Installing: /home/alvaro/workspace/ros_ur_driver/install/ur_dashboard_msgs/include/ur_dashboard_msgs/srv/get_loaded_program.h
[14.746s] -- Installing: /home/alvaro/workspace/ros_ur_driver/install/ur_dashboard_msgs/include/ur_dashboard_msgs/srv/get_robot_mode.h
[14.746s] -- Installing: /home/alvaro/workspace/ros_ur_driver/install/ur_dashboard_msgs/include/ur_dashboard_msgs/srv/add_to_log.h
[14.746s] -- Installing: /home/alvaro/workspace/ros_ur_driver/install/ur_dashboard_msgs/include/ur_dashboard_msgs/srv/popup.h
[14.746s] -- Installing: /home/alvaro/workspace/ros_ur_driver/install/ur_dashboard_msgs/include/ur_dashboard_msgs/srv/get_safety_mode.h
[14.747s] -- Installing: /home/alvaro/workspace/ros_ur_driver/install/ur_dashboard_msgs/include/ur_dashboard_msgs/srv/raw_request.h
[14.747s] -- Installing: /home/alvaro/workspace/ros_ur_driver/install/ur_dashboard_msgs/include/ur_dashboard_msgs/srv/get_program_state.h
[14.747s] -- Installing: /home/alvaro/workspace/ros_ur_driver/install/ur_dashboard_msgs/include/ur_dashboard_msgs/srv/detail
[14.747s] -- Installing: /home/alvaro/workspace/ros_ur_driver/install/ur_dashboard_msgs/include/ur_dashboard_msgs/srv/detail/get_robot_mode__functions.h
[14.747s] -- Installing: /home/alvaro/workspace/ros_ur_driver/install/ur_dashboard_msgs/include/ur_dashboard_msgs/srv/detail/is_program_running__type_support.h
[14.748s] -- Installing: /home/alvaro/workspace/ros_ur_driver/install/ur_dashboard_msgs/include/ur_dashboard_msgs/srv/detail/is_program_saved__functions.h
[14.748s] -- Installing: /home/alvaro/workspace/ros_ur_driver/install/ur_dashboard_msgs/include/ur_dashboard_msgs/srv/detail/get_loaded_program__functions.h
[14.748s] -- Installing: /home/alvaro/workspace/ros_ur_driver/install/ur_dashboard_msgs/include/ur_dashboard_msgs/srv/detail/is_program_running__struct.h
[14.748s] -- Installing: /home/alvaro/workspace/ros_ur_driver/install/ur_dashboard_msgs/include/ur_dashboard_msgs/srv/detail/load__functions.h
[14.749s] -- Installing: /home/alvaro/workspace/ros_ur_driver/install/ur_dashboard_msgs/include/ur_dashboard_msgs/srv/detail/popup__struct.h
[14.749s] -- Installing: /home/alvaro/workspace/ros_ur_driver/install/ur_dashboard_msgs/include/ur_dashboard_msgs/srv/detail/popup__functions.h
[14.749s] -- Installing: /home/alvaro/workspace/ros_ur_driver/install/ur_dashboard_msgs/include/ur_dashboard_msgs/srv/detail/load__struct.h
[14.749s] -- Installing: /home/alvaro/workspace/ros_ur_driver/install/ur_dashboard_msgs/include/ur_dashboard_msgs/srv/detail/get_program_state__functions.c
[14.749s] -- Installing: /home/alvaro/workspace/ros_ur_driver/install/ur_dashboard_msgs/include/ur_dashboard_msgs/srv/detail/popup__functions.c
[14.749s] -- Installing: /home/alvaro/workspace/ros_ur_driver/install/ur_dashboard_msgs/include/ur_dashboard_msgs/srv/detail/raw_request__functions.c
[14.750s] -- Installing: /home/alvaro/workspace/ros_ur_driver/install/ur_dashboard_msgs/include/ur_dashboard_msgs/srv/detail/raw_request__type_support.h
[14.750s] -- Installing: /home/alvaro/workspace/ros_ur_driver/install/ur_dashboard_msgs/include/ur_dashboard_msgs/srv/detail/is_program_saved__struct.h
[14.750s] -- Installing: /home/alvaro/workspace/ros_ur_driver/install/ur_dashboard_msgs/include/ur_dashboard_msgs/srv/detail/load__type_support.h
[14.750s] -- Installing: /home/alvaro/workspace/ros_ur_driver/install/ur_dashboard_msgs/include/ur_dashboard_msgs/srv/detail/add_to_log__type_support.h
[14.750s] -- Installing: /home/alvaro/workspace/ros_ur_driver/install/ur_dashboard_msgs/include/ur_dashboard_msgs/srv/detail/get_safety_mode__functions.c
[14.750s] -- Installing: /home/alvaro/workspace/ros_ur_driver/install/ur_dashboard_msgs/include/ur_dashboard_msgs/srv/detail/get_robot_mode__struct.h
[14.750s] -- Installing: /home/alvaro/workspace/ros_ur_driver/install/ur_dashboard_msgs/include/ur_dashboard_msgs/srv/detail/raw_request__functions.h
[14.750s] -- Installing: /home/alvaro/workspace/ros_ur_driver/install/ur_dashboard_msgs/include/ur_dashboard_msgs/srv/detail/raw_request__struct.h
[14.751s] -- Installing: /home/alvaro/workspace/ros_ur_driver/install/ur_dashboard_msgs/include/ur_dashboard_msgs/srv/detail/is_program_running__functions.c
[14.751s] -- Installing: /home/alvaro/workspace/ros_ur_driver/install/ur_dashboard_msgs/include/ur_dashboard_msgs/srv/detail/load__functions.c
[14.751s] -- Installing: /home/alvaro/workspace/ros_ur_driver/install/ur_dashboard_msgs/include/ur_dashboard_msgs/srv/detail/get_safety_mode__struct.h
[14.751s] -- Installing: /home/alvaro/workspace/ros_ur_driver/install/ur_dashboard_msgs/include/ur_dashboard_msgs/srv/detail/get_loaded_program__type_support.h
[14.751s] -- Installing: /home/alvaro/workspace/ros_ur_driver/install/ur_dashboard_msgs/include/ur_dashboard_msgs/srv/detail/popup__type_support.h
[14.751s] -- Installing: /home/alvaro/workspace/ros_ur_driver/install/ur_dashboard_msgs/include/ur_dashboard_msgs/srv/detail/add_to_log__struct.h
[14.751s] -- Installing: /home/alvaro/workspace/ros_ur_driver/install/ur_dashboard_msgs/include/ur_dashboard_msgs/srv/detail/add_to_log__functions.c
[14.751s] -- Installing: /home/alvaro/workspace/ros_ur_driver/install/ur_dashboard_msgs/include/ur_dashboard_msgs/srv/detail/get_program_state__struct.h
[14.752s] -- Installing: /home/alvaro/workspace/ros_ur_driver/install/ur_dashboard_msgs/include/ur_dashboard_msgs/srv/detail/get_loaded_program__functions.c
[14.752s] -- Installing: /home/alvaro/workspace/ros_ur_driver/install/ur_dashboard_msgs/include/ur_dashboard_msgs/srv/detail/is_program_saved__type_support.h
[14.752s] -- Installing: /home/alvaro/workspace/ros_ur_driver/install/ur_dashboard_msgs/include/ur_dashboard_msgs/srv/detail/get_robot_mode__type_support.h
[14.752s] -- Installing: /home/alvaro/workspace/ros_ur_driver/install/ur_dashboard_msgs/include/ur_dashboard_msgs/srv/detail/is_program_saved__functions.c
[14.752s] -- Installing: /home/alvaro/workspace/ros_ur_driver/install/ur_dashboard_msgs/include/ur_dashboard_msgs/srv/detail/get_robot_mode__functions.c
[14.753s] -- Installing: /home/alvaro/workspace/ros_ur_driver/install/ur_dashboard_msgs/include/ur_dashboard_msgs/srv/detail/get_loaded_program__struct.h
[14.753s] -- Installing: /home/alvaro/workspace/ros_ur_driver/install/ur_dashboard_msgs/include/ur_dashboard_msgs/srv/detail/get_program_state__functions.h
[14.753s] -- Installing: /home/alvaro/workspace/ros_ur_driver/install/ur_dashboard_msgs/include/ur_dashboard_msgs/srv/detail/get_safety_mode__type_support.h
[14.753s] -- Installing: /home/alvaro/workspace/ros_ur_driver/install/ur_dashboard_msgs/include/ur_dashboard_msgs/srv/detail/get_safety_mode__functions.h
[14.753s] -- Installing: /home/alvaro/workspace/ros_ur_driver/install/ur_dashboard_msgs/include/ur_dashboard_msgs/srv/detail/get_program_state__type_support.h
[14.753s] -- Installing: /home/alvaro/workspace/ros_ur_driver/install/ur_dashboard_msgs/include/ur_dashboard_msgs/srv/detail/is_program_running__functions.h
[14.753s] -- Installing: /home/alvaro/workspace/ros_ur_driver/install/ur_dashboard_msgs/include/ur_dashboard_msgs/srv/detail/add_to_log__functions.h
[14.753s] -- Installing: /home/alvaro/workspace/ros_ur_driver/install/ur_dashboard_msgs/include/ur_dashboard_msgs/srv/is_program_saved.h
[14.753s] -- Installing: /home/alvaro/workspace/ros_ur_driver/install/ur_dashboard_msgs/include/ur_dashboard_msgs/srv/is_program_running.h
[14.754s] -- Installing: /home/alvaro/workspace/ros_ur_driver/install/ur_dashboard_msgs/include/ur_dashboard_msgs/action
[14.754s] -- Installing: /home/alvaro/workspace/ros_ur_driver/install/ur_dashboard_msgs/include/ur_dashboard_msgs/action/set_mode.h
[14.754s] -- Installing: /home/alvaro/workspace/ros_ur_driver/install/ur_dashboard_msgs/include/ur_dashboard_msgs/action/detail
[14.754s] -- Installing: /home/alvaro/workspace/ros_ur_driver/install/ur_dashboard_msgs/include/ur_dashboard_msgs/action/detail/set_mode__functions.h
[14.754s] -- Installing: /home/alvaro/workspace/ros_ur_driver/install/ur_dashboard_msgs/include/ur_dashboard_msgs/action/detail/set_mode__functions.c
[14.754s] -- Installing: /home/alvaro/workspace/ros_ur_driver/install/ur_dashboard_msgs/include/ur_dashboard_msgs/action/detail/set_mode__type_support.h
[14.754s] -- Installing: /home/alvaro/workspace/ros_ur_driver/install/ur_dashboard_msgs/include/ur_dashboard_msgs/action/detail/set_mode__struct.h
[14.754s] -- Installing: /home/alvaro/workspace/ros_ur_driver/install/ur_dashboard_msgs/include/ur_dashboard_msgs/msg
[14.755s] -- Installing: /home/alvaro/workspace/ros_ur_driver/install/ur_dashboard_msgs/include/ur_dashboard_msgs/msg/safety_mode.h
[14.755s] -- Installing: /home/alvaro/workspace/ros_ur_driver/install/ur_dashboard_msgs/include/ur_dashboard_msgs/msg/rosidl_generator_c__visibility_control.h
[14.755s] -- Installing: /home/alvaro/workspace/ros_ur_driver/install/ur_dashboard_msgs/include/ur_dashboard_msgs/msg/program_state.h
[14.755s] -- Installing: /home/alvaro/workspace/ros_ur_driver/install/ur_dashboard_msgs/include/ur_dashboard_msgs/msg/detail
[14.755s] -- Installing: /home/alvaro/workspace/ros_ur_driver/install/ur_dashboard_msgs/include/ur_dashboard_msgs/msg/detail/safety_mode__type_support.h
[14.755s] -- Installing: /home/alvaro/workspace/ros_ur_driver/install/ur_dashboard_msgs/include/ur_dashboard_msgs/msg/detail/safety_mode__functions.h
[14.755s] -- Installing: /home/alvaro/workspace/ros_ur_driver/install/ur_dashboard_msgs/include/ur_dashboard_msgs/msg/detail/safety_mode__functions.c
[14.756s] -- Installing: /home/alvaro/workspace/ros_ur_driver/install/ur_dashboard_msgs/include/ur_dashboard_msgs/msg/detail/robot_mode__type_support.h
[14.756s] -- Installing: /home/alvaro/workspace/ros_ur_driver/install/ur_dashboard_msgs/include/ur_dashboard_msgs/msg/detail/robot_mode__struct.h
[14.756s] -- Installing: /home/alvaro/workspace/ros_ur_driver/install/ur_dashboard_msgs/include/ur_dashboard_msgs/msg/detail/safety_mode__struct.h
[14.756s] -- Installing: /home/alvaro/workspace/ros_ur_driver/install/ur_dashboard_msgs/include/ur_dashboard_msgs/msg/detail/robot_mode__functions.c
[14.756s] -- Installing: /home/alvaro/workspace/ros_ur_driver/install/ur_dashboard_msgs/include/ur_dashboard_msgs/msg/detail/program_state__struct.h
[14.756s] -- Installing: /home/alvaro/workspace/ros_ur_driver/install/ur_dashboard_msgs/include/ur_dashboard_msgs/msg/detail/program_state__type_support.h
[14.757s] -- Installing: /home/alvaro/workspace/ros_ur_driver/install/ur_dashboard_msgs/include/ur_dashboard_msgs/msg/detail/program_state__functions.h
[14.757s] -- Installing: /home/alvaro/workspace/ros_ur_driver/install/ur_dashboard_msgs/include/ur_dashboard_msgs/msg/detail/program_state__functions.c
[14.757s] -- Installing: /home/alvaro/workspace/ros_ur_driver/install/ur_dashboard_msgs/include/ur_dashboard_msgs/msg/detail/robot_mode__functions.h
[14.757s] -- Installing: /home/alvaro/workspace/ros_ur_driver/install/ur_dashboard_msgs/include/ur_dashboard_msgs/msg/robot_mode.h
[14.757s] -- Installing: /home/alvaro/workspace/ros_ur_driver/install/ur_dashboard_msgs/share/ur_dashboard_msgs/environment/library_path.sh
[14.757s] -- Installing: /home/alvaro/workspace/ros_ur_driver/install/ur_dashboard_msgs/share/ur_dashboard_msgs/environment/library_path.dsv
[14.757s] -- Installing: /home/alvaro/workspace/ros_ur_driver/install/ur_dashboard_msgs/lib/libur_dashboard_msgs__rosidl_generator_c.so
[14.757s] -- Set runtime path of "/home/alvaro/workspace/ros_ur_driver/install/ur_dashboard_msgs/lib/libur_dashboard_msgs__rosidl_generator_c.so" to ""
[14.758s] -- Up-to-date: /home/alvaro/workspace/ros_ur_driver/install/ur_dashboard_msgs/include/ur_dashboard_msgs
[14.758s] -- Up-to-date: /home/alvaro/workspace/ros_ur_driver/install/ur_dashboard_msgs/include/ur_dashboard_msgs/srv
[14.758s] -- Up-to-date: /home/alvaro/workspace/ros_ur_driver/install/ur_dashboard_msgs/include/ur_dashboard_msgs/srv/detail
[14.758s] -- Installing: /home/alvaro/workspace/ros_ur_driver/install/ur_dashboard_msgs/include/ur_dashboard_msgs/srv/detail/popup__rosidl_typesupport_fastrtps_c.h
[14.758s] -- Installing: /home/alvaro/workspace/ros_ur_driver/install/ur_dashboard_msgs/include/ur_dashboard_msgs/srv/detail/load__rosidl_typesupport_fastrtps_c.h
[14.758s] -- Installing: /home/alvaro/workspace/ros_ur_driver/install/ur_dashboard_msgs/include/ur_dashboard_msgs/srv/detail/is_program_saved__rosidl_typesupport_fastrtps_c.h
[14.758s] -- Installing: /home/alvaro/workspace/ros_ur_driver/install/ur_dashboard_msgs/include/ur_dashboard_msgs/srv/detail/get_robot_mode__rosidl_typesupport_fastrtps_c.h
[14.758s] -- Installing: /home/alvaro/workspace/ros_ur_driver/install/ur_dashboard_msgs/include/ur_dashboard_msgs/srv/detail/get_program_state__rosidl_typesupport_fastrtps_c.h
[14.759s] -- Installing: /home/alvaro/workspace/ros_ur_driver/install/ur_dashboard_msgs/include/ur_dashboard_msgs/srv/detail/raw_request__rosidl_typesupport_fastrtps_c.h
[14.759s] -- Installing: /home/alvaro/workspace/ros_ur_driver/install/ur_dashboard_msgs/include/ur_dashboard_msgs/srv/detail/is_program_running__rosidl_typesupport_fastrtps_c.h
[14.759s] -- Installing: /home/alvaro/workspace/ros_ur_driver/install/ur_dashboard_msgs/include/ur_dashboard_msgs/srv/detail/get_safety_mode__rosidl_typesupport_fastrtps_c.h
[14.759s] -- Installing: /home/alvaro/workspace/ros_ur_driver/install/ur_dashboard_msgs/include/ur_dashboard_msgs/srv/detail/get_loaded_program__rosidl_typesupport_fastrtps_c.h
[14.759s] -- Installing: /home/alvaro/workspace/ros_ur_driver/install/ur_dashboard_msgs/include/ur_dashboard_msgs/srv/detail/add_to_log__rosidl_typesupport_fastrtps_c.h
[14.759s] -- Up-to-date: /home/alvaro/workspace/ros_ur_driver/install/ur_dashboard_msgs/include/ur_dashboard_msgs/action
[14.759s] -- Up-to-date: /home/alvaro/workspace/ros_ur_driver/install/ur_dashboard_msgs/include/ur_dashboard_msgs/action/detail
[14.759s] -- Installing: /home/alvaro/workspace/ros_ur_driver/install/ur_dashboard_msgs/include/ur_dashboard_msgs/action/detail/set_mode__rosidl_typesupport_fastrtps_c.h
[14.759s] -- Up-to-date: /home/alvaro/workspace/ros_ur_driver/install/ur_dashboard_msgs/include/ur_dashboard_msgs/msg
[14.759s] -- Installing: /home/alvaro/workspace/ros_ur_driver/install/ur_dashboard_msgs/include/ur_dashboard_msgs/msg/rosidl_typesupport_fastrtps_c__visibility_control.h
[14.759s] -- Up-to-date: /home/alvaro/workspace/ros_ur_driver/install/ur_dashboard_msgs/include/ur_dashboard_msgs/msg/detail
[14.759s] -- Installing: /home/alvaro/workspace/ros_ur_driver/install/ur_dashboard_msgs/include/ur_dashboard_msgs/msg/detail/safety_mode__rosidl_typesupport_fastrtps_c.h
[14.759s] -- Installing: /home/alvaro/workspace/ros_ur_driver/install/ur_dashboard_msgs/include/ur_dashboard_msgs/msg/detail/program_state__rosidl_typesupport_fastrtps_c.h
[14.759s] -- Installing: /home/alvaro/workspace/ros_ur_driver/install/ur_dashboard_msgs/include/ur_dashboard_msgs/msg/detail/robot_mode__rosidl_typesupport_fastrtps_c.h
[14.760s] -- Installing: /home/alvaro/workspace/ros_ur_driver/install/ur_dashboard_msgs/lib/libur_dashboard_msgs__rosidl_typesupport_fastrtps_c.so
[14.760s] -- Set runtime path of "/home/alvaro/workspace/ros_ur_driver/install/ur_dashboard_msgs/lib/libur_dashboard_msgs__rosidl_typesupport_fastrtps_c.so" to ""
[14.760s] -- Up-to-date: /home/alvaro/workspace/ros_ur_driver/install/ur_dashboard_msgs/include/ur_dashboard_msgs
[14.760s] -- Up-to-date: /home/alvaro/workspace/ros_ur_driver/install/ur_dashboard_msgs/include/ur_dashboard_msgs/srv
[14.760s] -- Up-to-date: /home/alvaro/workspace/ros_ur_driver/install/ur_dashboard_msgs/include/ur_dashboard_msgs/srv/detail
[14.760s] -- Installing: /home/alvaro/workspace/ros_ur_driver/install/ur_dashboard_msgs/include/ur_dashboard_msgs/srv/detail/load__rosidl_typesupport_fastrtps_cpp.hpp
[14.760s] -- Installing: /home/alvaro/workspace/ros_ur_driver/install/ur_dashboard_msgs/include/ur_dashboard_msgs/srv/detail/add_to_log__rosidl_typesupport_fastrtps_cpp.hpp
[14.760s] -- Installing: /home/alvaro/workspace/ros_ur_driver/install/ur_dashboard_msgs/include/ur_dashboard_msgs/srv/detail/is_program_running__rosidl_typesupport_fastrtps_cpp.hpp
[14.760s] -- Installing: /home/alvaro/workspace/ros_ur_driver/install/ur_dashboard_msgs/include/ur_dashboard_msgs/srv/detail/get_safety_mode__rosidl_typesupport_fastrtps_cpp.hpp
[14.760s] -- Installing: /home/alvaro/workspace/ros_ur_driver/install/ur_dashboard_msgs/include/ur_dashboard_msgs/srv/detail/get_loaded_program__rosidl_typesupport_fastrtps_cpp.hpp
[14.760s] -- Installing: /home/alvaro/workspace/ros_ur_driver/install/ur_dashboard_msgs/include/ur_dashboard_msgs/srv/detail/get_program_state__rosidl_typesupport_fastrtps_cpp.hpp
[14.760s] -- Installing: /home/alvaro/workspace/ros_ur_driver/install/ur_dashboard_msgs/include/ur_dashboard_msgs/srv/detail/dds_fastrtps
[14.760s] -- Installing: /home/alvaro/workspace/ros_ur_driver/install/ur_dashboard_msgs/include/ur_dashboard_msgs/srv/detail/popup__rosidl_typesupport_fastrtps_cpp.hpp
[14.760s] -- Installing: /home/alvaro/workspace/ros_ur_driver/install/ur_dashboard_msgs/include/ur_dashboard_msgs/srv/detail/is_program_saved__rosidl_typesupport_fastrtps_cpp.hpp
[14.760s] -- Installing: /home/alvaro/workspace/ros_ur_driver/install/ur_dashboard_msgs/include/ur_dashboard_msgs/srv/detail/raw_request__rosidl_typesupport_fastrtps_cpp.hpp
[14.761s] -- Installing: /home/alvaro/workspace/ros_ur_driver/install/ur_dashboard_msgs/include/ur_dashboard_msgs/srv/detail/get_robot_mode__rosidl_typesupport_fastrtps_cpp.hpp
[14.761s] -- Up-to-date: /home/alvaro/workspace/ros_ur_driver/install/ur_dashboard_msgs/include/ur_dashboard_msgs/action
[14.761s] -- Up-to-date: /home/alvaro/workspace/ros_ur_driver/install/ur_dashboard_msgs/include/ur_dashboard_msgs/action/detail
[14.761s] -- Installing: /home/alvaro/workspace/ros_ur_driver/install/ur_dashboard_msgs/include/ur_dashboard_msgs/action/detail/dds_fastrtps
[14.761s] -- Installing: /home/alvaro/workspace/ros_ur_driver/install/ur_dashboard_msgs/include/ur_dashboard_msgs/action/detail/set_mode__rosidl_typesupport_fastrtps_cpp.hpp
[14.761s] -- Up-to-date: /home/alvaro/workspace/ros_ur_driver/install/ur_dashboard_msgs/include/ur_dashboard_msgs/msg
[14.761s] -- Installing: /home/alvaro/workspace/ros_ur_driver/install/ur_dashboard_msgs/include/ur_dashboard_msgs/msg/rosidl_typesupport_fastrtps_cpp__visibility_control.h
[14.761s] -- Up-to-date: /home/alvaro/workspace/ros_ur_driver/install/ur_dashboard_msgs/include/ur_dashboard_msgs/msg/detail
[14.761s] -- Installing: /home/alvaro/workspace/ros_ur_driver/install/ur_dashboard_msgs/include/ur_dashboard_msgs/msg/detail/robot_mode__rosidl_typesupport_fastrtps_cpp.hpp
[14.761s] -- Installing: /home/alvaro/workspace/ros_ur_driver/install/ur_dashboard_msgs/include/ur_dashboard_msgs/msg/detail/dds_fastrtps
[14.761s] -- Installing: /home/alvaro/workspace/ros_ur_driver/install/ur_dashboard_msgs/include/ur_dashboard_msgs/msg/detail/safety_mode__rosidl_typesupport_fastrtps_cpp.hpp
[14.761s] -- Installing: /home/alvaro/workspace/ros_ur_driver/install/ur_dashboard_msgs/include/ur_dashboard_msgs/msg/detail/program_state__rosidl_typesupport_fastrtps_cpp.hpp
[14.761s] -- Installing: /home/alvaro/workspace/ros_ur_driver/install/ur_dashboard_msgs/lib/libur_dashboard_msgs__rosidl_typesupport_fastrtps_cpp.so
[14.762s] -- Set runtime path of "/home/alvaro/workspace/ros_ur_driver/install/ur_dashboard_msgs/lib/libur_dashboard_msgs__rosidl_typesupport_fastrtps_cpp.so" to ""
[14.762s] -- Up-to-date: /home/alvaro/workspace/ros_ur_driver/install/ur_dashboard_msgs/include/ur_dashboard_msgs
[14.762s] -- Up-to-date: /home/alvaro/workspace/ros_ur_driver/install/ur_dashboard_msgs/include/ur_dashboard_msgs/srv
[14.762s] -- Up-to-date: /home/alvaro/workspace/ros_ur_driver/install/ur_dashboard_msgs/include/ur_dashboard_msgs/srv/detail
[14.762s] -- Installing: /home/alvaro/workspace/ros_ur_driver/install/ur_dashboard_msgs/include/ur_dashboard_msgs/srv/detail/raw_request__rosidl_typesupport_introspection_c.h
[14.762s] -- Installing: /home/alvaro/workspace/ros_ur_driver/install/ur_dashboard_msgs/include/ur_dashboard_msgs/srv/detail/load__rosidl_typesupport_introspection_c.h
[14.762s] -- Installing: /home/alvaro/workspace/ros_ur_driver/install/ur_dashboard_msgs/include/ur_dashboard_msgs/srv/detail/is_program_running__rosidl_typesupport_introspection_c.h
[14.762s] -- Installing: /home/alvaro/workspace/ros_ur_driver/install/ur_dashboard_msgs/include/ur_dashboard_msgs/srv/detail/popup__type_support.c
[14.762s] -- Installing: /home/alvaro/workspace/ros_ur_driver/install/ur_dashboard_msgs/include/ur_dashboard_msgs/srv/detail/load__type_support.c
[14.762s] -- Installing: /home/alvaro/workspace/ros_ur_driver/install/ur_dashboard_msgs/include/ur_dashboard_msgs/srv/detail/add_to_log__rosidl_typesupport_introspection_c.h
[14.762s] -- Installing: /home/alvaro/workspace/ros_ur_driver/install/ur_dashboard_msgs/include/ur_dashboard_msgs/srv/detail/get_robot_mode__rosidl_typesupport_introspection_c.h
[14.762s] -- Installing: /home/alvaro/workspace/ros_ur_driver/install/ur_dashboard_msgs/include/ur_dashboard_msgs/srv/detail/get_program_state__rosidl_typesupport_introspection_c.h
[14.762s] -- Installing: /home/alvaro/workspace/ros_ur_driver/install/ur_dashboard_msgs/include/ur_dashboard_msgs/srv/detail/get_loaded_program__rosidl_typesupport_introspection_c.h
[14.762s] -- Installing: /home/alvaro/workspace/ros_ur_driver/install/ur_dashboard_msgs/include/ur_dashboard_msgs/srv/detail/get_safety_mode__type_support.c
[14.763s] -- Installing: /home/alvaro/workspace/ros_ur_driver/install/ur_dashboard_msgs/include/ur_dashboard_msgs/srv/detail/raw_request__type_support.c
[14.763s] -- Installing: /home/alvaro/workspace/ros_ur_driver/install/ur_dashboard_msgs/include/ur_dashboard_msgs/srv/detail/is_program_saved__rosidl_typesupport_introspection_c.h
[14.763s] -- Installing: /home/alvaro/workspace/ros_ur_driver/install/ur_dashboard_msgs/include/ur_dashboard_msgs/srv/detail/get_safety_mode__rosidl_typesupport_introspection_c.h
[14.763s] -- Installing: /home/alvaro/workspace/ros_ur_driver/install/ur_dashboard_msgs/include/ur_dashboard_msgs/srv/detail/get_program_state__type_support.c
[14.763s] -- Installing: /home/alvaro/workspace/ros_ur_driver/install/ur_dashboard_msgs/include/ur_dashboard_msgs/srv/detail/add_to_log__type_support.c
[14.763s] -- Installing: /home/alvaro/workspace/ros_ur_driver/install/ur_dashboard_msgs/include/ur_dashboard_msgs/srv/detail/popup__rosidl_typesupport_introspection_c.h
[14.763s] -- Installing: /home/alvaro/workspace/ros_ur_driver/install/ur_dashboard_msgs/include/ur_dashboard_msgs/srv/detail/is_program_saved__type_support.c
[14.763s] -- Installing: /home/alvaro/workspace/ros_ur_driver/install/ur_dashboard_msgs/include/ur_dashboard_msgs/srv/detail/get_robot_mode__type_support.c
[14.763s] -- Installing: /home/alvaro/workspace/ros_ur_driver/install/ur_dashboard_msgs/include/ur_dashboard_msgs/srv/detail/get_loaded_program__type_support.c
[14.763s] -- Installing: /home/alvaro/workspace/ros_ur_driver/install/ur_dashboard_msgs/include/ur_dashboard_msgs/srv/detail/is_program_running__type_support.c
[14.763s] -- Up-to-date: /home/alvaro/workspace/ros_ur_driver/install/ur_dashboard_msgs/include/ur_dashboard_msgs/action
[14.763s] -- Up-to-date: /home/alvaro/workspace/ros_ur_driver/install/ur_dashboard_msgs/include/ur_dashboard_msgs/action/detail
[14.763s] -- Installing: /home/alvaro/workspace/ros_ur_driver/install/ur_dashboard_msgs/include/ur_dashboard_msgs/action/detail/set_mode__type_support.c
[14.763s] -- Installing: /home/alvaro/workspace/ros_ur_driver/install/ur_dashboard_msgs/include/ur_dashboard_msgs/action/detail/set_mode__rosidl_typesupport_introspection_c.h
[14.763s] -- Up-to-date: /home/alvaro/workspace/ros_ur_driver/install/ur_dashboard_msgs/include/ur_dashboard_msgs/msg
[14.764s] -- Installing: /home/alvaro/workspace/ros_ur_driver/install/ur_dashboard_msgs/include/ur_dashboard_msgs/msg/rosidl_typesupport_introspection_c__visibility_control.h
[14.764s] -- Up-to-date: /home/alvaro/workspace/ros_ur_driver/install/ur_dashboard_msgs/include/ur_dashboard_msgs/msg/detail
[14.764s] -- Installing: /home/alvaro/workspace/ros_ur_driver/install/ur_dashboard_msgs/include/ur_dashboard_msgs/msg/detail/robot_mode__type_support.c
[14.764s] -- Installing: /home/alvaro/workspace/ros_ur_driver/install/ur_dashboard_msgs/include/ur_dashboard_msgs/msg/detail/safety_mode__rosidl_typesupport_introspection_c.h
[14.764s] -- Installing: /home/alvaro/workspace/ros_ur_driver/install/ur_dashboard_msgs/include/ur_dashboard_msgs/msg/detail/program_state__type_support.c
[14.764s] -- Installing: /home/alvaro/workspace/ros_ur_driver/install/ur_dashboard_msgs/include/ur_dashboard_msgs/msg/detail/safety_mode__type_support.c
[14.764s] -- Installing: /home/alvaro/workspace/ros_ur_driver/install/ur_dashboard_msgs/include/ur_dashboard_msgs/msg/detail/program_state__rosidl_typesupport_introspection_c.h
[14.764s] -- Installing: /home/alvaro/workspace/ros_ur_driver/install/ur_dashboard_msgs/include/ur_dashboard_msgs/msg/detail/robot_mode__rosidl_typesupport_introspection_c.h
[14.764s] -- Installing: /home/alvaro/workspace/ros_ur_driver/install/ur_dashboard_msgs/lib/libur_dashboard_msgs__rosidl_typesupport_introspection_c.so
[14.764s] -- Set runtime path of "/home/alvaro/workspace/ros_ur_driver/install/ur_dashboard_msgs/lib/libur_dashboard_msgs__rosidl_typesupport_introspection_c.so" to ""
[14.764s] -- Installing: /home/alvaro/workspace/ros_ur_driver/install/ur_dashboard_msgs/lib/libur_dashboard_msgs__rosidl_typesupport_c.so
[14.764s] -- Set runtime path of "/home/alvaro/workspace/ros_ur_driver/install/ur_dashboard_msgs/lib/libur_dashboard_msgs__rosidl_typesupport_c.so" to ""
[14.764s] -- Up-to-date: /home/alvaro/workspace/ros_ur_driver/install/ur_dashboard_msgs/include/ur_dashboard_msgs
[14.764s] -- Up-to-date: /home/alvaro/workspace/ros_ur_driver/install/ur_dashboard_msgs/include/ur_dashboard_msgs/srv
[14.764s] -- Installing: /home/alvaro/workspace/ros_ur_driver/install/ur_dashboard_msgs/include/ur_dashboard_msgs/srv/get_robot_mode.hpp
[14.765s] -- Installing: /home/alvaro/workspace/ros_ur_driver/install/ur_dashboard_msgs/include/ur_dashboard_msgs/srv/get_safety_mode.hpp
[14.765s] -- Installing: /home/alvaro/workspace/ros_ur_driver/install/ur_dashboard_msgs/include/ur_dashboard_msgs/srv/get_program_state.hpp
[14.765s] -- Installing: /home/alvaro/workspace/ros_ur_driver/install/ur_dashboard_msgs/include/ur_dashboard_msgs/srv/raw_request.hpp
[14.765s] -- Installing: /home/alvaro/workspace/ros_ur_driver/install/ur_dashboard_msgs/include/ur_dashboard_msgs/srv/is_program_running.hpp
[14.765s] -- Installing: /home/alvaro/workspace/ros_ur_driver/install/ur_dashboard_msgs/include/ur_dashboard_msgs/srv/popup.hpp
[14.765s] -- Installing: /home/alvaro/workspace/ros_ur_driver/install/ur_dashboard_msgs/include/ur_dashboard_msgs/srv/get_loaded_program.hpp
[14.765s] -- Installing: /home/alvaro/workspace/ros_ur_driver/install/ur_dashboard_msgs/include/ur_dashboard_msgs/srv/load.hpp
[14.765s] -- Installing: /home/alvaro/workspace/ros_ur_driver/install/ur_dashboard_msgs/include/ur_dashboard_msgs/srv/add_to_log.hpp
[14.765s] -- Installing: /home/alvaro/workspace/ros_ur_driver/install/ur_dashboard_msgs/include/ur_dashboard_msgs/srv/is_program_saved.hpp
[14.765s] -- Up-to-date: /home/alvaro/workspace/ros_ur_driver/install/ur_dashboard_msgs/include/ur_dashboard_msgs/srv/detail
[14.765s] -- Installing: /home/alvaro/workspace/ros_ur_driver/install/ur_dashboard_msgs/include/ur_dashboard_msgs/srv/detail/get_robot_mode__type_support.hpp
[14.765s] -- Installing: /home/alvaro/workspace/ros_ur_driver/install/ur_dashboard_msgs/include/ur_dashboard_msgs/srv/detail/get_program_state__traits.hpp
[14.765s] -- Installing: /home/alvaro/workspace/ros_ur_driver/install/ur_dashboard_msgs/include/ur_dashboard_msgs/srv/detail/get_loaded_program__struct.hpp
[14.765s] -- Installing: /home/alvaro/workspace/ros_ur_driver/install/ur_dashboard_msgs/include/ur_dashboard_msgs/srv/detail/raw_request__struct.hpp
[14.765s] -- Installing: /home/alvaro/workspace/ros_ur_driver/install/ur_dashboard_msgs/include/ur_dashboard_msgs/srv/detail/add_to_log__struct.hpp
[14.765s] -- Installing: /home/alvaro/workspace/ros_ur_driver/install/ur_dashboard_msgs/include/ur_dashboard_msgs/srv/detail/is_program_running__type_support.hpp
[14.765s] -- Installing: /home/alvaro/workspace/ros_ur_driver/install/ur_dashboard_msgs/include/ur_dashboard_msgs/srv/detail/is_program_saved__builder.hpp
[14.766s] -- Installing: /home/alvaro/workspace/ros_ur_driver/install/ur_dashboard_msgs/include/ur_dashboard_msgs/srv/detail/get_safety_mode__builder.hpp
[14.766s] -- Installing: /home/alvaro/workspace/ros_ur_driver/install/ur_dashboard_msgs/include/ur_dashboard_msgs/srv/detail/add_to_log__builder.hpp
[14.766s] -- Installing: /home/alvaro/workspace/ros_ur_driver/install/ur_dashboard_msgs/include/ur_dashboard_msgs/srv/detail/get_safety_mode__type_support.hpp
[14.766s] -- Installing: /home/alvaro/workspace/ros_ur_driver/install/ur_dashboard_msgs/include/ur_dashboard_msgs/srv/detail/popup__struct.hpp
[14.766s] -- Installing: /home/alvaro/workspace/ros_ur_driver/install/ur_dashboard_msgs/include/ur_dashboard_msgs/srv/detail/add_to_log__traits.hpp
[14.766s] -- Installing: /home/alvaro/workspace/ros_ur_driver/install/ur_dashboard_msgs/include/ur_dashboard_msgs/srv/detail/is_program_saved__traits.hpp
[14.766s] -- Installing: /home/alvaro/workspace/ros_ur_driver/install/ur_dashboard_msgs/include/ur_dashboard_msgs/srv/detail/load__traits.hpp
[14.766s] -- Installing: /home/alvaro/workspace/ros_ur_driver/install/ur_dashboard_msgs/include/ur_dashboard_msgs/srv/detail/get_safety_mode__struct.hpp
[14.766s] -- Installing: /home/alvaro/workspace/ros_ur_driver/install/ur_dashboard_msgs/include/ur_dashboard_msgs/srv/detail/popup__type_support.hpp
[14.766s] -- Installing: /home/alvaro/workspace/ros_ur_driver/install/ur_dashboard_msgs/include/ur_dashboard_msgs/srv/detail/load__type_support.hpp
[14.766s] -- Installing: /home/alvaro/workspace/ros_ur_driver/install/ur_dashboard_msgs/include/ur_dashboard_msgs/srv/detail/raw_request__traits.hpp
[14.766s] -- Installing: /home/alvaro/workspace/ros_ur_driver/install/ur_dashboard_msgs/include/ur_dashboard_msgs/srv/detail/get_robot_mode__struct.hpp
[14.766s] -- Installing: /home/alvaro/workspace/ros_ur_driver/install/ur_dashboard_msgs/include/ur_dashboard_msgs/srv/detail/get_safety_mode__traits.hpp
[14.766s] -- Installing: /home/alvaro/workspace/ros_ur_driver/install/ur_dashboard_msgs/include/ur_dashboard_msgs/srv/detail/get_loaded_program__builder.hpp
[14.766s] -- Installing: /home/alvaro/workspace/ros_ur_driver/install/ur_dashboard_msgs/include/ur_dashboard_msgs/srv/detail/get_program_state__builder.hpp
[14.766s] -- Installing: /home/alvaro/workspace/ros_ur_driver/install/ur_dashboard_msgs/include/ur_dashboard_msgs/srv/detail/get_program_state__struct.hpp
[14.766s] -- Installing: /home/alvaro/workspace/ros_ur_driver/install/ur_dashboard_msgs/include/ur_dashboard_msgs/srv/detail/get_loaded_program__type_support.hpp
[14.767s] -- Installing: /home/alvaro/workspace/ros_ur_driver/install/ur_dashboard_msgs/include/ur_dashboard_msgs/srv/detail/is_program_running__builder.hpp
[14.767s] -- Installing: /home/alvaro/workspace/ros_ur_driver/install/ur_dashboard_msgs/include/ur_dashboard_msgs/srv/detail/get_robot_mode__builder.hpp
[14.767s] -- Installing: /home/alvaro/workspace/ros_ur_driver/install/ur_dashboard_msgs/include/ur_dashboard_msgs/srv/detail/load__struct.hpp
[14.767s] -- Installing: /home/alvaro/workspace/ros_ur_driver/install/ur_dashboard_msgs/include/ur_dashboard_msgs/srv/detail/is_program_saved__struct.hpp
[14.767s] -- Installing: /home/alvaro/workspace/ros_ur_driver/install/ur_dashboard_msgs/include/ur_dashboard_msgs/srv/detail/raw_request__type_support.hpp
[14.767s] -- Installing: /home/alvaro/workspace/ros_ur_driver/install/ur_dashboard_msgs/include/ur_dashboard_msgs/srv/detail/popup__builder.hpp
[14.767s] -- Installing: /home/alvaro/workspace/ros_ur_driver/install/ur_dashboard_msgs/include/ur_dashboard_msgs/srv/detail/popup__traits.hpp
[14.767s] -- Installing: /home/alvaro/workspace/ros_ur_driver/install/ur_dashboard_msgs/include/ur_dashboard_msgs/srv/detail/is_program_running__traits.hpp
[14.767s] -- Installing: /home/alvaro/workspace/ros_ur_driver/install/ur_dashboard_msgs/include/ur_dashboard_msgs/srv/detail/raw_request__builder.hpp
[14.767s] -- Installing: /home/alvaro/workspace/ros_ur_driver/install/ur_dashboard_msgs/include/ur_dashboard_msgs/srv/detail/add_to_log__type_support.hpp
[14.767s] -- Installing: /home/alvaro/workspace/ros_ur_driver/install/ur_dashboard_msgs/include/ur_dashboard_msgs/srv/detail/load__builder.hpp
[14.767s] -- Installing: /home/alvaro/workspace/ros_ur_driver/install/ur_dashboard_msgs/include/ur_dashboard_msgs/srv/detail/get_program_state__type_support.hpp
[14.767s] -- Installing: /home/alvaro/workspace/ros_ur_driver/install/ur_dashboard_msgs/include/ur_dashboard_msgs/srv/detail/get_loaded_program__traits.hpp
[14.767s] -- Installing: /home/alvaro/workspace/ros_ur_driver/install/ur_dashboard_msgs/include/ur_dashboard_msgs/srv/detail/get_robot_mode__traits.hpp
[14.767s] -- Installing: /home/alvaro/workspace/ros_ur_driver/install/ur_dashboard_msgs/include/ur_dashboard_msgs/srv/detail/is_program_saved__type_support.hpp
[14.767s] -- Installing: /home/alvaro/workspace/ros_ur_driver/install/ur_dashboard_msgs/include/ur_dashboard_msgs/srv/detail/is_program_running__struct.hpp
[14.767s] -- Up-to-date: /home/alvaro/workspace/ros_ur_driver/install/ur_dashboard_msgs/include/ur_dashboard_msgs/action
[14.767s] -- Installing: /home/alvaro/workspace/ros_ur_driver/install/ur_dashboard_msgs/include/ur_dashboard_msgs/action/set_mode.hpp
[14.767s] -- Up-to-date: /home/alvaro/workspace/ros_ur_driver/install/ur_dashboard_msgs/include/ur_dashboard_msgs/action/detail
[14.768s] -- Installing: /home/alvaro/workspace/ros_ur_driver/install/ur_dashboard_msgs/include/ur_dashboard_msgs/action/detail/set_mode__type_support.hpp
[14.768s] -- Installing: /home/alvaro/workspace/ros_ur_driver/install/ur_dashboard_msgs/include/ur_dashboard_msgs/action/detail/set_mode__struct.hpp
[14.768s] -- Installing: /home/alvaro/workspace/ros_ur_driver/install/ur_dashboard_msgs/include/ur_dashboard_msgs/action/detail/set_mode__builder.hpp
[14.768s] -- Installing: /home/alvaro/workspace/ros_ur_driver/install/ur_dashboard_msgs/include/ur_dashboard_msgs/action/detail/set_mode__traits.hpp
[14.768s] -- Up-to-date: /home/alvaro/workspace/ros_ur_driver/install/ur_dashboard_msgs/include/ur_dashboard_msgs/msg
[14.768s] -- Installing: /home/alvaro/workspace/ros_ur_driver/install/ur_dashboard_msgs/include/ur_dashboard_msgs/msg/rosidl_generator_cpp__visibility_control.hpp
[14.768s] -- Installing: /home/alvaro/workspace/ros_ur_driver/install/ur_dashboard_msgs/include/ur_dashboard_msgs/msg/safety_mode.hpp
[14.768s] -- Installing: /home/alvaro/workspace/ros_ur_driver/install/ur_dashboard_msgs/include/ur_dashboard_msgs/msg/program_state.hpp
[14.768s] -- Installing: /home/alvaro/workspace/ros_ur_driver/install/ur_dashboard_msgs/include/ur_dashboard_msgs/msg/robot_mode.hpp
[14.768s] -- Up-to-date: /home/alvaro/workspace/ros_ur_driver/install/ur_dashboard_msgs/include/ur_dashboard_msgs/msg/detail
[14.768s] -- Installing: /home/alvaro/workspace/ros_ur_driver/install/ur_dashboard_msgs/include/ur_dashboard_msgs/msg/detail/safety_mode__type_support.hpp
[14.768s] -- Installing: /home/alvaro/workspace/ros_ur_driver/install/ur_dashboard_msgs/include/ur_dashboard_msgs/msg/detail/robot_mode__struct.hpp
[14.768s] -- Installing: /home/alvaro/workspace/ros_ur_driver/install/ur_dashboard_msgs/include/ur_dashboard_msgs/msg/detail/program_state__struct.hpp
[14.768s] -- Installing: /home/alvaro/workspace/ros_ur_driver/install/ur_dashboard_msgs/include/ur_dashboard_msgs/msg/detail/safety_mode__builder.hpp
[14.768s] -- Installing: /home/alvaro/workspace/ros_ur_driver/install/ur_dashboard_msgs/include/ur_dashboard_msgs/msg/detail/program_state__type_support.hpp
[14.768s] -- Installing: /home/alvaro/workspace/ros_ur_driver/install/ur_dashboard_msgs/include/ur_dashboard_msgs/msg/detail/robot_mode__builder.hpp
[14.768s] -- Installing: /home/alvaro/workspace/ros_ur_driver/install/ur_dashboard_msgs/include/ur_dashboard_msgs/msg/detail/robot_mode__traits.hpp
[14.768s] -- Installing: /home/alvaro/workspace/ros_ur_driver/install/ur_dashboard_msgs/include/ur_dashboard_msgs/msg/detail/safety_mode__struct.hpp
[14.769s] -- Installing: /home/alvaro/workspace/ros_ur_driver/install/ur_dashboard_msgs/include/ur_dashboard_msgs/msg/detail/safety_mode__traits.hpp
[14.769s] -- Installing: /home/alvaro/workspace/ros_ur_driver/install/ur_dashboard_msgs/include/ur_dashboard_msgs/msg/detail/program_state__builder.hpp
[14.769s] -- Installing: /home/alvaro/workspace/ros_ur_driver/install/ur_dashboard_msgs/include/ur_dashboard_msgs/msg/detail/program_state__traits.hpp
[14.769s] -- Installing: /home/alvaro/workspace/ros_ur_driver/install/ur_dashboard_msgs/include/ur_dashboard_msgs/msg/detail/robot_mode__type_support.hpp
[14.769s] -- Up-to-date: /home/alvaro/workspace/ros_ur_driver/install/ur_dashboard_msgs/include/ur_dashboard_msgs
[14.769s] -- Up-to-date: /home/alvaro/workspace/ros_ur_driver/install/ur_dashboard_msgs/include/ur_dashboard_msgs/srv
[14.769s] -- Up-to-date: /home/alvaro/workspace/ros_ur_driver/install/ur_dashboard_msgs/include/ur_dashboard_msgs/srv/detail
[14.769s] -- Installing: /home/alvaro/workspace/ros_ur_driver/install/ur_dashboard_msgs/include/ur_dashboard_msgs/srv/detail/is_program_saved__type_support.cpp
[14.769s] -- Installing: /home/alvaro/workspace/ros_ur_driver/install/ur_dashboard_msgs/include/ur_dashboard_msgs/srv/detail/popup__type_support.cpp
[14.769s] -- Installing: /home/alvaro/workspace/ros_ur_driver/install/ur_dashboard_msgs/include/ur_dashboard_msgs/srv/detail/load__rosidl_typesupport_introspection_cpp.hpp
[14.769s] -- Installing: /home/alvaro/workspace/ros_ur_driver/install/ur_dashboard_msgs/include/ur_dashboard_msgs/srv/detail/popup__rosidl_typesupport_introspection_cpp.hpp
[14.769s] -- Installing: /home/alvaro/workspace/ros_ur_driver/install/ur_dashboard_msgs/include/ur_dashboard_msgs/srv/detail/load__type_support.cpp
[14.769s] -- Installing: /home/alvaro/workspace/ros_ur_driver/install/ur_dashboard_msgs/include/ur_dashboard_msgs/srv/detail/is_program_running__type_support.cpp
[14.769s] -- Installing: /home/alvaro/workspace/ros_ur_driver/install/ur_dashboard_msgs/include/ur_dashboard_msgs/srv/detail/get_safety_mode__rosidl_typesupport_introspection_cpp.hpp
[14.769s] -- Installing: /home/alvaro/workspace/ros_ur_driver/install/ur_dashboard_msgs/include/ur_dashboard_msgs/srv/detail/get_program_state__type_support.cpp
[14.769s] -- Installing: /home/alvaro/workspace/ros_ur_driver/install/ur_dashboard_msgs/include/ur_dashboard_msgs/srv/detail/get_robot_mode__type_support.cpp
[14.769s] -- Installing: /home/alvaro/workspace/ros_ur_driver/install/ur_dashboard_msgs/include/ur_dashboard_msgs/srv/detail/add_to_log__rosidl_typesupport_introspection_cpp.hpp
[14.769s] -- Installing: /home/alvaro/workspace/ros_ur_driver/install/ur_dashboard_msgs/include/ur_dashboard_msgs/srv/detail/get_program_state__rosidl_typesupport_introspection_cpp.hpp
[14.769s] -- Installing: /home/alvaro/workspace/ros_ur_driver/install/ur_dashboard_msgs/include/ur_dashboard_msgs/srv/detail/raw_request__rosidl_typesupport_introspection_cpp.hpp
[14.770s] -- Installing: /home/alvaro/workspace/ros_ur_driver/install/ur_dashboard_msgs/include/ur_dashboard_msgs/srv/detail/add_to_log__type_support.cpp
[14.770s] -- Installing: /home/alvaro/workspace/ros_ur_driver/install/ur_dashboard_msgs/include/ur_dashboard_msgs/srv/detail/get_safety_mode__type_support.cpp
[14.770s] -- Installing: /home/alvaro/workspace/ros_ur_driver/install/ur_dashboard_msgs/include/ur_dashboard_msgs/srv/detail/is_program_running__rosidl_typesupport_introspection_cpp.hpp
[14.770s] -- Installing: /home/alvaro/workspace/ros_ur_driver/install/ur_dashboard_msgs/include/ur_dashboard_msgs/srv/detail/get_robot_mode__rosidl_typesupport_introspection_cpp.hpp
[14.770s] -- Installing: /home/alvaro/workspace/ros_ur_driver/install/ur_dashboard_msgs/include/ur_dashboard_msgs/srv/detail/get_loaded_program__rosidl_typesupport_introspection_cpp.hpp
[14.770s] -- Installing: /home/alvaro/workspace/ros_ur_driver/install/ur_dashboard_msgs/include/ur_dashboard_msgs/srv/detail/get_loaded_program__type_support.cpp
[14.770s] -- Installing: /home/alvaro/workspace/ros_ur_driver/install/ur_dashboard_msgs/include/ur_dashboard_msgs/srv/detail/is_program_saved__rosidl_typesupport_introspection_cpp.hpp
[14.770s] -- Installing: /home/alvaro/workspace/ros_ur_driver/install/ur_dashboard_msgs/include/ur_dashboard_msgs/srv/detail/raw_request__type_support.cpp
[14.770s] -- Up-to-date: /home/alvaro/workspace/ros_ur_driver/install/ur_dashboard_msgs/include/ur_dashboard_msgs/action
[14.770s] -- Up-to-date: /home/alvaro/workspace/ros_ur_driver/install/ur_dashboard_msgs/include/ur_dashboard_msgs/action/detail
[14.770s] -- Installing: /home/alvaro/workspace/ros_ur_driver/install/ur_dashboard_msgs/include/ur_dashboard_msgs/action/detail/set_mode__type_support.cpp
[14.770s] -- Installing: /home/alvaro/workspace/ros_ur_driver/install/ur_dashboard_msgs/include/ur_dashboard_msgs/action/detail/set_mode__rosidl_typesupport_introspection_cpp.hpp
[14.770s] -- Up-to-date: /home/alvaro/workspace/ros_ur_driver/install/ur_dashboard_msgs/include/ur_dashboard_msgs/msg
[14.770s] -- Up-to-date: /home/alvaro/workspace/ros_ur_driver/install/ur_dashboard_msgs/include/ur_dashboard_msgs/msg/detail
[14.770s] -- Installing: /home/alvaro/workspace/ros_ur_driver/install/ur_dashboard_msgs/include/ur_dashboard_msgs/msg/detail/safety_mode__type_support.cpp
[14.770s] -- Installing: /home/alvaro/workspace/ros_ur_driver/install/ur_dashboard_msgs/include/ur_dashboard_msgs/msg/detail/program_state__type_support.cpp
[14.770s] -- Installing: /home/alvaro/workspace/ros_ur_driver/install/ur_dashboard_msgs/include/ur_dashboard_msgs/msg/detail/safety_mode__rosidl_typesupport_introspection_cpp.hpp
[14.770s] -- Installing: /home/alvaro/workspace/ros_ur_driver/install/ur_dashboard_msgs/include/ur_dashboard_msgs/msg/detail/robot_mode__type_support.cpp
[14.770s] -- Installing: /home/alvaro/workspace/ros_ur_driver/install/ur_dashboard_msgs/include/ur_dashboard_msgs/msg/detail/program_state__rosidl_typesupport_introspection_cpp.hpp
[14.771s] -- Installing: /home/alvaro/workspace/ros_ur_driver/install/ur_dashboard_msgs/include/ur_dashboard_msgs/msg/detail/robot_mode__rosidl_typesupport_introspection_cpp.hpp
[14.771s] -- Installing: /home/alvaro/workspace/ros_ur_driver/install/ur_dashboard_msgs/lib/libur_dashboard_msgs__rosidl_typesupport_introspection_cpp.so
[14.771s] -- Set runtime path of "/home/alvaro/workspace/ros_ur_driver/install/ur_dashboard_msgs/lib/libur_dashboard_msgs__rosidl_typesupport_introspection_cpp.so" to ""
[14.771s] -- Installing: /home/alvaro/workspace/ros_ur_driver/install/ur_dashboard_msgs/lib/libur_dashboard_msgs__rosidl_typesupport_cpp.so
[14.771s] -- Set runtime path of "/home/alvaro/workspace/ros_ur_driver/install/ur_dashboard_msgs/lib/libur_dashboard_msgs__rosidl_typesupport_cpp.so" to ""
[14.771s] -- Installing: /home/alvaro/workspace/ros_ur_driver/install/ur_dashboard_msgs/share/ur_dashboard_msgs/environment/pythonpath.sh
[14.771s] -- Installing: /home/alvaro/workspace/ros_ur_driver/install/ur_dashboard_msgs/share/ur_dashboard_msgs/environment/pythonpath.dsv
[14.771s] -- Installing: /home/alvaro/workspace/ros_ur_driver/install/ur_dashboard_msgs/lib/python3.8/site-packages/ur_dashboard_msgs/__init__.py
[14.795s] Compiling '/home/alvaro/workspace/ros_ur_driver/install/ur_dashboard_msgs/lib/python3.8/site-packages/ur_dashboard_msgs/__init__.py'...
[14.798s] -- Installing: /home/alvaro/workspace/ros_ur_driver/install/ur_dashboard_msgs/lib/python3.8/site-packages/ur_dashboard_msgs/msg
[14.799s] -- Installing: /home/alvaro/workspace/ros_ur_driver/install/ur_dashboard_msgs/lib/python3.8/site-packages/ur_dashboard_msgs/msg/_program_state.py
[14.799s] -- Installing: /home/alvaro/workspace/ros_ur_driver/install/ur_dashboard_msgs/lib/python3.8/site-packages/ur_dashboard_msgs/msg/_program_state_s.c
[14.799s] -- Installing: /home/alvaro/workspace/ros_ur_driver/install/ur_dashboard_msgs/lib/python3.8/site-packages/ur_dashboard_msgs/msg/_safety_mode_s.c
[14.799s] -- Installing: /home/alvaro/workspace/ros_ur_driver/install/ur_dashboard_msgs/lib/python3.8/site-packages/ur_dashboard_msgs/msg/_robot_mode.py
[14.800s] -- Installing: /home/alvaro/workspace/ros_ur_driver/install/ur_dashboard_msgs/lib/python3.8/site-packages/ur_dashboard_msgs/msg/_robot_mode_s.c
[14.800s] -- Installing: /home/alvaro/workspace/ros_ur_driver/install/ur_dashboard_msgs/lib/python3.8/site-packages/ur_dashboard_msgs/msg/_safety_mode.py
[14.800s] -- Installing: /home/alvaro/workspace/ros_ur_driver/install/ur_dashboard_msgs/lib/python3.8/site-packages/ur_dashboard_msgs/msg/__init__.py
[14.800s] -- Installing: /home/alvaro/workspace/ros_ur_driver/install/ur_dashboard_msgs/lib/python3.8/site-packages/ur_dashboard_msgs/srv
[14.800s] -- Installing: /home/alvaro/workspace/ros_ur_driver/install/ur_dashboard_msgs/lib/python3.8/site-packages/ur_dashboard_msgs/srv/_popup_s.c
[14.801s] -- Installing: /home/alvaro/workspace/ros_ur_driver/install/ur_dashboard_msgs/lib/python3.8/site-packages/ur_dashboard_msgs/srv/_get_loaded_program_s.c
[14.801s] -- Installing: /home/alvaro/workspace/ros_ur_driver/install/ur_dashboard_msgs/lib/python3.8/site-packages/ur_dashboard_msgs/srv/_is_program_saved_s.c
[14.801s] -- Installing: /home/alvaro/workspace/ros_ur_driver/install/ur_dashboard_msgs/lib/python3.8/site-packages/ur_dashboard_msgs/srv/_get_program_state_s.c
[14.801s] -- Installing: /home/alvaro/workspace/ros_ur_driver/install/ur_dashboard_msgs/lib/python3.8/site-packages/ur_dashboard_msgs/srv/_get_program_state.py
[14.802s] -- Installing: /home/alvaro/workspace/ros_ur_driver/install/ur_dashboard_msgs/lib/python3.8/site-packages/ur_dashboard_msgs/srv/_get_robot_mode_s.c
[14.802s] -- Installing: /home/alvaro/workspace/ros_ur_driver/install/ur_dashboard_msgs/lib/python3.8/site-packages/ur_dashboard_msgs/srv/_is_program_running_s.c
[14.802s] -- Installing: /home/alvaro/workspace/ros_ur_driver/install/ur_dashboard_msgs/lib/python3.8/site-packages/ur_dashboard_msgs/srv/_get_safety_mode_s.c
[14.802s] -- Installing: /home/alvaro/workspace/ros_ur_driver/install/ur_dashboard_msgs/lib/python3.8/site-packages/ur_dashboard_msgs/srv/_load.py
[14.802s] -- Installing: /home/alvaro/workspace/ros_ur_driver/install/ur_dashboard_msgs/lib/python3.8/site-packages/ur_dashboard_msgs/srv/_is_program_saved.py
[14.803s] -- Installing: /home/alvaro/workspace/ros_ur_driver/install/ur_dashboard_msgs/lib/python3.8/site-packages/ur_dashboard_msgs/srv/_get_robot_mode.py
[14.803s] -- Installing: /home/alvaro/workspace/ros_ur_driver/install/ur_dashboard_msgs/lib/python3.8/site-packages/ur_dashboard_msgs/srv/_is_program_running.py
[14.803s] -- Installing: /home/alvaro/workspace/ros_ur_driver/install/ur_dashboard_msgs/lib/python3.8/site-packages/ur_dashboard_msgs/srv/_add_to_log_s.c
[14.803s] -- Installing: /home/alvaro/workspace/ros_ur_driver/install/ur_dashboard_msgs/lib/python3.8/site-packages/ur_dashboard_msgs/srv/_popup.py
[14.804s] -- Installing: /home/alvaro/workspace/ros_ur_driver/install/ur_dashboard_msgs/lib/python3.8/site-packages/ur_dashboard_msgs/srv/_raw_request.py
[14.804s] -- Installing: /home/alvaro/workspace/ros_ur_driver/install/ur_dashboard_msgs/lib/python3.8/site-packages/ur_dashboard_msgs/srv/_load_s.c
[14.804s] -- Installing: /home/alvaro/workspace/ros_ur_driver/install/ur_dashboard_msgs/lib/python3.8/site-packages/ur_dashboard_msgs/srv/_get_loaded_program.py
[14.804s] -- Installing: /home/alvaro/workspace/ros_ur_driver/install/ur_dashboard_msgs/lib/python3.8/site-packages/ur_dashboard_msgs/srv/_raw_request_s.c
[14.804s] -- Installing: /home/alvaro/workspace/ros_ur_driver/install/ur_dashboard_msgs/lib/python3.8/site-packages/ur_dashboard_msgs/srv/_get_safety_mode.py
[14.805s] -- Installing: /home/alvaro/workspace/ros_ur_driver/install/ur_dashboard_msgs/lib/python3.8/site-packages/ur_dashboard_msgs/srv/_add_to_log.py
[14.805s] -- Installing: /home/alvaro/workspace/ros_ur_driver/install/ur_dashboard_msgs/lib/python3.8/site-packages/ur_dashboard_msgs/srv/__init__.py
[14.805s] -- Installing: /home/alvaro/workspace/ros_ur_driver/install/ur_dashboard_msgs/lib/python3.8/site-packages/ur_dashboard_msgs/action
[14.805s] -- Installing: /home/alvaro/workspace/ros_ur_driver/install/ur_dashboard_msgs/lib/python3.8/site-packages/ur_dashboard_msgs/action/_set_mode.py
[14.806s] -- Installing: /home/alvaro/workspace/ros_ur_driver/install/ur_dashboard_msgs/lib/python3.8/site-packages/ur_dashboard_msgs/action/_set_mode_s.c
[14.806s] -- Installing: /home/alvaro/workspace/ros_ur_driver/install/ur_dashboard_msgs/lib/python3.8/site-packages/ur_dashboard_msgs/action/__init__.py
[14.806s] -- Installing: /home/alvaro/workspace/ros_ur_driver/install/ur_dashboard_msgs/lib/python3.8/site-packages/ur_dashboard_msgs/ur_dashboard_msgs_s__rosidl_typesupport_fastrtps_c.cpython-38-x86_64-linux-gnu.so
[14.807s] -- Set runtime path of "/home/alvaro/workspace/ros_ur_driver/install/ur_dashboard_msgs/lib/python3.8/site-packages/ur_dashboard_msgs/ur_dashboard_msgs_s__rosidl_typesupport_fastrtps_c.cpython-38-x86_64-linux-gnu.so" to ""
[14.808s] -- Installing: /home/alvaro/workspace/ros_ur_driver/install/ur_dashboard_msgs/lib/python3.8/site-packages/ur_dashboard_msgs/ur_dashboard_msgs_s__rosidl_typesupport_introspection_c.cpython-38-x86_64-linux-gnu.so
[14.809s] -- Set runtime path of "/home/alvaro/workspace/ros_ur_driver/install/ur_dashboard_msgs/lib/python3.8/site-packages/ur_dashboard_msgs/ur_dashboard_msgs_s__rosidl_typesupport_introspection_c.cpython-38-x86_64-linux-gnu.so" to ""
[14.809s] -- Installing: /home/alvaro/workspace/ros_ur_driver/install/ur_dashboard_msgs/lib/python3.8/site-packages/ur_dashboard_msgs/ur_dashboard_msgs_s__rosidl_typesupport_c.cpython-38-x86_64-linux-gnu.so
[14.809s] -- Set runtime path of "/home/alvaro/workspace/ros_ur_driver/install/ur_dashboard_msgs/lib/python3.8/site-packages/ur_dashboard_msgs/ur_dashboard_msgs_s__rosidl_typesupport_c.cpython-38-x86_64-linux-gnu.so" to ""
[14.809s] -- Installing: /home/alvaro/workspace/ros_ur_driver/install/ur_dashboard_msgs/lib/libur_dashboard_msgs__python.so
[14.810s] -- Set runtime path of "/home/alvaro/workspace/ros_ur_driver/install/ur_dashboard_msgs/lib/libur_dashboard_msgs__python.so" to ""
[14.810s] -- Installing: /home/alvaro/workspace/ros_ur_driver/install/ur_dashboard_msgs/share/ur_dashboard_msgs/msg/ProgramState.idl
[14.810s] -- Installing: /home/alvaro/workspace/ros_ur_driver/install/ur_dashboard_msgs/share/ur_dashboard_msgs/msg/RobotMode.idl
[14.810s] -- Installing: /home/alvaro/workspace/ros_ur_driver/install/ur_dashboard_msgs/share/ur_dashboard_msgs/msg/SafetyMode.idl
[14.810s] -- Installing: /home/alvaro/workspace/ros_ur_driver/install/ur_dashboard_msgs/share/ur_dashboard_msgs/srv/AddToLog.idl
[14.810s] -- Installing: /home/alvaro/workspace/ros_ur_driver/install/ur_dashboard_msgs/share/ur_dashboard_msgs/srv/GetLoadedProgram.idl
[14.810s] -- Installing: /home/alvaro/workspace/ros_ur_driver/install/ur_dashboard_msgs/share/ur_dashboard_msgs/srv/GetProgramState.idl
[14.810s] -- Installing: /home/alvaro/workspace/ros_ur_driver/install/ur_dashboard_msgs/share/ur_dashboard_msgs/srv/GetRobotMode.idl
[14.810s] -- Installing: /home/alvaro/workspace/ros_ur_driver/install/ur_dashboard_msgs/share/ur_dashboard_msgs/srv/GetSafetyMode.idl
[14.811s] -- Installing: /home/alvaro/workspace/ros_ur_driver/install/ur_dashboard_msgs/share/ur_dashboard_msgs/srv/IsProgramRunning.idl
[14.811s] -- Installing: /home/alvaro/workspace/ros_ur_driver/install/ur_dashboard_msgs/share/ur_dashboard_msgs/srv/IsProgramSaved.idl
[14.811s] -- Installing: /home/alvaro/workspace/ros_ur_driver/install/ur_dashboard_msgs/share/ur_dashboard_msgs/srv/Load.idl
[14.811s] -- Installing: /home/alvaro/workspace/ros_ur_driver/install/ur_dashboard_msgs/share/ur_dashboard_msgs/srv/Popup.idl
[14.811s] -- Installing: /home/alvaro/workspace/ros_ur_driver/install/ur_dashboard_msgs/share/ur_dashboard_msgs/srv/RawRequest.idl
[14.811s] -- Installing: /home/alvaro/workspace/ros_ur_driver/install/ur_dashboard_msgs/share/ur_dashboard_msgs/action/SetMode.idl
[14.811s] -- Installing: /home/alvaro/workspace/ros_ur_driver/install/ur_dashboard_msgs/share/ur_dashboard_msgs/msg/ProgramState.msg
[14.811s] -- Installing: /home/alvaro/workspace/ros_ur_driver/install/ur_dashboard_msgs/share/ur_dashboard_msgs/msg/RobotMode.msg
[14.811s] -- Installing: /home/alvaro/workspace/ros_ur_driver/install/ur_dashboard_msgs/share/ur_dashboard_msgs/msg/SafetyMode.msg
[14.812s] -- Installing: /home/alvaro/workspace/ros_ur_driver/install/ur_dashboard_msgs/share/ur_dashboard_msgs/srv/AddToLog.srv
[14.812s] -- Installing: /home/alvaro/workspace/ros_ur_driver/install/ur_dashboard_msgs/share/ur_dashboard_msgs/srv/AddToLog_Request.msg
[14.812s] -- Installing: /home/alvaro/workspace/ros_ur_driver/install/ur_dashboard_msgs/share/ur_dashboard_msgs/srv/AddToLog_Response.msg
[14.812s] -- Installing: /home/alvaro/workspace/ros_ur_driver/install/ur_dashboard_msgs/share/ur_dashboard_msgs/srv/GetLoadedProgram.srv
[14.812s] -- Installing: /home/alvaro/workspace/ros_ur_driver/install/ur_dashboard_msgs/share/ur_dashboard_msgs/srv/GetLoadedProgram_Request.msg
[14.812s] -- Installing: /home/alvaro/workspace/ros_ur_driver/install/ur_dashboard_msgs/share/ur_dashboard_msgs/srv/GetLoadedProgram_Response.msg
[14.812s] -- Installing: /home/alvaro/workspace/ros_ur_driver/install/ur_dashboard_msgs/share/ur_dashboard_msgs/srv/GetProgramState.srv
[14.812s] -- Installing: /home/alvaro/workspace/ros_ur_driver/install/ur_dashboard_msgs/share/ur_dashboard_msgs/srv/GetProgramState_Request.msg
[14.812s] -- Installing: /home/alvaro/workspace/ros_ur_driver/install/ur_dashboard_msgs/share/ur_dashboard_msgs/srv/GetProgramState_Response.msg
[14.812s] -- Installing: /home/alvaro/workspace/ros_ur_driver/install/ur_dashboard_msgs/share/ur_dashboard_msgs/srv/GetRobotMode.srv
[14.813s] -- Installing: /home/alvaro/workspace/ros_ur_driver/install/ur_dashboard_msgs/share/ur_dashboard_msgs/srv/GetRobotMode_Request.msg
[14.813s] -- Installing: /home/alvaro/workspace/ros_ur_driver/install/ur_dashboard_msgs/share/ur_dashboard_msgs/srv/GetRobotMode_Response.msg
[14.813s] -- Installing: /home/alvaro/workspace/ros_ur_driver/install/ur_dashboard_msgs/share/ur_dashboard_msgs/srv/GetSafetyMode.srv
[14.813s] -- Installing: /home/alvaro/workspace/ros_ur_driver/install/ur_dashboard_msgs/share/ur_dashboard_msgs/srv/GetSafetyMode_Request.msg
[14.813s] -- Installing: /home/alvaro/workspace/ros_ur_driver/install/ur_dashboard_msgs/share/ur_dashboard_msgs/srv/GetSafetyMode_Response.msg
[14.813s] -- Installing: /home/alvaro/workspace/ros_ur_driver/install/ur_dashboard_msgs/share/ur_dashboard_msgs/srv/IsProgramRunning.srv
[14.813s] -- Installing: /home/alvaro/workspace/ros_ur_driver/install/ur_dashboard_msgs/share/ur_dashboard_msgs/srv/IsProgramRunning_Request.msg
[14.813s] -- Installing: /home/alvaro/workspace/ros_ur_driver/install/ur_dashboard_msgs/share/ur_dashboard_msgs/srv/IsProgramRunning_Response.msg
[14.813s] -- Installing: /home/alvaro/workspace/ros_ur_driver/install/ur_dashboard_msgs/share/ur_dashboard_msgs/srv/IsProgramSaved.srv
[14.813s] -- Installing: /home/alvaro/workspace/ros_ur_driver/install/ur_dashboard_msgs/share/ur_dashboard_msgs/srv/IsProgramSaved_Request.msg
[14.814s] -- Installing: /home/alvaro/workspace/ros_ur_driver/install/ur_dashboard_msgs/share/ur_dashboard_msgs/srv/IsProgramSaved_Response.msg
[14.814s] -- Installing: /home/alvaro/workspace/ros_ur_driver/install/ur_dashboard_msgs/share/ur_dashboard_msgs/srv/Load.srv
[14.814s] -- Installing: /home/alvaro/workspace/ros_ur_driver/install/ur_dashboard_msgs/share/ur_dashboard_msgs/srv/Load_Request.msg
[14.814s] -- Installing: /home/alvaro/workspace/ros_ur_driver/install/ur_dashboard_msgs/share/ur_dashboard_msgs/srv/Load_Response.msg
[14.814s] -- Installing: /home/alvaro/workspace/ros_ur_driver/install/ur_dashboard_msgs/share/ur_dashboard_msgs/srv/Popup.srv
[14.814s] -- Installing: /home/alvaro/workspace/ros_ur_driver/install/ur_dashboard_msgs/share/ur_dashboard_msgs/srv/Popup_Request.msg
[14.814s] -- Installing: /home/alvaro/workspace/ros_ur_driver/install/ur_dashboard_msgs/share/ur_dashboard_msgs/srv/Popup_Response.msg
[14.814s] -- Installing: /home/alvaro/workspace/ros_ur_driver/install/ur_dashboard_msgs/share/ur_dashboard_msgs/srv/RawRequest.srv
[14.814s] -- Installing: /home/alvaro/workspace/ros_ur_driver/install/ur_dashboard_msgs/share/ur_dashboard_msgs/srv/RawRequest_Request.msg
[14.815s] -- Installing: /home/alvaro/workspace/ros_ur_driver/install/ur_dashboard_msgs/share/ur_dashboard_msgs/srv/RawRequest_Response.msg
[14.815s] -- Installing: /home/alvaro/workspace/ros_ur_driver/install/ur_dashboard_msgs/share/ur_dashboard_msgs/action/SetMode.action
[14.815s] -- Installing: /home/alvaro/workspace/ros_ur_driver/install/ur_dashboard_msgs/share/ament_index/resource_index/package_run_dependencies/ur_dashboard_msgs
[14.815s] -- Installing: /home/alvaro/workspace/ros_ur_driver/install/ur_dashboard_msgs/share/ament_index/resource_index/parent_prefix_path/ur_dashboard_msgs
[14.815s] -- Installing: /home/alvaro/workspace/ros_ur_driver/install/ur_dashboard_msgs/share/ur_dashboard_msgs/environment/ament_prefix_path.sh
[14.815s] -- Installing: /home/alvaro/workspace/ros_ur_driver/install/ur_dashboard_msgs/share/ur_dashboard_msgs/environment/ament_prefix_path.dsv
[14.815s] -- Installing: /home/alvaro/workspace/ros_ur_driver/install/ur_dashboard_msgs/share/ur_dashboard_msgs/environment/path.sh
[14.815s] -- Installing: /home/alvaro/workspace/ros_ur_driver/install/ur_dashboard_msgs/share/ur_dashboard_msgs/environment/path.dsv
[14.815s] -- Installing: /home/alvaro/workspace/ros_ur_driver/install/ur_dashboard_msgs/share/ur_dashboard_msgs/local_setup.bash
[14.816s] -- Installing: /home/alvaro/workspace/ros_ur_driver/install/ur_dashboard_msgs/share/ur_dashboard_msgs/local_setup.sh
[14.816s] -- Installing: /home/alvaro/workspace/ros_ur_driver/install/ur_dashboard_msgs/share/ur_dashboard_msgs/local_setup.zsh
[14.816s] -- Installing: /home/alvaro/workspace/ros_ur_driver/install/ur_dashboard_msgs/share/ur_dashboard_msgs/local_setup.dsv
[14.816s] -- Installing: /home/alvaro/workspace/ros_ur_driver/install/ur_dashboard_msgs/share/ur_dashboard_msgs/package.dsv
[14.816s] -- Installing: /home/alvaro/workspace/ros_ur_driver/install/ur_dashboard_msgs/share/ament_index/resource_index/packages/ur_dashboard_msgs
[14.816s] -- Installing: /home/alvaro/workspace/ros_ur_driver/install/ur_dashboard_msgs/share/ur_dashboard_msgs/cmake/ur_dashboard_msgs__rosidl_generator_cExport.cmake
[14.816s] -- Installing: /home/alvaro/workspace/ros_ur_driver/install/ur_dashboard_msgs/share/ur_dashboard_msgs/cmake/ur_dashboard_msgs__rosidl_generator_cExport-release.cmake
[14.817s] -- Installing: /home/alvaro/workspace/ros_ur_driver/install/ur_dashboard_msgs/share/ur_dashboard_msgs/cmake/ur_dashboard_msgs__rosidl_typesupport_introspection_cExport.cmake
[14.817s] -- Installing: /home/alvaro/workspace/ros_ur_driver/install/ur_dashboard_msgs/share/ur_dashboard_msgs/cmake/ur_dashboard_msgs__rosidl_typesupport_introspection_cExport-release.cmake
[14.817s] -- Installing: /home/alvaro/workspace/ros_ur_driver/install/ur_dashboard_msgs/share/ur_dashboard_msgs/cmake/ur_dashboard_msgs__rosidl_typesupport_cExport.cmake
[14.817s] -- Installing: /home/alvaro/workspace/ros_ur_driver/install/ur_dashboard_msgs/share/ur_dashboard_msgs/cmake/ur_dashboard_msgs__rosidl_typesupport_cExport-release.cmake
[14.817s] -- Installing: /home/alvaro/workspace/ros_ur_driver/install/ur_dashboard_msgs/share/ur_dashboard_msgs/cmake/ur_dashboard_msgs__rosidl_generator_cppExport.cmake
[14.817s] -- Installing: /home/alvaro/workspace/ros_ur_driver/install/ur_dashboard_msgs/share/ur_dashboard_msgs/cmake/ur_dashboard_msgs__rosidl_typesupport_introspection_cppExport.cmake
[14.818s] -- Installing: /home/alvaro/workspace/ros_ur_driver/install/ur_dashboard_msgs/share/ur_dashboard_msgs/cmake/ur_dashboard_msgs__rosidl_typesupport_introspection_cppExport-release.cmake
[14.818s] -- Installing: /home/alvaro/workspace/ros_ur_driver/install/ur_dashboard_msgs/share/ur_dashboard_msgs/cmake/ur_dashboard_msgs__rosidl_typesupport_cppExport.cmake
[14.818s] -- Installing: /home/alvaro/workspace/ros_ur_driver/install/ur_dashboard_msgs/share/ur_dashboard_msgs/cmake/ur_dashboard_msgs__rosidl_typesupport_cppExport-release.cmake
[14.818s] -- Installing: /home/alvaro/workspace/ros_ur_driver/install/ur_dashboard_msgs/share/ur_dashboard_msgs/cmake/rosidl_cmake-extras.cmake
[14.818s] -- Installing: /home/alvaro/workspace/ros_ur_driver/install/ur_dashboard_msgs/share/ur_dashboard_msgs/cmake/ament_cmake_export_dependencies-extras.cmake
[14.818s] -- Installing: /home/alvaro/workspace/ros_ur_driver/install/ur_dashboard_msgs/share/ur_dashboard_msgs/cmake/ament_cmake_export_libraries-extras.cmake
[14.818s] -- Installing: /home/alvaro/workspace/ros_ur_driver/install/ur_dashboard_msgs/share/ur_dashboard_msgs/cmake/ament_cmake_export_targets-extras.cmake
[14.819s] -- Installing: /home/alvaro/workspace/ros_ur_driver/install/ur_dashboard_msgs/share/ur_dashboard_msgs/cmake/ament_cmake_export_include_directories-extras.cmake
[14.819s] -- Installing: /home/alvaro/workspace/ros_ur_driver/install/ur_dashboard_msgs/share/ur_dashboard_msgs/cmake/rosidl_cmake_export_typesupport_libraries-extras.cmake
[14.819s] -- Installing: /home/alvaro/workspace/ros_ur_driver/install/ur_dashboard_msgs/share/ur_dashboard_msgs/cmake/rosidl_cmake_export_typesupport_targets-extras.cmake
[14.819s] -- Installing: /home/alvaro/workspace/ros_ur_driver/install/ur_dashboard_msgs/share/ur_dashboard_msgs/cmake/ur_dashboard_msgsConfig.cmake
[14.819s] -- Installing: /home/alvaro/workspace/ros_ur_driver/install/ur_dashboard_msgs/share/ur_dashboard_msgs/cmake/ur_dashboard_msgsConfig-version.cmake
[14.819s] -- Installing: /home/alvaro/workspace/ros_ur_driver/install/ur_dashboard_msgs/share/ur_dashboard_msgs/package.xml
[14.822s] Invoked command in '/home/alvaro/workspace/ros_ur_driver/build/ur_dashboard_msgs' returned '0': CMAKE_PREFIX_PATH=${CMAKE_PREFIX_PATH}:/home/alvaro/workspace/ros_ur_driver/install/ros2_control_test_nodes:/home/alvaro/dev_ws/install/ros2test:/opt/ros/foxy /usr/bin/cmake --install /home/alvaro/workspace/ros_ur_driver/build/ur_dashboard_msgs
