[0.100s] Invoking command in '/home/adela/workspace/ros_ur_driver/build/ur_bringup': CMAKE_PREFIX_PATH=/home/adela/workspace/ros_ur_driver/install/ur_controllers:/home/adela/workspace/ros_ur_driver/install/ur_description:/home/adela/workspace/ros_ur_driver/install/ur_dashboard_msgs:/home/adela/workspace/ros_ur_driver/install/ur:/home/adela/workspace/ros_ur_driver/install/ur_calibration:/home/adela/workspace/ros_ur_driver/install/ur_robot_driver:/home/adela/workspace/ros_ur_driver/install/ur_moveit_config:/home/adela/workspace/ros_ur_driver/install/ur_bringup:/opt/ros/humble LD_LIBRARY_PATH=/home/adela/workspace/ros_ur_driver/install/ur_controllers/lib:/home/adela/workspace/ros_ur_driver/install/ur_dashboard_msgs/lib:/home/adela/workspace/ros_ur_driver/install/ur_robot_driver/lib:/opt/ros/humble/opt/rviz_ogre_vendor/lib:/opt/ros/humble/lib/x86_64-linux-gnu:/opt/ros/humble/lib /usr/bin/cmake --build /home/adela/workspace/ros_ur_driver/build/ur_bringup -- -j2 -l2
[0.153s] Invoked command in '/home/adela/workspace/ros_ur_driver/build/ur_bringup' returned '0': CMAKE_PREFIX_PATH=/home/adela/workspace/ros_ur_driver/install/ur_controllers:/home/adela/workspace/ros_ur_driver/install/ur_description:/home/adela/workspace/ros_ur_driver/install/ur_dashboard_msgs:/home/adela/workspace/ros_ur_driver/install/ur:/home/adela/workspace/ros_ur_driver/install/ur_calibration:/home/adela/workspace/ros_ur_driver/install/ur_robot_driver:/home/adela/workspace/ros_ur_driver/install/ur_moveit_config:/home/adela/workspace/ros_ur_driver/install/ur_bringup:/opt/ros/humble LD_LIBRARY_PATH=/home/adela/workspace/ros_ur_driver/install/ur_controllers/lib:/home/adela/workspace/ros_ur_driver/install/ur_dashboard_msgs/lib:/home/adela/workspace/ros_ur_driver/install/ur_robot_driver/lib:/opt/ros/humble/opt/rviz_ogre_vendor/lib:/opt/ros/humble/lib/x86_64-linux-gnu:/opt/ros/humble/lib /usr/bin/cmake --build /home/adela/workspace/ros_ur_driver/build/ur_bringup -- -j2 -l2
[0.182s] Invoking command in '/home/adela/workspace/ros_ur_driver/build/ur_bringup': CMAKE_PREFIX_PATH=/home/adela/workspace/ros_ur_driver/install/ur_controllers:/home/adela/workspace/ros_ur_driver/install/ur_description:/home/adela/workspace/ros_ur_driver/install/ur_dashboard_msgs:/home/adela/workspace/ros_ur_driver/install/ur:/home/adela/workspace/ros_ur_driver/install/ur_calibration:/home/adela/workspace/ros_ur_driver/install/ur_robot_driver:/home/adela/workspace/ros_ur_driver/install/ur_moveit_config:/home/adela/workspace/ros_ur_driver/install/ur_bringup:/opt/ros/humble LD_LIBRARY_PATH=/home/adela/workspace/ros_ur_driver/install/ur_controllers/lib:/home/adela/workspace/ros_ur_driver/install/ur_dashboard_msgs/lib:/home/adela/workspace/ros_ur_driver/install/ur_robot_driver/lib:/opt/ros/humble/opt/rviz_ogre_vendor/lib:/opt/ros/humble/lib/x86_64-linux-gnu:/opt/ros/humble/lib /usr/bin/cmake --install /home/adela/workspace/ros_ur_driver/build/ur_bringup
[0.199s] -- Install configuration: ""
[0.199s] -- Up-to-date: /home/adela/workspace/ros_ur_driver/install/ur_bringup/share/ur_bringup/config
[0.199s] -- Up-to-date: /home/adela/workspace/ros_ur_driver/install/ur_bringup/share/ur_bringup/config/ur3e_update_rate.yaml
[0.199s] -- Up-to-date: /home/adela/workspace/ros_ur_driver/install/ur_bringup/share/ur_bringup/config/ur10e_update_rate.yaml
[0.199s] -- Up-to-date: /home/adela/workspace/ros_ur_driver/install/ur_bringup/share/ur_bringup/config/points.csv
[0.200s] -- Up-to-date: /home/adela/workspace/ros_ur_driver/install/ur_bringup/share/ur_bringup/config/ur3_update_rate.yaml
[0.200s] -- Up-to-date: /home/adela/workspace/ros_ur_driver/install/ur_bringup/share/ur_bringup/config/test_velocity_goal_publishers_config.yaml
[0.200s] -- Up-to-date: /home/adela/workspace/ros_ur_driver/install/ur_bringup/share/ur_bringup/config/ur16e_update_rate.yaml
[0.200s] -- Up-to-date: /home/adela/workspace/ros_ur_driver/install/ur_bringup/share/ur_bringup/config/ur_controllers.yaml
[0.200s] -- Up-to-date: /home/adela/workspace/ros_ur_driver/install/ur_bringup/share/ur_bringup/config/test_goal_publishers_config.yaml
[0.200s] -- Up-to-date: /home/adela/workspace/ros_ur_driver/install/ur_bringup/share/ur_bringup/config/ur5_update_rate.yaml
[0.201s] -- Up-to-date: /home/adela/workspace/ros_ur_driver/install/ur_bringup/share/ur_bringup/config/ur5e_update_rate.yaml
[0.201s] -- Up-to-date: /home/adela/workspace/ros_ur_driver/install/ur_bringup/share/ur_bringup/config/ur10_update_rate.yaml
[0.201s] -- Up-to-date: /home/adela/workspace/ros_ur_driver/install/ur_bringup/share/ur_bringup/launch
[0.201s] -- Up-to-date: /home/adela/workspace/ros_ur_driver/install/ur_bringup/share/ur_bringup/launch/prueba502.py
[0.201s] -- Up-to-date: /home/adela/workspace/ros_ur_driver/install/ur_bringup/share/ur_bringup/launch/test_joint_trajectory_controller.launch.py
[0.201s] -- Up-to-date: /home/adela/workspace/ros_ur_driver/install/ur_bringup/share/ur_bringup/launch/ur10.launch.py
[0.201s] -- Up-to-date: /home/adela/workspace/ros_ur_driver/install/ur_bringup/share/ur_bringup/launch/ur16e.launch.py
[0.201s] -- Up-to-date: /home/adela/workspace/ros_ur_driver/install/ur_bringup/share/ur_bringup/launch/ur_control.launch.py
[0.202s] -- Up-to-date: /home/adela/workspace/ros_ur_driver/install/ur_bringup/share/ur_bringup/launch/test_forward_velocity_controller.launch.py
[0.202s] -- Up-to-date: /home/adela/workspace/ros_ur_driver/install/ur_bringup/share/ur_bringup/launch/lanzar_robot.launch.py
[0.202s] -- Up-to-date: /home/adela/workspace/ros_ur_driver/install/ur_bringup/share/ur_bringup/launch/ur_dashboard_client.launch.py
[0.202s] -- Up-to-date: /home/adela/workspace/ros_ur_driver/install/ur_bringup/share/ur_bringup/launch/ur3e.launch.py
[0.202s] -- Up-to-date: /home/adela/workspace/ros_ur_driver/install/ur_bringup/share/ur_bringup/launch/lectura_transformada_envio.py
[0.202s] -- Up-to-date: /home/adela/workspace/ros_ur_driver/install/ur_bringup/share/ur_bringup/launch/ur10e.launch.py
[0.202s] -- Up-to-date: /home/adela/workspace/ros_ur_driver/install/ur_bringup/share/ur_bringup/launch/ur5.launch.py
[0.202s] -- Up-to-date: /home/adela/workspace/ros_ur_driver/install/ur_bringup/share/ur_bringup/launch/ur3.launch.py
[0.202s] -- Up-to-date: /home/adela/workspace/ros_ur_driver/install/ur_bringup/share/ur_bringup/launch/test_trayectoria.launch.py
[0.202s] -- Up-to-date: /home/adela/workspace/ros_ur_driver/install/ur_bringup/share/ur_bringup/launch/lanzar_simulacion.launch.py
[0.203s] -- Up-to-date: /home/adela/workspace/ros_ur_driver/install/ur_bringup/share/ur_bringup/launch/ur5e.launch.py
[0.203s] -- Up-to-date: /home/adela/workspace/ros_ur_driver/install/ur_bringup/share/ur_bringup/launch/lanzar_trayectoria.launch.py
[0.203s] -- Up-to-date: /home/adela/workspace/ros_ur_driver/install/ur_bringup/share/ur_bringup/launch/lectura_transformada.py
[0.203s] -- Up-to-date: /home/adela/workspace/ros_ur_driver/install/ur_bringup/share/ur_bringup/launch/test_scaled_joint_trajectory_controller.launch.py
[0.203s] -- Up-to-date: /home/adela/workspace/ros_ur_driver/install/ur_bringup/lib/ur_bringup/start_ursim.sh
[0.203s] -- Up-to-date: /home/adela/workspace/ros_ur_driver/install/ur_bringup/share/ament_index/resource_index/package_run_dependencies/ur_bringup
[0.204s] -- Up-to-date: /home/adela/workspace/ros_ur_driver/install/ur_bringup/share/ament_index/resource_index/parent_prefix_path/ur_bringup
[0.204s] -- Up-to-date: /home/adela/workspace/ros_ur_driver/install/ur_bringup/share/ur_bringup/environment/ament_prefix_path.sh
[0.204s] -- Up-to-date: /home/adela/workspace/ros_ur_driver/install/ur_bringup/share/ur_bringup/environment/ament_prefix_path.dsv
[0.204s] -- Up-to-date: /home/adela/workspace/ros_ur_driver/install/ur_bringup/share/ur_bringup/environment/path.sh
[0.204s] -- Up-to-date: /home/adela/workspace/ros_ur_driver/install/ur_bringup/share/ur_bringup/environment/path.dsv
[0.205s] -- Up-to-date: /home/adela/workspace/ros_ur_driver/install/ur_bringup/share/ur_bringup/local_setup.bash
[0.205s] -- Up-to-date: /home/adela/workspace/ros_ur_driver/install/ur_bringup/share/ur_bringup/local_setup.sh
[0.205s] -- Up-to-date: /home/adela/workspace/ros_ur_driver/install/ur_bringup/share/ur_bringup/local_setup.zsh
[0.207s] -- Up-to-date: /home/adela/workspace/ros_ur_driver/install/ur_bringup/share/ur_bringup/local_setup.dsv
[0.207s] -- Up-to-date: /home/adela/workspace/ros_ur_driver/install/ur_bringup/share/ur_bringup/package.dsv
[0.207s] -- Up-to-date: /home/adela/workspace/ros_ur_driver/install/ur_bringup/share/ament_index/resource_index/packages/ur_bringup
[0.207s] -- Up-to-date: /home/adela/workspace/ros_ur_driver/install/ur_bringup/share/ur_bringup/cmake/ur_bringupConfig.cmake
[0.207s] -- Up-to-date: /home/adela/workspace/ros_ur_driver/install/ur_bringup/share/ur_bringup/cmake/ur_bringupConfig-version.cmake
[0.208s] -- Up-to-date: /home/adela/workspace/ros_ur_driver/install/ur_bringup/share/ur_bringup/package.xml
[0.209s] Invoked command in '/home/adela/workspace/ros_ur_driver/build/ur_bringup' returned '0': CMAKE_PREFIX_PATH=/home/adela/workspace/ros_ur_driver/install/ur_controllers:/home/adela/workspace/ros_ur_driver/install/ur_description:/home/adela/workspace/ros_ur_driver/install/ur_dashboard_msgs:/home/adela/workspace/ros_ur_driver/install/ur:/home/adela/workspace/ros_ur_driver/install/ur_calibration:/home/adela/workspace/ros_ur_driver/install/ur_robot_driver:/home/adela/workspace/ros_ur_driver/install/ur_moveit_config:/home/adela/workspace/ros_ur_driver/install/ur_bringup:/opt/ros/humble LD_LIBRARY_PATH=/home/adela/workspace/ros_ur_driver/install/ur_controllers/lib:/home/adela/workspace/ros_ur_driver/install/ur_dashboard_msgs/lib:/home/adela/workspace/ros_ur_driver/install/ur_robot_driver/lib:/opt/ros/humble/opt/rviz_ogre_vendor/lib:/opt/ros/humble/lib/x86_64-linux-gnu:/opt/ros/humble/lib /usr/bin/cmake --install /home/adela/workspace/ros_ur_driver/build/ur_bringup
