[0.114s] Invoking command in '/home/adela/workspace/ros_ur_driver/build/ur_calibration': CMAKE_PREFIX_PATH=/home/adela/workspace/ros_ur_driver/install/ur_robot_driver:/home/adela/workspace/ros_ur_driver/install/ur_controllers:/home/adela/workspace/ros_ur_driver/install/ur_description:/home/adela/workspace/ros_ur_driver/install/ur_dashboard_msgs:/home/adela/workspace/ros_ur_driver/install/ur:/home/adela/workspace/ros_ur_driver/install/ur_calibration:/home/adela/workspace/ros_ur_driver/install/ur_moveit_config:/home/adela/workspace/ros_ur_driver/install/ur_bringup:/opt/ros/humble /usr/bin/cmake /home/adela/workspace/ros_ur_driver/src/Universal_Robots_ROS2_Driver/ur_calibration -DCMAKE_BUILD_TYPE=Release -DCMAKE_INSTALL_PREFIX=/home/adela/workspace/ros_ur_driver/install/ur_calibration
[0.129s] -- Found ament_cmake: 1.3.5 (/opt/ros/humble/share/ament_cmake/cmake)
[0.319s] -- Found rclcpp: 16.0.6 (/opt/ros/humble/share/rclcpp/cmake)
[0.353s] -- Found rosidl_generator_c: 3.1.5 (/opt/ros/humble/share/rosidl_generator_c/cmake)
[0.356s] -- Found rosidl_adapter: 3.1.5 (/opt/ros/humble/share/rosidl_adapter/cmake)
[0.363s] -- Found rosidl_generator_cpp: 3.1.5 (/opt/ros/humble/share/rosidl_generator_cpp/cmake)
[0.383s] -- Using all available rosidl_typesupport_c: rosidl_typesupport_fastrtps_c;rosidl_typesupport_introspection_c
[0.404s] -- Using all available rosidl_typesupport_cpp: rosidl_typesupport_fastrtps_cpp;rosidl_typesupport_introspection_cpp
[0.477s] -- Found rmw_implementation_cmake: 6.1.1 (/opt/ros/humble/share/rmw_implementation_cmake/cmake)
[0.479s] -- Found rmw_fastrtps_cpp: 6.2.4 (/opt/ros/humble/share/rmw_fastrtps_cpp/cmake)
[0.632s] -- Using RMW implementation 'rmw_fastrtps_cpp' as default
[0.848s] -- Found ur_robot_driver: 2.2.9 (/home/adela/workspace/ros_ur_driver/install/ur_robot_driver/share/ur_robot_driver/cmake)
[3.370s] -- Found eigen3_cmake_module: 0.1.1 (/opt/ros/humble/share/eigen3_cmake_module/cmake)
[3.371s] -- Ensuring Eigen3 include directory is part of orocos-kdl CMake target
[6.410s] -- Found ament_cmake_gmock: 1.3.5 (/opt/ros/humble/share/ament_cmake_gmock/cmake)
[6.411s] -- Found gmock sources under '/opt/ros/humble/src/gmock_vendor': C++ tests using 'Google Mock' will be built
[6.413s] -- Found ament_cmake_gtest: 1.3.5 (/opt/ros/humble/share/ament_cmake_gtest/cmake)
[6.414s] -- Found gtest sources under '/opt/ros/humble/src/gtest_vendor': C++ tests using 'Google Test' will be built
[6.503s] -- Configuring done
[6.605s] -- Generating done
[6.609s] -- Build files have been written to: /home/adela/workspace/ros_ur_driver/build/ur_calibration
[6.624s] Invoked command in '/home/adela/workspace/ros_ur_driver/build/ur_calibration' returned '0': CMAKE_PREFIX_PATH=/home/adela/workspace/ros_ur_driver/install/ur_robot_driver:/home/adela/workspace/ros_ur_driver/install/ur_controllers:/home/adela/workspace/ros_ur_driver/install/ur_description:/home/adela/workspace/ros_ur_driver/install/ur_dashboard_msgs:/home/adela/workspace/ros_ur_driver/install/ur:/home/adela/workspace/ros_ur_driver/install/ur_calibration:/home/adela/workspace/ros_ur_driver/install/ur_moveit_config:/home/adela/workspace/ros_ur_driver/install/ur_bringup:/opt/ros/humble /usr/bin/cmake /home/adela/workspace/ros_ur_driver/src/Universal_Robots_ROS2_Driver/ur_calibration -DCMAKE_BUILD_TYPE=Release -DCMAKE_INSTALL_PREFIX=/home/adela/workspace/ros_ur_driver/install/ur_calibration
[6.624s] Invoking command in '/home/adela/workspace/ros_ur_driver/build/ur_calibration': CMAKE_PREFIX_PATH=/home/adela/workspace/ros_ur_driver/install/ur_robot_driver:/home/adela/workspace/ros_ur_driver/install/ur_controllers:/home/adela/workspace/ros_ur_driver/install/ur_description:/home/adela/workspace/ros_ur_driver/install/ur_dashboard_msgs:/home/adela/workspace/ros_ur_driver/install/ur:/home/adela/workspace/ros_ur_driver/install/ur_calibration:/home/adela/workspace/ros_ur_driver/install/ur_moveit_config:/home/adela/workspace/ros_ur_driver/install/ur_bringup:/opt/ros/humble /usr/bin/cmake --build /home/adela/workspace/ros_ur_driver/build/ur_calibration -- -j2 -l2
[6.679s] [35m[1mConsolidate compiler generated dependencies of target gmock_main[0m
[6.685s] [35m[1mConsolidate compiler generated dependencies of target calibration[0m
[6.696s] [  8%] [32mBuilding CXX object gmock/CMakeFiles/gmock_main.dir/src/gmock_main.cc.o[0m
[6.723s] [ 16%] [32mBuilding CXX object CMakeFiles/calibration.dir/src/calibration.cpp.o[0m
[8.890s] [ 25%] [32m[1mLinking CXX static library libgmock_main.a[0m
[8.999s] [ 25%] Built target gmock_main
[9.014s] [35m[1mConsolidate compiler generated dependencies of target gmock[0m
[9.038s] [ 33%] [32mBuilding CXX object gmock/CMakeFiles/gmock.dir/opt/ros/humble/src/gtest_vendor/src/gtest-all.cc.o[0m
[18.634s] [ 41%] [32mBuilding CXX object CMakeFiles/calibration.dir/src/calibration_consumer.cpp.o[0m
[22.850s] [ 50%] [32mBuilding CXX object gmock/CMakeFiles/gmock.dir/src/gmock-all.cc.o[0m
[27.206s] [ 58%] [32m[1mLinking CXX static library libcalibration.a[0m
[27.277s] [ 58%] Built target calibration
[27.293s] [35m[1mConsolidate compiler generated dependencies of target calibration_correction[0m
[27.341s] [ 66%] [32mBuilding CXX object CMakeFiles/calibration_correction.dir/src/calibration_correction.cpp.o[0m
[28.184s] [ 75%] [32m[1mLinking CXX static library libgmock.a[0m
[28.256s] [ 75%] Built target gmock
[28.272s] [35m[1mConsolidate compiler generated dependencies of target calibration_test[0m
[28.302s] [ 83%] [32mBuilding CXX object CMakeFiles/calibration_test.dir/test/calibration_test.cpp.o[0m
[36.512s] [ 91%] [32m[1mLinking CXX executable calibration_correction[0m
[36.872s] [ 91%] Built target calibration_correction
[37.416s] [100%] [32m[1mLinking CXX executable calibration_test[0m
[37.690s] [100%] Built target calibration_test
[37.715s] Invoked command in '/home/adela/workspace/ros_ur_driver/build/ur_calibration' returned '0': CMAKE_PREFIX_PATH=/home/adela/workspace/ros_ur_driver/install/ur_robot_driver:/home/adela/workspace/ros_ur_driver/install/ur_controllers:/home/adela/workspace/ros_ur_driver/install/ur_description:/home/adela/workspace/ros_ur_driver/install/ur_dashboard_msgs:/home/adela/workspace/ros_ur_driver/install/ur:/home/adela/workspace/ros_ur_driver/install/ur_calibration:/home/adela/workspace/ros_ur_driver/install/ur_moveit_config:/home/adela/workspace/ros_ur_driver/install/ur_bringup:/opt/ros/humble /usr/bin/cmake --build /home/adela/workspace/ros_ur_driver/build/ur_calibration -- -j2 -l2
[37.764s] Invoking command in '/home/adela/workspace/ros_ur_driver/build/ur_calibration': CMAKE_PREFIX_PATH=/home/adela/workspace/ros_ur_driver/install/ur_robot_driver:/home/adela/workspace/ros_ur_driver/install/ur_controllers:/home/adela/workspace/ros_ur_driver/install/ur_description:/home/adela/workspace/ros_ur_driver/install/ur_dashboard_msgs:/home/adela/workspace/ros_ur_driver/install/ur:/home/adela/workspace/ros_ur_driver/install/ur_calibration:/home/adela/workspace/ros_ur_driver/install/ur_moveit_config:/home/adela/workspace/ros_ur_driver/install/ur_bringup:/opt/ros/humble /usr/bin/cmake --install /home/adela/workspace/ros_ur_driver/build/ur_calibration
[37.773s] -- Install configuration: "Release"
[37.773s] -- Installing: /home/adela/workspace/ros_ur_driver/install/ur_calibration/lib/ur_calibration/calibration_correction
[37.776s] -- Set runtime path of "/home/adela/workspace/ros_ur_driver/install/ur_calibration/lib/ur_calibration/calibration_correction" to ""
[37.776s] -- Up-to-date: /home/adela/workspace/ros_ur_driver/install/ur_calibration/include
[37.776s] -- Up-to-date: /home/adela/workspace/ros_ur_driver/install/ur_calibration/include/ur_calibration
[37.776s] -- Up-to-date: /home/adela/workspace/ros_ur_driver/install/ur_calibration/include/ur_calibration/calibration_consumer.hpp
[37.776s] -- Up-to-date: /home/adela/workspace/ros_ur_driver/install/ur_calibration/include/ur_calibration/calibration.hpp
[37.776s] -- Up-to-date: /home/adela/workspace/ros_ur_driver/install/ur_calibration/share/ur_calibration/launch
[37.777s] -- Up-to-date: /home/adela/workspace/ros_ur_driver/install/ur_calibration/share/ur_calibration/launch/calibration_correction.launch.py
[37.777s] -- Up-to-date: /home/adela/workspace/ros_ur_driver/install/ur_calibration/share/ament_index/resource_index/package_run_dependencies/ur_calibration
[37.777s] -- Up-to-date: /home/adela/workspace/ros_ur_driver/install/ur_calibration/share/ament_index/resource_index/parent_prefix_path/ur_calibration
[37.777s] -- Up-to-date: /home/adela/workspace/ros_ur_driver/install/ur_calibration/share/ur_calibration/environment/ament_prefix_path.sh
[37.777s] -- Installing: /home/adela/workspace/ros_ur_driver/install/ur_calibration/share/ur_calibration/environment/ament_prefix_path.dsv
[37.778s] -- Up-to-date: /home/adela/workspace/ros_ur_driver/install/ur_calibration/share/ur_calibration/environment/path.sh
[37.778s] -- Installing: /home/adela/workspace/ros_ur_driver/install/ur_calibration/share/ur_calibration/environment/path.dsv
[37.779s] -- Up-to-date: /home/adela/workspace/ros_ur_driver/install/ur_calibration/share/ur_calibration/local_setup.bash
[37.779s] -- Up-to-date: /home/adela/workspace/ros_ur_driver/install/ur_calibration/share/ur_calibration/local_setup.sh
[37.779s] -- Up-to-date: /home/adela/workspace/ros_ur_driver/install/ur_calibration/share/ur_calibration/local_setup.zsh
[37.779s] -- Installing: /home/adela/workspace/ros_ur_driver/install/ur_calibration/share/ur_calibration/local_setup.dsv
[37.780s] -- Installing: /home/adela/workspace/ros_ur_driver/install/ur_calibration/share/ur_calibration/package.dsv
[37.780s] -- Up-to-date: /home/adela/workspace/ros_ur_driver/install/ur_calibration/share/ament_index/resource_index/packages/ur_calibration
[37.780s] -- Up-to-date: /home/adela/workspace/ros_ur_driver/install/ur_calibration/share/ur_calibration/cmake/ament_cmake_export_include_directories-extras.cmake
[37.780s] -- Up-to-date: /home/adela/workspace/ros_ur_driver/install/ur_calibration/share/ur_calibration/cmake/ament_cmake_export_dependencies-extras.cmake
[37.781s] -- Up-to-date: /home/adela/workspace/ros_ur_driver/install/ur_calibration/share/ur_calibration/cmake/ur_calibrationConfig.cmake
[37.781s] -- Up-to-date: /home/adela/workspace/ros_ur_driver/install/ur_calibration/share/ur_calibration/cmake/ur_calibrationConfig-version.cmake
[37.781s] -- Up-to-date: /home/adela/workspace/ros_ur_driver/install/ur_calibration/share/ur_calibration/package.xml
[37.784s] Invoked command in '/home/adela/workspace/ros_ur_driver/build/ur_calibration' returned '0': CMAKE_PREFIX_PATH=/home/adela/workspace/ros_ur_driver/install/ur_robot_driver:/home/adela/workspace/ros_ur_driver/install/ur_controllers:/home/adela/workspace/ros_ur_driver/install/ur_description:/home/adela/workspace/ros_ur_driver/install/ur_dashboard_msgs:/home/adela/workspace/ros_ur_driver/install/ur:/home/adela/workspace/ros_ur_driver/install/ur_calibration:/home/adela/workspace/ros_ur_driver/install/ur_moveit_config:/home/adela/workspace/ros_ur_driver/install/ur_bringup:/opt/ros/humble /usr/bin/cmake --install /home/adela/workspace/ros_ur_driver/build/ur_calibration
