[0.280s] Invoking command in '/home/adela/workspace/ros_ur_driver/build/ur_robot_driver': CMAKE_PREFIX_PATH=/home/adela/workspace/ros_ur_driver/install/ur_controllers:/home/adela/workspace/ros_ur_driver/install/ur_description:/home/adela/workspace/ros_ur_driver/install/ur_dashboard_msgs:/home/adela/workspace/ros_ur_driver/install/ur:/home/adela/workspace/ros_ur_driver/install/ur_calibration:/home/adela/workspace/ros_ur_driver/install/ur_robot_driver:/home/adela/workspace/ros_ur_driver/install/ur_moveit_config:/home/adela/workspace/ros_ur_driver/install/ur_bringup:/opt/ros/humble LD_LIBRARY_PATH=/home/adela/workspace/ros_ur_driver/install/ur_controllers/lib:/home/adela/workspace/ros_ur_driver/install/ur_dashboard_msgs/lib:/home/adela/workspace/ros_ur_driver/install/ur_robot_driver/lib:/opt/ros/humble/opt/rviz_ogre_vendor/lib:/opt/ros/humble/lib/x86_64-linux-gnu:/opt/ros/humble/lib /usr/bin/cmake /home/adela/workspace/ros_ur_driver/src/Universal_Robots_ROS2_Driver/ur_robot_driver -DCMAKE_INSTALL_PREFIX=/home/adela/workspace/ros_ur_driver/install/ur_robot_driver
[0.384s] -- The C compiler identification is GNU 11.4.0
[0.469s] -- The CXX compiler identification is GNU 11.4.0
[0.479s] -- Detecting C compiler ABI info
[0.591s] -- Detecting C compiler ABI info - done
[0.610s] -- Check for working C compiler: /usr/bin/cc - skipped
[0.610s] -- Detecting C compile features
[0.611s] -- Detecting C compile features - done
[0.617s] -- Detecting CXX compiler ABI info
[0.751s] -- Detecting CXX compiler ABI info - done
[0.760s] -- Check for working CXX compiler: /usr/bin/c++ - skipped
[0.760s] -- Detecting CXX compile features
[0.761s] -- Detecting CXX compile features - done
[0.763s] [0mur_robot_driver: You did not request a specific build type: selecting 'RelWithDebInfo'.[0m
[0.767s] -- Found ament_cmake: 1.3.5 (/opt/ros/humble/share/ament_cmake/cmake)
[1.115s] -- Found Python3: /usr/bin/python3.10 (found version "3.10.12") found components: Interpreter 
[1.266s] -- Found backward_ros: 1.0.2 (/opt/ros/humble/share/backward_ros/cmake)
[1.282s] -- Found libdw: /usr/lib/x86_64-linux-gnu/libdw.so  
[1.290s] -- Could NOT find libbfd (missing: LIBBFD_LIBRARY LIBBFD_INCLUDE_DIR) 
[1.291s] -- BACKWARD_HAS_UNWIND=1
[1.291s] -- BACKWARD_HAS_BACKTRACE=0
[1.291s] -- BACKWARD_HAS_BACKTRACE_SYMBOL=0
[1.291s] -- BACKWARD_HAS_DW=1
[1.291s] -- BACKWARD_HAS_BFD=0
[1.293s] -- Found Backward: /opt/ros/humble/share/backward_ros/cmake  
[1.298s] -- Found controller_manager: 2.35.0 (/opt/ros/humble/share/controller_manager/cmake)
[1.388s] -- Found rosidl_generator_c: 3.1.5 (/opt/ros/humble/share/rosidl_generator_c/cmake)
[1.405s] -- Found rosidl_adapter: 3.1.5 (/opt/ros/humble/share/rosidl_adapter/cmake)
[1.429s] -- Found rosidl_generator_cpp: 3.1.5 (/opt/ros/humble/share/rosidl_generator_cpp/cmake)
[1.457s] -- Using all available rosidl_typesupport_c: rosidl_typesupport_fastrtps_c;rosidl_typesupport_introspection_c
[1.493s] -- Using all available rosidl_typesupport_cpp: rosidl_typesupport_fastrtps_cpp;rosidl_typesupport_introspection_cpp
[2.773s] -- Found rmw_implementation_cmake: 6.1.1 (/opt/ros/humble/share/rmw_implementation_cmake/cmake)
[2.783s] -- Found rmw_fastrtps_cpp: 6.2.4 (/opt/ros/humble/share/rmw_fastrtps_cpp/cmake)
[2.941s] -- Found OpenSSL: /usr/lib/x86_64-linux-gnu/libcrypto.so (found version "3.0.2")  
[2.973s] -- Found FastRTPS: /opt/ros/humble/include  
[3.043s] -- Using RMW implementation 'rmw_fastrtps_cpp' as default
[3.059s] -- Looking for pthread.h
[3.207s] -- Looking for pthread.h - found
[3.207s] -- Performing Test CMAKE_HAVE_LIBC_PTHREAD
[3.359s] -- Performing Test CMAKE_HAVE_LIBC_PTHREAD - Success
[3.361s] -- Found Threads: TRUE  
[4.495s] -- Found rclpy: 3.3.10 (/opt/ros/humble/share/rclpy/cmake)
[4.498s] -- Found std_srvs: 4.2.3 (/opt/ros/humble/share/std_srvs/cmake)
[4.531s] -- Found tf2_geometry_msgs: 0.25.4 (/opt/ros/humble/share/tf2_geometry_msgs/cmake)
[4.561s] -- Found eigen3_cmake_module: 0.1.1 (/opt/ros/humble/share/eigen3_cmake_module/cmake)
[4.564s] -- Found Eigen3: TRUE (found version "3.4.0") 
[4.564s] -- Ensuring Eigen3 include directory is part of orocos-kdl CMake target
[5.066s] -- Found ur_dashboard_msgs: 2.2.9 (/home/adela/workspace/ros_ur_driver/install/ur_dashboard_msgs/share/ur_dashboard_msgs/cmake)
[9.952s] -- Found ur_controllers: 2.2.9 (/home/adela/workspace/ros_ur_driver/install/ur_controllers/share/ur_controllers/cmake)
[10.454s] -- Found parameter_traits: 0.3.6 (/opt/ros/humble/share/parameter_traits/cmake)
[11.326s] -- Found ur_description: 2.1.1 (/home/adela/workspace/ros_ur_driver/install/ur_description/share/ur_description/cmake)
[11.332s] -- Found launch_testing_ament_cmake: 1.0.4 (/opt/ros/humble/share/launch_testing_ament_cmake/cmake)
[11.335s] -- Found python_cmake_module: 0.10.0 (/opt/ros/humble/share/python_cmake_module/cmake)
[11.367s] -- Found PythonInterp: /usr/bin/python3 (found suitable version "3.10.12", minimum required is "3.6") 
[11.373s] -- Found PythonLibs: /usr/lib/x86_64-linux-gnu/libpython3.10.so (found suitable version "3.10.12", minimum required is "3.5") 
[11.373s] -- Using PYTHON_EXECUTABLE: /usr/bin/python3
[11.373s] -- Using PYTHON_INCLUDE_DIRS: /usr/include/python3.10
[11.373s] -- Using PYTHON_LIBRARIES: /usr/lib/x86_64-linux-gnu/libpython3.10.so
[11.403s] -- Found PythonExtra: .so  
[11.404s] -- Configuring done
[11.650s] -- Generating done
[11.657s] -- Build files have been written to: /home/adela/workspace/ros_ur_driver/build/ur_robot_driver
[11.720s] Invoked command in '/home/adela/workspace/ros_ur_driver/build/ur_robot_driver' returned '0': CMAKE_PREFIX_PATH=/home/adela/workspace/ros_ur_driver/install/ur_controllers:/home/adela/workspace/ros_ur_driver/install/ur_description:/home/adela/workspace/ros_ur_driver/install/ur_dashboard_msgs:/home/adela/workspace/ros_ur_driver/install/ur:/home/adela/workspace/ros_ur_driver/install/ur_calibration:/home/adela/workspace/ros_ur_driver/install/ur_robot_driver:/home/adela/workspace/ros_ur_driver/install/ur_moveit_config:/home/adela/workspace/ros_ur_driver/install/ur_bringup:/opt/ros/humble LD_LIBRARY_PATH=/home/adela/workspace/ros_ur_driver/install/ur_controllers/lib:/home/adela/workspace/ros_ur_driver/install/ur_dashboard_msgs/lib:/home/adela/workspace/ros_ur_driver/install/ur_robot_driver/lib:/opt/ros/humble/opt/rviz_ogre_vendor/lib:/opt/ros/humble/lib/x86_64-linux-gnu:/opt/ros/humble/lib /usr/bin/cmake /home/adela/workspace/ros_ur_driver/src/Universal_Robots_ROS2_Driver/ur_robot_driver -DCMAKE_INSTALL_PREFIX=/home/adela/workspace/ros_ur_driver/install/ur_robot_driver
[11.720s] Invoking command in '/home/adela/workspace/ros_ur_driver/build/ur_robot_driver': CMAKE_PREFIX_PATH=/home/adela/workspace/ros_ur_driver/install/ur_controllers:/home/adela/workspace/ros_ur_driver/install/ur_description:/home/adela/workspace/ros_ur_driver/install/ur_dashboard_msgs:/home/adela/workspace/ros_ur_driver/install/ur:/home/adela/workspace/ros_ur_driver/install/ur_calibration:/home/adela/workspace/ros_ur_driver/install/ur_robot_driver:/home/adela/workspace/ros_ur_driver/install/ur_moveit_config:/home/adela/workspace/ros_ur_driver/install/ur_bringup:/opt/ros/humble LD_LIBRARY_PATH=/home/adela/workspace/ros_ur_driver/install/ur_controllers/lib:/home/adela/workspace/ros_ur_driver/install/ur_dashboard_msgs/lib:/home/adela/workspace/ros_ur_driver/install/ur_robot_driver/lib:/opt/ros/humble/opt/rviz_ogre_vendor/lib:/opt/ros/humble/lib/x86_64-linux-gnu:/opt/ros/humble/lib /usr/bin/cmake --build /home/adela/workspace/ros_ur_driver/build/ur_robot_driver -- -j2 -l2
[11.891s] [  6%] [32mBuilding CXX object CMakeFiles/dashboard_client.dir/src/dashboard_client_ros.cpp.o[0m
[11.899s] [ 13%] [32mBuilding CXX object CMakeFiles/ur_robot_driver_plugin.dir/src/dashboard_client_ros.cpp.o[0m
[55.000s] [ 20%] [32mBuilding CXX object CMakeFiles/ur_robot_driver_plugin.dir/src/hardware_interface.cpp.o[0m
[55.698s] [ 26%] [32mBuilding CXX object CMakeFiles/dashboard_client.dir/src/dashboard_client_node.cpp.o[0m
[62.968s] [01m[K/home/adela/workspace/ros_ur_driver/src/Universal_Robots_ROS2_Driver/ur_robot_driver/src/hardware_interface.cpp:[m[K In member function ‘[01m[Kvirtual hardware_interface::CallbackReturn ur_robot_driver::URPositionHardwareInterface::on_activate(const rclcpp_lifecycle::State&)[m[K’:
[62.968s] [01m[K/home/adela/workspace/ros_ur_driver/src/Universal_Robots_ROS2_Driver/ur_robot_driver/src/hardware_interface.cpp:432:34:[m[K [01;35m[Kwarning: [m[K‘[01m[Kvoid urcl::UrDriver::setKeepaliveCount(uint32_t)[m[K’ is deprecated: Set keepaliveCount is deprecated, instead set the robot receive timeout directly in the write commands. [[01;35m[K]8;;https://gcc.gnu.org/onlinedocs/gcc/Warning-Options.html#index-Wdeprecated-declarations-Wdeprecated-declarations]8;;[m[K]
[62.968s]   432 |     [01;35m[Kur_driver_->setKeepaliveCount(keep_alive_count)[m[K;
[62.968s]       |     [01;35m[K~~~~~~~~~~~~~~~~~~~~~~~~~~~~~^~~~~~~~~~~~~~~~~~[m[K
[62.969s] In file included from [01m[K/home/adela/workspace/ros_ur_driver/src/Universal_Robots_ROS2_Driver/ur_robot_driver/include/ur_robot_driver/hardware_interface.hpp:55[m[K,
[62.969s]                  from [01m[K/home/adela/workspace/ros_ur_driver/src/Universal_Robots_ROS2_Driver/ur_robot_driver/src/hardware_interface.cpp:50[m[K:
[62.969s] [01m[K/opt/ros/humble/include/ur_client_library/ur/ur_driver.h:461:3:[m[K [01;36m[Knote: [m[Kdeclared here
[62.969s]   461 |   [01;36m[KsetKeepaliveCount[m[K(const uint32_t count);
[62.969s]       |   [01;36m[K^~~~~~~~~~~~~~~~~[m[K
[66.171s] [ 33%] [32mBuilding CXX object CMakeFiles/dashboard_client.dir/src/urcl_log_handler.cpp.o[0m
[67.585s] [ 40%] [32m[1mLinking CXX executable dashboard_client[0m
[68.236s] [ 40%] Built target dashboard_client
[72.038s] [ 46%] [32mBuilding CXX object CMakeFiles/ur_robot_driver_plugin.dir/src/urcl_log_handler.cpp.o[0m
[73.012s] [ 53%] [32m[1mLinking CXX shared library libur_robot_driver_plugin.so[0m
[73.500s] [ 53%] Built target ur_robot_driver_plugin
[73.527s] [ 60%] [32mBuilding CXX object CMakeFiles/ur_ros2_control_node.dir/src/ur_ros2_control_node.cpp.o[0m
[77.542s] [ 66%] [32mBuilding CXX object CMakeFiles/controller_stopper_node.dir/src/controller_stopper.cpp.o[0m
[81.325s] [ 73%] [32m[1mLinking CXX executable ur_ros2_control_node[0m
[81.620s] [ 73%] Built target ur_ros2_control_node
[81.650s] [ 80%] [32mBuilding CXX object CMakeFiles/urscript_interface.dir/src/urscript_interface.cpp.o[0m
[107.577s] [ 86%] [32m[1mLinking CXX executable urscript_interface[0m
[108.139s] [ 86%] Built target urscript_interface
[109.146s] [ 93%] [32mBuilding CXX object CMakeFiles/controller_stopper_node.dir/src/controller_stopper_node.cpp.o[0m
[114.382s] [100%] [32m[1mLinking CXX executable controller_stopper_node[0m
[114.833s] [100%] Built target controller_stopper_node
[114.864s] [100%] Built target ament_cmake_python_copy_ur_robot_driver
[115.168s] running egg_info
[115.169s] creating ur_robot_driver.egg-info
[115.169s] writing ur_robot_driver.egg-info/PKG-INFO
[115.169s] writing dependency_links to ur_robot_driver.egg-info/dependency_links.txt
[115.170s] writing top-level names to ur_robot_driver.egg-info/top_level.txt
[115.170s] writing manifest file 'ur_robot_driver.egg-info/SOURCES.txt'
[115.174s] reading manifest file 'ur_robot_driver.egg-info/SOURCES.txt'
[115.174s] writing manifest file 'ur_robot_driver.egg-info/SOURCES.txt'
[115.216s] [100%] Built target ament_cmake_python_build_ur_robot_driver_egg
[115.230s] Invoked command in '/home/adela/workspace/ros_ur_driver/build/ur_robot_driver' returned '0': CMAKE_PREFIX_PATH=/home/adela/workspace/ros_ur_driver/install/ur_controllers:/home/adela/workspace/ros_ur_driver/install/ur_description:/home/adela/workspace/ros_ur_driver/install/ur_dashboard_msgs:/home/adela/workspace/ros_ur_driver/install/ur:/home/adela/workspace/ros_ur_driver/install/ur_calibration:/home/adela/workspace/ros_ur_driver/install/ur_robot_driver:/home/adela/workspace/ros_ur_driver/install/ur_moveit_config:/home/adela/workspace/ros_ur_driver/install/ur_bringup:/opt/ros/humble LD_LIBRARY_PATH=/home/adela/workspace/ros_ur_driver/install/ur_controllers/lib:/home/adela/workspace/ros_ur_driver/install/ur_dashboard_msgs/lib:/home/adela/workspace/ros_ur_driver/install/ur_robot_driver/lib:/opt/ros/humble/opt/rviz_ogre_vendor/lib:/opt/ros/humble/lib/x86_64-linux-gnu:/opt/ros/humble/lib /usr/bin/cmake --build /home/adela/workspace/ros_ur_driver/build/ur_robot_driver -- -j2 -l2
[115.295s] Invoking command in '/home/adela/workspace/ros_ur_driver/build/ur_robot_driver': CMAKE_PREFIX_PATH=/home/adela/workspace/ros_ur_driver/install/ur_controllers:/home/adela/workspace/ros_ur_driver/install/ur_description:/home/adela/workspace/ros_ur_driver/install/ur_dashboard_msgs:/home/adela/workspace/ros_ur_driver/install/ur:/home/adela/workspace/ros_ur_driver/install/ur_calibration:/home/adela/workspace/ros_ur_driver/install/ur_robot_driver:/home/adela/workspace/ros_ur_driver/install/ur_moveit_config:/home/adela/workspace/ros_ur_driver/install/ur_bringup:/opt/ros/humble LD_LIBRARY_PATH=/home/adela/workspace/ros_ur_driver/install/ur_controllers/lib:/home/adela/workspace/ros_ur_driver/install/ur_dashboard_msgs/lib:/home/adela/workspace/ros_ur_driver/install/ur_robot_driver/lib:/opt/ros/humble/opt/rviz_ogre_vendor/lib:/opt/ros/humble/lib/x86_64-linux-gnu:/opt/ros/humble/lib /usr/bin/cmake --install /home/adela/workspace/ros_ur_driver/build/ur_robot_driver
[115.307s] -- Install configuration: "RelWithDebInfo"
[115.307s] -- Installing: /home/adela/workspace/ros_ur_driver/install/ur_robot_driver/share/ur_robot_driver/hardware_interface_plugin.xml
[115.307s] -- Installing: /home/adela/workspace/ros_ur_driver/install/ur_robot_driver/lib/ur_robot_driver/dashboard_client
[115.323s] -- Set runtime path of "/home/adela/workspace/ros_ur_driver/install/ur_robot_driver/lib/ur_robot_driver/dashboard_client" to ""
[115.323s] -- Installing: /home/adela/workspace/ros_ur_driver/install/ur_robot_driver/lib/ur_robot_driver/ur_ros2_control_node
[115.325s] -- Set runtime path of "/home/adela/workspace/ros_ur_driver/install/ur_robot_driver/lib/ur_robot_driver/ur_ros2_control_node" to ""
[115.326s] -- Installing: /home/adela/workspace/ros_ur_driver/install/ur_robot_driver/lib/ur_robot_driver/controller_stopper_node
[115.344s] -- Set runtime path of "/home/adela/workspace/ros_ur_driver/install/ur_robot_driver/lib/ur_robot_driver/controller_stopper_node" to ""
[115.345s] -- Installing: /home/adela/workspace/ros_ur_driver/install/ur_robot_driver/lib/ur_robot_driver/urscript_interface
[115.357s] -- Set runtime path of "/home/adela/workspace/ros_ur_driver/install/ur_robot_driver/lib/ur_robot_driver/urscript_interface" to ""
[115.357s] -- Installing: /home/adela/workspace/ros_ur_driver/install/ur_robot_driver/lib/libur_robot_driver_plugin.so
[115.381s] -- Set runtime path of "/home/adela/workspace/ros_ur_driver/install/ur_robot_driver/lib/libur_robot_driver_plugin.so" to ""
[115.381s] -- Installing: /home/adela/workspace/ros_ur_driver/install/ur_robot_driver/include
[115.381s] -- Installing: /home/adela/workspace/ros_ur_driver/install/ur_robot_driver/include/ur_robot_driver
[115.381s] -- Installing: /home/adela/workspace/ros_ur_driver/install/ur_robot_driver/include/ur_robot_driver/hardware_interface.hpp
[115.381s] -- Installing: /home/adela/workspace/ros_ur_driver/install/ur_robot_driver/include/ur_robot_driver/urcl_log_handler.hpp
[115.382s] -- Installing: /home/adela/workspace/ros_ur_driver/install/ur_robot_driver/include/ur_robot_driver/controller_stopper.hpp
[115.382s] -- Installing: /home/adela/workspace/ros_ur_driver/install/ur_robot_driver/include/ur_robot_driver/dashboard_client_ros.hpp
[115.382s] -- Installing: /home/adela/workspace/ros_ur_driver/install/ur_robot_driver/share/ur_robot_driver/environment/library_path.sh
[115.382s] -- Installing: /home/adela/workspace/ros_ur_driver/install/ur_robot_driver/share/ur_robot_driver/environment/library_path.dsv
[115.383s] -- Installing: /home/adela/workspace/ros_ur_driver/install/ur_robot_driver/share/ur_robot_driver/resources
[115.383s] -- Installing: /home/adela/workspace/ros_ur_driver/install/ur_robot_driver/share/ur_robot_driver/resources/rtde_output_recipe.txt
[115.383s] -- Installing: /home/adela/workspace/ros_ur_driver/install/ur_robot_driver/share/ur_robot_driver/resources/ros_control.urscript
[115.384s] -- Installing: /home/adela/workspace/ros_ur_driver/install/ur_robot_driver/share/ur_robot_driver/resources/rs485-1.0.urcap
[115.384s] -- Installing: /home/adela/workspace/ros_ur_driver/install/ur_robot_driver/share/ur_robot_driver/resources/rtde_input_recipe.txt
[115.384s] -- Installing: /home/adela/workspace/ros_ur_driver/install/ur_robot_driver/share/ur_robot_driver/resources/externalcontrol-1.0.5.urcap
[115.384s] -- Up-to-date: /home/adela/workspace/ros_ur_driver/install/ur_robot_driver/include
[115.385s] -- Up-to-date: /home/adela/workspace/ros_ur_driver/install/ur_robot_driver/include/ur_robot_driver
[115.385s] -- Up-to-date: /home/adela/workspace/ros_ur_driver/install/ur_robot_driver/include/ur_robot_driver/hardware_interface.hpp
[115.385s] -- Up-to-date: /home/adela/workspace/ros_ur_driver/install/ur_robot_driver/include/ur_robot_driver/urcl_log_handler.hpp
[115.385s] -- Up-to-date: /home/adela/workspace/ros_ur_driver/install/ur_robot_driver/include/ur_robot_driver/controller_stopper.hpp
[115.385s] -- Up-to-date: /home/adela/workspace/ros_ur_driver/install/ur_robot_driver/include/ur_robot_driver/dashboard_client_ros.hpp
[115.385s] -- Installing: /home/adela/workspace/ros_ur_driver/install/ur_robot_driver/share/ur_robot_driver/environment/pythonpath.sh
[115.385s] -- Installing: /home/adela/workspace/ros_ur_driver/install/ur_robot_driver/share/ur_robot_driver/environment/pythonpath.dsv
[115.386s] -- Installing: /home/adela/workspace/ros_ur_driver/install/ur_robot_driver/local/lib/python3.10/dist-packages/ur_robot_driver-2.2.9-py3.10.egg-info
[115.386s] -- Installing: /home/adela/workspace/ros_ur_driver/install/ur_robot_driver/local/lib/python3.10/dist-packages/ur_robot_driver-2.2.9-py3.10.egg-info/dependency_links.txt
[115.386s] -- Installing: /home/adela/workspace/ros_ur_driver/install/ur_robot_driver/local/lib/python3.10/dist-packages/ur_robot_driver-2.2.9-py3.10.egg-info/PKG-INFO
[115.386s] -- Installing: /home/adela/workspace/ros_ur_driver/install/ur_robot_driver/local/lib/python3.10/dist-packages/ur_robot_driver-2.2.9-py3.10.egg-info/top_level.txt
[115.387s] -- Installing: /home/adela/workspace/ros_ur_driver/install/ur_robot_driver/local/lib/python3.10/dist-packages/ur_robot_driver-2.2.9-py3.10.egg-info/SOURCES.txt
[115.387s] -- Installing: /home/adela/workspace/ros_ur_driver/install/ur_robot_driver/local/lib/python3.10/dist-packages/ur_robot_driver
[115.387s] -- Installing: /home/adela/workspace/ros_ur_driver/install/ur_robot_driver/local/lib/python3.10/dist-packages/ur_robot_driver/__init__.py
[115.427s] Listing '/home/adela/workspace/ros_ur_driver/install/ur_robot_driver/local/lib/python3.10/dist-packages/ur_robot_driver'...
[115.427s] Compiling '/home/adela/workspace/ros_ur_driver/install/ur_robot_driver/local/lib/python3.10/dist-packages/ur_robot_driver/__init__.py'...
[115.432s] -- Installing: /home/adela/workspace/ros_ur_driver/install/ur_robot_driver/lib/ur_robot_driver/tool_communication.py
[115.432s] -- Installing: /home/adela/workspace/ros_ur_driver/install/ur_robot_driver/bin/wait_dashboard_server.sh
[115.432s] -- Installing: /home/adela/workspace/ros_ur_driver/install/ur_robot_driver/lib/ur_robot_driver/start_ursim.sh
[115.433s] -- Installing: /home/adela/workspace/ros_ur_driver/install/ur_robot_driver/share/ur_robot_driver/config
[115.433s] -- Installing: /home/adela/workspace/ros_ur_driver/install/ur_robot_driver/share/ur_robot_driver/config/ur20_update_rate.yaml
[115.433s] -- Installing: /home/adela/workspace/ros_ur_driver/install/ur_robot_driver/share/ur_robot_driver/config/ur3e_update_rate.yaml
[115.433s] -- Installing: /home/adela/workspace/ros_ur_driver/install/ur_robot_driver/share/ur_robot_driver/config/ur10e_update_rate.yaml
[115.433s] -- Installing: /home/adela/workspace/ros_ur_driver/install/ur_robot_driver/share/ur_robot_driver/config/ur3_update_rate.yaml
[115.433s] -- Installing: /home/adela/workspace/ros_ur_driver/install/ur_robot_driver/share/ur_robot_driver/config/test_velocity_goal_publishers_config.yaml
[115.434s] -- Installing: /home/adela/workspace/ros_ur_driver/install/ur_robot_driver/share/ur_robot_driver/config/ur16e_update_rate.yaml
[115.434s] -- Installing: /home/adela/workspace/ros_ur_driver/install/ur_robot_driver/share/ur_robot_driver/config/ur_controllers.yaml
[115.434s] -- Installing: /home/adela/workspace/ros_ur_driver/install/ur_robot_driver/share/ur_robot_driver/config/test_goal_publishers_config.yaml
[115.434s] -- Installing: /home/adela/workspace/ros_ur_driver/install/ur_robot_driver/share/ur_robot_driver/config/ur5_update_rate.yaml
[115.434s] -- Installing: /home/adela/workspace/ros_ur_driver/install/ur_robot_driver/share/ur_robot_driver/config/ur5e_update_rate.yaml
[115.435s] -- Installing: /home/adela/workspace/ros_ur_driver/install/ur_robot_driver/share/ur_robot_driver/config/ur10_update_rate.yaml
[115.435s] -- Installing: /home/adela/workspace/ros_ur_driver/install/ur_robot_driver/share/ur_robot_driver/launch
[115.435s] -- Installing: /home/adela/workspace/ros_ur_driver/install/ur_robot_driver/share/ur_robot_driver/launch/test_joint_trajectory_controller.launch.py
[115.435s] -- Installing: /home/adela/workspace/ros_ur_driver/install/ur_robot_driver/share/ur_robot_driver/launch/ur20.launch.py
[115.435s] -- Installing: /home/adela/workspace/ros_ur_driver/install/ur_robot_driver/share/ur_robot_driver/launch/ur10.launch.py
[115.436s] -- Installing: /home/adela/workspace/ros_ur_driver/install/ur_robot_driver/share/ur_robot_driver/launch/ur16e.launch.py
[115.436s] -- Installing: /home/adela/workspace/ros_ur_driver/install/ur_robot_driver/share/ur_robot_driver/launch/ur_control.launch.py
[115.436s] -- Installing: /home/adela/workspace/ros_ur_driver/install/ur_robot_driver/share/ur_robot_driver/launch/test_forward_velocity_controller.launch.py
[115.436s] -- Installing: /home/adela/workspace/ros_ur_driver/install/ur_robot_driver/share/ur_robot_driver/launch/ur_dashboard_client.launch.py
[115.436s] -- Installing: /home/adela/workspace/ros_ur_driver/install/ur_robot_driver/share/ur_robot_driver/launch/ur3e.launch.py
[115.437s] -- Installing: /home/adela/workspace/ros_ur_driver/install/ur_robot_driver/share/ur_robot_driver/launch/ur10e.launch.py
[115.437s] -- Installing: /home/adela/workspace/ros_ur_driver/install/ur_robot_driver/share/ur_robot_driver/launch/ur5.launch.py
[115.437s] -- Installing: /home/adela/workspace/ros_ur_driver/install/ur_robot_driver/share/ur_robot_driver/launch/ur3.launch.py
[115.437s] -- Installing: /home/adela/workspace/ros_ur_driver/install/ur_robot_driver/share/ur_robot_driver/launch/ur5e.launch.py
[115.437s] -- Installing: /home/adela/workspace/ros_ur_driver/install/ur_robot_driver/share/ur_robot_driver/launch/test_scaled_joint_trajectory_controller.launch.py
[115.437s] -- Installing: /home/adela/workspace/ros_ur_driver/install/ur_robot_driver/share/ament_index/resource_index/package_run_dependencies/ur_robot_driver
[115.438s] -- Installing: /home/adela/workspace/ros_ur_driver/install/ur_robot_driver/share/ament_index/resource_index/parent_prefix_path/ur_robot_driver
[115.438s] -- Installing: /home/adela/workspace/ros_ur_driver/install/ur_robot_driver/share/ur_robot_driver/environment/ament_prefix_path.sh
[115.438s] -- Installing: /home/adela/workspace/ros_ur_driver/install/ur_robot_driver/share/ur_robot_driver/environment/ament_prefix_path.dsv
[115.438s] -- Installing: /home/adela/workspace/ros_ur_driver/install/ur_robot_driver/share/ur_robot_driver/environment/path.sh
[115.439s] -- Installing: /home/adela/workspace/ros_ur_driver/install/ur_robot_driver/share/ur_robot_driver/environment/path.dsv
[115.439s] -- Installing: /home/adela/workspace/ros_ur_driver/install/ur_robot_driver/share/ur_robot_driver/local_setup.bash
[115.439s] -- Installing: /home/adela/workspace/ros_ur_driver/install/ur_robot_driver/share/ur_robot_driver/local_setup.sh
[115.439s] -- Installing: /home/adela/workspace/ros_ur_driver/install/ur_robot_driver/share/ur_robot_driver/local_setup.zsh
[115.439s] -- Installing: /home/adela/workspace/ros_ur_driver/install/ur_robot_driver/share/ur_robot_driver/local_setup.dsv
[115.440s] -- Installing: /home/adela/workspace/ros_ur_driver/install/ur_robot_driver/share/ur_robot_driver/package.dsv
[115.440s] -- Installing: /home/adela/workspace/ros_ur_driver/install/ur_robot_driver/share/ament_index/resource_index/packages/ur_robot_driver
[115.440s] -- Installing: /home/adela/workspace/ros_ur_driver/install/ur_robot_driver/share/ament_index/resource_index/hardware_interface__pluginlib__plugin/ur_robot_driver
[115.440s] -- Installing: /home/adela/workspace/ros_ur_driver/install/ur_robot_driver/share/ur_robot_driver/cmake/ament_cmake_export_include_directories-extras.cmake
[115.440s] -- Installing: /home/adela/workspace/ros_ur_driver/install/ur_robot_driver/share/ur_robot_driver/cmake/ament_cmake_export_libraries-extras.cmake
[115.441s] -- Installing: /home/adela/workspace/ros_ur_driver/install/ur_robot_driver/share/ur_robot_driver/cmake/ament_cmake_export_dependencies-extras.cmake
[115.441s] -- Installing: /home/adela/workspace/ros_ur_driver/install/ur_robot_driver/share/ur_robot_driver/cmake/ur_robot_driverConfig.cmake
[115.441s] -- Installing: /home/adela/workspace/ros_ur_driver/install/ur_robot_driver/share/ur_robot_driver/cmake/ur_robot_driverConfig-version.cmake
[115.441s] -- Installing: /home/adela/workspace/ros_ur_driver/install/ur_robot_driver/share/ur_robot_driver/package.xml
[115.443s] Invoked command in '/home/adela/workspace/ros_ur_driver/build/ur_robot_driver' returned '0': CMAKE_PREFIX_PATH=/home/adela/workspace/ros_ur_driver/install/ur_controllers:/home/adela/workspace/ros_ur_driver/install/ur_description:/home/adela/workspace/ros_ur_driver/install/ur_dashboard_msgs:/home/adela/workspace/ros_ur_driver/install/ur:/home/adela/workspace/ros_ur_driver/install/ur_calibration:/home/adela/workspace/ros_ur_driver/install/ur_robot_driver:/home/adela/workspace/ros_ur_driver/install/ur_moveit_config:/home/adela/workspace/ros_ur_driver/install/ur_bringup:/opt/ros/humble LD_LIBRARY_PATH=/home/adela/workspace/ros_ur_driver/install/ur_controllers/lib:/home/adela/workspace/ros_ur_driver/install/ur_dashboard_msgs/lib:/home/adela/workspace/ros_ur_driver/install/ur_robot_driver/lib:/opt/ros/humble/opt/rviz_ogre_vendor/lib:/opt/ros/humble/lib/x86_64-linux-gnu:/opt/ros/humble/lib /usr/bin/cmake --install /home/adela/workspace/ros_ur_driver/build/ur_robot_driver
