[0.160s] Invoking command in '/home/adela/workspace/ros_ur_driver/build/ur_bringup': CMAKE_PREFIX_PATH=/home/adela/workspace/ros_ur_driver/install/ur_controllers:/home/adela/workspace/ros_ur_driver/install/ur_description:/home/adela/workspace/ros_ur_driver/install/ur_dashboard_msgs:/home/adela/workspace/ros_ur_driver/install/ur:/home/adela/workspace/ros_ur_driver/install/ur_calibration:/home/adela/workspace/ros_ur_driver/install/ur_robot_driver:/home/adela/workspace/ros_ur_driver/install/ur_moveit_config:/home/adela/workspace/ros_ur_driver/install/ur_bringup:/opt/ros/humble LD_LIBRARY_PATH=/home/adela/workspace/ros_ur_driver/install/ur_controllers/lib:/home/adela/workspace/ros_ur_driver/install/ur_dashboard_msgs/lib:/home/adela/workspace/ros_ur_driver/install/ur_robot_driver/lib:/opt/ros/humble/opt/rviz_ogre_vendor/lib:/opt/ros/humble/lib/x86_64-linux-gnu:/opt/ros/humble/lib /usr/bin/cmake /home/adela/workspace/ros_ur_driver/src/Universal_Robots_ROS2_Driver/ur_bringup -DCMAKE_INSTALL_PREFIX=/home/adela/workspace/ros_ur_driver/install/ur_bringup
[0.253s] -- The C compiler identification is GNU 11.4.0
[0.342s] -- The CXX compiler identification is GNU 11.4.0
[0.349s] -- Detecting C compiler ABI info
[0.467s] -- Detecting C compiler ABI info - done
[0.481s] -- Check for working C compiler: /usr/bin/cc - skipped
[0.481s] -- Detecting C compile features
[0.481s] -- Detecting C compile features - done
[0.485s] -- Detecting CXX compiler ABI info
[0.619s] -- Detecting CXX compiler ABI info - done
[0.632s] -- Check for working CXX compiler: /usr/bin/c++ - skipped
[0.632s] -- Detecting CXX compile features
[0.633s] -- Detecting CXX compile features - done
[0.638s] -- Found ament_cmake: 1.3.5 (/opt/ros/humble/share/ament_cmake/cmake)
[0.990s] -- Found Python3: /usr/bin/python3.10 (found version "3.10.12") found components: Interpreter 
[1.309s] -- Configuring done
[1.313s] -- Generating done
[1.315s] -- Build files have been written to: /home/adela/workspace/ros_ur_driver/build/ur_bringup
[1.321s] Invoked command in '/home/adela/workspace/ros_ur_driver/build/ur_bringup' returned '0': CMAKE_PREFIX_PATH=/home/adela/workspace/ros_ur_driver/install/ur_controllers:/home/adela/workspace/ros_ur_driver/install/ur_description:/home/adela/workspace/ros_ur_driver/install/ur_dashboard_msgs:/home/adela/workspace/ros_ur_driver/install/ur:/home/adela/workspace/ros_ur_driver/install/ur_calibration:/home/adela/workspace/ros_ur_driver/install/ur_robot_driver:/home/adela/workspace/ros_ur_driver/install/ur_moveit_config:/home/adela/workspace/ros_ur_driver/install/ur_bringup:/opt/ros/humble LD_LIBRARY_PATH=/home/adela/workspace/ros_ur_driver/install/ur_controllers/lib:/home/adela/workspace/ros_ur_driver/install/ur_dashboard_msgs/lib:/home/adela/workspace/ros_ur_driver/install/ur_robot_driver/lib:/opt/ros/humble/opt/rviz_ogre_vendor/lib:/opt/ros/humble/lib/x86_64-linux-gnu:/opt/ros/humble/lib /usr/bin/cmake /home/adela/workspace/ros_ur_driver/src/Universal_Robots_ROS2_Driver/ur_bringup -DCMAKE_INSTALL_PREFIX=/home/adela/workspace/ros_ur_driver/install/ur_bringup
[1.323s] Invoking command in '/home/adela/workspace/ros_ur_driver/build/ur_bringup': CMAKE_PREFIX_PATH=/home/adela/workspace/ros_ur_driver/install/ur_controllers:/home/adela/workspace/ros_ur_driver/install/ur_description:/home/adela/workspace/ros_ur_driver/install/ur_dashboard_msgs:/home/adela/workspace/ros_ur_driver/install/ur:/home/adela/workspace/ros_ur_driver/install/ur_calibration:/home/adela/workspace/ros_ur_driver/install/ur_robot_driver:/home/adela/workspace/ros_ur_driver/install/ur_moveit_config:/home/adela/workspace/ros_ur_driver/install/ur_bringup:/opt/ros/humble LD_LIBRARY_PATH=/home/adela/workspace/ros_ur_driver/install/ur_controllers/lib:/home/adela/workspace/ros_ur_driver/install/ur_dashboard_msgs/lib:/home/adela/workspace/ros_ur_driver/install/ur_robot_driver/lib:/opt/ros/humble/opt/rviz_ogre_vendor/lib:/opt/ros/humble/lib/x86_64-linux-gnu:/opt/ros/humble/lib /usr/bin/cmake --build /home/adela/workspace/ros_ur_driver/build/ur_bringup -- -j2 -l2
[1.394s] Invoked command in '/home/adela/workspace/ros_ur_driver/build/ur_bringup' returned '0': CMAKE_PREFIX_PATH=/home/adela/workspace/ros_ur_driver/install/ur_controllers:/home/adela/workspace/ros_ur_driver/install/ur_description:/home/adela/workspace/ros_ur_driver/install/ur_dashboard_msgs:/home/adela/workspace/ros_ur_driver/install/ur:/home/adela/workspace/ros_ur_driver/install/ur_calibration:/home/adela/workspace/ros_ur_driver/install/ur_robot_driver:/home/adela/workspace/ros_ur_driver/install/ur_moveit_config:/home/adela/workspace/ros_ur_driver/install/ur_bringup:/opt/ros/humble LD_LIBRARY_PATH=/home/adela/workspace/ros_ur_driver/install/ur_controllers/lib:/home/adela/workspace/ros_ur_driver/install/ur_dashboard_msgs/lib:/home/adela/workspace/ros_ur_driver/install/ur_robot_driver/lib:/opt/ros/humble/opt/rviz_ogre_vendor/lib:/opt/ros/humble/lib/x86_64-linux-gnu:/opt/ros/humble/lib /usr/bin/cmake --build /home/adela/workspace/ros_ur_driver/build/ur_bringup -- -j2 -l2
[1.434s] Invoking command in '/home/adela/workspace/ros_ur_driver/build/ur_bringup': CMAKE_PREFIX_PATH=/home/adela/workspace/ros_ur_driver/install/ur_controllers:/home/adela/workspace/ros_ur_driver/install/ur_description:/home/adela/workspace/ros_ur_driver/install/ur_dashboard_msgs:/home/adela/workspace/ros_ur_driver/install/ur:/home/adela/workspace/ros_ur_driver/install/ur_calibration:/home/adela/workspace/ros_ur_driver/install/ur_robot_driver:/home/adela/workspace/ros_ur_driver/install/ur_moveit_config:/home/adela/workspace/ros_ur_driver/install/ur_bringup:/opt/ros/humble LD_LIBRARY_PATH=/home/adela/workspace/ros_ur_driver/install/ur_controllers/lib:/home/adela/workspace/ros_ur_driver/install/ur_dashboard_msgs/lib:/home/adela/workspace/ros_ur_driver/install/ur_robot_driver/lib:/opt/ros/humble/opt/rviz_ogre_vendor/lib:/opt/ros/humble/lib/x86_64-linux-gnu:/opt/ros/humble/lib /usr/bin/cmake --install /home/adela/workspace/ros_ur_driver/build/ur_bringup
[1.450s] -- Install configuration: ""
[1.450s] -- Installing: /home/adela/workspace/ros_ur_driver/install/ur_bringup/share/ur_bringup/config
[1.451s] -- Installing: /home/adela/workspace/ros_ur_driver/install/ur_bringup/share/ur_bringup/config/ur3e_update_rate.yaml
[1.451s] -- Installing: /home/adela/workspace/ros_ur_driver/install/ur_bringup/share/ur_bringup/config/ur10e_update_rate.yaml
[1.451s] -- Installing: /home/adela/workspace/ros_ur_driver/install/ur_bringup/share/ur_bringup/config/points.csv
[1.452s] -- Installing: /home/adela/workspace/ros_ur_driver/install/ur_bringup/share/ur_bringup/config/ur3_update_rate.yaml
[1.452s] -- Installing: /home/adela/workspace/ros_ur_driver/install/ur_bringup/share/ur_bringup/config/test_velocity_goal_publishers_config.yaml
[1.452s] -- Installing: /home/adela/workspace/ros_ur_driver/install/ur_bringup/share/ur_bringup/config/ur16e_update_rate.yaml
[1.453s] -- Installing: /home/adela/workspace/ros_ur_driver/install/ur_bringup/share/ur_bringup/config/ur_controllers.yaml
[1.453s] -- Installing: /home/adela/workspace/ros_ur_driver/install/ur_bringup/share/ur_bringup/config/test_goal_publishers_config.yaml
[1.453s] -- Installing: /home/adela/workspace/ros_ur_driver/install/ur_bringup/share/ur_bringup/config/ur5_update_rate.yaml
[1.454s] -- Installing: /home/adela/workspace/ros_ur_driver/install/ur_bringup/share/ur_bringup/config/ur5e_update_rate.yaml
[1.456s] -- Installing: /home/adela/workspace/ros_ur_driver/install/ur_bringup/share/ur_bringup/config/ur10_update_rate.yaml
[1.457s] -- Installing: /home/adela/workspace/ros_ur_driver/install/ur_bringup/share/ur_bringup/launch
[1.457s] -- Installing: /home/adela/workspace/ros_ur_driver/install/ur_bringup/share/ur_bringup/launch/prueba502.py
[1.457s] -- Installing: /home/adela/workspace/ros_ur_driver/install/ur_bringup/share/ur_bringup/launch/test_joint_trajectory_controller.launch.py
[1.457s] -- Installing: /home/adela/workspace/ros_ur_driver/install/ur_bringup/share/ur_bringup/launch/ur10.launch.py
[1.458s] -- Installing: /home/adela/workspace/ros_ur_driver/install/ur_bringup/share/ur_bringup/launch/ur16e.launch.py
[1.458s] -- Installing: /home/adela/workspace/ros_ur_driver/install/ur_bringup/share/ur_bringup/launch/ur_control.launch.py
[1.458s] -- Installing: /home/adela/workspace/ros_ur_driver/install/ur_bringup/share/ur_bringup/launch/test_forward_velocity_controller.launch.py
[1.458s] -- Installing: /home/adela/workspace/ros_ur_driver/install/ur_bringup/share/ur_bringup/launch/lanzar_robot.launch.py
[1.459s] -- Installing: /home/adela/workspace/ros_ur_driver/install/ur_bringup/share/ur_bringup/launch/ur_dashboard_client.launch.py
[1.459s] -- Installing: /home/adela/workspace/ros_ur_driver/install/ur_bringup/share/ur_bringup/launch/ur3e.launch.py
[1.459s] -- Installing: /home/adela/workspace/ros_ur_driver/install/ur_bringup/share/ur_bringup/launch/lectura_transformada_envio.py
[1.459s] -- Installing: /home/adela/workspace/ros_ur_driver/install/ur_bringup/share/ur_bringup/launch/ur10e.launch.py
[1.460s] -- Installing: /home/adela/workspace/ros_ur_driver/install/ur_bringup/share/ur_bringup/launch/ur5.launch.py
[1.460s] -- Installing: /home/adela/workspace/ros_ur_driver/install/ur_bringup/share/ur_bringup/launch/ur3.launch.py
[1.460s] -- Installing: /home/adela/workspace/ros_ur_driver/install/ur_bringup/share/ur_bringup/launch/test_trayectoria.launch.py
[1.460s] -- Installing: /home/adela/workspace/ros_ur_driver/install/ur_bringup/share/ur_bringup/launch/lanzar_simulacion.launch.py
[1.461s] -- Installing: /home/adela/workspace/ros_ur_driver/install/ur_bringup/share/ur_bringup/launch/ur5e.launch.py
[1.461s] -- Installing: /home/adela/workspace/ros_ur_driver/install/ur_bringup/share/ur_bringup/launch/lanzar_trayectoria.launch.py
[1.461s] -- Installing: /home/adela/workspace/ros_ur_driver/install/ur_bringup/share/ur_bringup/launch/lectura_transformada.py
[1.461s] -- Installing: /home/adela/workspace/ros_ur_driver/install/ur_bringup/share/ur_bringup/launch/test_scaled_joint_trajectory_controller.launch.py
[1.462s] -- Installing: /home/adela/workspace/ros_ur_driver/install/ur_bringup/lib/ur_bringup/start_ursim.sh
[1.462s] -- Installing: /home/adela/workspace/ros_ur_driver/install/ur_bringup/share/ament_index/resource_index/package_run_dependencies/ur_bringup
[1.470s] -- Installing: /home/adela/workspace/ros_ur_driver/install/ur_bringup/share/ament_index/resource_index/parent_prefix_path/ur_bringup
[1.470s] -- Installing: /home/adela/workspace/ros_ur_driver/install/ur_bringup/share/ur_bringup/environment/ament_prefix_path.sh
[1.471s] -- Installing: /home/adela/workspace/ros_ur_driver/install/ur_bringup/share/ur_bringup/environment/ament_prefix_path.dsv
[1.471s] -- Installing: /home/adela/workspace/ros_ur_driver/install/ur_bringup/share/ur_bringup/environment/path.sh
[1.472s] -- Installing: /home/adela/workspace/ros_ur_driver/install/ur_bringup/share/ur_bringup/environment/path.dsv
[1.472s] -- Installing: /home/adela/workspace/ros_ur_driver/install/ur_bringup/share/ur_bringup/local_setup.bash
[1.472s] -- Installing: /home/adela/workspace/ros_ur_driver/install/ur_bringup/share/ur_bringup/local_setup.sh
[1.473s] -- Installing: /home/adela/workspace/ros_ur_driver/install/ur_bringup/share/ur_bringup/local_setup.zsh
[1.473s] -- Installing: /home/adela/workspace/ros_ur_driver/install/ur_bringup/share/ur_bringup/local_setup.dsv
[1.474s] -- Installing: /home/adela/workspace/ros_ur_driver/install/ur_bringup/share/ur_bringup/package.dsv
[1.474s] -- Installing: /home/adela/workspace/ros_ur_driver/install/ur_bringup/share/ament_index/resource_index/packages/ur_bringup
[1.475s] -- Installing: /home/adela/workspace/ros_ur_driver/install/ur_bringup/share/ur_bringup/cmake/ur_bringupConfig.cmake
[1.475s] -- Installing: /home/adela/workspace/ros_ur_driver/install/ur_bringup/share/ur_bringup/cmake/ur_bringupConfig-version.cmake
[1.476s] -- Installing: /home/adela/workspace/ros_ur_driver/install/ur_bringup/share/ur_bringup/package.xml
[1.481s] Invoked command in '/home/adela/workspace/ros_ur_driver/build/ur_bringup' returned '0': CMAKE_PREFIX_PATH=/home/adela/workspace/ros_ur_driver/install/ur_controllers:/home/adela/workspace/ros_ur_driver/install/ur_description:/home/adela/workspace/ros_ur_driver/install/ur_dashboard_msgs:/home/adela/workspace/ros_ur_driver/install/ur:/home/adela/workspace/ros_ur_driver/install/ur_calibration:/home/adela/workspace/ros_ur_driver/install/ur_robot_driver:/home/adela/workspace/ros_ur_driver/install/ur_moveit_config:/home/adela/workspace/ros_ur_driver/install/ur_bringup:/opt/ros/humble LD_LIBRARY_PATH=/home/adela/workspace/ros_ur_driver/install/ur_controllers/lib:/home/adela/workspace/ros_ur_driver/install/ur_dashboard_msgs/lib:/home/adela/workspace/ros_ur_driver/install/ur_robot_driver/lib:/opt/ros/humble/opt/rviz_ogre_vendor/lib:/opt/ros/humble/lib/x86_64-linux-gnu:/opt/ros/humble/lib /usr/bin/cmake --install /home/adela/workspace/ros_ur_driver/build/ur_bringup
