[0.590s] Invoking command in '/home/alvaro/workspace/ros_ur_driver/build/ur_moveit_config': CMAKE_PREFIX_PATH=${CMAKE_PREFIX_PATH}:/home/alvaro/workspace/ros_ur_driver/install/py_srvcli:/home/alvaro/ros2_ws/install/ros2controlcli:/home/alvaro/ros2_ws/install/ros2_control_test_nodes:/home/alvaro/ros2_ws/install/py_srvcli:/home/alvaro/dev_ws/install/ros2test:/opt/ros/foxy /usr/bin/cmake --build /home/alvaro/workspace/ros_ur_driver/build/ur_moveit_config -- -j12 -l12
[1.156s] Invoked command in '/home/alvaro/workspace/ros_ur_driver/build/ur_moveit_config' returned '0': CMAKE_PREFIX_PATH=${CMAKE_PREFIX_PATH}:/home/alvaro/workspace/ros_ur_driver/install/py_srvcli:/home/alvaro/ros2_ws/install/ros2controlcli:/home/alvaro/ros2_ws/install/ros2_control_test_nodes:/home/alvaro/ros2_ws/install/py_srvcli:/home/alvaro/dev_ws/install/ros2test:/opt/ros/foxy /usr/bin/cmake --build /home/alvaro/workspace/ros_ur_driver/build/ur_moveit_config -- -j12 -l12
[1.208s] Invoking command in '/home/alvaro/workspace/ros_ur_driver/build/ur_moveit_config': CMAKE_PREFIX_PATH=${CMAKE_PREFIX_PATH}:/home/alvaro/workspace/ros_ur_driver/install/py_srvcli:/home/alvaro/ros2_ws/install/ros2controlcli:/home/alvaro/ros2_ws/install/ros2_control_test_nodes:/home/alvaro/ros2_ws/install/py_srvcli:/home/alvaro/dev_ws/install/ros2test:/opt/ros/foxy /usr/bin/cmake --install /home/alvaro/workspace/ros_ur_driver/build/ur_moveit_config
[1.221s] -- Install configuration: "Release"
[1.221s] -- Up-to-date: /home/alvaro/workspace/ros_ur_driver/install/ur_moveit_config/share/ur_moveit_config/config
[1.221s] -- Up-to-date: /home/alvaro/workspace/ros_ur_driver/install/ur_moveit_config/share/ur_moveit_config/config/controllers.yaml
[1.221s] -- Up-to-date: /home/alvaro/workspace/ros_ur_driver/install/ur_moveit_config/share/ur_moveit_config/config/kinematics.yaml
[1.222s] -- Up-to-date: /home/alvaro/workspace/ros_ur_driver/install/ur_moveit_config/share/ur_moveit_config/config/ompl_planning.yaml
[1.222s] -- Up-to-date: /home/alvaro/workspace/ros_ur_driver/install/ur_moveit_config/share/ur_moveit_config/rviz
[1.222s] -- Up-to-date: /home/alvaro/workspace/ros_ur_driver/install/ur_moveit_config/share/ur_moveit_config/rviz/robot_mesa_scenario_small.scene
[1.222s] -- Up-to-date: /home/alvaro/workspace/ros_ur_driver/install/ur_moveit_config/share/ur_moveit_config/rviz/view_robot_mesa.rviz
[1.222s] -- Up-to-date: /home/alvaro/workspace/ros_ur_driver/install/ur_moveit_config/share/ur_moveit_config/rviz/view_robot.rviz
[1.222s] -- Up-to-date: /home/alvaro/workspace/ros_ur_driver/install/ur_moveit_config/share/ur_moveit_config/rviz/robot_mesa_scenario.scene
[1.223s] -- Up-to-date: /home/alvaro/workspace/ros_ur_driver/install/ur_moveit_config/share/ur_moveit_config/srdf
[1.223s] -- Up-to-date: /home/alvaro/workspace/ros_ur_driver/install/ur_moveit_config/share/ur_moveit_config/srdf/ur_macro.srdf.xacro
[1.223s] -- Up-to-date: /home/alvaro/workspace/ros_ur_driver/install/ur_moveit_config/share/ur_moveit_config/srdf/ur.srdf.xacro
[1.223s] -- Up-to-date: /home/alvaro/workspace/ros_ur_driver/install/ur_moveit_config/share/ament_index/resource_index/package_run_dependencies/ur_moveit_config
[1.223s] -- Up-to-date: /home/alvaro/workspace/ros_ur_driver/install/ur_moveit_config/share/ament_index/resource_index/parent_prefix_path/ur_moveit_config
[1.223s] -- Up-to-date: /home/alvaro/workspace/ros_ur_driver/install/ur_moveit_config/share/ur_moveit_config/environment/ament_prefix_path.sh
[1.223s] -- Up-to-date: /home/alvaro/workspace/ros_ur_driver/install/ur_moveit_config/share/ur_moveit_config/environment/ament_prefix_path.dsv
[1.223s] -- Up-to-date: /home/alvaro/workspace/ros_ur_driver/install/ur_moveit_config/share/ur_moveit_config/environment/path.sh
[1.223s] -- Up-to-date: /home/alvaro/workspace/ros_ur_driver/install/ur_moveit_config/share/ur_moveit_config/environment/path.dsv
[1.223s] -- Up-to-date: /home/alvaro/workspace/ros_ur_driver/install/ur_moveit_config/share/ur_moveit_config/local_setup.bash
[1.223s] -- Up-to-date: /home/alvaro/workspace/ros_ur_driver/install/ur_moveit_config/share/ur_moveit_config/local_setup.sh
[1.224s] -- Up-to-date: /home/alvaro/workspace/ros_ur_driver/install/ur_moveit_config/share/ur_moveit_config/local_setup.zsh
[1.224s] -- Up-to-date: /home/alvaro/workspace/ros_ur_driver/install/ur_moveit_config/share/ur_moveit_config/local_setup.dsv
[1.224s] -- Installing: /home/alvaro/workspace/ros_ur_driver/install/ur_moveit_config/share/ur_moveit_config/package.dsv
[1.224s] -- Up-to-date: /home/alvaro/workspace/ros_ur_driver/install/ur_moveit_config/share/ament_index/resource_index/packages/ur_moveit_config
[1.224s] -- Up-to-date: /home/alvaro/workspace/ros_ur_driver/install/ur_moveit_config/share/ur_moveit_config/cmake/ur_moveit_configConfig.cmake
[1.224s] -- Up-to-date: /home/alvaro/workspace/ros_ur_driver/install/ur_moveit_config/share/ur_moveit_config/cmake/ur_moveit_configConfig-version.cmake
[1.225s] -- Up-to-date: /home/alvaro/workspace/ros_ur_driver/install/ur_moveit_config/share/ur_moveit_config/package.xml
[1.225s] Invoked command in '/home/alvaro/workspace/ros_ur_driver/build/ur_moveit_config' returned '0': CMAKE_PREFIX_PATH=${CMAKE_PREFIX_PATH}:/home/alvaro/workspace/ros_ur_driver/install/py_srvcli:/home/alvaro/ros2_ws/install/ros2controlcli:/home/alvaro/ros2_ws/install/ros2_control_test_nodes:/home/alvaro/ros2_ws/install/py_srvcli:/home/alvaro/dev_ws/install/ros2test:/opt/ros/foxy /usr/bin/cmake --install /home/alvaro/workspace/ros_ur_driver/build/ur_moveit_config
