[4.391s] DEBUG:colcon:Command line arguments: ['/usr/bin/colcon', 'build', '--packages-select', 'py_srvcli']
[4.391s] DEBUG:colcon:Parsed command line arguments: Namespace(allow_overriding=[], ament_cmake_args=None, base_paths=['.'], build_base='build', catkin_cmake_args=None, catkin_skip_building_tests=False, cmake_args=None, cmake_clean_cache=False, cmake_clean_first=False, cmake_force_configure=False, cmake_target=None, cmake_target_skip_unavailable=False, continue_on_error=False, event_handlers=None, executor='parallel', ignore_user_meta=False, install_base='install', log_base=None, log_level=None, main=<bound method BuildVerb.main of <colcon_core.verb.build.BuildVerb object at 0x7f9f71eeb5b0>>, merge_install=False, metas=['./colcon.meta'], mixin=None, mixin_files=None, mixin_verb=('build',), packages_above=None, packages_above_and_dependencies=None, packages_above_depth=None, packages_end=None, packages_ignore=None, packages_ignore_regex=None, packages_select=['py_srvcli'], packages_select_build_failed=False, packages_select_by_dep=None, packages_select_regex=None, packages_select_test_failures=False, packages_skip=None, packages_skip_build_finished=False, packages_skip_by_dep=None, packages_skip_regex=None, packages_skip_test_passed=False, packages_skip_up_to=None, packages_start=None, packages_up_to=None, packages_up_to_regex=None, parallel_workers=12, paths=None, symlink_install=False, test_result_base=None, verb_extension=<colcon_core.verb.build.BuildVerb object at 0x7f9f71eeb5b0>, verb_name='build', verb_parser=<colcon_mixin.mixin.mixin_argument.MixinArgumentDecorator object at 0x7f9f71f0efa0>)
[4.534s] Level 1:colcon.colcon_core.package_discovery:discover_packages(colcon_meta) check parameters
[4.534s] Level 1:colcon.colcon_core.package_discovery:discover_packages(recursive) check parameters
[4.534s] Level 1:colcon.colcon_core.package_discovery:discover_packages(ignore) check parameters
[4.534s] Level 1:colcon.colcon_core.package_discovery:discover_packages(path) check parameters
[4.534s] Level 1:colcon.colcon_core.package_discovery:discover_packages(colcon_meta) discover
[4.534s] Level 1:colcon.colcon_core.package_discovery:discover_packages(recursive) discover
[4.534s] INFO:colcon.colcon_core.package_discovery:Crawling recursively for packages in '/home/alvaro/workspace/ros_ur_driver'
[4.535s] Level 1:colcon.colcon_core.package_identification:_identify(.) by extensions ['ignore', 'ignore_ament_install']
[4.535s] Level 1:colcon.colcon_core.package_identification:_identify(.) by extension 'ignore'
[4.535s] Level 1:colcon.colcon_core.package_identification:_identify(.) by extension 'ignore_ament_install'
[4.535s] Level 1:colcon.colcon_core.package_identification:_identify(.) by extensions ['colcon_pkg']
[4.535s] Level 1:colcon.colcon_core.package_identification:_identify(.) by extension 'colcon_pkg'
[4.535s] Level 1:colcon.colcon_core.package_identification:_identify(.) by extensions ['colcon_meta']
[4.535s] Level 1:colcon.colcon_core.package_identification:_identify(.) by extension 'colcon_meta'
[4.535s] Level 1:colcon.colcon_core.package_identification:_identify(.) by extensions ['ros']
[4.535s] Level 1:colcon.colcon_core.package_identification:_identify(.) by extension 'ros'
[4.551s] Level 1:colcon.colcon_core.package_identification:_identify(.) by extensions ['cmake', 'python']
[4.551s] Level 1:colcon.colcon_core.package_identification:_identify(.) by extension 'cmake'
[4.551s] Level 1:colcon.colcon_core.package_identification:_identify(.) by extension 'python'
[4.551s] Level 1:colcon.colcon_core.package_identification:_identify(.) by extensions ['python_setup_py']
[4.552s] Level 1:colcon.colcon_core.package_identification:_identify(.) by extension 'python_setup_py'
[4.552s] Level 1:colcon.colcon_core.package_identification:_identify(build) by extensions ['ignore', 'ignore_ament_install']
[4.552s] Level 1:colcon.colcon_core.package_identification:_identify(build) by extension 'ignore'
[4.552s] Level 1:colcon.colcon_core.package_identification:_identify(build) ignored
[4.552s] Level 1:colcon.colcon_core.package_identification:_identify(install) by extensions ['ignore', 'ignore_ament_install']
[4.552s] Level 1:colcon.colcon_core.package_identification:_identify(install) by extension 'ignore'
[4.552s] Level 1:colcon.colcon_core.package_identification:_identify(install) ignored
[4.552s] Level 1:colcon.colcon_core.package_identification:_identify(log) by extensions ['ignore', 'ignore_ament_install']
[4.552s] Level 1:colcon.colcon_core.package_identification:_identify(log) by extension 'ignore'
[4.552s] Level 1:colcon.colcon_core.package_identification:_identify(log) ignored
[4.553s] Level 1:colcon.colcon_core.package_identification:_identify(src) by extensions ['ignore', 'ignore_ament_install']
[4.553s] Level 1:colcon.colcon_core.package_identification:_identify(src) by extension 'ignore'
[4.553s] Level 1:colcon.colcon_core.package_identification:_identify(src) by extension 'ignore_ament_install'
[4.553s] Level 1:colcon.colcon_core.package_identification:_identify(src) by extensions ['colcon_pkg']
[4.553s] Level 1:colcon.colcon_core.package_identification:_identify(src) by extension 'colcon_pkg'
[4.553s] Level 1:colcon.colcon_core.package_identification:_identify(src) by extensions ['colcon_meta']
[4.553s] Level 1:colcon.colcon_core.package_identification:_identify(src) by extension 'colcon_meta'
[4.553s] Level 1:colcon.colcon_core.package_identification:_identify(src) by extensions ['ros']
[4.553s] Level 1:colcon.colcon_core.package_identification:_identify(src) by extension 'ros'
[4.553s] Level 1:colcon.colcon_core.package_identification:_identify(src) by extensions ['cmake', 'python']
[4.553s] Level 1:colcon.colcon_core.package_identification:_identify(src) by extension 'cmake'
[4.553s] Level 1:colcon.colcon_core.package_identification:_identify(src) by extension 'python'
[4.553s] Level 1:colcon.colcon_core.package_identification:_identify(src) by extensions ['python_setup_py']
[4.553s] Level 1:colcon.colcon_core.package_identification:_identify(src) by extension 'python_setup_py'
[4.553s] Level 1:colcon.colcon_core.package_identification:_identify(src/Universal_Robots_ROS2_Driver) by extensions ['ignore', 'ignore_ament_install']
[4.554s] Level 1:colcon.colcon_core.package_identification:_identify(src/Universal_Robots_ROS2_Driver) by extension 'ignore'
[4.554s] Level 1:colcon.colcon_core.package_identification:_identify(src/Universal_Robots_ROS2_Driver) by extension 'ignore_ament_install'
[4.554s] Level 1:colcon.colcon_core.package_identification:_identify(src/Universal_Robots_ROS2_Driver) by extensions ['colcon_pkg']
[4.554s] Level 1:colcon.colcon_core.package_identification:_identify(src/Universal_Robots_ROS2_Driver) by extension 'colcon_pkg'
[4.554s] Level 1:colcon.colcon_core.package_identification:_identify(src/Universal_Robots_ROS2_Driver) by extensions ['colcon_meta']
[4.554s] Level 1:colcon.colcon_core.package_identification:_identify(src/Universal_Robots_ROS2_Driver) by extension 'colcon_meta'
[4.554s] Level 1:colcon.colcon_core.package_identification:_identify(src/Universal_Robots_ROS2_Driver) by extensions ['ros']
[4.554s] Level 1:colcon.colcon_core.package_identification:_identify(src/Universal_Robots_ROS2_Driver) by extension 'ros'
[4.554s] Level 1:colcon.colcon_core.package_identification:_identify(src/Universal_Robots_ROS2_Driver) by extensions ['cmake', 'python']
[4.554s] Level 1:colcon.colcon_core.package_identification:_identify(src/Universal_Robots_ROS2_Driver) by extension 'cmake'
[4.554s] Level 1:colcon.colcon_core.package_identification:_identify(src/Universal_Robots_ROS2_Driver) by extension 'python'
[4.554s] Level 1:colcon.colcon_core.package_identification:_identify(src/Universal_Robots_ROS2_Driver) by extensions ['python_setup_py']
[4.554s] Level 1:colcon.colcon_core.package_identification:_identify(src/Universal_Robots_ROS2_Driver) by extension 'python_setup_py'
[4.554s] Level 1:colcon.colcon_core.package_identification:_identify(src/Universal_Robots_ROS2_Driver/py_srvcli) by extensions ['ignore', 'ignore_ament_install']
[4.554s] Level 1:colcon.colcon_core.package_identification:_identify(src/Universal_Robots_ROS2_Driver/py_srvcli) by extension 'ignore'
[4.555s] Level 1:colcon.colcon_core.package_identification:_identify(src/Universal_Robots_ROS2_Driver/py_srvcli) by extension 'ignore_ament_install'
[4.555s] Level 1:colcon.colcon_core.package_identification:_identify(src/Universal_Robots_ROS2_Driver/py_srvcli) by extensions ['colcon_pkg']
[4.555s] Level 1:colcon.colcon_core.package_identification:_identify(src/Universal_Robots_ROS2_Driver/py_srvcli) by extension 'colcon_pkg'
[4.555s] Level 1:colcon.colcon_core.package_identification:_identify(src/Universal_Robots_ROS2_Driver/py_srvcli) by extensions ['colcon_meta']
[4.555s] Level 1:colcon.colcon_core.package_identification:_identify(src/Universal_Robots_ROS2_Driver/py_srvcli) by extension 'colcon_meta'
[4.555s] Level 1:colcon.colcon_core.package_identification:_identify(src/Universal_Robots_ROS2_Driver/py_srvcli) by extensions ['ros']
[4.555s] Level 1:colcon.colcon_core.package_identification:_identify(src/Universal_Robots_ROS2_Driver/py_srvcli) by extension 'ros'
[4.558s] DEBUG:colcon.colcon_core.package_identification:Package 'src/Universal_Robots_ROS2_Driver/py_srvcli' with type 'ros.ament_python' and name 'py_srvcli'
[4.558s] Level 1:colcon.colcon_core.package_identification:_identify(src/Universal_Robots_ROS2_Driver/ur_bringup) by extensions ['ignore', 'ignore_ament_install']
[4.558s] Level 1:colcon.colcon_core.package_identification:_identify(src/Universal_Robots_ROS2_Driver/ur_bringup) by extension 'ignore'
[4.558s] Level 1:colcon.colcon_core.package_identification:_identify(src/Universal_Robots_ROS2_Driver/ur_bringup) by extension 'ignore_ament_install'
[4.559s] Level 1:colcon.colcon_core.package_identification:_identify(src/Universal_Robots_ROS2_Driver/ur_bringup) by extensions ['colcon_pkg']
[4.559s] Level 1:colcon.colcon_core.package_identification:_identify(src/Universal_Robots_ROS2_Driver/ur_bringup) by extension 'colcon_pkg'
[4.559s] Level 1:colcon.colcon_core.package_identification:_identify(src/Universal_Robots_ROS2_Driver/ur_bringup) by extensions ['colcon_meta']
[4.559s] Level 1:colcon.colcon_core.package_identification:_identify(src/Universal_Robots_ROS2_Driver/ur_bringup) by extension 'colcon_meta'
[4.559s] Level 1:colcon.colcon_core.package_identification:_identify(src/Universal_Robots_ROS2_Driver/ur_bringup) by extensions ['ros']
[4.559s] Level 1:colcon.colcon_core.package_identification:_identify(src/Universal_Robots_ROS2_Driver/ur_bringup) by extension 'ros'
[4.560s] DEBUG:colcon.colcon_core.package_identification:Package 'src/Universal_Robots_ROS2_Driver/ur_bringup' with type 'ros.ament_cmake' and name 'ur_bringup'
[4.560s] Level 1:colcon.colcon_core.package_identification:_identify(src/Universal_Robots_ROS2_Driver/ur_calibration) by extensions ['ignore', 'ignore_ament_install']
[4.560s] Level 1:colcon.colcon_core.package_identification:_identify(src/Universal_Robots_ROS2_Driver/ur_calibration) by extension 'ignore'
[4.560s] Level 1:colcon.colcon_core.package_identification:_identify(src/Universal_Robots_ROS2_Driver/ur_calibration) by extension 'ignore_ament_install'
[4.560s] Level 1:colcon.colcon_core.package_identification:_identify(src/Universal_Robots_ROS2_Driver/ur_calibration) by extensions ['colcon_pkg']
[4.560s] Level 1:colcon.colcon_core.package_identification:_identify(src/Universal_Robots_ROS2_Driver/ur_calibration) by extension 'colcon_pkg'
[4.560s] Level 1:colcon.colcon_core.package_identification:_identify(src/Universal_Robots_ROS2_Driver/ur_calibration) by extensions ['colcon_meta']
[4.560s] Level 1:colcon.colcon_core.package_identification:_identify(src/Universal_Robots_ROS2_Driver/ur_calibration) by extension 'colcon_meta'
[4.560s] Level 1:colcon.colcon_core.package_identification:_identify(src/Universal_Robots_ROS2_Driver/ur_calibration) by extensions ['ros']
[4.560s] Level 1:colcon.colcon_core.package_identification:_identify(src/Universal_Robots_ROS2_Driver/ur_calibration) by extension 'ros'
[4.561s] DEBUG:colcon.colcon_core.package_identification:Package 'src/Universal_Robots_ROS2_Driver/ur_calibration' with type 'ros.ament_cmake' and name 'ur_calibration'
[4.562s] Level 1:colcon.colcon_core.package_identification:_identify(src/Universal_Robots_ROS2_Driver/ur_controllers) by extensions ['ignore', 'ignore_ament_install']
[4.562s] Level 1:colcon.colcon_core.package_identification:_identify(src/Universal_Robots_ROS2_Driver/ur_controllers) by extension 'ignore'
[4.562s] Level 1:colcon.colcon_core.package_identification:_identify(src/Universal_Robots_ROS2_Driver/ur_controllers) by extension 'ignore_ament_install'
[4.562s] Level 1:colcon.colcon_core.package_identification:_identify(src/Universal_Robots_ROS2_Driver/ur_controllers) by extensions ['colcon_pkg']
[4.562s] Level 1:colcon.colcon_core.package_identification:_identify(src/Universal_Robots_ROS2_Driver/ur_controllers) by extension 'colcon_pkg'
[4.562s] Level 1:colcon.colcon_core.package_identification:_identify(src/Universal_Robots_ROS2_Driver/ur_controllers) by extensions ['colcon_meta']
[4.562s] Level 1:colcon.colcon_core.package_identification:_identify(src/Universal_Robots_ROS2_Driver/ur_controllers) by extension 'colcon_meta'
[4.562s] Level 1:colcon.colcon_core.package_identification:_identify(src/Universal_Robots_ROS2_Driver/ur_controllers) by extensions ['ros']
[4.562s] Level 1:colcon.colcon_core.package_identification:_identify(src/Universal_Robots_ROS2_Driver/ur_controllers) by extension 'ros'
[4.564s] DEBUG:colcon.colcon_core.package_identification:Package 'src/Universal_Robots_ROS2_Driver/ur_controllers' with type 'ros.ament_cmake' and name 'ur_controllers'
[4.564s] Level 1:colcon.colcon_core.package_identification:_identify(src/Universal_Robots_ROS2_Driver/ur_dashboard_msgs) by extensions ['ignore', 'ignore_ament_install']
[4.564s] Level 1:colcon.colcon_core.package_identification:_identify(src/Universal_Robots_ROS2_Driver/ur_dashboard_msgs) by extension 'ignore'
[4.564s] Level 1:colcon.colcon_core.package_identification:_identify(src/Universal_Robots_ROS2_Driver/ur_dashboard_msgs) by extension 'ignore_ament_install'
[4.564s] Level 1:colcon.colcon_core.package_identification:_identify(src/Universal_Robots_ROS2_Driver/ur_dashboard_msgs) by extensions ['colcon_pkg']
[4.564s] Level 1:colcon.colcon_core.package_identification:_identify(src/Universal_Robots_ROS2_Driver/ur_dashboard_msgs) by extension 'colcon_pkg'
[4.564s] Level 1:colcon.colcon_core.package_identification:_identify(src/Universal_Robots_ROS2_Driver/ur_dashboard_msgs) by extensions ['colcon_meta']
[4.564s] Level 1:colcon.colcon_core.package_identification:_identify(src/Universal_Robots_ROS2_Driver/ur_dashboard_msgs) by extension 'colcon_meta'
[4.564s] Level 1:colcon.colcon_core.package_identification:_identify(src/Universal_Robots_ROS2_Driver/ur_dashboard_msgs) by extensions ['ros']
[4.564s] Level 1:colcon.colcon_core.package_identification:_identify(src/Universal_Robots_ROS2_Driver/ur_dashboard_msgs) by extension 'ros'
[4.565s] DEBUG:colcon.colcon_core.package_identification:Package 'src/Universal_Robots_ROS2_Driver/ur_dashboard_msgs' with type 'ros.ament_cmake' and name 'ur_dashboard_msgs'
[4.565s] Level 1:colcon.colcon_core.package_identification:_identify(src/Universal_Robots_ROS2_Driver/ur_description) by extensions ['ignore', 'ignore_ament_install']
[4.565s] Level 1:colcon.colcon_core.package_identification:_identify(src/Universal_Robots_ROS2_Driver/ur_description) by extension 'ignore'
[4.565s] Level 1:colcon.colcon_core.package_identification:_identify(src/Universal_Robots_ROS2_Driver/ur_description) by extension 'ignore_ament_install'
[4.565s] Level 1:colcon.colcon_core.package_identification:_identify(src/Universal_Robots_ROS2_Driver/ur_description) by extensions ['colcon_pkg']
[4.565s] Level 1:colcon.colcon_core.package_identification:_identify(src/Universal_Robots_ROS2_Driver/ur_description) by extension 'colcon_pkg'
[4.566s] Level 1:colcon.colcon_core.package_identification:_identify(src/Universal_Robots_ROS2_Driver/ur_description) by extensions ['colcon_meta']
[4.566s] Level 1:colcon.colcon_core.package_identification:_identify(src/Universal_Robots_ROS2_Driver/ur_description) by extension 'colcon_meta'
[4.566s] Level 1:colcon.colcon_core.package_identification:_identify(src/Universal_Robots_ROS2_Driver/ur_description) by extensions ['ros']
[4.566s] Level 1:colcon.colcon_core.package_identification:_identify(src/Universal_Robots_ROS2_Driver/ur_description) by extension 'ros'
[4.566s] DEBUG:colcon.colcon_core.package_identification:Package 'src/Universal_Robots_ROS2_Driver/ur_description' with type 'ros.ament_cmake' and name 'ur_description'
[4.567s] Level 1:colcon.colcon_core.package_identification:_identify(src/Universal_Robots_ROS2_Driver/ur_moveit_config) by extensions ['ignore', 'ignore_ament_install']
[4.567s] Level 1:colcon.colcon_core.package_identification:_identify(src/Universal_Robots_ROS2_Driver/ur_moveit_config) by extension 'ignore'
[4.567s] Level 1:colcon.colcon_core.package_identification:_identify(src/Universal_Robots_ROS2_Driver/ur_moveit_config) by extension 'ignore_ament_install'
[4.567s] Level 1:colcon.colcon_core.package_identification:_identify(src/Universal_Robots_ROS2_Driver/ur_moveit_config) by extensions ['colcon_pkg']
[4.567s] Level 1:colcon.colcon_core.package_identification:_identify(src/Universal_Robots_ROS2_Driver/ur_moveit_config) by extension 'colcon_pkg'
[4.567s] Level 1:colcon.colcon_core.package_identification:_identify(src/Universal_Robots_ROS2_Driver/ur_moveit_config) by extensions ['colcon_meta']
[4.567s] Level 1:colcon.colcon_core.package_identification:_identify(src/Universal_Robots_ROS2_Driver/ur_moveit_config) by extension 'colcon_meta'
[4.567s] Level 1:colcon.colcon_core.package_identification:_identify(src/Universal_Robots_ROS2_Driver/ur_moveit_config) by extensions ['ros']
[4.567s] Level 1:colcon.colcon_core.package_identification:_identify(src/Universal_Robots_ROS2_Driver/ur_moveit_config) by extension 'ros'
[4.568s] DEBUG:colcon.colcon_core.package_identification:Package 'src/Universal_Robots_ROS2_Driver/ur_moveit_config' with type 'ros.ament_cmake' and name 'ur_moveit_config'
[4.568s] Level 1:colcon.colcon_core.package_identification:_identify(src/Universal_Robots_ROS2_Driver/ur_robot_driver) by extensions ['ignore', 'ignore_ament_install']
[4.568s] Level 1:colcon.colcon_core.package_identification:_identify(src/Universal_Robots_ROS2_Driver/ur_robot_driver) by extension 'ignore'
[4.568s] Level 1:colcon.colcon_core.package_identification:_identify(src/Universal_Robots_ROS2_Driver/ur_robot_driver) by extension 'ignore_ament_install'
[4.568s] Level 1:colcon.colcon_core.package_identification:_identify(src/Universal_Robots_ROS2_Driver/ur_robot_driver) by extensions ['colcon_pkg']
[4.568s] Level 1:colcon.colcon_core.package_identification:_identify(src/Universal_Robots_ROS2_Driver/ur_robot_driver) by extension 'colcon_pkg'
[4.568s] Level 1:colcon.colcon_core.package_identification:_identify(src/Universal_Robots_ROS2_Driver/ur_robot_driver) by extensions ['colcon_meta']
[4.568s] Level 1:colcon.colcon_core.package_identification:_identify(src/Universal_Robots_ROS2_Driver/ur_robot_driver) by extension 'colcon_meta'
[4.568s] Level 1:colcon.colcon_core.package_identification:_identify(src/Universal_Robots_ROS2_Driver/ur_robot_driver) by extensions ['ros']
[4.568s] Level 1:colcon.colcon_core.package_identification:_identify(src/Universal_Robots_ROS2_Driver/ur_robot_driver) by extension 'ros'
[4.570s] DEBUG:colcon.colcon_core.package_identification:Package 'src/Universal_Robots_ROS2_Driver/ur_robot_driver' with type 'ros.ament_cmake' and name 'ur_robot_driver'
[4.570s] Level 1:colcon.colcon_core.package_discovery:discover_packages(recursive) using defaults
[4.571s] Level 1:colcon.colcon_core.package_discovery:discover_packages(ignore) discover
[4.571s] Level 1:colcon.colcon_core.package_discovery:discover_packages(ignore) using defaults
[4.571s] Level 1:colcon.colcon_core.package_discovery:discover_packages(path) discover
[4.571s] Level 1:colcon.colcon_core.package_discovery:discover_packages(path) using defaults
[4.758s] INFO:colcon.colcon_core.package_selection:Skipping not selected package 'ur_dashboard_msgs' in 'src/Universal_Robots_ROS2_Driver/ur_dashboard_msgs'
[4.758s] INFO:colcon.colcon_core.package_selection:Skipping not selected package 'ur_description' in 'src/Universal_Robots_ROS2_Driver/ur_description'
[4.758s] INFO:colcon.colcon_core.package_selection:Skipping not selected package 'ur_moveit_config' in 'src/Universal_Robots_ROS2_Driver/ur_moveit_config'
[4.758s] INFO:colcon.colcon_core.package_selection:Skipping not selected package 'ur_controllers' in 'src/Universal_Robots_ROS2_Driver/ur_controllers'
[4.758s] INFO:colcon.colcon_core.package_selection:Skipping not selected package 'ur_bringup' in 'src/Universal_Robots_ROS2_Driver/ur_bringup'
[4.758s] INFO:colcon.colcon_core.package_selection:Skipping not selected package 'ur_robot_driver' in 'src/Universal_Robots_ROS2_Driver/ur_robot_driver'
[4.758s] INFO:colcon.colcon_core.package_selection:Skipping not selected package 'ur_calibration' in 'src/Universal_Robots_ROS2_Driver/ur_calibration'
[4.877s] Level 1:colcon.colcon_core.package_discovery:discover_packages(prefix_path) check parameters
[4.878s] Level 1:colcon.colcon_core.package_discovery:discover_packages(prefix_path) discover
[4.989s] DEBUG:colcon.colcon_installed_package_information.package_discovery:Found 8 installed packages in /home/alvaro/workspace/ros_ur_driver/install
[5.047s] DEBUG:colcon.colcon_installed_package_information.package_discovery:Found 7 installed packages in /home/alvaro/work_prueba/workspace/ros_ur_driver/install
[5.109s] DEBUG:colcon.colcon_installed_package_information.package_discovery:Found 38 installed packages in /home/alvaro/ros2_ws/install
[5.167s] DEBUG:colcon.colcon_installed_package_information.package_discovery:Found 28 installed packages in /home/alvaro/dev_ws/install
[5.222s] DEBUG:colcon.colcon_installed_package_information.package_discovery:Found 406 installed packages in /opt/ros/foxy
[5.227s] Level 1:colcon.colcon_core.package_discovery:discover_packages(prefix_path) using defaults
[5.466s] Level 5:colcon.colcon_core.verb:set package 'py_srvcli' build argument 'cmake_args' from command line to 'None'
[5.466s] Level 5:colcon.colcon_core.verb:set package 'py_srvcli' build argument 'cmake_target' from command line to 'None'
[5.466s] Level 5:colcon.colcon_core.verb:set package 'py_srvcli' build argument 'cmake_target_skip_unavailable' from command line to 'False'
[5.466s] Level 5:colcon.colcon_core.verb:set package 'py_srvcli' build argument 'cmake_clean_cache' from command line to 'False'
[5.466s] Level 5:colcon.colcon_core.verb:set package 'py_srvcli' build argument 'cmake_clean_first' from command line to 'False'
[5.466s] Level 5:colcon.colcon_core.verb:set package 'py_srvcli' build argument 'cmake_force_configure' from command line to 'False'
[5.466s] Level 5:colcon.colcon_core.verb:set package 'py_srvcli' build argument 'ament_cmake_args' from command line to 'None'
[5.466s] Level 5:colcon.colcon_core.verb:set package 'py_srvcli' build argument 'catkin_cmake_args' from command line to 'None'
[5.466s] Level 5:colcon.colcon_core.verb:set package 'py_srvcli' build argument 'catkin_skip_building_tests' from command line to 'False'
[5.467s] DEBUG:colcon.colcon_core.verb:Building package 'py_srvcli' with the following arguments: {'ament_cmake_args': None, 'build_base': '/home/alvaro/workspace/ros_ur_driver/build/py_srvcli', 'catkin_cmake_args': None, 'catkin_skip_building_tests': False, 'cmake_args': None, 'cmake_clean_cache': False, 'cmake_clean_first': False, 'cmake_force_configure': False, 'cmake_target': None, 'cmake_target_skip_unavailable': False, 'install_base': '/home/alvaro/workspace/ros_ur_driver/install/py_srvcli', 'merge_install': False, 'path': '/home/alvaro/workspace/ros_ur_driver/src/Universal_Robots_ROS2_Driver/py_srvcli', 'symlink_install': False, 'test_result_base': None}
[5.518s] INFO:colcon.colcon_core.executor:Executing jobs using 'parallel' executor
[5.570s] DEBUG:colcon.colcon_parallel_executor.executor.parallel:run_until_complete
[5.570s] INFO:colcon.colcon_ros.task.ament_python.build:Building ROS package in '/home/alvaro/workspace/ros_ur_driver/src/Universal_Robots_ROS2_Driver/py_srvcli' with build type 'ament_python'
[5.571s] Level 1:colcon.colcon_core.shell:create_environment_hook('py_srvcli', 'ament_prefix_path')
[5.628s] INFO:colcon.colcon_core.plugin_system:Skipping extension 'colcon_core.shell.bat': Not used on non-Windows systems
[5.629s] INFO:colcon.colcon_core.shell:Creating environment hook '/home/alvaro/workspace/ros_ur_driver/install/py_srvcli/share/py_srvcli/hook/ament_prefix_path.ps1'
[5.629s] INFO:colcon.colcon_core.shell:Creating environment descriptor '/home/alvaro/workspace/ros_ur_driver/install/py_srvcli/share/py_srvcli/hook/ament_prefix_path.dsv'
[5.630s] INFO:colcon.colcon_core.shell:Creating environment hook '/home/alvaro/workspace/ros_ur_driver/install/py_srvcli/share/py_srvcli/hook/ament_prefix_path.sh'
[5.685s] INFO:colcon.colcon_core.shell:Skip shell extension 'powershell' for command environment: Not usable outside of PowerShell
[5.685s] DEBUG:colcon.colcon_core.shell:Skip shell extension 'dsv' for command environment
[6.399s] INFO:colcon.colcon_core.task.python.build:Building Python package in '/home/alvaro/workspace/ros_ur_driver/src/Universal_Robots_ROS2_Driver/py_srvcli'
[6.461s] INFO:colcon.colcon_core.shell:Skip shell extension 'powershell' for command environment: Not usable outside of PowerShell
[6.461s] DEBUG:colcon.colcon_core.shell:Skip shell extension 'dsv' for command environment
[7.405s] DEBUG:colcon.colcon_core.event_handler.log_command:Invoking command in '/home/alvaro/workspace/ros_ur_driver/src/Universal_Robots_ROS2_Driver/py_srvcli': PYTHONPATH=/home/alvaro/workspace/ros_ur_driver/build/py_srvcli/prefix_override:/home/alvaro/workspace/ros_ur_driver/install/py_srvcli/lib/python3.8/site-packages:${PYTHONPATH} /usr/bin/python3 setup.py egg_info --egg-base ../../../build/py_srvcli build --build-base /home/alvaro/workspace/ros_ur_driver/build/py_srvcli/build install --record /home/alvaro/workspace/ros_ur_driver/build/py_srvcli/install.log --install-scripts $base/lib/py_srvcli --single-version-externally-managed
[7.829s] DEBUG:colcon.colcon_core.event_handler.log_command:Invoked command in '/home/alvaro/workspace/ros_ur_driver/src/Universal_Robots_ROS2_Driver/py_srvcli' returned '0': PYTHONPATH=/home/alvaro/workspace/ros_ur_driver/build/py_srvcli/prefix_override:/home/alvaro/workspace/ros_ur_driver/install/py_srvcli/lib/python3.8/site-packages:${PYTHONPATH} /usr/bin/python3 setup.py egg_info --egg-base ../../../build/py_srvcli build --build-base /home/alvaro/workspace/ros_ur_driver/build/py_srvcli/build install --record /home/alvaro/workspace/ros_ur_driver/build/py_srvcli/install.log --install-scripts $base/lib/py_srvcli --single-version-externally-managed
[7.890s] Level 1:colcon.colcon_core.environment:checking '/home/alvaro/workspace/ros_ur_driver/install/py_srvcli' for CMake module files
[7.891s] Level 1:colcon.colcon_core.environment:checking '/home/alvaro/workspace/ros_ur_driver/install/py_srvcli' for CMake config files
[7.892s] Level 1:colcon.colcon_core.environment:checking '/home/alvaro/workspace/ros_ur_driver/install/py_srvcli/lib'
[7.892s] Level 1:colcon.colcon_core.environment:checking '/home/alvaro/workspace/ros_ur_driver/install/py_srvcli/bin'
[7.892s] Level 1:colcon.colcon_core.environment:checking '/home/alvaro/workspace/ros_ur_driver/install/py_srvcli/lib/pkgconfig/py_srvcli.pc'
[7.892s] Level 1:colcon.colcon_core.environment:checking '/home/alvaro/workspace/ros_ur_driver/install/py_srvcli/lib/python3.8/site-packages'
[7.892s] Level 1:colcon.colcon_core.shell:create_environment_hook('py_srvcli', 'pythonpath')
[7.948s] INFO:colcon.colcon_core.shell:Creating environment hook '/home/alvaro/workspace/ros_ur_driver/install/py_srvcli/share/py_srvcli/hook/pythonpath.ps1'
[7.948s] INFO:colcon.colcon_core.shell:Creating environment descriptor '/home/alvaro/workspace/ros_ur_driver/install/py_srvcli/share/py_srvcli/hook/pythonpath.dsv'
[7.948s] INFO:colcon.colcon_core.shell:Creating environment hook '/home/alvaro/workspace/ros_ur_driver/install/py_srvcli/share/py_srvcli/hook/pythonpath.sh'
[7.949s] Level 1:colcon.colcon_core.environment:checking '/home/alvaro/workspace/ros_ur_driver/install/py_srvcli/bin'
[7.949s] Level 1:colcon.colcon_core.environment:create_environment_scripts_only(py_srvcli)
[8.006s] INFO:colcon.colcon_core.shell:Creating package script '/home/alvaro/workspace/ros_ur_driver/install/py_srvcli/share/py_srvcli/package.ps1'
[8.007s] INFO:colcon.colcon_core.shell:Creating package descriptor '/home/alvaro/workspace/ros_ur_driver/install/py_srvcli/share/py_srvcli/package.dsv'
[8.007s] INFO:colcon.colcon_core.shell:Creating package script '/home/alvaro/workspace/ros_ur_driver/install/py_srvcli/share/py_srvcli/package.sh'
[8.008s] INFO:colcon.colcon_core.shell:Creating package script '/home/alvaro/workspace/ros_ur_driver/install/py_srvcli/share/py_srvcli/package.bash'
[8.009s] INFO:colcon.colcon_core.shell:Creating package script '/home/alvaro/workspace/ros_ur_driver/install/py_srvcli/share/py_srvcli/package.zsh'
[8.010s] Level 1:colcon.colcon_core.environment:create_file_with_runtime_dependencies(/home/alvaro/workspace/ros_ur_driver/install/py_srvcli/share/colcon-core/packages/py_srvcli)
[8.010s] DEBUG:colcon.colcon_parallel_executor.executor.parallel:closing loop
[8.011s] DEBUG:colcon.colcon_parallel_executor.executor.parallel:loop closed
[8.011s] DEBUG:colcon.colcon_parallel_executor.executor.parallel:run_until_complete finished with '0'
[8.011s] DEBUG:colcon.colcon_core.event_reactor:joining thread
[8.078s] INFO:colcon.colcon_core.plugin_system:Skipping extension 'colcon_notification.desktop_notification.terminal_notifier': Not used on non-Darwin systems
[8.078s] INFO:colcon.colcon_core.plugin_system:Skipping extension 'colcon_notification.desktop_notification.win32': Not used on non-Windows systems
[8.078s] INFO:colcon.colcon_notification.desktop_notification:Sending desktop notification using 'notify2'
[8.101s] DEBUG:colcon.colcon_core.event_reactor:joined thread
[8.183s] INFO:colcon.colcon_core.shell:Creating prefix script '/home/alvaro/workspace/ros_ur_driver/install/local_setup.ps1'
[8.184s] INFO:colcon.colcon_core.shell:Creating prefix util module '/home/alvaro/workspace/ros_ur_driver/install/_local_setup_util_ps1.py'
[8.185s] INFO:colcon.colcon_core.shell:Creating prefix chain script '/home/alvaro/workspace/ros_ur_driver/install/setup.ps1'
[8.251s] INFO:colcon.colcon_core.shell:Creating prefix script '/home/alvaro/workspace/ros_ur_driver/install/local_setup.sh'
[8.252s] INFO:colcon.colcon_core.shell:Creating prefix util module '/home/alvaro/workspace/ros_ur_driver/install/_local_setup_util_sh.py'
[8.252s] INFO:colcon.colcon_core.shell:Creating prefix chain script '/home/alvaro/workspace/ros_ur_driver/install/setup.sh'
[8.311s] INFO:colcon.colcon_core.shell:Creating prefix script '/home/alvaro/workspace/ros_ur_driver/install/local_setup.bash'
[8.312s] INFO:colcon.colcon_core.shell:Creating prefix chain script '/home/alvaro/workspace/ros_ur_driver/install/setup.bash'
[8.371s] INFO:colcon.colcon_core.shell:Creating prefix script '/home/alvaro/workspace/ros_ur_driver/install/local_setup.zsh'
[8.371s] INFO:colcon.colcon_core.shell:Creating prefix chain script '/home/alvaro/workspace/ros_ur_driver/install/setup.zsh'
