[2.157s] Invoking command in '/home/alvaro/workspace/ros_ur_driver/src/Universal_Robots_ROS2_Driver/py_srvcli': PYTHONPATH=/home/alvaro/workspace/ros_ur_driver/build/py_srvcli/prefix_override:/home/alvaro/workspace/ros_ur_driver/install/py_srvcli/lib/python3.8/site-packages:${PYTHONPATH} /usr/bin/python3 setup.py egg_info --egg-base ../../../build/py_srvcli build --build-base /home/alvaro/workspace/ros_ur_driver/build/py_srvcli/build install --record /home/alvaro/workspace/ros_ur_driver/build/py_srvcli/install.log --install-scripts $base/lib/py_srvcli --single-version-externally-managed
[2.497s] running egg_info
[2.498s] writing ../../../build/py_srvcli/py_srvcli.egg-info/PKG-INFO
[2.498s] writing dependency_links to ../../../build/py_srvcli/py_srvcli.egg-info/dependency_links.txt
[2.498s] writing entry points to ../../../build/py_srvcli/py_srvcli.egg-info/entry_points.txt
[2.498s] writing requirements to ../../../build/py_srvcli/py_srvcli.egg-info/requires.txt
[2.499s] writing top-level names to ../../../build/py_srvcli/py_srvcli.egg-info/top_level.txt
[2.544s] reading manifest file '../../../build/py_srvcli/py_srvcli.egg-info/SOURCES.txt'
[2.546s] writing manifest file '../../../build/py_srvcli/py_srvcli.egg-info/SOURCES.txt'
[2.547s] running build
[2.548s] running build_py
[2.548s] running install
[2.550s] running install_lib
[2.550s] running install_data
[2.550s] running install_egg_info
[2.554s] removing '/home/alvaro/workspace/ros_ur_driver/install/py_srvcli/lib/python3.8/site-packages/py_srvcli-0.0.0-py3.8.egg-info' (and everything under it)
[2.554s] Copying ../../../build/py_srvcli/py_srvcli.egg-info to /home/alvaro/workspace/ros_ur_driver/install/py_srvcli/lib/python3.8/site-packages/py_srvcli-0.0.0-py3.8.egg-info
[2.555s] running install_scripts
[2.578s] Installing client script to /home/alvaro/workspace/ros_ur_driver/install/py_srvcli/lib/py_srvcli
[2.579s] Installing prueba script to /home/alvaro/workspace/ros_ur_driver/install/py_srvcli/lib/py_srvcli
[2.579s] Installing service script to /home/alvaro/workspace/ros_ur_driver/install/py_srvcli/lib/py_srvcli
[2.579s] writing list of installed files to '/home/alvaro/workspace/ros_ur_driver/build/py_srvcli/install.log'
[2.611s] Invoked command in '/home/alvaro/workspace/ros_ur_driver/src/Universal_Robots_ROS2_Driver/py_srvcli' returned '0': PYTHONPATH=/home/alvaro/workspace/ros_ur_driver/build/py_srvcli/prefix_override:/home/alvaro/workspace/ros_ur_driver/install/py_srvcli/lib/python3.8/site-packages:${PYTHONPATH} /usr/bin/python3 setup.py egg_info --egg-base ../../../build/py_srvcli build --build-base /home/alvaro/workspace/ros_ur_driver/build/py_srvcli/build install --record /home/alvaro/workspace/ros_ur_driver/build/py_srvcli/install.log --install-scripts $base/lib/py_srvcli --single-version-externally-managed
