[1.309s] Invoking command in '/home/alvaro/workspace/ros_ur_driver/src/Universal_Robots_ROS2_Driver/py_srvcli': PYTHONPATH=/home/alvaro/workspace/ros_ur_driver/build/py_srvcli/prefix_override:/home/alvaro/workspace/ros_ur_driver/install/py_srvcli/lib/python3.8/site-packages:${PYTHONPATH} /usr/bin/python3 setup.py egg_info --egg-base ../../../build/py_srvcli build --build-base /home/alvaro/workspace/ros_ur_driver/build/py_srvcli/build install --record /home/alvaro/workspace/ros_ur_driver/build/py_srvcli/install.log --install-scripts $base/lib/py_srvcli --single-version-externally-managed
[1.529s] running egg_info
[1.530s] writing ../../../build/py_srvcli/py_srvcli.egg-info/PKG-INFO
[1.531s] writing dependency_links to ../../../build/py_srvcli/py_srvcli.egg-info/dependency_links.txt
[1.532s] writing entry points to ../../../build/py_srvcli/py_srvcli.egg-info/entry_points.txt
[1.532s] writing requirements to ../../../build/py_srvcli/py_srvcli.egg-info/requires.txt
[1.533s] writing top-level names to ../../../build/py_srvcli/py_srvcli.egg-info/top_level.txt
[1.562s] reading manifest file '../../../build/py_srvcli/py_srvcli.egg-info/SOURCES.txt'
[1.563s] writing manifest file '../../../build/py_srvcli/py_srvcli.egg-info/SOURCES.txt'
[1.564s] running build
[1.565s] running build_py
[1.566s] running install
[1.566s] running install_lib
[1.568s] running install_data
[1.568s] running install_egg_info
[1.570s] removing '/home/alvaro/workspace/ros_ur_driver/install/py_srvcli/lib/python3.8/site-packages/py_srvcli-0.0.0-py3.8.egg-info' (and everything under it)
[1.571s] Copying ../../../build/py_srvcli/py_srvcli.egg-info to /home/alvaro/workspace/ros_ur_driver/install/py_srvcli/lib/python3.8/site-packages/py_srvcli-0.0.0-py3.8.egg-info
[1.572s] running install_scripts
[1.584s] Installing client script to /home/alvaro/workspace/ros_ur_driver/install/py_srvcli/lib/py_srvcli
[1.585s] Installing prueba script to /home/alvaro/workspace/ros_ur_driver/install/py_srvcli/lib/py_srvcli
[1.585s] Installing service script to /home/alvaro/workspace/ros_ur_driver/install/py_srvcli/lib/py_srvcli
[1.585s] writing list of installed files to '/home/alvaro/workspace/ros_ur_driver/build/py_srvcli/install.log'
[1.747s] Invoked command in '/home/alvaro/workspace/ros_ur_driver/src/Universal_Robots_ROS2_Driver/py_srvcli' returned '0': PYTHONPATH=/home/alvaro/workspace/ros_ur_driver/build/py_srvcli/prefix_override:/home/alvaro/workspace/ros_ur_driver/install/py_srvcli/lib/python3.8/site-packages:${PYTHONPATH} /usr/bin/python3 setup.py egg_info --egg-base ../../../build/py_srvcli build --build-base /home/alvaro/workspace/ros_ur_driver/build/py_srvcli/build install --record /home/alvaro/workspace/ros_ur_driver/build/py_srvcli/install.log --install-scripts $base/lib/py_srvcli --single-version-externally-managed
