-- The C compiler identification is GNU 9.4.0
-- The CXX compiler identification is GNU 9.4.0
-- Check for working C compiler: /usr/bin/cc
-- Check for working C compiler: /usr/bin/cc -- works
-- Detecting C compiler ABI info
-- Detecting C compiler ABI info - done
-- Detecting C compile features
-- Detecting C compile features - done
-- Check for working CXX compiler: /usr/bin/c++
-- Check for working CXX compiler: /usr/bin/c++ -- works
-- Detecting CXX compiler ABI info
-- Detecting CXX compiler ABI info - done
-- Detecting CXX compile features
-- Detecting CXX compile features - done
-- Found ament_cmake: 0.9.12 (/opt/ros/foxy/share/ament_cmake/cmake)
-- Found PythonInterp: /usr/bin/python3 (found suitable version "3.8.10", minimum required is "3") 
-- Using PYTHON_EXECUTABLE: /usr/bin/python3
-- Found controller_interface: 0.11.0 (/home/alvaro/ros2_ws/install/controller_interface/share/controller_interface/cmake)
-- Using all available rosidl_typesupport_c: rosidl_typesupport_fastrtps_c;rosidl_typesupport_introspection_c
-- Found rosidl_adapter: 1.3.1 (/opt/ros/foxy/share/rosidl_adapter/cmake)
-- Found OpenSSL: /usr/lib/x86_64-linux-gnu/libcrypto.so (found version "1.1.1f")  
-- Found FastRTPS: /opt/ros/foxy/include  
-- Using all available rosidl_typesupport_cpp: rosidl_typesupport_fastrtps_cpp;rosidl_typesupport_introspection_cpp
-- Found rmw_implementation_cmake: 1.0.4 (/opt/ros/foxy/share/rmw_implementation_cmake/cmake)
-- Using RMW implementation 'rmw_fastrtps_cpp' as default
-- Looking for pthread.h
-- Looking for pthread.h - found
-- Performing Test CMAKE_HAVE_LIBC_PTHREAD
-- Performing Test CMAKE_HAVE_LIBC_PTHREAD - Failed
-- Looking for pthread_create in pthreads
-- Looking for pthread_create in pthreads - not found
-- Looking for pthread_create in pthread
-- Looking for pthread_create in pthread - found
-- Found Threads: TRUE  
-- Found joint_trajectory_controller: 0.9.0 (/home/alvaro/ros2_ws/install/joint_trajectory_controller/share/joint_trajectory_controller/cmake)
-- Found realtime_tools: 2.2.0 (/home/alvaro/ros2_ws/install/realtime_tools/share/realtime_tools/cmake)
-- Found ur_dashboard_msgs: 2.0.2 (/home/alvaro/workspace/ros_ur_driver/install/ur_dashboard_msgs/share/ur_dashboard_msgs/cmake)
-- Found ur_msgs: 2.0.0 (/opt/ros/foxy/share/ur_msgs/cmake)
-- Configuring done
-- Generating done
-- Build files have been written to: /home/alvaro/workspace/ros_ur_driver/build/ur_controllers
[35m[1mScanning dependencies of target ur_controllers[0m
[ 40%] [32mBuilding CXX object CMakeFiles/ur_controllers.dir/src/scaled_joint_trajectory_controller.cpp.o[0m
[ 40%] [32mBuilding CXX object CMakeFiles/ur_controllers.dir/src/speed_scaling_state_broadcaster.cpp.o[0m
[ 80%] [32mBuilding CXX object CMakeFiles/ur_controllers.dir/src/gpio_controller.cpp.o[0m
[ 80%] [32mBuilding CXX object CMakeFiles/ur_controllers.dir/src/force_torque_sensor_broadcaster.cpp.o[0m
[100%] [32m[1mLinking CXX shared library libur_controllers.so[0m
[100%] Built target ur_controllers
-- Install configuration: "Release"
-- Installing: /home/alvaro/workspace/ros_ur_driver/install/ur_controllers/share/ur_controllers/controller_plugins.xml
-- Installing: /home/alvaro/workspace/ros_ur_driver/install/ur_controllers/lib/libur_controllers.so
-- Set runtime path of "/home/alvaro/workspace/ros_ur_driver/install/ur_controllers/lib/libur_controllers.so" to ""
-- Installing: /home/alvaro/workspace/ros_ur_driver/install/ur_controllers/include
-- Installing: /home/alvaro/workspace/ros_ur_driver/install/ur_controllers/include/ur_controllers
-- Installing: /home/alvaro/workspace/ros_ur_driver/install/ur_controllers/include/ur_controllers/scaled_joint_trajectory_controller.hpp
-- Installing: /home/alvaro/workspace/ros_ur_driver/install/ur_controllers/include/ur_controllers/force_torque_sensor_broadcaster.hpp
-- Installing: /home/alvaro/workspace/ros_ur_driver/install/ur_controllers/include/ur_controllers/speed_scaling_state_broadcaster.hpp
-- Installing: /home/alvaro/workspace/ros_ur_driver/install/ur_controllers/include/ur_controllers/gpio_controller.hpp
-- Up-to-date: /home/alvaro/workspace/ros_ur_driver/install/ur_controllers/share/ur_controllers/controller_plugins.xml
-- Installing: /home/alvaro/workspace/ros_ur_driver/install/ur_controllers/share/ur_controllers/environment/library_path.sh
-- Installing: /home/alvaro/workspace/ros_ur_driver/install/ur_controllers/share/ur_controllers/environment/library_path.dsv
-- Installing: /home/alvaro/workspace/ros_ur_driver/install/ur_controllers/share/ament_index/resource_index/package_run_dependencies/ur_controllers
-- Installing: /home/alvaro/workspace/ros_ur_driver/install/ur_controllers/share/ament_index/resource_index/parent_prefix_path/ur_controllers
-- Installing: /home/alvaro/workspace/ros_ur_driver/install/ur_controllers/share/ur_controllers/environment/ament_prefix_path.sh
-- Installing: /home/alvaro/workspace/ros_ur_driver/install/ur_controllers/share/ur_controllers/environment/ament_prefix_path.dsv
-- Installing: /home/alvaro/workspace/ros_ur_driver/install/ur_controllers/share/ur_controllers/environment/path.sh
-- Installing: /home/alvaro/workspace/ros_ur_driver/install/ur_controllers/share/ur_controllers/environment/path.dsv
-- Installing: /home/alvaro/workspace/ros_ur_driver/install/ur_controllers/share/ur_controllers/local_setup.bash
-- Installing: /home/alvaro/workspace/ros_ur_driver/install/ur_controllers/share/ur_controllers/local_setup.sh
-- Installing: /home/alvaro/workspace/ros_ur_driver/install/ur_controllers/share/ur_controllers/local_setup.zsh
-- Installing: /home/alvaro/workspace/ros_ur_driver/install/ur_controllers/share/ur_controllers/local_setup.dsv
-- Installing: /home/alvaro/workspace/ros_ur_driver/install/ur_controllers/share/ur_controllers/package.dsv
-- Installing: /home/alvaro/workspace/ros_ur_driver/install/ur_controllers/share/ament_index/resource_index/packages/ur_controllers
-- Installing: /home/alvaro/workspace/ros_ur_driver/install/ur_controllers/share/ament_index/resource_index/controller_interface__pluginlib__plugin/ur_controllers
-- Installing: /home/alvaro/workspace/ros_ur_driver/install/ur_controllers/share/ur_controllers/cmake/ament_cmake_export_dependencies-extras.cmake
-- Installing: /home/alvaro/workspace/ros_ur_driver/install/ur_controllers/share/ur_controllers/cmake/ament_cmake_export_include_directories-extras.cmake
-- Installing: /home/alvaro/workspace/ros_ur_driver/install/ur_controllers/share/ur_controllers/cmake/ament_cmake_export_libraries-extras.cmake
-- Installing: /home/alvaro/workspace/ros_ur_driver/install/ur_controllers/share/ur_controllers/cmake/ur_controllersConfig.cmake
-- Installing: /home/alvaro/workspace/ros_ur_driver/install/ur_controllers/share/ur_controllers/cmake/ur_controllersConfig-version.cmake
-- Installing: /home/alvaro/workspace/ros_ur_driver/install/ur_controllers/share/ur_controllers/package.xml
