[0.958s] Invoking command in '/home/alvaro/workspace/ros_ur_driver/build/ur_dashboard_msgs': CMAKE_PREFIX_PATH=${CMAKE_PREFIX_PATH}:/home/alvaro/ros2_ws/install/ros2controlcli:/home/alvaro/ros2_ws/install/ros2_control_test_nodes:/home/alvaro/dev_ws/install/ros2test:/opt/ros/foxy /usr/bin/cmake --build /home/alvaro/workspace/ros_ur_driver/build/ur_dashboard_msgs -- -j12 -l12
[1.151s] [  0%] Built target ur_dashboard_msgs__cpp
[1.164s] [ 12%] Built target ur_dashboard_msgs__rosidl_generator_c
[1.222s] [ 24%] Built target ur_dashboard_msgs__rosidl_typesupport_cpp
[1.271s] [ 36%] Built target ur_dashboard_msgs__rosidl_typesupport_introspection_cpp
[1.272s] [ 48%] Built target ur_dashboard_msgs__rosidl_typesupport_c
[1.272s] [ 60%] Built target ur_dashboard_msgs__rosidl_typesupport_introspection_c
[1.273s] [ 72%] Built target ur_dashboard_msgs__rosidl_typesupport_fastrtps_cpp
[1.296s] [ 84%] Built target ur_dashboard_msgs__rosidl_typesupport_fastrtps_c
[1.342s] [ 84%] Built target ur_dashboard_msgs
[1.391s] [ 85%] Built target ur_dashboard_msgs__py
[1.461s] [ 96%] Built target ur_dashboard_msgs__python
[1.516s] [ 97%] Built target ur_dashboard_msgs__rosidl_typesupport_fastrtps_c__pyext
[1.520s] [ 98%] Built target ur_dashboard_msgs__rosidl_typesupport_c__pyext
[1.521s] [100%] Built target ur_dashboard_msgs__rosidl_typesupport_introspection_c__pyext
[1.888s] Invoked command in '/home/alvaro/workspace/ros_ur_driver/build/ur_dashboard_msgs' returned '0': CMAKE_PREFIX_PATH=${CMAKE_PREFIX_PATH}:/home/alvaro/ros2_ws/install/ros2controlcli:/home/alvaro/ros2_ws/install/ros2_control_test_nodes:/home/alvaro/dev_ws/install/ros2test:/opt/ros/foxy /usr/bin/cmake --build /home/alvaro/workspace/ros_ur_driver/build/ur_dashboard_msgs -- -j12 -l12
[2.670s] Invoking command in '/home/alvaro/workspace/ros_ur_driver/build/ur_dashboard_msgs': CMAKE_PREFIX_PATH=${CMAKE_PREFIX_PATH}:/home/alvaro/ros2_ws/install/ros2controlcli:/home/alvaro/ros2_ws/install/ros2_control_test_nodes:/home/alvaro/dev_ws/install/ros2test:/opt/ros/foxy /usr/bin/cmake --install /home/alvaro/workspace/ros_ur_driver/build/ur_dashboard_msgs
[2.697s] -- Install configuration: "Release"
[2.697s] -- Up-to-date: /home/alvaro/workspace/ros_ur_driver/install/ur_dashboard_msgs/share/ament_index/resource_index/rosidl_interfaces/ur_dashboard_msgs
[2.698s] -- Up-to-date: /home/alvaro/workspace/ros_ur_driver/install/ur_dashboard_msgs/include/ur_dashboard_msgs
[2.698s] -- Up-to-date: /home/alvaro/workspace/ros_ur_driver/install/ur_dashboard_msgs/include/ur_dashboard_msgs/srv
[2.698s] -- Up-to-date: /home/alvaro/workspace/ros_ur_driver/install/ur_dashboard_msgs/include/ur_dashboard_msgs/srv/load.h
[2.699s] -- Up-to-date: /home/alvaro/workspace/ros_ur_driver/install/ur_dashboard_msgs/include/ur_dashboard_msgs/srv/get_loaded_program.h
[2.699s] -- Up-to-date: /home/alvaro/workspace/ros_ur_driver/install/ur_dashboard_msgs/include/ur_dashboard_msgs/srv/get_robot_mode.h
[2.699s] -- Up-to-date: /home/alvaro/workspace/ros_ur_driver/install/ur_dashboard_msgs/include/ur_dashboard_msgs/srv/add_to_log.h
[2.700s] -- Up-to-date: /home/alvaro/workspace/ros_ur_driver/install/ur_dashboard_msgs/include/ur_dashboard_msgs/srv/popup.h
[2.700s] -- Up-to-date: /home/alvaro/workspace/ros_ur_driver/install/ur_dashboard_msgs/include/ur_dashboard_msgs/srv/get_safety_mode.h
[2.700s] -- Up-to-date: /home/alvaro/workspace/ros_ur_driver/install/ur_dashboard_msgs/include/ur_dashboard_msgs/srv/raw_request.h
[2.700s] -- Up-to-date: /home/alvaro/workspace/ros_ur_driver/install/ur_dashboard_msgs/include/ur_dashboard_msgs/srv/get_program_state.h
[2.701s] -- Up-to-date: /home/alvaro/workspace/ros_ur_driver/install/ur_dashboard_msgs/include/ur_dashboard_msgs/srv/detail
[2.701s] -- Up-to-date: /home/alvaro/workspace/ros_ur_driver/install/ur_dashboard_msgs/include/ur_dashboard_msgs/srv/detail/get_robot_mode__functions.h
[2.701s] -- Up-to-date: /home/alvaro/workspace/ros_ur_driver/install/ur_dashboard_msgs/include/ur_dashboard_msgs/srv/detail/is_program_running__type_support.h
[2.702s] -- Up-to-date: /home/alvaro/workspace/ros_ur_driver/install/ur_dashboard_msgs/include/ur_dashboard_msgs/srv/detail/is_program_saved__functions.h
[2.702s] -- Up-to-date: /home/alvaro/workspace/ros_ur_driver/install/ur_dashboard_msgs/include/ur_dashboard_msgs/srv/detail/get_loaded_program__functions.h
[2.703s] -- Up-to-date: /home/alvaro/workspace/ros_ur_driver/install/ur_dashboard_msgs/include/ur_dashboard_msgs/srv/detail/is_program_running__struct.h
[2.703s] -- Up-to-date: /home/alvaro/workspace/ros_ur_driver/install/ur_dashboard_msgs/include/ur_dashboard_msgs/srv/detail/load__functions.h
[2.703s] -- Up-to-date: /home/alvaro/workspace/ros_ur_driver/install/ur_dashboard_msgs/include/ur_dashboard_msgs/srv/detail/popup__struct.h
[2.703s] -- Up-to-date: /home/alvaro/workspace/ros_ur_driver/install/ur_dashboard_msgs/include/ur_dashboard_msgs/srv/detail/popup__functions.h
[2.704s] -- Up-to-date: /home/alvaro/workspace/ros_ur_driver/install/ur_dashboard_msgs/include/ur_dashboard_msgs/srv/detail/load__struct.h
[2.704s] -- Up-to-date: /home/alvaro/workspace/ros_ur_driver/install/ur_dashboard_msgs/include/ur_dashboard_msgs/srv/detail/get_program_state__functions.c
[2.705s] -- Up-to-date: /home/alvaro/workspace/ros_ur_driver/install/ur_dashboard_msgs/include/ur_dashboard_msgs/srv/detail/popup__functions.c
[2.705s] -- Up-to-date: /home/alvaro/workspace/ros_ur_driver/install/ur_dashboard_msgs/include/ur_dashboard_msgs/srv/detail/raw_request__functions.c
[2.705s] -- Up-to-date: /home/alvaro/workspace/ros_ur_driver/install/ur_dashboard_msgs/include/ur_dashboard_msgs/srv/detail/raw_request__type_support.h
[2.705s] -- Up-to-date: /home/alvaro/workspace/ros_ur_driver/install/ur_dashboard_msgs/include/ur_dashboard_msgs/srv/detail/is_program_saved__struct.h
[2.705s] -- Up-to-date: /home/alvaro/workspace/ros_ur_driver/install/ur_dashboard_msgs/include/ur_dashboard_msgs/srv/detail/load__type_support.h
[2.705s] -- Up-to-date: /home/alvaro/workspace/ros_ur_driver/install/ur_dashboard_msgs/include/ur_dashboard_msgs/srv/detail/add_to_log__type_support.h
[2.705s] -- Up-to-date: /home/alvaro/workspace/ros_ur_driver/install/ur_dashboard_msgs/include/ur_dashboard_msgs/srv/detail/get_safety_mode__functions.c
[2.705s] -- Up-to-date: /home/alvaro/workspace/ros_ur_driver/install/ur_dashboard_msgs/include/ur_dashboard_msgs/srv/detail/get_robot_mode__struct.h
[2.706s] -- Up-to-date: /home/alvaro/workspace/ros_ur_driver/install/ur_dashboard_msgs/include/ur_dashboard_msgs/srv/detail/raw_request__functions.h
[2.706s] -- Up-to-date: /home/alvaro/workspace/ros_ur_driver/install/ur_dashboard_msgs/include/ur_dashboard_msgs/srv/detail/raw_request__struct.h
[2.706s] -- Up-to-date: /home/alvaro/workspace/ros_ur_driver/install/ur_dashboard_msgs/include/ur_dashboard_msgs/srv/detail/is_program_running__functions.c
[2.706s] -- Up-to-date: /home/alvaro/workspace/ros_ur_driver/install/ur_dashboard_msgs/include/ur_dashboard_msgs/srv/detail/load__functions.c
[2.706s] -- Up-to-date: /home/alvaro/workspace/ros_ur_driver/install/ur_dashboard_msgs/include/ur_dashboard_msgs/srv/detail/get_safety_mode__struct.h
[2.706s] -- Up-to-date: /home/alvaro/workspace/ros_ur_driver/install/ur_dashboard_msgs/include/ur_dashboard_msgs/srv/detail/get_loaded_program__type_support.h
[2.706s] -- Up-to-date: /home/alvaro/workspace/ros_ur_driver/install/ur_dashboard_msgs/include/ur_dashboard_msgs/srv/detail/popup__type_support.h
[2.706s] -- Up-to-date: /home/alvaro/workspace/ros_ur_driver/install/ur_dashboard_msgs/include/ur_dashboard_msgs/srv/detail/add_to_log__struct.h
[2.706s] -- Up-to-date: /home/alvaro/workspace/ros_ur_driver/install/ur_dashboard_msgs/include/ur_dashboard_msgs/srv/detail/add_to_log__functions.c
[2.706s] -- Up-to-date: /home/alvaro/workspace/ros_ur_driver/install/ur_dashboard_msgs/include/ur_dashboard_msgs/srv/detail/get_program_state__struct.h
[2.707s] -- Up-to-date: /home/alvaro/workspace/ros_ur_driver/install/ur_dashboard_msgs/include/ur_dashboard_msgs/srv/detail/get_loaded_program__functions.c
[2.707s] -- Up-to-date: /home/alvaro/workspace/ros_ur_driver/install/ur_dashboard_msgs/include/ur_dashboard_msgs/srv/detail/is_program_saved__type_support.h
[2.707s] -- Up-to-date: /home/alvaro/workspace/ros_ur_driver/install/ur_dashboard_msgs/include/ur_dashboard_msgs/srv/detail/get_robot_mode__type_support.h
[2.707s] -- Up-to-date: /home/alvaro/workspace/ros_ur_driver/install/ur_dashboard_msgs/include/ur_dashboard_msgs/srv/detail/is_program_saved__functions.c
[2.707s] -- Up-to-date: /home/alvaro/workspace/ros_ur_driver/install/ur_dashboard_msgs/include/ur_dashboard_msgs/srv/detail/get_robot_mode__functions.c
[2.707s] -- Up-to-date: /home/alvaro/workspace/ros_ur_driver/install/ur_dashboard_msgs/include/ur_dashboard_msgs/srv/detail/get_loaded_program__struct.h
[2.707s] -- Up-to-date: /home/alvaro/workspace/ros_ur_driver/install/ur_dashboard_msgs/include/ur_dashboard_msgs/srv/detail/get_program_state__functions.h
[2.708s] -- Up-to-date: /home/alvaro/workspace/ros_ur_driver/install/ur_dashboard_msgs/include/ur_dashboard_msgs/srv/detail/get_safety_mode__type_support.h
[2.708s] -- Up-to-date: /home/alvaro/workspace/ros_ur_driver/install/ur_dashboard_msgs/include/ur_dashboard_msgs/srv/detail/get_safety_mode__functions.h
[2.708s] -- Up-to-date: /home/alvaro/workspace/ros_ur_driver/install/ur_dashboard_msgs/include/ur_dashboard_msgs/srv/detail/get_program_state__type_support.h
[2.708s] -- Up-to-date: /home/alvaro/workspace/ros_ur_driver/install/ur_dashboard_msgs/include/ur_dashboard_msgs/srv/detail/is_program_running__functions.h
[2.708s] -- Up-to-date: /home/alvaro/workspace/ros_ur_driver/install/ur_dashboard_msgs/include/ur_dashboard_msgs/srv/detail/add_to_log__functions.h
[2.708s] -- Up-to-date: /home/alvaro/workspace/ros_ur_driver/install/ur_dashboard_msgs/include/ur_dashboard_msgs/srv/is_program_saved.h
[2.708s] -- Up-to-date: /home/alvaro/workspace/ros_ur_driver/install/ur_dashboard_msgs/include/ur_dashboard_msgs/srv/is_program_running.h
[2.708s] -- Up-to-date: /home/alvaro/workspace/ros_ur_driver/install/ur_dashboard_msgs/include/ur_dashboard_msgs/action
[2.708s] -- Up-to-date: /home/alvaro/workspace/ros_ur_driver/install/ur_dashboard_msgs/include/ur_dashboard_msgs/action/set_mode.h
[2.709s] -- Up-to-date: /home/alvaro/workspace/ros_ur_driver/install/ur_dashboard_msgs/include/ur_dashboard_msgs/action/detail
[2.709s] -- Up-to-date: /home/alvaro/workspace/ros_ur_driver/install/ur_dashboard_msgs/include/ur_dashboard_msgs/action/detail/set_mode__functions.h
[2.709s] -- Up-to-date: /home/alvaro/workspace/ros_ur_driver/install/ur_dashboard_msgs/include/ur_dashboard_msgs/action/detail/set_mode__functions.c
[2.709s] -- Up-to-date: /home/alvaro/workspace/ros_ur_driver/install/ur_dashboard_msgs/include/ur_dashboard_msgs/action/detail/set_mode__type_support.h
[2.709s] -- Up-to-date: /home/alvaro/workspace/ros_ur_driver/install/ur_dashboard_msgs/include/ur_dashboard_msgs/action/detail/set_mode__struct.h
[2.709s] -- Up-to-date: /home/alvaro/workspace/ros_ur_driver/install/ur_dashboard_msgs/include/ur_dashboard_msgs/msg
[2.709s] -- Up-to-date: /home/alvaro/workspace/ros_ur_driver/install/ur_dashboard_msgs/include/ur_dashboard_msgs/msg/safety_mode.h
[2.709s] -- Up-to-date: /home/alvaro/workspace/ros_ur_driver/install/ur_dashboard_msgs/include/ur_dashboard_msgs/msg/rosidl_generator_c__visibility_control.h
[2.709s] -- Up-to-date: /home/alvaro/workspace/ros_ur_driver/install/ur_dashboard_msgs/include/ur_dashboard_msgs/msg/program_state.h
[2.709s] -- Up-to-date: /home/alvaro/workspace/ros_ur_driver/install/ur_dashboard_msgs/include/ur_dashboard_msgs/msg/detail
[2.709s] -- Up-to-date: /home/alvaro/workspace/ros_ur_driver/install/ur_dashboard_msgs/include/ur_dashboard_msgs/msg/detail/safety_mode__type_support.h
[2.709s] -- Up-to-date: /home/alvaro/workspace/ros_ur_driver/install/ur_dashboard_msgs/include/ur_dashboard_msgs/msg/detail/safety_mode__functions.h
[2.710s] -- Up-to-date: /home/alvaro/workspace/ros_ur_driver/install/ur_dashboard_msgs/include/ur_dashboard_msgs/msg/detail/safety_mode__functions.c
[2.710s] -- Up-to-date: /home/alvaro/workspace/ros_ur_driver/install/ur_dashboard_msgs/include/ur_dashboard_msgs/msg/detail/robot_mode__type_support.h
[2.710s] -- Up-to-date: /home/alvaro/workspace/ros_ur_driver/install/ur_dashboard_msgs/include/ur_dashboard_msgs/msg/detail/robot_mode__struct.h
[2.710s] -- Up-to-date: /home/alvaro/workspace/ros_ur_driver/install/ur_dashboard_msgs/include/ur_dashboard_msgs/msg/detail/safety_mode__struct.h
[2.710s] -- Up-to-date: /home/alvaro/workspace/ros_ur_driver/install/ur_dashboard_msgs/include/ur_dashboard_msgs/msg/detail/robot_mode__functions.c
[2.710s] -- Up-to-date: /home/alvaro/workspace/ros_ur_driver/install/ur_dashboard_msgs/include/ur_dashboard_msgs/msg/detail/program_state__struct.h
[2.710s] -- Up-to-date: /home/alvaro/workspace/ros_ur_driver/install/ur_dashboard_msgs/include/ur_dashboard_msgs/msg/detail/program_state__type_support.h
[2.710s] -- Up-to-date: /home/alvaro/workspace/ros_ur_driver/install/ur_dashboard_msgs/include/ur_dashboard_msgs/msg/detail/program_state__functions.h
[2.710s] -- Up-to-date: /home/alvaro/workspace/ros_ur_driver/install/ur_dashboard_msgs/include/ur_dashboard_msgs/msg/detail/program_state__functions.c
[2.710s] -- Up-to-date: /home/alvaro/workspace/ros_ur_driver/install/ur_dashboard_msgs/include/ur_dashboard_msgs/msg/detail/robot_mode__functions.h
[2.710s] -- Up-to-date: /home/alvaro/workspace/ros_ur_driver/install/ur_dashboard_msgs/include/ur_dashboard_msgs/msg/robot_mode.h
[2.711s] -- Up-to-date: /home/alvaro/workspace/ros_ur_driver/install/ur_dashboard_msgs/share/ur_dashboard_msgs/environment/library_path.sh
[2.711s] -- Up-to-date: /home/alvaro/workspace/ros_ur_driver/install/ur_dashboard_msgs/share/ur_dashboard_msgs/environment/library_path.dsv
[2.711s] -- Up-to-date: /home/alvaro/workspace/ros_ur_driver/install/ur_dashboard_msgs/lib/libur_dashboard_msgs__rosidl_generator_c.so
[2.711s] -- Up-to-date: /home/alvaro/workspace/ros_ur_driver/install/ur_dashboard_msgs/include/ur_dashboard_msgs
[2.711s] -- Up-to-date: /home/alvaro/workspace/ros_ur_driver/install/ur_dashboard_msgs/include/ur_dashboard_msgs/srv
[2.711s] -- Up-to-date: /home/alvaro/workspace/ros_ur_driver/install/ur_dashboard_msgs/include/ur_dashboard_msgs/srv/detail
[2.712s] -- Up-to-date: /home/alvaro/workspace/ros_ur_driver/install/ur_dashboard_msgs/include/ur_dashboard_msgs/srv/detail/popup__rosidl_typesupport_fastrtps_c.h
[2.712s] -- Up-to-date: /home/alvaro/workspace/ros_ur_driver/install/ur_dashboard_msgs/include/ur_dashboard_msgs/srv/detail/load__rosidl_typesupport_fastrtps_c.h
[2.712s] -- Up-to-date: /home/alvaro/workspace/ros_ur_driver/install/ur_dashboard_msgs/include/ur_dashboard_msgs/srv/detail/is_program_saved__rosidl_typesupport_fastrtps_c.h
[2.712s] -- Up-to-date: /home/alvaro/workspace/ros_ur_driver/install/ur_dashboard_msgs/include/ur_dashboard_msgs/srv/detail/get_robot_mode__rosidl_typesupport_fastrtps_c.h
[2.712s] -- Up-to-date: /home/alvaro/workspace/ros_ur_driver/install/ur_dashboard_msgs/include/ur_dashboard_msgs/srv/detail/get_program_state__rosidl_typesupport_fastrtps_c.h
[2.712s] -- Up-to-date: /home/alvaro/workspace/ros_ur_driver/install/ur_dashboard_msgs/include/ur_dashboard_msgs/srv/detail/raw_request__rosidl_typesupport_fastrtps_c.h
[2.712s] -- Up-to-date: /home/alvaro/workspace/ros_ur_driver/install/ur_dashboard_msgs/include/ur_dashboard_msgs/srv/detail/is_program_running__rosidl_typesupport_fastrtps_c.h
[2.712s] -- Up-to-date: /home/alvaro/workspace/ros_ur_driver/install/ur_dashboard_msgs/include/ur_dashboard_msgs/srv/detail/get_safety_mode__rosidl_typesupport_fastrtps_c.h
[2.713s] -- Up-to-date: /home/alvaro/workspace/ros_ur_driver/install/ur_dashboard_msgs/include/ur_dashboard_msgs/srv/detail/get_loaded_program__rosidl_typesupport_fastrtps_c.h
[2.713s] -- Up-to-date: /home/alvaro/workspace/ros_ur_driver/install/ur_dashboard_msgs/include/ur_dashboard_msgs/srv/detail/add_to_log__rosidl_typesupport_fastrtps_c.h
[2.713s] -- Up-to-date: /home/alvaro/workspace/ros_ur_driver/install/ur_dashboard_msgs/include/ur_dashboard_msgs/action
[2.713s] -- Up-to-date: /home/alvaro/workspace/ros_ur_driver/install/ur_dashboard_msgs/include/ur_dashboard_msgs/action/detail
[2.713s] -- Up-to-date: /home/alvaro/workspace/ros_ur_driver/install/ur_dashboard_msgs/include/ur_dashboard_msgs/action/detail/set_mode__rosidl_typesupport_fastrtps_c.h
[2.713s] -- Up-to-date: /home/alvaro/workspace/ros_ur_driver/install/ur_dashboard_msgs/include/ur_dashboard_msgs/msg
[2.714s] -- Up-to-date: /home/alvaro/workspace/ros_ur_driver/install/ur_dashboard_msgs/include/ur_dashboard_msgs/msg/rosidl_typesupport_fastrtps_c__visibility_control.h
[2.714s] -- Up-to-date: /home/alvaro/workspace/ros_ur_driver/install/ur_dashboard_msgs/include/ur_dashboard_msgs/msg/detail
[2.714s] -- Up-to-date: /home/alvaro/workspace/ros_ur_driver/install/ur_dashboard_msgs/include/ur_dashboard_msgs/msg/detail/safety_mode__rosidl_typesupport_fastrtps_c.h
[2.714s] -- Up-to-date: /home/alvaro/workspace/ros_ur_driver/install/ur_dashboard_msgs/include/ur_dashboard_msgs/msg/detail/program_state__rosidl_typesupport_fastrtps_c.h
[2.714s] -- Up-to-date: /home/alvaro/workspace/ros_ur_driver/install/ur_dashboard_msgs/include/ur_dashboard_msgs/msg/detail/robot_mode__rosidl_typesupport_fastrtps_c.h
[2.714s] -- Up-to-date: /home/alvaro/workspace/ros_ur_driver/install/ur_dashboard_msgs/lib/libur_dashboard_msgs__rosidl_typesupport_fastrtps_c.so
[2.714s] -- Up-to-date: /home/alvaro/workspace/ros_ur_driver/install/ur_dashboard_msgs/include/ur_dashboard_msgs
[2.714s] -- Up-to-date: /home/alvaro/workspace/ros_ur_driver/install/ur_dashboard_msgs/include/ur_dashboard_msgs/srv
[2.715s] -- Up-to-date: /home/alvaro/workspace/ros_ur_driver/install/ur_dashboard_msgs/include/ur_dashboard_msgs/srv/detail
[2.715s] -- Up-to-date: /home/alvaro/workspace/ros_ur_driver/install/ur_dashboard_msgs/include/ur_dashboard_msgs/srv/detail/load__rosidl_typesupport_fastrtps_cpp.hpp
[2.715s] -- Up-to-date: /home/alvaro/workspace/ros_ur_driver/install/ur_dashboard_msgs/include/ur_dashboard_msgs/srv/detail/add_to_log__rosidl_typesupport_fastrtps_cpp.hpp
[2.715s] -- Up-to-date: /home/alvaro/workspace/ros_ur_driver/install/ur_dashboard_msgs/include/ur_dashboard_msgs/srv/detail/is_program_running__rosidl_typesupport_fastrtps_cpp.hpp
[2.715s] -- Up-to-date: /home/alvaro/workspace/ros_ur_driver/install/ur_dashboard_msgs/include/ur_dashboard_msgs/srv/detail/get_safety_mode__rosidl_typesupport_fastrtps_cpp.hpp
[2.715s] -- Up-to-date: /home/alvaro/workspace/ros_ur_driver/install/ur_dashboard_msgs/include/ur_dashboard_msgs/srv/detail/get_loaded_program__rosidl_typesupport_fastrtps_cpp.hpp
[2.715s] -- Up-to-date: /home/alvaro/workspace/ros_ur_driver/install/ur_dashboard_msgs/include/ur_dashboard_msgs/srv/detail/get_program_state__rosidl_typesupport_fastrtps_cpp.hpp
[2.716s] -- Up-to-date: /home/alvaro/workspace/ros_ur_driver/install/ur_dashboard_msgs/include/ur_dashboard_msgs/srv/detail/dds_fastrtps
[2.716s] -- Up-to-date: /home/alvaro/workspace/ros_ur_driver/install/ur_dashboard_msgs/include/ur_dashboard_msgs/srv/detail/popup__rosidl_typesupport_fastrtps_cpp.hpp
[2.716s] -- Up-to-date: /home/alvaro/workspace/ros_ur_driver/install/ur_dashboard_msgs/include/ur_dashboard_msgs/srv/detail/is_program_saved__rosidl_typesupport_fastrtps_cpp.hpp
[2.716s] -- Up-to-date: /home/alvaro/workspace/ros_ur_driver/install/ur_dashboard_msgs/include/ur_dashboard_msgs/srv/detail/raw_request__rosidl_typesupport_fastrtps_cpp.hpp
[2.716s] -- Up-to-date: /home/alvaro/workspace/ros_ur_driver/install/ur_dashboard_msgs/include/ur_dashboard_msgs/srv/detail/get_robot_mode__rosidl_typesupport_fastrtps_cpp.hpp
[2.716s] -- Up-to-date: /home/alvaro/workspace/ros_ur_driver/install/ur_dashboard_msgs/include/ur_dashboard_msgs/action
[2.716s] -- Up-to-date: /home/alvaro/workspace/ros_ur_driver/install/ur_dashboard_msgs/include/ur_dashboard_msgs/action/detail
[2.716s] -- Up-to-date: /home/alvaro/workspace/ros_ur_driver/install/ur_dashboard_msgs/include/ur_dashboard_msgs/action/detail/dds_fastrtps
[2.717s] -- Up-to-date: /home/alvaro/workspace/ros_ur_driver/install/ur_dashboard_msgs/include/ur_dashboard_msgs/action/detail/set_mode__rosidl_typesupport_fastrtps_cpp.hpp
[2.717s] -- Up-to-date: /home/alvaro/workspace/ros_ur_driver/install/ur_dashboard_msgs/include/ur_dashboard_msgs/msg
[2.717s] -- Up-to-date: /home/alvaro/workspace/ros_ur_driver/install/ur_dashboard_msgs/include/ur_dashboard_msgs/msg/rosidl_typesupport_fastrtps_cpp__visibility_control.h
[2.717s] -- Up-to-date: /home/alvaro/workspace/ros_ur_driver/install/ur_dashboard_msgs/include/ur_dashboard_msgs/msg/detail
[2.717s] -- Up-to-date: /home/alvaro/workspace/ros_ur_driver/install/ur_dashboard_msgs/include/ur_dashboard_msgs/msg/detail/robot_mode__rosidl_typesupport_fastrtps_cpp.hpp
[2.718s] -- Up-to-date: /home/alvaro/workspace/ros_ur_driver/install/ur_dashboard_msgs/include/ur_dashboard_msgs/msg/detail/dds_fastrtps
[2.718s] -- Up-to-date: /home/alvaro/workspace/ros_ur_driver/install/ur_dashboard_msgs/include/ur_dashboard_msgs/msg/detail/safety_mode__rosidl_typesupport_fastrtps_cpp.hpp
[2.718s] -- Up-to-date: /home/alvaro/workspace/ros_ur_driver/install/ur_dashboard_msgs/include/ur_dashboard_msgs/msg/detail/program_state__rosidl_typesupport_fastrtps_cpp.hpp
[2.718s] -- Up-to-date: /home/alvaro/workspace/ros_ur_driver/install/ur_dashboard_msgs/lib/libur_dashboard_msgs__rosidl_typesupport_fastrtps_cpp.so
[2.718s] -- Up-to-date: /home/alvaro/workspace/ros_ur_driver/install/ur_dashboard_msgs/include/ur_dashboard_msgs
[2.718s] -- Up-to-date: /home/alvaro/workspace/ros_ur_driver/install/ur_dashboard_msgs/include/ur_dashboard_msgs/srv
[2.718s] -- Up-to-date: /home/alvaro/workspace/ros_ur_driver/install/ur_dashboard_msgs/include/ur_dashboard_msgs/srv/detail
[2.718s] -- Up-to-date: /home/alvaro/workspace/ros_ur_driver/install/ur_dashboard_msgs/include/ur_dashboard_msgs/srv/detail/raw_request__rosidl_typesupport_introspection_c.h
[2.719s] -- Up-to-date: /home/alvaro/workspace/ros_ur_driver/install/ur_dashboard_msgs/include/ur_dashboard_msgs/srv/detail/load__rosidl_typesupport_introspection_c.h
[2.719s] -- Up-to-date: /home/alvaro/workspace/ros_ur_driver/install/ur_dashboard_msgs/include/ur_dashboard_msgs/srv/detail/is_program_running__rosidl_typesupport_introspection_c.h
[2.719s] -- Up-to-date: /home/alvaro/workspace/ros_ur_driver/install/ur_dashboard_msgs/include/ur_dashboard_msgs/srv/detail/popup__type_support.c
[2.719s] -- Up-to-date: /home/alvaro/workspace/ros_ur_driver/install/ur_dashboard_msgs/include/ur_dashboard_msgs/srv/detail/load__type_support.c
[2.719s] -- Up-to-date: /home/alvaro/workspace/ros_ur_driver/install/ur_dashboard_msgs/include/ur_dashboard_msgs/srv/detail/add_to_log__rosidl_typesupport_introspection_c.h
[2.719s] -- Up-to-date: /home/alvaro/workspace/ros_ur_driver/install/ur_dashboard_msgs/include/ur_dashboard_msgs/srv/detail/get_robot_mode__rosidl_typesupport_introspection_c.h
[2.719s] -- Up-to-date: /home/alvaro/workspace/ros_ur_driver/install/ur_dashboard_msgs/include/ur_dashboard_msgs/srv/detail/get_program_state__rosidl_typesupport_introspection_c.h
[2.720s] -- Up-to-date: /home/alvaro/workspace/ros_ur_driver/install/ur_dashboard_msgs/include/ur_dashboard_msgs/srv/detail/get_loaded_program__rosidl_typesupport_introspection_c.h
[2.720s] -- Up-to-date: /home/alvaro/workspace/ros_ur_driver/install/ur_dashboard_msgs/include/ur_dashboard_msgs/srv/detail/get_safety_mode__type_support.c
[2.720s] -- Up-to-date: /home/alvaro/workspace/ros_ur_driver/install/ur_dashboard_msgs/include/ur_dashboard_msgs/srv/detail/raw_request__type_support.c
[2.720s] -- Up-to-date: /home/alvaro/workspace/ros_ur_driver/install/ur_dashboard_msgs/include/ur_dashboard_msgs/srv/detail/is_program_saved__rosidl_typesupport_introspection_c.h
[2.720s] -- Up-to-date: /home/alvaro/workspace/ros_ur_driver/install/ur_dashboard_msgs/include/ur_dashboard_msgs/srv/detail/get_safety_mode__rosidl_typesupport_introspection_c.h
[2.720s] -- Up-to-date: /home/alvaro/workspace/ros_ur_driver/install/ur_dashboard_msgs/include/ur_dashboard_msgs/srv/detail/get_program_state__type_support.c
[2.720s] -- Up-to-date: /home/alvaro/workspace/ros_ur_driver/install/ur_dashboard_msgs/include/ur_dashboard_msgs/srv/detail/add_to_log__type_support.c
[2.720s] -- Up-to-date: /home/alvaro/workspace/ros_ur_driver/install/ur_dashboard_msgs/include/ur_dashboard_msgs/srv/detail/popup__rosidl_typesupport_introspection_c.h
[2.721s] -- Up-to-date: /home/alvaro/workspace/ros_ur_driver/install/ur_dashboard_msgs/include/ur_dashboard_msgs/srv/detail/is_program_saved__type_support.c
[2.721s] -- Up-to-date: /home/alvaro/workspace/ros_ur_driver/install/ur_dashboard_msgs/include/ur_dashboard_msgs/srv/detail/get_robot_mode__type_support.c
[2.721s] -- Up-to-date: /home/alvaro/workspace/ros_ur_driver/install/ur_dashboard_msgs/include/ur_dashboard_msgs/srv/detail/get_loaded_program__type_support.c
[2.721s] -- Up-to-date: /home/alvaro/workspace/ros_ur_driver/install/ur_dashboard_msgs/include/ur_dashboard_msgs/srv/detail/is_program_running__type_support.c
[2.721s] -- Up-to-date: /home/alvaro/workspace/ros_ur_driver/install/ur_dashboard_msgs/include/ur_dashboard_msgs/action
[2.721s] -- Up-to-date: /home/alvaro/workspace/ros_ur_driver/install/ur_dashboard_msgs/include/ur_dashboard_msgs/action/detail
[2.721s] -- Up-to-date: /home/alvaro/workspace/ros_ur_driver/install/ur_dashboard_msgs/include/ur_dashboard_msgs/action/detail/set_mode__type_support.c
[2.721s] -- Up-to-date: /home/alvaro/workspace/ros_ur_driver/install/ur_dashboard_msgs/include/ur_dashboard_msgs/action/detail/set_mode__rosidl_typesupport_introspection_c.h
[2.722s] -- Up-to-date: /home/alvaro/workspace/ros_ur_driver/install/ur_dashboard_msgs/include/ur_dashboard_msgs/msg
[2.722s] -- Up-to-date: /home/alvaro/workspace/ros_ur_driver/install/ur_dashboard_msgs/include/ur_dashboard_msgs/msg/rosidl_typesupport_introspection_c__visibility_control.h
[2.722s] -- Up-to-date: /home/alvaro/workspace/ros_ur_driver/install/ur_dashboard_msgs/include/ur_dashboard_msgs/msg/detail
[2.722s] -- Up-to-date: /home/alvaro/workspace/ros_ur_driver/install/ur_dashboard_msgs/include/ur_dashboard_msgs/msg/detail/robot_mode__type_support.c
[2.722s] -- Up-to-date: /home/alvaro/workspace/ros_ur_driver/install/ur_dashboard_msgs/include/ur_dashboard_msgs/msg/detail/safety_mode__rosidl_typesupport_introspection_c.h
[2.722s] -- Up-to-date: /home/alvaro/workspace/ros_ur_driver/install/ur_dashboard_msgs/include/ur_dashboard_msgs/msg/detail/program_state__type_support.c
[2.722s] -- Up-to-date: /home/alvaro/workspace/ros_ur_driver/install/ur_dashboard_msgs/include/ur_dashboard_msgs/msg/detail/safety_mode__type_support.c
[2.722s] -- Up-to-date: /home/alvaro/workspace/ros_ur_driver/install/ur_dashboard_msgs/include/ur_dashboard_msgs/msg/detail/program_state__rosidl_typesupport_introspection_c.h
[2.723s] -- Up-to-date: /home/alvaro/workspace/ros_ur_driver/install/ur_dashboard_msgs/include/ur_dashboard_msgs/msg/detail/robot_mode__rosidl_typesupport_introspection_c.h
[2.723s] -- Up-to-date: /home/alvaro/workspace/ros_ur_driver/install/ur_dashboard_msgs/lib/libur_dashboard_msgs__rosidl_typesupport_introspection_c.so
[2.723s] -- Up-to-date: /home/alvaro/workspace/ros_ur_driver/install/ur_dashboard_msgs/lib/libur_dashboard_msgs__rosidl_typesupport_c.so
[2.723s] -- Up-to-date: /home/alvaro/workspace/ros_ur_driver/install/ur_dashboard_msgs/include/ur_dashboard_msgs
[2.723s] -- Up-to-date: /home/alvaro/workspace/ros_ur_driver/install/ur_dashboard_msgs/include/ur_dashboard_msgs/srv
[2.723s] -- Up-to-date: /home/alvaro/workspace/ros_ur_driver/install/ur_dashboard_msgs/include/ur_dashboard_msgs/srv/get_robot_mode.hpp
[2.723s] -- Up-to-date: /home/alvaro/workspace/ros_ur_driver/install/ur_dashboard_msgs/include/ur_dashboard_msgs/srv/get_safety_mode.hpp
[2.723s] -- Up-to-date: /home/alvaro/workspace/ros_ur_driver/install/ur_dashboard_msgs/include/ur_dashboard_msgs/srv/get_program_state.hpp
[2.724s] -- Up-to-date: /home/alvaro/workspace/ros_ur_driver/install/ur_dashboard_msgs/include/ur_dashboard_msgs/srv/raw_request.hpp
[2.724s] -- Up-to-date: /home/alvaro/workspace/ros_ur_driver/install/ur_dashboard_msgs/include/ur_dashboard_msgs/srv/is_program_running.hpp
[2.724s] -- Up-to-date: /home/alvaro/workspace/ros_ur_driver/install/ur_dashboard_msgs/include/ur_dashboard_msgs/srv/popup.hpp
[2.724s] -- Up-to-date: /home/alvaro/workspace/ros_ur_driver/install/ur_dashboard_msgs/include/ur_dashboard_msgs/srv/get_loaded_program.hpp
[2.724s] -- Up-to-date: /home/alvaro/workspace/ros_ur_driver/install/ur_dashboard_msgs/include/ur_dashboard_msgs/srv/load.hpp
[2.724s] -- Up-to-date: /home/alvaro/workspace/ros_ur_driver/install/ur_dashboard_msgs/include/ur_dashboard_msgs/srv/add_to_log.hpp
[2.724s] -- Up-to-date: /home/alvaro/workspace/ros_ur_driver/install/ur_dashboard_msgs/include/ur_dashboard_msgs/srv/is_program_saved.hpp
[2.725s] -- Up-to-date: /home/alvaro/workspace/ros_ur_driver/install/ur_dashboard_msgs/include/ur_dashboard_msgs/srv/detail
[2.725s] -- Up-to-date: /home/alvaro/workspace/ros_ur_driver/install/ur_dashboard_msgs/include/ur_dashboard_msgs/srv/detail/get_robot_mode__type_support.hpp
[2.725s] -- Up-to-date: /home/alvaro/workspace/ros_ur_driver/install/ur_dashboard_msgs/include/ur_dashboard_msgs/srv/detail/get_program_state__traits.hpp
[2.725s] -- Up-to-date: /home/alvaro/workspace/ros_ur_driver/install/ur_dashboard_msgs/include/ur_dashboard_msgs/srv/detail/get_loaded_program__struct.hpp
[2.725s] -- Up-to-date: /home/alvaro/workspace/ros_ur_driver/install/ur_dashboard_msgs/include/ur_dashboard_msgs/srv/detail/raw_request__struct.hpp
[2.725s] -- Up-to-date: /home/alvaro/workspace/ros_ur_driver/install/ur_dashboard_msgs/include/ur_dashboard_msgs/srv/detail/add_to_log__struct.hpp
[2.725s] -- Up-to-date: /home/alvaro/workspace/ros_ur_driver/install/ur_dashboard_msgs/include/ur_dashboard_msgs/srv/detail/is_program_running__type_support.hpp
[2.725s] -- Up-to-date: /home/alvaro/workspace/ros_ur_driver/install/ur_dashboard_msgs/include/ur_dashboard_msgs/srv/detail/is_program_saved__builder.hpp
[2.726s] -- Up-to-date: /home/alvaro/workspace/ros_ur_driver/install/ur_dashboard_msgs/include/ur_dashboard_msgs/srv/detail/get_safety_mode__builder.hpp
[2.726s] -- Up-to-date: /home/alvaro/workspace/ros_ur_driver/install/ur_dashboard_msgs/include/ur_dashboard_msgs/srv/detail/add_to_log__builder.hpp
[2.726s] -- Up-to-date: /home/alvaro/workspace/ros_ur_driver/install/ur_dashboard_msgs/include/ur_dashboard_msgs/srv/detail/get_safety_mode__type_support.hpp
[2.726s] -- Up-to-date: /home/alvaro/workspace/ros_ur_driver/install/ur_dashboard_msgs/include/ur_dashboard_msgs/srv/detail/popup__struct.hpp
[2.726s] -- Up-to-date: /home/alvaro/workspace/ros_ur_driver/install/ur_dashboard_msgs/include/ur_dashboard_msgs/srv/detail/add_to_log__traits.hpp
[2.726s] -- Up-to-date: /home/alvaro/workspace/ros_ur_driver/install/ur_dashboard_msgs/include/ur_dashboard_msgs/srv/detail/is_program_saved__traits.hpp
[2.726s] -- Up-to-date: /home/alvaro/workspace/ros_ur_driver/install/ur_dashboard_msgs/include/ur_dashboard_msgs/srv/detail/load__traits.hpp
[2.726s] -- Up-to-date: /home/alvaro/workspace/ros_ur_driver/install/ur_dashboard_msgs/include/ur_dashboard_msgs/srv/detail/get_safety_mode__struct.hpp
[2.727s] -- Up-to-date: /home/alvaro/workspace/ros_ur_driver/install/ur_dashboard_msgs/include/ur_dashboard_msgs/srv/detail/popup__type_support.hpp
[2.727s] -- Up-to-date: /home/alvaro/workspace/ros_ur_driver/install/ur_dashboard_msgs/include/ur_dashboard_msgs/srv/detail/load__type_support.hpp
[2.727s] -- Up-to-date: /home/alvaro/workspace/ros_ur_driver/install/ur_dashboard_msgs/include/ur_dashboard_msgs/srv/detail/raw_request__traits.hpp
[2.727s] -- Up-to-date: /home/alvaro/workspace/ros_ur_driver/install/ur_dashboard_msgs/include/ur_dashboard_msgs/srv/detail/get_robot_mode__struct.hpp
[2.727s] -- Up-to-date: /home/alvaro/workspace/ros_ur_driver/install/ur_dashboard_msgs/include/ur_dashboard_msgs/srv/detail/get_safety_mode__traits.hpp
[2.727s] -- Up-to-date: /home/alvaro/workspace/ros_ur_driver/install/ur_dashboard_msgs/include/ur_dashboard_msgs/srv/detail/get_loaded_program__builder.hpp
[2.727s] -- Up-to-date: /home/alvaro/workspace/ros_ur_driver/install/ur_dashboard_msgs/include/ur_dashboard_msgs/srv/detail/get_program_state__builder.hpp
[2.728s] -- Up-to-date: /home/alvaro/workspace/ros_ur_driver/install/ur_dashboard_msgs/include/ur_dashboard_msgs/srv/detail/get_program_state__struct.hpp
[2.728s] -- Up-to-date: /home/alvaro/workspace/ros_ur_driver/install/ur_dashboard_msgs/include/ur_dashboard_msgs/srv/detail/get_loaded_program__type_support.hpp
[2.728s] -- Up-to-date: /home/alvaro/workspace/ros_ur_driver/install/ur_dashboard_msgs/include/ur_dashboard_msgs/srv/detail/is_program_running__builder.hpp
[2.728s] -- Up-to-date: /home/alvaro/workspace/ros_ur_driver/install/ur_dashboard_msgs/include/ur_dashboard_msgs/srv/detail/get_robot_mode__builder.hpp
[2.728s] -- Up-to-date: /home/alvaro/workspace/ros_ur_driver/install/ur_dashboard_msgs/include/ur_dashboard_msgs/srv/detail/load__struct.hpp
[2.728s] -- Up-to-date: /home/alvaro/workspace/ros_ur_driver/install/ur_dashboard_msgs/include/ur_dashboard_msgs/srv/detail/is_program_saved__struct.hpp
[2.728s] -- Up-to-date: /home/alvaro/workspace/ros_ur_driver/install/ur_dashboard_msgs/include/ur_dashboard_msgs/srv/detail/raw_request__type_support.hpp
[2.728s] -- Up-to-date: /home/alvaro/workspace/ros_ur_driver/install/ur_dashboard_msgs/include/ur_dashboard_msgs/srv/detail/popup__builder.hpp
[2.729s] -- Up-to-date: /home/alvaro/workspace/ros_ur_driver/install/ur_dashboard_msgs/include/ur_dashboard_msgs/srv/detail/popup__traits.hpp
[2.729s] -- Up-to-date: /home/alvaro/workspace/ros_ur_driver/install/ur_dashboard_msgs/include/ur_dashboard_msgs/srv/detail/is_program_running__traits.hpp
[2.729s] -- Up-to-date: /home/alvaro/workspace/ros_ur_driver/install/ur_dashboard_msgs/include/ur_dashboard_msgs/srv/detail/raw_request__builder.hpp
[2.729s] -- Up-to-date: /home/alvaro/workspace/ros_ur_driver/install/ur_dashboard_msgs/include/ur_dashboard_msgs/srv/detail/add_to_log__type_support.hpp
[2.729s] -- Up-to-date: /home/alvaro/workspace/ros_ur_driver/install/ur_dashboard_msgs/include/ur_dashboard_msgs/srv/detail/load__builder.hpp
[2.729s] -- Up-to-date: /home/alvaro/workspace/ros_ur_driver/install/ur_dashboard_msgs/include/ur_dashboard_msgs/srv/detail/get_program_state__type_support.hpp
[2.729s] -- Up-to-date: /home/alvaro/workspace/ros_ur_driver/install/ur_dashboard_msgs/include/ur_dashboard_msgs/srv/detail/get_loaded_program__traits.hpp
[2.729s] -- Up-to-date: /home/alvaro/workspace/ros_ur_driver/install/ur_dashboard_msgs/include/ur_dashboard_msgs/srv/detail/get_robot_mode__traits.hpp
[2.730s] -- Up-to-date: /home/alvaro/workspace/ros_ur_driver/install/ur_dashboard_msgs/include/ur_dashboard_msgs/srv/detail/is_program_saved__type_support.hpp
[2.730s] -- Up-to-date: /home/alvaro/workspace/ros_ur_driver/install/ur_dashboard_msgs/include/ur_dashboard_msgs/srv/detail/is_program_running__struct.hpp
[2.730s] -- Up-to-date: /home/alvaro/workspace/ros_ur_driver/install/ur_dashboard_msgs/include/ur_dashboard_msgs/action
[2.730s] -- Up-to-date: /home/alvaro/workspace/ros_ur_driver/install/ur_dashboard_msgs/include/ur_dashboard_msgs/action/set_mode.hpp
[2.730s] -- Up-to-date: /home/alvaro/workspace/ros_ur_driver/install/ur_dashboard_msgs/include/ur_dashboard_msgs/action/detail
[2.730s] -- Up-to-date: /home/alvaro/workspace/ros_ur_driver/install/ur_dashboard_msgs/include/ur_dashboard_msgs/action/detail/set_mode__type_support.hpp
[2.730s] -- Up-to-date: /home/alvaro/workspace/ros_ur_driver/install/ur_dashboard_msgs/include/ur_dashboard_msgs/action/detail/set_mode__struct.hpp
[2.730s] -- Up-to-date: /home/alvaro/workspace/ros_ur_driver/install/ur_dashboard_msgs/include/ur_dashboard_msgs/action/detail/set_mode__builder.hpp
[2.731s] -- Up-to-date: /home/alvaro/workspace/ros_ur_driver/install/ur_dashboard_msgs/include/ur_dashboard_msgs/action/detail/set_mode__traits.hpp
[2.731s] -- Up-to-date: /home/alvaro/workspace/ros_ur_driver/install/ur_dashboard_msgs/include/ur_dashboard_msgs/msg
[2.731s] -- Up-to-date: /home/alvaro/workspace/ros_ur_driver/install/ur_dashboard_msgs/include/ur_dashboard_msgs/msg/rosidl_generator_cpp__visibility_control.hpp
[2.731s] -- Up-to-date: /home/alvaro/workspace/ros_ur_driver/install/ur_dashboard_msgs/include/ur_dashboard_msgs/msg/safety_mode.hpp
[2.731s] -- Up-to-date: /home/alvaro/workspace/ros_ur_driver/install/ur_dashboard_msgs/include/ur_dashboard_msgs/msg/program_state.hpp
[2.731s] -- Up-to-date: /home/alvaro/workspace/ros_ur_driver/install/ur_dashboard_msgs/include/ur_dashboard_msgs/msg/robot_mode.hpp
[2.731s] -- Up-to-date: /home/alvaro/workspace/ros_ur_driver/install/ur_dashboard_msgs/include/ur_dashboard_msgs/msg/detail
[2.732s] -- Up-to-date: /home/alvaro/workspace/ros_ur_driver/install/ur_dashboard_msgs/include/ur_dashboard_msgs/msg/detail/safety_mode__type_support.hpp
[2.732s] -- Up-to-date: /home/alvaro/workspace/ros_ur_driver/install/ur_dashboard_msgs/include/ur_dashboard_msgs/msg/detail/robot_mode__struct.hpp
[2.732s] -- Up-to-date: /home/alvaro/workspace/ros_ur_driver/install/ur_dashboard_msgs/include/ur_dashboard_msgs/msg/detail/program_state__struct.hpp
[2.732s] -- Up-to-date: /home/alvaro/workspace/ros_ur_driver/install/ur_dashboard_msgs/include/ur_dashboard_msgs/msg/detail/safety_mode__builder.hpp
[2.732s] -- Up-to-date: /home/alvaro/workspace/ros_ur_driver/install/ur_dashboard_msgs/include/ur_dashboard_msgs/msg/detail/program_state__type_support.hpp
[2.732s] -- Up-to-date: /home/alvaro/workspace/ros_ur_driver/install/ur_dashboard_msgs/include/ur_dashboard_msgs/msg/detail/robot_mode__builder.hpp
[2.732s] -- Up-to-date: /home/alvaro/workspace/ros_ur_driver/install/ur_dashboard_msgs/include/ur_dashboard_msgs/msg/detail/robot_mode__traits.hpp
[2.732s] -- Up-to-date: /home/alvaro/workspace/ros_ur_driver/install/ur_dashboard_msgs/include/ur_dashboard_msgs/msg/detail/safety_mode__struct.hpp
[2.732s] -- Up-to-date: /home/alvaro/workspace/ros_ur_driver/install/ur_dashboard_msgs/include/ur_dashboard_msgs/msg/detail/safety_mode__traits.hpp
[2.732s] -- Up-to-date: /home/alvaro/workspace/ros_ur_driver/install/ur_dashboard_msgs/include/ur_dashboard_msgs/msg/detail/program_state__builder.hpp
[2.733s] -- Up-to-date: /home/alvaro/workspace/ros_ur_driver/install/ur_dashboard_msgs/include/ur_dashboard_msgs/msg/detail/program_state__traits.hpp
[2.733s] -- Up-to-date: /home/alvaro/workspace/ros_ur_driver/install/ur_dashboard_msgs/include/ur_dashboard_msgs/msg/detail/robot_mode__type_support.hpp
[2.733s] -- Up-to-date: /home/alvaro/workspace/ros_ur_driver/install/ur_dashboard_msgs/include/ur_dashboard_msgs
[2.733s] -- Up-to-date: /home/alvaro/workspace/ros_ur_driver/install/ur_dashboard_msgs/include/ur_dashboard_msgs/srv
[2.733s] -- Up-to-date: /home/alvaro/workspace/ros_ur_driver/install/ur_dashboard_msgs/include/ur_dashboard_msgs/srv/detail
[2.733s] -- Up-to-date: /home/alvaro/workspace/ros_ur_driver/install/ur_dashboard_msgs/include/ur_dashboard_msgs/srv/detail/is_program_saved__type_support.cpp
[2.733s] -- Up-to-date: /home/alvaro/workspace/ros_ur_driver/install/ur_dashboard_msgs/include/ur_dashboard_msgs/srv/detail/popup__type_support.cpp
[2.733s] -- Up-to-date: /home/alvaro/workspace/ros_ur_driver/install/ur_dashboard_msgs/include/ur_dashboard_msgs/srv/detail/load__rosidl_typesupport_introspection_cpp.hpp
[2.733s] -- Up-to-date: /home/alvaro/workspace/ros_ur_driver/install/ur_dashboard_msgs/include/ur_dashboard_msgs/srv/detail/popup__rosidl_typesupport_introspection_cpp.hpp
[2.733s] -- Up-to-date: /home/alvaro/workspace/ros_ur_driver/install/ur_dashboard_msgs/include/ur_dashboard_msgs/srv/detail/load__type_support.cpp
[2.733s] -- Up-to-date: /home/alvaro/workspace/ros_ur_driver/install/ur_dashboard_msgs/include/ur_dashboard_msgs/srv/detail/is_program_running__type_support.cpp
[2.733s] -- Up-to-date: /home/alvaro/workspace/ros_ur_driver/install/ur_dashboard_msgs/include/ur_dashboard_msgs/srv/detail/get_safety_mode__rosidl_typesupport_introspection_cpp.hpp
[2.734s] -- Up-to-date: /home/alvaro/workspace/ros_ur_driver/install/ur_dashboard_msgs/include/ur_dashboard_msgs/srv/detail/get_program_state__type_support.cpp
[2.734s] -- Up-to-date: /home/alvaro/workspace/ros_ur_driver/install/ur_dashboard_msgs/include/ur_dashboard_msgs/srv/detail/get_robot_mode__type_support.cpp
[2.734s] -- Up-to-date: /home/alvaro/workspace/ros_ur_driver/install/ur_dashboard_msgs/include/ur_dashboard_msgs/srv/detail/add_to_log__rosidl_typesupport_introspection_cpp.hpp
[2.734s] -- Up-to-date: /home/alvaro/workspace/ros_ur_driver/install/ur_dashboard_msgs/include/ur_dashboard_msgs/srv/detail/get_program_state__rosidl_typesupport_introspection_cpp.hpp
[2.734s] -- Up-to-date: /home/alvaro/workspace/ros_ur_driver/install/ur_dashboard_msgs/include/ur_dashboard_msgs/srv/detail/raw_request__rosidl_typesupport_introspection_cpp.hpp
[2.734s] -- Up-to-date: /home/alvaro/workspace/ros_ur_driver/install/ur_dashboard_msgs/include/ur_dashboard_msgs/srv/detail/add_to_log__type_support.cpp
[2.734s] -- Up-to-date: /home/alvaro/workspace/ros_ur_driver/install/ur_dashboard_msgs/include/ur_dashboard_msgs/srv/detail/get_safety_mode__type_support.cpp
[2.734s] -- Up-to-date: /home/alvaro/workspace/ros_ur_driver/install/ur_dashboard_msgs/include/ur_dashboard_msgs/srv/detail/is_program_running__rosidl_typesupport_introspection_cpp.hpp
[2.734s] -- Up-to-date: /home/alvaro/workspace/ros_ur_driver/install/ur_dashboard_msgs/include/ur_dashboard_msgs/srv/detail/get_robot_mode__rosidl_typesupport_introspection_cpp.hpp
[2.734s] -- Up-to-date: /home/alvaro/workspace/ros_ur_driver/install/ur_dashboard_msgs/include/ur_dashboard_msgs/srv/detail/get_loaded_program__rosidl_typesupport_introspection_cpp.hpp
[2.735s] -- Up-to-date: /home/alvaro/workspace/ros_ur_driver/install/ur_dashboard_msgs/include/ur_dashboard_msgs/srv/detail/get_loaded_program__type_support.cpp
[2.735s] -- Up-to-date: /home/alvaro/workspace/ros_ur_driver/install/ur_dashboard_msgs/include/ur_dashboard_msgs/srv/detail/is_program_saved__rosidl_typesupport_introspection_cpp.hpp
[2.735s] -- Up-to-date: /home/alvaro/workspace/ros_ur_driver/install/ur_dashboard_msgs/include/ur_dashboard_msgs/srv/detail/raw_request__type_support.cpp
[2.735s] -- Up-to-date: /home/alvaro/workspace/ros_ur_driver/install/ur_dashboard_msgs/include/ur_dashboard_msgs/action
[2.735s] -- Up-to-date: /home/alvaro/workspace/ros_ur_driver/install/ur_dashboard_msgs/include/ur_dashboard_msgs/action/detail
[2.735s] -- Up-to-date: /home/alvaro/workspace/ros_ur_driver/install/ur_dashboard_msgs/include/ur_dashboard_msgs/action/detail/set_mode__type_support.cpp
[2.735s] -- Up-to-date: /home/alvaro/workspace/ros_ur_driver/install/ur_dashboard_msgs/include/ur_dashboard_msgs/action/detail/set_mode__rosidl_typesupport_introspection_cpp.hpp
[2.735s] -- Up-to-date: /home/alvaro/workspace/ros_ur_driver/install/ur_dashboard_msgs/include/ur_dashboard_msgs/msg
[2.735s] -- Up-to-date: /home/alvaro/workspace/ros_ur_driver/install/ur_dashboard_msgs/include/ur_dashboard_msgs/msg/detail
[2.735s] -- Up-to-date: /home/alvaro/workspace/ros_ur_driver/install/ur_dashboard_msgs/include/ur_dashboard_msgs/msg/detail/safety_mode__type_support.cpp
[2.735s] -- Up-to-date: /home/alvaro/workspace/ros_ur_driver/install/ur_dashboard_msgs/include/ur_dashboard_msgs/msg/detail/program_state__type_support.cpp
[2.736s] -- Up-to-date: /home/alvaro/workspace/ros_ur_driver/install/ur_dashboard_msgs/include/ur_dashboard_msgs/msg/detail/safety_mode__rosidl_typesupport_introspection_cpp.hpp
[2.736s] -- Up-to-date: /home/alvaro/workspace/ros_ur_driver/install/ur_dashboard_msgs/include/ur_dashboard_msgs/msg/detail/robot_mode__type_support.cpp
[2.736s] -- Up-to-date: /home/alvaro/workspace/ros_ur_driver/install/ur_dashboard_msgs/include/ur_dashboard_msgs/msg/detail/program_state__rosidl_typesupport_introspection_cpp.hpp
[2.736s] -- Up-to-date: /home/alvaro/workspace/ros_ur_driver/install/ur_dashboard_msgs/include/ur_dashboard_msgs/msg/detail/robot_mode__rosidl_typesupport_introspection_cpp.hpp
[2.736s] -- Up-to-date: /home/alvaro/workspace/ros_ur_driver/install/ur_dashboard_msgs/lib/libur_dashboard_msgs__rosidl_typesupport_introspection_cpp.so
[2.736s] -- Up-to-date: /home/alvaro/workspace/ros_ur_driver/install/ur_dashboard_msgs/lib/libur_dashboard_msgs__rosidl_typesupport_cpp.so
[2.736s] -- Up-to-date: /home/alvaro/workspace/ros_ur_driver/install/ur_dashboard_msgs/share/ur_dashboard_msgs/environment/pythonpath.sh
[2.736s] -- Up-to-date: /home/alvaro/workspace/ros_ur_driver/install/ur_dashboard_msgs/share/ur_dashboard_msgs/environment/pythonpath.dsv
[2.736s] -- Up-to-date: /home/alvaro/workspace/ros_ur_driver/install/ur_dashboard_msgs/lib/python3.8/site-packages/ur_dashboard_msgs/__init__.py
[2.777s] -- Up-to-date: /home/alvaro/workspace/ros_ur_driver/install/ur_dashboard_msgs/lib/python3.8/site-packages/ur_dashboard_msgs/msg
[2.778s] -- Up-to-date: /home/alvaro/workspace/ros_ur_driver/install/ur_dashboard_msgs/lib/python3.8/site-packages/ur_dashboard_msgs/msg/_program_state.py
[2.778s] -- Up-to-date: /home/alvaro/workspace/ros_ur_driver/install/ur_dashboard_msgs/lib/python3.8/site-packages/ur_dashboard_msgs/msg/_program_state_s.c
[2.778s] -- Up-to-date: /home/alvaro/workspace/ros_ur_driver/install/ur_dashboard_msgs/lib/python3.8/site-packages/ur_dashboard_msgs/msg/_safety_mode_s.c
[2.778s] -- Up-to-date: /home/alvaro/workspace/ros_ur_driver/install/ur_dashboard_msgs/lib/python3.8/site-packages/ur_dashboard_msgs/msg/_robot_mode.py
[2.778s] -- Up-to-date: /home/alvaro/workspace/ros_ur_driver/install/ur_dashboard_msgs/lib/python3.8/site-packages/ur_dashboard_msgs/msg/_robot_mode_s.c
[2.778s] -- Up-to-date: /home/alvaro/workspace/ros_ur_driver/install/ur_dashboard_msgs/lib/python3.8/site-packages/ur_dashboard_msgs/msg/_safety_mode.py
[2.778s] -- Up-to-date: /home/alvaro/workspace/ros_ur_driver/install/ur_dashboard_msgs/lib/python3.8/site-packages/ur_dashboard_msgs/msg/__init__.py
[2.778s] -- Up-to-date: /home/alvaro/workspace/ros_ur_driver/install/ur_dashboard_msgs/lib/python3.8/site-packages/ur_dashboard_msgs/srv
[2.778s] -- Up-to-date: /home/alvaro/workspace/ros_ur_driver/install/ur_dashboard_msgs/lib/python3.8/site-packages/ur_dashboard_msgs/srv/_popup_s.c
[2.778s] -- Up-to-date: /home/alvaro/workspace/ros_ur_driver/install/ur_dashboard_msgs/lib/python3.8/site-packages/ur_dashboard_msgs/srv/_get_loaded_program_s.c
[2.779s] -- Up-to-date: /home/alvaro/workspace/ros_ur_driver/install/ur_dashboard_msgs/lib/python3.8/site-packages/ur_dashboard_msgs/srv/_is_program_saved_s.c
[2.779s] -- Up-to-date: /home/alvaro/workspace/ros_ur_driver/install/ur_dashboard_msgs/lib/python3.8/site-packages/ur_dashboard_msgs/srv/_get_program_state_s.c
[2.779s] -- Up-to-date: /home/alvaro/workspace/ros_ur_driver/install/ur_dashboard_msgs/lib/python3.8/site-packages/ur_dashboard_msgs/srv/_get_program_state.py
[2.779s] -- Up-to-date: /home/alvaro/workspace/ros_ur_driver/install/ur_dashboard_msgs/lib/python3.8/site-packages/ur_dashboard_msgs/srv/_get_robot_mode_s.c
[2.779s] -- Up-to-date: /home/alvaro/workspace/ros_ur_driver/install/ur_dashboard_msgs/lib/python3.8/site-packages/ur_dashboard_msgs/srv/_is_program_running_s.c
[2.779s] -- Up-to-date: /home/alvaro/workspace/ros_ur_driver/install/ur_dashboard_msgs/lib/python3.8/site-packages/ur_dashboard_msgs/srv/_get_safety_mode_s.c
[2.779s] -- Up-to-date: /home/alvaro/workspace/ros_ur_driver/install/ur_dashboard_msgs/lib/python3.8/site-packages/ur_dashboard_msgs/srv/_load.py
[2.779s] -- Up-to-date: /home/alvaro/workspace/ros_ur_driver/install/ur_dashboard_msgs/lib/python3.8/site-packages/ur_dashboard_msgs/srv/_is_program_saved.py
[2.779s] -- Up-to-date: /home/alvaro/workspace/ros_ur_driver/install/ur_dashboard_msgs/lib/python3.8/site-packages/ur_dashboard_msgs/srv/_get_robot_mode.py
[2.780s] -- Up-to-date: /home/alvaro/workspace/ros_ur_driver/install/ur_dashboard_msgs/lib/python3.8/site-packages/ur_dashboard_msgs/srv/_is_program_running.py
[2.780s] -- Up-to-date: /home/alvaro/workspace/ros_ur_driver/install/ur_dashboard_msgs/lib/python3.8/site-packages/ur_dashboard_msgs/srv/_add_to_log_s.c
[2.780s] -- Up-to-date: /home/alvaro/workspace/ros_ur_driver/install/ur_dashboard_msgs/lib/python3.8/site-packages/ur_dashboard_msgs/srv/_popup.py
[2.780s] -- Up-to-date: /home/alvaro/workspace/ros_ur_driver/install/ur_dashboard_msgs/lib/python3.8/site-packages/ur_dashboard_msgs/srv/_raw_request.py
[2.780s] -- Up-to-date: /home/alvaro/workspace/ros_ur_driver/install/ur_dashboard_msgs/lib/python3.8/site-packages/ur_dashboard_msgs/srv/_load_s.c
[2.780s] -- Up-to-date: /home/alvaro/workspace/ros_ur_driver/install/ur_dashboard_msgs/lib/python3.8/site-packages/ur_dashboard_msgs/srv/_get_loaded_program.py
[2.780s] -- Up-to-date: /home/alvaro/workspace/ros_ur_driver/install/ur_dashboard_msgs/lib/python3.8/site-packages/ur_dashboard_msgs/srv/_raw_request_s.c
[2.780s] -- Up-to-date: /home/alvaro/workspace/ros_ur_driver/install/ur_dashboard_msgs/lib/python3.8/site-packages/ur_dashboard_msgs/srv/_get_safety_mode.py
[2.780s] -- Up-to-date: /home/alvaro/workspace/ros_ur_driver/install/ur_dashboard_msgs/lib/python3.8/site-packages/ur_dashboard_msgs/srv/_add_to_log.py
[2.780s] -- Up-to-date: /home/alvaro/workspace/ros_ur_driver/install/ur_dashboard_msgs/lib/python3.8/site-packages/ur_dashboard_msgs/srv/__init__.py
[2.780s] -- Up-to-date: /home/alvaro/workspace/ros_ur_driver/install/ur_dashboard_msgs/lib/python3.8/site-packages/ur_dashboard_msgs/action
[2.780s] -- Up-to-date: /home/alvaro/workspace/ros_ur_driver/install/ur_dashboard_msgs/lib/python3.8/site-packages/ur_dashboard_msgs/action/_set_mode.py
[2.781s] -- Up-to-date: /home/alvaro/workspace/ros_ur_driver/install/ur_dashboard_msgs/lib/python3.8/site-packages/ur_dashboard_msgs/action/_set_mode_s.c
[2.781s] -- Up-to-date: /home/alvaro/workspace/ros_ur_driver/install/ur_dashboard_msgs/lib/python3.8/site-packages/ur_dashboard_msgs/action/__init__.py
[2.781s] -- Up-to-date: /home/alvaro/workspace/ros_ur_driver/install/ur_dashboard_msgs/lib/python3.8/site-packages/ur_dashboard_msgs/ur_dashboard_msgs_s__rosidl_typesupport_fastrtps_c.cpython-38-x86_64-linux-gnu.so
[2.782s] -- Up-to-date: /home/alvaro/workspace/ros_ur_driver/install/ur_dashboard_msgs/lib/python3.8/site-packages/ur_dashboard_msgs/ur_dashboard_msgs_s__rosidl_typesupport_introspection_c.cpython-38-x86_64-linux-gnu.so
[2.785s] -- Up-to-date: /home/alvaro/workspace/ros_ur_driver/install/ur_dashboard_msgs/lib/python3.8/site-packages/ur_dashboard_msgs/ur_dashboard_msgs_s__rosidl_typesupport_c.cpython-38-x86_64-linux-gnu.so
[2.786s] -- Up-to-date: /home/alvaro/workspace/ros_ur_driver/install/ur_dashboard_msgs/lib/libur_dashboard_msgs__python.so
[2.786s] -- Up-to-date: /home/alvaro/workspace/ros_ur_driver/install/ur_dashboard_msgs/share/ur_dashboard_msgs/msg/ProgramState.idl
[2.786s] -- Up-to-date: /home/alvaro/workspace/ros_ur_driver/install/ur_dashboard_msgs/share/ur_dashboard_msgs/msg/RobotMode.idl
[2.787s] -- Up-to-date: /home/alvaro/workspace/ros_ur_driver/install/ur_dashboard_msgs/share/ur_dashboard_msgs/msg/SafetyMode.idl
[2.787s] -- Up-to-date: /home/alvaro/workspace/ros_ur_driver/install/ur_dashboard_msgs/share/ur_dashboard_msgs/srv/AddToLog.idl
[2.787s] -- Up-to-date: /home/alvaro/workspace/ros_ur_driver/install/ur_dashboard_msgs/share/ur_dashboard_msgs/srv/GetLoadedProgram.idl
[2.787s] -- Up-to-date: /home/alvaro/workspace/ros_ur_driver/install/ur_dashboard_msgs/share/ur_dashboard_msgs/srv/GetProgramState.idl
[2.787s] -- Up-to-date: /home/alvaro/workspace/ros_ur_driver/install/ur_dashboard_msgs/share/ur_dashboard_msgs/srv/GetRobotMode.idl
[2.788s] -- Up-to-date: /home/alvaro/workspace/ros_ur_driver/install/ur_dashboard_msgs/share/ur_dashboard_msgs/srv/GetSafetyMode.idl
[2.788s] -- Up-to-date: /home/alvaro/workspace/ros_ur_driver/install/ur_dashboard_msgs/share/ur_dashboard_msgs/srv/IsProgramRunning.idl
[2.788s] -- Up-to-date: /home/alvaro/workspace/ros_ur_driver/install/ur_dashboard_msgs/share/ur_dashboard_msgs/srv/IsProgramSaved.idl
[2.788s] -- Up-to-date: /home/alvaro/workspace/ros_ur_driver/install/ur_dashboard_msgs/share/ur_dashboard_msgs/srv/Load.idl
[2.788s] -- Up-to-date: /home/alvaro/workspace/ros_ur_driver/install/ur_dashboard_msgs/share/ur_dashboard_msgs/srv/Popup.idl
[2.788s] -- Up-to-date: /home/alvaro/workspace/ros_ur_driver/install/ur_dashboard_msgs/share/ur_dashboard_msgs/srv/RawRequest.idl
[2.789s] -- Up-to-date: /home/alvaro/workspace/ros_ur_driver/install/ur_dashboard_msgs/share/ur_dashboard_msgs/action/SetMode.idl
[2.789s] -- Up-to-date: /home/alvaro/workspace/ros_ur_driver/install/ur_dashboard_msgs/share/ur_dashboard_msgs/msg/ProgramState.msg
[2.789s] -- Up-to-date: /home/alvaro/workspace/ros_ur_driver/install/ur_dashboard_msgs/share/ur_dashboard_msgs/msg/RobotMode.msg
[2.789s] -- Up-to-date: /home/alvaro/workspace/ros_ur_driver/install/ur_dashboard_msgs/share/ur_dashboard_msgs/msg/SafetyMode.msg
[2.789s] -- Up-to-date: /home/alvaro/workspace/ros_ur_driver/install/ur_dashboard_msgs/share/ur_dashboard_msgs/srv/AddToLog.srv
[2.789s] -- Up-to-date: /home/alvaro/workspace/ros_ur_driver/install/ur_dashboard_msgs/share/ur_dashboard_msgs/srv/AddToLog_Request.msg
[2.790s] -- Up-to-date: /home/alvaro/workspace/ros_ur_driver/install/ur_dashboard_msgs/share/ur_dashboard_msgs/srv/AddToLog_Response.msg
[2.790s] -- Up-to-date: /home/alvaro/workspace/ros_ur_driver/install/ur_dashboard_msgs/share/ur_dashboard_msgs/srv/GetLoadedProgram.srv
[2.790s] -- Up-to-date: /home/alvaro/workspace/ros_ur_driver/install/ur_dashboard_msgs/share/ur_dashboard_msgs/srv/GetLoadedProgram_Request.msg
[2.790s] -- Up-to-date: /home/alvaro/workspace/ros_ur_driver/install/ur_dashboard_msgs/share/ur_dashboard_msgs/srv/GetLoadedProgram_Response.msg
[2.790s] -- Up-to-date: /home/alvaro/workspace/ros_ur_driver/install/ur_dashboard_msgs/share/ur_dashboard_msgs/srv/GetProgramState.srv
[2.790s] -- Up-to-date: /home/alvaro/workspace/ros_ur_driver/install/ur_dashboard_msgs/share/ur_dashboard_msgs/srv/GetProgramState_Request.msg
[2.790s] -- Up-to-date: /home/alvaro/workspace/ros_ur_driver/install/ur_dashboard_msgs/share/ur_dashboard_msgs/srv/GetProgramState_Response.msg
[2.791s] -- Up-to-date: /home/alvaro/workspace/ros_ur_driver/install/ur_dashboard_msgs/share/ur_dashboard_msgs/srv/GetRobotMode.srv
[2.791s] -- Up-to-date: /home/alvaro/workspace/ros_ur_driver/install/ur_dashboard_msgs/share/ur_dashboard_msgs/srv/GetRobotMode_Request.msg
[2.791s] -- Up-to-date: /home/alvaro/workspace/ros_ur_driver/install/ur_dashboard_msgs/share/ur_dashboard_msgs/srv/GetRobotMode_Response.msg
[2.791s] -- Up-to-date: /home/alvaro/workspace/ros_ur_driver/install/ur_dashboard_msgs/share/ur_dashboard_msgs/srv/GetSafetyMode.srv
[2.791s] -- Up-to-date: /home/alvaro/workspace/ros_ur_driver/install/ur_dashboard_msgs/share/ur_dashboard_msgs/srv/GetSafetyMode_Request.msg
[2.791s] -- Up-to-date: /home/alvaro/workspace/ros_ur_driver/install/ur_dashboard_msgs/share/ur_dashboard_msgs/srv/GetSafetyMode_Response.msg
[2.792s] -- Up-to-date: /home/alvaro/workspace/ros_ur_driver/install/ur_dashboard_msgs/share/ur_dashboard_msgs/srv/IsProgramRunning.srv
[2.792s] -- Up-to-date: /home/alvaro/workspace/ros_ur_driver/install/ur_dashboard_msgs/share/ur_dashboard_msgs/srv/IsProgramRunning_Request.msg
[2.792s] -- Up-to-date: /home/alvaro/workspace/ros_ur_driver/install/ur_dashboard_msgs/share/ur_dashboard_msgs/srv/IsProgramRunning_Response.msg
[2.792s] -- Up-to-date: /home/alvaro/workspace/ros_ur_driver/install/ur_dashboard_msgs/share/ur_dashboard_msgs/srv/IsProgramSaved.srv
[2.792s] -- Up-to-date: /home/alvaro/workspace/ros_ur_driver/install/ur_dashboard_msgs/share/ur_dashboard_msgs/srv/IsProgramSaved_Request.msg
[2.792s] -- Up-to-date: /home/alvaro/workspace/ros_ur_driver/install/ur_dashboard_msgs/share/ur_dashboard_msgs/srv/IsProgramSaved_Response.msg
[2.792s] -- Up-to-date: /home/alvaro/workspace/ros_ur_driver/install/ur_dashboard_msgs/share/ur_dashboard_msgs/srv/Load.srv
[2.792s] -- Up-to-date: /home/alvaro/workspace/ros_ur_driver/install/ur_dashboard_msgs/share/ur_dashboard_msgs/srv/Load_Request.msg
[2.793s] -- Up-to-date: /home/alvaro/workspace/ros_ur_driver/install/ur_dashboard_msgs/share/ur_dashboard_msgs/srv/Load_Response.msg
[2.793s] -- Up-to-date: /home/alvaro/workspace/ros_ur_driver/install/ur_dashboard_msgs/share/ur_dashboard_msgs/srv/Popup.srv
[2.793s] -- Up-to-date: /home/alvaro/workspace/ros_ur_driver/install/ur_dashboard_msgs/share/ur_dashboard_msgs/srv/Popup_Request.msg
[2.793s] -- Up-to-date: /home/alvaro/workspace/ros_ur_driver/install/ur_dashboard_msgs/share/ur_dashboard_msgs/srv/Popup_Response.msg
[2.793s] -- Up-to-date: /home/alvaro/workspace/ros_ur_driver/install/ur_dashboard_msgs/share/ur_dashboard_msgs/srv/RawRequest.srv
[2.793s] -- Up-to-date: /home/alvaro/workspace/ros_ur_driver/install/ur_dashboard_msgs/share/ur_dashboard_msgs/srv/RawRequest_Request.msg
[2.793s] -- Up-to-date: /home/alvaro/workspace/ros_ur_driver/install/ur_dashboard_msgs/share/ur_dashboard_msgs/srv/RawRequest_Response.msg
[2.794s] -- Up-to-date: /home/alvaro/workspace/ros_ur_driver/install/ur_dashboard_msgs/share/ur_dashboard_msgs/action/SetMode.action
[2.794s] -- Up-to-date: /home/alvaro/workspace/ros_ur_driver/install/ur_dashboard_msgs/share/ament_index/resource_index/package_run_dependencies/ur_dashboard_msgs
[2.794s] -- Up-to-date: /home/alvaro/workspace/ros_ur_driver/install/ur_dashboard_msgs/share/ament_index/resource_index/parent_prefix_path/ur_dashboard_msgs
[2.794s] -- Up-to-date: /home/alvaro/workspace/ros_ur_driver/install/ur_dashboard_msgs/share/ur_dashboard_msgs/environment/ament_prefix_path.sh
[2.794s] -- Up-to-date: /home/alvaro/workspace/ros_ur_driver/install/ur_dashboard_msgs/share/ur_dashboard_msgs/environment/ament_prefix_path.dsv
[2.794s] -- Up-to-date: /home/alvaro/workspace/ros_ur_driver/install/ur_dashboard_msgs/share/ur_dashboard_msgs/environment/path.sh
[2.794s] -- Up-to-date: /home/alvaro/workspace/ros_ur_driver/install/ur_dashboard_msgs/share/ur_dashboard_msgs/environment/path.dsv
[2.794s] -- Up-to-date: /home/alvaro/workspace/ros_ur_driver/install/ur_dashboard_msgs/share/ur_dashboard_msgs/local_setup.bash
[2.794s] -- Up-to-date: /home/alvaro/workspace/ros_ur_driver/install/ur_dashboard_msgs/share/ur_dashboard_msgs/local_setup.sh
[2.795s] -- Up-to-date: /home/alvaro/workspace/ros_ur_driver/install/ur_dashboard_msgs/share/ur_dashboard_msgs/local_setup.zsh
[2.795s] -- Up-to-date: /home/alvaro/workspace/ros_ur_driver/install/ur_dashboard_msgs/share/ur_dashboard_msgs/local_setup.dsv
[2.795s] -- Installing: /home/alvaro/workspace/ros_ur_driver/install/ur_dashboard_msgs/share/ur_dashboard_msgs/package.dsv
[2.795s] -- Up-to-date: /home/alvaro/workspace/ros_ur_driver/install/ur_dashboard_msgs/share/ament_index/resource_index/packages/ur_dashboard_msgs
[2.795s] -- Up-to-date: /home/alvaro/workspace/ros_ur_driver/install/ur_dashboard_msgs/share/ur_dashboard_msgs/cmake/ur_dashboard_msgs__rosidl_generator_cExport.cmake
[2.795s] -- Up-to-date: /home/alvaro/workspace/ros_ur_driver/install/ur_dashboard_msgs/share/ur_dashboard_msgs/cmake/ur_dashboard_msgs__rosidl_generator_cExport-release.cmake
[2.795s] -- Up-to-date: /home/alvaro/workspace/ros_ur_driver/install/ur_dashboard_msgs/share/ur_dashboard_msgs/cmake/ur_dashboard_msgs__rosidl_typesupport_introspection_cExport.cmake
[2.795s] -- Up-to-date: /home/alvaro/workspace/ros_ur_driver/install/ur_dashboard_msgs/share/ur_dashboard_msgs/cmake/ur_dashboard_msgs__rosidl_typesupport_introspection_cExport-release.cmake
[2.795s] -- Up-to-date: /home/alvaro/workspace/ros_ur_driver/install/ur_dashboard_msgs/share/ur_dashboard_msgs/cmake/ur_dashboard_msgs__rosidl_typesupport_cExport.cmake
[2.796s] -- Up-to-date: /home/alvaro/workspace/ros_ur_driver/install/ur_dashboard_msgs/share/ur_dashboard_msgs/cmake/ur_dashboard_msgs__rosidl_typesupport_cExport-release.cmake
[2.796s] -- Up-to-date: /home/alvaro/workspace/ros_ur_driver/install/ur_dashboard_msgs/share/ur_dashboard_msgs/cmake/ur_dashboard_msgs__rosidl_generator_cppExport.cmake
[2.796s] -- Up-to-date: /home/alvaro/workspace/ros_ur_driver/install/ur_dashboard_msgs/share/ur_dashboard_msgs/cmake/ur_dashboard_msgs__rosidl_typesupport_introspection_cppExport.cmake
[2.796s] -- Up-to-date: /home/alvaro/workspace/ros_ur_driver/install/ur_dashboard_msgs/share/ur_dashboard_msgs/cmake/ur_dashboard_msgs__rosidl_typesupport_introspection_cppExport-release.cmake
[2.796s] -- Up-to-date: /home/alvaro/workspace/ros_ur_driver/install/ur_dashboard_msgs/share/ur_dashboard_msgs/cmake/ur_dashboard_msgs__rosidl_typesupport_cppExport.cmake
[2.796s] -- Up-to-date: /home/alvaro/workspace/ros_ur_driver/install/ur_dashboard_msgs/share/ur_dashboard_msgs/cmake/ur_dashboard_msgs__rosidl_typesupport_cppExport-release.cmake
[2.796s] -- Up-to-date: /home/alvaro/workspace/ros_ur_driver/install/ur_dashboard_msgs/share/ur_dashboard_msgs/cmake/rosidl_cmake-extras.cmake
[2.796s] -- Up-to-date: /home/alvaro/workspace/ros_ur_driver/install/ur_dashboard_msgs/share/ur_dashboard_msgs/cmake/ament_cmake_export_dependencies-extras.cmake
[2.796s] -- Up-to-date: /home/alvaro/workspace/ros_ur_driver/install/ur_dashboard_msgs/share/ur_dashboard_msgs/cmake/ament_cmake_export_libraries-extras.cmake
[2.796s] -- Up-to-date: /home/alvaro/workspace/ros_ur_driver/install/ur_dashboard_msgs/share/ur_dashboard_msgs/cmake/ament_cmake_export_targets-extras.cmake
[2.796s] -- Up-to-date: /home/alvaro/workspace/ros_ur_driver/install/ur_dashboard_msgs/share/ur_dashboard_msgs/cmake/ament_cmake_export_include_directories-extras.cmake
[2.797s] -- Up-to-date: /home/alvaro/workspace/ros_ur_driver/install/ur_dashboard_msgs/share/ur_dashboard_msgs/cmake/rosidl_cmake_export_typesupport_libraries-extras.cmake
[2.797s] -- Up-to-date: /home/alvaro/workspace/ros_ur_driver/install/ur_dashboard_msgs/share/ur_dashboard_msgs/cmake/rosidl_cmake_export_typesupport_targets-extras.cmake
[2.797s] -- Up-to-date: /home/alvaro/workspace/ros_ur_driver/install/ur_dashboard_msgs/share/ur_dashboard_msgs/cmake/ur_dashboard_msgsConfig.cmake
[2.797s] -- Up-to-date: /home/alvaro/workspace/ros_ur_driver/install/ur_dashboard_msgs/share/ur_dashboard_msgs/cmake/ur_dashboard_msgsConfig-version.cmake
[2.797s] -- Up-to-date: /home/alvaro/workspace/ros_ur_driver/install/ur_dashboard_msgs/share/ur_dashboard_msgs/package.xml
[2.799s] Invoked command in '/home/alvaro/workspace/ros_ur_driver/build/ur_dashboard_msgs' returned '0': CMAKE_PREFIX_PATH=${CMAKE_PREFIX_PATH}:/home/alvaro/ros2_ws/install/ros2controlcli:/home/alvaro/ros2_ws/install/ros2_control_test_nodes:/home/alvaro/dev_ws/install/ros2test:/opt/ros/foxy /usr/bin/cmake --install /home/alvaro/workspace/ros_ur_driver/build/ur_dashboard_msgs
