[0.131s] Invoking command in '/home/pedro/workspace/ros_ur_driver/build/ur_moveit_config': AMENT_PREFIX_PATH=/home/pedro/workspace/ros_ur_driver/install/ur_description:${AMENT_PREFIX_PATH} CMAKE_PREFIX_PATH=/home/pedro/workspace/ros_ur_driver/install/ur_description:/home/pedro/tfg_ws/install/tfg_repository:/home/pedro/aerostack2_ws/install/aerostack2:/home/pedro/aerostack2_ws/install/as2_usb_camera_interface:/home/pedro/aerostack2_ws/install/as2_state_estimator:/home/pedro/aerostack2_ws/install/as2_realsense_interface:/home/pedro/aerostack2_ws/install/as2_platform_tello:/home/pedro/aerostack2_ws/install/as2_platform_ign_gazebo:/home/pedro/aerostack2_ws/install/as2_platform_dji_osdk:/home/pedro/aerostack2_ws/install/as2_platform_crazyflie:/home/pedro/aerostack2_ws/install/as2_motion_controller:/home/pedro/aerostack2_ws/install/as2_behaviors_trajectory_generation:/home/pedro/aerostack2_ws/install/as2_behaviors_motion:/home/pedro/aerostack2_ws/install/as2_motion_reference_handlers:/home/pedro/aerostack2_ws/install/as2_ign_gazebo_assets:/home/pedro/aerostack2_ws/install/as2_behaviors_platform:/home/pedro/aerostack2_ws/install/as2_behaviors_perception:/home/pedro/aerostack2_ws/install/as2_behavior_tree:/home/pedro/aerostack2_ws/install/as2_behavior:/home/pedro/aerostack2_ws/install/as2_alphanumeric_viewer:/home/pedro/aerostack2_ws/install/as2_core:/home/pedro/aerostack2_ws/install/as2_msgs:/home/pedro/aerostack2_ws/install/as2_gazebo_classic_assets:/home/pedro/aerostack2_ws/install/as2_cli:/home/pedro/aerostack2_ws/install/as2_keyboard_teleoperation:/home/pedro/aerostack2_ws/install/as2_python_api:/opt/ros/humble /usr/bin/cmake /home/pedro/workspace/ros_ur_driver/src/Universal_Robots_ROS2_Driver/ur_moveit_config -DCMAKE_BUILD_TYPE=Release -DCMAKE_INSTALL_PREFIX=/home/pedro/workspace/ros_ur_driver/install/ur_moveit_config
[0.189s] -- The C compiler identification is GNU 11.4.0
[0.250s] -- The CXX compiler identification is GNU 11.4.0
[0.258s] -- Detecting C compiler ABI info
[0.338s] -- Detecting C compiler ABI info - done
[0.353s] -- Check for working C compiler: /usr/bin/cc - skipped
[0.354s] -- Detecting C compile features
[0.354s] -- Detecting C compile features - done
[0.359s] -- Detecting CXX compiler ABI info
[0.432s] -- Detecting CXX compiler ABI info - done
[0.446s] -- Check for working CXX compiler: /usr/bin/c++ - skipped
[0.447s] -- Detecting CXX compile features
[0.448s] -- Detecting CXX compile features - done
[0.453s] -- Found ament_cmake: 1.3.5 (/opt/ros/humble/share/ament_cmake/cmake)
[0.635s] -- Found Python3: /usr/bin/python3.10 (found version "3.10.12") found components: Interpreter 
[0.912s] -- Configuring done
[0.915s] -- Generating done
[0.916s] -- Build files have been written to: /home/pedro/workspace/ros_ur_driver/build/ur_moveit_config
[0.921s] Invoked command in '/home/pedro/workspace/ros_ur_driver/build/ur_moveit_config' returned '0': AMENT_PREFIX_PATH=/home/pedro/workspace/ros_ur_driver/install/ur_description:${AMENT_PREFIX_PATH} CMAKE_PREFIX_PATH=/home/pedro/workspace/ros_ur_driver/install/ur_description:/home/pedro/tfg_ws/install/tfg_repository:/home/pedro/aerostack2_ws/install/aerostack2:/home/pedro/aerostack2_ws/install/as2_usb_camera_interface:/home/pedro/aerostack2_ws/install/as2_state_estimator:/home/pedro/aerostack2_ws/install/as2_realsense_interface:/home/pedro/aerostack2_ws/install/as2_platform_tello:/home/pedro/aerostack2_ws/install/as2_platform_ign_gazebo:/home/pedro/aerostack2_ws/install/as2_platform_dji_osdk:/home/pedro/aerostack2_ws/install/as2_platform_crazyflie:/home/pedro/aerostack2_ws/install/as2_motion_controller:/home/pedro/aerostack2_ws/install/as2_behaviors_trajectory_generation:/home/pedro/aerostack2_ws/install/as2_behaviors_motion:/home/pedro/aerostack2_ws/install/as2_motion_reference_handlers:/home/pedro/aerostack2_ws/install/as2_ign_gazebo_assets:/home/pedro/aerostack2_ws/install/as2_behaviors_platform:/home/pedro/aerostack2_ws/install/as2_behaviors_perception:/home/pedro/aerostack2_ws/install/as2_behavior_tree:/home/pedro/aerostack2_ws/install/as2_behavior:/home/pedro/aerostack2_ws/install/as2_alphanumeric_viewer:/home/pedro/aerostack2_ws/install/as2_core:/home/pedro/aerostack2_ws/install/as2_msgs:/home/pedro/aerostack2_ws/install/as2_gazebo_classic_assets:/home/pedro/aerostack2_ws/install/as2_cli:/home/pedro/aerostack2_ws/install/as2_keyboard_teleoperation:/home/pedro/aerostack2_ws/install/as2_python_api:/opt/ros/humble /usr/bin/cmake /home/pedro/workspace/ros_ur_driver/src/Universal_Robots_ROS2_Driver/ur_moveit_config -DCMAKE_BUILD_TYPE=Release -DCMAKE_INSTALL_PREFIX=/home/pedro/workspace/ros_ur_driver/install/ur_moveit_config
[0.923s] Invoking command in '/home/pedro/workspace/ros_ur_driver/build/ur_moveit_config': AMENT_PREFIX_PATH=/home/pedro/workspace/ros_ur_driver/install/ur_description:${AMENT_PREFIX_PATH} CMAKE_PREFIX_PATH=/home/pedro/workspace/ros_ur_driver/install/ur_description:/home/pedro/tfg_ws/install/tfg_repository:/home/pedro/aerostack2_ws/install/aerostack2:/home/pedro/aerostack2_ws/install/as2_usb_camera_interface:/home/pedro/aerostack2_ws/install/as2_state_estimator:/home/pedro/aerostack2_ws/install/as2_realsense_interface:/home/pedro/aerostack2_ws/install/as2_platform_tello:/home/pedro/aerostack2_ws/install/as2_platform_ign_gazebo:/home/pedro/aerostack2_ws/install/as2_platform_dji_osdk:/home/pedro/aerostack2_ws/install/as2_platform_crazyflie:/home/pedro/aerostack2_ws/install/as2_motion_controller:/home/pedro/aerostack2_ws/install/as2_behaviors_trajectory_generation:/home/pedro/aerostack2_ws/install/as2_behaviors_motion:/home/pedro/aerostack2_ws/install/as2_motion_reference_handlers:/home/pedro/aerostack2_ws/install/as2_ign_gazebo_assets:/home/pedro/aerostack2_ws/install/as2_behaviors_platform:/home/pedro/aerostack2_ws/install/as2_behaviors_perception:/home/pedro/aerostack2_ws/install/as2_behavior_tree:/home/pedro/aerostack2_ws/install/as2_behavior:/home/pedro/aerostack2_ws/install/as2_alphanumeric_viewer:/home/pedro/aerostack2_ws/install/as2_core:/home/pedro/aerostack2_ws/install/as2_msgs:/home/pedro/aerostack2_ws/install/as2_gazebo_classic_assets:/home/pedro/aerostack2_ws/install/as2_cli:/home/pedro/aerostack2_ws/install/as2_keyboard_teleoperation:/home/pedro/aerostack2_ws/install/as2_python_api:/opt/ros/humble /usr/bin/cmake --build /home/pedro/workspace/ros_ur_driver/build/ur_moveit_config -- -j12 -l12
[0.974s] Built target ament_cmake_python_copy_ur_moveit_config
[1.215s] running egg_info
[1.216s] creating ur_moveit_config.egg-info
[1.216s] writing ur_moveit_config.egg-info/PKG-INFO
[1.216s] writing dependency_links to ur_moveit_config.egg-info/dependency_links.txt
[1.216s] writing top-level names to ur_moveit_config.egg-info/top_level.txt
[1.216s] writing manifest file 'ur_moveit_config.egg-info/SOURCES.txt'
[1.218s] reading manifest file 'ur_moveit_config.egg-info/SOURCES.txt'
[1.219s] writing manifest file 'ur_moveit_config.egg-info/SOURCES.txt'
[1.241s] Built target ament_cmake_python_build_ur_moveit_config_egg
[1.251s] Invoked command in '/home/pedro/workspace/ros_ur_driver/build/ur_moveit_config' returned '0': AMENT_PREFIX_PATH=/home/pedro/workspace/ros_ur_driver/install/ur_description:${AMENT_PREFIX_PATH} CMAKE_PREFIX_PATH=/home/pedro/workspace/ros_ur_driver/install/ur_description:/home/pedro/tfg_ws/install/tfg_repository:/home/pedro/aerostack2_ws/install/aerostack2:/home/pedro/aerostack2_ws/install/as2_usb_camera_interface:/home/pedro/aerostack2_ws/install/as2_state_estimator:/home/pedro/aerostack2_ws/install/as2_realsense_interface:/home/pedro/aerostack2_ws/install/as2_platform_tello:/home/pedro/aerostack2_ws/install/as2_platform_ign_gazebo:/home/pedro/aerostack2_ws/install/as2_platform_dji_osdk:/home/pedro/aerostack2_ws/install/as2_platform_crazyflie:/home/pedro/aerostack2_ws/install/as2_motion_controller:/home/pedro/aerostack2_ws/install/as2_behaviors_trajectory_generation:/home/pedro/aerostack2_ws/install/as2_behaviors_motion:/home/pedro/aerostack2_ws/install/as2_motion_reference_handlers:/home/pedro/aerostack2_ws/install/as2_ign_gazebo_assets:/home/pedro/aerostack2_ws/install/as2_behaviors_platform:/home/pedro/aerostack2_ws/install/as2_behaviors_perception:/home/pedro/aerostack2_ws/install/as2_behavior_tree:/home/pedro/aerostack2_ws/install/as2_behavior:/home/pedro/aerostack2_ws/install/as2_alphanumeric_viewer:/home/pedro/aerostack2_ws/install/as2_core:/home/pedro/aerostack2_ws/install/as2_msgs:/home/pedro/aerostack2_ws/install/as2_gazebo_classic_assets:/home/pedro/aerostack2_ws/install/as2_cli:/home/pedro/aerostack2_ws/install/as2_keyboard_teleoperation:/home/pedro/aerostack2_ws/install/as2_python_api:/opt/ros/humble /usr/bin/cmake --build /home/pedro/workspace/ros_ur_driver/build/ur_moveit_config -- -j12 -l12
[1.274s] Invoking command in '/home/pedro/workspace/ros_ur_driver/build/ur_moveit_config': AMENT_PREFIX_PATH=/home/pedro/workspace/ros_ur_driver/install/ur_description:${AMENT_PREFIX_PATH} CMAKE_PREFIX_PATH=/home/pedro/workspace/ros_ur_driver/install/ur_description:/home/pedro/tfg_ws/install/tfg_repository:/home/pedro/aerostack2_ws/install/aerostack2:/home/pedro/aerostack2_ws/install/as2_usb_camera_interface:/home/pedro/aerostack2_ws/install/as2_state_estimator:/home/pedro/aerostack2_ws/install/as2_realsense_interface:/home/pedro/aerostack2_ws/install/as2_platform_tello:/home/pedro/aerostack2_ws/install/as2_platform_ign_gazebo:/home/pedro/aerostack2_ws/install/as2_platform_dji_osdk:/home/pedro/aerostack2_ws/install/as2_platform_crazyflie:/home/pedro/aerostack2_ws/install/as2_motion_controller:/home/pedro/aerostack2_ws/install/as2_behaviors_trajectory_generation:/home/pedro/aerostack2_ws/install/as2_behaviors_motion:/home/pedro/aerostack2_ws/install/as2_motion_reference_handlers:/home/pedro/aerostack2_ws/install/as2_ign_gazebo_assets:/home/pedro/aerostack2_ws/install/as2_behaviors_platform:/home/pedro/aerostack2_ws/install/as2_behaviors_perception:/home/pedro/aerostack2_ws/install/as2_behavior_tree:/home/pedro/aerostack2_ws/install/as2_behavior:/home/pedro/aerostack2_ws/install/as2_alphanumeric_viewer:/home/pedro/aerostack2_ws/install/as2_core:/home/pedro/aerostack2_ws/install/as2_msgs:/home/pedro/aerostack2_ws/install/as2_gazebo_classic_assets:/home/pedro/aerostack2_ws/install/as2_cli:/home/pedro/aerostack2_ws/install/as2_keyboard_teleoperation:/home/pedro/aerostack2_ws/install/as2_python_api:/opt/ros/humble /usr/bin/cmake --install /home/pedro/workspace/ros_ur_driver/build/ur_moveit_config
[1.281s] -- Install configuration: "Release"
[1.281s] -- Installing: /home/pedro/workspace/ros_ur_driver/install/ur_moveit_config/share/ur_moveit_config/config
[1.282s] -- Installing: /home/pedro/workspace/ros_ur_driver/install/ur_moveit_config/share/ur_moveit_config/config/ur_servo.yaml
[1.282s] -- Installing: /home/pedro/workspace/ros_ur_driver/install/ur_moveit_config/share/ur_moveit_config/config/kinematics.yaml
[1.282s] -- Installing: /home/pedro/workspace/ros_ur_driver/install/ur_moveit_config/share/ur_moveit_config/config/ompl_planning.yaml
[1.282s] -- Installing: /home/pedro/workspace/ros_ur_driver/install/ur_moveit_config/share/ur_moveit_config/config/controllers.yaml
[1.282s] -- Installing: /home/pedro/workspace/ros_ur_driver/install/ur_moveit_config/share/ur_moveit_config/launch
[1.282s] -- Installing: /home/pedro/workspace/ros_ur_driver/install/ur_moveit_config/share/ur_moveit_config/launch/ur_moveit.launch.py
[1.283s] -- Installing: /home/pedro/workspace/ros_ur_driver/install/ur_moveit_config/share/ur_moveit_config/rviz
[1.283s] -- Installing: /home/pedro/workspace/ros_ur_driver/install/ur_moveit_config/share/ur_moveit_config/rviz/view_robot.rviz
[1.283s] -- Installing: /home/pedro/workspace/ros_ur_driver/install/ur_moveit_config/share/ur_moveit_config/srdf
[1.283s] -- Installing: /home/pedro/workspace/ros_ur_driver/install/ur_moveit_config/share/ur_moveit_config/srdf/ur.srdf.xacro
[1.283s] -- Installing: /home/pedro/workspace/ros_ur_driver/install/ur_moveit_config/share/ur_moveit_config/srdf/ur_macro.srdf.xacro
[1.283s] -- Installing: /home/pedro/workspace/ros_ur_driver/install/ur_moveit_config/share/ur_moveit_config/environment/pythonpath.sh
[1.284s] -- Installing: /home/pedro/workspace/ros_ur_driver/install/ur_moveit_config/share/ur_moveit_config/environment/pythonpath.dsv
[1.284s] -- Installing: /home/pedro/workspace/ros_ur_driver/install/ur_moveit_config/local/lib/python3.10/dist-packages/ur_moveit_config-2.2.9-py3.10.egg-info
[1.284s] -- Installing: /home/pedro/workspace/ros_ur_driver/install/ur_moveit_config/local/lib/python3.10/dist-packages/ur_moveit_config-2.2.9-py3.10.egg-info/PKG-INFO
[1.284s] -- Installing: /home/pedro/workspace/ros_ur_driver/install/ur_moveit_config/local/lib/python3.10/dist-packages/ur_moveit_config-2.2.9-py3.10.egg-info/top_level.txt
[1.284s] -- Installing: /home/pedro/workspace/ros_ur_driver/install/ur_moveit_config/local/lib/python3.10/dist-packages/ur_moveit_config-2.2.9-py3.10.egg-info/dependency_links.txt
[1.284s] -- Installing: /home/pedro/workspace/ros_ur_driver/install/ur_moveit_config/local/lib/python3.10/dist-packages/ur_moveit_config-2.2.9-py3.10.egg-info/SOURCES.txt
[1.285s] -- Installing: /home/pedro/workspace/ros_ur_driver/install/ur_moveit_config/local/lib/python3.10/dist-packages/ur_moveit_config
[1.285s] -- Installing: /home/pedro/workspace/ros_ur_driver/install/ur_moveit_config/local/lib/python3.10/dist-packages/ur_moveit_config/launch_common.py
[1.285s] -- Installing: /home/pedro/workspace/ros_ur_driver/install/ur_moveit_config/local/lib/python3.10/dist-packages/ur_moveit_config/__init__.py
[1.317s] Listing '/home/pedro/workspace/ros_ur_driver/install/ur_moveit_config/local/lib/python3.10/dist-packages/ur_moveit_config'...
[1.317s] Compiling '/home/pedro/workspace/ros_ur_driver/install/ur_moveit_config/local/lib/python3.10/dist-packages/ur_moveit_config/__init__.py'...
[1.318s] Compiling '/home/pedro/workspace/ros_ur_driver/install/ur_moveit_config/local/lib/python3.10/dist-packages/ur_moveit_config/launch_common.py'...
[1.321s] -- Installing: /home/pedro/workspace/ros_ur_driver/install/ur_moveit_config/local/lib/python3.10/dist-packages/launch_common.py
[1.357s] Compiling '/home/pedro/workspace/ros_ur_driver/install/ur_moveit_config/local/lib/python3.10/dist-packages/launch_common.py'...
[1.365s] -- Installing: /home/pedro/workspace/ros_ur_driver/install/ur_moveit_config/share/ament_index/resource_index/package_run_dependencies/ur_moveit_config
[1.366s] -- Installing: /home/pedro/workspace/ros_ur_driver/install/ur_moveit_config/share/ament_index/resource_index/parent_prefix_path/ur_moveit_config
[1.366s] -- Installing: /home/pedro/workspace/ros_ur_driver/install/ur_moveit_config/share/ur_moveit_config/environment/ament_prefix_path.sh
[1.366s] -- Installing: /home/pedro/workspace/ros_ur_driver/install/ur_moveit_config/share/ur_moveit_config/environment/ament_prefix_path.dsv
[1.366s] -- Installing: /home/pedro/workspace/ros_ur_driver/install/ur_moveit_config/share/ur_moveit_config/environment/path.sh
[1.367s] -- Installing: /home/pedro/workspace/ros_ur_driver/install/ur_moveit_config/share/ur_moveit_config/environment/path.dsv
[1.367s] -- Installing: /home/pedro/workspace/ros_ur_driver/install/ur_moveit_config/share/ur_moveit_config/local_setup.bash
[1.368s] -- Installing: /home/pedro/workspace/ros_ur_driver/install/ur_moveit_config/share/ur_moveit_config/local_setup.sh
[1.368s] -- Installing: /home/pedro/workspace/ros_ur_driver/install/ur_moveit_config/share/ur_moveit_config/local_setup.zsh
[1.369s] -- Installing: /home/pedro/workspace/ros_ur_driver/install/ur_moveit_config/share/ur_moveit_config/local_setup.dsv
[1.369s] -- Installing: /home/pedro/workspace/ros_ur_driver/install/ur_moveit_config/share/ur_moveit_config/package.dsv
[1.370s] -- Installing: /home/pedro/workspace/ros_ur_driver/install/ur_moveit_config/share/ament_index/resource_index/packages/ur_moveit_config
[1.370s] -- Installing: /home/pedro/workspace/ros_ur_driver/install/ur_moveit_config/share/ur_moveit_config/cmake/ur_moveit_configConfig.cmake
[1.371s] -- Installing: /home/pedro/workspace/ros_ur_driver/install/ur_moveit_config/share/ur_moveit_config/cmake/ur_moveit_configConfig-version.cmake
[1.371s] -- Installing: /home/pedro/workspace/ros_ur_driver/install/ur_moveit_config/share/ur_moveit_config/package.xml
[1.377s] Invoked command in '/home/pedro/workspace/ros_ur_driver/build/ur_moveit_config' returned '0': AMENT_PREFIX_PATH=/home/pedro/workspace/ros_ur_driver/install/ur_description:${AMENT_PREFIX_PATH} CMAKE_PREFIX_PATH=/home/pedro/workspace/ros_ur_driver/install/ur_description:/home/pedro/tfg_ws/install/tfg_repository:/home/pedro/aerostack2_ws/install/aerostack2:/home/pedro/aerostack2_ws/install/as2_usb_camera_interface:/home/pedro/aerostack2_ws/install/as2_state_estimator:/home/pedro/aerostack2_ws/install/as2_realsense_interface:/home/pedro/aerostack2_ws/install/as2_platform_tello:/home/pedro/aerostack2_ws/install/as2_platform_ign_gazebo:/home/pedro/aerostack2_ws/install/as2_platform_dji_osdk:/home/pedro/aerostack2_ws/install/as2_platform_crazyflie:/home/pedro/aerostack2_ws/install/as2_motion_controller:/home/pedro/aerostack2_ws/install/as2_behaviors_trajectory_generation:/home/pedro/aerostack2_ws/install/as2_behaviors_motion:/home/pedro/aerostack2_ws/install/as2_motion_reference_handlers:/home/pedro/aerostack2_ws/install/as2_ign_gazebo_assets:/home/pedro/aerostack2_ws/install/as2_behaviors_platform:/home/pedro/aerostack2_ws/install/as2_behaviors_perception:/home/pedro/aerostack2_ws/install/as2_behavior_tree:/home/pedro/aerostack2_ws/install/as2_behavior:/home/pedro/aerostack2_ws/install/as2_alphanumeric_viewer:/home/pedro/aerostack2_ws/install/as2_core:/home/pedro/aerostack2_ws/install/as2_msgs:/home/pedro/aerostack2_ws/install/as2_gazebo_classic_assets:/home/pedro/aerostack2_ws/install/as2_cli:/home/pedro/aerostack2_ws/install/as2_keyboard_teleoperation:/home/pedro/aerostack2_ws/install/as2_python_api:/opt/ros/humble /usr/bin/cmake --install /home/pedro/workspace/ros_ur_driver/build/ur_moveit_config
