[0.121s] Invoking command in '/home/adela/workspace/ros_ur_driver/build/ur_moveit_config': CMAKE_PREFIX_PATH=/home/adela/workspace/ros_ur_driver/install/ur_description:/home/adela/workspace/ros_ur_driver/install/ur:/home/adela/workspace/ros_ur_driver/install/ur_calibration:/home/adela/workspace/ros_ur_driver/install/ur_robot_driver:/home/adela/workspace/ros_ur_driver/install/ur_moveit_config:/home/adela/workspace/ros_ur_driver/install/ur_bringup:/home/adela/workspace/ros_ur_driver/install/ur_controllers:/home/adela/workspace/ros_ur_driver/install/ur_dashboard_msgs:/opt/ros/humble /usr/bin/cmake --build /home/adela/workspace/ros_ur_driver/build/ur_moveit_config -- -j2 -l2
[0.206s] Built target ament_cmake_python_copy_ur_moveit_config
[0.463s] running egg_info
[0.464s] writing ur_moveit_config.egg-info/PKG-INFO
[0.465s] writing dependency_links to ur_moveit_config.egg-info/dependency_links.txt
[0.465s] writing top-level names to ur_moveit_config.egg-info/top_level.txt
[0.471s] reading manifest file 'ur_moveit_config.egg-info/SOURCES.txt'
[0.472s] writing manifest file 'ur_moveit_config.egg-info/SOURCES.txt'
[0.518s] Built target ament_cmake_python_build_ur_moveit_config_egg
[0.529s] Invoked command in '/home/adela/workspace/ros_ur_driver/build/ur_moveit_config' returned '0': CMAKE_PREFIX_PATH=/home/adela/workspace/ros_ur_driver/install/ur_description:/home/adela/workspace/ros_ur_driver/install/ur:/home/adela/workspace/ros_ur_driver/install/ur_calibration:/home/adela/workspace/ros_ur_driver/install/ur_robot_driver:/home/adela/workspace/ros_ur_driver/install/ur_moveit_config:/home/adela/workspace/ros_ur_driver/install/ur_bringup:/home/adela/workspace/ros_ur_driver/install/ur_controllers:/home/adela/workspace/ros_ur_driver/install/ur_dashboard_msgs:/opt/ros/humble /usr/bin/cmake --build /home/adela/workspace/ros_ur_driver/build/ur_moveit_config -- -j2 -l2
[0.552s] Invoking command in '/home/adela/workspace/ros_ur_driver/build/ur_moveit_config': CMAKE_PREFIX_PATH=/home/adela/workspace/ros_ur_driver/install/ur_description:/home/adela/workspace/ros_ur_driver/install/ur:/home/adela/workspace/ros_ur_driver/install/ur_calibration:/home/adela/workspace/ros_ur_driver/install/ur_robot_driver:/home/adela/workspace/ros_ur_driver/install/ur_moveit_config:/home/adela/workspace/ros_ur_driver/install/ur_bringup:/home/adela/workspace/ros_ur_driver/install/ur_controllers:/home/adela/workspace/ros_ur_driver/install/ur_dashboard_msgs:/opt/ros/humble /usr/bin/cmake --install /home/adela/workspace/ros_ur_driver/build/ur_moveit_config
[0.559s] -- Install configuration: ""
[0.559s] -- Up-to-date: /home/adela/workspace/ros_ur_driver/install/ur_moveit_config/share/ur_moveit_config/config
[0.560s] -- Up-to-date: /home/adela/workspace/ros_ur_driver/install/ur_moveit_config/share/ur_moveit_config/config/kinematics.yaml
[0.560s] -- Up-to-date: /home/adela/workspace/ros_ur_driver/install/ur_moveit_config/share/ur_moveit_config/config/ompl_planning.yaml
[0.560s] -- Up-to-date: /home/adela/workspace/ros_ur_driver/install/ur_moveit_config/share/ur_moveit_config/config/controllers.yaml
[0.560s] -- Up-to-date: /home/adela/workspace/ros_ur_driver/install/ur_moveit_config/share/ur_moveit_config/config/ur_servo.yaml
[0.560s] -- Up-to-date: /home/adela/workspace/ros_ur_driver/install/ur_moveit_config/share/ur_moveit_config/launch
[0.560s] -- Up-to-date: /home/adela/workspace/ros_ur_driver/install/ur_moveit_config/share/ur_moveit_config/launch/ur_moveit.launch.py
[0.560s] -- Up-to-date: /home/adela/workspace/ros_ur_driver/install/ur_moveit_config/share/ur_moveit_config/rviz
[0.560s] -- Up-to-date: /home/adela/workspace/ros_ur_driver/install/ur_moveit_config/share/ur_moveit_config/rviz/view_robot.rviz
[0.560s] -- Up-to-date: /home/adela/workspace/ros_ur_driver/install/ur_moveit_config/share/ur_moveit_config/srdf
[0.560s] -- Up-to-date: /home/adela/workspace/ros_ur_driver/install/ur_moveit_config/share/ur_moveit_config/srdf/ur_macro.srdf.xacro
[0.561s] -- Up-to-date: /home/adela/workspace/ros_ur_driver/install/ur_moveit_config/share/ur_moveit_config/srdf/ur.srdf.xacro
[0.561s] -- Up-to-date: /home/adela/workspace/ros_ur_driver/install/ur_moveit_config/share/ur_moveit_config/environment/pythonpath.sh
[0.561s] -- Up-to-date: /home/adela/workspace/ros_ur_driver/install/ur_moveit_config/share/ur_moveit_config/environment/pythonpath.dsv
[0.561s] -- Up-to-date: /home/adela/workspace/ros_ur_driver/install/ur_moveit_config/local/lib/python3.10/dist-packages/ur_moveit_config-2.2.9-py3.10.egg-info
[0.561s] -- Installing: /home/adela/workspace/ros_ur_driver/install/ur_moveit_config/local/lib/python3.10/dist-packages/ur_moveit_config-2.2.9-py3.10.egg-info/dependency_links.txt
[0.561s] -- Installing: /home/adela/workspace/ros_ur_driver/install/ur_moveit_config/local/lib/python3.10/dist-packages/ur_moveit_config-2.2.9-py3.10.egg-info/PKG-INFO
[0.561s] -- Installing: /home/adela/workspace/ros_ur_driver/install/ur_moveit_config/local/lib/python3.10/dist-packages/ur_moveit_config-2.2.9-py3.10.egg-info/top_level.txt
[0.561s] -- Installing: /home/adela/workspace/ros_ur_driver/install/ur_moveit_config/local/lib/python3.10/dist-packages/ur_moveit_config-2.2.9-py3.10.egg-info/SOURCES.txt
[0.561s] -- Up-to-date: /home/adela/workspace/ros_ur_driver/install/ur_moveit_config/local/lib/python3.10/dist-packages/ur_moveit_config
[0.562s] -- Up-to-date: /home/adela/workspace/ros_ur_driver/install/ur_moveit_config/local/lib/python3.10/dist-packages/ur_moveit_config/__init__.py
[0.562s] -- Up-to-date: /home/adela/workspace/ros_ur_driver/install/ur_moveit_config/local/lib/python3.10/dist-packages/ur_moveit_config/launch_common.py
[0.625s] Listing '/home/adela/workspace/ros_ur_driver/install/ur_moveit_config/local/lib/python3.10/dist-packages/ur_moveit_config'...
[0.626s] -- Up-to-date: /home/adela/workspace/ros_ur_driver/install/ur_moveit_config/local/lib/python3.10/dist-packages/launch_common.py
[0.669s] -- Up-to-date: /home/adela/workspace/ros_ur_driver/install/ur_moveit_config/share/ament_index/resource_index/package_run_dependencies/ur_moveit_config
[0.670s] -- Up-to-date: /home/adela/workspace/ros_ur_driver/install/ur_moveit_config/share/ament_index/resource_index/parent_prefix_path/ur_moveit_config
[0.670s] -- Up-to-date: /home/adela/workspace/ros_ur_driver/install/ur_moveit_config/share/ur_moveit_config/environment/ament_prefix_path.sh
[0.670s] -- Up-to-date: /home/adela/workspace/ros_ur_driver/install/ur_moveit_config/share/ur_moveit_config/environment/ament_prefix_path.dsv
[0.670s] -- Up-to-date: /home/adela/workspace/ros_ur_driver/install/ur_moveit_config/share/ur_moveit_config/environment/path.sh
[0.670s] -- Up-to-date: /home/adela/workspace/ros_ur_driver/install/ur_moveit_config/share/ur_moveit_config/environment/path.dsv
[0.670s] -- Up-to-date: /home/adela/workspace/ros_ur_driver/install/ur_moveit_config/share/ur_moveit_config/local_setup.bash
[0.670s] -- Up-to-date: /home/adela/workspace/ros_ur_driver/install/ur_moveit_config/share/ur_moveit_config/local_setup.sh
[0.670s] -- Up-to-date: /home/adela/workspace/ros_ur_driver/install/ur_moveit_config/share/ur_moveit_config/local_setup.zsh
[0.670s] -- Up-to-date: /home/adela/workspace/ros_ur_driver/install/ur_moveit_config/share/ur_moveit_config/local_setup.dsv
[0.670s] -- Installing: /home/adela/workspace/ros_ur_driver/install/ur_moveit_config/share/ur_moveit_config/package.dsv
[0.670s] -- Up-to-date: /home/adela/workspace/ros_ur_driver/install/ur_moveit_config/share/ament_index/resource_index/packages/ur_moveit_config
[0.670s] -- Up-to-date: /home/adela/workspace/ros_ur_driver/install/ur_moveit_config/share/ur_moveit_config/cmake/ur_moveit_configConfig.cmake
[0.670s] -- Up-to-date: /home/adela/workspace/ros_ur_driver/install/ur_moveit_config/share/ur_moveit_config/cmake/ur_moveit_configConfig-version.cmake
[0.671s] -- Up-to-date: /home/adela/workspace/ros_ur_driver/install/ur_moveit_config/share/ur_moveit_config/package.xml
[0.720s] Invoked command in '/home/adela/workspace/ros_ur_driver/build/ur_moveit_config' returned '0': CMAKE_PREFIX_PATH=/home/adela/workspace/ros_ur_driver/install/ur_description:/home/adela/workspace/ros_ur_driver/install/ur:/home/adela/workspace/ros_ur_driver/install/ur_calibration:/home/adela/workspace/ros_ur_driver/install/ur_robot_driver:/home/adela/workspace/ros_ur_driver/install/ur_moveit_config:/home/adela/workspace/ros_ur_driver/install/ur_bringup:/home/adela/workspace/ros_ur_driver/install/ur_controllers:/home/adela/workspace/ros_ur_driver/install/ur_dashboard_msgs:/opt/ros/humble /usr/bin/cmake --install /home/adela/workspace/ros_ur_driver/build/ur_moveit_config
